{
    "items": [
        {
            "tags": [
                "scrapy",
                "scrapyd"
            ],
            "owner": {
                "reputation": 55,
                "user_id": 7032282,
                "user_type": "registered",
                "profile_image": "https://www.gravatar.com/avatar/54f50624c893e3ef0b907345d4401a48?s=128&d=identicon&r=PG",
                "display_name": "Slug",
                "link": "https://stackoverflow.com/users/7032282/slug"
            },
            "is_answered": false,
            "view_count": 189,
            "answer_count": 1,
            "score": 1,
            "last_activity_date": 1526455581,
            "creation_date": 1479771315,
            "last_edit_date": 1479826557,
            "question_id": 40731399,
            "body_markdown": "   when trying to execute this command:\r\n\r\n    scrapyd-deploy test -p project=myProject\r\n\r\nI get the following error:\r\n\r\n \r\n\r\n    Traceback (most recent call last):\r\n          File &quot;/usr/bin/scrapyd-deploy&quot;, line 269, in &lt;module&gt;\r\n            main()\r\n          File &quot;/usr/bin/scrapyd-deploy&quot;, line 95, in main\r\n            egg, tmpdir = _build_egg()\r\n          File &quot;/usr/bin/scrapyd-deploy&quot;, line 236, in _build_egg\r\n            retry_on_eintr(check_call, [sys.executable, &#39;setup.py&#39;, &#39;clean&#39;, &#39;-a&#39;, &#39;bdist_egg&#39;, &#39;-d&#39;, d], stdout=o, stderr=e)\r\n          File &quot;/usr/local/lib/python2.7/dist-packages/scrapy/utils/python.py&quot;, line 331, in retry_on_eintr\r\n            return function(*args, **kw)\r\n          File &quot;/usr/lib/python2.7/subprocess.py&quot;, line 540, in check_call\r\n            raise CalledProcessError(retcode, cmd)\r\n        subprocess.CalledProcessError: Command &#39;[&#39;/usr/bin/python&#39;, &#39;setup.py&#39;, &#39;clean&#39;, &#39;-a&#39;, &#39;bdist_egg&#39;, &#39;-d&#39;, &#39;/tmp/scrapydeploy-wV3h4k&#39;]&#39; returned non-zero exit status 1\r\n\r\nI have installed scrapyd-deploy and scrapyd-client, as well as setuptools and scrapyd of course.\r\n\r\nThis command:\r\n python setup.py clean -a bdist_egg\r\n\r\nproduces the output:\r\n\r\n    running clean\r\n    removing &#39;build/lib.linux-x86_64-2.7&#39; (and everything under it)\r\n    removing &#39;build/bdist.linux-x86_64&#39; (and everything under it)\r\n    &#39;build/scripts-2.7&#39; does not exist -- can&#39;t clean it\r\n    removing &#39;build&#39;\r\n    running bdist_egg\r\n    running egg_info\r\n    writing NOAA.egg-info/PKG-INFO\r\n    writing top-level names to NOAA.egg-info/top_level.txt\r\n    writing dependency_links to NOAA.egg-info/dependency_links.txt\r\n    writing entry points to NOAA.egg-info/entry_points.txt\r\n    reading manifest file &#39;NOAA.egg-info/SOURCES.txt&#39;\r\n    writing manifest file &#39;NOAA.egg-info/SOURCES.txt&#39;\r\n    installing library code to build/bdist.linux-x86_64/egg\r\n    running install_lib\r\n    running build_py\r\n    creating build\r\n    creating build/lib.linux-x86_64-2.7\r\n    creating build/lib.linux-x86_64-2.7/NOAA\r\n    copying NOAA/pipelines.py -&gt; build/lib.linux-x86_64-2.7/NOAA\r\n    copying NOAA/__init__.py -&gt; build/lib.linux-x86_64-2.7/NOAA\r\n    copying NOAA/noaa-template.py -&gt; build/lib.linux-x86_64-2.7/NOAA\r\n    copying NOAA/noaa-original.py -&gt; build/lib.linux-x86_64-2.7/NOAA\r\n    copying NOAA/settings-template.py -&gt; build/lib.linux-x86_64-2.7/NOAA\r\n    copying NOAA/tika-python.py -&gt; build/lib.linux-x86_64-2.7/NOAA\r\n    copying NOAA/settings.py -&gt; build/lib.linux-x86_64-2.7/NOAA\r\n    copying NOAA/mysqldb.py -&gt; build/lib.linux-x86_64-2.7/NOAA\r\n    copying NOAA/noaa.py -&gt; build/lib.linux-x86_64-2.7/NOAA\r\n    copying NOAA/items.py -&gt; build/lib.linux-x86_64-2.7/NOAA\r\n    creating build/lib.linux-x86_64-2.7/NOAA/spiders\r\n    copying NOAA/spiders/spider1.py -&gt; build/lib.linux-x86_64-2.7/NOAA/spiders\r\n    copying NOAA/spiders/spider2.py -&gt; build/lib.linux-x86_64-2.7/NOAA/spiders\r\n    (output omitted... There are a lot of spiders)\r\n    \r\n    creating build/bdist.linux-x86_64\r\n    creating build/bdist.linux-x86_64/egg\r\n    creating build/bdist.linux-x86_64/egg/NOAA\r\n    copying build/lib.linux-x86_64-2.7/NOAA/pipelines.py -&gt; build/bdist.linux-x86_64/egg/NOAA\r\n    creating build/bdist.linux-x86_64/egg/NOAA/spiders\r\n    copying build/lib.linux-x86_64-2.7/NOAA/spiders/spider1.py -&gt; build/bdist.linux-x86_64/egg/NOAA/spiders\r\n    copying build/lib.linux-x86_64-2.7/NOAA/spiders/spider2.py -&gt; build/bdist.linux-x86_64/egg/NOAA/spiders\r\n    (output omitted... There are a lot of spiders)\r\n    \r\n    \r\n    byte-compiling build/bdist.linux-x86_64/egg/NOAA/pipelines.py to pipelines.pyc\r\n    byte-compiling build/bdist.linux-x86_64/egg/NOAA/spiders/spider1.py to spider1.pyc\r\n    byte-compiling build/bdist.linux-x86_64/egg/NOAA/spiders/spider2.py to spider2.pyc\r\n    (output omitted... There are a lot of spiders)\r\n    \r\n    \r\n    byte-compiling build/bdist.linux-x86_64/egg/NOAA/__init__.py to __init__.pyc\r\n    byte-compiling build/bdist.linux-x86_64/egg/NOAA/noaa-template.py to noaa-template.pyc\r\n    byte-compiling build/bdist.linux-x86_64/egg/NOAA/noaa-original.py to noaa-original.pyc\r\n    byte-compiling build/bdist.linux-x86_64/egg/NOAA/settings-template.py to settings-template.pyc\r\n    byte-compiling build/bdist.linux-x86_64/egg/NOAA/tika-python.py to tika-python.pyc\r\n    byte-compiling build/bdist.linux-x86_64/egg/NOAA/settings.py to settings.pyc\r\n    byte-compiling build/bdist.linux-x86_64/egg/NOAA/mysqldb.py to mysqldb.pyc\r\n    byte-compiling build/bdist.linux-x86_64/egg/NOAA/noaa.py to noaa.pyc\r\n    byte-compiling build/bdist.linux-x86_64/egg/NOAA/items.py to items.pyc\r\n    creating build/bdist.linux-x86_64/egg/EGG-INFO\r\n    copying NOAA.egg-info/PKG-INFO -&gt; build/bdist.linux-x86_64/egg/EGG-INFO\r\n    copying NOAA.egg-info/SOURCES.txt -&gt; build/bdist.linux-x86_64/egg/EGG-INFO\r\n    copying NOAA.egg-info/dependency_links.txt -&gt; build/bdist.linux-x86_64/egg/EGG-INFO\r\n    copying NOAA.egg-info/entry_points.txt -&gt; build/bdist.linux-x86_64/egg/EGG-INFO\r\n    copying NOAA.egg-info/top_level.txt -&gt; build/bdist.linux-x86_64/egg/EGG-INFO\r\n    zip_safe flag not set; analyzing archive contents...\r\n    creating &#39;dist/NOAA-1.0-py2.7.egg&#39; and adding &#39;build/bdist.linux-x86_64/egg&#39; to it\r\n    removing &#39;build/bdist.linux-x86_64/egg&#39; (and everything under it)\r\n\r\n\r\nWhen trying to schedule a spider with this command:\r\n\r\n    curl http://localhost:6800/schedule.json -d project=myproject -d spider=spider1.py\r\n\r\nI get this error:\r\n\r\n    Traceback (most recent call last):\r\n              File &quot;/usr/local/lib/python2.7/dist-packages/twisted/web\r\n                req.requestReceived(command, path, version)\r\n              File &quot;/usr/local/lib/python2.7/dist-packages/twisted/web\r\n                self.process()\r\n              File &quot;/usr/local/lib/python2.7/dist-packages/twisted/web\r\n                self.render(resrc)\r\n              File &quot;/usr/local/lib/python2.7/dist-packages/twisted/web\r\n                body = resrc.render(self)\r\n            --- &lt;exception caught here&gt; ---\r\n              File &quot;/usr/local/lib/python2.7/dist-packages/scrapyd/web\r\n                return JsonResource.render(self, txrequest)\r\n              File &quot;/usr/local/lib/python2.7/dist-packages/scrapyd/uti\r\n                r = resource.Resource.render(self, txrequest)\r\n              File &quot;/usr/local/lib/python2.7/dist-packages/twisted/web\r\n                return m(request)\r\n              File &quot;/usr/local/lib/python2.7/dist-packages/scrapyd/web\r\n                spiders = get_spider_list(project)\r\n              File &quot;/usr/local/lib/python2.7/dist-packages/scrapyd/uti\r\n                runner = Config().get(&#39;runner&#39;)\r\n              File &quot;/usr/local/lib/python2.7/dist-packages/scrapyd/con\r\n                self.cp.read(sources)\r\n              File &quot;/usr/lib/python2.7/ConfigParser.py&quot;, line 305, in\r\n                self._read(fp, filename)\r\n              File &quot;/usr/lib/python2.7/ConfigParser.py&quot;, line 512, in\r\n                raise MissingSectionHeaderError(fpname, lineno, line)\r\n            ConfigParser.MissingSectionHeaderError: File contains no s\r\n            file: /etc/scrapyd/conf.d/twistd.pid, line: 1\r\n            &#39;24262&#39;\r\n\r\nFunny thing is, if I add what I believe to be a section header ([section header])to that twistd.pid file, I get an error saying that it contains something other than a numerical value of the pid of twistd.\r\n\r\nAre these issues interrelated?\r\n",
            "link": "https://stackoverflow.com/questions/40731399/error-deploying-scrapyd-project",
            "title": "error deploying scrapyd project",
            "body": "<p>when trying to execute this command:</p>\n\n<pre><code>scrapyd-deploy test -p project=myProject\n</code></pre>\n\n<p>I get the following error:</p>\n\n<pre><code>Traceback (most recent call last):\n      File \"/usr/bin/scrapyd-deploy\", line 269, in &lt;module&gt;\n        main()\n      File \"/usr/bin/scrapyd-deploy\", line 95, in main\n        egg, tmpdir = _build_egg()\n      File \"/usr/bin/scrapyd-deploy\", line 236, in _build_egg\n        retry_on_eintr(check_call, [sys.executable, 'setup.py', 'clean', '-a', 'bdist_egg', '-d', d], stdout=o, stderr=e)\n      File \"/usr/local/lib/python2.7/dist-packages/scrapy/utils/python.py\", line 331, in retry_on_eintr\n        return function(*args, **kw)\n      File \"/usr/lib/python2.7/subprocess.py\", line 540, in check_call\n        raise CalledProcessError(retcode, cmd)\n    subprocess.CalledProcessError: Command '['/usr/bin/python', 'setup.py', 'clean', '-a', 'bdist_egg', '-d', '/tmp/scrapydeploy-wV3h4k']' returned non-zero exit status 1\n</code></pre>\n\n<p>I have installed scrapyd-deploy and scrapyd-client, as well as setuptools and scrapyd of course.</p>\n\n<p>This command:\n python setup.py clean -a bdist_egg</p>\n\n<p>produces the output:</p>\n\n<pre><code>running clean\nremoving 'build/lib.linux-x86_64-2.7' (and everything under it)\nremoving 'build/bdist.linux-x86_64' (and everything under it)\n'build/scripts-2.7' does not exist -- can't clean it\nremoving 'build'\nrunning bdist_egg\nrunning egg_info\nwriting NOAA.egg-info/PKG-INFO\nwriting top-level names to NOAA.egg-info/top_level.txt\nwriting dependency_links to NOAA.egg-info/dependency_links.txt\nwriting entry points to NOAA.egg-info/entry_points.txt\nreading manifest file 'NOAA.egg-info/SOURCES.txt'\nwriting manifest file 'NOAA.egg-info/SOURCES.txt'\ninstalling library code to build/bdist.linux-x86_64/egg\nrunning install_lib\nrunning build_py\ncreating build\ncreating build/lib.linux-x86_64-2.7\ncreating build/lib.linux-x86_64-2.7/NOAA\ncopying NOAA/pipelines.py -&gt; build/lib.linux-x86_64-2.7/NOAA\ncopying NOAA/__init__.py -&gt; build/lib.linux-x86_64-2.7/NOAA\ncopying NOAA/noaa-template.py -&gt; build/lib.linux-x86_64-2.7/NOAA\ncopying NOAA/noaa-original.py -&gt; build/lib.linux-x86_64-2.7/NOAA\ncopying NOAA/settings-template.py -&gt; build/lib.linux-x86_64-2.7/NOAA\ncopying NOAA/tika-python.py -&gt; build/lib.linux-x86_64-2.7/NOAA\ncopying NOAA/settings.py -&gt; build/lib.linux-x86_64-2.7/NOAA\ncopying NOAA/mysqldb.py -&gt; build/lib.linux-x86_64-2.7/NOAA\ncopying NOAA/noaa.py -&gt; build/lib.linux-x86_64-2.7/NOAA\ncopying NOAA/items.py -&gt; build/lib.linux-x86_64-2.7/NOAA\ncreating build/lib.linux-x86_64-2.7/NOAA/spiders\ncopying NOAA/spiders/spider1.py -&gt; build/lib.linux-x86_64-2.7/NOAA/spiders\ncopying NOAA/spiders/spider2.py -&gt; build/lib.linux-x86_64-2.7/NOAA/spiders\n(output omitted... There are a lot of spiders)\n\ncreating build/bdist.linux-x86_64\ncreating build/bdist.linux-x86_64/egg\ncreating build/bdist.linux-x86_64/egg/NOAA\ncopying build/lib.linux-x86_64-2.7/NOAA/pipelines.py -&gt; build/bdist.linux-x86_64/egg/NOAA\ncreating build/bdist.linux-x86_64/egg/NOAA/spiders\ncopying build/lib.linux-x86_64-2.7/NOAA/spiders/spider1.py -&gt; build/bdist.linux-x86_64/egg/NOAA/spiders\ncopying build/lib.linux-x86_64-2.7/NOAA/spiders/spider2.py -&gt; build/bdist.linux-x86_64/egg/NOAA/spiders\n(output omitted... There are a lot of spiders)\n\n\nbyte-compiling build/bdist.linux-x86_64/egg/NOAA/pipelines.py to pipelines.pyc\nbyte-compiling build/bdist.linux-x86_64/egg/NOAA/spiders/spider1.py to spider1.pyc\nbyte-compiling build/bdist.linux-x86_64/egg/NOAA/spiders/spider2.py to spider2.pyc\n(output omitted... There are a lot of spiders)\n\n\nbyte-compiling build/bdist.linux-x86_64/egg/NOAA/__init__.py to __init__.pyc\nbyte-compiling build/bdist.linux-x86_64/egg/NOAA/noaa-template.py to noaa-template.pyc\nbyte-compiling build/bdist.linux-x86_64/egg/NOAA/noaa-original.py to noaa-original.pyc\nbyte-compiling build/bdist.linux-x86_64/egg/NOAA/settings-template.py to settings-template.pyc\nbyte-compiling build/bdist.linux-x86_64/egg/NOAA/tika-python.py to tika-python.pyc\nbyte-compiling build/bdist.linux-x86_64/egg/NOAA/settings.py to settings.pyc\nbyte-compiling build/bdist.linux-x86_64/egg/NOAA/mysqldb.py to mysqldb.pyc\nbyte-compiling build/bdist.linux-x86_64/egg/NOAA/noaa.py to noaa.pyc\nbyte-compiling build/bdist.linux-x86_64/egg/NOAA/items.py to items.pyc\ncreating build/bdist.linux-x86_64/egg/EGG-INFO\ncopying NOAA.egg-info/PKG-INFO -&gt; build/bdist.linux-x86_64/egg/EGG-INFO\ncopying NOAA.egg-info/SOURCES.txt -&gt; build/bdist.linux-x86_64/egg/EGG-INFO\ncopying NOAA.egg-info/dependency_links.txt -&gt; build/bdist.linux-x86_64/egg/EGG-INFO\ncopying NOAA.egg-info/entry_points.txt -&gt; build/bdist.linux-x86_64/egg/EGG-INFO\ncopying NOAA.egg-info/top_level.txt -&gt; build/bdist.linux-x86_64/egg/EGG-INFO\nzip_safe flag not set; analyzing archive contents...\ncreating 'dist/NOAA-1.0-py2.7.egg' and adding 'build/bdist.linux-x86_64/egg' to it\nremoving 'build/bdist.linux-x86_64/egg' (and everything under it)\n</code></pre>\n\n<p>When trying to schedule a spider with this command:</p>\n\n<pre><code>curl http://localhost:6800/schedule.json -d project=myproject -d spider=spider1.py\n</code></pre>\n\n<p>I get this error:</p>\n\n<pre><code>Traceback (most recent call last):\n          File \"/usr/local/lib/python2.7/dist-packages/twisted/web\n            req.requestReceived(command, path, version)\n          File \"/usr/local/lib/python2.7/dist-packages/twisted/web\n            self.process()\n          File \"/usr/local/lib/python2.7/dist-packages/twisted/web\n            self.render(resrc)\n          File \"/usr/local/lib/python2.7/dist-packages/twisted/web\n            body = resrc.render(self)\n        --- &lt;exception caught here&gt; ---\n          File \"/usr/local/lib/python2.7/dist-packages/scrapyd/web\n            return JsonResource.render(self, txrequest)\n          File \"/usr/local/lib/python2.7/dist-packages/scrapyd/uti\n            r = resource.Resource.render(self, txrequest)\n          File \"/usr/local/lib/python2.7/dist-packages/twisted/web\n            return m(request)\n          File \"/usr/local/lib/python2.7/dist-packages/scrapyd/web\n            spiders = get_spider_list(project)\n          File \"/usr/local/lib/python2.7/dist-packages/scrapyd/uti\n            runner = Config().get('runner')\n          File \"/usr/local/lib/python2.7/dist-packages/scrapyd/con\n            self.cp.read(sources)\n          File \"/usr/lib/python2.7/ConfigParser.py\", line 305, in\n            self._read(fp, filename)\n          File \"/usr/lib/python2.7/ConfigParser.py\", line 512, in\n            raise MissingSectionHeaderError(fpname, lineno, line)\n        ConfigParser.MissingSectionHeaderError: File contains no s\n        file: /etc/scrapyd/conf.d/twistd.pid, line: 1\n        '24262'\n</code></pre>\n\n<p>Funny thing is, if I add what I believe to be a section header ([section header])to that twistd.pid file, I get an error saying that it contains something other than a numerical value of the pid of twistd.</p>\n\n<p>Are these issues interrelated?</p>\n"
        },
        {
            "tags": [
                "android",
                "debugging",
                "react-native",
                "console.log"
            ],
            "owner": {
                "reputation": 171,
                "user_id": 5610972,
                "user_type": "registered",
                "accept_rate": 64,
                "profile_image": "https://graph.facebook.com/1439550222755644/picture?type=large",
                "display_name": "Flix",
                "link": "https://stackoverflow.com/users/5610972/flix"
            },
            "is_answered": false,
            "view_count": 14,
            "answer_count": 1,
            "score": 0,
            "last_activity_date": 1526455573,
            "creation_date": 1526454841,
            "last_edit_date": 1526455573,
            "question_id": 50364529,
            "body_markdown": "I&#39;m confused about the warning in `Android Device Monitor` that showing me an error about `View` needed some unique `key` but the `Yellow Box` doesn&#39;t appears in my screen,\r\n\r\n[![enter image description here][1]][1]\r\n\r\nThe warning error makes me confused to debugging the apps,\r\n\r\nIs there a way how to hide the warning message?\r\n\r\n&gt; Edited\r\n\r\nMy question _**Completely**_ different about [This](https://stackoverflow.com/questions/50293636/how-to-disable-warning-in-react-native)\r\n\r\n_**Reason :**_\r\n\r\n`console.disableYellowBox = true` is just hide the warning on my screen not in `Android Device Monitor` like this:\r\n\r\n[![enter image description here][2]][2]\r\n\r\n\r\n  [1]: https://i.stack.imgur.com/zeGxw.png\r\n  [2]: https://i.stack.imgur.com/Chj2Q.png",
            "link": "https://stackoverflow.com/questions/50364529/react-native-how-do-you-hide-warning-in-android-device-monitor",
            "title": "React Native - How do you hide warning in Android Device Monitor?",
            "body": "<p>I'm confused about the warning in <code>Android Device Monitor</code> that showing me an error about <code>View</code> needed some unique <code>key</code> but the <code>Yellow Box</code> doesn't appears in my screen,</p>\n\n<p><a href=\"https://i.stack.imgur.com/zeGxw.png\" rel=\"nofollow noreferrer\"><img src=\"https://i.stack.imgur.com/zeGxw.png\" alt=\"enter image description here\"></a></p>\n\n<p>The warning error makes me confused to debugging the apps,</p>\n\n<p>Is there a way how to hide the warning message?</p>\n\n<blockquote>\n  <p>Edited</p>\n</blockquote>\n\n<p>My question <em><strong>Completely</strong></em> different about <a href=\"https://stackoverflow.com/questions/50293636/how-to-disable-warning-in-react-native\">This</a></p>\n\n<p><em><strong>Reason :</strong></em></p>\n\n<p><code>console.disableYellowBox = true</code> is just hide the warning on my screen not in <code>Android Device Monitor</code> like this:</p>\n\n<p><a href=\"https://i.stack.imgur.com/Chj2Q.png\" rel=\"nofollow noreferrer\"><img src=\"https://i.stack.imgur.com/Chj2Q.png\" alt=\"enter image description here\"></a></p>\n"
        },
        {
            "tags": [
                "sweetalert2"
            ],
            "owner": {
                "reputation": 1,
                "user_id": 6373908,
                "user_type": "registered",
                "profile_image": "https://www.gravatar.com/avatar/9876e1ff0e2f77675b3d9d1700dc47bc?s=128&d=identicon&r=PG&f=1",
                "display_name": "Etswatch",
                "link": "https://stackoverflow.com/users/6373908/etswatch"
            },
            "is_answered": false,
            "view_count": 6,
            "answer_count": 0,
            "score": -1,
            "last_activity_date": 1526455572,
            "creation_date": 1526455572,
            "question_id": 50364734,
            "body_markdown": "I have a page with an embedded pdf. When I fire a swal, the message goes behind the embed pdf. A standard alert stays on top. Any ideas how to correct?",
            "link": "https://stackoverflow.com/questions/50364734/sweet-alert-with-an-embedded-pdf",
            "title": "Sweet Alert with an embedded pdf",
            "body": "<p>I have a page with an embedded pdf. When I fire a swal, the message goes behind the embed pdf. A standard alert stays on top. Any ideas how to correct?</p>\n"
        },
        {
            "tags": [
                "ios",
                "objective-c",
                "nsattributedstring"
            ],
            "owner": {
                "reputation": 542,
                "user_id": 726739,
                "user_type": "registered",
                "accept_rate": 79,
                "profile_image": "https://i.stack.imgur.com/YU0K7.jpg?s=128&g=1",
                "display_name": "jaydev",
                "link": "https://stackoverflow.com/users/726739/jaydev"
            },
            "is_answered": true,
            "view_count": 42,
            "accepted_answer_id": 50363981,
            "answer_count": 1,
            "score": 0,
            "last_activity_date": 1526455568,
            "creation_date": 1526450023,
            "last_edit_date": 1526450270,
            "question_id": 50363326,
            "body_markdown": "    NSString *htmlString = [NSString stringWithFormat:@&quot;&lt;html&gt; &lt;head&gt;&lt;style type=\\&quot;text/css\\&quot;&gt;body {         font-family: Mehr Nastaliq Web; font-size: 22pt; white-space: pre-wrap;  text-align: right;  lang: ar; direction: RTL; -webkit-user-select: none; }&lt;/style&gt;     &lt;/head&gt;&lt;body leftmargin=\\&quot;20\\&quot; topmargin=\\&quot;0\\&quot; rightmargin=\\&quot;20\\&quot; &gt; %@  &lt;/body&gt;&lt;/html&gt;&quot;,str];\r\n    NSAttributedString *attributedString = [[NSAttributedString alloc] initWithData: [htmlString dataUsingEncoding:NSUnicodeStringEncoding]  options: @{ NSDocumentTypeDocumentAttribute:NSHTMLTextDocumentType }  documentAttributes: nil error: nil];\r\n    self.txtView.attributedText=attributedString;",
            "link": "https://stackoverflow.com/questions/50363326/nsrangeexception-reason-nsbigmutablestring-characteratindex-index",
            "title": "&#39;NSRangeException&#39;, reason: &#39;*** -[NSBigMutableString characterAtIndex:]: Index 1258 out of bounds; string length 1176&#39;",
            "body": "<pre><code>NSString *htmlString = [NSString stringWithFormat:@\"&lt;html&gt; &lt;head&gt;&lt;style type=\\\"text/css\\\"&gt;body {         font-family: Mehr Nastaliq Web; font-size: 22pt; white-space: pre-wrap;  text-align: right;  lang: ar; direction: RTL; -webkit-user-select: none; }&lt;/style&gt;     &lt;/head&gt;&lt;body leftmargin=\\\"20\\\" topmargin=\\\"0\\\" rightmargin=\\\"20\\\" &gt; %@  &lt;/body&gt;&lt;/html&gt;\",str];\nNSAttributedString *attributedString = [[NSAttributedString alloc] initWithData: [htmlString dataUsingEncoding:NSUnicodeStringEncoding]  options: @{ NSDocumentTypeDocumentAttribute:NSHTMLTextDocumentType }  documentAttributes: nil error: nil];\nself.txtView.attributedText=attributedString;\n</code></pre>\n"
        },
        {
            "tags": [
                "javascript",
                "jquery",
                "json",
                "wikipedia-api"
            ],
            "owner": {
                "reputation": 1,
                "user_id": 8861908,
                "user_type": "registered",
                "profile_image": "https://lh5.googleusercontent.com/-R_nL2ZJRLmg/AAAAAAAAAAI/AAAAAAAACTc/IaTCtH0eYpM/photo.jpg?sz=128",
                "display_name": "Sai Yerni Akhil",
                "link": "https://stackoverflow.com/users/8861908/sai-yerni-akhil"
            },
            "is_answered": false,
            "view_count": 17,
            "answer_count": 2,
            "score": -1,
            "last_activity_date": 1526455562,
            "creation_date": 1526454235,
            "question_id": 50364363,
            "body_markdown": "I am trying to add the search string to the api end point and attach it to the call back function.\r\n\r\n    var searchString;\r\n\r\n    $(&quot;document&quot;).ready(function(){\r\n\r\n    $.get(\r\n        &quot;https://en.wikipedia.org/w/api.php?action=opensearch&amp;format=json&amp;search=&quot; + searchString +&quot;&amp;namespace=0&amp;limit=10&amp;origin=*&quot;, function (obj) {\r\n            console.log(obj);\r\n            // console.log(obj[1]);\r\n        }\r\n    );\r\n    });\r\n\r\n    searchString = function getString(paramtext) {\r\n  \r\n       console.log(searchString);\r\n       return paramtext;\r\n    }",
            "link": "https://stackoverflow.com/questions/50364363/taking-an-input-from-textbox-and-adding-it-the-url-endpoint-in-jquery-get-method",
            "title": "Taking an input from textbox and adding it the url endpoint in jquery get method",
            "body": "<p>I am trying to add the search string to the api end point and attach it to the call back function.</p>\n\n<pre><code>var searchString;\n\n$(\"document\").ready(function(){\n\n$.get(\n    \"https://en.wikipedia.org/w/api.php?action=opensearch&amp;format=json&amp;search=\" + searchString +\"&amp;namespace=0&amp;limit=10&amp;origin=*\", function (obj) {\n        console.log(obj);\n        // console.log(obj[1]);\n    }\n);\n});\n\nsearchString = function getString(paramtext) {\n\n   console.log(searchString);\n   return paramtext;\n}\n</code></pre>\n"
        },
        {
            "tags": [
                "javascript",
                "node.js",
                "web-scraping"
            ],
            "owner": {
                "reputation": 5,
                "user_id": 9522758,
                "user_type": "registered",
                "profile_image": "https://www.gravatar.com/avatar/66aeb59ae8da1cc418e1af45fcbfd5c6?s=128&d=identicon&r=PG&f=1",
                "display_name": "Sunil kumar",
                "link": "https://stackoverflow.com/users/9522758/sunil-kumar"
            },
            "is_answered": false,
            "view_count": 23,
            "answer_count": 0,
            "score": 0,
            "last_activity_date": 1526455551,
            "creation_date": 1526455551,
            "question_id": 50364730,
            "body_markdown": "Iam scraping the text from the website :https://www.brainyquote.com/authors/p_j_orourke\r\n\r\nNot able to scrap all the quotes in the page.",
            "link": "https://stackoverflow.com/questions/50364730/how-to-scrap-the-text-from-page-on-load-pages-using-node-js",
            "title": "How to scrap the text from page on load pages using node js",
            "body": "<p>Iam scraping the text from the website :<a href=\"https://www.brainyquote.com/authors/p_j_orourke\" rel=\"nofollow noreferrer\">https://www.brainyquote.com/authors/p_j_orourke</a></p>\n\n<p>Not able to scrap all the quotes in the page.</p>\n"
        },
        {
            "tags": [
                "variables",
                "report",
                "citrus-framework"
            ],
            "owner": {
                "reputation": 3,
                "user_id": 9620407,
                "user_type": "registered",
                "profile_image": "https://www.gravatar.com/avatar/b76537f6d845ecfe12ad7599f28f16fd?s=128&d=identicon&r=PG&f=1",
                "display_name": "Patrick",
                "link": "https://stackoverflow.com/users/9620407/patrick"
            },
            "is_answered": false,
            "view_count": 7,
            "answer_count": 0,
            "score": 0,
            "last_activity_date": 1526455551,
            "creation_date": 1526455551,
            "question_id": 50364728,
            "body_markdown": "In our Citrus-IT classes, we use httpClient to test our REST services. In some test cases, the HTTP Response Code is 200 but the Application ResultObject may return an internal error code and an error message. We like to add this information to our report.\r\nSo we parse the message and extract the error code as well as the error message into a test variable. But when iterating through the variables via:\r\n\r\n    testCase.getVariableDefinitions();\r\n\r\nthe variables are not available.\r\nI tried two ways to create the variable\r\n\r\n    .extractFromPayload(&#39;$.resultCode&#39;,&#39;errorCode&#39;);\r\nas well as\r\n\r\n    createVariable(...);\r\n\r\nWhen I try to access the variable in the test case it works, but it is not available when calling `testCase.variableDefinitions()` within the reporter.\r\n\r\nWhat is &#39;best practice&#39; in order to add testcase parameters/results in the Reporter? Do I need to parse the message in the `onInboundMessage(Message message, TestContext context)`method?\r\n\r\nThanks in advance",
            "link": "https://stackoverflow.com/questions/50364728/how-to-add-variable-content-to-citrus-report",
            "title": "How to add variable-content to Citrus report",
            "body": "<p>In our Citrus-IT classes, we use httpClient to test our REST services. In some test cases, the HTTP Response Code is 200 but the Application ResultObject may return an internal error code and an error message. We like to add this information to our report.\nSo we parse the message and extract the error code as well as the error message into a test variable. But when iterating through the variables via:</p>\n\n<pre><code>testCase.getVariableDefinitions();\n</code></pre>\n\n<p>the variables are not available.\nI tried two ways to create the variable</p>\n\n<pre><code>.extractFromPayload('$.resultCode','errorCode');\n</code></pre>\n\n<p>as well as</p>\n\n<pre><code>createVariable(...);\n</code></pre>\n\n<p>When I try to access the variable in the test case it works, but it is not available when calling <code>testCase.variableDefinitions()</code> within the reporter.</p>\n\n<p>What is 'best practice' in order to add testcase parameters/results in the Reporter? Do I need to parse the message in the <code>onInboundMessage(Message message, TestContext context)</code>method?</p>\n\n<p>Thanks in advance</p>\n"
        },
        {
            "tags": [
                "ajax",
                "laravel",
                "vue.js",
                "vuetify.js"
            ],
            "owner": {
                "reputation": 6,
                "user_id": 6402452,
                "user_type": "registered",
                "profile_image": "https://lh5.googleusercontent.com/-0CzoNw0bujE/AAAAAAAAAAI/AAAAAAAAFZc/JGdvSRVMd_w/photo.jpg?sz=128",
                "display_name": "Lav Shinde",
                "link": "https://stackoverflow.com/users/6402452/lav-shinde"
            },
            "is_answered": false,
            "view_count": 44,
            "answer_count": 1,
            "score": 1,
            "last_activity_date": 1526455530,
            "creation_date": 1526351283,
            "last_edit_date": 1526357269,
            "question_id": 50341481,
            "body_markdown": "Using VueJS with Vuetify and in Laravel framework. Many different methods of AJAX and defining components were tried but nothing worked. It seems that when the ajax call is made, the variable is updated, which I checked in the console.log, but it is not reflected in the DOM.\r\nMy current code is as follows\r\n# Method 1 #\r\nIn the home.blade.php\r\n\r\n\r\n\r\n    &lt;div id=&quot;items-display-table&quot;&gt;\r\n        @{{itemslist}}\r\n        &lt;v-data-table\r\n            :items=&quot;itemslist&quot;\r\n            class=&quot;elevation-1&quot;\r\n            hide-actions\r\n            hide-headers\r\n        &gt;\r\n            &lt;template slot=&quot;items&quot; slot-scope=&quot;props&quot;&gt;\r\n                &lt;td&gt;@{{ props.item.name }}&lt;/td&gt;\r\n                &lt;td class=&quot;text-xs-right&quot;&gt;@{{ props.item.calories }}&lt;/td&gt;\r\n                &lt;td class=&quot;text-xs-right&quot;&gt;@{{ props.item.fat }}&lt;/td&gt;\r\n                &lt;td class=&quot;text-xs-right&quot;&gt;@{{ props.item.carbs }}&lt;/td&gt;\r\n                &lt;td class=&quot;text-xs-right&quot;&gt;@{{ props.item.protein }}&lt;/td&gt;\r\n                &lt;td class=&quot;text-xs-right&quot;&gt;@{{ props.item.iron }}&lt;/td&gt;\r\n            &lt;/template&gt;\r\n        &lt;/v-data-table&gt;\r\n    &lt;/div&gt;\r\n\r\n\r\n\r\nAnd in the app.js\r\n\r\n\r\n\r\n    var itemsDisplayTable = new Vue({\r\n        el: &#39;#items-display-table&#39;,\r\n        data: {\r\n            itemslist: []\r\n        },\r\n        created: function () {\r\n            this.fetchData();\r\n        },\r\n        methods: {\r\n            fetchData: function () {\r\n                var self = this;\r\n                var apiURL = &#39;/api/cards&#39;;\r\n                axios.get( apiURL )\r\n                .then ( function( response ) {\r\n                    data = response[&#39;data&#39;];\r\n                    // console.log(data);\r\n                    self.itemslist = data;\r\n                    console.log(self._data);\r\n                });\r\n            }\r\n        }\r\n    });\r\n\r\n# Method 2 #\r\nAlternatively, I have also tried building a component with the data passed as a prop to solve the reactive issue but still it doesn&#39;t work.\r\nThe code for that is as follows in home.blade.php\r\n\r\n    &lt;div id=&quot;cards-display-table&quot;&gt;\r\n        &lt;grid\r\n            :itemslist=&quot;itemslist&quot;&gt;\r\n        &lt;/grid&gt;\r\n    &lt;/div&gt;\r\n\r\nIn app.js\r\n\r\n    Vue.component(&#39;grid&#39;, require(&#39;./components/DataTable.vue&#39;));\r\n\r\nAnd the instance creation is same as above.\r\n\r\nThe code in the DataTable.vue file is as follows\r\n\r\n    &lt;template&gt;\r\n        &lt;div&gt;{{itemslist}}&lt;/div&gt;\r\n        &lt;v-data-table\r\n            :items=&quot;itemslist&quot;\r\n            class=&quot;elevation-1&quot;\r\n            hide-actions\r\n            hide-headers\r\n         &gt;\r\n             &lt;template slot=&quot;items&quot; slot-scope=&quot;props&quot;&gt;\r\n                 &lt;td&gt;@{{ props.item.name }}&lt;/td&gt;\r\n                 &lt;td class=&quot;text-xs-right&quot;&gt;@{{ props.item.calories }}&lt;/td&gt;\\\r\n                 &lt;td class=&quot;text-xs-right&quot;&gt;@{{ props.item.fat }}&lt;/td&gt;\\\r\n                 &lt;td class=&quot;text-xs-right&quot;&gt;@{{ props.item.carbs }}&lt;/td&gt;\\\r\n                 &lt;td class=&quot;text-xs-right&quot;&gt;@{{ props.item.protein }}&lt;/td&gt;\\\r\n                 &lt;td class=&quot;text-xs-right&quot;&gt;@{{ props.item.iron }}&lt;/td&gt;\\\r\n             &lt;/template&gt;\r\n         &lt;/v-data-table&gt;\r\n    &lt;/template&gt;\r\n\r\n    &lt;script&gt;\r\n        export default {\r\n            props: {\r\n                itemslist: Array\r\n            }\r\n        }\r\n    &lt;/script&gt;\r\n\r\nHow should i proceed?",
            "link": "https://stackoverflow.com/questions/50341481/how-to-populate-the-v-data-table-after-an-ajax-request-to-fetch-the-data-using-v",
            "title": "How to populate the v-data-table after an AJAX request to fetch the data using Vuetify in Laravel?",
            "body": "<p>Using VueJS with Vuetify and in Laravel framework. Many different methods of AJAX and defining components were tried but nothing worked. It seems that when the ajax call is made, the variable is updated, which I checked in the console.log, but it is not reflected in the DOM.\nMy current code is as follows</p>\n\n<h1>Method 1</h1>\n\n<p>In the home.blade.php</p>\n\n<pre><code>&lt;div id=\"items-display-table\"&gt;\n    @{{itemslist}}\n    &lt;v-data-table\n        :items=\"itemslist\"\n        class=\"elevation-1\"\n        hide-actions\n        hide-headers\n    &gt;\n        &lt;template slot=\"items\" slot-scope=\"props\"&gt;\n            &lt;td&gt;@{{ props.item.name }}&lt;/td&gt;\n            &lt;td class=\"text-xs-right\"&gt;@{{ props.item.calories }}&lt;/td&gt;\n            &lt;td class=\"text-xs-right\"&gt;@{{ props.item.fat }}&lt;/td&gt;\n            &lt;td class=\"text-xs-right\"&gt;@{{ props.item.carbs }}&lt;/td&gt;\n            &lt;td class=\"text-xs-right\"&gt;@{{ props.item.protein }}&lt;/td&gt;\n            &lt;td class=\"text-xs-right\"&gt;@{{ props.item.iron }}&lt;/td&gt;\n        &lt;/template&gt;\n    &lt;/v-data-table&gt;\n&lt;/div&gt;\n</code></pre>\n\n<p>And in the app.js</p>\n\n<pre><code>var itemsDisplayTable = new Vue({\n    el: '#items-display-table',\n    data: {\n        itemslist: []\n    },\n    created: function () {\n        this.fetchData();\n    },\n    methods: {\n        fetchData: function () {\n            var self = this;\n            var apiURL = '/api/cards';\n            axios.get( apiURL )\n            .then ( function( response ) {\n                data = response['data'];\n                // console.log(data);\n                self.itemslist = data;\n                console.log(self._data);\n            });\n        }\n    }\n});\n</code></pre>\n\n<h1>Method 2</h1>\n\n<p>Alternatively, I have also tried building a component with the data passed as a prop to solve the reactive issue but still it doesn't work.\nThe code for that is as follows in home.blade.php</p>\n\n<pre><code>&lt;div id=\"cards-display-table\"&gt;\n    &lt;grid\n        :itemslist=\"itemslist\"&gt;\n    &lt;/grid&gt;\n&lt;/div&gt;\n</code></pre>\n\n<p>In app.js</p>\n\n<pre><code>Vue.component('grid', require('./components/DataTable.vue'));\n</code></pre>\n\n<p>And the instance creation is same as above.</p>\n\n<p>The code in the DataTable.vue file is as follows</p>\n\n<pre><code>&lt;template&gt;\n    &lt;div&gt;{{itemslist}}&lt;/div&gt;\n    &lt;v-data-table\n        :items=\"itemslist\"\n        class=\"elevation-1\"\n        hide-actions\n        hide-headers\n     &gt;\n         &lt;template slot=\"items\" slot-scope=\"props\"&gt;\n             &lt;td&gt;@{{ props.item.name }}&lt;/td&gt;\n             &lt;td class=\"text-xs-right\"&gt;@{{ props.item.calories }}&lt;/td&gt;\\\n             &lt;td class=\"text-xs-right\"&gt;@{{ props.item.fat }}&lt;/td&gt;\\\n             &lt;td class=\"text-xs-right\"&gt;@{{ props.item.carbs }}&lt;/td&gt;\\\n             &lt;td class=\"text-xs-right\"&gt;@{{ props.item.protein }}&lt;/td&gt;\\\n             &lt;td class=\"text-xs-right\"&gt;@{{ props.item.iron }}&lt;/td&gt;\\\n         &lt;/template&gt;\n     &lt;/v-data-table&gt;\n&lt;/template&gt;\n\n&lt;script&gt;\n    export default {\n        props: {\n            itemslist: Array\n        }\n    }\n&lt;/script&gt;\n</code></pre>\n\n<p>How should i proceed?</p>\n"
        },
        {
            "tags": [
                "amazon-web-services",
                "amazon-cloudformation"
            ],
            "owner": {
                "reputation": 8,
                "user_id": 9776078,
                "user_type": "registered",
                "profile_image": "https://lh3.googleusercontent.com/--2ZdicxlwEw/AAAAAAAAAAI/AAAAAAAAAAQ/lUVBdxFbDhQ/photo.jpg?sz=128",
                "display_name": "Dasun Hettiarachchi",
                "link": "https://stackoverflow.com/users/9776078/dasun-hettiarachchi"
            },
            "is_answered": false,
            "view_count": 12,
            "answer_count": 2,
            "score": 0,
            "last_activity_date": 1526455527,
            "creation_date": 1526189918,
            "question_id": 50313095,
            "body_markdown": "im creating a nested cf templates and i have parent template which has this list parameter\r\n\r\n     &quot;DatabaseSubnets&quot;: {\r\n          &quot;Description&quot;: &quot;The subnets to place database instances in.&quot;,\r\n          &quot;Type&quot;: &quot;List&lt;AWS::EC2::Subnet::Id&gt;&quot;\r\n        }\r\n    \r\n\r\nand resources like this\r\n\r\n    &quot;Resources&quot;: {\r\n        &quot;VPCStack&quot;: {\r\n          &quot;Type&quot;: &quot;AWS::CloudFormation::Stack&quot;,\r\n          &quot;Properties&quot;: {\r\n            &quot;Parameters&quot;: {\r\n                        &quot;ClassB&quot;: {                      \r\n                            \r\n                               &quot;Ref&quot;: &quot;ClassB&quot;                     \r\n                        \r\n                        }                \r\n                    },\r\n              &quot;TemplateURL&quot;: &quot;https://s3.us-east-2.amazonaws.com/xxx/vpc-2.json&quot;,\r\n              &quot;TimeoutInMinutes&quot;: &quot;5&quot;\r\n          }\r\n        },\r\n          &quot;RDSStack&quot;: {\r\n          &quot;Type&quot;: &quot;AWS::CloudFormation::Stack&quot;,\r\n          &quot;Properties&quot;: {\r\n            &quot;Parameters&quot;: {\r\n                       &quot;DatabaseInstanceType&quot;:{&quot;Ref&quot;:&quot;DatabaseInstanceType&quot;},\r\n                       &quot;DatabasePassword&quot;:{&quot;Ref&quot;:&quot;DatabasePassword&quot;},\r\n                       &quot;DatabaseUsername&quot;:{&quot;Ref&quot;:&quot;DatabaseUsername&quot;},\r\n                       &quot;DatabaseBackupRetentionPeriod&quot;:{&quot;Ref&quot;:&quot;DatabaseBackupRetentionPeriod&quot;},\r\n                       &quot;DatabaseSubnets&quot;:{ &quot;Fn::GetAtt&quot;: [ &quot;VPCStack&quot;, &quot;Outputs.SubnesPublic&quot; ] } ,\r\n                       &quot;DatabaseSecurityGroups&quot;:{&quot;Ref&quot;:&quot;DatabaseSecurityGroups&quot;}            \r\n                    },\r\n              &quot;TemplateURL&quot;: &quot;https://s3.us-east-2.amazonaws.com/xxx/rds.json&quot;,\r\n              &quot;TimeoutInMinutes&quot;: &quot;5&quot;\r\n          },\r\n          &quot;DependsOn&quot;: &quot;VPCStack&quot;\r\n        }\r\n       \r\n      }\r\n\r\nand i&#39;m returning list from vpc child template and trying to pass into rds template but i get and error saying \tValue of property Parameters must be an object with String (or simple type) properties.\r\n\r\ni research about it and some say you cannot pass lists into child templates and so on. how can i overcome this?",
            "link": "https://stackoverflow.com/questions/50313095/pass-list-to-child-template-cloud-formation",
            "title": "pass list to child template cloud formation",
            "body": "<p>im creating a nested cf templates and i have parent template which has this list parameter</p>\n\n<pre><code> \"DatabaseSubnets\": {\n      \"Description\": \"The subnets to place database instances in.\",\n      \"Type\": \"List&lt;AWS::EC2::Subnet::Id&gt;\"\n    }\n</code></pre>\n\n<p>and resources like this</p>\n\n<pre><code>\"Resources\": {\n    \"VPCStack\": {\n      \"Type\": \"AWS::CloudFormation::Stack\",\n      \"Properties\": {\n        \"Parameters\": {\n                    \"ClassB\": {                      \n\n                           \"Ref\": \"ClassB\"                     \n\n                    }                \n                },\n          \"TemplateURL\": \"https://s3.us-east-2.amazonaws.com/xxx/vpc-2.json\",\n          \"TimeoutInMinutes\": \"5\"\n      }\n    },\n      \"RDSStack\": {\n      \"Type\": \"AWS::CloudFormation::Stack\",\n      \"Properties\": {\n        \"Parameters\": {\n                   \"DatabaseInstanceType\":{\"Ref\":\"DatabaseInstanceType\"},\n                   \"DatabasePassword\":{\"Ref\":\"DatabasePassword\"},\n                   \"DatabaseUsername\":{\"Ref\":\"DatabaseUsername\"},\n                   \"DatabaseBackupRetentionPeriod\":{\"Ref\":\"DatabaseBackupRetentionPeriod\"},\n                   \"DatabaseSubnets\":{ \"Fn::GetAtt\": [ \"VPCStack\", \"Outputs.SubnesPublic\" ] } ,\n                   \"DatabaseSecurityGroups\":{\"Ref\":\"DatabaseSecurityGroups\"}            \n                },\n          \"TemplateURL\": \"https://s3.us-east-2.amazonaws.com/xxx/rds.json\",\n          \"TimeoutInMinutes\": \"5\"\n      },\n      \"DependsOn\": \"VPCStack\"\n    }\n\n  }\n</code></pre>\n\n<p>and i'm returning list from vpc child template and trying to pass into rds template but i get and error saying  Value of property Parameters must be an object with String (or simple type) properties.</p>\n\n<p>i research about it and some say you cannot pass lists into child templates and so on. how can i overcome this?</p>\n"
        },
        {
            "tags": [
                "neural-network",
                "deep-learning",
                "computer-vision",
                "caffe",
                "image-segmentation"
            ],
            "owner": {
                "reputation": 1868,
                "user_id": 3813694,
                "user_type": "registered",
                "profile_image": "https://www.gravatar.com/avatar/161213faaafe2aa91f4c27a9082b8b57?s=128&d=identicon&r=PG&f=1",
                "display_name": "Jim Biard",
                "link": "https://stackoverflow.com/users/3813694/jim-biard"
            },
            "is_answered": true,
            "view_count": 10,
            "answer_count": 1,
            "score": 2,
            "last_activity_date": 1526455524,
            "creation_date": 1526401345,
            "last_edit_date": 1526455360,
            "question_id": 50355013,
            "body_markdown": "I&#39;m looking at some Caffe network-building code (in the BerkeleyVision [pascalcontext-fcn8s][1] net.py file), and I find this line:\r\n\r\n    L.Deconvolution(n.score_fr,\r\n        convolution_param=dict(num_output=60, kernel_size=4, stride=2,\r\n            bias_term=False),\r\n        param=[dict(lr_mult=0)])\r\n\r\nI&#39;m wondering about what the `lr_mult = 0` term does. My first guess after looking at the documentation is that it should prevent any updates to the kernel weights, but that seems weird, because I assume that the default initialization is random. What does this do? Is there some other code or parameter file somewhere that is initializing the kernel?\r\n\r\n\r\n  [1]: https://github.com/shelhamer/fcn.berkeleyvision.org/tree/master/pascalcontext-fcn8s",
            "link": "https://stackoverflow.com/questions/50355013/what-is-the-impact-of-lr-mult-0",
            "title": "What is the impact of lr_mult = 0?",
            "body": "<p>I'm looking at some Caffe network-building code (in the BerkeleyVision <a href=\"https://github.com/shelhamer/fcn.berkeleyvision.org/tree/master/pascalcontext-fcn8s\" rel=\"nofollow noreferrer\">pascalcontext-fcn8s</a> net.py file), and I find this line:</p>\n\n<pre><code>L.Deconvolution(n.score_fr,\n    convolution_param=dict(num_output=60, kernel_size=4, stride=2,\n        bias_term=False),\n    param=[dict(lr_mult=0)])\n</code></pre>\n\n<p>I'm wondering about what the <code>lr_mult = 0</code> term does. My first guess after looking at the documentation is that it should prevent any updates to the kernel weights, but that seems weird, because I assume that the default initialization is random. What does this do? Is there some other code or parameter file somewhere that is initializing the kernel?</p>\n"
        },
        {
            "tags": [
                "css",
                "printing",
                "bootstrap-4",
                "bootstrap-modal",
                "page-break"
            ],
            "owner": {
                "reputation": 32,
                "user_id": 3371930,
                "user_type": "registered",
                "profile_image": "https://i.stack.imgur.com/ubteo.png?s=128&g=1",
                "display_name": "florisvl",
                "link": "https://stackoverflow.com/users/3371930/florisvl"
            },
            "is_answered": false,
            "view_count": 29,
            "answer_count": 0,
            "score": 0,
            "last_activity_date": 1526455523,
            "creation_date": 1526386795,
            "last_edit_date": 1526455523,
            "question_id": 50350063,
            "body_markdown": "I&#39;m using a Bootstrap (v4) Modal with multiple sections in the modal. I would like to print the content of the modal-body and start each section on a new page. Naturally I would use the following CSS:\r\n\r\n    section {\r\n        page-break-after: always; \r\n    }\r\n\r\nI&#39;ve tried many things but I can&#39;t seem to get the page-break to work in the modal. I&#39;ve made a [example in codepen][1] to show what I try to achieve.\r\nReally would appreciate some help. Thanks in advance!\r\n \r\n\r\nHTML:\r\n\r\n    &lt;div class=&quot;modal-body do-print&quot;&gt;\r\n      &lt;section&gt;\r\n        &lt;h1&gt;Page 1&lt;/h1&gt;\r\n        &lt;p&gt;\r\n          content\r\n        &lt;/p&gt;\r\n      &lt;/section&gt;\r\n      &lt;section&gt;\r\n        &lt;h1&gt;Page 2&lt;/h1&gt;\r\n        &lt;p&gt;\r\n          content\r\n        &lt;/p&gt;\r\n      &lt;/section&gt;\r\n    &lt;/div&gt;\r\n\r\n\r\nCSS:\r\n\r\n    section {\r\n        page-break-after: always !important;\r\n        margin: 40px;\r\n    }\r\n\r\nhttps://codepen.io/pen/deqyvq\r\n\r\n\r\n  [1]: https://codepen.io/pen/deqyvq",
            "link": "https://stackoverflow.com/questions/50350063/page-break-not-working-in-bootstrap-modal",
            "title": "Page-break not working in Bootstrap modal",
            "body": "<p>I'm using a Bootstrap (v4) Modal with multiple sections in the modal. I would like to print the content of the modal-body and start each section on a new page. Naturally I would use the following CSS:</p>\n\n<pre><code>section {\n    page-break-after: always; \n}\n</code></pre>\n\n<p>I've tried many things but I can't seem to get the page-break to work in the modal. I've made a <a href=\"https://codepen.io/pen/deqyvq\" rel=\"nofollow noreferrer\">example in codepen</a> to show what I try to achieve.\nReally would appreciate some help. Thanks in advance!</p>\n\n<p>HTML:</p>\n\n<pre><code>&lt;div class=\"modal-body do-print\"&gt;\n  &lt;section&gt;\n    &lt;h1&gt;Page 1&lt;/h1&gt;\n    &lt;p&gt;\n      content\n    &lt;/p&gt;\n  &lt;/section&gt;\n  &lt;section&gt;\n    &lt;h1&gt;Page 2&lt;/h1&gt;\n    &lt;p&gt;\n      content\n    &lt;/p&gt;\n  &lt;/section&gt;\n&lt;/div&gt;\n</code></pre>\n\n<p>CSS:</p>\n\n<pre><code>section {\n    page-break-after: always !important;\n    margin: 40px;\n}\n</code></pre>\n\n<p><a href=\"https://codepen.io/pen/deqyvq\" rel=\"nofollow noreferrer\">https://codepen.io/pen/deqyvq</a></p>\n"
        },
        {
            "tags": [
                "php",
                "mysql"
            ],
            "owner": {
                "reputation": 1,
                "user_id": 9798519,
                "user_type": "registered",
                "profile_image": "https://www.gravatar.com/avatar/481d32cdb84af6389479a5d461ed4fae?s=128&d=identicon&r=PG&f=1",
                "display_name": "Nel",
                "link": "https://stackoverflow.com/users/9798519/nel"
            },
            "is_answered": false,
            "view_count": 15,
            "closed_date": 1526458711,
            "answer_count": 0,
            "score": 0,
            "last_activity_date": 1526455519,
            "creation_date": 1526455519,
            "question_id": 50364717,
            "body_markdown": "How do i display a blob file from database to the browser when the view button is pressed? \r\nI literally dont know how to start my code.\r\nAny tips/help is appreciated\r\n\r\nThanks in advance.",
            "link": "https://stackoverflow.com/questions/50364717/how-to-display-blob-pdf-from-mysql-dbase-to-a-browse-using-php",
            "closed_reason": "too broad",
            "title": "How to display blob PDF from mysql dbase to a browse using PHP",
            "body": "<p>How do i display a blob file from database to the browser when the view button is pressed? \nI literally dont know how to start my code.\nAny tips/help is appreciated</p>\n\n<p>Thanks in advance.</p>\n"
        },
        {
            "tags": [
                "node.js",
                "amazon-web-services",
                "amazon-s3"
            ],
            "owner": {
                "reputation": 1,
                "user_id": 7826564,
                "user_type": "registered",
                "profile_image": "https://www.gravatar.com/avatar/cec92d62dfec610c698f9b2c49985d58?s=128&d=identicon&r=PG&f=1",
                "display_name": "Prakash Nachimuthu",
                "link": "https://stackoverflow.com/users/7826564/prakash-nachimuthu"
            },
            "is_answered": false,
            "view_count": 12,
            "answer_count": 0,
            "score": 0,
            "last_activity_date": 1526455517,
            "creation_date": 1526455517,
            "question_id": 50364716,
            "body_markdown": "I have tried to upload the files from local to amazon s3 using nodejs.\r\nActually, files are uploading to local after that file should be upload to Amazon s3 bucket but it&#39;s not uploading. Below I have attached my code but it&#39;s not working as expected.\r\n\r\n\r\n    app.post(&quot;/&quot;,function(req,res){\r\n    \tif(req.files){\r\n    \t\tvar audiofile = req.files.filename;\r\n    \t\tfilename = audiofile.name;\r\n    \t\taudiofile.mv(&quot;./upload/&quot;+filename,function(err){\r\n    \t\t\tif(err){\r\n    \t\t\t\tconsole.log(err)\r\n    \t\t\t\tres.send(&quot;error occured&quot;)\r\n    \t\t\t}\r\n    \t\t\telse{\r\n    \t\t\t\tres.send(&quot;Done!&quot;)\r\n    \t\t\t}\r\n    \t\t})\r\n    \r\n    \r\n    \r\n            s3fsImpl = new s3fs(&#39;bucketname&#39;, {\r\n                accessKeyId: &#39;&#39;,\r\n                secretAccessKey: &#39;&#39;\r\n            });\r\n    \r\n                    // Create our bucket if it doesn&#39;t exist\r\n                //s3fsImpl.create();\r\n    \r\n                exports.file = function (req, res) {\r\n                    var file = req.files.file;\r\n                    console.log(req.files.file);\r\n                    var stream = fs.createReadStream(file.path);\r\n                    return s3fsImpl.writeFile(file.originalFilename, stream).then(function () {\r\n                        fs.unlink(file.path, function (err) {\r\n                            if (err) {\r\n                                console.error(err);\r\n                            }\r\n                        });\r\n                        res.status(200).end();\r\n                    });\r\n                };\r\n    \t\t\r\n    \t}\r\n\r\n",
            "link": "https://stackoverflow.com/questions/50364716/how-to-upload-files-from-local-to-amazon-s3-using-nodejs",
            "title": "How to upload files from local to amazon s3 using nodejs",
            "body": "<p>I have tried to upload the files from local to amazon s3 using nodejs.\nActually, files are uploading to local after that file should be upload to Amazon s3 bucket but it's not uploading. Below I have attached my code but it's not working as expected.</p>\n\n<pre><code>app.post(\"/\",function(req,res){\n    if(req.files){\n        var audiofile = req.files.filename;\n        filename = audiofile.name;\n        audiofile.mv(\"./upload/\"+filename,function(err){\n            if(err){\n                console.log(err)\n                res.send(\"error occured\")\n            }\n            else{\n                res.send(\"Done!\")\n            }\n        })\n\n\n\n        s3fsImpl = new s3fs('bucketname', {\n            accessKeyId: '',\n            secretAccessKey: ''\n        });\n\n                // Create our bucket if it doesn't exist\n            //s3fsImpl.create();\n\n            exports.file = function (req, res) {\n                var file = req.files.file;\n                console.log(req.files.file);\n                var stream = fs.createReadStream(file.path);\n                return s3fsImpl.writeFile(file.originalFilename, stream).then(function () {\n                    fs.unlink(file.path, function (err) {\n                        if (err) {\n                            console.error(err);\n                        }\n                    });\n                    res.status(200).end();\n                });\n            };\n\n    }\n</code></pre>\n"
        },
        {
            "tags": [
                "java",
                "sql",
                "hibernate"
            ],
            "owner": {
                "reputation": 4,
                "user_id": 5607275,
                "user_type": "registered",
                "accept_rate": 0,
                "profile_image": "https://i.stack.imgur.com/xj0Ex.jpg?s=128&g=1",
                "display_name": "Aadil",
                "link": "https://stackoverflow.com/users/5607275/aadil"
            },
            "is_answered": false,
            "view_count": 31,
            "answer_count": 0,
            "score": 0,
            "last_activity_date": 1526455512,
            "creation_date": 1526455512,
            "question_id": 50364714,
            "body_markdown": "I want to convert the following query into hibernate criteria:\r\n\r\n        select\r\n      distinct\r\n      ug.userId,\r\n      decode(ug.userId, i_userId, 1, 0) current_user,\r\n      nvl(bu2.unitId, bu.unitId)     as unitId \r\n    from\r\n    \tTABLE1 ug\r\n    join \r\n    \tTABLE2 u\r\n    on\r\n    \tug.userId = u.userId\r\n    join\r\n    \tTABLE3 g \r\n    on\r\n    \t(ug.gid = g.gid) \r\n    left outer join\r\n    \tTABLE4 bu \r\n    on\r\n      (\r\n        g.unitId = bu.unitId and\r\n        bu.eventFl     = 1\r\n      ) \r\n    left outer join\r\n    \tTABLE4 bu2\r\n    on\r\n      (\r\n        g.unitId = bu2.parent_id and\r\n        bu2.eventFl    = 1\r\n      )  \r\n    where\r\n      u.active = &#39;Y&#39; and\r\n      g.assign = 1  \r\n    group by\r\n      ug.userId,\r\n      bu.unitId\r\n     \r\n    order by\r\n    \r\n      2 desc,\r\n      1\r\nI need help in writing the hibernate criteria  for the above query.\r\nI have created the following criteria (not complete yet) but it is creating wrong query and returning 0 results:\r\n\r\n    Criteria crit = session.createCriteria(TABLE1 .class, &quot;TABLE1 &quot;);\r\n    \t\t\tcrit.createAlias(&quot;TABLE1.user&quot;, &quot;TABLE2&quot;,JoinType.FULL_JOIN);\r\n    \t\t\tcrit.createAlias(&quot;TABLE1.group&quot;, &quot;TABLE3&quot;,JoinType.FULL_JOIN);\r\n    \t\t\tcrit.createAlias(&quot;TABLE3.unit&quot;, &quot;TABLE4&quot;,JoinType.LEFT_OUTER_JOIN);\r\n    \t\t\tcrit.add(Restrictions.eq(&quot;TABLE4.eventFl&quot;, 1));\r\n    \t\t\tcrit.createAlias(&quot;TABLE4.parent&quot;, &quot;TABLE4_&quot;,JoinType.LEFT_OUTER_JOIN);\r\n    \t\t\tcrit.add(Restrictions.eq(&quot;TABLE4_.eventFl&quot;, 1));\r\n    \t\t\t\r\n    \t\t\tcrit.add(Restrictions.eq(&quot;TABLE2.active&quot;, &quot;Y&quot;));\r\n    \t\t\tcrit.add(Restrictions.eq(&quot;TABLE3.assign&quot;, 1));\r\n    \t\t\t\r\n    \t\t\tList&lt;TABLE1&gt; TABLE1 = (List&lt;TABLE1&gt;) crit.list();\r\n\r\n",
            "link": "https://stackoverflow.com/questions/50364714/sql-query-to-hibernate-criteria-conversion",
            "title": "SQL query to hibernate criteria conversion",
            "body": "<p>I want to convert the following query into hibernate criteria:</p>\n\n<pre><code>    select\n  distinct\n  ug.userId,\n  decode(ug.userId, i_userId, 1, 0) current_user,\n  nvl(bu2.unitId, bu.unitId)     as unitId \nfrom\n    TABLE1 ug\njoin \n    TABLE2 u\non\n    ug.userId = u.userId\njoin\n    TABLE3 g \non\n    (ug.gid = g.gid) \nleft outer join\n    TABLE4 bu \non\n  (\n    g.unitId = bu.unitId and\n    bu.eventFl     = 1\n  ) \nleft outer join\n    TABLE4 bu2\non\n  (\n    g.unitId = bu2.parent_id and\n    bu2.eventFl    = 1\n  )  \nwhere\n  u.active = 'Y' and\n  g.assign = 1  \ngroup by\n  ug.userId,\n  bu.unitId\n\norder by\n\n  2 desc,\n  1\n</code></pre>\n\n<p>I need help in writing the hibernate criteria  for the above query.\nI have created the following criteria (not complete yet) but it is creating wrong query and returning 0 results:</p>\n\n<pre><code>Criteria crit = session.createCriteria(TABLE1 .class, \"TABLE1 \");\n            crit.createAlias(\"TABLE1.user\", \"TABLE2\",JoinType.FULL_JOIN);\n            crit.createAlias(\"TABLE1.group\", \"TABLE3\",JoinType.FULL_JOIN);\n            crit.createAlias(\"TABLE3.unit\", \"TABLE4\",JoinType.LEFT_OUTER_JOIN);\n            crit.add(Restrictions.eq(\"TABLE4.eventFl\", 1));\n            crit.createAlias(\"TABLE4.parent\", \"TABLE4_\",JoinType.LEFT_OUTER_JOIN);\n            crit.add(Restrictions.eq(\"TABLE4_.eventFl\", 1));\n\n            crit.add(Restrictions.eq(\"TABLE2.active\", \"Y\"));\n            crit.add(Restrictions.eq(\"TABLE3.assign\", 1));\n\n            List&lt;TABLE1&gt; TABLE1 = (List&lt;TABLE1&gt;) crit.list();\n</code></pre>\n"
        },
        {
            "tags": [
                "php",
                "yii2",
                "yii2-advanced-app"
            ],
            "owner": {
                "reputation": 121,
                "user_id": 2316966,
                "user_type": "registered",
                "accept_rate": 48,
                "profile_image": "https://i.stack.imgur.com/ZS6Uo.png?s=128&g=1",
                "display_name": "Mhmd Backer Shehadi",
                "link": "https://stackoverflow.com/users/2316966/mhmd-backer-shehadi"
            },
            "is_answered": false,
            "view_count": 58,
            "answer_count": 0,
            "score": 0,
            "last_activity_date": 1526455512,
            "creation_date": 1526362990,
            "last_edit_date": 1526455512,
            "question_id": 50343037,
            "body_markdown": "I am using yii2 advanced template to build a website.\r\nwhen I want to use a form to create a new row it works, but in the second submission or update after a couple of seconds I am getting this error.\r\nI read many of answers here but I dont want to disable crf token and aleardy I have\r\n\r\n    &lt;?= Html::csrfMetaTags() ?&gt;\r\non my layout `&lt;head/&gt;`\r\n\r\nany suggestions!?.\r\n\r\n\r\nconfig file:\r\n\r\n\r\n\r\n    use \\yii\\web\\Request;\r\n    \r\n    $params = array_merge(\r\n        require(__DIR__ . &#39;/../../common/config/params.php&#39;),\r\n        require(__DIR__ . &#39;/../../common/config/params-local.php&#39;),\r\n        require(__DIR__ . &#39;/params.php&#39;),\r\n        require(__DIR__ . &#39;/params-local.php&#39;)\r\n    );\r\n    \r\n    // Replace url\r\n    $request = new Request();\r\n    \r\n    $baseUrlFront    = str_replace(&#39;/backend/web&#39;, &#39;/frontend/web&#39;, $request-&gt;getBaseUrl());\r\n    $scriptUrlFront  = str_replace(&#39;/backend/web&#39;, &#39;/frontend/web&#39;, $request-&gt;getScriptUrl());\r\n    \r\n    return [\r\n        &#39;id&#39; =&gt; &#39;app-backend&#39;,\r\n        &#39;basePath&#39; =&gt; dirname(__DIR__),\r\n        &#39;controllerNamespace&#39; =&gt; &#39;backend\\controllers&#39;,\r\n        &#39;bootstrap&#39; =&gt; [&#39;log&#39;],\r\n        &#39;modules&#39; =&gt; [],\r\n        &#39;components&#39; =&gt; [\r\n           \r\n            &#39;user&#39; =&gt; [\r\n    \r\n                &#39;identityClass&#39; =&gt; &#39;common\\models\\User&#39;,\r\n                &#39;enableAutoLogin&#39; =&gt; true,\r\n                &#39;identityCookie&#39; =&gt; [\r\n                    &#39;name&#39; =&gt; &#39;_backendUser&#39;, // unique for backend\r\n                    &#39;path&#39;=&gt;&#39;/backend/web&#39; , // correct path for the backend app.\r\n    \r\n                ]\r\n            ],\r\n            &#39;session&#39; =&gt; [\r\n                &#39;name&#39; =&gt; &#39;regergwer2343423f238h923f9h9234&#39;, // unique for backend\r\n                &#39;savePath&#39; =&gt; __DIR__ . &#39;/../runtime&#39;, // a temporary folder on backend\r\n    \r\n            ],\r\n            &#39;log&#39; =&gt; [\r\n                &#39;traceLevel&#39; =&gt; YII_DEBUG ? 3 : 0,\r\n                &#39;targets&#39; =&gt; [\r\n                    [\r\n                        &#39;class&#39; =&gt; &#39;yii\\log\\FileTarget&#39;,\r\n                        &#39;levels&#39; =&gt; [&#39;error&#39;, &#39;warning&#39;],\r\n                    ],\r\n                ],\r\n            ],\r\n            &#39;errorHandler&#39; =&gt; [\r\n                &#39;errorAction&#39; =&gt; &#39;site/error&#39;,\r\n            ],\r\n            &#39;i18n&#39;            =&gt; [\r\n                &#39;translations&#39; =&gt; [\r\n                    &#39;writesdown&#39; =&gt; [\r\n                        &#39;class&#39;          =&gt; &#39;yii\\i18n\\PhpMessageSource&#39;,\r\n                        &#39;basePath&#39;       =&gt; &#39;@app/messages&#39;, // if advanced application, set @frontend/messages\r\n                        &#39;sourceLanguage&#39; =&gt; &#39;en&#39;,\r\n                        &#39;fileMap&#39;        =&gt; [\r\n                            //&#39;main&#39; =&gt; &#39;main.php&#39;,\r\n                        ],\r\n                    ],\r\n                ],\r\n            ],\r\n            &#39;urlManagerFront&#39; =&gt; [\r\n                &#39;class&#39;     =&gt; &#39;yii\\web\\urlManager&#39;,\r\n                &#39;scriptUrl&#39; =&gt; $scriptUrlFront,\r\n                &#39;baseUrl&#39;   =&gt; $baseUrlFront,\r\n            ],\r\n            &#39;urlManagerBack&#39;  =&gt; [\r\n                &#39;class&#39;           =&gt; &#39;yii\\web\\urlManager&#39;,\r\n            ],\r\n            &#39;authManager&#39;     =&gt; [\r\n                &#39;class&#39; =&gt; &#39;yii\\rbac\\DbManager&#39;,\r\n            ],\r\n        ],\r\n        &#39;params&#39; =&gt; $params,\r\n    ];\r\n\r\n\r\nlayout:\r\n\r\n    &lt;?php $this-&gt;beginPage() ?&gt;\r\n        &lt;!DOCTYPE html&gt;\r\n        &lt;html lang=&quot;&lt;?= Yii::$app-&gt;language ?&gt;&quot;&gt;\r\n        &lt;head&gt;\r\n            &lt;meta charset=&quot;&lt;?= Yii::$app-&gt;charset ?&gt;&quot;&gt;\r\n            &lt;meta name=&quot;viewport&quot; content=&quot;width=device-width, initial-scale=1&quot;&gt;\r\n            &lt;meta name=&quot;robots&quot; content=&quot;noindex, nofollow&quot;&gt;\r\n            &lt;?= Html::csrfMetaTags() ?&gt;\r\n    \r\n            &lt;title&gt;WritesDown &amp;raquo; &lt;?= Html::encode($this-&gt;title) ?&gt;&lt;/title&gt;\r\n            &lt;?php $this-&gt;head() ?&gt;\r\n        &lt;/head&gt;\r\n        &lt;body\r\n            class=&quot;&lt;?= isset(Yii::$app-&gt;params[&#39;bodyClass&#39;]) ? Yii::$app-&gt;params[&#39;bodyClass&#39;] : &quot;skin-blue sidebar-mini&quot;; ?&gt;&quot;&gt;\r\n        &lt;?php $this-&gt;beginBody() ?&gt;\r\n        &lt;?= $content; ?&gt;\r\n        &lt;?php $this-&gt;endBody() ?&gt;\r\n        &lt;/body&gt;\r\n        &lt;/html&gt;\r\n    &lt;?php $this-&gt;endPage() ?&gt;\r\n\r\n",
            "link": "https://stackoverflow.com/questions/50343037/yii2-advanced-unable-to-verify-your-data-submission-error",
            "title": "Yii2 advanced, Unable to verify your data submission error",
            "body": "<p>I am using yii2 advanced template to build a website.\nwhen I want to use a form to create a new row it works, but in the second submission or update after a couple of seconds I am getting this error.\nI read many of answers here but I dont want to disable crf token and aleardy I have</p>\n\n<pre><code>&lt;?= Html::csrfMetaTags() ?&gt;\n</code></pre>\n\n<p>on my layout <code>&lt;head/&gt;</code></p>\n\n<p>any suggestions!?.</p>\n\n<p>config file:</p>\n\n<pre><code>use \\yii\\web\\Request;\n\n$params = array_merge(\n    require(__DIR__ . '/../../common/config/params.php'),\n    require(__DIR__ . '/../../common/config/params-local.php'),\n    require(__DIR__ . '/params.php'),\n    require(__DIR__ . '/params-local.php')\n);\n\n// Replace url\n$request = new Request();\n\n$baseUrlFront    = str_replace('/backend/web', '/frontend/web', $request-&gt;getBaseUrl());\n$scriptUrlFront  = str_replace('/backend/web', '/frontend/web', $request-&gt;getScriptUrl());\n\nreturn [\n    'id' =&gt; 'app-backend',\n    'basePath' =&gt; dirname(__DIR__),\n    'controllerNamespace' =&gt; 'backend\\controllers',\n    'bootstrap' =&gt; ['log'],\n    'modules' =&gt; [],\n    'components' =&gt; [\n\n        'user' =&gt; [\n\n            'identityClass' =&gt; 'common\\models\\User',\n            'enableAutoLogin' =&gt; true,\n            'identityCookie' =&gt; [\n                'name' =&gt; '_backendUser', // unique for backend\n                'path'=&gt;'/backend/web' , // correct path for the backend app.\n\n            ]\n        ],\n        'session' =&gt; [\n            'name' =&gt; 'regergwer2343423f238h923f9h9234', // unique for backend\n            'savePath' =&gt; __DIR__ . '/../runtime', // a temporary folder on backend\n\n        ],\n        'log' =&gt; [\n            'traceLevel' =&gt; YII_DEBUG ? 3 : 0,\n            'targets' =&gt; [\n                [\n                    'class' =&gt; 'yii\\log\\FileTarget',\n                    'levels' =&gt; ['error', 'warning'],\n                ],\n            ],\n        ],\n        'errorHandler' =&gt; [\n            'errorAction' =&gt; 'site/error',\n        ],\n        'i18n'            =&gt; [\n            'translations' =&gt; [\n                'writesdown' =&gt; [\n                    'class'          =&gt; 'yii\\i18n\\PhpMessageSource',\n                    'basePath'       =&gt; '@app/messages', // if advanced application, set @frontend/messages\n                    'sourceLanguage' =&gt; 'en',\n                    'fileMap'        =&gt; [\n                        //'main' =&gt; 'main.php',\n                    ],\n                ],\n            ],\n        ],\n        'urlManagerFront' =&gt; [\n            'class'     =&gt; 'yii\\web\\urlManager',\n            'scriptUrl' =&gt; $scriptUrlFront,\n            'baseUrl'   =&gt; $baseUrlFront,\n        ],\n        'urlManagerBack'  =&gt; [\n            'class'           =&gt; 'yii\\web\\urlManager',\n        ],\n        'authManager'     =&gt; [\n            'class' =&gt; 'yii\\rbac\\DbManager',\n        ],\n    ],\n    'params' =&gt; $params,\n];\n</code></pre>\n\n<p>layout:</p>\n\n<pre><code>&lt;?php $this-&gt;beginPage() ?&gt;\n    &lt;!DOCTYPE html&gt;\n    &lt;html lang=\"&lt;?= Yii::$app-&gt;language ?&gt;\"&gt;\n    &lt;head&gt;\n        &lt;meta charset=\"&lt;?= Yii::$app-&gt;charset ?&gt;\"&gt;\n        &lt;meta name=\"viewport\" content=\"width=device-width, initial-scale=1\"&gt;\n        &lt;meta name=\"robots\" content=\"noindex, nofollow\"&gt;\n        &lt;?= Html::csrfMetaTags() ?&gt;\n\n        &lt;title&gt;WritesDown &amp;raquo; &lt;?= Html::encode($this-&gt;title) ?&gt;&lt;/title&gt;\n        &lt;?php $this-&gt;head() ?&gt;\n    &lt;/head&gt;\n    &lt;body\n        class=\"&lt;?= isset(Yii::$app-&gt;params['bodyClass']) ? Yii::$app-&gt;params['bodyClass'] : \"skin-blue sidebar-mini\"; ?&gt;\"&gt;\n    &lt;?php $this-&gt;beginBody() ?&gt;\n    &lt;?= $content; ?&gt;\n    &lt;?php $this-&gt;endBody() ?&gt;\n    &lt;/body&gt;\n    &lt;/html&gt;\n&lt;?php $this-&gt;endPage() ?&gt;\n</code></pre>\n"
        },
        {
            "tags": [
                "spring",
                "spring-boot",
                "health-monitoring"
            ],
            "owner": {
                "reputation": 171,
                "user_id": 4735926,
                "user_type": "registered",
                "accept_rate": 71,
                "profile_image": "https://lh5.googleusercontent.com/-z8o2iOFxuxg/AAAAAAAAAAI/AAAAAAAALcs/G61iQPQKhJM/photo.jpg?sz=128",
                "display_name": "Nagendra Kakarla",
                "link": "https://stackoverflow.com/users/4735926/nagendra-kakarla"
            },
            "is_answered": true,
            "view_count": 2655,
            "accepted_answer_id": 35466848,
            "answer_count": 2,
            "score": 5,
            "last_activity_date": 1526455510,
            "creation_date": 1455736157,
            "last_edit_date": 1455740694,
            "question_id": 35465556,
            "body_markdown": "I set the `endpoints.health.path` property to `/ping/me`. But I cannot access the endpoint using http://localhost:9000/ping/me\r\nIt only works with http://localhost:9000/health. What am I missing ?\r\nHere is the code in app properties file.\r\n\r\n    #Configuration for Health endpoint\r\n    endpoints.health.id=health\r\n    endpoints.health.path=/ping/me\r\n    endpoints.health.enabled=true\r\n    endpoints.health.sensitive=false\r\n\r\n    #Manage endpoints\r\n    management.port=9000\r\n    management.health.diskspace.enabled=false\r\n    \r\nThe response I get is :\r\n\r\n    {\r\n    &quot;timestamp&quot; : 1455736069839,\r\n    &quot;status&quot; : 404,\r\n    &quot;error&quot; : &quot;Not Found&quot;,\r\n    &quot;message&quot; : &quot;Not Found&quot;,\r\n    &quot;path&quot; : &quot;/ping/me&quot;\r\n    }",
            "link": "https://stackoverflow.com/questions/35465556/spring-boot-change-the-location-of-the-health-endpoint-to-ping-me",
            "title": "Spring Boot - Change the location of the /health endpoint to /ping/me",
            "body": "<p>I set the <code>endpoints.health.path</code> property to <code>/ping/me</code>. But I cannot access the endpoint using <a href=\"http://localhost:9000/ping/me\" rel=\"noreferrer\">http://localhost:9000/ping/me</a>\nIt only works with <a href=\"http://localhost:9000/health\" rel=\"noreferrer\">http://localhost:9000/health</a>. What am I missing ?\nHere is the code in app properties file.</p>\n\n<pre><code>#Configuration for Health endpoint\nendpoints.health.id=health\nendpoints.health.path=/ping/me\nendpoints.health.enabled=true\nendpoints.health.sensitive=false\n\n#Manage endpoints\nmanagement.port=9000\nmanagement.health.diskspace.enabled=false\n</code></pre>\n\n<p>The response I get is :</p>\n\n<pre><code>{\n\"timestamp\" : 1455736069839,\n\"status\" : 404,\n\"error\" : \"Not Found\",\n\"message\" : \"Not Found\",\n\"path\" : \"/ping/me\"\n}\n</code></pre>\n"
        },
        {
            "tags": [
                "r",
                "submatrix"
            ],
            "owner": {
                "reputation": 32,
                "user_id": 9667766,
                "user_type": "registered",
                "profile_image": "https://i.stack.imgur.com/KNx7C.jpg?s=128&g=1",
                "display_name": "Sam",
                "link": "https://stackoverflow.com/users/9667766/sam"
            },
            "is_answered": true,
            "view_count": 66,
            "accepted_answer_id": 50325045,
            "answer_count": 1,
            "score": 3,
            "last_activity_date": 1526455501,
            "creation_date": 1526282691,
            "last_edit_date": 1526447961,
            "question_id": 50324987,
            "body_markdown": "    Nh&lt;-matrix(c(17,26,30,17,23, 17 ,24, 23), nrow=2, ncol=4); Nh\r\n    Sh&lt;-matrix(c(8.290133, 6.241174, 6.096808, 7.4449672, 6.894924, 7.692115, \r\n                 4.540521, 7.409122), nrow=2, ncol=4); Sh\r\n    NhSh&lt;-as.matrix(Nh*Sh); NhSh\r\n    rh&lt;-c( 0.70710678, 0.40824829, 0.28867513, 0.22360680, 0.18257419, \r\n           0.15430335, 0.13363062, 0.11785113, 0.10540926, 0.09534626); rh\r\n\r\n    pv &lt;- c()\r\n    for (j in 1:2) {\r\n      for (i in 1:4) {\r\n        \r\n        pv &lt;- rbind(pv, NhSh[j,i]*rh)\r\n      }\r\n    }\r\n    pv\r\n\r\n    row.names(pv) &lt;- rep(c(1:2), each = 4)\r\n    lst&lt;-lapply(split(seq_len(nrow(pv)), as.numeric(row.names(pv))), function(i) \r\n    pv[i,])\r\n\r\n    data&lt;-40\r\n    nlargest &lt;- function(x, data) \r\n    {\r\n      res &lt;- order(x)[seq_len(data)];\r\n      pos &lt;- arrayInd(res, dim(x), useNames = TRUE);\r\n      list(values = pv[res], position = pos)\r\n    }\r\n    out &lt;- lapply(lst, nlargest, data = 40)\r\n    \r\n In continuation of above code Is there any brief way of repeating the following steps for each out$k$position for k in 1:2? \r\n\r\n    s1&lt;-c(1,1,1,1); ch&lt;-c(5,7,10,5); C&lt;-150; a&lt;-out$&#39;1&#39;$position \r\n    for (j in a[40:1, &quot;row&quot;] ) \r\n    {\r\n     s1[j] &lt;- s1[j]+1;\r\n     cost1 &lt;- sum(ch*s1);\r\n     if (cost1&gt;=C) break\r\n    }\r\n    s1; cost1\r\n    #Output [1] 5 6 6 5  \r\n\r\n    #       [1] 152\r\n\r\nI have to get 2 values for &#39;s&#39; and &#39;cost&#39; for out$k$position. I tried \r\n\r\n    mat = replicate (2,{x = matrix(data = rep(NA, 80), ncol = 2)}); mat\r\n    for (k in 1:2)\r\n    {\r\n      mat[,,k]&lt;-out$&#39;k&#39;$position\r\n    }\r\n    mat\r\n\r\n**Error** in mat[, , k] &lt;- out$k$position :number of items to replace is not a multiple of replacement length\r\n    \r\n    for (k in 1:2)\r\n    {\r\n    for (j in mat[,,k][40:1] ) {\r\n      s[j] &lt;- s[j]+1  \r\n      cost &lt;- sum(ch*s)\r\n      if (cost&gt;=C) break\r\n      \r\n    }\r\n    }\r\n    s; cost\r\n\r\n**Error** : Error in s[j] &lt;- s[j] + 1 : NAs are not allowed in subscripted assignments\r\n\r\nPlease anyone help in resolving these errors.",
            "link": "https://stackoverflow.com/questions/50324987/manipulating-sub-matrices-in-r",
            "title": "Manipulating sub matrices in R",
            "body": "<pre><code>Nh&lt;-matrix(c(17,26,30,17,23, 17 ,24, 23), nrow=2, ncol=4); Nh\nSh&lt;-matrix(c(8.290133, 6.241174, 6.096808, 7.4449672, 6.894924, 7.692115, \n             4.540521, 7.409122), nrow=2, ncol=4); Sh\nNhSh&lt;-as.matrix(Nh*Sh); NhSh\nrh&lt;-c( 0.70710678, 0.40824829, 0.28867513, 0.22360680, 0.18257419, \n       0.15430335, 0.13363062, 0.11785113, 0.10540926, 0.09534626); rh\n\npv &lt;- c()\nfor (j in 1:2) {\n  for (i in 1:4) {\n\n    pv &lt;- rbind(pv, NhSh[j,i]*rh)\n  }\n}\npv\n\nrow.names(pv) &lt;- rep(c(1:2), each = 4)\nlst&lt;-lapply(split(seq_len(nrow(pv)), as.numeric(row.names(pv))), function(i) \npv[i,])\n\ndata&lt;-40\nnlargest &lt;- function(x, data) \n{\n  res &lt;- order(x)[seq_len(data)];\n  pos &lt;- arrayInd(res, dim(x), useNames = TRUE);\n  list(values = pv[res], position = pos)\n}\nout &lt;- lapply(lst, nlargest, data = 40)\n</code></pre>\n\n<p>In continuation of above code Is there any brief way of repeating the following steps for each out$k$position for k in 1:2? </p>\n\n<pre><code>s1&lt;-c(1,1,1,1); ch&lt;-c(5,7,10,5); C&lt;-150; a&lt;-out$'1'$position \nfor (j in a[40:1, \"row\"] ) \n{\n s1[j] &lt;- s1[j]+1;\n cost1 &lt;- sum(ch*s1);\n if (cost1&gt;=C) break\n}\ns1; cost1\n#Output [1] 5 6 6 5  \n\n#       [1] 152\n</code></pre>\n\n<p>I have to get 2 values for 's' and 'cost' for out$k$position. I tried </p>\n\n<pre><code>mat = replicate (2,{x = matrix(data = rep(NA, 80), ncol = 2)}); mat\nfor (k in 1:2)\n{\n  mat[,,k]&lt;-out$'k'$position\n}\nmat\n</code></pre>\n\n<p><strong>Error</strong> in mat[, , k] &lt;- out$k$position :number of items to replace is not a multiple of replacement length</p>\n\n<pre><code>for (k in 1:2)\n{\nfor (j in mat[,,k][40:1] ) {\n  s[j] &lt;- s[j]+1  \n  cost &lt;- sum(ch*s)\n  if (cost&gt;=C) break\n\n}\n}\ns; cost\n</code></pre>\n\n<p><strong>Error</strong> : Error in s[j] &lt;- s[j] + 1 : NAs are not allowed in subscripted assignments</p>\n\n<p>Please anyone help in resolving these errors.</p>\n"
        },
        {
            "tags": [
                "c#",
                "asp.net",
                ".net"
            ],
            "owner": {
                "reputation": 547,
                "user_id": 975932,
                "user_type": "registered",
                "accept_rate": 96,
                "profile_image": "https://www.gravatar.com/avatar/428d0b7ba2b58e8d5a996fc7342142b2?s=128&d=identicon&r=PG",
                "display_name": "Umair Abid",
                "link": "https://stackoverflow.com/users/975932/umair-abid"
            },
            "is_answered": true,
            "view_count": 49,
            "answer_count": 1,
            "score": 4,
            "last_activity_date": 1526455499,
            "creation_date": 1526453220,
            "last_edit_date": 1526454973,
            "question_id": 50364098,
            "body_markdown": "I am fairly new to C# and .Net, so apologies if something doesn&#39;t make sense, I will try my best to explain my problem.\r\n\r\nI have two methods which are basically going to use the similar query but with slight differences. So instead of repeating the query in both methods I created a third private method which will return the common part of the query and then the functions can add more clauses in query as they require.\r\n\r\nHere is a generic function which returns the `IQueryable` object with common part of the query\r\n\r\n    private IQueryable&lt;OfferViewModel&gt; GetOffersQueryForSeller(int sellerId)\r\n    {\r\n        return Db.Offers\r\n            .Where(o =&gt; o.Sku.SellerId == sellerId &amp;&amp; o.IsActive &amp;&amp; !o.IsDiscontinued)\r\n            .Select(o =&gt; new OfferViewModel\r\n            {\r\n                Id = o.Id,\r\n                Name = o.Sku.Name,\r\n                ImageUrl = o.Sku.ImageUrl ?? o.Sku.Upcq.Upc.ImageUrl,\r\n                QuantityName = o.Sku.QuantityName\r\n            });\r\n    } \r\n\r\n\r\nFollowing are the two method which are reusing the `IQueryable` object\r\n\r\n    public async Task&lt;List&lt;OfferViewModel&gt;&gt; GetSellerOffers(int sellerId)\r\n    {\r\n        var query = GetOffersQueryForSeller(sellerId);\r\n        return await query.ToListAsync();\r\n    }\r\n    \r\n    public async Task&lt;List&lt;OfferViewModel&gt;&gt; GetDowngradableSellerOffers(int sellerId)\r\n    {\r\n        var query = GetOffersQueryForSeller(sellerId);\r\n        return await query\r\n            .Where(o =&gt; o.Sku.Id == monthlySkuId)\r\n            .ToListAsync();\r\n    }\r\n\r\nNow `GetSellerOffers` works just fine but `GetDowngradableSellerOffers` throws a run time error with message `The specified type member &#39;Sku&#39; is not supported in LINQ to Entities.`. I asked around and one of the guys told me that I cannot add additional `where` after adding a `select` which uses a `ViewModel` because then my records will be mapped to `ViewModel` and `LINQ` will attempt to look up props of `ViewModel` instead of database columns.\r\n\r\nNow I have two questions,\r\n\r\n1. In the docs I read Entity Framework will only run query when I try to fetch the results with methods like `ToList` and if I haven&#39;t done that why it wouldn&#39;t allow me to apply conditions on database fields/\r\n\r\n2. How can I reuse the common query in my scenario?",
            "link": "https://stackoverflow.com/questions/50364098/how-to-add-new-where-condition-in-iqueryable-when-selecting-a-view-model",
            "title": "How to add new where condition in IQueryable when selecting a view model?",
            "body": "<p>I am fairly new to C# and .Net, so apologies if something doesn't make sense, I will try my best to explain my problem.</p>\n\n<p>I have two methods which are basically going to use the similar query but with slight differences. So instead of repeating the query in both methods I created a third private method which will return the common part of the query and then the functions can add more clauses in query as they require.</p>\n\n<p>Here is a generic function which returns the <code>IQueryable</code> object with common part of the query</p>\n\n<pre><code>private IQueryable&lt;OfferViewModel&gt; GetOffersQueryForSeller(int sellerId)\n{\n    return Db.Offers\n        .Where(o =&gt; o.Sku.SellerId == sellerId &amp;&amp; o.IsActive &amp;&amp; !o.IsDiscontinued)\n        .Select(o =&gt; new OfferViewModel\n        {\n            Id = o.Id,\n            Name = o.Sku.Name,\n            ImageUrl = o.Sku.ImageUrl ?? o.Sku.Upcq.Upc.ImageUrl,\n            QuantityName = o.Sku.QuantityName\n        });\n} \n</code></pre>\n\n<p>Following are the two method which are reusing the <code>IQueryable</code> object</p>\n\n<pre><code>public async Task&lt;List&lt;OfferViewModel&gt;&gt; GetSellerOffers(int sellerId)\n{\n    var query = GetOffersQueryForSeller(sellerId);\n    return await query.ToListAsync();\n}\n\npublic async Task&lt;List&lt;OfferViewModel&gt;&gt; GetDowngradableSellerOffers(int sellerId)\n{\n    var query = GetOffersQueryForSeller(sellerId);\n    return await query\n        .Where(o =&gt; o.Sku.Id == monthlySkuId)\n        .ToListAsync();\n}\n</code></pre>\n\n<p>Now <code>GetSellerOffers</code> works just fine but <code>GetDowngradableSellerOffers</code> throws a run time error with message <code>The specified type member 'Sku' is not supported in LINQ to Entities.</code>. I asked around and one of the guys told me that I cannot add additional <code>where</code> after adding a <code>select</code> which uses a <code>ViewModel</code> because then my records will be mapped to <code>ViewModel</code> and <code>LINQ</code> will attempt to look up props of <code>ViewModel</code> instead of database columns.</p>\n\n<p>Now I have two questions,</p>\n\n<ol>\n<li><p>In the docs I read Entity Framework will only run query when I try to fetch the results with methods like <code>ToList</code> and if I haven't done that why it wouldn't allow me to apply conditions on database fields/</p></li>\n<li><p>How can I reuse the common query in my scenario?</p></li>\n</ol>\n"
        },
        {
            "tags": [
                "kotlin",
                "jdbi",
                "aws-aurora"
            ],
            "owner": {
                "reputation": 480,
                "user_id": 1545567,
                "user_type": "registered",
                "accept_rate": 62,
                "profile_image": "https://www.gravatar.com/avatar/60223c651f47ca3f88e98f6d718297a7?s=128&d=identicon&r=PG",
                "display_name": "Christophe Blin",
                "link": "https://stackoverflow.com/users/1545567/christophe-blin"
            },
            "is_answered": false,
            "view_count": 11,
            "answer_count": 1,
            "score": 0,
            "last_activity_date": 1526455495,
            "creation_date": 1526452393,
            "question_id": 50363879,
            "body_markdown": "I have a working aurora cluster with a master and a slave.\r\n\r\nI use the following code to create a datasource\r\n\r\n        val jdbi: Jdbi by lazy {\r\n            val ds = MariaDbDataSource()\r\n            ds.setUrl(&quot;jdbc:mysql:aurora://cluster_endpoint/db&quot;)\r\n            ds.user = System.getenv(&quot;DB_USERNAME&quot;)\r\n            ds.setPassword(System.getenv(&quot;DB_PASSWORD&quot;))\r\n\r\n            val jdbi = Jdbi.create(ds)\r\n            jdbi.installPlugin(SqlObjectPlugin())\r\n            jdbi.installPlugin(KotlinSqlObjectPlugin())\r\n            jdbi\r\n        }\r\n\r\n Then, when I am in a readonly operation I do the following :\r\n    \r\n    jdbi.open().use { handle -&gt;\r\n        handle.setReadOnly(true)\r\n        ...\r\n    }\r\n\r\n\r\nHow can I be sure that when I do that, queries / connections are correctly routed to the slave ?\r\n\r\nI have tried to log the db instance connection\r\n\r\n    val url = handle.connection.getMetaData().getURL()\r\n    val connServer = url.substring(url.indexOf(&quot;//&quot;) + 2 , url.indexOf(&quot;.&quot;));\r\n        \r\nBut this always gives me the URL of the cluster...\r\n\r\nIs there a way to know if we are talking to the slave or to the master ?",
            "link": "https://stackoverflow.com/questions/50363879/aws-aurora-is-it-possible-to-know-if-the-slaves-are-correctly-used",
            "title": "AWS/Aurora : is it possible to know if the slaves are correctly used",
            "body": "<p>I have a working aurora cluster with a master and a slave.</p>\n\n<p>I use the following code to create a datasource</p>\n\n<pre><code>    val jdbi: Jdbi by lazy {\n        val ds = MariaDbDataSource()\n        ds.setUrl(\"jdbc:mysql:aurora://cluster_endpoint/db\")\n        ds.user = System.getenv(\"DB_USERNAME\")\n        ds.setPassword(System.getenv(\"DB_PASSWORD\"))\n\n        val jdbi = Jdbi.create(ds)\n        jdbi.installPlugin(SqlObjectPlugin())\n        jdbi.installPlugin(KotlinSqlObjectPlugin())\n        jdbi\n    }\n</code></pre>\n\n<p>Then, when I am in a readonly operation I do the following :</p>\n\n<pre><code>jdbi.open().use { handle -&gt;\n    handle.setReadOnly(true)\n    ...\n}\n</code></pre>\n\n<p>How can I be sure that when I do that, queries / connections are correctly routed to the slave ?</p>\n\n<p>I have tried to log the db instance connection</p>\n\n<pre><code>val url = handle.connection.getMetaData().getURL()\nval connServer = url.substring(url.indexOf(\"//\") + 2 , url.indexOf(\".\"));\n</code></pre>\n\n<p>But this always gives me the URL of the cluster...</p>\n\n<p>Is there a way to know if we are talking to the slave or to the master ?</p>\n"
        },
        {
            "tags": [
                "python",
                "python-import"
            ],
            "owner": {
                "reputation": 2258,
                "user_id": 282944,
                "user_type": "unregistered",
                "profile_image": "https://www.gravatar.com/avatar/fdb6804b83fd65aa3eba9a5e634251f2?s=128&d=identicon&r=PG",
                "display_name": "Tamer",
                "link": "https://stackoverflow.com/users/282944/tamer"
            },
            "is_answered": true,
            "view_count": 809567,
            "accepted_answer_id": 2349998,
            "answer_count": 10,
            "score": 451,
            "last_activity_date": 1526455486,
            "creation_date": 1267328411,
            "last_edit_date": 1526455486,
            "question_id": 2349991,
            "body_markdown": "How do I import other files in Python?\r\n\r\n 1. How exactly can I import a specific python file like `import file.py`?\r\n 2. How can I import a folder instead of a specific file?\r\n 3. I want to load a Python file dynamically at runtime, based on user\r\n    input.\r\n 4. I want to know how to load just one specific part from the file.\r\n\r\nFor example, in `main.py` I have:\r\n\r\n    from extra import * \r\n\r\nAlthough this gives me all the definitions in `extra.py`, when maybe all I want is a single definition:\r\n\r\n    def gap():\r\n        print\r\n        print\r\n\r\n\r\nWhat do I add to the `import` statement to just get `gap` from `extra.py`?\r\n",
            "link": "https://stackoverflow.com/questions/2349991/how-to-import-other-python-files",
            "title": "How to import other Python files?",
            "body": "<p>How do I import other files in Python?</p>\n\n<ol>\n<li>How exactly can I import a specific python file like <code>import file.py</code>?</li>\n<li>How can I import a folder instead of a specific file?</li>\n<li>I want to load a Python file dynamically at runtime, based on user\ninput.</li>\n<li>I want to know how to load just one specific part from the file.</li>\n</ol>\n\n<p>For example, in <code>main.py</code> I have:</p>\n\n<pre><code>from extra import * \n</code></pre>\n\n<p>Although this gives me all the definitions in <code>extra.py</code>, when maybe all I want is a single definition:</p>\n\n<pre><code>def gap():\n    print\n    print\n</code></pre>\n\n<p>What do I add to the <code>import</code> statement to just get <code>gap</code> from <code>extra.py</code>?</p>\n"
        },
        {
            "tags": [
                "kubernetes"
            ],
            "owner": {
                "reputation": 539,
                "user_id": 1236326,
                "user_type": "registered",
                "accept_rate": 50,
                "profile_image": "https://www.gravatar.com/avatar/19364e9fcedf07efd137d751295402d2?s=128&d=identicon&r=PG",
                "display_name": "ProGirlXOXO",
                "link": "https://stackoverflow.com/users/1236326/progirlxoxo"
            },
            "is_answered": false,
            "view_count": 140,
            "bounty_amount": 50,
            "bounty_closes_date": 1526927390,
            "answer_count": 1,
            "score": 3,
            "last_activity_date": 1526455485,
            "creation_date": 1525741681,
            "last_edit_date": 1526343304,
            "question_id": 50224404,
            "body_markdown": "I want a job to trigger every 15 minutes but it is consistently triggering every 30 minutes.\r\n\r\n**UPDATE:**\r\n\r\nI&#39;ve simplified the problem by just running:\r\n\r\n    kubectl run hello --schedule=&quot;*/1 * * * *&quot; --restart=OnFailure --image=busybox -- /bin/sh -c &quot;date; echo Hello from the Kubernetes cluster&quot;\r\n\r\nAs specified in the docs here: https://kubernetes.io/docs/tasks/job/automated-tasks-with-cron-jobs/\r\n\r\nand yet the job still refuses to run on time.\r\n\r\n    $ kubectl get cronjobs\r\n    NAME               SCHEDULE      SUSPEND   ACTIVE    LAST SCHEDULE   AGE\r\n    hello              */1 * * * *   False     1         5m              30m\r\n    hello2             */1 * * * *   False     1         5m              12m\r\n\r\nIt took 25 minutes for the command line created cronjob to run and 7 minutes for the cronjob created from yaml.  They were both finally scheduled at the same time so it&#39;s almost like etcd finally woke up and did something?\r\n\r\n**ORIGINAL ISSUE:**\r\n\r\nWhen I drill into an active job I see `Status: Terminated: Completed` but \r\n`Age: 25 minutes` or something greater than 15.  \r\n\r\nIn the logs I see that the python script meant to run has completed it&#39;s final print statement.  The script takes about ~2min to complete based on it&#39;s output file in s3.  Then no new job is scheduled for 28 more minutes.\r\n\r\nI have tried with different configurations:\r\n\r\n`Schedule: */15 * * * *` AND `Schedule: 0,15,30,45 * * * *`\r\n\r\nAs well as\r\n\r\n`Concurrency Policy: Forbid` AND `Concurrency Policy: Replace`\r\n\r\nWhat else could be going wrong here?\r\n\r\nFull config with identifying lines modified:\r\n\r\n    apiVersion: batch/v1beta1\r\n    kind: CronJob\r\n    metadata:\r\n      labels:\r\n        type: f-c\r\n      name: f-c-p\r\n      namespace: extract\r\n    spec:\r\n      concurrencyPolicy: Forbid\r\n      failedJobsHistoryLimit: 1\r\n      jobTemplate:\r\n        metadata:\r\n          creationTimestamp: null\r\n        spec:\r\n          template:\r\n            metadata:\r\n              creationTimestamp: null\r\n              labels:\r\n                type: f-c\r\n            spec:\r\n              containers:\r\n              - args:\r\n                - /f_c.sh\r\n                image: identifier.amazonaws.com/extract_transform:latest\r\n                imagePullPolicy: Always\r\n                env:\r\n                - name: ENV\r\n                  value: prod\r\n                - name: SLACK_TOKEN\r\n                  valueFrom:\r\n                    secretKeyRef:\r\n                      key: slack_token\r\n                      name: api-tokens\r\n                - name: AWS_ACCESS_KEY_ID\r\n                  valueFrom:\r\n                    secretKeyRef:\r\n                      key: aws_access_key_id\r\n                      name: api-tokens\r\n                - name: AWS_SECRET_ACCESS_KEY\r\n                  valueFrom:\r\n                    secretKeyRef:\r\n                      key: aws_secret_access_key\r\n                      name: api-tokens\r\n                - name: F_ACCESS_TOKEN\r\n                  valueFrom:\r\n                    secretKeyRef:\r\n                      key: f_access_token\r\n                      name: api-tokens\r\n                name: s-f-c\r\n                resources: {}\r\n                terminationMessagePath: /dev/termination-log\r\n                terminationMessagePolicy: File\r\n              dnsPolicy: ClusterFirst\r\n              restartPolicy: Never\r\n              schedulerName: default-scheduler\r\n              securityContext: {}\r\n              terminationGracePeriodSeconds: 30\r\n      schedule: &#39;*/15 * * * *&#39;\r\n      successfulJobsHistoryLimit: 1\r\n      suspend: false\r\n    status: {}\r\n\r\n",
            "link": "https://stackoverflow.com/questions/50224404/kubernetes-cronjob-only-runs-half-the-time",
            "title": "Kubernetes Cronjob Only Runs Half the Time",
            "body": "<p>I want a job to trigger every 15 minutes but it is consistently triggering every 30 minutes.</p>\n\n<p><strong>UPDATE:</strong></p>\n\n<p>I've simplified the problem by just running:</p>\n\n<pre><code>kubectl run hello --schedule=\"*/1 * * * *\" --restart=OnFailure --image=busybox -- /bin/sh -c \"date; echo Hello from the Kubernetes cluster\"\n</code></pre>\n\n<p>As specified in the docs here: <a href=\"https://kubernetes.io/docs/tasks/job/automated-tasks-with-cron-jobs/\" rel=\"nofollow noreferrer\">https://kubernetes.io/docs/tasks/job/automated-tasks-with-cron-jobs/</a></p>\n\n<p>and yet the job still refuses to run on time.</p>\n\n<pre><code>$ kubectl get cronjobs\nNAME               SCHEDULE      SUSPEND   ACTIVE    LAST SCHEDULE   AGE\nhello              */1 * * * *   False     1         5m              30m\nhello2             */1 * * * *   False     1         5m              12m\n</code></pre>\n\n<p>It took 25 minutes for the command line created cronjob to run and 7 minutes for the cronjob created from yaml.  They were both finally scheduled at the same time so it's almost like etcd finally woke up and did something?</p>\n\n<p><strong>ORIGINAL ISSUE:</strong></p>\n\n<p>When I drill into an active job I see <code>Status: Terminated: Completed</code> but \n<code>Age: 25 minutes</code> or something greater than 15.  </p>\n\n<p>In the logs I see that the python script meant to run has completed it's final print statement.  The script takes about ~2min to complete based on it's output file in s3.  Then no new job is scheduled for 28 more minutes.</p>\n\n<p>I have tried with different configurations:</p>\n\n<p><code>Schedule: */15 * * * *</code> AND <code>Schedule: 0,15,30,45 * * * *</code></p>\n\n<p>As well as</p>\n\n<p><code>Concurrency Policy: Forbid</code> AND <code>Concurrency Policy: Replace</code></p>\n\n<p>What else could be going wrong here?</p>\n\n<p>Full config with identifying lines modified:</p>\n\n<pre><code>apiVersion: batch/v1beta1\nkind: CronJob\nmetadata:\n  labels:\n    type: f-c\n  name: f-c-p\n  namespace: extract\nspec:\n  concurrencyPolicy: Forbid\n  failedJobsHistoryLimit: 1\n  jobTemplate:\n    metadata:\n      creationTimestamp: null\n    spec:\n      template:\n        metadata:\n          creationTimestamp: null\n          labels:\n            type: f-c\n        spec:\n          containers:\n          - args:\n            - /f_c.sh\n            image: identifier.amazonaws.com/extract_transform:latest\n            imagePullPolicy: Always\n            env:\n            - name: ENV\n              value: prod\n            - name: SLACK_TOKEN\n              valueFrom:\n                secretKeyRef:\n                  key: slack_token\n                  name: api-tokens\n            - name: AWS_ACCESS_KEY_ID\n              valueFrom:\n                secretKeyRef:\n                  key: aws_access_key_id\n                  name: api-tokens\n            - name: AWS_SECRET_ACCESS_KEY\n              valueFrom:\n                secretKeyRef:\n                  key: aws_secret_access_key\n                  name: api-tokens\n            - name: F_ACCESS_TOKEN\n              valueFrom:\n                secretKeyRef:\n                  key: f_access_token\n                  name: api-tokens\n            name: s-f-c\n            resources: {}\n            terminationMessagePath: /dev/termination-log\n            terminationMessagePolicy: File\n          dnsPolicy: ClusterFirst\n          restartPolicy: Never\n          schedulerName: default-scheduler\n          securityContext: {}\n          terminationGracePeriodSeconds: 30\n  schedule: '*/15 * * * *'\n  successfulJobsHistoryLimit: 1\n  suspend: false\nstatus: {}\n</code></pre>\n"
        },
        {
            "tags": [
                "reactjs",
                "redux-saga",
                "react-router-redux"
            ],
            "owner": {
                "reputation": 141,
                "user_id": 2709028,
                "user_type": "registered",
                "accept_rate": 20,
                "profile_image": "https://www.gravatar.com/avatar/4ec13a8f7a2ecc6b2a5ededae6714838?s=128&d=identicon&r=PG&f=1",
                "display_name": "Thomas",
                "link": "https://stackoverflow.com/users/2709028/thomas"
            },
            "is_answered": false,
            "view_count": 23,
            "answer_count": 0,
            "score": 0,
            "last_activity_date": 1526455481,
            "creation_date": 1526442159,
            "question_id": 50362171,
            "body_markdown": "I&#39;m stuck on an error happening in a Saga when attempting to use react-router-redux 5.0.0-alpha.9.\r\n\r\n    import { push } from &#39;react-router-redux&#39;;\r\n    import ReactOnRails from &#39;react-on-rails&#39;;\r\n    import { call, put, takeLatest } from &#39;redux-saga/effects&#39;;\r\n    import { LOGIN, loginSuccess, loginFailure } from &#39;../users/actions&#39;;\r\n    import loginService from &#39;./services&#39;;\r\n    \r\n    function* loginSaga(action) {\r\n      const { loginValues } = action;\r\n    \r\n      try {\r\n        const loginData = yield call(loginService, loginValues);\r\n        const store = ReactOnRails.getStore(&#39;appStore&#39;, false);\r\n        yield put(loginSuccess(loginData));\r\n        yield call(store.dispatch(push(&#39;/&#39;)));\r\n      } catch (error) {\r\n        yield put(loginFailure(error.response.data.error));\r\n      }\r\n    }\r\n    \r\n    function* loginWatcherSaga() {\r\n      yield takeLatest(LOGIN, loginSaga);\r\n    }\r\n    \r\n    export default loginWatcherSaga;\r\n\r\n\r\nThe issue happens on login success.  It will successfully call the &#39;loginSuccess&#39; action and then go to the `yield call(store.dispatch(push(&#39;/&#39;)));` line, but it bombs and jumps to the catch.  Here&#39;s the error message:\r\n\r\n    utils.js:225 uncaught at check call: argument fn is undefined\r\n    log @ utils.js:225\r\n    check @ utils.js:29\r\n    getFnCallDesc @ io.js:88\r\n    call @ io.js:113\r\n    loginSaga @ sagas.js:14\r\n    next @ proc.js:311\r\n    currCb @ proc.js:388\r\n    (anonymous) @ proc.js:499\r\n    exec @ scheduler.js:19\r\n    flush @ scheduler.js:60\r\n    asap @ scheduler.js:33\r\n    runPutEffect @ proc.js:486\r\n    runEffect @ proc.js:435\r\n    next @ proc.js:315\r\n    currCb @ proc.js:388\r\n    Promise.then (async)\r\n    resolvePromise @ proc.js:450\r\n    runCallEffect @ proc.js:517\r\n    runEffect @ proc.js:435\r\n    next @ proc.js:315\r\n    proc @ proc.js:270\r\n    runForkEffect @ proc.js:554\r\n    runEffect @ proc.js:435\r\n    next @ proc.js:315\r\n    currCb @ proc.js:388\r\n    takeCb @ proc.js:466\r\n    put @ channel.js:73\r\n    (anonymous) @ channel.js:161\r\n    (anonymous) @ channel.js:186\r\n    exec @ scheduler.js:19\r\n    flush @ scheduler.js:60\r\n    asap @ scheduler.js:33\r\n    (anonymous) @ channel.js:185\r\n    emit @ channel.js:26\r\n    (anonymous) @ middleware.js:67\r\n    login @ LoginForm.jsx:131\r\n    handleSubmit @ LoginForm.jsx:31\r\n    callCallback @ react-dom.development.js:542\r\n\r\nEssentially it is bombing on this line:\r\n\r\n    yield call(store.dispatch(push(&#39;/&#39;)));\r\n\r\nWhen I debug into it, push is undefined.  I have no reason why.  I have this exact code working in a different saga:\r\n\r\n    function* setPasswordSaga(action) {\r\n      try {\r\n        const response = yield call(setPasswordService, action.passwordValues);\r\n        const store = ReactOnRails.getStore(&#39;appStore&#39;, false);\r\n        yield put(setPasswordSuccess(response));\r\n        yield call(store.dispatch(push(&#39;/&#39;)));\r\n      } catch (error) {\r\n        yield put(setPasswordFailure(error.response.data.user));\r\n      }\r\n    }\r\n\r\nIt changes the routing just fine.  I haven&#39;t been able to figure out why one works and the other doesn&#39;t.  Any ideas?  \r\n\r\nIs there a better way to do this?  I was trying to do the routing in the action, but the state wasn&#39;t updating in the component before it was being rendered so I have to somehow execute the service, update the state, then update the route.  Confused on the best way to do this.\r\n\r\nThanks!",
            "link": "https://stackoverflow.com/questions/50362171/react-router-redux-sagas-push-undefined",
            "title": "React-Router-Redux / Sagas / Push Undefined",
            "body": "<p>I'm stuck on an error happening in a Saga when attempting to use react-router-redux 5.0.0-alpha.9.</p>\n\n<pre><code>import { push } from 'react-router-redux';\nimport ReactOnRails from 'react-on-rails';\nimport { call, put, takeLatest } from 'redux-saga/effects';\nimport { LOGIN, loginSuccess, loginFailure } from '../users/actions';\nimport loginService from './services';\n\nfunction* loginSaga(action) {\n  const { loginValues } = action;\n\n  try {\n    const loginData = yield call(loginService, loginValues);\n    const store = ReactOnRails.getStore('appStore', false);\n    yield put(loginSuccess(loginData));\n    yield call(store.dispatch(push('/')));\n  } catch (error) {\n    yield put(loginFailure(error.response.data.error));\n  }\n}\n\nfunction* loginWatcherSaga() {\n  yield takeLatest(LOGIN, loginSaga);\n}\n\nexport default loginWatcherSaga;\n</code></pre>\n\n<p>The issue happens on login success.  It will successfully call the 'loginSuccess' action and then go to the <code>yield call(store.dispatch(push('/')));</code> line, but it bombs and jumps to the catch.  Here's the error message:</p>\n\n<pre><code>utils.js:225 uncaught at check call: argument fn is undefined\nlog @ utils.js:225\ncheck @ utils.js:29\ngetFnCallDesc @ io.js:88\ncall @ io.js:113\nloginSaga @ sagas.js:14\nnext @ proc.js:311\ncurrCb @ proc.js:388\n(anonymous) @ proc.js:499\nexec @ scheduler.js:19\nflush @ scheduler.js:60\nasap @ scheduler.js:33\nrunPutEffect @ proc.js:486\nrunEffect @ proc.js:435\nnext @ proc.js:315\ncurrCb @ proc.js:388\nPromise.then (async)\nresolvePromise @ proc.js:450\nrunCallEffect @ proc.js:517\nrunEffect @ proc.js:435\nnext @ proc.js:315\nproc @ proc.js:270\nrunForkEffect @ proc.js:554\nrunEffect @ proc.js:435\nnext @ proc.js:315\ncurrCb @ proc.js:388\ntakeCb @ proc.js:466\nput @ channel.js:73\n(anonymous) @ channel.js:161\n(anonymous) @ channel.js:186\nexec @ scheduler.js:19\nflush @ scheduler.js:60\nasap @ scheduler.js:33\n(anonymous) @ channel.js:185\nemit @ channel.js:26\n(anonymous) @ middleware.js:67\nlogin @ LoginForm.jsx:131\nhandleSubmit @ LoginForm.jsx:31\ncallCallback @ react-dom.development.js:542\n</code></pre>\n\n<p>Essentially it is bombing on this line:</p>\n\n<pre><code>yield call(store.dispatch(push('/')));\n</code></pre>\n\n<p>When I debug into it, push is undefined.  I have no reason why.  I have this exact code working in a different saga:</p>\n\n<pre><code>function* setPasswordSaga(action) {\n  try {\n    const response = yield call(setPasswordService, action.passwordValues);\n    const store = ReactOnRails.getStore('appStore', false);\n    yield put(setPasswordSuccess(response));\n    yield call(store.dispatch(push('/')));\n  } catch (error) {\n    yield put(setPasswordFailure(error.response.data.user));\n  }\n}\n</code></pre>\n\n<p>It changes the routing just fine.  I haven't been able to figure out why one works and the other doesn't.  Any ideas?  </p>\n\n<p>Is there a better way to do this?  I was trying to do the routing in the action, but the state wasn't updating in the component before it was being rendered so I have to somehow execute the service, update the state, then update the route.  Confused on the best way to do this.</p>\n\n<p>Thanks!</p>\n"
        },
        {
            "tags": [
                "c#",
                "asp.net",
                "asp.net-core",
                "nuget-package"
            ],
            "owner": {
                "reputation": 258,
                "user_id": 1831539,
                "user_type": "registered",
                "accept_rate": 100,
                "profile_image": "https://www.gravatar.com/avatar/8630809af77e9886244c2862e238280d?s=128&d=identicon&r=PG&f=1",
                "display_name": "User193452",
                "link": "https://stackoverflow.com/users/1831539/user193452"
            },
            "is_answered": false,
            "view_count": 142,
            "bounty_amount": 50,
            "bounty_closes_date": 1526893064,
            "answer_count": 0,
            "score": 0,
            "last_activity_date": 1526455477,
            "creation_date": 1525331017,
            "last_edit_date": 1526455477,
            "question_id": 50148813,
            "body_markdown": "I have an ASP.NET Core Angular web application. I created this project with Visual studio 2017 angular template.  I made a very basic application with the newest dependencies:\r\n\r\n - Microsoft.AspNetCore.All (2.0.7) as NuGET \r\n - Microsoft.NETCore.App (2.0.0) as SDK\r\n\r\nWe can build the application but when debugging , we encounter an exception as below:\r\n\r\n&gt; System.IO.FileLoadException   HResult=0x80131040   Message=Could not\r\n&gt; load file or assembly &#39;System.ComponentModel.Primitives,\r\n&gt; Version=4.2.0.0, Culture=neutral, PublicKeyToken=b03f5f7f11d50a3a&#39;. \r\n&gt; The located assembly&#39;s manifest definition does not match the assembly\r\n&gt; reference. (Exception from HRESULT: 0x80131040)  \r\n&gt; Source=Microsoft.Extensions.FileProviders.Physical\r\n\r\n   \r\nHere is the StackTrace:\r\n\r\nStackTrace: at `Microsoft.Extensions.FileProviders.PhysicalFileProvider.CreateFileWatcher(String root)\r\nat Microsoft.AspNetCore.Hosting.Internal.HostingEnvironmentExtensions.Initialize(IHostingEnvironment hostingEnvironment, String applicationName, String contentRootPath, WebHostOptions options)    at Microsoft.AspNetCore.Hosting.WebHostBuilder.BuildCommonServices(AggregateException&amp; hostingStartupErrors)    at Microsoft.AspNetCore.Hosting.WebHostBuilder.Build()    at WebApp.Program.BuildWebHost(String[] args) in D:\\Source\\WebApp\\Program.cs:line 21    at WebApp.Program.Main(String[] args) in D:\\Source\\WebApp\\Program.cs:line 17`\r\n\r\nWe tried going to older versions of ASP.NET Core and back. The issue solves but next time we open the project the same exception happens. We cannot change the version of the Microsoft.NETCore.App (2.0.0) to newer versions because it is \r\n`blocked by the project`.\r\n\r\n\r\nNote that we have changed the location of NugetPackages to be in specific folder (D:\\Source\\Library) (for the purpose of source control).\r\n\r\n",
            "link": "https://stackoverflow.com/questions/50148813/assembly-exception-in-asp-net-core-angular-project",
            "title": "Assembly Exception in ASP.Net Core Angular project",
            "body": "<p>I have an ASP.NET Core Angular web application. I created this project with Visual studio 2017 angular template.  I made a very basic application with the newest dependencies:</p>\n\n<ul>\n<li>Microsoft.AspNetCore.All (2.0.7) as NuGET </li>\n<li>Microsoft.NETCore.App (2.0.0) as SDK</li>\n</ul>\n\n<p>We can build the application but when debugging , we encounter an exception as below:</p>\n\n<blockquote>\n  <p>System.IO.FileLoadException   HResult=0x80131040   Message=Could not\n  load file or assembly 'System.ComponentModel.Primitives,\n  Version=4.2.0.0, Culture=neutral, PublicKeyToken=b03f5f7f11d50a3a'. \n  The located assembly's manifest definition does not match the assembly\n  reference. (Exception from HRESULT: 0x80131040)<br>\n  Source=Microsoft.Extensions.FileProviders.Physical</p>\n</blockquote>\n\n<p>Here is the StackTrace:</p>\n\n<p>StackTrace: at <code>Microsoft.Extensions.FileProviders.PhysicalFileProvider.CreateFileWatcher(String root)\nat Microsoft.AspNetCore.Hosting.Internal.HostingEnvironmentExtensions.Initialize(IHostingEnvironment hostingEnvironment, String applicationName, String contentRootPath, WebHostOptions options)    at Microsoft.AspNetCore.Hosting.WebHostBuilder.BuildCommonServices(AggregateException&amp; hostingStartupErrors)    at Microsoft.AspNetCore.Hosting.WebHostBuilder.Build()    at WebApp.Program.BuildWebHost(String[] args) in D:\\Source\\WebApp\\Program.cs:line 21    at WebApp.Program.Main(String[] args) in D:\\Source\\WebApp\\Program.cs:line 17</code></p>\n\n<p>We tried going to older versions of ASP.NET Core and back. The issue solves but next time we open the project the same exception happens. We cannot change the version of the Microsoft.NETCore.App (2.0.0) to newer versions because it is \n<code>blocked by the project</code>.</p>\n\n<p>Note that we have changed the location of NugetPackages to be in specific folder (D:\\Source\\Library) (for the purpose of source control).</p>\n"
        },
        {
            "tags": [
                "inno-setup",
                "pascal"
            ],
            "owner": {
                "reputation": 2789,
                "user_id": 362461,
                "user_type": "registered",
                "accept_rate": 100,
                "profile_image": "https://i.stack.imgur.com/HP12a.png?s=128&g=1",
                "display_name": "Smith",
                "link": "https://stackoverflow.com/users/362461/smith"
            },
            "is_answered": false,
            "view_count": 18,
            "closed_date": 1526444245,
            "answer_count": 0,
            "score": 0,
            "last_activity_date": 1526455476,
            "creation_date": 1526427564,
            "last_edit_date": 1526455476,
            "question_id": 50360557,
            "body_markdown": "I am trying to call a function from a procedure like so\r\n\r\n    //////////////////////////////////////////\r\n    //    Add Firewall Exception         //\r\n    /////////////////////////////////////////  \r\n    procedure CallAddPortException(Value: string);\r\n    begin\r\n      SetFirewallPortException(&#39;MysqlPort&#39;; NET_FW_PROTOCOL_TCP, 3311); &#39;&lt;= Error line\r\n    end;\r\n    \r\n    //////////////////////////////////////////\r\n    //    Add Firewall Exception         //\r\n    /////////////////////////////////////////\r\n    procedure SetFirewallPortException(AppName: string; Protocol, Port: integer);\r\n    var\r\n      FirewallObject: Variant;\r\n      FirewallManager: Variant;\r\n      FirewallProfile: Variant;\r\n    begin\r\n      try\r\n        FirewallObject := CreateOleObject(&#39;HNetCfg.FwOpenPort&#39;);\r\n        FirewallObject.Name := AppName;\r\n        FirewallObject.Scope := NET_FW_SCOPE_ALL;\r\n        FirewallObject.IpVersion := NET_FW_IP_VERSION_ANY;\r\n        FirewallObject.Protocol := Protocol;\r\n        FirewallObject.Port := Port;\r\n        FirewallObject.Enabled := True;\r\n        FirewallManager := CreateOleObject(&#39;HNetCfg.FwMgr&#39;);\r\n        FirewallProfile := FirewallManager.LocalPolicy.CurrentProfile;\r\n        FirewallProfile.GloballyOpenPorts.Add(FirewallObject);\r\n      except\r\n      end;\r\n    end;    \r\n\r\nBut I can&#39;t seem to get it to work. I am getting the following error\r\n\r\n    Unknown Identifier &#39;SetFirewallPortException&#39;",
            "link": "https://stackoverflow.com/questions/50360557/inno-setup-call-a-function-from-a-procedure",
            "closed_reason": "duplicate",
            "title": "inno setup call a function from a procedure",
            "body": "<p>I am trying to call a function from a procedure like so</p>\n\n<pre><code>//////////////////////////////////////////\n//    Add Firewall Exception         //\n/////////////////////////////////////////  \nprocedure CallAddPortException(Value: string);\nbegin\n  SetFirewallPortException('MysqlPort'; NET_FW_PROTOCOL_TCP, 3311); '&lt;= Error line\nend;\n\n//////////////////////////////////////////\n//    Add Firewall Exception         //\n/////////////////////////////////////////\nprocedure SetFirewallPortException(AppName: string; Protocol, Port: integer);\nvar\n  FirewallObject: Variant;\n  FirewallManager: Variant;\n  FirewallProfile: Variant;\nbegin\n  try\n    FirewallObject := CreateOleObject('HNetCfg.FwOpenPort');\n    FirewallObject.Name := AppName;\n    FirewallObject.Scope := NET_FW_SCOPE_ALL;\n    FirewallObject.IpVersion := NET_FW_IP_VERSION_ANY;\n    FirewallObject.Protocol := Protocol;\n    FirewallObject.Port := Port;\n    FirewallObject.Enabled := True;\n    FirewallManager := CreateOleObject('HNetCfg.FwMgr');\n    FirewallProfile := FirewallManager.LocalPolicy.CurrentProfile;\n    FirewallProfile.GloballyOpenPorts.Add(FirewallObject);\n  except\n  end;\nend;    \n</code></pre>\n\n<p>But I can't seem to get it to work. I am getting the following error</p>\n\n<pre><code>Unknown Identifier 'SetFirewallPortException'\n</code></pre>\n"
        },
        {
            "tags": [
                "swift",
                "swift4.1"
            ],
            "owner": {
                "reputation": 134,
                "user_id": 4796468,
                "user_type": "registered",
                "accept_rate": 86,
                "profile_image": "https://www.gravatar.com/avatar/7302ad4faab0236588980f42842f66d9?s=128&d=identicon&r=PG",
                "display_name": "arakweker",
                "link": "https://stackoverflow.com/users/4796468/arakweker"
            },
            "is_answered": false,
            "view_count": 527,
            "answer_count": 0,
            "score": 5,
            "last_activity_date": 1526455472,
            "creation_date": 1522485288,
            "last_edit_date": 1526455472,
            "question_id": 49585874,
            "body_markdown": "I&#39;m getting this warning in Xcode when I run my app in the simulator. What can I do to get rid of it?\r\n\r\n    objc[6529]: Class VCWeakObjectHolder is implemented in both /Applications/Xcode.app/Contents/Developer/Platforms/iPhoneOS.platform/Developer/Library/CoreSimulator/Profiles/Runtimes/iOS.simruntime/Contents/Resources/RuntimeRoot/System/Library/PrivateFrameworks/AVConference.framework/Frameworks/ViceroyTrace.framework/ViceroyTrace (0x13490b4d0) and /Applications/Xcode.app/Contents/Developer/Platforms/iPhoneOS.platform/Developer/Library/CoreSimulator/Profiles/Runtimes/iOS.simruntime/Contents/Resources/RuntimeRoot/System/Library/PrivateFrameworks/AVConference.framework/AVConference (0x133a37e38). One of the two will be used. Which one is undefined.\r\n\r\nCan&#39;t find a single reference on Internet to &#39;Class VCWeakObjectHolder&#39;. It is driving me nuts... although it is just a warning. \r\n\r\nUpdate: Xcode 9.3.1 and Xcode 9.4 beta both give the same warning.\r\n\r\n\r\n[![enter image description here][1]][1]\r\n\r\n\r\n  [1]: https://i.stack.imgur.com/fHmrR.png",
            "link": "https://stackoverflow.com/questions/49585874/warning-in-xcode-9-3",
            "title": "warning in Xcode 9.3",
            "body": "<p>I'm getting this warning in Xcode when I run my app in the simulator. What can I do to get rid of it?</p>\n\n<pre><code>objc[6529]: Class VCWeakObjectHolder is implemented in both /Applications/Xcode.app/Contents/Developer/Platforms/iPhoneOS.platform/Developer/Library/CoreSimulator/Profiles/Runtimes/iOS.simruntime/Contents/Resources/RuntimeRoot/System/Library/PrivateFrameworks/AVConference.framework/Frameworks/ViceroyTrace.framework/ViceroyTrace (0x13490b4d0) and /Applications/Xcode.app/Contents/Developer/Platforms/iPhoneOS.platform/Developer/Library/CoreSimulator/Profiles/Runtimes/iOS.simruntime/Contents/Resources/RuntimeRoot/System/Library/PrivateFrameworks/AVConference.framework/AVConference (0x133a37e38). One of the two will be used. Which one is undefined.\n</code></pre>\n\n<p>Can't find a single reference on Internet to 'Class VCWeakObjectHolder'. It is driving me nuts... although it is just a warning. </p>\n\n<p>Update: Xcode 9.3.1 and Xcode 9.4 beta both give the same warning.</p>\n\n<p><a href=\"https://i.stack.imgur.com/fHmrR.png\" rel=\"nofollow noreferrer\"><img src=\"https://i.stack.imgur.com/fHmrR.png\" alt=\"enter image description here\"></a></p>\n"
        },
        {
            "tags": [
                "c#",
                "vstest",
                "vstest.console.exe"
            ],
            "owner": {
                "reputation": 550,
                "user_id": 4238587,
                "user_type": "registered",
                "accept_rate": 78,
                "profile_image": "https://lh3.googleusercontent.com/-LfbyZEeD3ks/AAAAAAAAAAI/AAAAAAAAAPs/z_hYUWH-MPk/photo.jpg?sz=128",
                "display_name": "Joseph Katzman",
                "link": "https://stackoverflow.com/users/4238587/joseph-katzman"
            },
            "is_answered": false,
            "view_count": 14,
            "answer_count": 0,
            "score": 0,
            "last_activity_date": 1526455469,
            "creation_date": 1526406077,
            "last_edit_date": 1526455469,
            "question_id": 50356310,
            "body_markdown": "I migrated from TPv1 to TPv2 (Test Platform v2). I run my tests by using `vstest.console.exe`. I used `.testsettings` file for deploying additional files that my tests required (usually they are `XML` with some data). The skeleton of my solution is the following:\r\n\r\n[![enter image description here][1]][1]\r\n\r\nMy `TestSettings1.testsettings` is the following:\r\n\r\n[![enter image description here][2]][2]\r\n\r\nI use this command for running my tests:\r\n\r\n    @SET LOCAL_SETTINGS=C:\\data\\Development\\Solution14\r\n    @SET VSTEST_CONSOLE=&quot;C:/Program Files (x86)/Microsoft Visual Studio/2017/Professional/Common7/IDE/Extensions/TestPlatform/vstest.console.exe&quot;\r\n    %VSTEST_CONSOLE% C:\\data\\Development\\Solution14\\UnitTestProject1\\bin\\debug\\UnitTestProject1.dll ^\r\n    /Settings:%LOCAL_SETTINGS%\\TestSettings1.testsettings \r\n\r\nIt&#39;s very convenient using `.testsettings` for deploying items. \r\n\r\nSo, due to some reasons I can&#39;t use `.testsettings` any more, but I can use `.runsettings` and `DeploymentItem` attribute. \r\n\r\nWith `.testsettings` I don&#39;t have to add a piece of code to each project in order to deploy my files. I just use `/Settings` flag with `vstest.console.exe` and this deployment applies to project which I want. With `DeploymentItem` I should use some code in each unit test project. These parts of code are the same and I don&#39;t like it. I don&#39;t want to add the same code to each project. \r\n\r\n**The question:** What is the best way to apply the same deployment behavior for each project without writing repetitive code.\r\n\r\nCurrently I use **build-event**s and `xcopy` in order to copy them to **DeploymentItems** folder (I create it by `mkdir` in build-event) of each **bin/Debug** folder. After that I add `[DeploymentItem(&quot;DeploymentItems&quot;)]` which deploys all files from this folder. It doesn&#39;t looks good because I have 3 identical batch of **build-events** for each `.csproj`. And if I add new `.xml` data I will need to add new **build-even**t instruction to each `.csproj` again. When I used `.testsettings` I didn&#39;t have this problem.\r\n\r\n  [1]: https://i.stack.imgur.com/KpSxN.png\r\n  [2]: https://i.stack.imgur.com/GQ9tq.png",
            "link": "https://stackoverflow.com/questions/50356310/how-to-deploy-additional-test-files-with-runsettings",
            "title": "How to deploy additional test files with .runsettings?",
            "body": "<p>I migrated from TPv1 to TPv2 (Test Platform v2). I run my tests by using <code>vstest.console.exe</code>. I used <code>.testsettings</code> file for deploying additional files that my tests required (usually they are <code>XML</code> with some data). The skeleton of my solution is the following:</p>\n\n<p><a href=\"https://i.stack.imgur.com/KpSxN.png\" rel=\"nofollow noreferrer\"><img src=\"https://i.stack.imgur.com/KpSxN.png\" alt=\"enter image description here\"></a></p>\n\n<p>My <code>TestSettings1.testsettings</code> is the following:</p>\n\n<p><a href=\"https://i.stack.imgur.com/GQ9tq.png\" rel=\"nofollow noreferrer\"><img src=\"https://i.stack.imgur.com/GQ9tq.png\" alt=\"enter image description here\"></a></p>\n\n<p>I use this command for running my tests:</p>\n\n<pre><code>@SET LOCAL_SETTINGS=C:\\data\\Development\\Solution14\n@SET VSTEST_CONSOLE=\"C:/Program Files (x86)/Microsoft Visual Studio/2017/Professional/Common7/IDE/Extensions/TestPlatform/vstest.console.exe\"\n%VSTEST_CONSOLE% C:\\data\\Development\\Solution14\\UnitTestProject1\\bin\\debug\\UnitTestProject1.dll ^\n/Settings:%LOCAL_SETTINGS%\\TestSettings1.testsettings \n</code></pre>\n\n<p>It's very convenient using <code>.testsettings</code> for deploying items. </p>\n\n<p>So, due to some reasons I can't use <code>.testsettings</code> any more, but I can use <code>.runsettings</code> and <code>DeploymentItem</code> attribute. </p>\n\n<p>With <code>.testsettings</code> I don't have to add a piece of code to each project in order to deploy my files. I just use <code>/Settings</code> flag with <code>vstest.console.exe</code> and this deployment applies to project which I want. With <code>DeploymentItem</code> I should use some code in each unit test project. These parts of code are the same and I don't like it. I don't want to add the same code to each project. </p>\n\n<p><strong>The question:</strong> What is the best way to apply the same deployment behavior for each project without writing repetitive code.</p>\n\n<p>Currently I use <strong>build-event</strong>s and <code>xcopy</code> in order to copy them to <strong>DeploymentItems</strong> folder (I create it by <code>mkdir</code> in build-event) of each <strong>bin/Debug</strong> folder. After that I add <code>[DeploymentItem(\"DeploymentItems\")]</code> which deploys all files from this folder. It doesn't looks good because I have 3 identical batch of <strong>build-events</strong> for each <code>.csproj</code>. And if I add new <code>.xml</code> data I will need to add new <strong>build-even</strong>t instruction to each <code>.csproj</code> again. When I used <code>.testsettings</code> I didn't have this problem.</p>\n"
        },
        {
            "tags": [
                "php",
                "html",
                "json",
                "elasticsearch"
            ],
            "owner": {
                "reputation": 3,
                "user_id": 9739989,
                "user_type": "registered",
                "profile_image": "https://lh3.googleusercontent.com/-XdUIqdMkCWA/AAAAAAAAAAI/AAAAAAAAAAA/4252rscbv5M/photo.jpg?sz=128",
                "display_name": "Ole",
                "link": "https://stackoverflow.com/users/9739989/ole"
            },
            "is_answered": false,
            "view_count": 46,
            "answer_count": 0,
            "score": 0,
            "last_activity_date": 1526455465,
            "creation_date": 1526455465,
            "question_id": 50364703,
            "body_markdown": "I&#39;ve a simple PHP page which use Elasticsearch and can search for fields that matches the search word. This works fine with the JSON documents I&#39;ve had until now, such as this one:\r\n\r\n    {\r\n      &quot;_index&quot;: &quot;data&quot;,\r\n      &quot;_type&quot;: &quot;doc&quot;,\r\n      &quot;_id&quot;: &quot;13&quot;,\r\n      &quot;_version&quot;: 1,\r\n      &quot;found&quot;: true,\r\n      &quot;_source&quot;: {\r\n        &quot;name&quot;: &quot;example&quot;,\r\n        &quot;type&quot;: &quot;text&quot;,\r\n        &quot;content&quot;: &quot;Example data&quot;\r\n      }\r\n    }\r\n\r\nWith this setup for my JSON files I can easily echo the result because every result is in its own JSON document.\r\n\r\nI&#39;ve now started working with some other JSON files where this is not the case. I&#39;ve been trying to figure out a way to make it work with them but haven&#39;t managed to do so yet. These JSON files looks like [this][1].\r\n\r\nMy PHP is able to find the document just like the others but I&#39;m unable to figure out how to present the documents on the PHP page. I want to make it so that when you search for &quot;Akershus&quot;, it&#39;ll appear on the page. If possible I also want it to work so that if you search for any of the &quot;MunName&quot; in any of the Municipalities that belongs to the County, the County will appear on the page.\r\n\r\nMy PHP document looks like this currently:\r\n\r\n    &lt;?php\r\n    error_reporting(0);\r\n    require_once &#39;vendor/autoload.php&#39;;\r\n    use Elasticsearch\\ClientBuilder;\r\n    $client = ClientBuilder::create()-&gt;setHosts([&#39;127.0.0.1:9200&#39;])-&gt;build();\r\n    $es = $client;\r\n    if (isset($_GET[&#39;q&#39;])) {\r\n    \t$q = $_GET[&#39;q&#39;];\r\n    \t$query = $es-&gt;search([\r\n    \t\t&#39;body&#39; =&gt; [\r\n    \t\t\t&#39;query&#39; =&gt; [\r\n    \t\t\t\t&#39;bool&#39; =&gt; [\r\n    \t\t\t\t\t&#39;should&#39; =&gt; [\r\n    \t\t\t\t\t\t&#39;multi_match&#39; =&gt; [\r\n    \t\t\t\t\t\t\t&#39;query&#39; =&gt; $q,\r\n    \t\t\t\t\t\t\t&#39;type&#39; =&gt; &#39;phrase_prefix&#39;,\r\n    \t\t\t\t\t\t\t&#39;fields&#39; =&gt; [\r\n    \t\t\t\t\t\t\t\t&#39;name&#39;, &#39;type&#39;, &#39;content&#39;,\r\n    \t\t\t\t\t\t\t\t&#39;title&#39;, &#39;director&#39;, &#39;year&#39;,\r\n    \t\t\t\t\t\t\t\t&#39;play_name&#39;, &#39;speaker&#39;,\r\n    \t\t\t\t\t\t\t\t&#39;EntriesList.County.CountyName&#39;, &#39;EntriesList.Municipalities.Municipality.MunName&#39;],\t\t\t\r\n    \t\t\t\t\t\t\t&#39;operator&#39; =&gt; &#39;and&#39;\r\n    \t\t\t\t\t\t\t]\r\n    \t\t\t\t\t\t]\r\n    \t\t\t\t\t]\r\n    \t\t\t\t]\r\n    \t\t\t]\r\n    \t\t]);\r\n    }\t\r\n    if($query[&#39;hits&#39;][&#39;total&#39;] &gt;=1 ) {\r\n    \t$results = $query[&#39;hits&#39;][&#39;hits&#39;];\r\n    }\r\n    \r\n    ?&gt;\r\n    &lt;!doctype html&gt; \r\n    &lt;html&gt;\r\n    \t&lt;head&gt;\t\r\n    \t\t&lt;meta charset=&quot;utf-8&quot;&gt;\r\n    \t\t&lt;title&gt;S&#248;kemotor&lt;/title&gt;\r\n    \t\t&lt;link rel=&quot;stylesheet&quot; href=&quot;css/main.css&quot;&gt;\r\n    \t&lt;/head&gt;\r\n    \t&lt;body&gt;\r\n    \t\t&lt;div class=&quot;img&quot;&gt;\r\n    \t\t\t&lt;img src=&quot;img/DigRevLogo&quot; alt=&quot;Logo&quot; width=&quot;600&quot; height=&quot;150&quot; class=&quot;img&quot;&gt;\r\n    \t\t&lt;/div&gt;\r\n    \r\n    \t\t&lt;div class=&quot;search&quot;&gt;\r\n    \t\t\t&lt;form action=&quot;index.php&quot; method=&quot;get&quot; autocomplete=&quot;off&quot; class=&quot;search_form&quot;&gt;\r\n    \t\t\t\t&lt;label&gt;\r\n    \t\t\t\t\t\r\n    \t\t\t\t\t&lt;input type=&quot;text&quot; name=&quot;q&quot; placeholder=&quot;S&#248;k her&quot;&gt;\r\n    \t\t\t\t&lt;/label&gt;\r\n    \t\t\t\r\n    \t\t\t\t&lt;label&gt;&lt;input type=&quot;submit&quot; value=&quot;S&#248;k&quot; name=&quot;s&quot;&gt;&lt;/label&gt;\r\n    \t\t\t&lt;/form&gt;\r\n    \t\t&lt;/div&gt;\r\n    \t\t&lt;?php\r\n    \t\t$noresult = &quot;Ingen resultat p&#229; s&#248;ket av $q.&quot;;\r\n    \t\tif(isset($results)) {\r\n    \t\t\tforeach($results as $r) {\r\n    \t\t?&gt;\r\n    \t\t\t&lt;div class=&quot;result&quot;&gt;\r\n    \t\t\t\t&lt;a href=&quot;#&lt;?php echo $r[&#39;_id&#39;]; ?&gt;&quot;&gt;&lt;?php echo $r[&#39;_source&#39;][&#39;name&#39;];?&gt;&lt;/a&gt; \r\n    \t\t\t\t&lt;a href=&quot;#&lt;?php echo $r[&#39;_id&#39;]; ?&gt;&quot;&gt;&lt;?php echo $r[&#39;_source&#39;][&#39;title&#39;];?&gt;&lt;/a&gt;\r\n    \t\t\t\t&lt;a href=&quot;#&lt;?php echo $r[&#39;_id&#39;]; ?&gt;&quot;&gt;&lt;?php echo $r[&#39;_source&#39;][&#39;play_name&#39;];?&gt;&lt;/a&gt;\r\n    \t\t\t&lt;br&gt;\r\n    \t\t\t\t&lt;?php echo $r[&#39;_source&#39;][&#39;type&#39;];?&gt; \r\n    \t\t\t\t&lt;?php echo $r[&#39;_source&#39;][&#39;director&#39;];?&gt;\t\r\n    \t\t\t&lt;br&gt;\r\n    \t\t\t\t&lt;?php echo $r[&#39;_source&#39;][&#39;content&#39;];?&gt;\r\n    \t\t\t\t&lt;?php echo $r[&#39;_source&#39;][&#39;year&#39;];?&gt;\r\n    \t\t\t\t&lt;?php echo $r[&#39;_source&#39;][&#39;speaker&#39;]?&gt;\r\n    \t\t\t\t&lt;?php echo $r[&#39;_source&#39;][&#39;description&#39;];?&gt;\t\t\t\t\r\n    \t\t\t&lt;/div&gt;\r\n    \t\t\t&lt;div class=&quot;noresult&quot;&gt;\r\n    \t\t&lt;?php \r\n    \t\t\t}\r\n    \t\t}\r\n    \t\t\telse echo &quot;&lt;CENTER&gt;$noresult&lt;/CENTER&gt;&quot;;\r\n    \t\t?&gt;\r\n    \t\t\t&lt;/div&gt;\r\n    \t&lt;/body&gt;\r\n    &lt;/html&gt;\r\n\r\nAny ideas? Is this feasible with this PHP and JSON setup? I can provide other information of neccecary.\r\n\r\n\r\n  [1]: https://fmsfstatsclient.fylkesmannen.no/Home/Api?year=2017&amp;parti=0040000",
            "link": "https://stackoverflow.com/questions/50364703/php-to-output-json",
            "title": "PHP to output JSON",
            "body": "<p>I've a simple PHP page which use Elasticsearch and can search for fields that matches the search word. This works fine with the JSON documents I've had until now, such as this one:</p>\n\n<pre><code>{\n  \"_index\": \"data\",\n  \"_type\": \"doc\",\n  \"_id\": \"13\",\n  \"_version\": 1,\n  \"found\": true,\n  \"_source\": {\n    \"name\": \"example\",\n    \"type\": \"text\",\n    \"content\": \"Example data\"\n  }\n}\n</code></pre>\n\n<p>With this setup for my JSON files I can easily echo the result because every result is in its own JSON document.</p>\n\n<p>I've now started working with some other JSON files where this is not the case. I've been trying to figure out a way to make it work with them but haven't managed to do so yet. These JSON files looks like <a href=\"https://fmsfstatsclient.fylkesmannen.no/Home/Api?year=2017&amp;parti=0040000\" rel=\"nofollow noreferrer\">this</a>.</p>\n\n<p>My PHP is able to find the document just like the others but I'm unable to figure out how to present the documents on the PHP page. I want to make it so that when you search for \"Akershus\", it'll appear on the page. If possible I also want it to work so that if you search for any of the \"MunName\" in any of the Municipalities that belongs to the County, the County will appear on the page.</p>\n\n<p>My PHP document looks like this currently:</p>\n\n<pre><code>&lt;?php\nerror_reporting(0);\nrequire_once 'vendor/autoload.php';\nuse Elasticsearch\\ClientBuilder;\n$client = ClientBuilder::create()-&gt;setHosts(['127.0.0.1:9200'])-&gt;build();\n$es = $client;\nif (isset($_GET['q'])) {\n    $q = $_GET['q'];\n    $query = $es-&gt;search([\n        'body' =&gt; [\n            'query' =&gt; [\n                'bool' =&gt; [\n                    'should' =&gt; [\n                        'multi_match' =&gt; [\n                            'query' =&gt; $q,\n                            'type' =&gt; 'phrase_prefix',\n                            'fields' =&gt; [\n                                'name', 'type', 'content',\n                                'title', 'director', 'year',\n                                'play_name', 'speaker',\n                                'EntriesList.County.CountyName', 'EntriesList.Municipalities.Municipality.MunName'],            \n                            'operator' =&gt; 'and'\n                            ]\n                        ]\n                    ]\n                ]\n            ]\n        ]);\n}   \nif($query['hits']['total'] &gt;=1 ) {\n    $results = $query['hits']['hits'];\n}\n\n?&gt;\n&lt;!doctype html&gt; \n&lt;html&gt;\n    &lt;head&gt;  \n        &lt;meta charset=\"utf-8\"&gt;\n        &lt;title&gt;Skemotor&lt;/title&gt;\n        &lt;link rel=\"stylesheet\" href=\"css/main.css\"&gt;\n    &lt;/head&gt;\n    &lt;body&gt;\n        &lt;div class=\"img\"&gt;\n            &lt;img src=\"img/DigRevLogo\" alt=\"Logo\" width=\"600\" height=\"150\" class=\"img\"&gt;\n        &lt;/div&gt;\n\n        &lt;div class=\"search\"&gt;\n            &lt;form action=\"index.php\" method=\"get\" autocomplete=\"off\" class=\"search_form\"&gt;\n                &lt;label&gt;\n\n                    &lt;input type=\"text\" name=\"q\" placeholder=\"Sk her\"&gt;\n                &lt;/label&gt;\n\n                &lt;label&gt;&lt;input type=\"submit\" value=\"Sk\" name=\"s\"&gt;&lt;/label&gt;\n            &lt;/form&gt;\n        &lt;/div&gt;\n        &lt;?php\n        $noresult = \"Ingen resultat p sket av $q.\";\n        if(isset($results)) {\n            foreach($results as $r) {\n        ?&gt;\n            &lt;div class=\"result\"&gt;\n                &lt;a href=\"#&lt;?php echo $r['_id']; ?&gt;\"&gt;&lt;?php echo $r['_source']['name'];?&gt;&lt;/a&gt; \n                &lt;a href=\"#&lt;?php echo $r['_id']; ?&gt;\"&gt;&lt;?php echo $r['_source']['title'];?&gt;&lt;/a&gt;\n                &lt;a href=\"#&lt;?php echo $r['_id']; ?&gt;\"&gt;&lt;?php echo $r['_source']['play_name'];?&gt;&lt;/a&gt;\n            &lt;br&gt;\n                &lt;?php echo $r['_source']['type'];?&gt; \n                &lt;?php echo $r['_source']['director'];?&gt; \n            &lt;br&gt;\n                &lt;?php echo $r['_source']['content'];?&gt;\n                &lt;?php echo $r['_source']['year'];?&gt;\n                &lt;?php echo $r['_source']['speaker']?&gt;\n                &lt;?php echo $r['_source']['description'];?&gt;              \n            &lt;/div&gt;\n            &lt;div class=\"noresult\"&gt;\n        &lt;?php \n            }\n        }\n            else echo \"&lt;CENTER&gt;$noresult&lt;/CENTER&gt;\";\n        ?&gt;\n            &lt;/div&gt;\n    &lt;/body&gt;\n&lt;/html&gt;\n</code></pre>\n\n<p>Any ideas? Is this feasible with this PHP and JSON setup? I can provide other information of neccecary.</p>\n"
        },
        {
            "tags": [
                "html",
                "appscript"
            ],
            "owner": {
                "reputation": 1,
                "user_id": 9798391,
                "user_type": "registered",
                "profile_image": "https://lh3.googleusercontent.com/-NajdUGtY3Ps/AAAAAAAAAAI/AAAAAAAAAR4/G-RNWPKe3yI/photo.jpg?sz=128",
                "display_name": "James Njoroge",
                "link": "https://stackoverflow.com/users/9798391/james-njoroge"
            },
            "is_answered": false,
            "view_count": 14,
            "answer_count": 0,
            "score": 0,
            "last_activity_date": 1526455465,
            "creation_date": 1526454079,
            "last_edit_date": 1526455465,
            "question_id": 50364321,
            "body_markdown": "Tried to use google appscript to get form data but i get the following error someone please help\r\n\r\n    {&quot;result&quot;:&quot;error&quot;,\r\n      &quot;error&quot;:{\r\n        &quot;parameter&quot;:{\r\n          &quot;duration&quot;:&quot;sjnjkcnjkcjiudcjk&quot;,&quot;amount&quot;:&quot;jkdsfbjf&quot;,&quot;mpesa&quot;:&quot;jnsdjbjd&quot;,\r\n          &quot;phone&quot;:&quot;bc bhjcbhbh chjbdbfbjfbfd&quot;,&quot;idnumber&quot;:&quot;sjbfjbjkfbjf&quot;, &quot;name&quot;:&quot;hc bbcxhbxc &quot;\r\n        },\r\n        &quot;contextPath&quot;:&quot;&quot;,&quot;contentLength&quot;:129,&quot;queryString&quot;:&quot;&quot;,\r\n        &quot;parameters&quot;:{\r\n          &quot;duration&quot;:[&quot;sjnjkcnjkcjiudcjk&quot;],&quot;amount&quot;:[&quot;jkdsfbjf&quot;],&quot;mpesa&quot;:[&quot;jnsdjbjd&quot;],\r\n          &quot;phone&quot;:[&quot;bc bhjcbhbh chjbdbfbjfbfd&quot;],&quot;idnumber&quot;:[&quot;sjbfjbjkfbjf&quot;],\r\n          &quot;name&quot;:[&quot;hc bbcxhbxc &quot;]},\r\n          &quot;postData&quot;:{\r\n            &quot;type&quot;:&quot;application/x-www-form-urlencoded&quot;,&quot;length&quot;:129,\r\n            &quot;contents&quot;:&quot;name=hc+bbcxhbxc+&amp;phone=bc+bhjcbhbh+chjbdbfbjfbfd&amp;idnumber=sjbfjbjkfbjf&amp;amount=jkdsfbjf&amp;duration=sjnjkcnjkcjiudcjk&amp;mpesa=jnsdjbjd&quot;,\r\n          &quot;name&quot;:&quot;postData&quot;\r\n        }\r\n      }\r\n    }",
            "link": "https://stackoverflow.com/questions/50364321/google-appscript",
            "title": "Google Appscript",
            "body": "<p>Tried to use google appscript to get form data but i get the following error someone please help</p>\n\n<pre><code>{\"result\":\"error\",\n  \"error\":{\n    \"parameter\":{\n      \"duration\":\"sjnjkcnjkcjiudcjk\",\"amount\":\"jkdsfbjf\",\"mpesa\":\"jnsdjbjd\",\n      \"phone\":\"bc bhjcbhbh chjbdbfbjfbfd\",\"idnumber\":\"sjbfjbjkfbjf\", \"name\":\"hc bbcxhbxc \"\n    },\n    \"contextPath\":\"\",\"contentLength\":129,\"queryString\":\"\",\n    \"parameters\":{\n      \"duration\":[\"sjnjkcnjkcjiudcjk\"],\"amount\":[\"jkdsfbjf\"],\"mpesa\":[\"jnsdjbjd\"],\n      \"phone\":[\"bc bhjcbhbh chjbdbfbjfbfd\"],\"idnumber\":[\"sjbfjbjkfbjf\"],\n      \"name\":[\"hc bbcxhbxc \"]},\n      \"postData\":{\n        \"type\":\"application/x-www-form-urlencoded\",\"length\":129,\n        \"contents\":\"name=hc+bbcxhbxc+&amp;phone=bc+bhjcbhbh+chjbdbfbjfbfd&amp;idnumber=sjbfjbjkfbjf&amp;amount=jkdsfbjf&amp;duration=sjnjkcnjkcjiudcjk&amp;mpesa=jnsdjbjd\",\n      \"name\":\"postData\"\n    }\n  }\n}\n</code></pre>\n"
        },
        {
            "tags": [
                "html",
                "dita"
            ],
            "owner": {
                "reputation": 1,
                "user_id": 2991685,
                "user_type": "registered",
                "profile_image": "https://www.gravatar.com/avatar/51c60db5acc5fcc21e7a1b46807e5b83?s=128&d=identicon&r=PG&f=1",
                "display_name": "Undamatla Kailash",
                "link": "https://stackoverflow.com/users/2991685/undamatla-kailash"
            },
            "is_answered": false,
            "view_count": 12,
            "answer_count": 0,
            "score": -2,
            "last_activity_date": 1526455464,
            "creation_date": 1525868781,
            "last_edit_date": 1526455464,
            "question_id": 50253420,
            "body_markdown": "I have a PHP portal where in I have to render my doc related dita files and update them with user specific entered data. Is there any php libraries which can render dita files in a nice frontend FORM",
            "link": "https://stackoverflow.com/questions/50253420/renderring-and-updating-dita-files-from-php-portal",
            "title": "Renderring and Updating DITA files from PHP portal",
            "body": "<p>I have a PHP portal where in I have to render my doc related dita files and update them with user specific entered data. Is there any php libraries which can render dita files in a nice frontend FORM</p>\n"
        },
        {
            "tags": [
                "c#",
                "ffmpeg"
            ],
            "owner": {
                "reputation": 2591,
                "user_id": 6101071,
                "user_type": "registered",
                "accept_rate": 100,
                "profile_image": "https://i.stack.imgur.com/IFRGo.jpg?s=128&g=1",
                "display_name": "Srdjan M.",
                "link": "https://stackoverflow.com/users/6101071/srdjan-m"
            },
            "is_answered": true,
            "view_count": 88,
            "accepted_answer_id": 50364702,
            "answer_count": 1,
            "score": 1,
            "last_activity_date": 1526455458,
            "creation_date": 1526241992,
            "last_edit_date": 1526420309,
            "question_id": 50320181,
            "body_markdown": "I believe my &quot;FFmpeg&quot; process is getting stuck in a infinite loop or it&#39;s waiting for something and I don&#39;t know what that is. It won&#39;t pass the `WaitForExit` method.\r\n\r\nFFmpeg:\r\n\r\n    -ss 0 -i output.mp4 -t 10 -an -y test.mp4\r\n\r\nC# Code:\r\n\r\n    using (Process process = new Process())\r\n    {\r\n         process.StartInfo.UseShellExecute = false;\r\n         process.StartInfo.RedirectStandardOutput = true;\r\n         process.StartInfo.RedirectStandardError = true;\r\n         process.StartInfo.FileName = FileName; // ffmpeg.exe\r\n         process.StartInfo.Arguments = Arguments; //-ss 0 -i output.mp4 -t 10 -an -y test.mp4\r\n         process.Start();\r\n         process.WaitForExit(); // stops here and waits\r\n    \r\n         return process.StandardOutput.ReadToEnd();\r\n    }\r\n\r\n**Edit:**\r\n\r\nAdding `-loglevel quiet` to my `ffmpeg` query made my problem disappear. Why? How can I achieve same results with out adding `-loglevel quiet`?",
            "link": "https://stackoverflow.com/questions/50320181/ffmpeg-stops-process-c",
            "title": "FFmpeg stops Process C#",
            "body": "<p>I believe my \"FFmpeg\" process is getting stuck in a infinite loop or it's waiting for something and I don't know what that is. It won't pass the <code>WaitForExit</code> method.</p>\n\n<p>FFmpeg:</p>\n\n<pre><code>-ss 0 -i output.mp4 -t 10 -an -y test.mp4\n</code></pre>\n\n<p>C# Code:</p>\n\n<pre><code>using (Process process = new Process())\n{\n     process.StartInfo.UseShellExecute = false;\n     process.StartInfo.RedirectStandardOutput = true;\n     process.StartInfo.RedirectStandardError = true;\n     process.StartInfo.FileName = FileName; // ffmpeg.exe\n     process.StartInfo.Arguments = Arguments; //-ss 0 -i output.mp4 -t 10 -an -y test.mp4\n     process.Start();\n     process.WaitForExit(); // stops here and waits\n\n     return process.StandardOutput.ReadToEnd();\n}\n</code></pre>\n\n<p><strong>Edit:</strong></p>\n\n<p>Adding <code>-loglevel quiet</code> to my <code>ffmpeg</code> query made my problem disappear. Why? How can I achieve same results with out adding <code>-loglevel quiet</code>?</p>\n"
        }
    ],
    "has_more": true,
    "quota_max": 300,
    "quota_remaining": 243
}