{
    "items": [
        {
            "tags": [
                "sql-server",
                "database-schema",
                "sql-server-data-tools",
                "temporal-tables"
            ],
            "owner": {
                "reputation": 1,
                "user_id": 9385678,
                "user_type": "registered",
                "profile_image": "https://www.gravatar.com/avatar/e35791c4e343d2d9b5c3c22dbb431fb5?s=128&d=identicon&r=PG&f=1",
                "display_name": "s_rahlf",
                "link": "https://stackoverflow.com/users/9385678/s-rahlf"
            },
            "is_answered": false,
            "view_count": 11,
            "answer_count": 0,
            "score": 0,
            "last_activity_date": 1526458366,
            "creation_date": 1526456250,
            "last_edit_date": 1526458366,
            "question_id": 50364923,
            "body_markdown": "We have a project running on Azure SQL DB using temporal / system versioned tables. Database project is in VS 2015 Enterprise (14.0.25420.1), Data Tools (14.0.6172.50) and data tier application framework (14.0.3953.4).\r\n\r\nThe schema update script project-&gt;DB fails because the script tries to drop the currently empty table and history table without disabling the system versioning.\r\n\r\nThreads I found on this topic from last year where answered with &quot;issue fixed with latest data tools&quot; -&gt; am I missing something?",
            "link": "https://stackoverflow.com/questions/50364923/visual-studio-2015-data-tools-schema-update-on-system-versioned-tables-fails",
            "title": "Visual Studio 2015 Data Tools schema update on system versioned tables fails",
            "body": "<p>We have a project running on Azure SQL DB using temporal / system versioned tables. Database project is in VS 2015 Enterprise (14.0.25420.1), Data Tools (14.0.6172.50) and data tier application framework (14.0.3953.4).</p>\n\n<p>The schema update script project->DB fails because the script tries to drop the currently empty table and history table without disabling the system versioning.</p>\n\n<p>Threads I found on this topic from last year where answered with \"issue fixed with latest data tools\" -> am I missing something?</p>\n"
        },
        {
            "tags": [
                "json",
                "vba"
            ],
            "owner": {
                "reputation": 133,
                "user_id": 7986808,
                "user_type": "registered",
                "accept_rate": 72,
                "profile_image": "https://www.gravatar.com/avatar/bb9c7c2b8e8a67a276bbc476d48a102b?s=128&d=identicon&r=PG&f=1",
                "display_name": "khashashin",
                "link": "https://stackoverflow.com/users/7986808/khashashin"
            },
            "is_answered": true,
            "view_count": 12,
            "accepted_answer_id": 50365589,
            "answer_count": 1,
            "score": 0,
            "last_activity_date": 1526458366,
            "creation_date": 1526456863,
            "question_id": 50365126,
            "body_markdown": "It probably sounds simple, but I can not find a way out.\r\nI&#39;m trying to create a more or less dynamic json and I need to convert the content of object to a string between double quotes. Something like that  :\r\n`&quot;&quot;&quot; + object + &quot;&quot;&quot;` gives the following result `&quot;object&quot;` and the expected result would be `&quot;content of object&quot;`.\r\n\r\nHere is my code, will probably be more clear, about what it&#39;s about.\r\n\r\n    Dim jsTest As String\r\n    jsTest = &quot;&quot;&quot; + CStr(Msg.Subject) + &quot;&quot;&quot; + &quot;&quot;&quot; + CStr(Msg.Body) + &quot;&quot;&quot;\r\n\r\n`Msg.Subject` and `Msg.Body` are objects from Email. I can do that this way(with single quotes):\r\n\r\n    Dim smry, descrp, jsTest As String\r\n    smry = &quot;&quot;&quot;summary&quot;&quot;&quot;\r\n    descrp = &quot;&quot;&quot;description&quot;&quot;&quot;\r\n    jsTest = &quot;{&quot; + smry + &quot;:&quot; + &quot;&#39;&quot; + CStr(Msg.Subject) + &quot;&#39;&quot; + &quot;,&quot; + descrp + &quot;:&quot; + &quot;&#39;&quot; + CStr(Msg.Body) + &quot;&#39;&quot; + &quot;}&quot;\r\n\r\nbut then I get content of object as String with single quotes and I cant put it in my JSON like so:\r\n\r\n    {&quot;summary&quot;: &#39;Release 18.20 Produktion&#39;, &quot;description&quot;: &#39;Guten Tag Sie erhalten diese Terminanfrage&#39;}\r\n\r\nHow can I get result like (**Note** double quotes):\r\n\r\n    {&quot;summary&quot;: &quot;Release 18.20 Produktion&quot;, &quot;description&quot;: &quot;Guten Tag Sie erhalten diese Terminanfrage&quot;}\r\n                            ",
            "link": "https://stackoverflow.com/questions/50365126/enclosing-the-content-of-object-in-double-quotes-in-vba",
            "title": "Enclosing the content of object in double quotes in VBA",
            "body": "<p>It probably sounds simple, but I can not find a way out.\nI'm trying to create a more or less dynamic json and I need to convert the content of object to a string between double quotes. Something like that  :\n<code>\"\"\" + object + \"\"\"</code> gives the following result <code>\"object\"</code> and the expected result would be <code>\"content of object\"</code>.</p>\n\n<p>Here is my code, will probably be more clear, about what it's about.</p>\n\n<pre><code>Dim jsTest As String\njsTest = \"\"\" + CStr(Msg.Subject) + \"\"\" + \"\"\" + CStr(Msg.Body) + \"\"\"\n</code></pre>\n\n<p><code>Msg.Subject</code> and <code>Msg.Body</code> are objects from Email. I can do that this way(with single quotes):</p>\n\n<pre><code>Dim smry, descrp, jsTest As String\nsmry = \"\"\"summary\"\"\"\ndescrp = \"\"\"description\"\"\"\njsTest = \"{\" + smry + \":\" + \"'\" + CStr(Msg.Subject) + \"'\" + \",\" + descrp + \":\" + \"'\" + CStr(Msg.Body) + \"'\" + \"}\"\n</code></pre>\n\n<p>but then I get content of object as String with single quotes and I cant put it in my JSON like so:</p>\n\n<pre><code>{\"summary\": 'Release 18.20 Produktion', \"description\": 'Guten Tag Sie erhalten diese Terminanfrage'}\n</code></pre>\n\n<p>How can I get result like (<strong>Note</strong> double quotes):</p>\n\n<pre><code>{\"summary\": \"Release 18.20 Produktion\", \"description\": \"Guten Tag Sie erhalten diese Terminanfrage\"}\n</code></pre>\n"
        },
        {
            "tags": [
                "yii2"
            ],
            "owner": {
                "reputation": 9,
                "user_id": 5599711,
                "user_type": "registered",
                "accept_rate": 60,
                "profile_image": "https://www.gravatar.com/avatar/9defea0557c57fb6adc4b317277f9e6c?s=128&d=identicon&r=PG&f=1",
                "display_name": "Ruslan  Nasrutdinov",
                "link": "https://stackoverflow.com/users/5599711/ruslan-nasrutdinov"
            },
            "is_answered": true,
            "view_count": 25,
            "accepted_answer_id": 50365585,
            "answer_count": 1,
            "score": 0,
            "last_activity_date": 1526458353,
            "creation_date": 1526449516,
            "question_id": 50363218,
            "body_markdown": "i&#39;m using rbac in yii2 project. When i print\r\n\r\n    var_dump(\\Yii::$app-&gt;authManager-&gt;getRolesByUser(Yii::$app-&gt;user-&gt;id));\r\n\r\nI get an array with two elements: guest and user?\r\nWhy &quot;guest&quot; role stays at authorized user? Is it normal behavior or I did something wrong?",
            "link": "https://stackoverflow.com/questions/50363218/why-after-login-user-keeps-both-roles-guest-and-user-in-yii2",
            "title": "Why after login user keeps both roles guest and user in yii2?",
            "body": "<p>i'm using rbac in yii2 project. When i print</p>\n\n<pre><code>var_dump(\\Yii::$app-&gt;authManager-&gt;getRolesByUser(Yii::$app-&gt;user-&gt;id));\n</code></pre>\n\n<p>I get an array with two elements: guest and user?\nWhy \"guest\" role stays at authorized user? Is it normal behavior or I did something wrong?</p>\n"
        },
        {
            "tags": [
                "android",
                "android-architecture-navigation"
            ],
            "owner": {
                "reputation": 2023,
                "user_id": 423199,
                "user_type": "registered",
                "accept_rate": 99,
                "profile_image": "https://i.stack.imgur.com/OrFPh.jpg?s=128&g=1",
                "display_name": "Hector",
                "link": "https://stackoverflow.com/users/423199/hector"
            },
            "is_answered": false,
            "view_count": 32,
            "answer_count": 0,
            "score": 1,
            "last_activity_date": 1526458334,
            "creation_date": 1526458334,
            "question_id": 50365581,
            "body_markdown": "I am using Android Studio version\r\n\r\n    Android Studio 3.2 Canary 14\r\n    Build #AI-181.4668.68.32.4763614, built on May 4, 2018\r\n    JRE: 1.8.0_152-release-1136-b02 x86_64\r\n    JVM: OpenJDK 64-Bit Server VM by JetBrains s.r.o\r\n    Mac OS X 10.11.6\r\n\r\nWhile investigating the new Architectural navigation components android.arch.navigation I have encountered this build failure.\r\n\r\n    AGPBI: {&quot;kind&quot;:&quot;error&quot;,&quot;text&quot;:&quot;Program type already present: android.support.v4.os.ResultReceiver$1&quot;,&quot;sources&quot;:[{}],&quot;tool&quot;:&quot;D8&quot;}\r\n    :app:transformDexArchiveWithExternalLibsDexMergerForDebug FAILED\r\n    FAILURE: Build failed with an exception.\r\n    * What went wrong:\r\n    Execution failed for task &#39;:app:transformDexArchiveWithExternalLibsDexMergerForDebug&#39;.\r\n    &gt; com.android.builder.dexing.DexArchiveMergerException: Error while merging dex archives: ...\r\n    ...\r\n      Program type already present: android.support.v4.os.ResultReceiver$1\r\n\r\n\r\nMy app gradle build resembles:-\r\n\r\n    apply plugin: &#39;com.android.application&#39;\r\n    apply plugin: &quot;androidx.navigation.safeargs&quot;\r\n    \r\n    android {\r\n        compileSdkVersion &#39;android-P&#39;\r\n        defaultConfig {\r\n            applicationId &quot;com.research.frager&quot;\r\n            minSdkVersion 19\r\n            targetSdkVersion 28\r\n            versionCode 1\r\n            versionName &quot;1.0&quot;\r\n            testInstrumentationRunner &quot;androidx.test.runner.AndroidJUnitRunner&quot;\r\n        }\r\n        buildTypes {\r\n            release {\r\n                minifyEnabled false\r\n                proguardFiles getDefaultProguardFile(&#39;proguard-android.txt&#39;), &#39;proguard-rules.pro&#39;\r\n            }\r\n        }\r\n    }\r\n    \r\n    dependencies {\r\n        def nav_version = &quot;1.0.0-alpha01&quot;\r\n    \r\n        implementation &quot;android.arch.navigation:navigation-fragment:$nav_version&quot;\r\n        implementation &quot;android.arch.navigation:navigation-ui:$nav_version&quot;\r\n    \r\n        // optional - Test helpers\r\n        androidTestImplementation &quot;android.arch.navigation:navigation-testing:$nav_version&quot;\r\n    \r\n        implementation fileTree(dir: &#39;libs&#39;, include: [&#39;*.jar&#39;])\r\n        implementation &#39;androidx.appcompat:appcompat:1.0.0-alpha1&#39;\r\n    \r\n        implementation &#39;androidx.constraintlayout:constraintlayout:1.1.0&#39;\r\n        implementation &#39;androidx.lifecycle:lifecycle-extensions:2.0.0-alpha1&#39;\r\n        testImplementation &#39;junit:junit:4.12&#39;\r\n    \r\n        androidTestImplementation &#39;androidx.test:runner:1.1.0-alpha2&#39;\r\n        androidTestImplementation &#39;androidx.test.espresso:espresso-core:3.1.0-alpha2&#39;\r\n    }\r\n\r\nand project level gradle build:-\r\n\r\n    buildscript {\r\n        \r\n        repositories {\r\n            google()\r\n            jcenter()\r\n        }\r\n        dependencies {\r\n            classpath &#39;com.android.tools.build:gradle:3.2.0-alpha14&#39;\r\n            classpath &quot;android.arch.navigation:navigation-safe-args-gradle-plugin:1.0.0-alpha01&quot;\r\n        }\r\n    }\r\n    \r\n    allprojects {\r\n        repositories {\r\n            google()\r\n            jcenter()\r\n        }\r\n    }\r\n    \r\n    task clean(type: Delete) {\r\n        delete rootProject.buildDir\r\n    }\r\n\r\nI have tried refactoring to AndroidX, however I get a message stating No usages found in project, so why is this &quot;v4&quot; class still being mentioned?\r\n\r\n\r\n\r\n\r\n\r\n",
            "link": "https://stackoverflow.com/questions/50365581/why-does-android-arch-navigation-cause-program-type-already-present-android-sup",
            "title": "Why does android.arch.navigation cause Program type already present: android.support.v4.os.ResultReceiver$1?",
            "body": "<p>I am using Android Studio version</p>\n\n<pre><code>Android Studio 3.2 Canary 14\nBuild #AI-181.4668.68.32.4763614, built on May 4, 2018\nJRE: 1.8.0_152-release-1136-b02 x86_64\nJVM: OpenJDK 64-Bit Server VM by JetBrains s.r.o\nMac OS X 10.11.6\n</code></pre>\n\n<p>While investigating the new Architectural navigation components android.arch.navigation I have encountered this build failure.</p>\n\n<pre><code>AGPBI: {\"kind\":\"error\",\"text\":\"Program type already present: android.support.v4.os.ResultReceiver$1\",\"sources\":[{}],\"tool\":\"D8\"}\n:app:transformDexArchiveWithExternalLibsDexMergerForDebug FAILED\nFAILURE: Build failed with an exception.\n* What went wrong:\nExecution failed for task ':app:transformDexArchiveWithExternalLibsDexMergerForDebug'.\n&gt; com.android.builder.dexing.DexArchiveMergerException: Error while merging dex archives: ...\n...\n  Program type already present: android.support.v4.os.ResultReceiver$1\n</code></pre>\n\n<p>My app gradle build resembles:-</p>\n\n<pre><code>apply plugin: 'com.android.application'\napply plugin: \"androidx.navigation.safeargs\"\n\nandroid {\n    compileSdkVersion 'android-P'\n    defaultConfig {\n        applicationId \"com.research.frager\"\n        minSdkVersion 19\n        targetSdkVersion 28\n        versionCode 1\n        versionName \"1.0\"\n        testInstrumentationRunner \"androidx.test.runner.AndroidJUnitRunner\"\n    }\n    buildTypes {\n        release {\n            minifyEnabled false\n            proguardFiles getDefaultProguardFile('proguard-android.txt'), 'proguard-rules.pro'\n        }\n    }\n}\n\ndependencies {\n    def nav_version = \"1.0.0-alpha01\"\n\n    implementation \"android.arch.navigation:navigation-fragment:$nav_version\"\n    implementation \"android.arch.navigation:navigation-ui:$nav_version\"\n\n    // optional - Test helpers\n    androidTestImplementation \"android.arch.navigation:navigation-testing:$nav_version\"\n\n    implementation fileTree(dir: 'libs', include: ['*.jar'])\n    implementation 'androidx.appcompat:appcompat:1.0.0-alpha1'\n\n    implementation 'androidx.constraintlayout:constraintlayout:1.1.0'\n    implementation 'androidx.lifecycle:lifecycle-extensions:2.0.0-alpha1'\n    testImplementation 'junit:junit:4.12'\n\n    androidTestImplementation 'androidx.test:runner:1.1.0-alpha2'\n    androidTestImplementation 'androidx.test.espresso:espresso-core:3.1.0-alpha2'\n}\n</code></pre>\n\n<p>and project level gradle build:-</p>\n\n<pre><code>buildscript {\n\n    repositories {\n        google()\n        jcenter()\n    }\n    dependencies {\n        classpath 'com.android.tools.build:gradle:3.2.0-alpha14'\n        classpath \"android.arch.navigation:navigation-safe-args-gradle-plugin:1.0.0-alpha01\"\n    }\n}\n\nallprojects {\n    repositories {\n        google()\n        jcenter()\n    }\n}\n\ntask clean(type: Delete) {\n    delete rootProject.buildDir\n}\n</code></pre>\n\n<p>I have tried refactoring to AndroidX, however I get a message stating No usages found in project, so why is this \"v4\" class still being mentioned?</p>\n"
        },
        {
            "tags": [
                "java",
                "amazon-web-services",
                "amazon-s3",
                "lucene",
                "aws-lambda"
            ],
            "owner": {
                "user_type": "does_not_exist",
                "display_name": "user1844306"
            },
            "is_answered": true,
            "view_count": 631,
            "accepted_answer_id": 38817492,
            "answer_count": 2,
            "score": 0,
            "last_activity_date": 1526458316,
            "creation_date": 1470593229,
            "last_edit_date": 1470593373,
            "question_id": 38817050,
            "body_markdown": "I have a an existing index of lucene index files and the java code to perform search functions on it.\r\n\r\nWhat I would like to do is perform the same thing on a server so users of an app could simply pass a query that will be taken as an input parameter by the java program and run it against the existing index to return the document in which it occurs.\r\n\r\nAll the implementation has been tested on my local pc,but what I need to do is implement it in an Android app.\r\n\r\nSo far I have read around and concluded that porting the code in AWS lambda and using S3 to store the files and calling the s3 objects from lambda.\r\n\r\nIs this the right approach?Any resources that point to the this approach or alternative suggestions are also appreciated.\r\n\r\nThanks in advance.",
            "link": "https://stackoverflow.com/questions/38817050/integrating-lucene-index-and-amazon-aws",
            "title": "Integrating Lucene Index and Amazon AWS",
            "body": "<p>I have a an existing index of lucene index files and the java code to perform search functions on it.</p>\n\n<p>What I would like to do is perform the same thing on a server so users of an app could simply pass a query that will be taken as an input parameter by the java program and run it against the existing index to return the document in which it occurs.</p>\n\n<p>All the implementation has been tested on my local pc,but what I need to do is implement it in an Android app.</p>\n\n<p>So far I have read around and concluded that porting the code in AWS lambda and using S3 to store the files and calling the s3 objects from lambda.</p>\n\n<p>Is this the right approach?Any resources that point to the this approach or alternative suggestions are also appreciated.</p>\n\n<p>Thanks in advance.</p>\n"
        },
        {
            "tags": [
                "google-chrome",
                "redirect",
                "dns"
            ],
            "owner": {
                "reputation": 335,
                "user_id": 766263,
                "user_type": "registered",
                "accept_rate": 25,
                "profile_image": "https://www.gravatar.com/avatar/a728b30c77b226cd02589924621b768c?s=128&d=identicon&r=PG",
                "display_name": "Josue",
                "link": "https://stackoverflow.com/users/766263/josue"
            },
            "is_answered": false,
            "view_count": 38,
            "answer_count": 0,
            "score": 0,
            "last_activity_date": 1526458307,
            "creation_date": 1526391174,
            "last_edit_date": 1526394679,
            "question_id": 50351615,
            "body_markdown": "I&#39;ve bought an `.app` domain with GoDaddy. I only use it to redirect to another page. I try with some different `https://` pages (For example: https://www.deepl.com/translator).\r\n\r\nWith Firefox and Safari it works fine and destination web is opened. However, it seems to be a problem with Chrome (desktop and Android)\r\n\r\nThe error is:\r\n\r\n&gt; `ERR_CONNECTION_TIMED_OUT`\r\n\r\nIf it&#39;s needed, I can paste the `.app` domain if it helps.\r\n\r\nAny idea?",
            "link": "https://stackoverflow.com/questions/50351615/redirecting-app-domain-with-godaddy-and-chrome",
            "title": "Redirecting .app domain with GoDaddy and Chrome",
            "body": "<p>I've bought an <code>.app</code> domain with GoDaddy. I only use it to redirect to another page. I try with some different <code>https://</code> pages (For example: <a href=\"https://www.deepl.com/translator\" rel=\"nofollow noreferrer\">https://www.deepl.com/translator</a>).</p>\n\n<p>With Firefox and Safari it works fine and destination web is opened. However, it seems to be a problem with Chrome (desktop and Android)</p>\n\n<p>The error is:</p>\n\n<blockquote>\n  <p><code>ERR_CONNECTION_TIMED_OUT</code></p>\n</blockquote>\n\n<p>If it's needed, I can paste the <code>.app</code> domain if it helps.</p>\n\n<p>Any idea?</p>\n"
        },
        {
            "tags": [
                "html",
                "asp.net"
            ],
            "owner": {
                "reputation": 3,
                "user_id": 3652172,
                "user_type": "registered",
                "profile_image": "https://www.gravatar.com/avatar/66803005bb78d26affe665aac083d077?s=128&d=identicon&r=PG&f=1",
                "display_name": "user3652172",
                "link": "https://stackoverflow.com/users/3652172/user3652172"
            },
            "is_answered": false,
            "view_count": 16,
            "answer_count": 0,
            "score": 0,
            "last_activity_date": 1526458301,
            "creation_date": 1526457847,
            "last_edit_date": 1526458301,
            "question_id": 50365441,
            "body_markdown": "I want my HTML pages to use a local path as an image&#39;s source in my development environment.\r\n\r\nSomething like: \r\n    \r\n`&lt;img src=&quot;C:\\localPath.jpg&quot; alt=&quot;stf&quot;&gt;`\r\n\r\nIs there a configuration for the web.config to specify a specific folder as if it a CDN server?\r\n",
            "link": "https://stackoverflow.com/questions/50365441/how-to-specify-for-the-web-config-to-use-a-local-path-as-url-source",
            "title": "How to specify for the web.config to use a local path as URL source?",
            "body": "<p>I want my HTML pages to use a local path as an image's source in my development environment.</p>\n\n<p>Something like: </p>\n\n<p><code>&lt;img src=\"C:\\localPath.jpg\" alt=\"stf\"&gt;</code></p>\n\n<p>Is there a configuration for the web.config to specify a specific folder as if it a CDN server?</p>\n"
        },
        {
            "tags": [
                "vim",
                "cscope"
            ],
            "owner": {
                "reputation": 2,
                "user_id": 1604304,
                "user_type": "registered",
                "profile_image": "https://www.gravatar.com/avatar/c408c320d2c8f6038fe92dfc915423b4?s=128&d=identicon&r=PG",
                "display_name": "kk9527",
                "link": "https://stackoverflow.com/users/1604304/kk9527"
            },
            "is_answered": false,
            "view_count": 23,
            "answer_count": 1,
            "score": 0,
            "last_activity_date": 1526458300,
            "creation_date": 1526401979,
            "last_edit_date": 1526402079,
            "question_id": 50355198,
            "body_markdown": "Once vim cscope search finishes, vim opens a new quickfix window to show result. Is it possible to appending the new results to existing result windows instead of opening a new quickfix window? \r\n(Source Insight supports this way, BTW)",
            "link": "https://stackoverflow.com/questions/50355198/is-it-possible-to-appending-the-new-results-to-existing-result-window",
            "title": "Is it possible to appending the new results to existing result window?",
            "body": "<p>Once vim cscope search finishes, vim opens a new quickfix window to show result. Is it possible to appending the new results to existing result windows instead of opening a new quickfix window? \n(Source Insight supports this way, BTW)</p>\n"
        },
        {
            "tags": [
                "mysql",
                "performance",
                "mariadb",
                "replication",
                "database-performance"
            ],
            "owner": {
                "reputation": 16,
                "user_id": 6399371,
                "user_type": "registered",
                "profile_image": "https://www.gravatar.com/avatar/6f467c229e500fc3190a211f26104862?s=128&d=identicon&r=PG&f=1",
                "display_name": "Mike Patutin",
                "link": "https://stackoverflow.com/users/6399371/mike-patutin"
            },
            "is_answered": false,
            "view_count": 15,
            "answer_count": 0,
            "score": 0,
            "last_activity_date": 1526458297,
            "creation_date": 1526458297,
            "question_id": 50365569,
            "body_markdown": "I have MySQL (MariaDB 10.1.27) master that hold ~1900 databases. Total dbs size ~100GB\r\nUsed InnoDB engine with innodb_file_per_table = 1\r\n\r\nI&#39;m going to setup two slaves for this server (MariaDB 10.1.27).\r\nBoth slaves with identical hardware like master.\r\nmaster was stopeed at midnight, was made backup from /var/lib/mysql with tar\r\nand this tar was transferred and extracted on two separated servers.\r\n\r\nOne slave setted up fast, and catched up master (1 day delay) in ~1 hour.\r\nIn time of catching up, I got 100% CPU usage (LA 3-4) with log of disk activity (~20%wa)\r\n\r\nSecond master has some strange problem with replication performance.\r\nAfter setup it catching up master more than 2 days. And procees finished 20% only.\r\ncurrent show slave status:\r\n\r\n    show slave status\\Gshow processlist;\r\n    *************************** 1. row ***************************\r\n                   Slave_IO_State: Waiting for master to send event\r\n                      Master_Host: XXXXXXXXXX\r\n                      Master_User: XXXXXXXX\r\n                      Master_Port: 3306\r\n                    Connect_Retry: 60\r\n                  Master_Log_File: mysqld-bin.000572\r\n              Read_Master_Log_Pos: 524619108\r\n                   Relay_Log_File: relay-bin.000004\r\n                    Relay_Log_Pos: 916671538\r\n            Relay_Master_Log_File: mysqld-bin.000571\r\n                 Slave_IO_Running: Yes\r\n                Slave_SQL_Running: Yes\r\n                  Replicate_Do_DB:\r\n              Replicate_Ignore_DB:\r\n               Replicate_Do_Table:\r\n           Replicate_Ignore_Table:\r\n          Replicate_Wild_Do_Table:\r\n      Replicate_Wild_Ignore_Table: apsc.%,billing.%,information_schema.%,performance_schema.%,horde.%,mysql.%,phpmyadmin_gmRJC4rn_tom.%,psa.%,roundcubemail.%,sitebuilder5.%\r\n                       Last_Errno: 0\r\n                       Last_Error:\r\n                     Skip_Counter: 0\r\n              Exec_Master_Log_Pos: 916671245\r\n                  Relay_Log_Space: 1598365917\r\n                  Until_Condition: None\r\n                   Until_Log_File:\r\n                    Until_Log_Pos: 0\r\n               Master_SSL_Allowed: No\r\n               Master_SSL_CA_File:\r\n               Master_SSL_CA_Path:\r\n                  Master_SSL_Cert:\r\n                Master_SSL_Cipher:\r\n                   Master_SSL_Key:\r\n            Seconds_Behind_Master: 24730\r\n    Master_SSL_Verify_Server_Cert: No\r\n                    Last_IO_Errno: 0\r\n                    Last_IO_Error:\r\n                   Last_SQL_Errno: 0\r\n                   Last_SQL_Error:\r\n      Replicate_Ignore_Server_Ids:\r\n                 Master_Server_Id: 111\r\n                   Master_SSL_Crl:\r\n               Master_SSL_Crlpath:\r\n                       Using_Gtid: No\r\n                      Gtid_IO_Pos:\r\n          Replicate_Do_Domain_Ids:\r\n      Replicate_Ignore_Domain_Ids:\r\n                    Parallel_Mode: conservative\r\n    1 row in set (0.00 sec)\r\n\r\nNo serious activity present on CPU and on disk (see top screen later)\r\n\r\n    ======\r\n    top - 03:36:36 up 114 days, 12:26,  9 users,  load average: 1.82, 1.86, 1.89\r\n    Tasks: 364 total,   1 running, 362 sleeping,   0 stopped,   1 zombie\r\n    Cpu(s):  1.5%us,  0.7%sy,  0.0%ni, 87.7%id, 4.0%wa,  0.0%hi,  0.0%si,  0.0%st\r\n    Mem:  32993560k total, 32271192k used,   722368k free,   625464k buffers\r\n    Swap:  4194296k total,   229512k used,  3964784k free, 23100280k cached\r\n    \r\n      PID USER      PR  NI  VIRT  RES  SHR S %CPU %MEM    TIME+  COMMAND\r\n    13809 mysql      1 -19 6819m 5.8g 7332 S 8.9 18.5 132:12.33 mysqld\r\n    ======\r\n\r\nAs I see, all bin logs transferred from master to slave currently, \r\nbut slave have slow performance in applying this logs to dbs.\r\n\r\nIn slow query log (2 seconds limit) I have no any records.\r\n\r\nGoogling problem not help. Already tried:\r\n\r\n    skip-name-resolve\r\n    \r\n    innodb_flush_log_at_trx_commit=0\r\n    innodb-flush-method=O_DIRECT\r\n    \r\n    #move innodb logs to SSD\r\n    nnodb_log_group_home_dir=/var/lib/mysql_logs\r\n\r\nSetup multithreaded replication attempt (2 and 4 threads) was failed, because slowing down process more that current state. Slave got increasing lag (Seconds_Behind_Master in show slave status)\r\n\r\nPlease advice me what can be source of problem and what can be made to make replication faster.",
            "link": "https://stackoverflow.com/questions/50365569/strange-slow-performance-in-mysql-replication",
            "title": "Strange slow performance in mysql replication",
            "body": "<p>I have MySQL (MariaDB 10.1.27) master that hold ~1900 databases. Total dbs size ~100GB\nUsed InnoDB engine with innodb_file_per_table = 1</p>\n\n<p>I'm going to setup two slaves for this server (MariaDB 10.1.27).\nBoth slaves with identical hardware like master.\nmaster was stopeed at midnight, was made backup from /var/lib/mysql with tar\nand this tar was transferred and extracted on two separated servers.</p>\n\n<p>One slave setted up fast, and catched up master (1 day delay) in ~1 hour.\nIn time of catching up, I got 100% CPU usage (LA 3-4) with log of disk activity (~20%wa)</p>\n\n<p>Second master has some strange problem with replication performance.\nAfter setup it catching up master more than 2 days. And procees finished 20% only.\ncurrent show slave status:</p>\n\n<pre><code>show slave status\\Gshow processlist;\n*************************** 1. row ***************************\n               Slave_IO_State: Waiting for master to send event\n                  Master_Host: XXXXXXXXXX\n                  Master_User: XXXXXXXX\n                  Master_Port: 3306\n                Connect_Retry: 60\n              Master_Log_File: mysqld-bin.000572\n          Read_Master_Log_Pos: 524619108\n               Relay_Log_File: relay-bin.000004\n                Relay_Log_Pos: 916671538\n        Relay_Master_Log_File: mysqld-bin.000571\n             Slave_IO_Running: Yes\n            Slave_SQL_Running: Yes\n              Replicate_Do_DB:\n          Replicate_Ignore_DB:\n           Replicate_Do_Table:\n       Replicate_Ignore_Table:\n      Replicate_Wild_Do_Table:\n  Replicate_Wild_Ignore_Table: apsc.%,billing.%,information_schema.%,performance_schema.%,horde.%,mysql.%,phpmyadmin_gmRJC4rn_tom.%,psa.%,roundcubemail.%,sitebuilder5.%\n                   Last_Errno: 0\n                   Last_Error:\n                 Skip_Counter: 0\n          Exec_Master_Log_Pos: 916671245\n              Relay_Log_Space: 1598365917\n              Until_Condition: None\n               Until_Log_File:\n                Until_Log_Pos: 0\n           Master_SSL_Allowed: No\n           Master_SSL_CA_File:\n           Master_SSL_CA_Path:\n              Master_SSL_Cert:\n            Master_SSL_Cipher:\n               Master_SSL_Key:\n        Seconds_Behind_Master: 24730\nMaster_SSL_Verify_Server_Cert: No\n                Last_IO_Errno: 0\n                Last_IO_Error:\n               Last_SQL_Errno: 0\n               Last_SQL_Error:\n  Replicate_Ignore_Server_Ids:\n             Master_Server_Id: 111\n               Master_SSL_Crl:\n           Master_SSL_Crlpath:\n                   Using_Gtid: No\n                  Gtid_IO_Pos:\n      Replicate_Do_Domain_Ids:\n  Replicate_Ignore_Domain_Ids:\n                Parallel_Mode: conservative\n1 row in set (0.00 sec)\n</code></pre>\n\n<p>No serious activity present on CPU and on disk (see top screen later)</p>\n\n<pre><code>======\ntop - 03:36:36 up 114 days, 12:26,  9 users,  load average: 1.82, 1.86, 1.89\nTasks: 364 total,   1 running, 362 sleeping,   0 stopped,   1 zombie\nCpu(s):  1.5%us,  0.7%sy,  0.0%ni, 87.7%id, 4.0%wa,  0.0%hi,  0.0%si,  0.0%st\nMem:  32993560k total, 32271192k used,   722368k free,   625464k buffers\nSwap:  4194296k total,   229512k used,  3964784k free, 23100280k cached\n\n  PID USER      PR  NI  VIRT  RES  SHR S %CPU %MEM    TIME+  COMMAND\n13809 mysql      1 -19 6819m 5.8g 7332 S 8.9 18.5 132:12.33 mysqld\n======\n</code></pre>\n\n<p>As I see, all bin logs transferred from master to slave currently, \nbut slave have slow performance in applying this logs to dbs.</p>\n\n<p>In slow query log (2 seconds limit) I have no any records.</p>\n\n<p>Googling problem not help. Already tried:</p>\n\n<pre><code>skip-name-resolve\n\ninnodb_flush_log_at_trx_commit=0\ninnodb-flush-method=O_DIRECT\n\n#move innodb logs to SSD\nnnodb_log_group_home_dir=/var/lib/mysql_logs\n</code></pre>\n\n<p>Setup multithreaded replication attempt (2 and 4 threads) was failed, because slowing down process more that current state. Slave got increasing lag (Seconds_Behind_Master in show slave status)</p>\n\n<p>Please advice me what can be source of problem and what can be made to make replication faster.</p>\n"
        },
        {
            "tags": [
                "windows-7",
                "windows-10",
                "sharing",
                "file-sharing"
            ],
            "owner": {
                "reputation": 1,
                "user_id": 6189301,
                "user_type": "registered",
                "profile_image": "https://lh4.googleusercontent.com/-HIIPCLUuCv4/AAAAAAAAAAI/AAAAAAAAAvE/SEl6T7jp-78/photo.jpg?sz=128",
                "display_name": "Rizwan Shaikh",
                "link": "https://stackoverflow.com/users/6189301/rizwan-shaikh"
            },
            "is_answered": false,
            "view_count": 18,
            "answer_count": 0,
            "score": -2,
            "last_activity_date": 1526458282,
            "creation_date": 1526458282,
            "question_id": 50365565,
            "body_markdown": "I want to Share files from Windows 10 April Update to Windows 7 because HomeGroup feature in April Update is no longer exist and nearby sharing doesn&#39;t work for windows 7?",
            "link": "https://stackoverflow.com/questions/50365565/i-want-to-share-files-from-windows-10-april-update-to-windows-7",
            "title": "I want to Share files from Windows 10 April Update to Windows 7",
            "body": "<p>I want to Share files from Windows 10 April Update to Windows 7 because HomeGroup feature in April Update is no longer exist and nearby sharing doesn't work for windows 7?</p>\n"
        },
        {
            "tags": [
                "c++",
                "boost",
                "stl"
            ],
            "owner": {
                "reputation": 376,
                "user_id": 323058,
                "user_type": "registered",
                "accept_rate": 50,
                "profile_image": "https://www.gravatar.com/avatar/4486b103fdaec6a529467fc15710af8e?s=128&d=identicon&r=PG",
                "display_name": "mpipe3",
                "link": "https://stackoverflow.com/users/323058/mpipe3"
            },
            "is_answered": true,
            "view_count": 2537,
            "answer_count": 5,
            "score": 8,
            "last_activity_date": 1526458256,
            "creation_date": 1309942139,
            "last_edit_date": 1526458256,
            "question_id": 6593770,
            "body_markdown": "I&#39;m working on a mult-threaded program, but have a UI component that makes extensive use of std::shared_ptr to manage elements. I can guarantee that only one thread will ever use these shared_ptrs.\r\n\r\nIs there a way to define a shared_ptr that doesn&#39;t incur the overhead of thread safe reference counting?\r\n\r\nIt could be based on boost::shared_ptr or std::shared_ptr.\r\n\r\nEDIT: Thanks for answers mentioning intrusive_ptr. I neglected to mention that I also need weak_ptr functionality so that rules it out.\r\n\r\nUPDATE: The answer for me is to use local_shared_ptr from Boost. See comment from &#39;he rambled&#39;",
            "link": "https://stackoverflow.com/questions/6593770/creating-a-non-thread-safe-shared-ptr",
            "title": "Creating a non-thread safe shared_ptr",
            "body": "<p>I'm working on a mult-threaded program, but have a UI component that makes extensive use of std::shared_ptr to manage elements. I can guarantee that only one thread will ever use these shared_ptrs.</p>\n\n<p>Is there a way to define a shared_ptr that doesn't incur the overhead of thread safe reference counting?</p>\n\n<p>It could be based on boost::shared_ptr or std::shared_ptr.</p>\n\n<p>EDIT: Thanks for answers mentioning intrusive_ptr. I neglected to mention that I also need weak_ptr functionality so that rules it out.</p>\n\n<p>UPDATE: The answer for me is to use local_shared_ptr from Boost. See comment from 'he rambled'</p>\n"
        },
        {
            "tags": [
                "ruby-on-rails",
                "rubygems"
            ],
            "owner": {
                "reputation": 8,
                "user_id": 8204428,
                "user_type": "registered",
                "profile_image": "https://www.gravatar.com/avatar/9b61a76a79e2c8d0575c1c409a8003e4?s=128&d=identicon&r=PG&f=1",
                "display_name": "Mamadou Ali",
                "link": "https://stackoverflow.com/users/8204428/mamadou-ali"
            },
            "is_answered": false,
            "view_count": 25,
            "closed_date": 1526460517,
            "answer_count": 0,
            "score": -4,
            "last_activity_date": 1526458245,
            "creation_date": 1526457871,
            "last_edit_date": 1526458245,
            "question_id": 50365454,
            "body_markdown": "I&#39;m looking for a gem or a system to let my users ban or block each other like on facebook or instagram.",
            "link": "https://stackoverflow.com/questions/50365454/how-to-create-a-system-to-ban-or-block-a-user-in-rails",
            "closed_reason": "off-topic",
            "title": "How to create a system to ban or block a user in rails",
            "body": "<p>I'm looking for a gem or a system to let my users ban or block each other like on facebook or instagram.</p>\n"
        },
        {
            "tags": [
                "java",
                "html",
                "audio",
                "htmlunit"
            ],
            "owner": {
                "reputation": 383,
                "user_id": 2501213,
                "user_type": "registered",
                "accept_rate": 93,
                "profile_image": "https://i.stack.imgur.com/8Tu5N.jpg?s=128&g=1",
                "display_name": "Bruno BL",
                "link": "https://stackoverflow.com/users/2501213/bruno-bl"
            },
            "is_answered": true,
            "view_count": 177,
            "accepted_answer_id": 33369470,
            "answer_count": 2,
            "score": 0,
            "last_activity_date": 1526458240,
            "creation_date": 1438177592,
            "question_id": 31702323,
            "body_markdown": "before someone tells me that there&#39;s already this question here, i must say i&#39;ve tried basically every single example i&#39;ve found.\r\n\r\nThe url i&#39;m trying to download has a type of &#39;audio/wav&#39;, embedded in a video tag, or at least this is what i see when running Chrome&#39;s element inspector.\r\n\r\nThe matter is, the URL (which i can&#39;t post here) does not point to a .wav file nor anything, but to an ASP page, which seems to generate the audio.\r\n\r\nSo far so good, the problem here is that i can&#39;t really download the audio.\r\n\r\nBasically my webclient is created like:\r\n\r\n    WebClient webClient = new WebClient(BrowserVersion.FIREFOX_38); // Also tried Chrome here.\r\n    webClient.getOptions().setThrowExceptionOnScriptError(false);\r\n    webClient.getOptions().setUseInsecureSSL(true);\r\n    webClient.getOptions().setPopupBlockerEnabled(false);\r\n    webClient.setAjaxController(new NicelyResynchronizingAjaxController());\r\n    HtmlPage page = (HtmlPage)webClient.getPage(URL);\r\n\r\n\r\nI&#39;ve tried creating an anchor element that links to the page containing the audio file:\r\n\r\n    HtmlElement createdElement = (HtmlElement) page.createElement(&quot;a&quot;);\r\n    createdElement.setAttribute(&quot;id&quot;, &quot;link_som&quot;);\r\n    createdElement.setAttribute(&quot;href&quot;, &quot;../sound.asp?app=audio&quot;);\r\n    page.appendChild(createdElement);\r\n      \r\n    HtmlAnchor anc =(HtmlAnchor) page.getElementById(&quot;link_som&quot;, true); //tried this just to make sure it was returning the right anchor\r\n\r\n    InputStream inputStream = anc.click().getWebResponse().getContentAsStream();\r\n    //Writing the inputStream to a file generates a file which has 0 KB.\r\n\r\nAlso tried running the javascript that links to new URL through HtmlUnit:\r\n\r\n    ScriptResult resultado = page.executeJavaScript(&quot;window.open(&#39;../sound.asp?app=audio&#39;);&quot;);\r\n    webClient.waitForBackgroundJavaScript(5000);\r\n    HtmlPage paginaRes = (HtmlPage)resultado.getNewPage();\r\n\r\n    InputStream inputStream =paginaRes.getWebResponse().getContentAsStream(); //Here the inputStream also generates a 0 KB file\r\n\r\nInteresting though, is that in all those cases i tried, if i write the inputStream to the console, it returns the main page source, for example:\r\n\r\n    int binary = 0;\r\n    while ((binary = inputStream.read()) != -1)\r\n    {\r\n       System.out.print((char)binary); //prints the old page source, and in some other tests, prints nothing.\r\n    }\r\n\r\nPs.: When opening the URL on chrome manually, it has an embedded player, on FireFox, it asks for Quicktime.\r\n",
            "link": "https://stackoverflow.com/questions/31702323/download-wav-files-in-htmlunit",
            "title": "Download wav files in HTMLUnit",
            "body": "<p>before someone tells me that there's already this question here, i must say i've tried basically every single example i've found.</p>\n\n<p>The url i'm trying to download has a type of 'audio/wav', embedded in a video tag, or at least this is what i see when running Chrome's element inspector.</p>\n\n<p>The matter is, the URL (which i can't post here) does not point to a .wav file nor anything, but to an ASP page, which seems to generate the audio.</p>\n\n<p>So far so good, the problem here is that i can't really download the audio.</p>\n\n<p>Basically my webclient is created like:</p>\n\n<pre><code>WebClient webClient = new WebClient(BrowserVersion.FIREFOX_38); // Also tried Chrome here.\nwebClient.getOptions().setThrowExceptionOnScriptError(false);\nwebClient.getOptions().setUseInsecureSSL(true);\nwebClient.getOptions().setPopupBlockerEnabled(false);\nwebClient.setAjaxController(new NicelyResynchronizingAjaxController());\nHtmlPage page = (HtmlPage)webClient.getPage(URL);\n</code></pre>\n\n<p>I've tried creating an anchor element that links to the page containing the audio file:</p>\n\n<pre><code>HtmlElement createdElement = (HtmlElement) page.createElement(\"a\");\ncreatedElement.setAttribute(\"id\", \"link_som\");\ncreatedElement.setAttribute(\"href\", \"../sound.asp?app=audio\");\npage.appendChild(createdElement);\n\nHtmlAnchor anc =(HtmlAnchor) page.getElementById(\"link_som\", true); //tried this just to make sure it was returning the right anchor\n\nInputStream inputStream = anc.click().getWebResponse().getContentAsStream();\n//Writing the inputStream to a file generates a file which has 0 KB.\n</code></pre>\n\n<p>Also tried running the javascript that links to new URL through HtmlUnit:</p>\n\n<pre><code>ScriptResult resultado = page.executeJavaScript(\"window.open('../sound.asp?app=audio');\");\nwebClient.waitForBackgroundJavaScript(5000);\nHtmlPage paginaRes = (HtmlPage)resultado.getNewPage();\n\nInputStream inputStream =paginaRes.getWebResponse().getContentAsStream(); //Here the inputStream also generates a 0 KB file\n</code></pre>\n\n<p>Interesting though, is that in all those cases i tried, if i write the inputStream to the console, it returns the main page source, for example:</p>\n\n<pre><code>int binary = 0;\nwhile ((binary = inputStream.read()) != -1)\n{\n   System.out.print((char)binary); //prints the old page source, and in some other tests, prints nothing.\n}\n</code></pre>\n\n<p>Ps.: When opening the URL on chrome manually, it has an embedded player, on FireFox, it asks for Quicktime.</p>\n"
        },
        {
            "tags": [
                "elasticsearch",
                "logstash"
            ],
            "owner": {
                "reputation": 164,
                "user_id": 9073330,
                "user_type": "registered",
                "profile_image": "https://i.stack.imgur.com/lWmUw.png?s=128&g=1",
                "display_name": "Ashok",
                "link": "https://stackoverflow.com/users/9073330/ashok"
            },
            "is_answered": false,
            "view_count": 20,
            "answer_count": 1,
            "score": 1,
            "last_activity_date": 1526458240,
            "creation_date": 1526448464,
            "last_edit_date": 1526458240,
            "question_id": 50363021,
            "body_markdown": "I have installed Logstash,elasticsearch and kibana in single instance and installed X-pack also for TLS communication. enabled ssl communication in elasticsearch and kibana working good but logstash unable to connect elasticsearch , but i can curl elasticsearch url https://localhost:9200 there is no firewall blocking also, \r\nI have generated open ssl certificate and key file  and kept in elasticsearch \r\n\r\n\r\n\r\n\r\n\r\n    input {\r\n      beats {\r\n         client_inactivity_timeout =&gt; 1000\r\n         port =&gt; 5044\r\n      }\r\n    }\r\n\r\n    filter {\r\n      grok {\r\n        match =&gt; [ &quot;message&quot;, &quot;%{TIMESTAMP_ISO8601} %{LOGLEVEL:loglevel} zeppelin IDExtractionService transactionId %{WORD:transaction_id} operation %{WORD:otype} received request duration %{NUMBER:duration} exception %{WORD:error}&quot; ]\r\n      }\r\n    }\r\n    filter {\r\n        if &quot;beats_input_codec_plain_applied&quot; in [tags] {\r\n            mutate {\r\n                remove_tag =&gt; [&quot;beats_input_codec_plain_applied&quot;]\r\n            }\r\n        }\r\n    }\r\n\r\n    filter {\r\n        if &quot;_grokparsefailure&quot; in [tags] {\r\n            mutate {\r\n                remove_tag =&gt; [&quot;_grokparsefailure&quot;]\r\n            }\r\n        }\r\n    }\r\n\r\n    xpack.monitoring.enabled: true\r\n    xpack.monitoring.elasticsearch.url: https://localhost:9200\r\n    output {\r\n      elasticsearch {\r\n        hosts =&gt; [&quot;http://localhost:9200&quot;]\r\n        user =&gt; elastic\r\n        password =&gt; password\r\n        manage_template =&gt; false\r\n    #    ssl_certificate_verification =&gt; false\r\n        ssl =&gt; true\r\n        cacert =&gt; &#39;/etc/elasticsearch/ca/key.pem&#39;\r\n        index =&gt; &quot;%{[@metadata][beat]}-%{+YYYY.MM.dd}&quot;\r\n\r\n      }\r\n    }\r\n\r\n\r\n\r\n\r\n\r\n\r\n\r\nelastic search config file \r\n\r\n    cluster.name: my-application\r\n    network.host: 0.0.0.0\r\n    xpack.security.http.ssl.enabled: true\r\n    xpack.security.http.ssl.key:  /opt/elasticsearch/ca/ca.key\r\n    xpack.security.http.ssl.certificate: /opt/elasticsearch/ca/ca.crt\r\n\r\n\r\n\r\n\r\nlogstash log files\r\n\r\n    [2018-05-16T05:28:16,421][WARN ][logstash.outputs.elasticsearch] Attempted to resurrect connection to dead ES instance, but got an error. {:url=&gt;&quot;http://logstash_system:xxxxxx@localhost:9200/&quot;, :error_type=&gt;LogStash::Outputs::ElasticSearch::HttpClient::Pool::HostUnreachableError, :error=&gt;&quot;Elasticsearch Unreachable: [http://logstash_system:xxxxxx@localhost:9200/][Manticore::ClientProtocolException] localhost:9200 failed to respond&quot;}\r\n    [2018-05-16T05:28:17,201][WARN ][logstash.shutdownwatcher ] {&quot;inflight_count&quot;=&gt;1, &quot;stalling_thread_info&quot;=&gt;{&quot;other&quot;=&gt;[{&quot;thread_id&quot;=&gt;24, &quot;name&quot;=&gt;nil, &quot;current_call&quot;=&gt;&quot;[...]/vendor/bundle/jruby/2.3.0/gems/stud-0.0.23/lib/stud/interval.rb:89:in `sleep&#39;&quot;}]}}\r\n    [2018-05-16T05:28:21,422][INFO ][logstash.outputs.elasticsearch] Running health check to see if an Elasticsearch connection is working {:healthcheck_url=&gt;http://logstash_system:xxxxxx@localhost:9200/, :path=&gt;&quot;/&quot;}\r\n    [2018-05-16T05:28:21,422][INFO ][logstash.licensechecker.licensereader] Running health check to see if an Elasticsearch connection is working {:healthcheck_url=&gt;http://logstash_system:xxxxxx@localhost:9200/, :path=&gt;&quot;/&quot;}\r\n    [2018-05-16T05:28:21,424][WARN ][logstash.licensechecker.licensereader] Attempted to resurrect connection to dead ES instance, but got an error. {:url=&gt;&quot;http://logstash_system:xxxxxx@localhost:9200/&quot;, :error_type=&gt;LogStash::Outputs::ElasticSearch::HttpClient::Pool::HostUnreachableError, :error=&gt;&quot;Elasticsearch Unreachable: [http://logstash_system:xxxxxx@localhost:9200/][Manticore::ClientProtocolException] localhost:9200 failed to respond&quot;}\r\n    [2018-05-16T05:28:21,425][WARN ][logstash.outputs.elasticsearch] Attempted to resurrect connection to dead ES instance, but got an error. {:url=&gt;&quot;http://logstash_system:xxxxxx@localhost:9200/&quot;, :error_type=&gt;LogStash::Outputs::ElasticSearch::HttpClient::Pool::HostUnreachableError, :error=&gt;&quot;Elasticsearch Unreachable: [http://logstash_system:xxxxxx@localhost:9200/][Manticore::ClientProtocolException] localhost:9200 failed to respond&quot;}\r\n    [2018-05-16T05:28:22,202][WARN ][logstash.shutdownwatcher ] {&quot;inflight_count&quot;=&gt;1, &quot;stalling_thread_info&quot;=&gt;{&quot;other&quot;=&gt;[{&quot;thread_id&quot;=&gt;24, &quot;name&quot;=&gt;nil, &quot;current_call&quot;=&gt;&quot;[...]/vendor/bundle/jruby/2.3.0/gems/stud-0.0.23/lib/stud/interval.rb:89:in `sleep&#39;&quot;}]}}\r\n    [2018-05-16T05:28:26,425][INFO ][logstash.licensechecker.licensereader] Running health check to see if an Elasticsearch connection is working {:healthcheck_url=&gt;http://logstash_system:xxxxxx@localhost:9200/, :path=&gt;&quot;/&quot;}\r\n    [2018-05-16T05:28:26,426][INFO ][logstash.outputs.elasticsearch] Running health check to see if an Elasticsearch connection is working {:healthcheck_url=&gt;http://logstash_system:xxxxxx@localhost:9200/, :path=&gt;&quot;/&quot;}\r\n    [2018-05-16T05:28:26,427][WARN ][logstash.licensechecker.licensereader] Attempted to resurrect connection to dead ES instance, but got an error. {:url=&gt;&quot;http://logstash_system:xxxxxx@localhost:9200/&quot;, :error_type=&gt;LogStash::Outputs::ElasticSearch::HttpClient::Pool::HostUnreachableError, :error=&gt;&quot;Elasticsearch Unreachable: [http://logstash_system:xxxxxx@localhost:9200/][Manticore::ClientProtocolException] localhost:9200 failed to respond&quot;}\r\n    [2018-05-16T05:28:26,427][WARN ][logstash.outputs.elasticsearch] Attempted to resurrect connection to dead ES instance, but got an error. {:url=&gt;&quot;http://logstash_system:xxxxxx@localhost:9200/&quot;, :error_type=&gt;LogStash::Outputs::ElasticSearch::HttpClient::Pool::HostUnreachableError, :error=&gt;&quot;Elasticsearch Unreachable: [http://logstash_system:xxxxxx@localhost:9200/][Manticore::ClientProtocolException] localhost:9200 failed to respond&quot;}\r\n    [2018-05-16T05:28:27,201][WARN ][logstash.shutdownwatcher ] {&quot;inflight_count&quot;=&gt;1, &quot;stalling_thread_info&quot;=&gt;{&quot;other&quot;=&gt;[{&quot;thread_id&quot;=&gt;24, &quot;name&quot;=&gt;nil, &quot;current_call&quot;=&gt;&quot;[...]/vendor/bundle/jruby/2.3.0/gems/stud-0.0.23/lib/stud/interval.rb:89:in `sleep&#39;&quot;}]}}\r\n    root@5c417caecc5f:/var/log/logstash#\r\n\r\n\r\n&lt;!-- end snippet --&gt;\r\n\r\n\r\n\r\n",
            "link": "https://stackoverflow.com/questions/50363021/logstash-not-able-to-connect-secured-ssl-elastic-search-cluster",
            "title": "Logstash not able to connect secured (ssl) Elastic search cluster",
            "body": "<p>I have installed Logstash,elasticsearch and kibana in single instance and installed X-pack also for TLS communication. enabled ssl communication in elasticsearch and kibana working good but logstash unable to connect elasticsearch , but i can curl elasticsearch url <a href=\"https://localhost:9200\" rel=\"nofollow noreferrer\">https://localhost:9200</a> there is no firewall blocking also, \nI have generated open ssl certificate and key file  and kept in elasticsearch </p>\n\n<pre><code>input {\n  beats {\n     client_inactivity_timeout =&gt; 1000\n     port =&gt; 5044\n  }\n}\n\nfilter {\n  grok {\n    match =&gt; [ \"message\", \"%{TIMESTAMP_ISO8601} %{LOGLEVEL:loglevel} zeppelin IDExtractionService transactionId %{WORD:transaction_id} operation %{WORD:otype} received request duration %{NUMBER:duration} exception %{WORD:error}\" ]\n  }\n}\nfilter {\n    if \"beats_input_codec_plain_applied\" in [tags] {\n        mutate {\n            remove_tag =&gt; [\"beats_input_codec_plain_applied\"]\n        }\n    }\n}\n\nfilter {\n    if \"_grokparsefailure\" in [tags] {\n        mutate {\n            remove_tag =&gt; [\"_grokparsefailure\"]\n        }\n    }\n}\n\nxpack.monitoring.enabled: true\nxpack.monitoring.elasticsearch.url: https://localhost:9200\noutput {\n  elasticsearch {\n    hosts =&gt; [\"http://localhost:9200\"]\n    user =&gt; elastic\n    password =&gt; password\n    manage_template =&gt; false\n#    ssl_certificate_verification =&gt; false\n    ssl =&gt; true\n    cacert =&gt; '/etc/elasticsearch/ca/key.pem'\n    index =&gt; \"%{[@metadata][beat]}-%{+YYYY.MM.dd}\"\n\n  }\n}\n</code></pre>\n\n<p>elastic search config file </p>\n\n<pre><code>cluster.name: my-application\nnetwork.host: 0.0.0.0\nxpack.security.http.ssl.enabled: true\nxpack.security.http.ssl.key:  /opt/elasticsearch/ca/ca.key\nxpack.security.http.ssl.certificate: /opt/elasticsearch/ca/ca.crt\n</code></pre>\n\n<p>logstash log files</p>\n\n<pre><code>[2018-05-16T05:28:16,421][WARN ][logstash.outputs.elasticsearch] Attempted to resurrect connection to dead ES instance, but got an error. {:url=&gt;\"http://logstash_system:xxxxxx@localhost:9200/\", :error_type=&gt;LogStash::Outputs::ElasticSearch::HttpClient::Pool::HostUnreachableError, :error=&gt;\"Elasticsearch Unreachable: [http://logstash_system:xxxxxx@localhost:9200/][Manticore::ClientProtocolException] localhost:9200 failed to respond\"}\n[2018-05-16T05:28:17,201][WARN ][logstash.shutdownwatcher ] {\"inflight_count\"=&gt;1, \"stalling_thread_info\"=&gt;{\"other\"=&gt;[{\"thread_id\"=&gt;24, \"name\"=&gt;nil, \"current_call\"=&gt;\"[...]/vendor/bundle/jruby/2.3.0/gems/stud-0.0.23/lib/stud/interval.rb:89:in `sleep'\"}]}}\n[2018-05-16T05:28:21,422][INFO ][logstash.outputs.elasticsearch] Running health check to see if an Elasticsearch connection is working {:healthcheck_url=&gt;http://logstash_system:xxxxxx@localhost:9200/, :path=&gt;\"/\"}\n[2018-05-16T05:28:21,422][INFO ][logstash.licensechecker.licensereader] Running health check to see if an Elasticsearch connection is working {:healthcheck_url=&gt;http://logstash_system:xxxxxx@localhost:9200/, :path=&gt;\"/\"}\n[2018-05-16T05:28:21,424][WARN ][logstash.licensechecker.licensereader] Attempted to resurrect connection to dead ES instance, but got an error. {:url=&gt;\"http://logstash_system:xxxxxx@localhost:9200/\", :error_type=&gt;LogStash::Outputs::ElasticSearch::HttpClient::Pool::HostUnreachableError, :error=&gt;\"Elasticsearch Unreachable: [http://logstash_system:xxxxxx@localhost:9200/][Manticore::ClientProtocolException] localhost:9200 failed to respond\"}\n[2018-05-16T05:28:21,425][WARN ][logstash.outputs.elasticsearch] Attempted to resurrect connection to dead ES instance, but got an error. {:url=&gt;\"http://logstash_system:xxxxxx@localhost:9200/\", :error_type=&gt;LogStash::Outputs::ElasticSearch::HttpClient::Pool::HostUnreachableError, :error=&gt;\"Elasticsearch Unreachable: [http://logstash_system:xxxxxx@localhost:9200/][Manticore::ClientProtocolException] localhost:9200 failed to respond\"}\n[2018-05-16T05:28:22,202][WARN ][logstash.shutdownwatcher ] {\"inflight_count\"=&gt;1, \"stalling_thread_info\"=&gt;{\"other\"=&gt;[{\"thread_id\"=&gt;24, \"name\"=&gt;nil, \"current_call\"=&gt;\"[...]/vendor/bundle/jruby/2.3.0/gems/stud-0.0.23/lib/stud/interval.rb:89:in `sleep'\"}]}}\n[2018-05-16T05:28:26,425][INFO ][logstash.licensechecker.licensereader] Running health check to see if an Elasticsearch connection is working {:healthcheck_url=&gt;http://logstash_system:xxxxxx@localhost:9200/, :path=&gt;\"/\"}\n[2018-05-16T05:28:26,426][INFO ][logstash.outputs.elasticsearch] Running health check to see if an Elasticsearch connection is working {:healthcheck_url=&gt;http://logstash_system:xxxxxx@localhost:9200/, :path=&gt;\"/\"}\n[2018-05-16T05:28:26,427][WARN ][logstash.licensechecker.licensereader] Attempted to resurrect connection to dead ES instance, but got an error. {:url=&gt;\"http://logstash_system:xxxxxx@localhost:9200/\", :error_type=&gt;LogStash::Outputs::ElasticSearch::HttpClient::Pool::HostUnreachableError, :error=&gt;\"Elasticsearch Unreachable: [http://logstash_system:xxxxxx@localhost:9200/][Manticore::ClientProtocolException] localhost:9200 failed to respond\"}\n[2018-05-16T05:28:26,427][WARN ][logstash.outputs.elasticsearch] Attempted to resurrect connection to dead ES instance, but got an error. {:url=&gt;\"http://logstash_system:xxxxxx@localhost:9200/\", :error_type=&gt;LogStash::Outputs::ElasticSearch::HttpClient::Pool::HostUnreachableError, :error=&gt;\"Elasticsearch Unreachable: [http://logstash_system:xxxxxx@localhost:9200/][Manticore::ClientProtocolException] localhost:9200 failed to respond\"}\n[2018-05-16T05:28:27,201][WARN ][logstash.shutdownwatcher ] {\"inflight_count\"=&gt;1, \"stalling_thread_info\"=&gt;{\"other\"=&gt;[{\"thread_id\"=&gt;24, \"name\"=&gt;nil, \"current_call\"=&gt;\"[...]/vendor/bundle/jruby/2.3.0/gems/stud-0.0.23/lib/stud/interval.rb:89:in `sleep'\"}]}}\nroot@5c417caecc5f:/var/log/logstash#\n</code></pre>\n\n\n"
        },
        {
            "tags": [
                "tfs",
                "vsts",
                "vstest",
                "vstest.console"
            ],
            "owner": {
                "reputation": 3,
                "user_id": 6278274,
                "user_type": "registered",
                "profile_image": "https://www.gravatar.com/avatar/bd23cd6f943f8eb9e806e29ec967fdaf?s=128&d=identicon&r=PG&f=1",
                "display_name": "Deividito",
                "link": "https://stackoverflow.com/users/6278274/deividito"
            },
            "is_answered": true,
            "view_count": 33,
            "closed_date": 1526458203,
            "accepted_answer_id": 50147458,
            "answer_count": 1,
            "score": 0,
            "last_activity_date": 1526458240,
            "creation_date": 1525261070,
            "last_edit_date": 1526458240,
            "question_id": 50133795,
            "body_markdown": "I&#39;m running test on vstest.console.exe. How to specify the location of results file?\r\n\r\n    vstest.console.exe [TestLocation] /Logger:trx /Platform:x64 /InIsolation /Tests:[Testname]\r\n\r\n**SOLUTION: Run tests from the folder, where I want my &quot;TestResults&quot; appear**",
            "link": "https://stackoverflow.com/questions/50133795/vstest-console-exe-specify-output-file-location-via-command-line",
            "closed_reason": "duplicate",
            "title": "vstest.console.exe - Specify output file location via command line",
            "body": "<p>I'm running test on vstest.console.exe. How to specify the location of results file?</p>\n\n<pre><code>vstest.console.exe [TestLocation] /Logger:trx /Platform:x64 /InIsolation /Tests:[Testname]\n</code></pre>\n\n<p><strong>SOLUTION: Run tests from the folder, where I want my \"TestResults\" appear</strong></p>\n"
        },
        {
            "tags": [
                "python-3.x",
                "macos",
                "bundle",
                "pyqt5",
                "pyinstaller"
            ],
            "owner": {
                "reputation": 1,
                "user_id": 8570451,
                "user_type": "registered",
                "profile_image": "https://lh6.googleusercontent.com/--vsyNMPoHcE/AAAAAAAAAAI/AAAAAAAAQbc/4FJkfEGj3ho/photo.jpg?sz=128",
                "display_name": "matt",
                "link": "https://stackoverflow.com/users/8570451/matt"
            },
            "is_answered": true,
            "view_count": 21,
            "accepted_answer_id": 50365552,
            "answer_count": 1,
            "score": 0,
            "last_activity_date": 1526458234,
            "creation_date": 1526330869,
            "question_id": 50338764,
            "body_markdown": "I&#39;m creating an application with **PyQt5** (5.10) and **Python** 3.6.\r\nI&#39;m using **PyInstaller** to bundle my application. On **MacOS**,\r\nPyInstaller creates a directory named `dist` which contains an executable `myapp` and the bundle `myapp.app`.\r\nThe executable runs perfectly.\r\nThe bundle `myapp.app` runs well, but when I&#39;m inserting accented characters, as `&#233;` into an input widget, the application crashes with the error:\r\n\r\n    UnicodeEncodeError: &#39;ascii&#39; codec can&#39;t encode character &#39;\\xe9&#39; in position 63: ordinal not in range(128)\r\n\r\nThe `myapp.app` just contains the executable `myapp` which runs as I expect.\r\n\r\nI&#39;ve tested to run `myapp` with an empty environment:\r\n\r\n    env -i ./myapp\r\n\r\nI get the same error that `myapp.app`.\r\n\r\nWith a `LANG` defined:\r\n\r\n    env -i LANG=fr_FR.UTF-8 ./myapp\r\n\r\nNo errors.\r\n\r\nSo, I now know that the problem is related to `LANG environment variable`.\r\n\r\nNow, my question is:\r\n\r\nHow to create my bundle to allow `myapp.app` to access the LANG environment variable?\r\n\r\nAny help will be greatly appreciated.\r\n\r\nHere is my PyInstaller spec file:\r\n\r\n    # -*- mode: python -*-\r\n    \r\n    import os\r\n    import sys\r\n    \r\n    block_cipher = None\r\n    \r\n    if os.name == &#39;nt&#39;:\r\n        icon = &#39;images/icon.ico&#39;\r\n    elif sys.platform == &#39;darwin&#39;:\r\n        icon = &#39;images/icon.icns&#39;\r\n    else:\r\n        icon = None\r\n    \r\n    a = Analysis([&#39;../main.py&#39;],\r\n                 pathex=[&#39;.&#39;],\r\n                 binaries=[],\r\n                 datas=[],\r\n                 hiddenimports=[],\r\n                 hookspath=[],\r\n                 runtime_hooks=[],\r\n                 excludes=[],\r\n                 win_no_prefer_redirects=False,\r\n                 win_private_assemblies=False,\r\n                 cipher=block_cipher)\r\n    pyz = PYZ(a.pure, a.zipped_data,\r\n              cipher=block_cipher)\r\n    exe = EXE(pyz,\r\n              a.scripts,\r\n              a.binaries,\r\n              a.zipfiles,\r\n              a.datas,\r\n              name=&#39;My App&#39;,\r\n              debug=False,\r\n              strip=False,\r\n              upx=False,\r\n              runtime_tmpdir=None,\r\n              console=False, icon=icon)\r\n    app = BUNDLE(exe,\r\n                 name=&#39;My App.app&#39;,\r\n                 icon=icon,\r\n                 bundle_identifier=&#39;com.me.myapp&#39;,\r\n                 info_plist={\r\n                     &#39;NSHighResolutionCapable&#39;: &#39;True&#39;\r\n                 },)",
            "link": "https://stackoverflow.com/questions/50338764/how-to-set-lang-when-creating-a-bundle-with-pyinstaller",
            "title": "How to set LANG when creating a bundle with PyInstaller",
            "body": "<p>I'm creating an application with <strong>PyQt5</strong> (5.10) and <strong>Python</strong> 3.6.\nI'm using <strong>PyInstaller</strong> to bundle my application. On <strong>MacOS</strong>,\nPyInstaller creates a directory named <code>dist</code> which contains an executable <code>myapp</code> and the bundle <code>myapp.app</code>.\nThe executable runs perfectly.\nThe bundle <code>myapp.app</code> runs well, but when I'm inserting accented characters, as <code></code> into an input widget, the application crashes with the error:</p>\n\n<pre><code>UnicodeEncodeError: 'ascii' codec can't encode character '\\xe9' in position 63: ordinal not in range(128)\n</code></pre>\n\n<p>The <code>myapp.app</code> just contains the executable <code>myapp</code> which runs as I expect.</p>\n\n<p>I've tested to run <code>myapp</code> with an empty environment:</p>\n\n<pre><code>env -i ./myapp\n</code></pre>\n\n<p>I get the same error that <code>myapp.app</code>.</p>\n\n<p>With a <code>LANG</code> defined:</p>\n\n<pre><code>env -i LANG=fr_FR.UTF-8 ./myapp\n</code></pre>\n\n<p>No errors.</p>\n\n<p>So, I now know that the problem is related to <code>LANG environment variable</code>.</p>\n\n<p>Now, my question is:</p>\n\n<p>How to create my bundle to allow <code>myapp.app</code> to access the LANG environment variable?</p>\n\n<p>Any help will be greatly appreciated.</p>\n\n<p>Here is my PyInstaller spec file:</p>\n\n<pre><code># -*- mode: python -*-\n\nimport os\nimport sys\n\nblock_cipher = None\n\nif os.name == 'nt':\n    icon = 'images/icon.ico'\nelif sys.platform == 'darwin':\n    icon = 'images/icon.icns'\nelse:\n    icon = None\n\na = Analysis(['../main.py'],\n             pathex=['.'],\n             binaries=[],\n             datas=[],\n             hiddenimports=[],\n             hookspath=[],\n             runtime_hooks=[],\n             excludes=[],\n             win_no_prefer_redirects=False,\n             win_private_assemblies=False,\n             cipher=block_cipher)\npyz = PYZ(a.pure, a.zipped_data,\n          cipher=block_cipher)\nexe = EXE(pyz,\n          a.scripts,\n          a.binaries,\n          a.zipfiles,\n          a.datas,\n          name='My App',\n          debug=False,\n          strip=False,\n          upx=False,\n          runtime_tmpdir=None,\n          console=False, icon=icon)\napp = BUNDLE(exe,\n             name='My App.app',\n             icon=icon,\n             bundle_identifier='com.me.myapp',\n             info_plist={\n                 'NSHighResolutionCapable': 'True'\n             },)\n</code></pre>\n"
        },
        {
            "tags": [
                "cmake"
            ],
            "owner": {
                "reputation": 63263,
                "user_id": 1329652,
                "user_type": "registered",
                "accept_rate": 41,
                "profile_image": "https://www.gravatar.com/avatar/fa4ef026ee4be15d3dbacc95f1773d03?s=128&d=identicon&r=PG&f=1",
                "display_name": "Kuba Ober",
                "link": "https://stackoverflow.com/users/1329652/kuba-ober"
            },
            "is_answered": false,
            "view_count": 7,
            "answer_count": 1,
            "score": 0,
            "last_activity_date": 1526458217,
            "creation_date": 1526458217,
            "question_id": 50365544,
            "body_markdown": "I want to implement a macro that works like `cmake_parse_arguments(PARSE_ARGV ...)`, i.e. one that accesses the arguments of the enclosing function. Unfortunately, `${ARGN}`, `${ARGC}` and `${ARGVn}` have a special meaning within a macro and they invoke macro parameter string substitutions. I would want to access the `ARGN` and `ARGC` and `ARGVn` variables of the *enclosing function&#39;s scope*.",
            "link": "https://stackoverflow.com/questions/50365544/how-to-access-enclosing-functions-arguments-from-within-a-macro",
            "title": "How to access enclosing function&#39;s arguments from within a macro?",
            "body": "<p>I want to implement a macro that works like <code>cmake_parse_arguments(PARSE_ARGV ...)</code>, i.e. one that accesses the arguments of the enclosing function. Unfortunately, <code>${ARGN}</code>, <code>${ARGC}</code> and <code>${ARGVn}</code> have a special meaning within a macro and they invoke macro parameter string substitutions. I would want to access the <code>ARGN</code> and <code>ARGC</code> and <code>ARGVn</code> variables of the <em>enclosing function's scope</em>.</p>\n"
        },
        {
            "tags": [
                "asp.net-mvc",
                "asp.net-mvc-4",
                "kendo-grid",
                "kendo-asp.net-mvc"
            ],
            "owner": {
                "reputation": 1,
                "user_id": 9798656,
                "user_type": "registered",
                "profile_image": "https://www.gravatar.com/avatar/a515fa9ed5b3ecdbed5e2b09c8233a3c?s=128&d=identicon&r=PG&f=1",
                "display_name": "Dhinu",
                "link": "https://stackoverflow.com/users/9798656/dhinu"
            },
            "is_answered": false,
            "view_count": 15,
            "answer_count": 0,
            "score": -3,
            "last_activity_date": 1526458215,
            "creation_date": 1526457230,
            "last_edit_date": 1526458215,
            "question_id": 50365232,
            "body_markdown": "This is my Kendo grid checkbox\r\n\r\n    columns.Bound(c =&gt; c.IsActive).ClientTemplate(&quot;&lt;input type=&#39;checkbox&#39; #= IsActive ? checked=&#39;checked&#39; :&#39;&#39; # /&gt;&quot;);\r\n\r\nThe checkbox works correctly. But the problem is that It works correctly only when the row is selected and then the checkbox is selected. I need this to work when the check box is selected directly. Now when the checkbox is selected and saved. It does not save the changes. But when the row is selected first and then the checkbox is selected and saved , the changes are saved correctly. I need this to work when the check box is selected directly",
            "link": "https://stackoverflow.com/questions/50365232/checkbox-in-kendo-grid",
            "title": "Checkbox in kendo grid",
            "body": "<p>This is my Kendo grid checkbox</p>\n\n<pre><code>columns.Bound(c =&gt; c.IsActive).ClientTemplate(\"&lt;input type='checkbox' #= IsActive ? checked='checked' :'' # /&gt;\");\n</code></pre>\n\n<p>The checkbox works correctly. But the problem is that It works correctly only when the row is selected and then the checkbox is selected. I need this to work when the check box is selected directly. Now when the checkbox is selected and saved. It does not save the changes. But when the row is selected first and then the checkbox is selected and saved , the changes are saved correctly. I need this to work when the check box is selected directly</p>\n"
        },
        {
            "tags": [
                "regex",
                "validation",
                "email",
                "email-validation",
                "string-parsing"
            ],
            "owner": {
                "reputation": 10683,
                "user_id": 24215,
                "user_type": "registered",
                "accept_rate": 67,
                "profile_image": "https://www.gravatar.com/avatar/21edf76205c5ea60cafcd6435a4fe0a8?s=128&d=identicon&r=PG",
                "display_name": "acrosman",
                "link": "https://stackoverflow.com/users/24215/acrosman"
            },
            "is_answered": true,
            "view_count": 966748,
            "protected_date": 1320612290,
            "accepted_answer_id": 201378,
            "answer_count": 74,
            "community_owned_date": 1260923836,
            "score": 2885,
            "last_activity_date": 1526458197,
            "creation_date": 1223993674,
            "last_edit_date": 1519072426,
            "question_id": 201323,
            "body_markdown": "Over the years I have slowly developed a [regular expression][1] that validates MOST email addresses correctly, assuming they don&#39;t use an IP address as the server part.\r\n\r\nI use it in several PHP programs, and it works most of the time.  However, from time to time I get contacted by someone that is having trouble with a site that uses it, and I end up having to make some adjustment (most recently I realized that I wasn&#39;t allowing 4-character TLDs).\r\n\r\n*What is the best regular expression you have or have seen for validating emails?*\r\n\r\nI&#39;ve seen several solutions that use functions that use several shorter expressions, but I&#39;d rather have one long complex expression in a simple function instead of several short expression in a more complex function.\r\n\r\n[1]: http://en.wikipedia.org/wiki/Regular_expression\r\n",
            "link": "https://stackoverflow.com/questions/201323/how-to-validate-an-email-address-using-a-regular-expression",
            "title": "How to validate an email address using a regular expression?",
            "body": "<p>Over the years I have slowly developed a <a href=\"http://en.wikipedia.org/wiki/Regular_expression\" rel=\"noreferrer\">regular expression</a> that validates MOST email addresses correctly, assuming they don't use an IP address as the server part.</p>\n\n<p>I use it in several PHP programs, and it works most of the time.  However, from time to time I get contacted by someone that is having trouble with a site that uses it, and I end up having to make some adjustment (most recently I realized that I wasn't allowing 4-character TLDs).</p>\n\n<p><em>What is the best regular expression you have or have seen for validating emails?</em></p>\n\n<p>I've seen several solutions that use functions that use several shorter expressions, but I'd rather have one long complex expression in a simple function instead of several short expression in a more complex function.</p>\n"
        },
        {
            "tags": [
                "hadoop"
            ],
            "owner": {
                "reputation": 6,
                "user_id": 8351601,
                "user_type": "registered",
                "profile_image": "https://www.gravatar.com/avatar/a98b6596eb86f26376a949ee5fb56123?s=128&d=identicon&r=PG",
                "display_name": "Solodye",
                "link": "https://stackoverflow.com/users/8351601/solodye"
            },
            "is_answered": false,
            "view_count": 11,
            "answer_count": 0,
            "score": 0,
            "last_activity_date": 1526458193,
            "creation_date": 1526453924,
            "last_edit_date": 1526458193,
            "question_id": 50364279,
            "body_markdown": "I have five vitural machine and installed hadoop.One is Master,the other four are Slaves. MapReduce job like this\r\n\r\n    $HADOOP_HOME/bin/hadoop jar $HADOOP_HOME/share/hadoop/mapreduce/hadoop-mapreduce-examples-2.8.3.jar pi 2 10 \r\n\r\ncan run on master local `perfectly`.\r\n\r\nBut when I edited these and want to run MapReduce on yarn:\r\n\r\n**mapred-site.xml:**\r\n\r\n    &lt;configuration&gt;\r\n    \t&lt;property&gt;\r\n    \t\t&lt;name&gt;mapreduce.framework.name&lt;/name&gt;\r\n    \t\t&lt;value&gt;yarn&lt;/value&gt;\r\n    \t&lt;/property&gt;\r\n    &lt;/configuration&gt;\r\n\r\n**core-site.xml:**\r\n\r\n    &lt;configuration&gt;\r\n    \t&lt;property&gt;\r\n    \t\t&lt;name&gt;fs.default.name&lt;/name&gt;\r\n    \t\t&lt;value&gt;hdfs://master:9000&lt;/value&gt;\r\n    \t&lt;/property&gt;\r\n    \t\r\n    \t&lt;property&gt;\r\n    \t\t&lt;name&gt;hadoop.tmp.dir&lt;/name&gt;\r\n    \t\t&lt;value&gt;/home/hduser/hadoop/tmp&lt;/value&gt;\r\n    \t\t&lt;description&gt;A base for other tmp dirs&lt;/description&gt;\r\n    \t&lt;/property&gt;\r\n    \t\r\n    \t&lt;property&gt;\r\n    \t\t&lt;name&gt;io.file.buffer.size&lt;/name&gt;\r\n    \t\t&lt;value&gt;16384&lt;/value&gt;\r\n    \t&lt;/property&gt;\r\n     \r\n    &lt;/configuration&gt;\r\n\r\n**yarn-site.xml:**\r\n\r\n    &lt;configuration&gt;\r\n    \r\n    &lt;!-- Site specific YARN configuration properties --&gt;\r\n    \t&lt;property&gt;\r\n    \t\t&lt;name&gt;yarn.resourcemanager.hostname&lt;/name&gt;\r\n    \t\t&lt;value&gt;master&lt;/value&gt;\r\n    \t&lt;/property&gt;\r\n    \t\r\n    \t&lt;property&gt;\r\n    \t\t&lt;name&gt;yarn.nodemanager.aux-services.mapreduce.shuffle.class&lt;/name&gt;\r\n    \t\t&lt;value&gt;org.apache.hadoop.mapred.ShuffleHandler&lt;/value&gt;\r\n    \t&lt;/property&gt;\r\n    \t\r\n    \t&lt;property&gt;\r\n    \t\t&lt;name&gt;yarn.nodemanager.aux-services&lt;/name&gt;\r\n    \t\t&lt;value&gt;mapreduce_shuffle&lt;/value&gt;\r\n    \t&lt;/property&gt;\r\n    \r\n    \t&lt;property&gt;\r\n    \t\t&lt;name&gt;yarn.resourcemanager.address&lt;/name&gt;\r\n    \t\t&lt;value&gt;master:8032&lt;/value&gt;\r\n    \t&lt;/property&gt;\r\n    \t\r\n    \t&lt;property&gt;\r\n    \t\t&lt;name&gt;yarn.resourcemanager.sheduler.address&lt;/name&gt;\r\n    \t\t&lt;value&gt;master:8030&lt;/value&gt;\r\n    \t&lt;/property&gt;\r\n    \t\t\r\n    \t&lt;property&gt;\r\n    \t\t&lt;name&gt;yarn.resourcemanager.resource-tracker.address&lt;/name&gt;\r\n    \t\t&lt;value&gt;master:8031&lt;/value&gt;\r\n    \t&lt;/property&gt;\r\n    \t\r\n    \t&lt;property&gt;\r\n    \t\t&lt;name&gt;yarn.nodemanager.vmem-pmem-ratio&lt;/name&gt;\r\n    \t\t&lt;value&gt;8&lt;/value&gt;\r\n    \t&lt;/property&gt;\r\n    \r\n    &lt;/configuration&gt;\r\n\r\nI guess that config all right.And cluster can start perfectly:\r\n\r\non **master:**\r\n\r\n    hduser@master:/usr/local/hadoop/etc/hadoop$ jps\r\n    3149 SecondaryNameNode\r\n    2845 NameNode\r\n    3391 ResourceManager\r\n    3695 Jps\r\n\r\non **slave:**\r\n\r\n    hduser@slave10:/usr/local/hadoop/etc/hadoop$ jps\r\n    6471 DataNode\r\n    6635 NodeManager\r\n    6834 Jps\r\n\r\n\r\nI Run the `pi` MapReduce program and i got `failed` massages:\r\n\r\n    hduser@master:/usr/local/hadoop/etc/hadoop$ hadoop jar /usr/local/hadoop/share/hadoop/mapreduce/hadoop-mapreduce-examples-2.8.3.jar pi 2 10\r\n    Number of Maps  = 2\r\n    Samples per Map = 10\r\n    Wrote input for Map #0\r\n    Wrote input for Map #1\r\n    Starting Job\r\n    18/05/16 15:51:54 INFO client.RMProxy: Connecting to ResourceManager at master/10.1.40.191:8032\r\n    18/05/16 15:51:54 INFO input.FileInputFormat: Total input files to process : 2\r\n    18/05/16 15:51:55 INFO mapreduce.JobSubmitter: number of splits:2\r\n    18/05/16 15:51:55 INFO mapreduce.JobSubmitter: Submitting tokens for job: job_1526456803842_0001\r\n    18/05/16 15:51:56 INFO impl.YarnClientImpl: Submitted application application_1526456803842_0001\r\n    18/05/16 15:51:56 INFO mapreduce.Job: The url to track the job: http://master:8088/proxy/application_1526456803842_0001/\r\n    18/05/16 15:51:56 INFO mapreduce.Job: Running job: job_1526456803842_0001\r\n    18/05/16 15:52:05 INFO mapreduce.Job: Job job_1526456803842_0001 running in uber mode : false\r\n    18/05/16 15:52:05 INFO mapreduce.Job:  map 0% reduce 0%\r\n    18/05/16 15:52:20 INFO mapreduce.Job: Task Id : attempt_1526456803842_0001_m_000001_0, Status : FAILED\r\n    18/05/16 15:52:20 INFO mapreduce.Job: Task Id : attempt_1526456803842_0001_m_000000_0, Status : FAILED\r\n    18/05/16 15:52:34 INFO mapreduce.Job: Task Id : attempt_1526456803842_0001_m_000001_1, Status : FAILED\r\n    18/05/16 15:52:36 INFO mapreduce.Job: Task Id : attempt_1526456803842_0001_m_000000_1, Status : FAILED\r\n    18/05/16 15:52:48 INFO mapreduce.Job: Task Id : attempt_1526456803842_0001_m_000001_2, Status : FAILED\r\n    18/05/16 15:52:50 INFO mapreduce.Job: Task Id : attempt_1526456803842_0001_m_000000_2, Status : FAILED\r\n    18/05/16 15:53:06 INFO mapreduce.Job:  map 100% reduce 100%\r\n    18/05/16 15:53:06 INFO mapreduce.Job: Job job_1526456803842_0001 failed with state FAILED due to: Task failed task_1526456803842_0001_m_000001\r\n    Job failed as tasks failed. failedMaps:1 failedReduces:0\r\n    \r\n    18/05/16 15:53:06 INFO mapreduce.Job: Counters: 17\r\n    \tJob Counters \r\n    \t\tFailed map tasks=8\r\n    \t\tKilled reduce tasks=1\r\n    \t\tLaunched map tasks=8\r\n    \t\tOther local map tasks=6\r\n    \t\tData-local map tasks=1\r\n    \t\tRack-local map tasks=1\r\n    \t\tTotal time spent by all maps in occupied slots (ms)=102486\r\n    \t\tTotal time spent by all reduces in occupied slots (ms)=0\r\n    \t\tTotal time spent by all map tasks (ms)=102486\r\n    \t\tTotal time spent by all reduce tasks (ms)=0\r\n    \t\tTotal vcore-milliseconds taken by all map tasks=102486\r\n    \t\tTotal vcore-milliseconds taken by all reduce tasks=0\r\n    \t\tTotal megabyte-milliseconds taken by all map tasks=104945664\r\n    \t\tTotal megabyte-milliseconds taken by all reduce tasks=0\r\n    \tMap-Reduce Framework\r\n    \t\tCPU time spent (ms)=0\r\n    \t\tPhysical memory (bytes) snapshot=0\r\n    \t\tVirtual memory (bytes) snapshot=0\r\n    Job job_1526456803842_0001 failed!\r\n\r\nThis is really odd. I read the log on the slave which got `failed finalstatus`:\r\n\r\n[find_the_log.img][1]\r\n\r\n[failed_log.img][2]\r\n\r\nIt is so odd that it failed without any `diagnostics report` and `exception`!\r\n\r\n\r\n    attempt_1526456803842_0001_m_000000_0 TaskAttempt Transitioned from ASSIGNED to RUNNING\r\n    Diagnostics report from attempt_1526456803842_0001_m_000000_0: \r\n    attempt_1526456803842_0001_m_000000_0 transitioned from state RUNNING to FAILED, event type is TA_CONTAINER_COMPLETED and nodeId=slave20:39739\r\n\r\nTo solve this problem, what can i do?\r\n\r\n\r\n  [1]: https://i.stack.imgur.com/cs1tY.png\r\n  [2]: https://i.stack.imgur.com/hnCbs.png\r\n",
            "link": "https://stackoverflow.com/questions/50364279/mapreduce-job-to-yarn-got-finished-state-and-failed-finalstatus",
            "title": "MapReduce job to Yarn got FINISHED state and FAILED finalstatus",
            "body": "<p>I have five vitural machine and installed hadoop.One is Master,the other four are Slaves. MapReduce job like this</p>\n\n<pre><code>$HADOOP_HOME/bin/hadoop jar $HADOOP_HOME/share/hadoop/mapreduce/hadoop-mapreduce-examples-2.8.3.jar pi 2 10 \n</code></pre>\n\n<p>can run on master local <code>perfectly</code>.</p>\n\n<p>But when I edited these and want to run MapReduce on yarn:</p>\n\n<p><strong>mapred-site.xml:</strong></p>\n\n<pre><code>&lt;configuration&gt;\n    &lt;property&gt;\n        &lt;name&gt;mapreduce.framework.name&lt;/name&gt;\n        &lt;value&gt;yarn&lt;/value&gt;\n    &lt;/property&gt;\n&lt;/configuration&gt;\n</code></pre>\n\n<p><strong>core-site.xml:</strong></p>\n\n<pre><code>&lt;configuration&gt;\n    &lt;property&gt;\n        &lt;name&gt;fs.default.name&lt;/name&gt;\n        &lt;value&gt;hdfs://master:9000&lt;/value&gt;\n    &lt;/property&gt;\n\n    &lt;property&gt;\n        &lt;name&gt;hadoop.tmp.dir&lt;/name&gt;\n        &lt;value&gt;/home/hduser/hadoop/tmp&lt;/value&gt;\n        &lt;description&gt;A base for other tmp dirs&lt;/description&gt;\n    &lt;/property&gt;\n\n    &lt;property&gt;\n        &lt;name&gt;io.file.buffer.size&lt;/name&gt;\n        &lt;value&gt;16384&lt;/value&gt;\n    &lt;/property&gt;\n\n&lt;/configuration&gt;\n</code></pre>\n\n<p><strong>yarn-site.xml:</strong></p>\n\n<pre><code>&lt;configuration&gt;\n\n&lt;!-- Site specific YARN configuration properties --&gt;\n    &lt;property&gt;\n        &lt;name&gt;yarn.resourcemanager.hostname&lt;/name&gt;\n        &lt;value&gt;master&lt;/value&gt;\n    &lt;/property&gt;\n\n    &lt;property&gt;\n        &lt;name&gt;yarn.nodemanager.aux-services.mapreduce.shuffle.class&lt;/name&gt;\n        &lt;value&gt;org.apache.hadoop.mapred.ShuffleHandler&lt;/value&gt;\n    &lt;/property&gt;\n\n    &lt;property&gt;\n        &lt;name&gt;yarn.nodemanager.aux-services&lt;/name&gt;\n        &lt;value&gt;mapreduce_shuffle&lt;/value&gt;\n    &lt;/property&gt;\n\n    &lt;property&gt;\n        &lt;name&gt;yarn.resourcemanager.address&lt;/name&gt;\n        &lt;value&gt;master:8032&lt;/value&gt;\n    &lt;/property&gt;\n\n    &lt;property&gt;\n        &lt;name&gt;yarn.resourcemanager.sheduler.address&lt;/name&gt;\n        &lt;value&gt;master:8030&lt;/value&gt;\n    &lt;/property&gt;\n\n    &lt;property&gt;\n        &lt;name&gt;yarn.resourcemanager.resource-tracker.address&lt;/name&gt;\n        &lt;value&gt;master:8031&lt;/value&gt;\n    &lt;/property&gt;\n\n    &lt;property&gt;\n        &lt;name&gt;yarn.nodemanager.vmem-pmem-ratio&lt;/name&gt;\n        &lt;value&gt;8&lt;/value&gt;\n    &lt;/property&gt;\n\n&lt;/configuration&gt;\n</code></pre>\n\n<p>I guess that config all right.And cluster can start perfectly:</p>\n\n<p>on <strong>master:</strong></p>\n\n<pre><code>hduser@master:/usr/local/hadoop/etc/hadoop$ jps\n3149 SecondaryNameNode\n2845 NameNode\n3391 ResourceManager\n3695 Jps\n</code></pre>\n\n<p>on <strong>slave:</strong></p>\n\n<pre><code>hduser@slave10:/usr/local/hadoop/etc/hadoop$ jps\n6471 DataNode\n6635 NodeManager\n6834 Jps\n</code></pre>\n\n<p>I Run the <code>pi</code> MapReduce program and i got <code>failed</code> massages:</p>\n\n<pre><code>hduser@master:/usr/local/hadoop/etc/hadoop$ hadoop jar /usr/local/hadoop/share/hadoop/mapreduce/hadoop-mapreduce-examples-2.8.3.jar pi 2 10\nNumber of Maps  = 2\nSamples per Map = 10\nWrote input for Map #0\nWrote input for Map #1\nStarting Job\n18/05/16 15:51:54 INFO client.RMProxy: Connecting to ResourceManager at master/10.1.40.191:8032\n18/05/16 15:51:54 INFO input.FileInputFormat: Total input files to process : 2\n18/05/16 15:51:55 INFO mapreduce.JobSubmitter: number of splits:2\n18/05/16 15:51:55 INFO mapreduce.JobSubmitter: Submitting tokens for job: job_1526456803842_0001\n18/05/16 15:51:56 INFO impl.YarnClientImpl: Submitted application application_1526456803842_0001\n18/05/16 15:51:56 INFO mapreduce.Job: The url to track the job: http://master:8088/proxy/application_1526456803842_0001/\n18/05/16 15:51:56 INFO mapreduce.Job: Running job: job_1526456803842_0001\n18/05/16 15:52:05 INFO mapreduce.Job: Job job_1526456803842_0001 running in uber mode : false\n18/05/16 15:52:05 INFO mapreduce.Job:  map 0% reduce 0%\n18/05/16 15:52:20 INFO mapreduce.Job: Task Id : attempt_1526456803842_0001_m_000001_0, Status : FAILED\n18/05/16 15:52:20 INFO mapreduce.Job: Task Id : attempt_1526456803842_0001_m_000000_0, Status : FAILED\n18/05/16 15:52:34 INFO mapreduce.Job: Task Id : attempt_1526456803842_0001_m_000001_1, Status : FAILED\n18/05/16 15:52:36 INFO mapreduce.Job: Task Id : attempt_1526456803842_0001_m_000000_1, Status : FAILED\n18/05/16 15:52:48 INFO mapreduce.Job: Task Id : attempt_1526456803842_0001_m_000001_2, Status : FAILED\n18/05/16 15:52:50 INFO mapreduce.Job: Task Id : attempt_1526456803842_0001_m_000000_2, Status : FAILED\n18/05/16 15:53:06 INFO mapreduce.Job:  map 100% reduce 100%\n18/05/16 15:53:06 INFO mapreduce.Job: Job job_1526456803842_0001 failed with state FAILED due to: Task failed task_1526456803842_0001_m_000001\nJob failed as tasks failed. failedMaps:1 failedReduces:0\n\n18/05/16 15:53:06 INFO mapreduce.Job: Counters: 17\n    Job Counters \n        Failed map tasks=8\n        Killed reduce tasks=1\n        Launched map tasks=8\n        Other local map tasks=6\n        Data-local map tasks=1\n        Rack-local map tasks=1\n        Total time spent by all maps in occupied slots (ms)=102486\n        Total time spent by all reduces in occupied slots (ms)=0\n        Total time spent by all map tasks (ms)=102486\n        Total time spent by all reduce tasks (ms)=0\n        Total vcore-milliseconds taken by all map tasks=102486\n        Total vcore-milliseconds taken by all reduce tasks=0\n        Total megabyte-milliseconds taken by all map tasks=104945664\n        Total megabyte-milliseconds taken by all reduce tasks=0\n    Map-Reduce Framework\n        CPU time spent (ms)=0\n        Physical memory (bytes) snapshot=0\n        Virtual memory (bytes) snapshot=0\nJob job_1526456803842_0001 failed!\n</code></pre>\n\n<p>This is really odd. I read the log on the slave which got <code>failed finalstatus</code>:</p>\n\n<p><a href=\"https://i.stack.imgur.com/cs1tY.png\" rel=\"nofollow noreferrer\">find_the_log.img</a></p>\n\n<p><a href=\"https://i.stack.imgur.com/hnCbs.png\" rel=\"nofollow noreferrer\">failed_log.img</a></p>\n\n<p>It is so odd that it failed without any <code>diagnostics report</code> and <code>exception</code>!</p>\n\n<pre><code>attempt_1526456803842_0001_m_000000_0 TaskAttempt Transitioned from ASSIGNED to RUNNING\nDiagnostics report from attempt_1526456803842_0001_m_000000_0: \nattempt_1526456803842_0001_m_000000_0 transitioned from state RUNNING to FAILED, event type is TA_CONTAINER_COMPLETED and nodeId=slave20:39739\n</code></pre>\n\n<p>To solve this problem, what can i do?</p>\n"
        },
        {
            "tags": [
                "android",
                "selenium",
                "headless-browser",
                "selendroid"
            ],
            "owner": {
                "reputation": 55,
                "user_id": 1907469,
                "user_type": "registered",
                "profile_image": "https://www.gravatar.com/avatar/d6b606b8bbe7b1901ae4027be31823c5?s=128&d=identicon&r=PG",
                "display_name": "tqn",
                "link": "https://stackoverflow.com/users/1907469/tqn"
            },
            "is_answered": false,
            "view_count": 8,
            "answer_count": 0,
            "score": 0,
            "last_activity_date": 1526458188,
            "creation_date": 1526458188,
            "question_id": 50365536,
            "body_markdown": "I have to try a headless browser for android. It has only several option like Selenium. But when build selendroid, Apache Http is conflicted with deprecated Anroid Http. Here&#39;s error:\r\n\r\n    05-16 14:19:23.865 5290-5290/net.uketoru.android.debug W/System.err: java.lang.NoSuchFieldError: No static field INSTANCE of type Lorg/apache/http/conn/ssl/AllowAllHostnameVerifier; in class Lorg/apache/http/conn/ssl/AllowAllHostnameVerifier; or its superclasses (declaration of &#39;org.apache.http.conn.ssl.AllowAllHostnameVerifier&#39; appears in /system/framework/ext.jar)\r\n    05-16 14:19:23.895 5290-5290/net.uketoru.android.debug W/System.err:     at org.apache.http.conn.ssl.SSLConnectionSocketFactory.&lt;clinit&gt;(SSLConnectionSocketFactory.java:144)\r\n    05-16 14:19:23.927 5290-5290/net.uketoru.android.debug W/System.err:     at org.apache.http.conn.ssl.SSLConnectionSocketFactory.getSocketFactory(SSLConnectionSocketFactory.java:172)\r\n    05-16 14:19:23.960 5290-5290/net.uketoru.android.debug W/System.err:     at org.openqa.selenium.remote.internal.HttpClientFactory.getClientConnectionManager(HttpClientFactory.java:71)\r\n    05-16 14:19:23.988 5290-5290/net.uketoru.android.debug W/System.err:     at org.openqa.selenium.remote.internal.HttpClientFactory.&lt;init&gt;(HttpClientFactory.java:57)\r\n    05-16 14:19:24.016 5290-5290/net.uketoru.android.debug W/System.err:     at org.openqa.selenium.remote.internal.HttpClientFactory.&lt;init&gt;(HttpClientFactory.java:60)\r\n    05-16 14:19:24.049 5290-5290/net.uketoru.android.debug W/System.err:     at org.openqa.selenium.remote.internal.ApacheHttpClient$Factory.getDefaultHttpClientFactory(ApacheHttpClient.java:251)\r\n    05-16 14:19:24.078 5290-5290/net.uketoru.android.debug W/System.err:     at org.openqa.selenium.remote.internal.ApacheHttpClient$Factory.&lt;init&gt;(ApacheHttpClient.java:228)\r\n    05-16 14:19:24.109 5290-5290/net.uketoru.android.debug W/System.err:     at org.openqa.selenium.remote.HttpCommandExecutor.getDefaultClientFactory(HttpCommandExecutor.java:96)\r\n    05-16 14:19:24.136 5290-5290/net.uketoru.android.debug W/System.err:     at org.openqa.selenium.remote.HttpCommandExecutor.&lt;init&gt;(HttpCommandExecutor.java:70)\r\n    05-16 14:19:24.164 5290-5290/net.uketoru.android.debug W/System.err:     at io.selendroid.client.SelendroidCommandExecutor.&lt;init&gt;(SelendroidCommandExecutor.java:77)\r\n    05-16 14:19:24.188 5290-5290/net.uketoru.android.debug W/System.err:     at io.selendroid.client.SelendroidDriver.&lt;init&gt;(SelendroidDriver.java:84)\r\n    05-16 14:19:24.213 5290-5290/net.uketoru.android.debug W/System.err:     at net.uketoru.android.ui.splash.SplashActivity.onCreate(SplashActivity.java:46)\r\n    05-16 14:19:24.237 5290-5290/net.uketoru.android.debug W/System.err:     at android.app.Activity.performCreate(Activity.java:5977)\r\n    05-16 14:19:24.266 5290-5290/net.uketoru.android.debug W/System.err:     at android.app.Instrumentation.callActivityOnCreate(Instrumentation.java:1111)\r\n    05-16 14:19:24.294 5290-5290/net.uketoru.android.debug W/System.err:     at android.app.ActivityThread.performLaunchActivity(ActivityThread.java:2415)\r\n    05-16 14:19:24.323 5290-5290/net.uketoru.android.debug W/System.err:     at android.app.ActivityThread.handleLaunchActivity(ActivityThread.java:2524)\r\n    05-16 14:19:24.348 5290-5290/net.uketoru.android.debug W/System.err:     at android.app.ActivityThread.access$800(ActivityThread.java:167)\r\n    05-16 14:19:24.376 5290-5290/net.uketoru.android.debug W/System.err:     at android.app.ActivityThread$H.handleMessage(ActivityThread.java:1419)\r\n    05-16 14:19:24.399 5290-5290/net.uketoru.android.debug W/System.err:     at android.os.Handler.dispatchMessage(Handler.java:111)\r\n    05-16 14:19:24.420 5290-5290/net.uketoru.android.debug W/System.err:     at android.os.Looper.loop(Looper.java:194)\r\n    05-16 14:19:24.445 5290-5290/net.uketoru.android.debug W/System.err:     at android.app.ActivityThread.main(ActivityThread.java:5546)\r\n    05-16 14:19:24.466 5290-5290/net.uketoru.android.debug W/System.err:     at java.lang.reflect.Method.invoke(Native Method)\r\n    05-16 14:19:24.488 5290-5290/net.uketoru.android.debug W/System.err:     at java.lang.reflect.Method.invoke(Method.java:372)\r\n    05-16 14:19:24.514 5290-5290/net.uketoru.android.debug W/System.err:     at com.android.internal.os.ZygoteInit$MethodAndArgsCaller.run(ZygoteInit.java:964)\r\n    05-16 14:19:24.537 5290-5290/net.uketoru.android.debug W/System.err:     at com.android.internal.os.ZygoteInit.main(ZygoteInit.java:759)\r\n\r\nSeem like Selenium is use consistently Http Module. If I add httpclient-android, It still conflict at build time:\r\n\r\n    Error:Program type already present: org.apache.http.auth.AuthProtocolState\r\n\r\nI still stuck in it, should I try to import project Selenium and edit it&#39;s dependency? May be it&#39;s only way",
            "link": "https://stackoverflow.com/questions/50365536/build-selendroid-for-android-headless-browser",
            "title": "Build Selendroid for Android Headless-Browser",
            "body": "<p>I have to try a headless browser for android. It has only several option like Selenium. But when build selendroid, Apache Http is conflicted with deprecated Anroid Http. Here's error:</p>\n\n<pre><code>05-16 14:19:23.865 5290-5290/net.uketoru.android.debug W/System.err: java.lang.NoSuchFieldError: No static field INSTANCE of type Lorg/apache/http/conn/ssl/AllowAllHostnameVerifier; in class Lorg/apache/http/conn/ssl/AllowAllHostnameVerifier; or its superclasses (declaration of 'org.apache.http.conn.ssl.AllowAllHostnameVerifier' appears in /system/framework/ext.jar)\n05-16 14:19:23.895 5290-5290/net.uketoru.android.debug W/System.err:     at org.apache.http.conn.ssl.SSLConnectionSocketFactory.&lt;clinit&gt;(SSLConnectionSocketFactory.java:144)\n05-16 14:19:23.927 5290-5290/net.uketoru.android.debug W/System.err:     at org.apache.http.conn.ssl.SSLConnectionSocketFactory.getSocketFactory(SSLConnectionSocketFactory.java:172)\n05-16 14:19:23.960 5290-5290/net.uketoru.android.debug W/System.err:     at org.openqa.selenium.remote.internal.HttpClientFactory.getClientConnectionManager(HttpClientFactory.java:71)\n05-16 14:19:23.988 5290-5290/net.uketoru.android.debug W/System.err:     at org.openqa.selenium.remote.internal.HttpClientFactory.&lt;init&gt;(HttpClientFactory.java:57)\n05-16 14:19:24.016 5290-5290/net.uketoru.android.debug W/System.err:     at org.openqa.selenium.remote.internal.HttpClientFactory.&lt;init&gt;(HttpClientFactory.java:60)\n05-16 14:19:24.049 5290-5290/net.uketoru.android.debug W/System.err:     at org.openqa.selenium.remote.internal.ApacheHttpClient$Factory.getDefaultHttpClientFactory(ApacheHttpClient.java:251)\n05-16 14:19:24.078 5290-5290/net.uketoru.android.debug W/System.err:     at org.openqa.selenium.remote.internal.ApacheHttpClient$Factory.&lt;init&gt;(ApacheHttpClient.java:228)\n05-16 14:19:24.109 5290-5290/net.uketoru.android.debug W/System.err:     at org.openqa.selenium.remote.HttpCommandExecutor.getDefaultClientFactory(HttpCommandExecutor.java:96)\n05-16 14:19:24.136 5290-5290/net.uketoru.android.debug W/System.err:     at org.openqa.selenium.remote.HttpCommandExecutor.&lt;init&gt;(HttpCommandExecutor.java:70)\n05-16 14:19:24.164 5290-5290/net.uketoru.android.debug W/System.err:     at io.selendroid.client.SelendroidCommandExecutor.&lt;init&gt;(SelendroidCommandExecutor.java:77)\n05-16 14:19:24.188 5290-5290/net.uketoru.android.debug W/System.err:     at io.selendroid.client.SelendroidDriver.&lt;init&gt;(SelendroidDriver.java:84)\n05-16 14:19:24.213 5290-5290/net.uketoru.android.debug W/System.err:     at net.uketoru.android.ui.splash.SplashActivity.onCreate(SplashActivity.java:46)\n05-16 14:19:24.237 5290-5290/net.uketoru.android.debug W/System.err:     at android.app.Activity.performCreate(Activity.java:5977)\n05-16 14:19:24.266 5290-5290/net.uketoru.android.debug W/System.err:     at android.app.Instrumentation.callActivityOnCreate(Instrumentation.java:1111)\n05-16 14:19:24.294 5290-5290/net.uketoru.android.debug W/System.err:     at android.app.ActivityThread.performLaunchActivity(ActivityThread.java:2415)\n05-16 14:19:24.323 5290-5290/net.uketoru.android.debug W/System.err:     at android.app.ActivityThread.handleLaunchActivity(ActivityThread.java:2524)\n05-16 14:19:24.348 5290-5290/net.uketoru.android.debug W/System.err:     at android.app.ActivityThread.access$800(ActivityThread.java:167)\n05-16 14:19:24.376 5290-5290/net.uketoru.android.debug W/System.err:     at android.app.ActivityThread$H.handleMessage(ActivityThread.java:1419)\n05-16 14:19:24.399 5290-5290/net.uketoru.android.debug W/System.err:     at android.os.Handler.dispatchMessage(Handler.java:111)\n05-16 14:19:24.420 5290-5290/net.uketoru.android.debug W/System.err:     at android.os.Looper.loop(Looper.java:194)\n05-16 14:19:24.445 5290-5290/net.uketoru.android.debug W/System.err:     at android.app.ActivityThread.main(ActivityThread.java:5546)\n05-16 14:19:24.466 5290-5290/net.uketoru.android.debug W/System.err:     at java.lang.reflect.Method.invoke(Native Method)\n05-16 14:19:24.488 5290-5290/net.uketoru.android.debug W/System.err:     at java.lang.reflect.Method.invoke(Method.java:372)\n05-16 14:19:24.514 5290-5290/net.uketoru.android.debug W/System.err:     at com.android.internal.os.ZygoteInit$MethodAndArgsCaller.run(ZygoteInit.java:964)\n05-16 14:19:24.537 5290-5290/net.uketoru.android.debug W/System.err:     at com.android.internal.os.ZygoteInit.main(ZygoteInit.java:759)\n</code></pre>\n\n<p>Seem like Selenium is use consistently Http Module. If I add httpclient-android, It still conflict at build time:</p>\n\n<pre><code>Error:Program type already present: org.apache.http.auth.AuthProtocolState\n</code></pre>\n\n<p>I still stuck in it, should I try to import project Selenium and edit it's dependency? May be it's only way</p>\n"
        },
        {
            "tags": [
                "android",
                "seekbar",
                "custom-selectors"
            ],
            "owner": {
                "reputation": 3295,
                "user_id": 1737771,
                "user_type": "registered",
                "accept_rate": 81,
                "profile_image": "https://www.gravatar.com/avatar/5d49691f3cb8b967886008e9ec806850?s=128&d=identicon&r=PG",
                "display_name": "suresh cheemalamudi",
                "link": "https://stackoverflow.com/users/1737771/suresh-cheemalamudi"
            },
            "is_answered": true,
            "view_count": 194433,
            "accepted_answer_id": 16165498,
            "answer_count": 20,
            "score": 186,
            "last_activity_date": 1526458181,
            "creation_date": 1366701409,
            "last_edit_date": 1366703729,
            "question_id": 16163215,
            "body_markdown": "I wanted to style a seek bar which looks like the one in the image below.\r\n\r\n ![enter image description here][1]\r\n\r\n\r\nBy using default seekbar i will get something like this:\r\n\r\n![enter image description here][2]\r\n\r\n\r\nSo what i need is to only change the color. I need no extra styles. Is there any straight forward approach to do this or should i build my custom drawable.?\r\n\r\n\r\nI tried building custom one, but i could not get the exact one as shown above.\r\nAfter using custom drawable, what i get is as shown below:\r\n\r\n![enter image description here][3]\r\n\r\n\r\n  [1]: http://i.stack.imgur.com/jsisv.jpg\r\n  [2]: http://i.stack.imgur.com/AEvnf.png\r\n  [3]: http://i.stack.imgur.com/f1NBc.png\r\n\r\nIf i need to build the custom one, then please suggest how to reduce the width of the progress line and also the shape.\r\n\r\nmy custom implementation:\r\n\r\nbackground_fill.xml:\r\n\r\n    &lt;?xml version=&quot;1.0&quot; encoding=&quot;UTF-8&quot;?&gt;\r\n    &lt;shape xmlns:android=&quot;http://schemas.android.com/apk/res/android&quot; &gt;\r\n    \r\n        &lt;gradient\r\n            android:angle=&quot;90&quot;\r\n            android:centerColor=&quot;#FF555555&quot;\r\n            android:endColor=&quot;#FF555555&quot;\r\n            android:startColor=&quot;#FF555555&quot; /&gt;\r\n    \r\n        &lt;corners android:radius=&quot;1dp&quot; /&gt;\r\n    \r\n        &lt;stroke\r\n            android:width=&quot;1dp&quot;\r\n            android:color=&quot;#50999999&quot; /&gt;\r\n        &lt;stroke\r\n            android:width=&quot;1dp&quot;\r\n            android:color=&quot;#70555555&quot; /&gt;\r\n    \r\n    &lt;/shape&gt;\r\n\r\nprogess_fill.xml\r\n\r\n    &lt;?xml version=&quot;1.0&quot; encoding=&quot;UTF-8&quot;?&gt;\r\n    &lt;shape xmlns:android=&quot;http://schemas.android.com/apk/res/android&quot; &gt;\r\n    \r\n        &lt;gradient\r\n            android:angle=&quot;90&quot;\r\n            android:centerColor=&quot;#FFB80000&quot;\r\n            android:endColor=&quot;#FFFF4400&quot;\r\n            android:startColor=&quot;#FF470000&quot; /&gt;\r\n    \r\n        &lt;corners android:radius=&quot;1dp&quot; /&gt;\r\n    \r\n        &lt;stroke\r\n            android:width=&quot;1dp&quot;\r\n            android:color=&quot;#50999999&quot; /&gt;\r\n        &lt;stroke\r\n            android:width=&quot;1dp&quot;\r\n            android:color=&quot;#70555555&quot; /&gt;\r\n    \r\n    &lt;/shape&gt;\r\n\r\n\r\nprogress.xml\r\n\r\n    &lt;?xml version=&quot;1.0&quot; encoding=&quot;utf-8&quot;?&gt;\r\n    &lt;layer-list xmlns:android=&quot;http://schemas.android.com/apk/res/android&quot; &gt;\r\n    \r\n        &lt;item\r\n            android:id=&quot;@android:id/background&quot;\r\n            android:drawable=&quot;@drawable/background_fill&quot;/&gt;\r\n        &lt;item android:id=&quot;@android:id/progress&quot;&gt;\r\n            &lt;clip android:drawable=&quot;@drawable/progress_fill&quot; /&gt;\r\n        &lt;/item&gt;\r\n    \r\n    &lt;/layer-list&gt;\r\n\r\n\r\nthumb.xml\r\n\r\n    &lt;?xml version=&quot;1.0&quot; encoding=&quot;UTF-8&quot;?&gt;\r\n    &lt;shape xmlns:android=&quot;http://schemas.android.com/apk/res/android&quot;\r\n        android:shape=&quot;oval&quot; &gt;\r\n    \r\n        &lt;gradient\r\n            android:angle=&quot;270&quot;\r\n            android:endColor=&quot;#E5492A&quot;\r\n            android:startColor=&quot;#E5492A&quot; /&gt;\r\n    \r\n        &lt;size\r\n            android:height=&quot;20dp&quot;\r\n            android:width=&quot;20dp&quot; /&gt;\r\n    \r\n    &lt;/shape&gt;\r\n\r\n\r\nseekbar:\r\n\r\n \r\n\r\n    &lt;SeekBar\r\n            android:id=&quot;@+id/seekBarDistance&quot;\r\n            android:layout_width=&quot;match_parent&quot;\r\n            android:layout_height=&quot;wrap_content&quot;\r\n            android:layout_alignParentLeft=&quot;true&quot;\r\n            android:layout_alignParentTop=&quot;true&quot;\r\n            android:layout_marginTop=&quot;88dp&quot;\r\n            android:progressDrawable=&quot;@drawable/progress&quot;\r\n            android:thumb=&quot;@drawable/thumb&quot; &gt;\r\n        &lt;/SeekBar&gt;\r\n",
            "link": "https://stackoverflow.com/questions/16163215/android-styling-seek-bar",
            "title": "Android - styling seek bar",
            "body": "<p>I wanted to style a seek bar which looks like the one in the image below.</p>\n\n<p><img src=\"https://i.stack.imgur.com/jsisv.jpg\" alt=\"enter image description here\"></p>\n\n<p>By using default seekbar i will get something like this:</p>\n\n<p><img src=\"https://i.stack.imgur.com/AEvnf.png\" alt=\"enter image description here\"></p>\n\n<p>So what i need is to only change the color. I need no extra styles. Is there any straight forward approach to do this or should i build my custom drawable.?</p>\n\n<p>I tried building custom one, but i could not get the exact one as shown above.\nAfter using custom drawable, what i get is as shown below:</p>\n\n<p><img src=\"https://i.stack.imgur.com/f1NBc.png\" alt=\"enter image description here\"></p>\n\n<p>If i need to build the custom one, then please suggest how to reduce the width of the progress line and also the shape.</p>\n\n<p>my custom implementation:</p>\n\n<p>background_fill.xml:</p>\n\n<pre><code>&lt;?xml version=\"1.0\" encoding=\"UTF-8\"?&gt;\n&lt;shape xmlns:android=\"http://schemas.android.com/apk/res/android\" &gt;\n\n    &lt;gradient\n        android:angle=\"90\"\n        android:centerColor=\"#FF555555\"\n        android:endColor=\"#FF555555\"\n        android:startColor=\"#FF555555\" /&gt;\n\n    &lt;corners android:radius=\"1dp\" /&gt;\n\n    &lt;stroke\n        android:width=\"1dp\"\n        android:color=\"#50999999\" /&gt;\n    &lt;stroke\n        android:width=\"1dp\"\n        android:color=\"#70555555\" /&gt;\n\n&lt;/shape&gt;\n</code></pre>\n\n<p>progess_fill.xml</p>\n\n<pre><code>&lt;?xml version=\"1.0\" encoding=\"UTF-8\"?&gt;\n&lt;shape xmlns:android=\"http://schemas.android.com/apk/res/android\" &gt;\n\n    &lt;gradient\n        android:angle=\"90\"\n        android:centerColor=\"#FFB80000\"\n        android:endColor=\"#FFFF4400\"\n        android:startColor=\"#FF470000\" /&gt;\n\n    &lt;corners android:radius=\"1dp\" /&gt;\n\n    &lt;stroke\n        android:width=\"1dp\"\n        android:color=\"#50999999\" /&gt;\n    &lt;stroke\n        android:width=\"1dp\"\n        android:color=\"#70555555\" /&gt;\n\n&lt;/shape&gt;\n</code></pre>\n\n<p>progress.xml</p>\n\n<pre><code>&lt;?xml version=\"1.0\" encoding=\"utf-8\"?&gt;\n&lt;layer-list xmlns:android=\"http://schemas.android.com/apk/res/android\" &gt;\n\n    &lt;item\n        android:id=\"@android:id/background\"\n        android:drawable=\"@drawable/background_fill\"/&gt;\n    &lt;item android:id=\"@android:id/progress\"&gt;\n        &lt;clip android:drawable=\"@drawable/progress_fill\" /&gt;\n    &lt;/item&gt;\n\n&lt;/layer-list&gt;\n</code></pre>\n\n<p>thumb.xml</p>\n\n<pre><code>&lt;?xml version=\"1.0\" encoding=\"UTF-8\"?&gt;\n&lt;shape xmlns:android=\"http://schemas.android.com/apk/res/android\"\n    android:shape=\"oval\" &gt;\n\n    &lt;gradient\n        android:angle=\"270\"\n        android:endColor=\"#E5492A\"\n        android:startColor=\"#E5492A\" /&gt;\n\n    &lt;size\n        android:height=\"20dp\"\n        android:width=\"20dp\" /&gt;\n\n&lt;/shape&gt;\n</code></pre>\n\n<p>seekbar:</p>\n\n<pre><code>&lt;SeekBar\n        android:id=\"@+id/seekBarDistance\"\n        android:layout_width=\"match_parent\"\n        android:layout_height=\"wrap_content\"\n        android:layout_alignParentLeft=\"true\"\n        android:layout_alignParentTop=\"true\"\n        android:layout_marginTop=\"88dp\"\n        android:progressDrawable=\"@drawable/progress\"\n        android:thumb=\"@drawable/thumb\" &gt;\n    &lt;/SeekBar&gt;\n</code></pre>\n"
        },
        {
            "tags": [
                "ios",
                "swift",
                "uitabbarcontroller"
            ],
            "owner": {
                "reputation": 76,
                "user_id": 7064972,
                "user_type": "registered",
                "accept_rate": 43,
                "profile_image": "https://www.gravatar.com/avatar/0810183dff15164f22e7e24cac2b02c1?s=128&d=identicon&r=PG&f=1",
                "display_name": "Falex",
                "link": "https://stackoverflow.com/users/7064972/falex"
            },
            "is_answered": true,
            "view_count": 6861,
            "accepted_answer_id": 43111460,
            "answer_count": 3,
            "score": 6,
            "last_activity_date": 1526458162,
            "creation_date": 1490859429,
            "last_edit_date": 1490860010,
            "question_id": 43111413,
            "body_markdown": "How to set the tab bar badge with swift ? for example when I get new message  showing number 1 on the message icon ! \r\nDo I have to use the UITabBarItem.swift and write the code in it !\r\nI&#39;m not really sure how I can do it \r\n\r\nThank you !",
            "link": "https://stackoverflow.com/questions/43111413/how-to-set-the-tab-bar-badge-with-swift",
            "title": "How to set the tab bar badge with swift?",
            "body": "<p>How to set the tab bar badge with swift ? for example when I get new message  showing number 1 on the message icon ! \nDo I have to use the UITabBarItem.swift and write the code in it !\nI'm not really sure how I can do it </p>\n\n<p>Thank you !</p>\n"
        },
        {
            "tags": [
                "angular-services",
                "angular-httpclient",
                "angular6"
            ],
            "owner": {
                "reputation": 38,
                "user_id": 6029771,
                "user_type": "registered",
                "accept_rate": 0,
                "profile_image": "https://www.gravatar.com/avatar/65a97024571b22c134a011274f864a41?s=128&d=identicon&r=PG&f=1",
                "display_name": "Hello",
                "link": "https://stackoverflow.com/users/6029771/hello"
            },
            "is_answered": false,
            "view_count": 240,
            "answer_count": 1,
            "score": 0,
            "last_activity_date": 1526458156,
            "creation_date": 1525930512,
            "question_id": 50266141,
            "body_markdown": "I am new to Angular 5 and I am currently trying to display data from a database to a view. But I am definitely doing something wrong since the view is just getting [object object]. I would like some help in what I am doing wrong.\r\n\r\nThank you.\r\n\r\n**Service**[![The service to use][1]][1]\r\n\r\n\r\n**Component using the service**\r\n[![enter image description here][2]][2]\r\n\r\n\r\n**The Component&#39;s HTML**\r\n[![enter image description here][3]][3]\r\n\r\n\r\n**The View**\r\n\r\n[![enter image description here][4]][4]\r\n\r\n\r\n  [1]: https://i.stack.imgur.com/Qi2or.png\r\n  [2]: https://i.stack.imgur.com/j0ETd.png\r\n  [3]: https://i.stack.imgur.com/XSC9F.png\r\n  [4]: https://i.stack.imgur.com/DVrgs.png",
            "link": "https://stackoverflow.com/questions/50266141/angular-6-services-httpclient",
            "title": "Angular 6 services, HTTPClient",
            "body": "<p>I am new to Angular 5 and I am currently trying to display data from a database to a view. But I am definitely doing something wrong since the view is just getting [object object]. I would like some help in what I am doing wrong.</p>\n\n<p>Thank you.</p>\n\n<p><strong>Service</strong><a href=\"https://i.stack.imgur.com/Qi2or.png\" rel=\"nofollow noreferrer\"><img src=\"https://i.stack.imgur.com/Qi2or.png\" alt=\"The service to use\"></a></p>\n\n<p><strong>Component using the service</strong>\n<a href=\"https://i.stack.imgur.com/j0ETd.png\" rel=\"nofollow noreferrer\"><img src=\"https://i.stack.imgur.com/j0ETd.png\" alt=\"enter image description here\"></a></p>\n\n<p><strong>The Component's HTML</strong>\n<a href=\"https://i.stack.imgur.com/XSC9F.png\" rel=\"nofollow noreferrer\"><img src=\"https://i.stack.imgur.com/XSC9F.png\" alt=\"enter image description here\"></a></p>\n\n<p><strong>The View</strong></p>\n\n<p><a href=\"https://i.stack.imgur.com/DVrgs.png\" rel=\"nofollow noreferrer\"><img src=\"https://i.stack.imgur.com/DVrgs.png\" alt=\"enter image description here\"></a></p>\n"
        },
        {
            "tags": [
                "java",
                "string",
                "integer"
            ],
            "owner": {
                "reputation": 34,
                "user_id": 7889474,
                "user_type": "registered",
                "profile_image": "https://www.gravatar.com/avatar/8f1a41fa556bd7bb45ff0c166217ee09?s=128&d=identicon&r=PG&f=1",
                "display_name": "Qaddaffi",
                "link": "https://stackoverflow.com/users/7889474/qaddaffi"
            },
            "is_answered": true,
            "view_count": 48,
            "accepted_answer_id": 50365407,
            "answer_count": 3,
            "score": 2,
            "last_activity_date": 1526458147,
            "creation_date": 1526457589,
            "last_edit_date": 1526458147,
            "question_id": 50365351,
            "body_markdown": "The following code `throws NumberFormatException` and I don&#39;t understand why,\r\n\r\n    String sku = &quot;008949679851&quot;;\r\n    System.out.println(Integer.valueOf(sku));\r\n\r\nInterestingly, if I remove the first three digits and the keep the input string as &quot;949679851&quot;, then this exception is not thrown. Is there a limit in length when converting a string to an integer value..? How can I make it work with the full string..?",
            "link": "https://stackoverflow.com/questions/50365351/java-lang-numberformatexception-is-thrown-for-the-string-008949679851",
            "title": "java.lang.NumberFormatException is thrown for the string &quot;008949679851&quot;",
            "body": "<p>The following code <code>throws NumberFormatException</code> and I don't understand why,</p>\n\n<pre><code>String sku = \"008949679851\";\nSystem.out.println(Integer.valueOf(sku));\n</code></pre>\n\n<p>Interestingly, if I remove the first three digits and the keep the input string as \"949679851\", then this exception is not thrown. Is there a limit in length when converting a string to an integer value..? How can I make it work with the full string..?</p>\n"
        },
        {
            "tags": [
                "c#"
            ],
            "owner": {
                "user_type": "does_not_exist",
                "display_name": "Vern"
            },
            "is_answered": true,
            "view_count": 1661,
            "answer_count": 4,
            "score": 1,
            "last_activity_date": 1526458141,
            "creation_date": 1254618175,
            "last_edit_date": 1349727577,
            "question_id": 1515295,
            "body_markdown": "I want to click inside a square and then an &quot;X&quot; should appear, but I&#39;m not sure what to put inside the `Form1_MouseDown`, `Form1_Paint` and `Form1_MouseUp` events. How can I implement this is C#?\r\n\r\n    using System;\r\n    using System.Collections.Generic;\r\n    using System.ComponentModel;\r\n    using System.Data;\r\n    using System.Drawing;\r\n    using System.Linq;\r\n    using System.Text;\r\n    using System.Windows.Forms;\r\n    \r\n    namespace VTest\r\n    {\r\n        public partial class Form1 : Form\r\n        {\r\n            Rectangle rect; // single rect\r\n            int sqsize, n;\r\n            int margin;\r\n    \r\n            public Form1()\r\n            {\r\n                n = 3;\r\n                margin = 25;\r\n                sqsize = 50;\r\n                rect = new Rectangle(10, 10, 150, 150);\r\n                InitializeComponent();\r\n            }\r\n    \r\n            private void Form1_MouseDown(object sender, MouseEventArgs e)\r\n            {\r\n                // what goes here?\r\n            }\r\n\r\n            private void Form1_Paint(object sender, PaintEventArgs e)\r\n            {\r\n                // what goes here?\r\n            }\r\n\r\n            private void Form1_MouseUp(object sender, MouseEventArgs e)\r\n            {\r\n                // what goes here?\r\n            }\r\n\r\n            // ...",
            "link": "https://stackoverflow.com/questions/1515295/how-to-handle-mouse-event",
            "title": "How to handle mouse event",
            "body": "<p>I want to click inside a square and then an \"X\" should appear, but I'm not sure what to put inside the <code>Form1_MouseDown</code>, <code>Form1_Paint</code> and <code>Form1_MouseUp</code> events. How can I implement this is C#?</p>\n\n<pre><code>using System;\nusing System.Collections.Generic;\nusing System.ComponentModel;\nusing System.Data;\nusing System.Drawing;\nusing System.Linq;\nusing System.Text;\nusing System.Windows.Forms;\n\nnamespace VTest\n{\n    public partial class Form1 : Form\n    {\n        Rectangle rect; // single rect\n        int sqsize, n;\n        int margin;\n\n        public Form1()\n        {\n            n = 3;\n            margin = 25;\n            sqsize = 50;\n            rect = new Rectangle(10, 10, 150, 150);\n            InitializeComponent();\n        }\n\n        private void Form1_MouseDown(object sender, MouseEventArgs e)\n        {\n            // what goes here?\n        }\n\n        private void Form1_Paint(object sender, PaintEventArgs e)\n        {\n            // what goes here?\n        }\n\n        private void Form1_MouseUp(object sender, MouseEventArgs e)\n        {\n            // what goes here?\n        }\n\n        // ...\n</code></pre>\n"
        },
        {
            "tags": [
                "php"
            ],
            "owner": {
                "reputation": 5,
                "user_id": 9797769,
                "user_type": "registered",
                "profile_image": "https://www.gravatar.com/avatar/b21a4f23bf598c7eb6217b1606464170?s=128&d=identicon&r=PG&f=1",
                "display_name": "Dmitri",
                "link": "https://stackoverflow.com/users/9797769/dmitri"
            },
            "is_answered": true,
            "view_count": 46,
            "accepted_answer_id": 50365523,
            "answer_count": 3,
            "score": 1,
            "last_activity_date": 1526458139,
            "creation_date": 1526443572,
            "last_edit_date": 1526445210,
            "question_id": 50362310,
            "body_markdown": "I have such `json` data structure:\r\n\r\n    $data=&#39;[{&quot;day&quot;:0,&quot;periods&quot;:[{&quot;start&quot;:&quot;01:00&quot;,&quot;end&quot;:&quot;02:00&quot;,&quot;title&quot;:&quot;&quot;,&quot;backgroundColor&quot;:&quot;rgba(254, 0, 0, 0.7)&quot;,&quot;borderColor&quot;:&quot;rgb(42, 60, 255)&quot;,&quot;textColor&quot;:&quot;rgb(0, 0, 0)&quot;},{&quot;start&quot;:&quot;02:30&quot;,&quot;end&quot;:&quot;03:00&quot;,&quot;title&quot;:&quot;&quot;,&quot;backgroundColor&quot;:&quot;rgba(254, 0, 0, 0.7)&quot;,&quot;borderColor&quot;:&quot;rgb(42, 60, 255)&quot;,&quot;textColor&quot;:&quot;rgb(0, 0, 0)&quot;}]},{&quot;day&quot;:1,&quot;periods&quot;:[{&quot;start&quot;:&quot;01:00&quot;,&quot;end&quot;:&quot;02:00&quot;,&quot;title&quot;:&quot;&quot;,&quot;backgroundColor&quot;:&quot;rgba(254, 0, 0, 0.7)&quot;,&quot;borderColor&quot;:&quot;rgb(42, 60, 255)&quot;,&quot;textColor&quot;:&quot;rgb(0, 0, 0)&quot;}]},{&quot;day&quot;:2,&quot;periods&quot;:[{&quot;start&quot;:&quot;01:00&quot;,&quot;end&quot;:&quot;01:30&quot;,&quot;title&quot;:&quot;&quot;,&quot;backgroundColor&quot;:&quot;rgba(254, 0, 0, 0.7)&quot;,&quot;borderColor&quot;:&quot;rgb(42, 60, 255)&quot;,&quot;textColor&quot;:&quot;rgb(0, 0, 0)&quot;}]},{&quot;day&quot;:3,&quot;periods&quot;:[{&quot;start&quot;:&quot;02:00&quot;,&quot;end&quot;:&quot;02:30&quot;,&quot;title&quot;:&quot;&quot;,&quot;backgroundColor&quot;:&quot;rgba(254, 0, 0, 0.7)&quot;,&quot;borderColor&quot;:&quot;rgb(42, 60, 255)&quot;,&quot;textColor&quot;:&quot;rgb(0, 0, 0)&quot;}]},{&quot;day&quot;:4,&quot;periods&quot;:[{&quot;start&quot;:&quot;01:00&quot;,&quot;end&quot;:&quot;01:30&quot;,&quot;title&quot;:&quot;&quot;,&quot;backgroundColor&quot;:&quot;rgba(254, 0, 0, 0.7)&quot;,&quot;borderColor&quot;:&quot;rgb(42, 60, 255)&quot;,&quot;textColor&quot;:&quot;rgb(0, 0, 0)&quot;}]},{&quot;day&quot;:5,&quot;periods&quot;:[{&quot;start&quot;:&quot;01:30&quot;,&quot;end&quot;:&quot;02:00&quot;,&quot;title&quot;:&quot;&quot;,&quot;backgroundColor&quot;:&quot;rgba(254, 0, 0, 0.7)&quot;,&quot;borderColor&quot;:&quot;rgb(42, 60, 255)&quot;,&quot;textColor&quot;:&quot;rgb(0, 0, 0)&quot;},{&quot;start&quot;:&quot;03:00&quot;,&quot;end&quot;:&quot;03:30&quot;,&quot;title&quot;:&quot;&quot;,&quot;backgroundColor&quot;:&quot;rgba(254, 0, 0, 0.7)&quot;,&quot;borderColor&quot;:&quot;rgb(42, 60, 255)&quot;,&quot;textColor&quot;:&quot;rgb(0, 0, 0)&quot;}]},{&quot;day&quot;:6,&quot;periods&quot;:[]}]&#39;;\r\n\r\n\r\nI want to get all days and start and end time which is in periods.\r\n\r\nHow to **loop threw array** and get ? It has 7 days day[0]-day[6] and periods is array which can be empty or have values.\r\n\r\nday\r\n\r\nperiods-&gt;start\r\n\r\nperiods-&gt;end\r\n\r\n",
            "link": "https://stackoverflow.com/questions/50362310/how-to-get-data-from-json-in-php",
            "title": "How to get data from json in PHP?",
            "body": "<p>I have such <code>json</code> data structure:</p>\n\n<pre><code>$data='[{\"day\":0,\"periods\":[{\"start\":\"01:00\",\"end\":\"02:00\",\"title\":\"\",\"backgroundColor\":\"rgba(254, 0, 0, 0.7)\",\"borderColor\":\"rgb(42, 60, 255)\",\"textColor\":\"rgb(0, 0, 0)\"},{\"start\":\"02:30\",\"end\":\"03:00\",\"title\":\"\",\"backgroundColor\":\"rgba(254, 0, 0, 0.7)\",\"borderColor\":\"rgb(42, 60, 255)\",\"textColor\":\"rgb(0, 0, 0)\"}]},{\"day\":1,\"periods\":[{\"start\":\"01:00\",\"end\":\"02:00\",\"title\":\"\",\"backgroundColor\":\"rgba(254, 0, 0, 0.7)\",\"borderColor\":\"rgb(42, 60, 255)\",\"textColor\":\"rgb(0, 0, 0)\"}]},{\"day\":2,\"periods\":[{\"start\":\"01:00\",\"end\":\"01:30\",\"title\":\"\",\"backgroundColor\":\"rgba(254, 0, 0, 0.7)\",\"borderColor\":\"rgb(42, 60, 255)\",\"textColor\":\"rgb(0, 0, 0)\"}]},{\"day\":3,\"periods\":[{\"start\":\"02:00\",\"end\":\"02:30\",\"title\":\"\",\"backgroundColor\":\"rgba(254, 0, 0, 0.7)\",\"borderColor\":\"rgb(42, 60, 255)\",\"textColor\":\"rgb(0, 0, 0)\"}]},{\"day\":4,\"periods\":[{\"start\":\"01:00\",\"end\":\"01:30\",\"title\":\"\",\"backgroundColor\":\"rgba(254, 0, 0, 0.7)\",\"borderColor\":\"rgb(42, 60, 255)\",\"textColor\":\"rgb(0, 0, 0)\"}]},{\"day\":5,\"periods\":[{\"start\":\"01:30\",\"end\":\"02:00\",\"title\":\"\",\"backgroundColor\":\"rgba(254, 0, 0, 0.7)\",\"borderColor\":\"rgb(42, 60, 255)\",\"textColor\":\"rgb(0, 0, 0)\"},{\"start\":\"03:00\",\"end\":\"03:30\",\"title\":\"\",\"backgroundColor\":\"rgba(254, 0, 0, 0.7)\",\"borderColor\":\"rgb(42, 60, 255)\",\"textColor\":\"rgb(0, 0, 0)\"}]},{\"day\":6,\"periods\":[]}]';\n</code></pre>\n\n<p>I want to get all days and start and end time which is in periods.</p>\n\n<p>How to <strong>loop threw array</strong> and get ? It has 7 days day[0]-day[6] and periods is array which can be empty or have values.</p>\n\n<p>day</p>\n\n<p>periods->start</p>\n\n<p>periods->end</p>\n"
        },
        {
            "tags": [
                "c++",
                "visual-studio-2015",
                "compiler-errors",
                "precompiled-headers",
                "mixed-mode"
            ],
            "owner": {
                "reputation": 1723,
                "user_id": 3776927,
                "user_type": "registered",
                "profile_image": "https://www.gravatar.com/avatar/46cb2cca9626c6d445bd05297be86251?s=128&d=identicon&r=PG&f=1",
                "display_name": "derpirscher",
                "link": "https://stackoverflow.com/users/3776927/derpirscher"
            },
            "is_answered": false,
            "view_count": 864,
            "answer_count": 1,
            "score": 4,
            "last_activity_date": 1526458136,
            "creation_date": 1469013433,
            "last_edit_date": 1469016642,
            "question_id": 38479787,
            "body_markdown": "I get this error message from time to time (not every time) I compile (EDIT: sorry, I didn&#39;t make myself clear here: I actually meant &quot;rebuild&quot;) my mixed-mode project. And Visual Studio tells me to &quot;recompile with a command line option of &#39;-Zm114&#39; or greater&quot;. In principle no problem, I just do as VS tells me.\r\n\r\n\r\nBut currently, there are two problems with this:\r\n\r\n1. Why does it not occur *every time* I do a rebuild? If I understand correctly, the compiler ran out of memory while compiling my project. So if I do a rebuild, which cleans all prior work, shouldn&#39;t it run out of memory the next time too, if I don&#39;t change anything?\r\n\r\n2. To be on the safe side, I already have specified a value of 120 for Zm (ie `Zm120`) in all configurations of this project. Why do I get an error message with this lower value? Or is the suggested value of 114 just a wild guess of VS?\r\n\r\n\r\n\r\n",
            "link": "https://stackoverflow.com/questions/38479787/c3859-virtual-memory-range-for-pch-exceeded",
            "title": "C3859: Virtual memory range for PCH exceeded",
            "body": "<p>I get this error message from time to time (not every time) I compile (EDIT: sorry, I didn't make myself clear here: I actually meant \"rebuild\") my mixed-mode project. And Visual Studio tells me to \"recompile with a command line option of '-Zm114' or greater\". In principle no problem, I just do as VS tells me.</p>\n\n<p>But currently, there are two problems with this:</p>\n\n<ol>\n<li><p>Why does it not occur <em>every time</em> I do a rebuild? If I understand correctly, the compiler ran out of memory while compiling my project. So if I do a rebuild, which cleans all prior work, shouldn't it run out of memory the next time too, if I don't change anything?</p></li>\n<li><p>To be on the safe side, I already have specified a value of 120 for Zm (ie <code>Zm120</code>) in all configurations of this project. Why do I get an error message with this lower value? Or is the suggested value of 114 just a wild guess of VS?</p></li>\n</ol>\n"
        },
        {
            "tags": [
                "sapui5"
            ],
            "owner": {
                "reputation": 31,
                "user_id": 3496976,
                "user_type": "registered",
                "accept_rate": 0,
                "profile_image": "https://www.gravatar.com/avatar/bd9c85e8c1f14ee20babc994fd265ade?s=128&d=identicon&r=PG&f=1",
                "display_name": "user3496976",
                "link": "https://stackoverflow.com/users/3496976/user3496976"
            },
            "is_answered": false,
            "view_count": 34,
            "answer_count": 0,
            "score": 0,
            "last_activity_date": 1526458120,
            "creation_date": 1526380470,
            "last_edit_date": 1526458120,
            "question_id": 50348050,
            "body_markdown": "Im facing an issue in **sap.ui.unified.Calendar**, If i select any particular special date and cancel that selected date, color should get removed(Green color should get removed) from the calendar. Here im able to remove that from backend but it is not reflected in the UI. But if i reload the application it is getting removed. \r\n\r\n[![enter image description here][1]][1]\r\n\r\nIn the above screenshot if you see, After selecting Date 23rd and if i click on &quot;Cancel&quot;, an Odata service is getting called and Selected date is getting removed. But it is not reflecting in UI. But if i reload the app then im seeing the expected behavior. But i want that behavior immediately when i click on Cancel.Here im just calling an Odata service to cancel the selected Dates. \r\n\r\nBelow is the code to display the colors in calendar..\r\n\r\n                            for (var i = 0; i &lt; data.results.length; i++) {\r\n    \t\t\t\t\t\t\t\t\t\t//oRefDate.setDate(i);\r\n    \t\t\t\t\t\t\t\t\t\tvar oRefDate = new Date(data.results[i].Reqdate);\r\n    \t\t\t\t\t\t\t\t\t\tvar sType = &quot;&quot;;\r\n    \t\t\t\t\t\t\t\t\t\tif (data.results[i].Legendid == &quot;GROUP_LEVEL1&quot;) {\r\n    \t\t\t\t\t\t\t\t\t\t\tsType = &quot;Type01&quot;;\r\n    \t\t\t\t\t\t\t\t\t\t} else if (data.results[i].Legendid == &quot;BADVALUE_LIGHT&quot;) {\r\n    \t\t\t\t\t\t\t\t\t\t\tsType = &quot;Type02&quot;;\r\n    \t\t\t\t\t\t\t\t\t\t} else if (data.results[i].Legendid == &quot;NEGATIVE&quot;) {\r\n    \t\t\t\t\t\t\t\t\t\t\tsType = &quot;Type03&quot;;\r\n    \t\t\t\t\t\t\t\t\t\t} else if (data.results[i].Legendid == &quot;KEY_MEDIUM&quot;) {\r\n    \t\t\t\t\t\t\t\t\t\t\tsType = &quot;Type04&quot;;\r\n    \t\t\t\t\t\t\t\t\t\t} else if (data.results[i].Legendid == &quot;GOODVALUE_DARK&quot;) {\r\n    \t\t\t\t\t\t\t\t\t\t\tsType = &quot;Type02&quot;;\r\n    \t\t\t\t\t\t\t\t\t\t}\r\n    \t\t\t\t\t\t\t\t\t\toCal1.addSpecialDate(new sap.ui.unified.DateTypeRange({\r\n    \t\t\t\t\t\t\t\t\t\t\tstartDate: new Date(oRefDate),\r\n    \t\t\t\t\t\t\t\t\t\t\ttype: sType,\r\n    \t\t\t\t\t\t\t\t\t\t\ttooltip: data.results[i].Tooltip\r\n    \t\t\t\t\t\t\t\t\t\t}));\r\n    \r\n    \t\t\t\t\t\t\t\t\t}\r\n\r\nCan some one please help me to fix this issue..\r\n\r\n\r\n  [1]: https://i.stack.imgur.com/89JFi.png",
            "link": "https://stackoverflow.com/questions/50348050/sapui5-sap-ui-unified-calendar-how-can-we-remove-the-selected-specialdate-color",
            "title": "sapui5 sap.ui.unified.Calendar how can we remove the Selected SpecialDate color from Calendar",
            "body": "<p>Im facing an issue in <strong>sap.ui.unified.Calendar</strong>, If i select any particular special date and cancel that selected date, color should get removed(Green color should get removed) from the calendar. Here im able to remove that from backend but it is not reflected in the UI. But if i reload the application it is getting removed. </p>\n\n<p><a href=\"https://i.stack.imgur.com/89JFi.png\" rel=\"nofollow noreferrer\"><img src=\"https://i.stack.imgur.com/89JFi.png\" alt=\"enter image description here\"></a></p>\n\n<p>In the above screenshot if you see, After selecting Date 23rd and if i click on \"Cancel\", an Odata service is getting called and Selected date is getting removed. But it is not reflecting in UI. But if i reload the app then im seeing the expected behavior. But i want that behavior immediately when i click on Cancel.Here im just calling an Odata service to cancel the selected Dates. </p>\n\n<p>Below is the code to display the colors in calendar..</p>\n\n<pre><code>                        for (var i = 0; i &lt; data.results.length; i++) {\n                                        //oRefDate.setDate(i);\n                                        var oRefDate = new Date(data.results[i].Reqdate);\n                                        var sType = \"\";\n                                        if (data.results[i].Legendid == \"GROUP_LEVEL1\") {\n                                            sType = \"Type01\";\n                                        } else if (data.results[i].Legendid == \"BADVALUE_LIGHT\") {\n                                            sType = \"Type02\";\n                                        } else if (data.results[i].Legendid == \"NEGATIVE\") {\n                                            sType = \"Type03\";\n                                        } else if (data.results[i].Legendid == \"KEY_MEDIUM\") {\n                                            sType = \"Type04\";\n                                        } else if (data.results[i].Legendid == \"GOODVALUE_DARK\") {\n                                            sType = \"Type02\";\n                                        }\n                                        oCal1.addSpecialDate(new sap.ui.unified.DateTypeRange({\n                                            startDate: new Date(oRefDate),\n                                            type: sType,\n                                            tooltip: data.results[i].Tooltip\n                                        }));\n\n                                    }\n</code></pre>\n\n<p>Can some one please help me to fix this issue..</p>\n"
        },
        {
            "tags": [
                "javascript",
                "html",
                "angular",
                "undefined"
            ],
            "owner": {
                "reputation": 59,
                "user_id": 9672230,
                "user_type": "registered",
                "profile_image": "https://www.gravatar.com/avatar/aa1a1c854fe90eed90f51306c6481935?s=128&d=identicon&r=PG&f=1",
                "display_name": "Tester",
                "link": "https://stackoverflow.com/users/9672230/tester"
            },
            "is_answered": false,
            "view_count": 57,
            "answer_count": 0,
            "score": 1,
            "last_activity_date": 1526458108,
            "creation_date": 1526455253,
            "last_edit_date": 1526458108,
            "question_id": 50364643,
            "body_markdown": "I am testing an app in angular and JHipster.\r\n\r\nI try to test a label like this:\r\n\r\n    &lt;label  #hiddenLabel class=&quot;form-control-label&quot; jhiTranslate=&quot;oncosupApp.paciente.nombre&quot;  for=&quot;field_nombre&quot; &gt;Nombre&lt;/label&gt;\r\n\r\nand it gives the error that the hidden is undefined, that means that it doesn&#39;t take the reference of the HTML element.\r\n\r\nThen I try without jhiTranslate like this:\r\n\r\n    &lt;label  #hiddenLabel class=&quot;form-control-label&quot;   for=&quot;field_nombre&quot; &gt;Nombre&lt;/label&gt;\r\nand everything works perfectly.\r\nThe testBed code is here and I haven&#39;t included any translation functionality from jhi cause I am a newbie in JHI and don&#39;t know what to insert:\r\n\r\n&lt;!-- begin snippet: js hide: false console: true babel: false --&gt;\r\n\r\n&lt;!-- language: lang-html --&gt;\r\n\r\n    imports.....\r\n\r\n    describe(&#39;Component Tests&#39;, () =&gt; {\r\n\r\n        describe(&#39;Paciente Management Dialog Component&#39;, () =&gt; {\r\n            let comp: PacienteDialogComponent;\r\n            let fixture: ComponentFixture&lt;PacienteDialogComponent&gt;;\r\n\r\n            beforeEach(async(() =&gt; {\r\n                TestBed.configureTestingModule({\r\n                    imports: [OncosupTestModule,\r\n                        OncosupSharedModule,\r\n                        BrowserModule,\r\n                        FormsModule,  \r\n                    ],\r\n                    declarations: [PacienteDialogComponent,\r\n                    ],\r\n                    providers: [\r\n                 JhiAlertService, ],\r\n                         schemas: [CUSTOM_ELEMENTS_SCHEMA]\r\n                })\r\n                //.overrideTemplate(PacienteDialogComponent, &#39;&#39;)\r\n                .compileComponents();\r\n            }));\r\n            \r\n             beforeEach(() =&gt; {\r\n                fixture = TestBed.createComponent(PacienteDialogComponent);\r\n                comp = fixture.componentInstance;\r\n                //service = fixture.debugElement.injector.get(PacienteService);\r\n                //mockEventManager = fixture.debugElement.injector.get(JhiEventManager);\r\n                //mockActiveModal = fixture.debugElement.injector.get(NgbActiveModal);\r\n            });\r\n            \r\n              fit (&#39;first test asdsadfdfd&#39;, async(() =&gt; {\r\n                 expect(comp.hidden.nativeElement.innerHTML).toContain(&#39;Nombre&#39;);\r\n                }));\r\n\r\n&lt;!-- end snippet --&gt;\r\n\r\nMy component :\r\n\r\n&lt;!-- begin snippet: js hide: false console: true babel: false --&gt;\r\n\r\n&lt;!-- language: lang-html --&gt;\r\n\r\n    imports...\r\n\r\n\r\n\r\n    @Component({\r\n        selector: &#39;jhi-paciente-dialog&#39;,\r\n         template: require(&#39;./paciente-dialog.component.html&#39;),\r\n        styleUrls: [\r\n            &#39;paciente.css&#39;\r\n        ],\r\n    })\r\n    export class PacienteDialogComponent implements OnInit {\r\n     @ViewChild(&#39;hiddenLabel&#39;) hidden: ElementRef;\r\n\r\n&lt;!-- end snippet --&gt;\r\n\r\nThis means that jhiTranslate is not permitting me to take the reference of the HTML element. How can I fix this? I cannot remove jhiTranslate, cause the app is not mine. I just need to test it.",
            "link": "https://stackoverflow.com/questions/50364643/element-is-undefined-in-angular",
            "title": "Element is undefined in angular",
            "body": "<p>I am testing an app in angular and JHipster.</p>\n\n<p>I try to test a label like this:</p>\n\n<pre><code>&lt;label  #hiddenLabel class=\"form-control-label\" jhiTranslate=\"oncosupApp.paciente.nombre\"  for=\"field_nombre\" &gt;Nombre&lt;/label&gt;\n</code></pre>\n\n<p>and it gives the error that the hidden is undefined, that means that it doesn't take the reference of the HTML element.</p>\n\n<p>Then I try without jhiTranslate like this:</p>\n\n<pre><code>&lt;label  #hiddenLabel class=\"form-control-label\"   for=\"field_nombre\" &gt;Nombre&lt;/label&gt;\n</code></pre>\n\n<p>and everything works perfectly.\nThe testBed code is here and I haven't included any translation functionality from jhi cause I am a newbie in JHI and don't know what to insert:</p>\n\n<p><div class=\"snippet\" data-lang=\"js\" data-hide=\"false\" data-console=\"true\" data-babel=\"false\">\r\n<div class=\"snippet-code\">\r\n<pre class=\"snippet-code-html lang-html prettyprint-override\"><code>imports.....\r\n\r\ndescribe('Component Tests', () =&gt; {\r\n\r\n    describe('Paciente Management Dialog Component', () =&gt; {\r\n        let comp: PacienteDialogComponent;\r\n        let fixture: ComponentFixture&lt;PacienteDialogComponent&gt;;\r\n\r\n        beforeEach(async(() =&gt; {\r\n            TestBed.configureTestingModule({\r\n                imports: [OncosupTestModule,\r\n                    OncosupSharedModule,\r\n                    BrowserModule,\r\n                    FormsModule,  \r\n                ],\r\n                declarations: [PacienteDialogComponent,\r\n                ],\r\n                providers: [\r\n             JhiAlertService, ],\r\n                     schemas: [CUSTOM_ELEMENTS_SCHEMA]\r\n            })\r\n            //.overrideTemplate(PacienteDialogComponent, '')\r\n            .compileComponents();\r\n        }));\r\n        \r\n         beforeEach(() =&gt; {\r\n            fixture = TestBed.createComponent(PacienteDialogComponent);\r\n            comp = fixture.componentInstance;\r\n            //service = fixture.debugElement.injector.get(PacienteService);\r\n            //mockEventManager = fixture.debugElement.injector.get(JhiEventManager);\r\n            //mockActiveModal = fixture.debugElement.injector.get(NgbActiveModal);\r\n        });\r\n        \r\n          fit ('first test asdsadfdfd', async(() =&gt; {\r\n             expect(comp.hidden.nativeElement.innerHTML).toContain('Nombre');\r\n            }));</code></pre>\r\n</div>\r\n</div>\r\n</p>\n\n<p>My component :</p>\n\n<p><div class=\"snippet\" data-lang=\"js\" data-hide=\"false\" data-console=\"true\" data-babel=\"false\">\r\n<div class=\"snippet-code\">\r\n<pre class=\"snippet-code-html lang-html prettyprint-override\"><code>imports...\r\n\r\n\r\n\r\n@Component({\r\n    selector: 'jhi-paciente-dialog',\r\n     template: require('./paciente-dialog.component.html'),\r\n    styleUrls: [\r\n        'paciente.css'\r\n    ],\r\n})\r\nexport class PacienteDialogComponent implements OnInit {\r\n @ViewChild('hiddenLabel') hidden: ElementRef;</code></pre>\r\n</div>\r\n</div>\r\n</p>\n\n<p>This means that jhiTranslate is not permitting me to take the reference of the HTML element. How can I fix this? I cannot remove jhiTranslate, cause the app is not mine. I just need to test it.</p>\n"
        }
    ],
    "has_more": true,
    "quota_max": 300,
    "quota_remaining": 18
}