{
    "items": [
        {
            "tags": [
                "spring",
                "hibernate",
                "spring-mvc",
                "spring-boot",
                "web"
            ],
            "owner": {
                "reputation": 6,
                "user_id": 9797612,
                "user_type": "registered",
                "profile_image": "https://i.stack.imgur.com/8N5Y5.jpg?s=128&g=1",
                "display_name": "Tianyi111",
                "link": "https://stackoverflow.com/users/9797612/tianyi111"
            },
            "is_answered": false,
            "view_count": 34,
            "answer_count": 0,
            "score": 1,
            "last_activity_date": 1526447172,
            "creation_date": 1526439933,
            "last_edit_date": 1526447172,
            "question_id": 50361888,
            "body_markdown": "I have a requirement in my web application that can let users enter tables&#39;s name, attributes and datatypes to create tables. But as I know, the tables should be defined beforehand in hibernate. Is there any way of doing so?\r\n\r\nThanks in advance,\r\nTianyi",
            "link": "https://stackoverflow.com/questions/50361888/spring-springmvchibernate-create-dynamic-tables-at-runtime",
            "title": "spring + springMVC+hibernate create dynamic tables at runtime",
            "body": "<p>I have a requirement in my web application that can let users enter tables's name, attributes and datatypes to create tables. But as I know, the tables should be defined beforehand in hibernate. Is there any way of doing so?</p>\n\n<p>Thanks in advance,\nTianyi</p>\n"
        },
        {
            "tags": [
                "android",
                "apk",
                "decompiler",
                "dex2jar"
            ],
            "owner": {
                "reputation": 443,
                "user_id": 4792970,
                "user_type": "registered",
                "accept_rate": 42,
                "profile_image": "https://i.stack.imgur.com/eZKIF.jpg?s=128&g=1",
                "display_name": "Omer Levi Hevroni",
                "link": "https://stackoverflow.com/users/4792970/omer-levi-hevroni"
            },
            "is_answered": false,
            "view_count": 28,
            "answer_count": 1,
            "score": 0,
            "last_activity_date": 1526447168,
            "creation_date": 1526379879,
            "last_edit_date": 1526386507,
            "question_id": 50347860,
            "body_markdown": "While working on adding obfuscation to an android mobile application, I tried to tests the generated APK and make sure the code is obfuscated. I did that with 2 different tools - [apkanalyzer](https://developer.android.com/studio/command-line/apkanalyzer) and [dex2jar](https://github.com/pxb1988/dex2jar) (following [this](https://blog.bramp.net/post/2015/08/01/decompile-and-recompile-android-apk/) guide). I used apkanalyzer to get all the classes with the following command:\r\n\r\n```apkanalyzer dex packages myapp.apk\r\n```\r\n\r\nWhen inspecting the classes names, it was looked like the obfuscation is worked as expected. But when I inspected the results of dex2jar (using JD-Gui), it looks like the obfuscation is not working - all classes names kept. \r\n\r\nTo make sure proguard is working, I checked - `mapping.txt` and `seeds.txt` created successfully. I also check one class that appeared on `mapping.txt` (and therefore should be obfuscated) - but on JD-Gui it appear with the real name, and not obfuscated.\r\n\r\nMy question is: why there is a difference between apkanalyzer and dex2jar output? And which tool produce the right output?\r\n\r\nEdit:\r\nI tested it on a demo project and wasn&#39;t able to reproduce this behavior. This means that something is weird with how our app is configured. \r\n\r\nThanks in advance!\r\n\r\nOmer",
            "link": "https://stackoverflow.com/questions/50347860/what-is-the-difference-between-akpanalyzer-and-dex2jar",
            "title": "What is the difference between akpanalyzer and dex2jar?",
            "body": "<p>While working on adding obfuscation to an android mobile application, I tried to tests the generated APK and make sure the code is obfuscated. I did that with 2 different tools - <a href=\"https://developer.android.com/studio/command-line/apkanalyzer\" rel=\"nofollow noreferrer\">apkanalyzer</a> and <a href=\"https://github.com/pxb1988/dex2jar\" rel=\"nofollow noreferrer\">dex2jar</a> (following <a href=\"https://blog.bramp.net/post/2015/08/01/decompile-and-recompile-android-apk/\" rel=\"nofollow noreferrer\">this</a> guide). I used apkanalyzer to get all the classes with the following command:</p>\n\n<p><code>apkanalyzer dex packages myapp.apk\n</code></p>\n\n<p>When inspecting the classes names, it was looked like the obfuscation is worked as expected. But when I inspected the results of dex2jar (using JD-Gui), it looks like the obfuscation is not working - all classes names kept. </p>\n\n<p>To make sure proguard is working, I checked - <code>mapping.txt</code> and <code>seeds.txt</code> created successfully. I also check one class that appeared on <code>mapping.txt</code> (and therefore should be obfuscated) - but on JD-Gui it appear with the real name, and not obfuscated.</p>\n\n<p>My question is: why there is a difference between apkanalyzer and dex2jar output? And which tool produce the right output?</p>\n\n<p>Edit:\nI tested it on a demo project and wasn't able to reproduce this behavior. This means that something is weird with how our app is configured. </p>\n\n<p>Thanks in advance!</p>\n\n<p>Omer</p>\n"
        },
        {
            "tags": [
                "linux",
                "ssh",
                "putty"
            ],
            "owner": {
                "reputation": 26,
                "user_id": 5055167,
                "user_type": "registered",
                "accept_rate": 29,
                "profile_image": "https://www.gravatar.com/avatar/73c0209d9bee9ec2ebab2c24dcf90953?s=128&d=identicon&r=PG&f=1",
                "display_name": "raman",
                "link": "https://stackoverflow.com/users/5055167/raman"
            },
            "is_answered": false,
            "view_count": 29,
            "closed_date": 1526557597,
            "answer_count": 1,
            "score": -1,
            "last_activity_date": 1526447147,
            "creation_date": 1526445982,
            "last_edit_date": 1526446999,
            "question_id": 50362616,
            "body_markdown": "I am trying to rename the files `ROLLIN (11-03-08).pdf` and there are some more files with some special characters.\r\n\r\nI have tried  `ls -b` to check the exact filename but that show the same error no such file or directory. \r\n\r\nCan someone please let me know what exactly the problem is?\r\n\r\n\r\n\r\n\r\n\r\n",
            "link": "https://stackoverflow.com/questions/50362616/renaming-files-with-special-charcters-using-putty",
            "closed_reason": "off-topic",
            "title": "Renaming files with special Charcters using putty",
            "body": "<p>I am trying to rename the files <code>ROLLIN (11-03-08).pdf</code> and there are some more files with some special characters.</p>\n\n<p>I have tried  <code>ls -b</code> to check the exact filename but that show the same error no such file or directory. </p>\n\n<p>Can someone please let me know what exactly the problem is?</p>\n"
        },
        {
            "tags": [
                "python-3.x",
                "command",
                "jupyter-notebook",
                "graphviz",
                "decision-tree"
            ],
            "owner": {
                "reputation": 1,
                "user_id": 8512159,
                "user_type": "registered",
                "profile_image": "https://www.gravatar.com/avatar/7b7bc3050aecb8632d9bb5b6a40665a1?s=128&d=identicon&r=PG&f=1",
                "display_name": "Rafa.Rugamas",
                "link": "https://stackoverflow.com/users/8512159/rafa-rugamas"
            },
            "is_answered": false,
            "view_count": 19,
            "answer_count": 0,
            "score": 0,
            "last_activity_date": 1526447142,
            "creation_date": 1526447142,
            "question_id": 50362780,
            "body_markdown": "I&#39;m trying to display a decision tree in Jupyter Notebook and I keep receiving the message: \r\n\r\n&gt; CalledProcessError: Command &#39;[&#39;dot.bat&#39;, &#39;-Tsvg&#39;]&#39; returned non-zero exit status 1\r\n\r\nI&#39;m using the following code: \r\n\r\n    from sklearn.datasets import load_iris \r\n    from sklearn import tree\r\n    import graphviz\r\n    from IPython.display import SVG\r\n    iris = load_iris()\r\n    clf = tree.DecisionTreeClassifier()\r\n    fitted_clf = clf.fit(iris.data, iris.target)\r\n    graph = graphviz.Source(tree.export_graphviz(fitted_clf, \r\n                                   feature_names = iris.feature_names,\r\n                                   class_names = iris.target_names, \r\n                                   filled = True, rounded = True, \r\n                                   special_characters = True))\r\n    SVG(graph.pipe(format=&#39;svg&#39;))\r\n\r\nThe Exception is raised in the last line when I try to use &#39;pipe&#39;. \r\nI also tried: \r\n\r\n    graph.format = &#39;png&#39;\r\n    graph.render(&#39;example&#39;)\r\n\r\ninstead of pipe but i keep on raising a similar exception: \r\n\r\n&gt; CalledProcessError: Command &#39;[&#39;dot.bat&#39;, &#39;-Tpng&#39;, &#39;-O&#39;, &#39;example&#39;]&#39;\r\n&gt; returned non-zero exit status 1\r\n\r\nAny idea of what is causing that behaviour? and how can I fix it? \r\n\r\n(I&#39;m using Python 3.5.2, sklearn 0.17.1, graphviz 0.8.2 and IPython 6.4.0)",
            "link": "https://stackoverflow.com/questions/50362780/cant-display-graphviz-tree-in-jupyter-notebook",
            "title": "Can&#39;t display graphviz tree in Jupyter Notebook",
            "body": "<p>I'm trying to display a decision tree in Jupyter Notebook and I keep receiving the message: </p>\n\n<blockquote>\n  <p>CalledProcessError: Command '['dot.bat', '-Tsvg']' returned non-zero exit status 1</p>\n</blockquote>\n\n<p>I'm using the following code: </p>\n\n<pre><code>from sklearn.datasets import load_iris \nfrom sklearn import tree\nimport graphviz\nfrom IPython.display import SVG\niris = load_iris()\nclf = tree.DecisionTreeClassifier()\nfitted_clf = clf.fit(iris.data, iris.target)\ngraph = graphviz.Source(tree.export_graphviz(fitted_clf, \n                               feature_names = iris.feature_names,\n                               class_names = iris.target_names, \n                               filled = True, rounded = True, \n                               special_characters = True))\nSVG(graph.pipe(format='svg'))\n</code></pre>\n\n<p>The Exception is raised in the last line when I try to use 'pipe'. \nI also tried: </p>\n\n<pre><code>graph.format = 'png'\ngraph.render('example')\n</code></pre>\n\n<p>instead of pipe but i keep on raising a similar exception: </p>\n\n<blockquote>\n  <p>CalledProcessError: Command '['dot.bat', '-Tpng', '-O', 'example']'\n  returned non-zero exit status 1</p>\n</blockquote>\n\n<p>Any idea of what is causing that behaviour? and how can I fix it? </p>\n\n<p>(I'm using Python 3.5.2, sklearn 0.17.1, graphviz 0.8.2 and IPython 6.4.0)</p>\n"
        },
        {
            "tags": [
                "json",
                "node.js",
                "mongodb",
                "express"
            ],
            "owner": {
                "reputation": 13,
                "user_id": 2994932,
                "user_type": "registered",
                "profile_image": "https://graph.facebook.com/1310278536/picture?type=large",
                "display_name": "user2994932",
                "link": "https://stackoverflow.com/users/2994932/user2994932"
            },
            "is_answered": false,
            "view_count": 21,
            "answer_count": 0,
            "score": 0,
            "last_activity_date": 1526447124,
            "creation_date": 1526434252,
            "last_edit_date": 1526447124,
            "question_id": 50361232,
            "body_markdown": "I am trying to return all documents in my database with the query {isActive: true}. Here is my route:\r\n\r\n    const express = require(&#39;express&#39;);\r\n    const app = express();\r\n    const assert = require(&#39;assert&#39;);\r\n    const port = 4000;\r\n    const fs = require(&#39;fs&#39;);\r\n    const MongoClient = require(&#39;mongodb&#39;).MongoClient;\r\n    const url = &quot;mongodb://localhost:27017/iRateIt&quot;;\r\n    const mongoose = require(&quot;mongoose&quot;);\r\n    mongoose.Promise = global.Promise;\r\n    mongoose.connect(&quot;mongodb://localhost:27017/iRateIt&quot;);\r\n\r\n    app.use(&quot;/&quot;,(req,res) =&gt; {\r\n        MongoClient.connect(url, function(err, client){\r\n            assert.equal(null, err);\r\n            console.log(&quot;Connected successfully to server&quot;);\r\n          \r\n            const db = client.db(&quot;IRateIt&quot;);\r\n            findDocuments(db, function() {\r\n                client.close();\r\n              });\r\n              \r\n        const findDocuments = function(db, callback) {\r\n            var query = {isActive: true};\r\n            // Get the documents collection\r\n            const collection = db.collection(&#39;professors&#39;);\r\n            // Find some documents\r\n            collection.find({}).toArray(function(err, docs) {\r\n              assert.equal(err, null);\r\n              console.log(&quot;Found the following records&quot;);\r\n              console.log(docs);\r\n              callback(docs);\r\n            });\r\n          }\r\n    }\r\n\r\nMy log is as follows: \r\n\r\n    Server running on port 4000\r\n    Connected successfully to server\r\n    Found the following records\r\n    []\r\n\r\nMeaning it is not finding anything. There is probably something wrong with my syntax or something but I have been working on this for many days and cannot find the solution.\r\n\r\nThanks in advance. \r\n\r\nEdit: mongo shell log\r\n\r\n    &gt; use IRateIt\r\n    switched to db IRateIt\r\n    &gt; show collections\r\n    &gt; db.collection.find()\r\n    &gt; db.professors.find()\r\n    &gt; db.professors.findOne()\r\n    null\r\n    &gt; \r\n\r\nedit #2 More log\r\n\r\n    &gt; use iRateIt\r\n    switched to db iRateIt\r\n    &gt; show collections\r\n    professors\r\n    responses\r\n    users\r\n    &gt; db.professors.find()\r\n    { &quot;_id&quot; : ObjectId(&quot;5afb358a21e490324913a75a&quot;), &quot;firstname&quot; : &quot;1&quot;, &quot;lastname&quot; : &quot;2&quot;, &quot;isActive&quot; : true, &quot;email&quot; : &quot;3&quot;, &quot;password&quot; : &quot;4&quot;, &quot;confirmpassword&quot; : &quot;4&quot;, &quot;__v&quot; : 0 }\r\n    { &quot;_id&quot; : ObjectId(&quot;5afb35a521e490324913a75b&quot;), &quot;firstname&quot; : &quot;2&quot;, &quot;lastname&quot; : &quot;2&quot;, &quot;isActive&quot; : false, &quot;email&quot; : &quot;3&quot;, &quot;password&quot; : &quot;4&quot;, &quot;confirmpassword&quot; : &quot;4&quot;, &quot;__v&quot; : 0 }\r\n    &gt; \r\n\r\n",
            "link": "https://stackoverflow.com/questions/50361232/query-a-database-with-mongodb-3-x-syntax",
            "title": "Query a DataBase with Mongodb 3.x syntax?",
            "body": "<p>I am trying to return all documents in my database with the query {isActive: true}. Here is my route:</p>\n\n<pre><code>const express = require('express');\nconst app = express();\nconst assert = require('assert');\nconst port = 4000;\nconst fs = require('fs');\nconst MongoClient = require('mongodb').MongoClient;\nconst url = \"mongodb://localhost:27017/iRateIt\";\nconst mongoose = require(\"mongoose\");\nmongoose.Promise = global.Promise;\nmongoose.connect(\"mongodb://localhost:27017/iRateIt\");\n\napp.use(\"/\",(req,res) =&gt; {\n    MongoClient.connect(url, function(err, client){\n        assert.equal(null, err);\n        console.log(\"Connected successfully to server\");\n\n        const db = client.db(\"IRateIt\");\n        findDocuments(db, function() {\n            client.close();\n          });\n\n    const findDocuments = function(db, callback) {\n        var query = {isActive: true};\n        // Get the documents collection\n        const collection = db.collection('professors');\n        // Find some documents\n        collection.find({}).toArray(function(err, docs) {\n          assert.equal(err, null);\n          console.log(\"Found the following records\");\n          console.log(docs);\n          callback(docs);\n        });\n      }\n}\n</code></pre>\n\n<p>My log is as follows: </p>\n\n<pre><code>Server running on port 4000\nConnected successfully to server\nFound the following records\n[]\n</code></pre>\n\n<p>Meaning it is not finding anything. There is probably something wrong with my syntax or something but I have been working on this for many days and cannot find the solution.</p>\n\n<p>Thanks in advance. </p>\n\n<p>Edit: mongo shell log</p>\n\n<pre><code>&gt; use IRateIt\nswitched to db IRateIt\n&gt; show collections\n&gt; db.collection.find()\n&gt; db.professors.find()\n&gt; db.professors.findOne()\nnull\n&gt; \n</code></pre>\n\n<p>edit #2 More log</p>\n\n<pre><code>&gt; use iRateIt\nswitched to db iRateIt\n&gt; show collections\nprofessors\nresponses\nusers\n&gt; db.professors.find()\n{ \"_id\" : ObjectId(\"5afb358a21e490324913a75a\"), \"firstname\" : \"1\", \"lastname\" : \"2\", \"isActive\" : true, \"email\" : \"3\", \"password\" : \"4\", \"confirmpassword\" : \"4\", \"__v\" : 0 }\n{ \"_id\" : ObjectId(\"5afb35a521e490324913a75b\"), \"firstname\" : \"2\", \"lastname\" : \"2\", \"isActive\" : false, \"email\" : \"3\", \"password\" : \"4\", \"confirmpassword\" : \"4\", \"__v\" : 0 }\n&gt; \n</code></pre>\n"
        },
        {
            "tags": [
                "grails",
                "groovy"
            ],
            "owner": {
                "reputation": 1756,
                "user_id": 752252,
                "user_type": "registered",
                "accept_rate": 27,
                "profile_image": "https://www.gravatar.com/avatar/20ab3bd0218d24c1f0d7bb1ecd1e5fcb?s=128&d=identicon&r=PG",
                "display_name": "srini",
                "link": "https://stackoverflow.com/users/752252/srini"
            },
            "is_answered": true,
            "view_count": 3229,
            "answer_count": 3,
            "score": 1,
            "last_activity_date": 1526447116,
            "creation_date": 1309959782,
            "question_id": 6597398,
            "body_markdown": "insted of using \r\n\r\n     grails&gt; set-version\r\n command, is there any possible ways to generate application version when deployed itself.",
            "link": "https://stackoverflow.com/questions/6597398/how-to-set-version-for-grails-application-when-deployed",
            "title": "How to set version for grails application when deployed",
            "body": "<p>insted of using </p>\n\n<pre><code> grails&gt; set-version\n</code></pre>\n\n<p>command, is there any possible ways to generate application version when deployed itself.</p>\n"
        },
        {
            "tags": [
                "visual-studio",
                "cmake",
                "clang",
                "llvm"
            ],
            "owner": {
                "reputation": 6,
                "user_id": 8503473,
                "user_type": "registered",
                "profile_image": "https://www.gravatar.com/avatar/6336023e39299895686d29f41cfe21c9?s=128&d=identicon&r=PG&f=1",
                "display_name": "Jesus",
                "link": "https://stackoverflow.com/users/8503473/jesus"
            },
            "is_answered": true,
            "view_count": 125,
            "answer_count": 2,
            "score": 1,
            "last_activity_date": 1526447108,
            "creation_date": 1504747009,
            "last_edit_date": 1506139333,
            "question_id": 46086443,
            "body_markdown": "I try to build Clang on Windows as the guide told in http://clang.llvm.org/get_started.html\r\nHowever,an error occurs when I try to create an LLVM.sln file with cmake:\r\n\r\n    CMake Warning at CMakeLists.txt:48 (message):\r\n      Visual Studio generators use the x86 host compiler by default, even for\r\n      64-bit targets.  This can result in linker instability and out of memory\r\n      errors.  To use the 64-bit host compiler, pass -Thost=x64 on the CMake\r\n      command line.\r\n\r\n\r\n    CMake Error at CMakeLists.txt:54 (project):\r\n\r\n    Failed to run MSBuild command:\r\n    \r\n      MSBuild.exe\r\n\r\n    to get the value of VCTargetsPath:\r\n\r\n    Configuring incomplete, errors occurred!\r\n    See also &quot;H:/build/CMakeFiles/CMakeOutput.log&quot;.\r\n\r\nHow to solve this problem and generate a Visual Studio 2017 file?\r\n\r\n\r\n\r\n[![enter image description here][1]][1]\r\n\r\n\r\n  [1]: https://i.stack.imgur.com/zReAv.png",
            "link": "https://stackoverflow.com/questions/46086443/why-do-i-get-an-error-when-creating-an-llvm-sln-file-with-cmake",
            "title": "Why do I get an error when creating an LLVM.sln file with cmake?",
            "body": "<p>I try to build Clang on Windows as the guide told in <a href=\"http://clang.llvm.org/get_started.html\" rel=\"nofollow noreferrer\">http://clang.llvm.org/get_started.html</a>\nHowever,an error occurs when I try to create an LLVM.sln file with cmake:</p>\n\n<pre><code>CMake Warning at CMakeLists.txt:48 (message):\n  Visual Studio generators use the x86 host compiler by default, even for\n  64-bit targets.  This can result in linker instability and out of memory\n  errors.  To use the 64-bit host compiler, pass -Thost=x64 on the CMake\n  command line.\n\n\nCMake Error at CMakeLists.txt:54 (project):\n\nFailed to run MSBuild command:\n\n  MSBuild.exe\n\nto get the value of VCTargetsPath:\n\nConfiguring incomplete, errors occurred!\nSee also \"H:/build/CMakeFiles/CMakeOutput.log\".\n</code></pre>\n\n<p>How to solve this problem and generate a Visual Studio 2017 file?</p>\n\n<p><a href=\"https://i.stack.imgur.com/zReAv.png\" rel=\"nofollow noreferrer\"><img src=\"https://i.stack.imgur.com/zReAv.png\" alt=\"enter image description here\"></a></p>\n"
        },
        {
            "tags": [
                "ios",
                "swift",
                "optimization",
                "uiscrollview",
                "uiimage"
            ],
            "owner": {
                "reputation": 965,
                "user_id": 4806509,
                "user_type": "registered",
                "accept_rate": 54,
                "profile_image": "https://www.gravatar.com/avatar/ad388f9c81c3624835854f4cb213e35e?s=128&d=identicon&r=PG",
                "display_name": "user4806509",
                "link": "https://stackoverflow.com/users/4806509/user4806509"
            },
            "is_answered": true,
            "view_count": 2332,
            "answer_count": 2,
            "score": 0,
            "last_activity_date": 1526447092,
            "creation_date": 1470758610,
            "question_id": 38855581,
            "body_markdown": "The below Swift code manages zooming in and out of an `UIImage` inside a `UIScrollView`.\r\n\r\nWhen double tapping, the image zooms into the centre and zooms out to the centre.\r\n\r\n**Question:**\r\n\r\nWhat code changes need to be made to set the zoom in point to be the centre of the image area the user touches on screen?\r\n\r\n(For example, if the user double taps the top left of the image, the image would correspondingly zoom into the top left of the image.)\r\n\r\n    class ScrollViewController: UIViewController, UIScrollViewDelegate {\r\n        var scrollView: UIScrollView!\r\n        var imageView: UIImageView!\r\n    \r\n        override func viewDidLoad() {\r\n            super.viewDidLoad()\r\n            \r\n            imageView = UIImageView(image: UIImage(named: &quot;image.png&quot;))\r\n            \r\n            scrollView = UIScrollView(frame: view.bounds)\r\n            scrollView.backgroundColor = UIColor.blackColor()\r\n            scrollView.contentSize = imageView.bounds.size\r\n            scrollView.autoresizingMask = [UIViewAutoresizing.FlexibleWidth, UIViewAutoresizing.FlexibleHeight]\r\n            \r\n            scrollView.contentOffset = CGPoint(x: 1000, y: 450)\r\n            \r\n            scrollView.addSubview(imageView)\r\n            view.addSubview(scrollView)\r\n            \r\n            scrollView.delegate = self\r\n            setZoomScale()\r\n            setupGestureRecognizer()\r\n        }\r\n        \r\n        func viewForZoomingInScrollView(scrollView: UIScrollView) -&gt; UIView? {\r\n            return imageView\r\n        }\r\n    \r\n        override func viewWillLayoutSubviews() {\r\n            setZoomScale()\r\n        }\r\n    \r\n        func setZoomScale() {\r\n            let imageViewSize = imageView.bounds.size\r\n            let scrollViewSize = scrollView.bounds.size\r\n            let widthScale = scrollViewSize.width / imageViewSize.width\r\n            let heightScale = scrollViewSize.height / imageViewSize.height\r\n            \r\n            scrollView.minimumZoomScale = min(widthScale, heightScale)\r\n            scrollView.zoomScale = 1.0\r\n        }\r\n        \r\n        func scrollViewDidZoom(scrollView: UIScrollView) {\r\n            let imageViewSize = imageView.frame.size\r\n            let scrollViewSize = scrollView.bounds.size\r\n            let verticalPadding = imageViewSize.height &lt; scrollViewSize.height ? (scrollViewSize.height - imageViewSize.height) / 2 : 0\r\n            let horizontalPadding = imageViewSize.width &lt; scrollViewSize.width ? (scrollViewSize.width - imageViewSize.width) / 2 : 0\r\n            \r\n            scrollView.contentInset = UIEdgeInsets(top: verticalPadding, left: horizontalPadding, bottom: verticalPadding, right: horizontalPadding)\r\n        }\r\n    \r\n        func setupGestureRecognizer() {\r\n            let doubleTap = UITapGestureRecognizer(target: self, action: &quot;handleDoubleTap:&quot;)\r\n            doubleTap.numberOfTapsRequired = 2\r\n            scrollView.addGestureRecognizer(doubleTap)\r\n        }\r\n        \r\n        func handleDoubleTap(recognizer: UITapGestureRecognizer) {\r\n            if (scrollView.zoomScale &gt; scrollView.minimumZoomScale) {\r\n                scrollView.setZoomScale(scrollView.minimumZoomScale, animated: true)\r\n            } else {\r\n                scrollView.setZoomScale(scrollView.maximumZoomScale, animated: true)\r\n            }\r\n        }\r\n    }",
            "link": "https://stackoverflow.com/questions/38855581/zooming-into-an-image-from-users-touch-point-with-uiscrollview-in-swift",
            "title": "Zooming into an image from user&#39;s touch point with UIScrollView in Swift",
            "body": "<p>The below Swift code manages zooming in and out of an <code>UIImage</code> inside a <code>UIScrollView</code>.</p>\n\n<p>When double tapping, the image zooms into the centre and zooms out to the centre.</p>\n\n<p><strong>Question:</strong></p>\n\n<p>What code changes need to be made to set the zoom in point to be the centre of the image area the user touches on screen?</p>\n\n<p>(For example, if the user double taps the top left of the image, the image would correspondingly zoom into the top left of the image.)</p>\n\n<pre><code>class ScrollViewController: UIViewController, UIScrollViewDelegate {\n    var scrollView: UIScrollView!\n    var imageView: UIImageView!\n\n    override func viewDidLoad() {\n        super.viewDidLoad()\n\n        imageView = UIImageView(image: UIImage(named: \"image.png\"))\n\n        scrollView = UIScrollView(frame: view.bounds)\n        scrollView.backgroundColor = UIColor.blackColor()\n        scrollView.contentSize = imageView.bounds.size\n        scrollView.autoresizingMask = [UIViewAutoresizing.FlexibleWidth, UIViewAutoresizing.FlexibleHeight]\n\n        scrollView.contentOffset = CGPoint(x: 1000, y: 450)\n\n        scrollView.addSubview(imageView)\n        view.addSubview(scrollView)\n\n        scrollView.delegate = self\n        setZoomScale()\n        setupGestureRecognizer()\n    }\n\n    func viewForZoomingInScrollView(scrollView: UIScrollView) -&gt; UIView? {\n        return imageView\n    }\n\n    override func viewWillLayoutSubviews() {\n        setZoomScale()\n    }\n\n    func setZoomScale() {\n        let imageViewSize = imageView.bounds.size\n        let scrollViewSize = scrollView.bounds.size\n        let widthScale = scrollViewSize.width / imageViewSize.width\n        let heightScale = scrollViewSize.height / imageViewSize.height\n\n        scrollView.minimumZoomScale = min(widthScale, heightScale)\n        scrollView.zoomScale = 1.0\n    }\n\n    func scrollViewDidZoom(scrollView: UIScrollView) {\n        let imageViewSize = imageView.frame.size\n        let scrollViewSize = scrollView.bounds.size\n        let verticalPadding = imageViewSize.height &lt; scrollViewSize.height ? (scrollViewSize.height - imageViewSize.height) / 2 : 0\n        let horizontalPadding = imageViewSize.width &lt; scrollViewSize.width ? (scrollViewSize.width - imageViewSize.width) / 2 : 0\n\n        scrollView.contentInset = UIEdgeInsets(top: verticalPadding, left: horizontalPadding, bottom: verticalPadding, right: horizontalPadding)\n    }\n\n    func setupGestureRecognizer() {\n        let doubleTap = UITapGestureRecognizer(target: self, action: \"handleDoubleTap:\")\n        doubleTap.numberOfTapsRequired = 2\n        scrollView.addGestureRecognizer(doubleTap)\n    }\n\n    func handleDoubleTap(recognizer: UITapGestureRecognizer) {\n        if (scrollView.zoomScale &gt; scrollView.minimumZoomScale) {\n            scrollView.setZoomScale(scrollView.minimumZoomScale, animated: true)\n        } else {\n            scrollView.setZoomScale(scrollView.maximumZoomScale, animated: true)\n        }\n    }\n}\n</code></pre>\n"
        },
        {
            "tags": [
                "jenkins",
                "perforce"
            ],
            "owner": {
                "reputation": 1538,
                "user_id": 2458858,
                "user_type": "registered",
                "accept_rate": 85,
                "profile_image": "https://i.stack.imgur.com/N8Jbo.jpg?s=128&g=1",
                "display_name": "catchingUp",
                "link": "https://stackoverflow.com/users/2458858/catchingup"
            },
            "is_answered": true,
            "view_count": 25,
            "accepted_answer_id": 50362768,
            "answer_count": 1,
            "score": 0,
            "last_activity_date": 1526447080,
            "creation_date": 1526370791,
            "question_id": 50345021,
            "body_markdown": "Whenever I create a new job on Jenkins, it creates 2 workspaces on the perforce server. (with a suffix -0 and -1)\r\n\r\nIs it possible to tell Jenkins to only create a local workspace on the machine and not create the workspace on the Perforce server. \r\n\r\nAs I have many Jenkins jobs, it is soon going to be clutterd on the perforce server with so many workspaces.",
            "link": "https://stackoverflow.com/questions/50345021/jenkins-how-to-avoid-creating-workspace-on-the-p4-server",
            "title": "Jenkins: How to avoid creating workspace on the P4 server?",
            "body": "<p>Whenever I create a new job on Jenkins, it creates 2 workspaces on the perforce server. (with a suffix -0 and -1)</p>\n\n<p>Is it possible to tell Jenkins to only create a local workspace on the machine and not create the workspace on the Perforce server. </p>\n\n<p>As I have many Jenkins jobs, it is soon going to be clutterd on the perforce server with so many workspaces.</p>\n"
        },
        {
            "tags": [
                "python",
                "pandas",
                "csv"
            ],
            "owner": {
                "reputation": 15,
                "user_id": 9750239,
                "user_type": "registered",
                "profile_image": "https://lh3.googleusercontent.com/-XdUIqdMkCWA/AAAAAAAAAAI/AAAAAAAAAAA/4252rscbv5M/photo.jpg?sz=128",
                "display_name": "Richard Xie",
                "link": "https://stackoverflow.com/users/9750239/richard-xie"
            },
            "is_answered": true,
            "view_count": 43,
            "accepted_answer_id": 50362765,
            "answer_count": 1,
            "score": 2,
            "last_activity_date": 1526447070,
            "creation_date": 1526150162,
            "last_edit_date": 1526422747,
            "question_id": 50309510,
            "body_markdown": "I have a monthly tick data to analyze, which is like this:\r\n\r\n    Time (UTC),Ask,Bid,AskVolume,BidVolume\r\n    2007.04.01 21:00:47.593,95.203,95.159,19.1,8.8\r\n    2007.04.01 21:00:47.968,95.174,95.124,23.9,9.2\r\n    2007.04.01 21:01:02.695,95.132,95.092,4,4\r\n    2007.04.01 21:01:05.934,95.154,95.104,11.2,4\r\n    2007.04.01 21:01:18.430,95.171,95.131,12,5.2\r\n    2007.04.01 21:01:19.957,95.188,95.153,8,9.2\r\n    2007.04.01 21:01:56.308,95.208,95.148,22.3,4\r\n    2007.04.01 21:01:57.233,95.192,95.152,7.2,9.2\r\n    2007.04.01 21:01:57.443,95.188,95.143,7.2,9.2\r\n    2007.04.01 21:01:59.691,95.184,95.139,7.2,9.2\r\n    2007.04.01 21:01:59.934,95.181,95.141,8,3.9\r\n    2007.04.01 21:02:10.569,95.171,95.136,11.9,4\r\n    2007.04.01 21:02:20.708,95.166,95.126,11.2,8.8\r\n    2007.04.01 21:02:35.211,95.17,95.135,21.5,4\r\n    2007.04.01 21:02:39.946,95.196,95.156,7.2,8.8\r\n    2007.04.01 21:02:40.206,95.224,95.164,0.8,0.8\r\n    2007.04.01 21:02:43.600,95.222,95.177,8,9.2\r\n    2007.04.01 21:02:54.578,95.216,95.186,25.5,5.2\r\n    2007.04.01 21:03:04.811,95.23,95.18,7.9,7.9\r\nall the way to last day of month.\r\n\r\nI need to know the day whenever the percent change((max - min) / max) of Ask price of that day is greater than 0.05. My approach was to separate the data day by day, and calculate the percent change to see if the price drops more than 5% that day, and return that day if it does. I&#39;m new to pandas and here&#39;s what I have so far:\r\n\r\n    import pandas as pd\r\n    \r\n    df = pd.read_csv(&#39;AUDJPY_Ticks_2007.04.01_2007.04.30.csv&#39;)\r\n    percentChange = ((df[&#39;Ask&#39;].max() - df[&#39;Ask&#39;].min()) / df[&#39;Ask&#39;].max()) &gt;= 0.05\r\n    print(percentChange)\r\nI can only get the percent change of the entire month instead of each day.\r\n",
            "link": "https://stackoverflow.com/questions/50309510/how-to-use-pandas-to-check-daily-tick-data-in-a-monthly-tick-data-csv",
            "title": "How to use pandas to check daily tick data in a monthly tick data csv?",
            "body": "<p>I have a monthly tick data to analyze, which is like this:</p>\n\n<pre><code>Time (UTC),Ask,Bid,AskVolume,BidVolume\n2007.04.01 21:00:47.593,95.203,95.159,19.1,8.8\n2007.04.01 21:00:47.968,95.174,95.124,23.9,9.2\n2007.04.01 21:01:02.695,95.132,95.092,4,4\n2007.04.01 21:01:05.934,95.154,95.104,11.2,4\n2007.04.01 21:01:18.430,95.171,95.131,12,5.2\n2007.04.01 21:01:19.957,95.188,95.153,8,9.2\n2007.04.01 21:01:56.308,95.208,95.148,22.3,4\n2007.04.01 21:01:57.233,95.192,95.152,7.2,9.2\n2007.04.01 21:01:57.443,95.188,95.143,7.2,9.2\n2007.04.01 21:01:59.691,95.184,95.139,7.2,9.2\n2007.04.01 21:01:59.934,95.181,95.141,8,3.9\n2007.04.01 21:02:10.569,95.171,95.136,11.9,4\n2007.04.01 21:02:20.708,95.166,95.126,11.2,8.8\n2007.04.01 21:02:35.211,95.17,95.135,21.5,4\n2007.04.01 21:02:39.946,95.196,95.156,7.2,8.8\n2007.04.01 21:02:40.206,95.224,95.164,0.8,0.8\n2007.04.01 21:02:43.600,95.222,95.177,8,9.2\n2007.04.01 21:02:54.578,95.216,95.186,25.5,5.2\n2007.04.01 21:03:04.811,95.23,95.18,7.9,7.9\n</code></pre>\n\n<p>all the way to last day of month.</p>\n\n<p>I need to know the day whenever the percent change((max - min) / max) of Ask price of that day is greater than 0.05. My approach was to separate the data day by day, and calculate the percent change to see if the price drops more than 5% that day, and return that day if it does. I'm new to pandas and here's what I have so far:</p>\n\n<pre><code>import pandas as pd\n\ndf = pd.read_csv('AUDJPY_Ticks_2007.04.01_2007.04.30.csv')\npercentChange = ((df['Ask'].max() - df['Ask'].min()) / df['Ask'].max()) &gt;= 0.05\nprint(percentChange)\n</code></pre>\n\n<p>I can only get the percent change of the entire month instead of each day.</p>\n"
        },
        {
            "tags": [
                "java",
                "servlets"
            ],
            "owner": {
                "reputation": 6,
                "user_id": 9299362,
                "user_type": "registered",
                "profile_image": "https://www.gravatar.com/avatar/0190e2052907dee748436a4a1a913d9b?s=128&d=identicon&r=PG&f=1",
                "display_name": "aloneonthe_edge",
                "link": "https://stackoverflow.com/users/9299362/aloneonthe-edge"
            },
            "is_answered": false,
            "view_count": 45,
            "answer_count": 2,
            "score": 1,
            "last_activity_date": 1526447062,
            "creation_date": 1526319501,
            "last_edit_date": 1526348947,
            "question_id": 50336055,
            "body_markdown": "    I started learning Java recently and I am facing lot of simple but irritating issues. I spent a lot of time trying to figure out the problem in vain.\r\n    \r\n    I am trying to run a simple registration (with 3 pages) and submit the values into a DB. I am getting `NullPointerException` and not sure how to proceed with debugging any help will be greatly appreciated.\r\n        \r\n    `form1.html`\r\n    \r\n    Form details:\r\n    \r\n        &lt;!DOCTYPE html&gt;\r\n        &lt;html&gt;\r\n        &lt;head&gt;\r\n        &lt;/head&gt;\r\n        &lt;body&gt;\r\n        \t&lt;form action=&quot;./registration&quot; method=&quot;get&quot;&gt;\r\n        \t\t\tName:&lt;input type=&quot;text&quot; name=&quot;name&quot;&gt;&lt;br/&gt; \r\n        \tFather Name: &lt;input\ttype=&quot;text&quot; name=&quot;fname&quot;&gt;&lt;br/&gt; \r\n        \tMother Name: &lt;input\ttype=&quot;text&quot; name=&quot;mname&quot;&gt;&lt;br/&gt; \r\n        \t\t\t\t &lt;input type=&quot;hidden&quot; name=&quot;formd&quot; value=&quot;1&quot;/&gt;\r\n        \t\t\t\t &lt;input type=&quot;submit&quot; value=&quot;Next&gt;&gt;&gt;&quot;&gt;\r\n        \t&lt;/form&gt;\r\n        &lt;/body&gt;\r\n        &lt;/html&gt;\r\n        \r\n    `form2.html`\r\n    \r\n        &lt;!DOCTYPE html&gt;\r\n        &lt;html&gt;\r\n        &lt;head&gt;\r\n        &lt;/head&gt;\r\n        &lt;body&gt;\r\n        &lt;form action=&quot;./registration&quot;&gt;\r\n        \tContact:&lt;input type=&quot;text&quot; name= &quot;contact&quot;&gt;&lt;br/&gt;\r\n        \tEmail: &lt;input type= &quot;text&quot; name= &quot;email&quot;&gt;&lt;br/&gt;\r\n        \tAddress: &lt;input type =&quot;text&quot; name= &quot;address&quot;&gt;&lt;br/&gt;\r\n        \t&lt;input type=&quot;hidden&quot; name= &quot;formd&quot; value=&quot;2&quot;/&gt;\r\n        \t&lt;input type= &quot;submit&quot; value=&quot;Next&gt;&gt;&gt;&quot;&gt;\r\n        &lt;/form&gt;\r\n        &lt;/body&gt;\r\n        &lt;/html&gt;\r\n        \r\n    `form3.html`\r\n    \r\n        &lt;!DOCTYPE html&gt;\r\n        &lt;html&gt;\r\n        &lt;head&gt;\r\n        &lt;/head&gt;\r\n        &lt;body&gt;\r\n        &lt;form action=&quot;./registration&quot;&gt;\r\n        \tQualification:&lt;input type=&quot;text&quot; name= &quot;qualification&quot;&gt;&lt;br/&gt;\r\n        \tPercentage: &lt;input type =&quot;text&quot; name= &quot;percentage&quot;&gt;&lt;br/&gt;\r\n        \t&lt;input type=&quot;hidden&quot; name= &quot;formd&quot; value=&quot;3&quot;/&gt;\r\n        \t&lt;input type= &quot;submit&quot; value=&quot;Submit!&quot;&gt;\r\n        &lt;/form&gt;\r\n        &lt;/body&gt;\r\n        &lt;/html&gt;\r\n        \r\n    **My Servlet**\r\n    \r\n        package controller;\r\n        \r\n        import java.io.IOException;\r\n        import java.io.PrintWriter;\r\n        import java.sql.Connection;\r\n        import java.sql.DriverManager;\r\n        import java.sql.PreparedStatement;\r\n        import java.sql.SQLException;\r\n        \r\n        import javax.servlet.ServletException;\r\n        import javax.servlet.http.HttpServlet;\r\n        import javax.servlet.http.HttpServletRequest;\r\n        import javax.servlet.http.HttpServletResponse;\r\n        import javax.servlet.http.HttpSession;\r\n        \r\n        public class AadharRegistration extends HttpServlet {\r\n        \tprivate static final long serialVersionUID = 1L;\r\n        \r\n        \tprotected void doGet(HttpServletRequest request, HttpServletResponse response)\r\n        \t\t\tthrows ServletException, IOException {\r\n        \t\tPrintWriter out = response.getWriter();\r\n        \r\n        \t\tHttpSession httpsession = request.getSession();\r\n        \t\tString fno = request.getParameter(&quot;formd&quot;);\r\n        \r\n        \t\tif (fno.equals(&quot;1&quot;)) {\r\n        \t\t\tString name = request.getParameter(&quot;name&quot;);\r\n        \t\t\tString fname = request.getParameter(&quot;fname&quot;);\r\n        \t\t\tString mname = request.getParameter(&quot;mname&quot;);\r\n        \r\n        \t\t\thttpsession.setAttribute(&quot;name&quot;, name);\r\n        \t\t\thttpsession.setAttribute(&quot;fname&quot;, fname);\r\n        \t\t\thttpsession.setAttribute(&quot;mname&quot;, mname);\r\n        \r\n        \t\t\tresponse.sendRedirect(&quot;./form2.html&quot;);\r\n        \t\t}\r\n        \r\n        \t\tif (fno.equals(&quot;2&quot;)) {\r\n        \t\t\tString contact = request.getParameter(&quot;contact&quot;);\r\n        \t\t\tString email = request.getParameter(&quot;email&quot;);\r\n        \t\t\tString address = request.getParameter(&quot;address&quot;);\r\n        \r\n        \t\t\thttpsession.setAttribute(&quot;contact&quot;, contact);\r\n        \t\t\thttpsession.setAttribute(&quot;email&quot;, email);\r\n        \t\t\thttpsession.setAttribute(&quot;address&quot;, address);\r\n        \r\n        \t\t\tresponse.sendRedirect(&quot;./form3.html&quot;);\r\n        \r\n        \t\t}\r\n        \r\n        \t\tif (fno.equals(&quot;3&quot;)) {\r\n        \r\n        \t\t\tString qualification = request.getParameter(&quot;qualification&quot;);\r\n        \t\t\tString percentage = request.getParameter(&quot;percentage&quot;);\r\n        \r\n        \t\t\tString name = (String) httpsession.getAttribute(&quot;name&quot;);\r\n        \t\t\tString fname = (String) httpsession.getAttribute(&quot;fname&quot;);\r\n        \t\t\tString mname = (String) httpsession.getAttribute(&quot;mname&quot;);\r\n        \r\n        \t\t\tString contact = (String) httpsession.getAttribute(&quot;contact&quot;);\r\n        \t\t\tString email = (String) httpsession.getAttribute(&quot;email&quot;);\r\n        \t\t\tString address = (String) httpsession.getAttribute(&quot;address&quot;);\r\n        \r\n        \t\t\ttry {\r\n        \t\t\t\tClass.forName(&quot;oracle.jdbc.OracleDriver&quot;);\r\n        \t\t\t\tConnection conn = DriverManager.getConnection(&quot;jdbc:oracle:thin:@localhost:1521:p1aor01&quot;, &quot;system&quot;,\r\n        \t\t\t\t\t\t&quot;sysdba&quot;);\r\n        \r\n        \t\t\t\tPreparedStatement ps = conn.prepareStatement(&quot;insert into aadhar values (?,?,?,?,?,?,?,?)&quot;);\r\n        \t\t\t\tps.setString(1, name);\r\n        \t\t\t\tps.setString(2, fname);\r\n        \t\t\t\tps.setString(3, mname);\r\n        \t\t\t\tps.setString(4, contact);\r\n        \t\t\t\tps.setString(5, email);\r\n        \t\t\t\tps.setString(6, address);\r\n        \t\t\t\tps.setString(7, qualification);\r\n        \t\t\t\tps.setString(8, percentage);\r\n        \r\n        \t\t\t\tint res = ps.executeUpdate();\r\n        \r\n        \t\t\t\tif (res != 0) {\r\n        \t\t\t\t\tout.println(&quot;&lt;font color=&#39;green&#39;&gt;&lt;h1&gt;Registered Successfully!&lt;/h1&gt;&quot;);\r\n        \t\t\t\t}\r\n        \r\n        \t\t\t} catch (SQLException e) {\r\n        \t\t\t\tout.println(&quot;&lt;font color=&#39;red&#39;&gt;&lt;h1&gt;Registration exception Failed!&lt;/h1&gt;&quot;);\r\n        \t\t\t\te.printStackTrace();\r\n        \t\t\t} catch (ClassNotFoundException xe) {\r\n        \t\t\t\txe.printStackTrace();\r\n        \t\t\t}\r\n        \t\t}\r\n        \t}\r\n        \r\n        }\r\n        \r\nI forgot to add Web.xml. please see below. If i use Dynamic web module version 3.1,i read that we do not need web.xml. Can i still use it?\r\n    &lt;?xml version=&quot;1.0&quot; encoding=&quot;UTF-8&quot;?&gt;\r\n    &lt;web-app xmlns:xsi=&quot;http://www.w3.org/2001/XMLSchema-instance&quot; xmlns=&quot;http://java.sun.com/xml/ns/javaee&quot; xsi:schemaLocation=&quot;http://java.sun.com/xml/ns/javaee http://java.sun.com/xml/ns/javaee/web-app_2_5.xsd&quot; id=&quot;WebApp_ID&quot; version=&quot;2.5&quot;&gt;\r\n      &lt;display-name&gt;TestAadharRegistration&lt;/display-name&gt;\r\n       &lt;servlet&gt;\r\n        &lt;description&gt;&lt;/description&gt;\r\n        &lt;display-name&gt;AadharRegistration&lt;/display-name&gt;\r\n        &lt;servlet-name&gt;AadharRegistration&lt;/servlet-name&gt;\r\n        &lt;servlet-class&gt;controller.AadharRegistration&lt;/servlet-class&gt;\r\n      &lt;/servlet&gt;\r\n      &lt;servlet-mapping&gt;\r\n        &lt;servlet-name&gt;AadharRegistration&lt;/servlet-name&gt;\r\n        &lt;url-pattern&gt;/registration&lt;/url-pattern&gt;\r\n      &lt;/servlet-mapping&gt;\r\n    &lt;/web-app&gt;\r\n    \r\n    **Error:**\r\n    \r\n        java.lang.NullPointerException\r\n        \tcontroller.AadharRegistration.doGet(AadharRegistration.java:26)\r\n        \tjavax.servlet.http.HttpServlet.service(HttpServlet.java:635)\r\n        \tjavax.servlet.http.HttpServlet.service(HttpServlet.java:742)\r\n        \torg.apache.tomcat.websocket.server.WsFilter.doFilter(WsFilter.java:52)\r\n        \r\n        \r\n        Note The full stack trace of the root cause is available in the server logs.\r\n        \r\n        From Console in eclipse:\r\n        SEVERE: Servlet.service() for servlet [AadharRegistration] in context with path [/TestAadharRegistration] threw exception\r\n        java.lang.NullPointerException\r\n        \tat controller.AadharRegistration.doGet(AadharRegistration.java:26)",
            "link": "https://stackoverflow.com/questions/50336055/httpservlet-error-in-eclipse",
            "title": "HttpServlet error in eclipse",
            "body": "<pre><code>I started learning Java recently and I am facing lot of simple but irritating issues. I spent a lot of time trying to figure out the problem in vain.\n\nI am trying to run a simple registration (with 3 pages) and submit the values into a DB. I am getting `NullPointerException` and not sure how to proceed with debugging any help will be greatly appreciated.\n\n`form1.html`\n\nForm details:\n\n    &lt;!DOCTYPE html&gt;\n    &lt;html&gt;\n    &lt;head&gt;\n    &lt;/head&gt;\n    &lt;body&gt;\n        &lt;form action=\"./registration\" method=\"get\"&gt;\n                Name:&lt;input type=\"text\" name=\"name\"&gt;&lt;br/&gt; \n        Father Name: &lt;input type=\"text\" name=\"fname\"&gt;&lt;br/&gt; \n        Mother Name: &lt;input type=\"text\" name=\"mname\"&gt;&lt;br/&gt; \n                     &lt;input type=\"hidden\" name=\"formd\" value=\"1\"/&gt;\n                     &lt;input type=\"submit\" value=\"Next&gt;&gt;&gt;\"&gt;\n        &lt;/form&gt;\n    &lt;/body&gt;\n    &lt;/html&gt;\n\n`form2.html`\n\n    &lt;!DOCTYPE html&gt;\n    &lt;html&gt;\n    &lt;head&gt;\n    &lt;/head&gt;\n    &lt;body&gt;\n    &lt;form action=\"./registration\"&gt;\n        Contact:&lt;input type=\"text\" name= \"contact\"&gt;&lt;br/&gt;\n        Email: &lt;input type= \"text\" name= \"email\"&gt;&lt;br/&gt;\n        Address: &lt;input type =\"text\" name= \"address\"&gt;&lt;br/&gt;\n        &lt;input type=\"hidden\" name= \"formd\" value=\"2\"/&gt;\n        &lt;input type= \"submit\" value=\"Next&gt;&gt;&gt;\"&gt;\n    &lt;/form&gt;\n    &lt;/body&gt;\n    &lt;/html&gt;\n\n`form3.html`\n\n    &lt;!DOCTYPE html&gt;\n    &lt;html&gt;\n    &lt;head&gt;\n    &lt;/head&gt;\n    &lt;body&gt;\n    &lt;form action=\"./registration\"&gt;\n        Qualification:&lt;input type=\"text\" name= \"qualification\"&gt;&lt;br/&gt;\n        Percentage: &lt;input type =\"text\" name= \"percentage\"&gt;&lt;br/&gt;\n        &lt;input type=\"hidden\" name= \"formd\" value=\"3\"/&gt;\n        &lt;input type= \"submit\" value=\"Submit!\"&gt;\n    &lt;/form&gt;\n    &lt;/body&gt;\n    &lt;/html&gt;\n\n**My Servlet**\n\n    package controller;\n\n    import java.io.IOException;\n    import java.io.PrintWriter;\n    import java.sql.Connection;\n    import java.sql.DriverManager;\n    import java.sql.PreparedStatement;\n    import java.sql.SQLException;\n\n    import javax.servlet.ServletException;\n    import javax.servlet.http.HttpServlet;\n    import javax.servlet.http.HttpServletRequest;\n    import javax.servlet.http.HttpServletResponse;\n    import javax.servlet.http.HttpSession;\n\n    public class AadharRegistration extends HttpServlet {\n        private static final long serialVersionUID = 1L;\n\n        protected void doGet(HttpServletRequest request, HttpServletResponse response)\n                throws ServletException, IOException {\n            PrintWriter out = response.getWriter();\n\n            HttpSession httpsession = request.getSession();\n            String fno = request.getParameter(\"formd\");\n\n            if (fno.equals(\"1\")) {\n                String name = request.getParameter(\"name\");\n                String fname = request.getParameter(\"fname\");\n                String mname = request.getParameter(\"mname\");\n\n                httpsession.setAttribute(\"name\", name);\n                httpsession.setAttribute(\"fname\", fname);\n                httpsession.setAttribute(\"mname\", mname);\n\n                response.sendRedirect(\"./form2.html\");\n            }\n\n            if (fno.equals(\"2\")) {\n                String contact = request.getParameter(\"contact\");\n                String email = request.getParameter(\"email\");\n                String address = request.getParameter(\"address\");\n\n                httpsession.setAttribute(\"contact\", contact);\n                httpsession.setAttribute(\"email\", email);\n                httpsession.setAttribute(\"address\", address);\n\n                response.sendRedirect(\"./form3.html\");\n\n            }\n\n            if (fno.equals(\"3\")) {\n\n                String qualification = request.getParameter(\"qualification\");\n                String percentage = request.getParameter(\"percentage\");\n\n                String name = (String) httpsession.getAttribute(\"name\");\n                String fname = (String) httpsession.getAttribute(\"fname\");\n                String mname = (String) httpsession.getAttribute(\"mname\");\n\n                String contact = (String) httpsession.getAttribute(\"contact\");\n                String email = (String) httpsession.getAttribute(\"email\");\n                String address = (String) httpsession.getAttribute(\"address\");\n\n                try {\n                    Class.forName(\"oracle.jdbc.OracleDriver\");\n                    Connection conn = DriverManager.getConnection(\"jdbc:oracle:thin:@localhost:1521:p1aor01\", \"system\",\n                            \"sysdba\");\n\n                    PreparedStatement ps = conn.prepareStatement(\"insert into aadhar values (?,?,?,?,?,?,?,?)\");\n                    ps.setString(1, name);\n                    ps.setString(2, fname);\n                    ps.setString(3, mname);\n                    ps.setString(4, contact);\n                    ps.setString(5, email);\n                    ps.setString(6, address);\n                    ps.setString(7, qualification);\n                    ps.setString(8, percentage);\n\n                    int res = ps.executeUpdate();\n\n                    if (res != 0) {\n                        out.println(\"&lt;font color='green'&gt;&lt;h1&gt;Registered Successfully!&lt;/h1&gt;\");\n                    }\n\n                } catch (SQLException e) {\n                    out.println(\"&lt;font color='red'&gt;&lt;h1&gt;Registration exception Failed!&lt;/h1&gt;\");\n                    e.printStackTrace();\n                } catch (ClassNotFoundException xe) {\n                    xe.printStackTrace();\n                }\n            }\n        }\n\n    }\n</code></pre>\n\n<p>I forgot to add Web.xml. please see below. If i use Dynamic web module version 3.1,i read that we do not need web.xml. Can i still use it?\n    \n    http://java.sun.com/xml/ns/javaee/web-app_2_5.xsd\" id=\"WebApp_ID\" version=\"2.5\">\n      TestAadharRegistration\n       \n        \n        AadharRegistration\n        AadharRegistration\n        controller.AadharRegistration\n      \n      \n        AadharRegistration\n        /registration\n      \n    </p>\n\n<pre><code>**Error:**\n\n    java.lang.NullPointerException\n        controller.AadharRegistration.doGet(AadharRegistration.java:26)\n        javax.servlet.http.HttpServlet.service(HttpServlet.java:635)\n        javax.servlet.http.HttpServlet.service(HttpServlet.java:742)\n        org.apache.tomcat.websocket.server.WsFilter.doFilter(WsFilter.java:52)\n\n\n    Note The full stack trace of the root cause is available in the server logs.\n\n    From Console in eclipse:\n    SEVERE: Servlet.service() for servlet [AadharRegistration] in context with path [/TestAadharRegistration] threw exception\n    java.lang.NullPointerException\n        at controller.AadharRegistration.doGet(AadharRegistration.java:26)\n</code></pre>\n"
        },
        {
            "tags": [
                "sql",
                "oracle"
            ],
            "owner": {
                "reputation": 11,
                "user_id": 9793756,
                "user_type": "registered",
                "profile_image": "https://lh3.googleusercontent.com/-XdUIqdMkCWA/AAAAAAAAAAI/AAAAAAAAAAA/4252rscbv5M/photo.jpg?sz=128",
                "display_name": "Lauri Arvilommi",
                "link": "https://stackoverflow.com/users/9793756/lauri-arvilommi"
            },
            "is_answered": true,
            "view_count": 41,
            "answer_count": 1,
            "score": 2,
            "last_activity_date": 1526447047,
            "creation_date": 1526444376,
            "question_id": 50362410,
            "body_markdown": "I have three Oracle SQL select queries which returns following results. \r\nFirst select query returns result:\r\n\r\n     user_id | user_name |\r\n    ---------|-----------|\r\n         1   |   user_1  |\r\n         2   |   user_2  |\r\n         3   |   user_3  |\r\n         4   |   user_4  |\r\n\r\nsecond select query returns result:\r\n\r\n     exam_id | exam_name |\r\n    ---------|-----------|\r\n        1    |   exam_1  |\r\n        2    |   exam_2  |\r\n        3    |   exam_3  |\r\n\r\nand the third select query returns result:\r\n\r\n     exam_id | user_id | exam_date |\r\n    ---------|---------|-----------|\r\n        1    |    1    |    2017   |\r\n        1    |    2    |    2018   |\r\n        1    |    3    |    2017   |\r\n        2    |    3    |    2018   |\r\n\r\n    \r\nI would like to combine these queries to get result:\r\n\r\n     user_id | user_name | exam_1 | exam_2 | exam_3 |\r\n    ---------|-----------|--------|--------|--------|\r\n         1   |   user_1  |  2017  |        |        |\r\n         2   |   user_2  |  2018  |        |        |\r\n         3   |   user_3  |  2017  |  2018  |        |\r\n         4   |   user_4  |        |        |        |\r\n     \r\nI would be grateful for any help?",
            "link": "https://stackoverflow.com/questions/50362410/using-oracle-combine-three-tables-to-one-with-pivot",
            "title": "Using Oracle combine three tables to one with PIVOT",
            "body": "<p>I have three Oracle SQL select queries which returns following results. \nFirst select query returns result:</p>\n\n<pre><code> user_id | user_name |\n---------|-----------|\n     1   |   user_1  |\n     2   |   user_2  |\n     3   |   user_3  |\n     4   |   user_4  |\n</code></pre>\n\n<p>second select query returns result:</p>\n\n<pre><code> exam_id | exam_name |\n---------|-----------|\n    1    |   exam_1  |\n    2    |   exam_2  |\n    3    |   exam_3  |\n</code></pre>\n\n<p>and the third select query returns result:</p>\n\n<pre><code> exam_id | user_id | exam_date |\n---------|---------|-----------|\n    1    |    1    |    2017   |\n    1    |    2    |    2018   |\n    1    |    3    |    2017   |\n    2    |    3    |    2018   |\n</code></pre>\n\n<p>I would like to combine these queries to get result:</p>\n\n<pre><code> user_id | user_name | exam_1 | exam_2 | exam_3 |\n---------|-----------|--------|--------|--------|\n     1   |   user_1  |  2017  |        |        |\n     2   |   user_2  |  2018  |        |        |\n     3   |   user_3  |  2017  |  2018  |        |\n     4   |   user_4  |        |        |        |\n</code></pre>\n\n<p>I would be grateful for any help?</p>\n"
        },
        {
            "tags": [
                "r",
                "aggregate",
                "data.table"
            ],
            "owner": {
                "reputation": 3447,
                "user_id": 1546302,
                "user_type": "registered",
                "profile_image": "https://www.gravatar.com/avatar/0fd01631a94bbc8d133090c2ac88c035?s=128&d=identicon&r=PG",
                "display_name": "Edward",
                "link": "https://stackoverflow.com/users/1546302/edward"
            },
            "is_answered": true,
            "view_count": 5090,
            "accepted_answer_id": 11871785,
            "answer_count": 4,
            "score": 8,
            "last_activity_date": 1526447042,
            "creation_date": 1344452946,
            "last_edit_date": 1345112840,
            "question_id": 11871464,
            "body_markdown": "I&#39;m having some trouble aggregating a data frame while keeping the groups in their original order (order based on first appearance in data frame). I&#39;ve managed to get it right, but was hoping there is an easier way to go about it.\r\n\r\nHere is a sample data set to work on:\r\n\r\n    set.seed(7)\r\n    sel.1 &lt;- sample(1:5, 20, replace = TRUE)     # selection vector 1\r\n    sel.2 &lt;- sample(1:5, 20, replace = TRUE)\r\n    add.1 &lt;- sample(81:100)                      # additional vector 1\r\n    add.2 &lt;- sample(81:100)\r\n    orig.df &lt;- data.frame(sel.1, sel.2, add.1, add.2)\r\n\r\nSome points to note: there are two selection columns to determine how the data is grouped together. They will be the same, and their names are known. I have only put two additional columns in this data, but there may be more. I have given the columns names starting with &#39;sel&#39; and &#39;add&#39; to make it easier to follow, but the actual data has different names (so while `grep` tricks are cool, they won&#39;t be useful here).\r\n\r\nWhat I&#39;m trying to do is aggregate the data frame into groups based on the &#39;sel&#39; columns, and to sum together all the &#39;add&#39; columns. This is simple enough using `aggregate` as follows:\r\n\r\n    # Get the names of all the additional columns\r\n    all.add &lt;- names(orig.df)[!(names(orig.df)) %in% c(&quot;sel.1&quot;, &quot;sel.2&quot;)]\r\n    aggr.df &lt;- aggregate(orig.df[,all.add], \r\n                         by=list(sel.1 = orig.df$sel.1, sel.2 = orig.df$sel.2), sum)\r\n\r\nThe problem is that the result is ordered by the &#39;sel&#39; columns; I want it ordered based on each group&#39;s first appearance in the original data.\r\n\r\nHere are my best attempts at making this work:\r\n\r\n    ## Attempt 1\r\n    # create indices for each row (x) and find the minimum index for each range\r\n    index.df &lt;- aggregate(x = 1:nrow(orig.df),\r\n                          by=list(sel.1 = orig.df$sel.1, sel.2 = orig.df$sel.2), min)\r\n    # Make sure the x vector (indices) are in the right range for aggr.df\r\n    index.order &lt;- (1:nrow(index.df))[order(index.df$x)]\r\n    aggr.df[index.order,]\r\n\r\n    ## Attempt 2\r\n    # get the unique groups. These are in the right order.\r\n    unique.sel &lt;- unique(orig.df[,c(&quot;sel.1&quot;, &quot;sel.2&quot;)])\r\n    # use sapply to effectively loop over data and sum additional columns.\r\n    sums &lt;- t(sapply(1:nrow(unique.sel), function (x) {\r\n        sapply(all.add, function (y) {\r\n            sum(aggr.df[which(aggr.df$sel.1 == unique.sel$sel.1[x] &amp; \r\n                              aggr.df$sel.2 == unique.sel$sel.2[x]), y])\r\n            })\r\n    }))\r\n    data.frame(unique.sel, sums)\r\n\r\nWhile these give me the right result, I was hoping that somebody could point out a simpler solution. It would be preferable if the solution works with the packages that come with the standard R installation. \r\n\r\nI&#39;ve looked at the the documentation for `aggregate` and `match`, but I couldn&#39;t find an answer (I guess I was hoping for something like a &quot;keep.original.order&quot; parameter for `aggregate`).\r\n\r\nAny help would be much appreciated!\r\n\r\n\r\n----------\r\n\r\nUpdate: (in case anybody stumbles across this)\r\n\r\nHere is the cleanest way that I could find after trying for a few more days:\r\n\r\n    unique(data.frame(sapply(names(orig.df), function(x){\r\n        if(x %in% c(&quot;sel.1&quot;, &quot;sel.2&quot;)) orig.df[,x] else\r\n        ave(orig.df[,x], orig.df$sel.1, orig.df$sel.2, FUN=sum)},\r\n    simplify=FALSE)))",
            "link": "https://stackoverflow.com/questions/11871464/aggregate-data-frame-while-keeping-original-order-in-a-simple-manner",
            "title": "Aggregate data frame while keeping original order, in a simple manner",
            "body": "<p>I'm having some trouble aggregating a data frame while keeping the groups in their original order (order based on first appearance in data frame). I've managed to get it right, but was hoping there is an easier way to go about it.</p>\n\n<p>Here is a sample data set to work on:</p>\n\n<pre><code>set.seed(7)\nsel.1 &lt;- sample(1:5, 20, replace = TRUE)     # selection vector 1\nsel.2 &lt;- sample(1:5, 20, replace = TRUE)\nadd.1 &lt;- sample(81:100)                      # additional vector 1\nadd.2 &lt;- sample(81:100)\norig.df &lt;- data.frame(sel.1, sel.2, add.1, add.2)\n</code></pre>\n\n<p>Some points to note: there are two selection columns to determine how the data is grouped together. They will be the same, and their names are known. I have only put two additional columns in this data, but there may be more. I have given the columns names starting with 'sel' and 'add' to make it easier to follow, but the actual data has different names (so while <code>grep</code> tricks are cool, they won't be useful here).</p>\n\n<p>What I'm trying to do is aggregate the data frame into groups based on the 'sel' columns, and to sum together all the 'add' columns. This is simple enough using <code>aggregate</code> as follows:</p>\n\n<pre><code># Get the names of all the additional columns\nall.add &lt;- names(orig.df)[!(names(orig.df)) %in% c(\"sel.1\", \"sel.2\")]\naggr.df &lt;- aggregate(orig.df[,all.add], \n                     by=list(sel.1 = orig.df$sel.1, sel.2 = orig.df$sel.2), sum)\n</code></pre>\n\n<p>The problem is that the result is ordered by the 'sel' columns; I want it ordered based on each group's first appearance in the original data.</p>\n\n<p>Here are my best attempts at making this work:</p>\n\n<pre><code>## Attempt 1\n# create indices for each row (x) and find the minimum index for each range\nindex.df &lt;- aggregate(x = 1:nrow(orig.df),\n                      by=list(sel.1 = orig.df$sel.1, sel.2 = orig.df$sel.2), min)\n# Make sure the x vector (indices) are in the right range for aggr.df\nindex.order &lt;- (1:nrow(index.df))[order(index.df$x)]\naggr.df[index.order,]\n\n## Attempt 2\n# get the unique groups. These are in the right order.\nunique.sel &lt;- unique(orig.df[,c(\"sel.1\", \"sel.2\")])\n# use sapply to effectively loop over data and sum additional columns.\nsums &lt;- t(sapply(1:nrow(unique.sel), function (x) {\n    sapply(all.add, function (y) {\n        sum(aggr.df[which(aggr.df$sel.1 == unique.sel$sel.1[x] &amp; \n                          aggr.df$sel.2 == unique.sel$sel.2[x]), y])\n        })\n}))\ndata.frame(unique.sel, sums)\n</code></pre>\n\n<p>While these give me the right result, I was hoping that somebody could point out a simpler solution. It would be preferable if the solution works with the packages that come with the standard R installation. </p>\n\n<p>I've looked at the the documentation for <code>aggregate</code> and <code>match</code>, but I couldn't find an answer (I guess I was hoping for something like a \"keep.original.order\" parameter for <code>aggregate</code>).</p>\n\n<p>Any help would be much appreciated!</p>\n\n<hr>\n\n<p>Update: (in case anybody stumbles across this)</p>\n\n<p>Here is the cleanest way that I could find after trying for a few more days:</p>\n\n<pre><code>unique(data.frame(sapply(names(orig.df), function(x){\n    if(x %in% c(\"sel.1\", \"sel.2\")) orig.df[,x] else\n    ave(orig.df[,x], orig.df$sel.1, orig.df$sel.2, FUN=sum)},\nsimplify=FALSE)))\n</code></pre>\n"
        },
        {
            "tags": [
                "angular",
                "asp.net-core",
                "asp.net-core-mvc"
            ],
            "owner": {
                "reputation": 726,
                "user_id": 7756343,
                "user_type": "registered",
                "accept_rate": 46,
                "profile_image": "https://www.gravatar.com/avatar/7e6964980c438556b9746f19cc09e93c?s=128&d=identicon&r=PG&f=1",
                "display_name": "k11k2",
                "link": "https://stackoverflow.com/users/7756343/k11k2"
            },
            "is_answered": true,
            "view_count": 1038,
            "accepted_answer_id": 50362761,
            "answer_count": 2,
            "score": 2,
            "last_activity_date": 1526447042,
            "creation_date": 1512634524,
            "last_edit_date": 1517493452,
            "question_id": 47690469,
            "body_markdown": "Angular 5 aspnetcore 2.0 is my environment. \r\n\r\nAnd I updated my packages to angular 5 and replace `AotPlugin` to `AngularCompilerPlugin` in `webpack.config.js`. while publishing my project, I&#39;m getting this error.\r\n\r\n     TypeError: AngularCompilerPlugin is not a constructor\r\n    2017-12-07T06:25:19.8388691Z       at module.exports (d:\\a\\1\\s\\web\\source\\webpack.config.js:48:13)\r\n    2017-12-07T06:25:19.8388916Z       at requireConfig (d:\\a\\1\\s\\web\\source\\node_modules\\webpack\\bin\\convert-argv.js:102:15)\r\n    2017-12-07T06:25:19.8389187Z       at d:\\a\\1\\s\\web\\source\\node_modules\\webpack\\bin\\convert-argv.js:109:17\r\n    2017-12-07T06:25:19.8389479Z       at Array.forEach (native)\r\n    2017-12-07T06:25:19.8389687Z       at module.exports (d:\\a\\1\\s\\web\\source\\node_modules\\webpack\\bin\\convert-argv.js:107:15)\r\n    2017-12-07T06:25:19.8389914Z       at Object.&lt;anonymous&gt; (d:\\a\\1\\s\\web\\source\\node_modules\\webpack\\bin\\webpack.js:153:40)\r\n    2017-12-07T06:25:19.8390154Z       at Module._compile (module.js:570:32)\r\n    2017-12-07T06:25:19.8390340Z       at Object.Module._extensions..js (module.js:579:10)\r\n    2017-12-07T06:25:19.8390524Z       at Module.load (module.js:487:32)\r\n    2017-12-07T06:25:19.8390881Z       at tryModuleLoad (module.js:446:12)\r\n    2017-12-07T06:25:19.8569143Z d:\\a\\1\\s\\web\\source\\CA.IDM.PAdmin.Web.csproj(41,5): error MSB3073: The command &quot;node node_modules/webpack/bin/webpack.js --env.prod&quot; exited with code 1.\r\n    2017-12-07T06:25:19.9453100Z ##[error]Error: C:\\Program Files\\dotnet\\dotnet.exe failed with return code: 1\r\n    2017-12-07T06:25:19.9454881Z ##[error]Dotnet command failed with non-zero exit code on the following projects : d:\\a\\1\\s\\web\\source\\CA.IDM.PAdmin.Web.csproj\r\n\r\nSo I revoked this changes and restored `AotPlugin` in `webpack.config.js` now my publish got success.\r\n\r\nActually for angular 5 `AngularCompilerPlugin` used instead of `AotPlugin`. so my question is did I miss something? what I did wrong here?.\r\n\r\nwebpack.config.js\r\n\r\n    const path = require(&#39;path&#39;);\r\n    const webpack = require(&#39;webpack&#39;);\r\n    const merge = require(&#39;webpack-merge&#39;);\r\n    const AngularCompilerPlugin = require(&#39;@ngtools/webpack&#39;).AngularCompilerPlugin ;\r\n    const CheckerPlugin = require(&#39;awesome-typescript-loader&#39;).CheckerPlugin;\r\n    \r\n    module.exports = (env) =&gt; {\r\n        // Configuration in common to both client-side and server-side bundles\r\n        const isDevBuild = !(env &amp;&amp; env.prod);\r\n        const sharedConfig = {\r\n            stats: { modules: false },\r\n            context: __dirname,\r\n            resolve: { extensions: [ &#39;.js&#39;, &#39;.ts&#39; ] },\r\n            output: {\r\n                filename: &#39;[name].js&#39;,\r\n                publicPath: &#39;dist/&#39; // Webpack dev middleware, if enabled, handles requests for this URL prefix\r\n            },\r\n            module: {\r\n                rules: [\r\n                    { test: /\\.ts$/, use: isDevBuild ? [&#39;awesome-typescript-loader?silent=true&#39;, &#39;angular2-template-loader&#39;, &#39;angular2-router-loader&#39;] : &#39;@ngtools/webpack&#39; },\r\n                    { test: /\\.html$/, use: &#39;html-loader?minimize=false&#39; },\r\n                    { test: /\\.css$/, use: [ &#39;to-string-loader&#39;, isDevBuild ? &#39;css-loader&#39; : &#39;css-loader?minimize&#39; ] },\r\n                    { test: /\\.(png|jpg|jpeg|gif|svg)$/, use: &#39;url-loader?limit=25000&#39; }\r\n                ]\r\n            },\r\n            plugins: [new CheckerPlugin()]\r\n        };\r\n    \r\n        // Configuration for client-side bundle suitable for running in browsers\r\n        const clientBundleOutputDir = &#39;./wwwroot/dist&#39;;\r\n        const clientBundleConfig = merge(sharedConfig, {\r\n            entry: { &#39;main-client&#39;: &#39;./ClientApp/boot.browser.ts&#39; },\r\n            output: { path: path.join(__dirname, clientBundleOutputDir) },\r\n            plugins: [\r\n                new webpack.DllReferencePlugin({\r\n                    context: __dirname,\r\n                    manifest: require(&#39;./wwwroot/dist/vendor-manifest.json&#39;)\r\n                })\r\n            ].concat(isDevBuild ? [\r\n                // Plugins that apply in development builds only\r\n                new webpack.SourceMapDevToolPlugin({\r\n                    filename: &#39;[file].map&#39;, // Remove this line if you prefer inline source maps\r\n                    moduleFilenameTemplate: path.relative(clientBundleOutputDir, &#39;[resourcePath]&#39;) // Point sourcemap entries to the original file locations on disk\r\n                })\r\n            ] : [\r\n                // Plugins that apply in production builds only\r\n                new webpack.optimize.UglifyJsPlugin(),\r\n                new AngularCompilerPlugin ({\r\n                    tsConfigPath: &#39;./tsconfig.json&#39;,\r\n                    entryModule: path.join(__dirname, &#39;ClientApp/app/app.browser.module#AppModule&#39;),\r\n                    exclude: [&#39;./**/*.server.ts&#39;]\r\n                })\r\n            ])\r\n        });\r\n    \r\n        // Configuration for server-side (prerendering) bundle suitable for running in Node\r\n        const serverBundleConfig = merge(sharedConfig, {\r\n            resolve: { mainFields: [&#39;main&#39;] },\r\n            entry: { &#39;main-server&#39;: &#39;./ClientApp/boot.server.ts&#39; },\r\n            plugins: [\r\n                new webpack.DllReferencePlugin({\r\n                    context: __dirname,\r\n                    manifest: require(&#39;./ClientApp/dist/vendor-manifest.json&#39;),\r\n                    sourceType: &#39;commonjs2&#39;,\r\n                    name: &#39;./vendor&#39;\r\n                })\r\n            ].concat(isDevBuild ? [] : [\r\n                // Plugins that apply in production builds only\r\n                new AngularCompilerPlugin ({\r\n                    tsConfigPath: &#39;./tsconfig.json&#39;,\r\n                    entryModule: path.join(__dirname, &#39;ClientApp/app/app.server.module#AppModule&#39;),\r\n                    exclude: [&#39;./**/*.browser.ts&#39;]\r\n                })\r\n            ]),\r\n            output: {\r\n                libraryTarget: &#39;commonjs&#39;,\r\n                path: path.join(__dirname, &#39;./ClientApp/dist&#39;)\r\n            },\r\n            target: &#39;node&#39;,\r\n            devtool: &#39;inline-source-map&#39;\r\n        });\r\n    \r\n        return [clientBundleConfig, serverBundleConfig];\r\n    };\r\n\r\npackage.json\r\n\r\n    {\r\n      &quot;name&quot;: &quot;Web5&quot;,\r\n      &quot;private&quot;: true,\r\n      &quot;version&quot;: &quot;0.0.0&quot;,\r\n      &quot;scripts&quot;: {\r\n        &quot;test&quot;: &quot;karma start ClientApp/test/karma.conf.js&quot;\r\n      },\r\n      &quot;devDependencies&quot;: {\r\n        &quot;@angular/animations&quot;: &quot;5.0.5&quot;,\r\n        &quot;@angular/common&quot;: &quot;5.0.5&quot;,\r\n        &quot;@angular/compiler&quot;: &quot;5.0.5&quot;,\r\n        &quot;@angular/compiler-cli&quot;: &quot;5.0.5&quot;,\r\n        &quot;@angular/core&quot;: &quot;5.0.5&quot;,\r\n        &quot;@angular/forms&quot;: &quot;5.0.5&quot;,\r\n        &quot;@angular/http&quot;: &quot;5.0.5&quot;,\r\n        &quot;@angular/platform-browser&quot;: &quot;5.0.5&quot;,\r\n        &quot;@angular/platform-browser-dynamic&quot;: &quot;5.0.5&quot;,\r\n        &quot;@angular/platform-server&quot;: &quot;5.0.5&quot;,\r\n        &quot;@angular/router&quot;: &quot;5.0.5&quot;,\r\n        &quot;@ngtools/webpack&quot;: &quot;1.8.5&quot;,\r\n        &quot;@types/chai&quot;: &quot;4.0.1&quot;,\r\n        &quot;@types/jasmine&quot;: &quot;2.5.53&quot;,\r\n        &quot;@types/webpack-env&quot;: &quot;1.13.0&quot;,\r\n        &quot;angular2-router-loader&quot;: &quot;0.3.5&quot;,\r\n        &quot;angular2-template-loader&quot;: &quot;0.6.2&quot;,\r\n        &quot;aspnet-prerendering&quot;: &quot;^3.0.1&quot;,\r\n        &quot;aspnet-webpack&quot;: &quot;^2.0.1&quot;,\r\n        &quot;awesome-typescript-loader&quot;: &quot;3.2.1&quot;,\r\n        &quot;bootstrap&quot;: &quot;3.3.7&quot;,\r\n        &quot;chai&quot;: &quot;4.0.2&quot;,\r\n        &quot;css&quot;: &quot;2.2.1&quot;,\r\n        &quot;css-loader&quot;: &quot;0.28.4&quot;,\r\n        &quot;es6-shim&quot;: &quot;0.35.3&quot;,\r\n        &quot;event-source-polyfill&quot;: &quot;0.0.9&quot;,\r\n        &quot;expose-loader&quot;: &quot;0.7.3&quot;,\r\n        &quot;extract-text-webpack-plugin&quot;: &quot;2.1.2&quot;,\r\n        &quot;file-loader&quot;: &quot;0.11.2&quot;,\r\n        &quot;html-loader&quot;: &quot;0.4.5&quot;,\r\n        &quot;isomorphic-fetch&quot;: &quot;2.2.1&quot;,\r\n        &quot;jasmine-core&quot;: &quot;2.6.4&quot;,\r\n        &quot;jquery&quot;: &quot;3.2.1&quot;,\r\n        &quot;json-loader&quot;: &quot;0.5.4&quot;,\r\n        &quot;karma&quot;: &quot;1.7.0&quot;,\r\n        &quot;karma-chai&quot;: &quot;0.1.0&quot;,\r\n        &quot;karma-chrome-launcher&quot;: &quot;2.2.0&quot;,\r\n        &quot;karma-cli&quot;: &quot;1.0.1&quot;,\r\n        &quot;karma-jasmine&quot;: &quot;1.1.0&quot;,\r\n        &quot;karma-webpack&quot;: &quot;2.0.3&quot;,\r\n        &quot;preboot&quot;: &quot;4.5.2&quot;,\r\n        &quot;raw-loader&quot;: &quot;0.5.1&quot;,\r\n        &quot;reflect-metadata&quot;: &quot;0.1.10&quot;,\r\n        &quot;rxjs&quot;: &quot;5.5.4&quot;,\r\n        &quot;style-loader&quot;: &quot;0.18.2&quot;,\r\n        &quot;to-string-loader&quot;: &quot;1.1.5&quot;,\r\n        &quot;typescript&quot;: &quot;2.6.2&quot;,\r\n        &quot;url-loader&quot;: &quot;0.5.9&quot;,\r\n        &quot;webpack&quot;: &quot;2.5.1&quot;,\r\n        &quot;webpack-hot-middleware&quot;: &quot;2.18.2&quot;,\r\n        &quot;webpack-merge&quot;: &quot;4.1.0&quot;,\r\n        &quot;zone.js&quot;: &quot;0.8.12&quot;\r\n      }\r\n    }\r\n\r\nAs I check while publishing it not taking the updated versions. what would be the reason?\r\n\r\n    12-07T06:23:03.8757490Z   Web5 -&gt; d:\\a\\1\\s\\web5.dll\r\n    2017-12-07T06:24:43.8922441Z   Web5@0.0.0 d:\\a\\1\\s\\web\\\r\n    2017-12-07T06:24:43.8923186Z   +-- @angular/animations@4.2.5 \r\n    2017-12-07T06:24:43.8923751Z   +-- @angular/common@4.2.5 \r\n    2017-12-07T06:24:43.8925363Z   +-- @angular/compiler@4.2.5 \r\n    2017-12-07T06:24:43.8935332Z   +-- @angular/compiler-cli@4.2.5 \r\n    2017-12-07T06:24:43.8936589Z   | `-- minimist@1.2.0 \r\n    2017-12-07T06:24:43.8936969Z   +-- @angular/core@4.2.5 \r\n    2017-12-07T06:24:43.8937290Z   +-- @angular/forms@4.2.5 \r\n    2017-12-07T06:24:43.8937696Z   +-- @angular/http@4.2.5 \r\n    2017-12-07T06:24:43.8938023Z   +-- @angular/platform-browser@4.2.5 \r\n    2017-12-07T06:24:43.8938348Z   +-- @angular/platform-browser-dynamic@4.2.5 \r\n    2017-12-07T06:24:43.8938687Z   +-- @angular/platform-server@4.2.5 \r\n    2017-12-07T06:24:43.8939007Z   +-- @angular/router@4.2.5 \r\n    2017-12-07T06:24:43.8939341Z   +-- @angular/tsc-wrapped@4.2.5 ",
            "link": "https://stackoverflow.com/questions/47690469/angular-5-typeerror-angularcompilerplugin-is-not-a-constructor",
            "title": "Angular 5 TypeError: AngularCompilerPlugin is not a constructor",
            "body": "<p>Angular 5 aspnetcore 2.0 is my environment. </p>\n\n<p>And I updated my packages to angular 5 and replace <code>AotPlugin</code> to <code>AngularCompilerPlugin</code> in <code>webpack.config.js</code>. while publishing my project, I'm getting this error.</p>\n\n<pre><code> TypeError: AngularCompilerPlugin is not a constructor\n2017-12-07T06:25:19.8388691Z       at module.exports (d:\\a\\1\\s\\web\\source\\webpack.config.js:48:13)\n2017-12-07T06:25:19.8388916Z       at requireConfig (d:\\a\\1\\s\\web\\source\\node_modules\\webpack\\bin\\convert-argv.js:102:15)\n2017-12-07T06:25:19.8389187Z       at d:\\a\\1\\s\\web\\source\\node_modules\\webpack\\bin\\convert-argv.js:109:17\n2017-12-07T06:25:19.8389479Z       at Array.forEach (native)\n2017-12-07T06:25:19.8389687Z       at module.exports (d:\\a\\1\\s\\web\\source\\node_modules\\webpack\\bin\\convert-argv.js:107:15)\n2017-12-07T06:25:19.8389914Z       at Object.&lt;anonymous&gt; (d:\\a\\1\\s\\web\\source\\node_modules\\webpack\\bin\\webpack.js:153:40)\n2017-12-07T06:25:19.8390154Z       at Module._compile (module.js:570:32)\n2017-12-07T06:25:19.8390340Z       at Object.Module._extensions..js (module.js:579:10)\n2017-12-07T06:25:19.8390524Z       at Module.load (module.js:487:32)\n2017-12-07T06:25:19.8390881Z       at tryModuleLoad (module.js:446:12)\n2017-12-07T06:25:19.8569143Z d:\\a\\1\\s\\web\\source\\CA.IDM.PAdmin.Web.csproj(41,5): error MSB3073: The command \"node node_modules/webpack/bin/webpack.js --env.prod\" exited with code 1.\n2017-12-07T06:25:19.9453100Z ##[error]Error: C:\\Program Files\\dotnet\\dotnet.exe failed with return code: 1\n2017-12-07T06:25:19.9454881Z ##[error]Dotnet command failed with non-zero exit code on the following projects : d:\\a\\1\\s\\web\\source\\CA.IDM.PAdmin.Web.csproj\n</code></pre>\n\n<p>So I revoked this changes and restored <code>AotPlugin</code> in <code>webpack.config.js</code> now my publish got success.</p>\n\n<p>Actually for angular 5 <code>AngularCompilerPlugin</code> used instead of <code>AotPlugin</code>. so my question is did I miss something? what I did wrong here?.</p>\n\n<p>webpack.config.js</p>\n\n<pre><code>const path = require('path');\nconst webpack = require('webpack');\nconst merge = require('webpack-merge');\nconst AngularCompilerPlugin = require('@ngtools/webpack').AngularCompilerPlugin ;\nconst CheckerPlugin = require('awesome-typescript-loader').CheckerPlugin;\n\nmodule.exports = (env) =&gt; {\n    // Configuration in common to both client-side and server-side bundles\n    const isDevBuild = !(env &amp;&amp; env.prod);\n    const sharedConfig = {\n        stats: { modules: false },\n        context: __dirname,\n        resolve: { extensions: [ '.js', '.ts' ] },\n        output: {\n            filename: '[name].js',\n            publicPath: 'dist/' // Webpack dev middleware, if enabled, handles requests for this URL prefix\n        },\n        module: {\n            rules: [\n                { test: /\\.ts$/, use: isDevBuild ? ['awesome-typescript-loader?silent=true', 'angular2-template-loader', 'angular2-router-loader'] : '@ngtools/webpack' },\n                { test: /\\.html$/, use: 'html-loader?minimize=false' },\n                { test: /\\.css$/, use: [ 'to-string-loader', isDevBuild ? 'css-loader' : 'css-loader?minimize' ] },\n                { test: /\\.(png|jpg|jpeg|gif|svg)$/, use: 'url-loader?limit=25000' }\n            ]\n        },\n        plugins: [new CheckerPlugin()]\n    };\n\n    // Configuration for client-side bundle suitable for running in browsers\n    const clientBundleOutputDir = './wwwroot/dist';\n    const clientBundleConfig = merge(sharedConfig, {\n        entry: { 'main-client': './ClientApp/boot.browser.ts' },\n        output: { path: path.join(__dirname, clientBundleOutputDir) },\n        plugins: [\n            new webpack.DllReferencePlugin({\n                context: __dirname,\n                manifest: require('./wwwroot/dist/vendor-manifest.json')\n            })\n        ].concat(isDevBuild ? [\n            // Plugins that apply in development builds only\n            new webpack.SourceMapDevToolPlugin({\n                filename: '[file].map', // Remove this line if you prefer inline source maps\n                moduleFilenameTemplate: path.relative(clientBundleOutputDir, '[resourcePath]') // Point sourcemap entries to the original file locations on disk\n            })\n        ] : [\n            // Plugins that apply in production builds only\n            new webpack.optimize.UglifyJsPlugin(),\n            new AngularCompilerPlugin ({\n                tsConfigPath: './tsconfig.json',\n                entryModule: path.join(__dirname, 'ClientApp/app/app.browser.module#AppModule'),\n                exclude: ['./**/*.server.ts']\n            })\n        ])\n    });\n\n    // Configuration for server-side (prerendering) bundle suitable for running in Node\n    const serverBundleConfig = merge(sharedConfig, {\n        resolve: { mainFields: ['main'] },\n        entry: { 'main-server': './ClientApp/boot.server.ts' },\n        plugins: [\n            new webpack.DllReferencePlugin({\n                context: __dirname,\n                manifest: require('./ClientApp/dist/vendor-manifest.json'),\n                sourceType: 'commonjs2',\n                name: './vendor'\n            })\n        ].concat(isDevBuild ? [] : [\n            // Plugins that apply in production builds only\n            new AngularCompilerPlugin ({\n                tsConfigPath: './tsconfig.json',\n                entryModule: path.join(__dirname, 'ClientApp/app/app.server.module#AppModule'),\n                exclude: ['./**/*.browser.ts']\n            })\n        ]),\n        output: {\n            libraryTarget: 'commonjs',\n            path: path.join(__dirname, './ClientApp/dist')\n        },\n        target: 'node',\n        devtool: 'inline-source-map'\n    });\n\n    return [clientBundleConfig, serverBundleConfig];\n};\n</code></pre>\n\n<p>package.json</p>\n\n<pre><code>{\n  \"name\": \"Web5\",\n  \"private\": true,\n  \"version\": \"0.0.0\",\n  \"scripts\": {\n    \"test\": \"karma start ClientApp/test/karma.conf.js\"\n  },\n  \"devDependencies\": {\n    \"@angular/animations\": \"5.0.5\",\n    \"@angular/common\": \"5.0.5\",\n    \"@angular/compiler\": \"5.0.5\",\n    \"@angular/compiler-cli\": \"5.0.5\",\n    \"@angular/core\": \"5.0.5\",\n    \"@angular/forms\": \"5.0.5\",\n    \"@angular/http\": \"5.0.5\",\n    \"@angular/platform-browser\": \"5.0.5\",\n    \"@angular/platform-browser-dynamic\": \"5.0.5\",\n    \"@angular/platform-server\": \"5.0.5\",\n    \"@angular/router\": \"5.0.5\",\n    \"@ngtools/webpack\": \"1.8.5\",\n    \"@types/chai\": \"4.0.1\",\n    \"@types/jasmine\": \"2.5.53\",\n    \"@types/webpack-env\": \"1.13.0\",\n    \"angular2-router-loader\": \"0.3.5\",\n    \"angular2-template-loader\": \"0.6.2\",\n    \"aspnet-prerendering\": \"^3.0.1\",\n    \"aspnet-webpack\": \"^2.0.1\",\n    \"awesome-typescript-loader\": \"3.2.1\",\n    \"bootstrap\": \"3.3.7\",\n    \"chai\": \"4.0.2\",\n    \"css\": \"2.2.1\",\n    \"css-loader\": \"0.28.4\",\n    \"es6-shim\": \"0.35.3\",\n    \"event-source-polyfill\": \"0.0.9\",\n    \"expose-loader\": \"0.7.3\",\n    \"extract-text-webpack-plugin\": \"2.1.2\",\n    \"file-loader\": \"0.11.2\",\n    \"html-loader\": \"0.4.5\",\n    \"isomorphic-fetch\": \"2.2.1\",\n    \"jasmine-core\": \"2.6.4\",\n    \"jquery\": \"3.2.1\",\n    \"json-loader\": \"0.5.4\",\n    \"karma\": \"1.7.0\",\n    \"karma-chai\": \"0.1.0\",\n    \"karma-chrome-launcher\": \"2.2.0\",\n    \"karma-cli\": \"1.0.1\",\n    \"karma-jasmine\": \"1.1.0\",\n    \"karma-webpack\": \"2.0.3\",\n    \"preboot\": \"4.5.2\",\n    \"raw-loader\": \"0.5.1\",\n    \"reflect-metadata\": \"0.1.10\",\n    \"rxjs\": \"5.5.4\",\n    \"style-loader\": \"0.18.2\",\n    \"to-string-loader\": \"1.1.5\",\n    \"typescript\": \"2.6.2\",\n    \"url-loader\": \"0.5.9\",\n    \"webpack\": \"2.5.1\",\n    \"webpack-hot-middleware\": \"2.18.2\",\n    \"webpack-merge\": \"4.1.0\",\n    \"zone.js\": \"0.8.12\"\n  }\n}\n</code></pre>\n\n<p>As I check while publishing it not taking the updated versions. what would be the reason?</p>\n\n<pre><code>12-07T06:23:03.8757490Z   Web5 -&gt; d:\\a\\1\\s\\web5.dll\n2017-12-07T06:24:43.8922441Z   Web5@0.0.0 d:\\a\\1\\s\\web\\\n2017-12-07T06:24:43.8923186Z   +-- @angular/animations@4.2.5 \n2017-12-07T06:24:43.8923751Z   +-- @angular/common@4.2.5 \n2017-12-07T06:24:43.8925363Z   +-- @angular/compiler@4.2.5 \n2017-12-07T06:24:43.8935332Z   +-- @angular/compiler-cli@4.2.5 \n2017-12-07T06:24:43.8936589Z   | `-- minimist@1.2.0 \n2017-12-07T06:24:43.8936969Z   +-- @angular/core@4.2.5 \n2017-12-07T06:24:43.8937290Z   +-- @angular/forms@4.2.5 \n2017-12-07T06:24:43.8937696Z   +-- @angular/http@4.2.5 \n2017-12-07T06:24:43.8938023Z   +-- @angular/platform-browser@4.2.5 \n2017-12-07T06:24:43.8938348Z   +-- @angular/platform-browser-dynamic@4.2.5 \n2017-12-07T06:24:43.8938687Z   +-- @angular/platform-server@4.2.5 \n2017-12-07T06:24:43.8939007Z   +-- @angular/router@4.2.5 \n2017-12-07T06:24:43.8939341Z   +-- @angular/tsc-wrapped@4.2.5 \n</code></pre>\n"
        },
        {
            "tags": [
                "firebase",
                "google-cloud-firestore",
                "angularfire2"
            ],
            "owner": {
                "reputation": 644,
                "user_id": 4284332,
                "user_type": "registered",
                "accept_rate": 40,
                "profile_image": "https://i.stack.imgur.com/dOYRA.jpg?s=128&g=1",
                "display_name": "Subhan",
                "link": "https://stackoverflow.com/users/4284332/subhan"
            },
            "is_answered": true,
            "view_count": 24,
            "accepted_answer_id": 50362161,
            "answer_count": 1,
            "score": 0,
            "last_activity_date": 1526447037,
            "creation_date": 1526441466,
            "last_edit_date": 1526447037,
            "question_id": 50362082,
            "body_markdown": "I&#39;ve been working with `Google Cloud Firestore`. I&#39;m about to **import `13000+`** records from a `CSV` to the firestore back-end. I&#39;ll be using this collection for **look up** and **auto-completion** purposes. \r\n\r\nI&#39;m curious and concerned to know if this is a good idea. Also, I&#39;m looking for some suggestions on what techniques should I be using to make retrieval of this this data as efficient as possible. I&#39;m working with `Angular 5` and using `AngularFire2` to connect with Firestore.\r\n\r\nThe document itself is really small such as:\r\n\r\n    {\r\n      address: {\r\n        state: &quot;NSW&quot;\r\n        street: &quot;19 XYZ Road&quot;\r\n        suburb: &quot;Darling Point&quot;\r\n      },\r\n      user: {\r\n        name: &quot;ABC&quot;,\r\n        company: &quot;Property Management Company&quot;\r\n      }\r\n      file_no: &quot;AB996&quot;\r\n    }\r\n\r\nMost of the searching would be based on `file_no` property of the document. \r\n\r\n\r\n**Update**\r\n\r\nI just imported all 13k+ records to Firestore. It is really efficient. However, I have one issue. After importing the records, I&#39;m getting the message on my Firestore console that my daily limit for Read Operations is reached *(0.05 of 0.05 Million Ops)*. I just wrote data and displayed those records in a Data Table. I used the following query:\r\n\r\n    this.propertyService\r\n          .getSnapshotChanges()\r\n          .subscribe(properties =&gt; {\r\n            this.properties = properties;\r\n            this.loadingIndicator = false;\r\n          });\r\n\r\n\r\n    getSnapshotChanges(): Observable &lt; any &gt; {\r\n      return this.afs.collection(this.propertiesCollection).snapshotChanges()\r\n        .map((actions) =&gt; {\r\n          return actions.map((snapshot) =&gt; {\r\n            const data = snapshot.payload.doc.data();\r\n            data.id = snapshot.payload.doc.id;\r\n            return data;\r\n          });\r\n        });\r\n    }\r\n\r\nHow dos this makes my reading limit exceed? \r\n\r\n",
            "link": "https://stackoverflow.com/questions/50362082/google-cloud-firestore-documents-limit",
            "title": "Google Cloud Firestore documents limit",
            "body": "<p>I've been working with <code>Google Cloud Firestore</code>. I'm about to <strong>import <code>13000+</code></strong> records from a <code>CSV</code> to the firestore back-end. I'll be using this collection for <strong>look up</strong> and <strong>auto-completion</strong> purposes. </p>\n\n<p>I'm curious and concerned to know if this is a good idea. Also, I'm looking for some suggestions on what techniques should I be using to make retrieval of this this data as efficient as possible. I'm working with <code>Angular 5</code> and using <code>AngularFire2</code> to connect with Firestore.</p>\n\n<p>The document itself is really small such as:</p>\n\n<pre><code>{\n  address: {\n    state: \"NSW\"\n    street: \"19 XYZ Road\"\n    suburb: \"Darling Point\"\n  },\n  user: {\n    name: \"ABC\",\n    company: \"Property Management Company\"\n  }\n  file_no: \"AB996\"\n}\n</code></pre>\n\n<p>Most of the searching would be based on <code>file_no</code> property of the document. </p>\n\n<p><strong>Update</strong></p>\n\n<p>I just imported all 13k+ records to Firestore. It is really efficient. However, I have one issue. After importing the records, I'm getting the message on my Firestore console that my daily limit for Read Operations is reached <em>(0.05 of 0.05 Million Ops)</em>. I just wrote data and displayed those records in a Data Table. I used the following query:</p>\n\n<pre><code>this.propertyService\n      .getSnapshotChanges()\n      .subscribe(properties =&gt; {\n        this.properties = properties;\n        this.loadingIndicator = false;\n      });\n\n\ngetSnapshotChanges(): Observable &lt; any &gt; {\n  return this.afs.collection(this.propertiesCollection).snapshotChanges()\n    .map((actions) =&gt; {\n      return actions.map((snapshot) =&gt; {\n        const data = snapshot.payload.doc.data();\n        data.id = snapshot.payload.doc.id;\n        return data;\n      });\n    });\n}\n</code></pre>\n\n<p>How dos this makes my reading limit exceed? </p>\n"
        },
        {
            "tags": [
                "java",
                "maven"
            ],
            "owner": {
                "reputation": 12998,
                "user_id": 2736496,
                "user_type": "registered",
                "accept_rate": 74,
                "profile_image": "https://i.stack.imgur.com/phxwm.jpg?s=128&g=1",
                "display_name": "aliteralmind",
                "link": "https://stackoverflow.com/users/2736496/aliteralmind"
            },
            "is_answered": true,
            "view_count": 83437,
            "accepted_answer_id": 24831550,
            "answer_count": 12,
            "score": 78,
            "last_activity_date": 1526447018,
            "creation_date": 1405704260,
            "question_id": 24830610,
            "body_markdown": "Why am I getting a &quot;401 Unauthorized&quot; error in Maven?\r\n\r\nHere&#39;s the error I&#39;m getting when calling `mvn deploy` (full logs at the bottom):\r\n\r\n`[INFO] BUILD FAILURE`&lt;br&gt;\r\n`[ERROR] Failed to execute goal org.apache.maven.plugins:maven-deploy-plugin:2.7:deploy (default-deploy) on project xbnjava: Failed to deploy artifacts: Could not transfer artifact com.github.aliteralmind:xbnjava:pom:0.1.2 from/to sonatype-nexus-staging (https://oss.sonatype.org/service/local/staging/deploy/maven2/): Failed to transfer file: https://oss.sonatype.org/service/local/staging/deploy/maven2/com/github/aliteralmind/xbnjava/0.1.2/xbnjava-0.1.2.pom. Return code is: 401, ReasonPhrase: Unauthorized. -&gt; [Help 1]`\r\n\r\nAccording to this [sonatype support page](https://issues.sonatype.org/browse/NEXUS-5073):\r\n\r\n&gt; &quot;If you are receiving a 401 it is because maven is sending the wrong login credentials, or no credentials at all.&quot;\r\n\r\nBelow are the steps I&#39;ve taken, below that are my full `settings.xml` and `pom.xml` files, and below that are the full logs from `mvn deploy` and `mvn deploy -e`.\r\n\r\nAny ideas would be appreciated. I am just hitting wall after wall with Maven.\r\n\r\n---\r\n\r\nI followed [sonatype&#39;s checklist](http://blog.sonatype.com/2010/11/what-to-do-when-nexus-returns-401/) when receiving a 401 error:\r\n\r\n&gt; **Checklist item 1**. *Make sure your username/password is correct by logging into the Nexus UI. If curl is installed on your machine, you can try deploying an artifact with...*\r\n\r\n- I successfully logged in and out of the sonatype.org website, using the user/pass in `settings.xml`.\r\n- I *attempted* to use `curl` to manually deploy an artifact, with the command\r\n\r\n`[C:\\]curl -u MY_SONATYPE_DOT_COM_USERNAME:MY_SONATYPE_DOT_COM_PASSWORD https://oss.sonatype.org/content/repositories/snapshots/com/github/aliteralmind/xbnjava/0.1.2-SNAPSHOT/xbnjava-0.1.2-20140716.224928-1.pom --request PUT --data @pom.xml`\r\n\r\nbut got this error:\r\n\r\n    Warning: Couldn&#39;t read data from file &quot;pom.xml&quot;, this makes an empty POST.\r\n    curl: (60) SSL certificate problem, verify that the CA cert is OK. Details:\r\n    error:14090086:SSL routines:SSL3_GET_SERVER_CERTIFICATE:certificate verify failed\r\n    More details here: http://curl.haxx.se/docs/sslcerts.html\r\n\r\n    curl performs SSL certificate verification by default, using a &quot;bundle&quot;\r\n     of Certificate Authority (CA) public keys (CA certs). If the default\r\n     bundle file isn&#39;t adequate, you can specify an alternate file\r\n     using the --cacert option.\r\n    If this HTTPS server uses a certificate signed by a CA represented in\r\n     the bundle, the certificate verification probably failed due to a\r\n     problem with the certificate (it might be expired, or the name might\r\n     not match the domain name in the URL).\r\n    If you&#39;d like to turn off curl&#39;s verification of the certificate, use\r\n     the -k (or --insecure) option.\r\n\r\nI ran it again with the `-k` option, and this time got only this:\r\n\r\n    Couldn&#39;t read data from file &quot;pom.xml&quot;, this makes an empty POST.\r\n\r\nI&#39;ve never used curl before, so I&#39;m at a loss on what to do with this information.\r\n\r\n&gt; **Checklist item 2**. *If there is no error output, ensure your user privileges are correctly configured on the server.  Make sure to drop the repo you just created.*\r\n\r\nI don&#39;t know what &quot;drop&quot; means. I believe my privileges are properly installed, as I received this message from sonatype:\r\n\r\n - Configuration has been prepared, now you can:\r\n - Deploy snapshot artifacts into repository https://oss.sonatype.org/content/repositories/snapshots\r\n - Deploy release artifacts into the staging repository https://oss.sonatype.org/service/local/staging/deploy/maven2\r\n - Promote staged artifacts into repository &#39;Releases&#39;\r\n - Download snapshot and release artifacts from group https://oss.sonatype.org/content/groups/public\r\n - Download snapshot, release and staged artifacts from staging group https://oss.sonatype.org/content/groups/staging\r\n\r\nand I *have* successfully put [these items](https://oss.sonatype.org/content/repositories/snapshots/com/github/aliteralmind/xbnjava/0.1.2-SNAPSHOT/) onto the server via `mvn deploy` in the past couple days.\r\n\r\nThe project&#39;s settings:\r\n\r\n![project settings][1]\r\n\r\n&gt; **Checklist item 3**. *Make sure you have configured a server in `settings.xml` and that the server id is identical to the distribution repository id in pom.xml.*\r\n\r\n- In `settings.xml`, settings/servers/server/id equals `ossrh`\r\n- In `pom.xml`, distributionManagement/snapshotRepository/id equals `ossrh`\r\n\r\n(full files are at the bottom)\r\n\r\n&gt; **Checklist item 4**. *Make sure your settings.xml is in the correct place (normally its _~/.m2/settings.xml).  You can check this by running mvn help:effective-settings.*\r\n\r\nAccording to Maven&#39;s [settings reference](http://maven.apache.org/settings.html#Quick_Overview), settings.xml must be in one of two locations:\r\n\r\n- The Maven install: `$M2_HOME/conf/settings.xml`\r\n- A users install: `${user.home}/.m2/settings.xml`\r\n\r\nHere&#39;s my setup:\r\n\r\n- `settings.xml`: `C:\\applications\\programming\\apache-maven-3.2.2\\conf\\settings.xml`\r\n- `M2_HOME` is `C:\\applications\\programming\\apache-maven-3.2.2`\r\n\r\nOutput for `mvn help:effective-settings`:\r\n\r\n    [C:\\applications\\utilities\\curl]\r\n    [INFO] Scanning for projects...\r\n    [INFO]\r\n    [INFO] ------------------------------------------------------------------------\r\n    [INFO] Building Maven Stub Project (No POM) 1\r\n    [INFO] ------------------------------------------------------------------------\r\n    [INFO]\r\n    [INFO] --- maven-help-plugin:2.2:effective-settings (default-cli) @ standalone-pom ---\r\n    [INFO]\r\n    Effective user-specific configuration settings:\r\n\r\n    &lt;?xml version=&quot;1.0&quot; encoding=&quot;UTF-8&quot;?&gt;\r\n    &lt;!-- ====================================================================== --&gt;\r\n    &lt;!--                                                                        --&gt;\r\n    &lt;!-- Generated by Maven Help Plugin on 2014-07-18T12:48:19                  --&gt;\r\n    &lt;!-- See: http://maven.apache.org/plugins/maven-help-plugin/                --&gt;\r\n    &lt;!--                                                                        --&gt;\r\n    &lt;!-- ====================================================================== --&gt;\r\n\r\n    &lt;!-- ====================================================================== --&gt;\r\n    &lt;!--                                                                        --&gt;\r\n    &lt;!-- Effective Settings for &#39;jeffy&#39; on &#39;kermit-the-frog&#39;                    --&gt;\r\n    &lt;!--                                                                        --&gt;\r\n    &lt;!-- ====================================================================== --&gt;\r\n\r\n    &lt;settings xmlns=&quot;http://maven.apache.org/POM/4.0.0&quot; xmlns:xsi=&quot;http://www.w3.org/2001/XMLSchema-instance&quot; xsi:sc\r\n    hemaLocation=&quot;http://maven.apache.org/SETTINGS/1.1.0 http://maven.apache.org/xsd/settings-1.1.0.xsd&quot;&gt;\r\n      &lt;localRepository xmlns=&quot;http://maven.apache.org/SETTINGS/1.1.0&quot;&gt;C:\\Users\\jeffy\\.m2\\repository&lt;/localRepository\r\n    &gt;\r\n      &lt;servers xmlns=&quot;http://maven.apache.org/SETTINGS/1.1.0&quot;&gt;\r\n        &lt;server&gt;\r\n          &lt;username&gt;MY_SONATYPE_DOT_COM_USERNAME&lt;/username&gt;\r\n          &lt;password&gt;***&lt;/password&gt;\r\n          &lt;id&gt;ossrh&lt;/id&gt;\r\n        &lt;/server&gt;\r\n      &lt;/servers&gt;\r\n      &lt;pluginGroups xmlns=&quot;http://maven.apache.org/SETTINGS/1.1.0&quot;&gt;\r\n        &lt;pluginGroup&gt;org.apache.maven.plugins&lt;/pluginGroup&gt;\r\n        &lt;pluginGroup&gt;org.codehaus.mojo&lt;/pluginGroup&gt;\r\n      &lt;/pluginGroups&gt;\r\n    &lt;/settings&gt;\r\n\r\n    [INFO] ------------------------------------------------------------------------\r\n    [INFO] BUILD SUCCESS\r\n    [INFO] ------------------------------------------------------------------------\r\n    [INFO] Total time: 2.310 s\r\n    [INFO] Finished at: 2014-07-18T12:48:19-04:00\r\n    [INFO] Final Memory: 7M/17M\r\n    [INFO] ------------------------------------------------------------------------\r\n\r\n&gt; **Checklist item 5**. *If the server is using https but the URL in your POM is http, you might get 401 as well.*\r\n\r\nI don&#39;t understand which url it&#39;s referring to.\r\n\r\n&gt; **Checklist item 6**. *Use the latest version of Maven, as there is a known issue regarding 401: MNG-4469*\r\n\r\nI am using the latest version:\r\n\r\n    [C:\\]mvn -version\r\n    Apache Maven 3.2.2 (45f7c06d68e745d05611f7fd14efb6594181933e; 2014-06-17T09:51:42-04:00)\r\n    Maven home: C:\\applications\\programming\\apache-maven-3.2.2\r\n    Java version: 1.7.0_51, vendor: Oracle Corporation\r\n    Java home: C:\\applications\\programming\\jdk_7_51\\jre\r\n    Default locale: en_US, platform encoding: Cp1252\r\n    OS name: &quot;windows 7&quot;, version: &quot;6.1&quot;, arch: &quot;x86&quot;, family: &quot;windows&quot;\r\n\r\n\r\n------------------\r\n------------------\r\n\r\n##Full `settings.xml` and `pom.xml` files##\r\n\r\n(Full logs for `mvn deploy` and `mvn deploy -e` below)\r\n\r\n\r\n`settings.xml`:\r\n\r\n    &lt;?xml version=&quot;1.0&quot; encoding=&quot;UTF-8&quot;?&gt;\r\n    &lt;settings xmlns=&quot;http://maven.apache.org/SETTINGS/1.0.0&quot;\r\n         xmlns:xsi=&quot;http://www.w3.org/2001/XMLSchema-instance&quot;\r\n         xsi:schemaLocation=&quot;http://maven.apache.org/SETTINGS/1.0.0 http://maven.apache.org/xsd/settings-1.0.0.xsd&quot;&gt;\r\n       &lt;servers&gt;\r\n         &lt;server&gt;\r\n           &lt;id&gt;ossrh&lt;/id&gt;\r\n           &lt;username&gt;MY_SONATYPE_DOT_COM_USERNAME&lt;/username&gt;\r\n           &lt;password&gt;MY_SONATYPE_DOT_COM_PASSWORD&lt;/password&gt;\r\n         &lt;/server&gt;\r\n       &lt;/servers&gt;\r\n\r\n       &lt;pluginGroups&gt;&lt;/pluginGroups&gt;\r\n       &lt;proxies&gt;&lt;/proxies&gt;\r\n       &lt;mirrors&gt;&lt;/mirrors&gt;\r\n       &lt;profiles&gt;&lt;/profiles&gt;\r\n    &lt;/settings&gt;\r\n\r\npom.xml:\r\n\r\n    &lt;project xmlns=&quot;http://maven.apache.org/POM/4.0.0&quot; xmlns:xsi=&quot;http://www.w3.org/2001/XMLSchema-instance&quot; xsi:schemaLocation=&quot;http://maven.apache.org/POM/4.0.0 http://maven.apache.org/maven-v4_0_0.xsd&quot;&gt;\r\n       &lt;modelVersion&gt;4.0.0&lt;/modelVersion&gt;\r\n       &lt;groupId&gt;com.github.aliteralmind&lt;/groupId&gt;\r\n       &lt;artifactId&gt;xbnjava&lt;/artifactId&gt;\r\n       &lt;packaging&gt;pom&lt;/packaging&gt;\r\n       &lt;version&gt;0.1.2&lt;/version&gt;\r\n       &lt;name&gt;XBN-Java&lt;/name&gt;\r\n       &lt;url&gt;https://github.com/aliteralmind/xbnjava&lt;/url&gt;\r\n       &lt;inceptionYear&gt;2014&lt;/inceptionYear&gt;\r\n       &lt;organization&gt;\r\n          &lt;name&gt;Jeff Epstein&lt;/name&gt;\r\n       &lt;/organization&gt;\r\n       &lt;description&gt;XBN-Java is a collection of generically-useful backend (server side, non-GUI) programming utilities, featuring RegexReplacer and FilteredLineIterator. XBN-Java is the foundation of Codelet (http://codelet.aliteralmind.com).&lt;/description&gt;\r\n\r\n       &lt;parent&gt;\r\n          &lt;groupId&gt;org.sonatype.oss&lt;/groupId&gt;\r\n          &lt;artifactId&gt;oss-parent&lt;/artifactId&gt;\r\n          &lt;version&gt;7&lt;/version&gt;\r\n       &lt;/parent&gt;\r\n\r\n       &lt;licenses&gt;\r\n          &lt;license&gt;\r\n             &lt;name&gt;Lesser General Public License (LGPL) version 3.0&lt;/name&gt;\r\n             &lt;url&gt;https://www.gnu.org/licenses/lgpl-3.0.txt&lt;/url&gt;\r\n          &lt;/license&gt;\r\n          &lt;license&gt;\r\n             &lt;name&gt;Apache Software License (ASL) version 2.0&lt;/name&gt;\r\n             &lt;url&gt;http://www.apache.org/licenses/LICENSE-2.0.txt&lt;/url&gt;\r\n          &lt;/license&gt;\r\n       &lt;/licenses&gt;\r\n\r\n       &lt;developers&gt;\r\n          &lt;developer&gt;\r\n             &lt;name&gt;Jeff Epstein&lt;/name&gt;\r\n             &lt;email&gt;aliteralmind-github@yahoo.com&lt;/email&gt;\r\n             &lt;roles&gt;\r\n                &lt;role&gt;Lead Developer&lt;/role&gt;\r\n             &lt;/roles&gt;\r\n          &lt;/developer&gt;\r\n       &lt;/developers&gt;\r\n\r\n       &lt;issueManagement&gt;\r\n          &lt;system&gt;GitHub Issue Tracker&lt;/system&gt;\r\n          &lt;url&gt;https://github.com/aliteralmind/xbnjava/issues&lt;/url&gt;\r\n       &lt;/issueManagement&gt;\r\n\r\n       &lt;distributionManagement&gt;\r\n          &lt;snapshotRepository&gt;\r\n             &lt;id&gt;ossrh&lt;/id&gt;\r\n             &lt;url&gt;https://oss.sonatype.org/content/repositories/snapshots&lt;/url&gt;\r\n          &lt;/snapshotRepository&gt;\r\n       &lt;/distributionManagement&gt;\r\n\r\n       &lt;scm&gt;\r\n          &lt;connection&gt;scm:git:git@github.com:aliteralmind/xbnjava.git&lt;/connection&gt;\r\n          &lt;url&gt;scm:git:git@github.com:aliteralmind/xbnjava.git&lt;/url&gt;\r\n          &lt;developerConnection&gt;scm:git:git@github.com:aliteralmind/xbnjava.git&lt;/developerConnection&gt;\r\n       &lt;/scm&gt;\r\n\r\n       &lt;properties&gt;\r\n          &lt;java.version&gt;1.7&lt;/java.version&gt;\r\n          &lt;jarprefix&gt;R:\\jeffy\\programming\\build\\/${project.artifactId}-${project.version}/download/${project.artifactId}-${project.version}&lt;/jarprefix&gt;\r\n       &lt;/properties&gt;\r\n    &lt;!--\r\n      &lt;profiles&gt;\r\n        &lt;profile&gt;\r\n          &lt;id&gt;default-tools.jar&lt;/id&gt;\r\n          &lt;activation&gt;\r\n            &lt;property&gt;\r\n              &lt;name&gt;java.vendor&lt;/name&gt;\r\n              &lt;value&gt;Sun Microsystems Inc.&lt;/value&gt;\r\n            &lt;/property&gt;\r\n          &lt;/activation&gt;\r\n          &lt;dependencies&gt;\r\n            &lt;dependency&gt;\r\n              &lt;groupId&gt;com.sun&lt;/groupId&gt;\r\n              &lt;artifactId&gt;tools&lt;/artifactId&gt;\r\n              &lt;version&gt;1.4.2&lt;/version&gt;\r\n              &lt;scope&gt;system&lt;/scope&gt;\r\n              &lt;systemPath&gt;${java.home}/../lib/tools.jar&lt;/systemPath&gt;\r\n            &lt;/dependency&gt;\r\n          &lt;/dependencies&gt;\r\n        &lt;/profile&gt;\r\n      &lt;/profiles&gt;\r\n     --&gt;\r\n       &lt;build&gt;\r\n          &lt;plugins&gt;\r\n             &lt;plugin&gt;\r\n                &lt;groupId&gt;org.codehaus.mojo&lt;/groupId&gt;\r\n                &lt;artifactId&gt;build-helper-maven-plugin&lt;/artifactId&gt;\r\n                &lt;version&gt;1.8&lt;/version&gt;\r\n                &lt;executions&gt;\r\n                   &lt;execution&gt;\r\n                      &lt;id&gt;attach-artifacts&lt;/id&gt;\r\n                      &lt;phase&gt;package&lt;/phase&gt;\r\n                      &lt;goals&gt;\r\n                         &lt;goal&gt;attach-artifact&lt;/goal&gt;\r\n                      &lt;/goals&gt;\r\n                      &lt;configuration&gt;\r\n                         &lt;artifacts&gt;\r\n                            &lt;artifact&gt;\r\n                               &lt;file&gt;${jarprefix}-all.jar&lt;/file&gt;\r\n                               &lt;type&gt;jar&lt;/type&gt;\r\n                            &lt;/artifact&gt;\r\n                         &lt;/artifacts&gt;\r\n                      &lt;/configuration&gt;\r\n                   &lt;/execution&gt;\r\n                &lt;/executions&gt;\r\n             &lt;/plugin&gt;\r\n          &lt;/plugins&gt;\r\n       &lt;/build&gt;\r\n\r\n       &lt;profiles&gt;\r\n          &lt;!--\r\n          This profile will sign the JAR file, sources file, and javadocs file using the GPG key on the local machine.\r\n          See: https://docs.sonatype.org/display/Repository/How+To+Generate+PGP+Signatures+With+Maven\r\n          --&gt;\r\n          &lt;profile&gt;\r\n             &lt;id&gt;release-sign-artifacts&lt;/id&gt;\r\n             &lt;activation&gt;\r\n                &lt;property&gt;\r\n                   &lt;name&gt;release&lt;/name&gt;\r\n                   &lt;value&gt;true&lt;/value&gt;\r\n                &lt;/property&gt;\r\n             &lt;/activation&gt;\r\n          &lt;/profile&gt;\r\n       &lt;/profiles&gt;\r\n    &lt;/project&gt;\r\n\r\n------------------\r\n------------------\r\n\r\n\r\n##Full logs for `mvn deploy` and `mvn deploy -e`##\r\n\r\n\r\n`mvn deploy` output:\r\n\r\n    [INFO] Scanning for projects...\r\n    [INFO] ------------------------------------------------------------------------\r\n    [INFO] Building XBN-Java 0.1.2\r\n    [INFO] ------------------------------------------------------------------------\r\n    [INFO] --- maven-enforcer-plugin:1.0:enforce (enforce-maven) @ xbnjava ---\r\n    [INFO] --- build-helper-maven-plugin:1.8:attach-artifact (attach-artifacts) @ xbnjava ---\r\n    [INFO] --- maven-install-plugin:2.4:install (default-install) @ xbnjava ---\r\n    [INFO] Installing R:\\jeffy\\programming\\sandbox\\z__for_git_commit_only\\xbnjava\\pom.xml to C:\\Users\\jeffy\\.m2\\repository\\com\\github\\aliteralmind\\xbnjava\\0.1.2\\xbnjava-0.1.2.pom\r\n    [INFO] Installing R:\\jeffy\\programming\\build\\xbnjava-0.1.2\\download\\xbnjava-0.1.2-all.jar to C:\\Users\\jeffy\\.m2\\repository\\com\\github\\aliteralmind\\xbnjava\\0.1.2\\xbnjava-0.1.2.jar\r\n    [INFO] --- maven-deploy-plugin:2.7:deploy (default-deploy) @ xbnjava ---\r\n    Uploading: https://oss.sonatype.org/service/local/staging/deploy/maven2/com/github/aliteralmind/xbnjava/0.1.2/xbnjava-0.1.2.pom\r\n    2/6 KB\r\n    4/6 KB\r\n    6/6 KB\r\n\r\n(Failure section:)\r\n\r\n    [INFO] ------------------------------------------------------------------------\r\n    [INFO] BUILD FAILURE\r\n    [INFO] ------------------------------------------------------------------------\r\n    [INFO] Total time: 3.204 s\r\n    [INFO] Finished at: 2014-07-18T11:25:17-04:00\r\n    [INFO] Final Memory: 7M/17M\r\n    [INFO] ------------------------------------------------------------------------\r\n    [ERROR] Failed to execute goal org.apache.maven.plugins:maven-deploy-plugin:2.7:deploy (default-deploy) on project xbnjava: Failed to deploy artifacts: Could not transfer artifact com.github.aliteralmind:xbnjava:pom:0.1.2 from/to sonatype-nexus-staging (https://oss.sonatype.org/service/local/staging/deploy/maven2/): Failed to transfer file: https://oss.sonatype.org/service/local/staging/deploy/maven2/com/github/aliteralmind/xbnjava/0.1.2/xbnjava-0.1.2.pom. Return code is: 401, ReasonPhrase: Unauthorized. -&gt; [Help 1]\r\n    [ERROR]\r\n    [ERROR] To see the full stack trace of the errors, re-run Maven with the -e switch.\r\n    [ERROR] Re-run Maven using the -X switch to enable full debug logging.\r\n    [ERROR]\r\n    [ERROR] For more information about the errors and possible solutions, please read the following articles:\r\n    [ERROR] [Help 1] http://cwiki.apache.org/confluence/display/MAVEN/MojoExecutionException\r\n\r\n`mvn deploy -e` output:\r\n\r\n    [INFO] Error stacktraces are turned on.\r\n    [INFO] Scanning for projects...\r\n    [INFO] ------------------------------------------------------------------------\r\n    [INFO] Building XBN-Java 0.1.2\r\n    [INFO] ------------------------------------------------------------------------\r\n    [INFO] --- maven-enforcer-plugin:1.0:enforce (enforce-maven) @ xbnjava ---\r\n    [INFO] --- build-helper-maven-plugin:1.8:attach-artifact (attach-artifacts) @ xbnjava ---\r\n    [INFO] --- maven-install-plugin:2.4:install (default-install) @ xbnjava ---\r\n    [INFO] Installing R:\\jeffy\\programming\\sandbox\\z__for_git_commit_only\\xbnjava\\pom.xml to C:\\Users\\jeffy\\.m2\\repository\\com\\github\\aliteralmind\\xbnjava\\0.1.2\\xbnjava-0.1.2.pom\r\n    [INFO] Installing R:\\jeffy\\programming\\build\\xbnjava-0.1.2\\download\\xbnjava-0.1.2-all.jar to C:\\Users\\jeffy\\.m2\\repository\\com\\github\\aliteralmind\\xbnjava\\0.1.2\\xbnjava-0.1.2.jar\r\n    [INFO] --- maven-deploy-plugin:2.7:deploy (default-deploy) @ xbnjava ---\r\n    Uploading: https://oss.sonatype.org/service/local/staging/deploy/maven2/com/github/aliteralmind/xbnjava/0.1.2/xbnjava-0.1.2.pom\r\n    2/6 KB\r\n    4/6 KB\r\n    6/6 KB\r\n\r\n(Failure section:)\r\n\r\n    [INFO] ------------------------------------------------------------------------\r\n    [INFO] BUILD FAILURE\r\n    [INFO] ------------------------------------------------------------------------\r\n    [INFO] Total time: 3.492 s\r\n    [INFO] Finished at: 2014-07-18T11:25:37-04:00\r\n    [INFO] Final Memory: 7M/17M\r\n    [INFO] ------------------------------------------------------------------------\r\n    [ERROR] Failed to execute goal org.apache.maven.plugins:maven-deploy-plugin:2.7:deploy (default-deploy) on project xbnjava: Failed to deploy artifacts: Could not transfer artifact com.github.aliteralmind:xbnjava:pom:0.1.2 from/to sonatype-nexus-staging (https://oss.sonatype.org/service/local/staging/deploy/maven2/): Failed to transfer file: https://oss.sonatype.org/service/local/staging/deploy/maven2/com/github/aliteralmind/xbnjava/0.1.2/xbnjava-0.1.2.pom. Return code is: 401, ReasonPhrase: Unauthorized. -&gt; [Help 1]\r\n    org.apache.maven.lifecycle.LifecycleExecutionException: Failed to execute goal org.apache.maven.plugins:maven-deploy-plugin:2.7:deploy (default-deploy) on project xbnjava: Failed to deploy artifacts: Could not transfer artifact com.github.aliteralmind:xbnjava:pom:0.1.2 from/to sonatype-nexus-staging (https://oss.sonatype.org/service/local/staging/deploy/maven2/): Failed to transfer file: https://oss.sonatype.org/service/local/staging/deploy/maven2/com/github/aliteralmind/xbnjava/0.1.2/xbnjava-0.1.2.pom. Return code is: 401, ReasonPhrase: Unauthorized.\r\n       at org.apache.maven.lifecycle.internal.MojoExecutor.execute(MojoExecutor.java:216)\r\n       at org.apache.maven.lifecycle.internal.MojoExecutor.execute(MojoExecutor.java:153)\r\n       at org.apache.maven.lifecycle.internal.MojoExecutor.execute(MojoExecutor.java:145)\r\n       at org.apache.maven.lifecycle.internal.LifecycleModuleBuilder.buildProject(LifecycleModuleBuilder.java:116)\r\n       at org.apache.maven.lifecycle.internal.LifecycleModuleBuilder.buildProject(LifecycleModuleBuilder.java:80)\r\n       at org.apache.maven.lifecycle.internal.builder.singlethreaded.SingleThreadedBuilder.build(SingleThreadedBuilder.java:51)\r\n       at org.apache.maven.lifecycle.internal.LifecycleStarter.execute(LifecycleStarter.java:120)\r\n       at org.apache.maven.DefaultMaven.doExecute(DefaultMaven.java:347)\r\n       at org.apache.maven.DefaultMaven.execute(DefaultMaven.java:154)\r\n       at org.apache.maven.cli.MavenCli.execute(MavenCli.java:584)\r\n       at org.apache.maven.cli.MavenCli.doMain(MavenCli.java:213)\r\n       at org.apache.maven.cli.MavenCli.main(MavenCli.java:157)\r\n       at sun.reflect.NativeMethodAccessorImpl.invoke0(Native Method)\r\n       at sun.reflect.NativeMethodAccessorImpl.invoke(NativeMethodAccessorImpl.java:57)\r\n       at sun.reflect.DelegatingMethodAccessorImpl.invoke(DelegatingMethodAccessorImpl.java:43)\r\n       at java.lang.reflect.Method.invoke(Method.java:606)\r\n       at org.codehaus.plexus.classworlds.launcher.Launcher.launchEnhanced(Launcher.java:289)\r\n       at org.codehaus.plexus.classworlds.launcher.Launcher.launch(Launcher.java:229)\r\n       at org.codehaus.plexus.classworlds.launcher.Launcher.mainWithExitCode(Launcher.java:415)\r\n       at org.codehaus.plexus.classworlds.launcher.Launcher.main(Launcher.java:356)\r\n    Caused by: org.apache.maven.plugin.MojoExecutionException: Failed to deploy artifacts: Could not transfer artifact com.github.aliteralmind:xbnjava:pom:0.1.2 from/to sonatype-nexus-staging (https://oss.sonatype.org/service/local/staging/deploy/maven2/): Failed to transfer file: https://oss.sonatype.org/service/local/staging/deploy/maven2/com/github/aliteralmind/xbnjava/0.1.2/xbnjava-0.1.2.pom. Return code is: 401, ReasonPhrase: Unauthorized.\r\n       at org.apache.maven.plugin.deploy.DeployMojo.execute(DeployMojo.java:193)\r\n       at org.apache.maven.plugin.DefaultBuildPluginManager.executeMojo(DefaultBuildPluginManager.java:132)\r\n       at org.apache.maven.lifecycle.internal.MojoExecutor.execute(MojoExecutor.java:208)\r\n       ... 19 more\r\n    Caused by: org.apache.maven.artifact.deployer.ArtifactDeploymentException: Failed to deploy artifacts: Could not transfer artifact com.github.aliteralmind:xbnjava:pom:0.1.2 from/to sonatype-nexus-staging (https://oss.sonatype.org/service/local/staging/deploy/maven2/): Failed to transfer file: https://oss.sonatype.org/service/local/staging/deploy/maven2/com/github/aliteralmind/xbnjava/0.1.2/xbnjava-0.1.2.pom. Return code is: 401, ReasonPhrase: Unauthorized.\r\n       at org.apache.maven.artifact.deployer.DefaultArtifactDeployer.deploy(DefaultArtifactDeployer.java:143)\r\n       at org.apache.maven.plugin.deploy.AbstractDeployMojo.deploy(AbstractDeployMojo.java:167)\r\n       at org.apache.maven.plugin.deploy.DeployMojo.execute(DeployMojo.java:149)\r\n       ... 21 more\r\n    Caused by: org.eclipse.aether.deployment.DeploymentException: Failed to deploy artifacts: Could not transfer artifact com.github.aliteralmind:xbnjava:pom:0.1.2 from/to sonatype-nexus-staging (https://oss.sonatype.org/service/local/staging/deploy/maven2/): Failed to transfer file: https://oss.sonatype.org/service/local/staging/deploy/maven2/com/github/aliteralmind/xbnjava/0.1.2/xbnjava-0.1.2.pom. Return code is: 401, ReasonPhrase: Unauthorized.\r\n       at org.eclipse.aether.internal.impl.DefaultDeployer.deploy(DefaultDeployer.java:337)\r\n       at org.eclipse.aether.internal.impl.DefaultDeployer.deploy(DefaultDeployer.java:268)\r\n       at org.eclipse.aether.internal.impl.DefaultRepositorySystem.deploy(DefaultRepositorySystem.java:413)\r\n       at org.apache.maven.artifact.deployer.DefaultArtifactDeployer.deploy(DefaultArtifactDeployer.java:139)\r\n       ... 23 more\r\n    Caused by: org.eclipse.aether.transfer.ArtifactTransferException: Could not transfer artifact com.github.aliteralmind:xbnjava:pom:0.1.2 from/to sonatype-nexus-staging (https://oss.sonatype.org/service/local/staging/deploy/maven2/): Failed to transfer file: https://oss.sonatype.org/service/local/staging/deploy/maven2/com/github/aliteralmind/xbnjava/0.1.2/xbnjava-0.1.2.pom. Return code is: 401, ReasonPhrase: Unauthorized.\r\n       at org.eclipse.aether.connector.wagon.WagonRepositoryConnector$6.wrap(WagonRepositoryConnector.java:1016)\r\n       at org.eclipse.aether.connector.wagon.WagonRepositoryConnector$6.wrap(WagonRepositoryConnector.java:1004)\r\n       at org.eclipse.aether.connector.wagon.WagonRepositoryConnector$PutTask.run(WagonRepositoryConnector.java:895)\r\n       at org.eclipse.aether.connector.wagon.WagonRepositoryConnector.put(WagonRepositoryConnector.java:522)\r\n       at org.eclipse.aether.internal.impl.DefaultDeployer.deploy(DefaultDeployer.java:331)\r\n       ... 26 more\r\n    Caused by: org.apache.maven.wagon.TransferFailedException: Failed to transfer file: https://oss.sonatype.org/service/local/staging/deploy/maven2/com/github/aliteralmind/xbnjava/0.1.2/xbnjava-0.1.2.pom. Return code is: 401, ReasonPhrase: Unauthorized.\r\n       at org.apache.maven.wagon.providers.http.AbstractHttpClientWagon.put(AbstractHttpClientWagon.java:573)\r\n       at org.apache.maven.wagon.providers.http.AbstractHttpClientWagon.put(AbstractHttpClientWagon.java:493)\r\n       at org.apache.maven.wagon.providers.http.AbstractHttpClientWagon.put(AbstractHttpClientWagon.java:474)\r\n       at org.apache.maven.wagon.providers.http.AbstractHttpClientWagon.put(AbstractHttpClientWagon.java:454)\r\n       at org.eclipse.aether.connector.wagon.WagonRepositoryConnector$PutTask.run(WagonRepositoryConnector.java:871)\r\n       ... 28 more\r\n    [ERROR]\r\n    [ERROR] Re-run Maven using the -X switch to enable full debug logging.\r\n    [ERROR]\r\n    [ERROR] For more information about the errors and possible solutions, please read the following articles:\r\n    [ERROR] [Help 1] http://cwiki.apache.org/confluence/display/MAVEN/MojoExecutionException\r\n\r\n\r\n  [1]: http://i.stack.imgur.com/O4Gz7.jpg",
            "link": "https://stackoverflow.com/questions/24830610/why-am-i-getting-a-401-unauthorized-error-in-maven",
            "title": "Why am I getting a &quot;401 Unauthorized&quot; error in Maven?",
            "body": "<p>Why am I getting a \"401 Unauthorized\" error in Maven?</p>\n\n<p>Here's the error I'm getting when calling <code>mvn deploy</code> (full logs at the bottom):</p>\n\n<p><code>[INFO] BUILD FAILURE</code><br>\n<code>[ERROR] Failed to execute goal org.apache.maven.plugins:maven-deploy-plugin:2.7:deploy (default-deploy) on project xbnjava: Failed to deploy artifacts: Could not transfer artifact com.github.aliteralmind:xbnjava:pom:0.1.2 from/to sonatype-nexus-staging (https://oss.sonatype.org/service/local/staging/deploy/maven2/): Failed to transfer file: https://oss.sonatype.org/service/local/staging/deploy/maven2/com/github/aliteralmind/xbnjava/0.1.2/xbnjava-0.1.2.pom. Return code is: 401, ReasonPhrase: Unauthorized. -&gt; [Help 1]</code></p>\n\n<p>According to this <a href=\"https://issues.sonatype.org/browse/NEXUS-5073\">sonatype support page</a>:</p>\n\n<blockquote>\n  <p>\"If you are receiving a 401 it is because maven is sending the wrong login credentials, or no credentials at all.\"</p>\n</blockquote>\n\n<p>Below are the steps I've taken, below that are my full <code>settings.xml</code> and <code>pom.xml</code> files, and below that are the full logs from <code>mvn deploy</code> and <code>mvn deploy -e</code>.</p>\n\n<p>Any ideas would be appreciated. I am just hitting wall after wall with Maven.</p>\n\n<hr>\n\n<p>I followed <a href=\"http://blog.sonatype.com/2010/11/what-to-do-when-nexus-returns-401/\">sonatype's checklist</a> when receiving a 401 error:</p>\n\n<blockquote>\n  <p><strong>Checklist item 1</strong>. <em>Make sure your username/password is correct by logging into the Nexus UI. If curl is installed on your machine, you can try deploying an artifact with...</em></p>\n</blockquote>\n\n<ul>\n<li>I successfully logged in and out of the sonatype.org website, using the user/pass in <code>settings.xml</code>.</li>\n<li>I <em>attempted</em> to use <code>curl</code> to manually deploy an artifact, with the command</li>\n</ul>\n\n<p><code>[C:\\]curl -u MY_SONATYPE_DOT_COM_USERNAME:MY_SONATYPE_DOT_COM_PASSWORD https://oss.sonatype.org/content/repositories/snapshots/com/github/aliteralmind/xbnjava/0.1.2-SNAPSHOT/xbnjava-0.1.2-20140716.224928-1.pom --request PUT --data @pom.xml</code></p>\n\n<p>but got this error:</p>\n\n<pre><code>Warning: Couldn't read data from file \"pom.xml\", this makes an empty POST.\ncurl: (60) SSL certificate problem, verify that the CA cert is OK. Details:\nerror:14090086:SSL routines:SSL3_GET_SERVER_CERTIFICATE:certificate verify failed\nMore details here: http://curl.haxx.se/docs/sslcerts.html\n\ncurl performs SSL certificate verification by default, using a \"bundle\"\n of Certificate Authority (CA) public keys (CA certs). If the default\n bundle file isn't adequate, you can specify an alternate file\n using the --cacert option.\nIf this HTTPS server uses a certificate signed by a CA represented in\n the bundle, the certificate verification probably failed due to a\n problem with the certificate (it might be expired, or the name might\n not match the domain name in the URL).\nIf you'd like to turn off curl's verification of the certificate, use\n the -k (or --insecure) option.\n</code></pre>\n\n<p>I ran it again with the <code>-k</code> option, and this time got only this:</p>\n\n<pre><code>Couldn't read data from file \"pom.xml\", this makes an empty POST.\n</code></pre>\n\n<p>I've never used curl before, so I'm at a loss on what to do with this information.</p>\n\n<blockquote>\n  <p><strong>Checklist item 2</strong>. <em>If there is no error output, ensure your user privileges are correctly configured on the server.  Make sure to drop the repo you just created.</em></p>\n</blockquote>\n\n<p>I don't know what \"drop\" means. I believe my privileges are properly installed, as I received this message from sonatype:</p>\n\n<ul>\n<li>Configuration has been prepared, now you can:</li>\n<li>Deploy snapshot artifacts into repository <a href=\"https://oss.sonatype.org/content/repositories/snapshots\">https://oss.sonatype.org/content/repositories/snapshots</a></li>\n<li>Deploy release artifacts into the staging repository <a href=\"https://oss.sonatype.org/service/local/staging/deploy/maven2\">https://oss.sonatype.org/service/local/staging/deploy/maven2</a></li>\n<li>Promote staged artifacts into repository 'Releases'</li>\n<li>Download snapshot and release artifacts from group <a href=\"https://oss.sonatype.org/content/groups/public\">https://oss.sonatype.org/content/groups/public</a></li>\n<li>Download snapshot, release and staged artifacts from staging group <a href=\"https://oss.sonatype.org/content/groups/staging\">https://oss.sonatype.org/content/groups/staging</a></li>\n</ul>\n\n<p>and I <em>have</em> successfully put <a href=\"https://oss.sonatype.org/content/repositories/snapshots/com/github/aliteralmind/xbnjava/0.1.2-SNAPSHOT/\">these items</a> onto the server via <code>mvn deploy</code> in the past couple days.</p>\n\n<p>The project's settings:</p>\n\n<p><img src=\"https://i.stack.imgur.com/O4Gz7.jpg\" alt=\"project settings\"></p>\n\n<blockquote>\n  <p><strong>Checklist item 3</strong>. <em>Make sure you have configured a server in <code>settings.xml</code> and that the server id is identical to the distribution repository id in pom.xml.</em></p>\n</blockquote>\n\n<ul>\n<li>In <code>settings.xml</code>, settings/servers/server/id equals <code>ossrh</code></li>\n<li>In <code>pom.xml</code>, distributionManagement/snapshotRepository/id equals <code>ossrh</code></li>\n</ul>\n\n<p>(full files are at the bottom)</p>\n\n<blockquote>\n  <p><strong>Checklist item 4</strong>. <em>Make sure your settings.xml is in the correct place (normally its _~/.m2/settings.xml).  You can check this by running mvn help:effective-settings.</em></p>\n</blockquote>\n\n<p>According to Maven's <a href=\"http://maven.apache.org/settings.html#Quick_Overview\">settings reference</a>, settings.xml must be in one of two locations:</p>\n\n<ul>\n<li>The Maven install: <code>$M2_HOME/conf/settings.xml</code></li>\n<li>A users install: <code>${user.home}/.m2/settings.xml</code></li>\n</ul>\n\n<p>Here's my setup:</p>\n\n<ul>\n<li><code>settings.xml</code>: <code>C:\\applications\\programming\\apache-maven-3.2.2\\conf\\settings.xml</code></li>\n<li><code>M2_HOME</code> is <code>C:\\applications\\programming\\apache-maven-3.2.2</code></li>\n</ul>\n\n<p>Output for <code>mvn help:effective-settings</code>:</p>\n\n<pre><code>[C:\\applications\\utilities\\curl]\n[INFO] Scanning for projects...\n[INFO]\n[INFO] ------------------------------------------------------------------------\n[INFO] Building Maven Stub Project (No POM) 1\n[INFO] ------------------------------------------------------------------------\n[INFO]\n[INFO] --- maven-help-plugin:2.2:effective-settings (default-cli) @ standalone-pom ---\n[INFO]\nEffective user-specific configuration settings:\n\n&lt;?xml version=\"1.0\" encoding=\"UTF-8\"?&gt;\n&lt;!-- ====================================================================== --&gt;\n&lt;!--                                                                        --&gt;\n&lt;!-- Generated by Maven Help Plugin on 2014-07-18T12:48:19                  --&gt;\n&lt;!-- See: http://maven.apache.org/plugins/maven-help-plugin/                --&gt;\n&lt;!--                                                                        --&gt;\n&lt;!-- ====================================================================== --&gt;\n\n&lt;!-- ====================================================================== --&gt;\n&lt;!--                                                                        --&gt;\n&lt;!-- Effective Settings for 'jeffy' on 'kermit-the-frog'                    --&gt;\n&lt;!--                                                                        --&gt;\n&lt;!-- ====================================================================== --&gt;\n\n&lt;settings xmlns=\"http://maven.apache.org/POM/4.0.0\" xmlns:xsi=\"http://www.w3.org/2001/XMLSchema-instance\" xsi:sc\nhemaLocation=\"http://maven.apache.org/SETTINGS/1.1.0 http://maven.apache.org/xsd/settings-1.1.0.xsd\"&gt;\n  &lt;localRepository xmlns=\"http://maven.apache.org/SETTINGS/1.1.0\"&gt;C:\\Users\\jeffy\\.m2\\repository&lt;/localRepository\n&gt;\n  &lt;servers xmlns=\"http://maven.apache.org/SETTINGS/1.1.0\"&gt;\n    &lt;server&gt;\n      &lt;username&gt;MY_SONATYPE_DOT_COM_USERNAME&lt;/username&gt;\n      &lt;password&gt;***&lt;/password&gt;\n      &lt;id&gt;ossrh&lt;/id&gt;\n    &lt;/server&gt;\n  &lt;/servers&gt;\n  &lt;pluginGroups xmlns=\"http://maven.apache.org/SETTINGS/1.1.0\"&gt;\n    &lt;pluginGroup&gt;org.apache.maven.plugins&lt;/pluginGroup&gt;\n    &lt;pluginGroup&gt;org.codehaus.mojo&lt;/pluginGroup&gt;\n  &lt;/pluginGroups&gt;\n&lt;/settings&gt;\n\n[INFO] ------------------------------------------------------------------------\n[INFO] BUILD SUCCESS\n[INFO] ------------------------------------------------------------------------\n[INFO] Total time: 2.310 s\n[INFO] Finished at: 2014-07-18T12:48:19-04:00\n[INFO] Final Memory: 7M/17M\n[INFO] ------------------------------------------------------------------------\n</code></pre>\n\n<blockquote>\n  <p><strong>Checklist item 5</strong>. <em>If the server is using https but the URL in your POM is http, you might get 401 as well.</em></p>\n</blockquote>\n\n<p>I don't understand which url it's referring to.</p>\n\n<blockquote>\n  <p><strong>Checklist item 6</strong>. <em>Use the latest version of Maven, as there is a known issue regarding 401: MNG-4469</em></p>\n</blockquote>\n\n<p>I am using the latest version:</p>\n\n<pre><code>[C:\\]mvn -version\nApache Maven 3.2.2 (45f7c06d68e745d05611f7fd14efb6594181933e; 2014-06-17T09:51:42-04:00)\nMaven home: C:\\applications\\programming\\apache-maven-3.2.2\nJava version: 1.7.0_51, vendor: Oracle Corporation\nJava home: C:\\applications\\programming\\jdk_7_51\\jre\nDefault locale: en_US, platform encoding: Cp1252\nOS name: \"windows 7\", version: \"6.1\", arch: \"x86\", family: \"windows\"\n</code></pre>\n\n<h2>------------------</h2>\n\n<h2>Full <code>settings.xml</code> and <code>pom.xml</code> files</h2>\n\n<p>(Full logs for <code>mvn deploy</code> and <code>mvn deploy -e</code> below)</p>\n\n<p><code>settings.xml</code>:</p>\n\n<pre><code>&lt;?xml version=\"1.0\" encoding=\"UTF-8\"?&gt;\n&lt;settings xmlns=\"http://maven.apache.org/SETTINGS/1.0.0\"\n     xmlns:xsi=\"http://www.w3.org/2001/XMLSchema-instance\"\n     xsi:schemaLocation=\"http://maven.apache.org/SETTINGS/1.0.0 http://maven.apache.org/xsd/settings-1.0.0.xsd\"&gt;\n   &lt;servers&gt;\n     &lt;server&gt;\n       &lt;id&gt;ossrh&lt;/id&gt;\n       &lt;username&gt;MY_SONATYPE_DOT_COM_USERNAME&lt;/username&gt;\n       &lt;password&gt;MY_SONATYPE_DOT_COM_PASSWORD&lt;/password&gt;\n     &lt;/server&gt;\n   &lt;/servers&gt;\n\n   &lt;pluginGroups&gt;&lt;/pluginGroups&gt;\n   &lt;proxies&gt;&lt;/proxies&gt;\n   &lt;mirrors&gt;&lt;/mirrors&gt;\n   &lt;profiles&gt;&lt;/profiles&gt;\n&lt;/settings&gt;\n</code></pre>\n\n<p>pom.xml:</p>\n\n<pre><code>&lt;project xmlns=\"http://maven.apache.org/POM/4.0.0\" xmlns:xsi=\"http://www.w3.org/2001/XMLSchema-instance\" xsi:schemaLocation=\"http://maven.apache.org/POM/4.0.0 http://maven.apache.org/maven-v4_0_0.xsd\"&gt;\n   &lt;modelVersion&gt;4.0.0&lt;/modelVersion&gt;\n   &lt;groupId&gt;com.github.aliteralmind&lt;/groupId&gt;\n   &lt;artifactId&gt;xbnjava&lt;/artifactId&gt;\n   &lt;packaging&gt;pom&lt;/packaging&gt;\n   &lt;version&gt;0.1.2&lt;/version&gt;\n   &lt;name&gt;XBN-Java&lt;/name&gt;\n   &lt;url&gt;https://github.com/aliteralmind/xbnjava&lt;/url&gt;\n   &lt;inceptionYear&gt;2014&lt;/inceptionYear&gt;\n   &lt;organization&gt;\n      &lt;name&gt;Jeff Epstein&lt;/name&gt;\n   &lt;/organization&gt;\n   &lt;description&gt;XBN-Java is a collection of generically-useful backend (server side, non-GUI) programming utilities, featuring RegexReplacer and FilteredLineIterator. XBN-Java is the foundation of Codelet (http://codelet.aliteralmind.com).&lt;/description&gt;\n\n   &lt;parent&gt;\n      &lt;groupId&gt;org.sonatype.oss&lt;/groupId&gt;\n      &lt;artifactId&gt;oss-parent&lt;/artifactId&gt;\n      &lt;version&gt;7&lt;/version&gt;\n   &lt;/parent&gt;\n\n   &lt;licenses&gt;\n      &lt;license&gt;\n         &lt;name&gt;Lesser General Public License (LGPL) version 3.0&lt;/name&gt;\n         &lt;url&gt;https://www.gnu.org/licenses/lgpl-3.0.txt&lt;/url&gt;\n      &lt;/license&gt;\n      &lt;license&gt;\n         &lt;name&gt;Apache Software License (ASL) version 2.0&lt;/name&gt;\n         &lt;url&gt;http://www.apache.org/licenses/LICENSE-2.0.txt&lt;/url&gt;\n      &lt;/license&gt;\n   &lt;/licenses&gt;\n\n   &lt;developers&gt;\n      &lt;developer&gt;\n         &lt;name&gt;Jeff Epstein&lt;/name&gt;\n         &lt;email&gt;aliteralmind-github@yahoo.com&lt;/email&gt;\n         &lt;roles&gt;\n            &lt;role&gt;Lead Developer&lt;/role&gt;\n         &lt;/roles&gt;\n      &lt;/developer&gt;\n   &lt;/developers&gt;\n\n   &lt;issueManagement&gt;\n      &lt;system&gt;GitHub Issue Tracker&lt;/system&gt;\n      &lt;url&gt;https://github.com/aliteralmind/xbnjava/issues&lt;/url&gt;\n   &lt;/issueManagement&gt;\n\n   &lt;distributionManagement&gt;\n      &lt;snapshotRepository&gt;\n         &lt;id&gt;ossrh&lt;/id&gt;\n         &lt;url&gt;https://oss.sonatype.org/content/repositories/snapshots&lt;/url&gt;\n      &lt;/snapshotRepository&gt;\n   &lt;/distributionManagement&gt;\n\n   &lt;scm&gt;\n      &lt;connection&gt;scm:git:git@github.com:aliteralmind/xbnjava.git&lt;/connection&gt;\n      &lt;url&gt;scm:git:git@github.com:aliteralmind/xbnjava.git&lt;/url&gt;\n      &lt;developerConnection&gt;scm:git:git@github.com:aliteralmind/xbnjava.git&lt;/developerConnection&gt;\n   &lt;/scm&gt;\n\n   &lt;properties&gt;\n      &lt;java.version&gt;1.7&lt;/java.version&gt;\n      &lt;jarprefix&gt;R:\\jeffy\\programming\\build\\/${project.artifactId}-${project.version}/download/${project.artifactId}-${project.version}&lt;/jarprefix&gt;\n   &lt;/properties&gt;\n&lt;!--\n  &lt;profiles&gt;\n    &lt;profile&gt;\n      &lt;id&gt;default-tools.jar&lt;/id&gt;\n      &lt;activation&gt;\n        &lt;property&gt;\n          &lt;name&gt;java.vendor&lt;/name&gt;\n          &lt;value&gt;Sun Microsystems Inc.&lt;/value&gt;\n        &lt;/property&gt;\n      &lt;/activation&gt;\n      &lt;dependencies&gt;\n        &lt;dependency&gt;\n          &lt;groupId&gt;com.sun&lt;/groupId&gt;\n          &lt;artifactId&gt;tools&lt;/artifactId&gt;\n          &lt;version&gt;1.4.2&lt;/version&gt;\n          &lt;scope&gt;system&lt;/scope&gt;\n          &lt;systemPath&gt;${java.home}/../lib/tools.jar&lt;/systemPath&gt;\n        &lt;/dependency&gt;\n      &lt;/dependencies&gt;\n    &lt;/profile&gt;\n  &lt;/profiles&gt;\n --&gt;\n   &lt;build&gt;\n      &lt;plugins&gt;\n         &lt;plugin&gt;\n            &lt;groupId&gt;org.codehaus.mojo&lt;/groupId&gt;\n            &lt;artifactId&gt;build-helper-maven-plugin&lt;/artifactId&gt;\n            &lt;version&gt;1.8&lt;/version&gt;\n            &lt;executions&gt;\n               &lt;execution&gt;\n                  &lt;id&gt;attach-artifacts&lt;/id&gt;\n                  &lt;phase&gt;package&lt;/phase&gt;\n                  &lt;goals&gt;\n                     &lt;goal&gt;attach-artifact&lt;/goal&gt;\n                  &lt;/goals&gt;\n                  &lt;configuration&gt;\n                     &lt;artifacts&gt;\n                        &lt;artifact&gt;\n                           &lt;file&gt;${jarprefix}-all.jar&lt;/file&gt;\n                           &lt;type&gt;jar&lt;/type&gt;\n                        &lt;/artifact&gt;\n                     &lt;/artifacts&gt;\n                  &lt;/configuration&gt;\n               &lt;/execution&gt;\n            &lt;/executions&gt;\n         &lt;/plugin&gt;\n      &lt;/plugins&gt;\n   &lt;/build&gt;\n\n   &lt;profiles&gt;\n      &lt;!--\n      This profile will sign the JAR file, sources file, and javadocs file using the GPG key on the local machine.\n      See: https://docs.sonatype.org/display/Repository/How+To+Generate+PGP+Signatures+With+Maven\n      --&gt;\n      &lt;profile&gt;\n         &lt;id&gt;release-sign-artifacts&lt;/id&gt;\n         &lt;activation&gt;\n            &lt;property&gt;\n               &lt;name&gt;release&lt;/name&gt;\n               &lt;value&gt;true&lt;/value&gt;\n            &lt;/property&gt;\n         &lt;/activation&gt;\n      &lt;/profile&gt;\n   &lt;/profiles&gt;\n&lt;/project&gt;\n</code></pre>\n\n<h2>------------------</h2>\n\n<h2>Full logs for <code>mvn deploy</code> and <code>mvn deploy -e</code></h2>\n\n<p><code>mvn deploy</code> output:</p>\n\n<pre><code>[INFO] Scanning for projects...\n[INFO] ------------------------------------------------------------------------\n[INFO] Building XBN-Java 0.1.2\n[INFO] ------------------------------------------------------------------------\n[INFO] --- maven-enforcer-plugin:1.0:enforce (enforce-maven) @ xbnjava ---\n[INFO] --- build-helper-maven-plugin:1.8:attach-artifact (attach-artifacts) @ xbnjava ---\n[INFO] --- maven-install-plugin:2.4:install (default-install) @ xbnjava ---\n[INFO] Installing R:\\jeffy\\programming\\sandbox\\z__for_git_commit_only\\xbnjava\\pom.xml to C:\\Users\\jeffy\\.m2\\repository\\com\\github\\aliteralmind\\xbnjava\\0.1.2\\xbnjava-0.1.2.pom\n[INFO] Installing R:\\jeffy\\programming\\build\\xbnjava-0.1.2\\download\\xbnjava-0.1.2-all.jar to C:\\Users\\jeffy\\.m2\\repository\\com\\github\\aliteralmind\\xbnjava\\0.1.2\\xbnjava-0.1.2.jar\n[INFO] --- maven-deploy-plugin:2.7:deploy (default-deploy) @ xbnjava ---\nUploading: https://oss.sonatype.org/service/local/staging/deploy/maven2/com/github/aliteralmind/xbnjava/0.1.2/xbnjava-0.1.2.pom\n2/6 KB\n4/6 KB\n6/6 KB\n</code></pre>\n\n<p>(Failure section:)</p>\n\n<pre><code>[INFO] ------------------------------------------------------------------------\n[INFO] BUILD FAILURE\n[INFO] ------------------------------------------------------------------------\n[INFO] Total time: 3.204 s\n[INFO] Finished at: 2014-07-18T11:25:17-04:00\n[INFO] Final Memory: 7M/17M\n[INFO] ------------------------------------------------------------------------\n[ERROR] Failed to execute goal org.apache.maven.plugins:maven-deploy-plugin:2.7:deploy (default-deploy) on project xbnjava: Failed to deploy artifacts: Could not transfer artifact com.github.aliteralmind:xbnjava:pom:0.1.2 from/to sonatype-nexus-staging (https://oss.sonatype.org/service/local/staging/deploy/maven2/): Failed to transfer file: https://oss.sonatype.org/service/local/staging/deploy/maven2/com/github/aliteralmind/xbnjava/0.1.2/xbnjava-0.1.2.pom. Return code is: 401, ReasonPhrase: Unauthorized. -&gt; [Help 1]\n[ERROR]\n[ERROR] To see the full stack trace of the errors, re-run Maven with the -e switch.\n[ERROR] Re-run Maven using the -X switch to enable full debug logging.\n[ERROR]\n[ERROR] For more information about the errors and possible solutions, please read the following articles:\n[ERROR] [Help 1] http://cwiki.apache.org/confluence/display/MAVEN/MojoExecutionException\n</code></pre>\n\n<p><code>mvn deploy -e</code> output:</p>\n\n<pre><code>[INFO] Error stacktraces are turned on.\n[INFO] Scanning for projects...\n[INFO] ------------------------------------------------------------------------\n[INFO] Building XBN-Java 0.1.2\n[INFO] ------------------------------------------------------------------------\n[INFO] --- maven-enforcer-plugin:1.0:enforce (enforce-maven) @ xbnjava ---\n[INFO] --- build-helper-maven-plugin:1.8:attach-artifact (attach-artifacts) @ xbnjava ---\n[INFO] --- maven-install-plugin:2.4:install (default-install) @ xbnjava ---\n[INFO] Installing R:\\jeffy\\programming\\sandbox\\z__for_git_commit_only\\xbnjava\\pom.xml to C:\\Users\\jeffy\\.m2\\repository\\com\\github\\aliteralmind\\xbnjava\\0.1.2\\xbnjava-0.1.2.pom\n[INFO] Installing R:\\jeffy\\programming\\build\\xbnjava-0.1.2\\download\\xbnjava-0.1.2-all.jar to C:\\Users\\jeffy\\.m2\\repository\\com\\github\\aliteralmind\\xbnjava\\0.1.2\\xbnjava-0.1.2.jar\n[INFO] --- maven-deploy-plugin:2.7:deploy (default-deploy) @ xbnjava ---\nUploading: https://oss.sonatype.org/service/local/staging/deploy/maven2/com/github/aliteralmind/xbnjava/0.1.2/xbnjava-0.1.2.pom\n2/6 KB\n4/6 KB\n6/6 KB\n</code></pre>\n\n<p>(Failure section:)</p>\n\n<pre><code>[INFO] ------------------------------------------------------------------------\n[INFO] BUILD FAILURE\n[INFO] ------------------------------------------------------------------------\n[INFO] Total time: 3.492 s\n[INFO] Finished at: 2014-07-18T11:25:37-04:00\n[INFO] Final Memory: 7M/17M\n[INFO] ------------------------------------------------------------------------\n[ERROR] Failed to execute goal org.apache.maven.plugins:maven-deploy-plugin:2.7:deploy (default-deploy) on project xbnjava: Failed to deploy artifacts: Could not transfer artifact com.github.aliteralmind:xbnjava:pom:0.1.2 from/to sonatype-nexus-staging (https://oss.sonatype.org/service/local/staging/deploy/maven2/): Failed to transfer file: https://oss.sonatype.org/service/local/staging/deploy/maven2/com/github/aliteralmind/xbnjava/0.1.2/xbnjava-0.1.2.pom. Return code is: 401, ReasonPhrase: Unauthorized. -&gt; [Help 1]\norg.apache.maven.lifecycle.LifecycleExecutionException: Failed to execute goal org.apache.maven.plugins:maven-deploy-plugin:2.7:deploy (default-deploy) on project xbnjava: Failed to deploy artifacts: Could not transfer artifact com.github.aliteralmind:xbnjava:pom:0.1.2 from/to sonatype-nexus-staging (https://oss.sonatype.org/service/local/staging/deploy/maven2/): Failed to transfer file: https://oss.sonatype.org/service/local/staging/deploy/maven2/com/github/aliteralmind/xbnjava/0.1.2/xbnjava-0.1.2.pom. Return code is: 401, ReasonPhrase: Unauthorized.\n   at org.apache.maven.lifecycle.internal.MojoExecutor.execute(MojoExecutor.java:216)\n   at org.apache.maven.lifecycle.internal.MojoExecutor.execute(MojoExecutor.java:153)\n   at org.apache.maven.lifecycle.internal.MojoExecutor.execute(MojoExecutor.java:145)\n   at org.apache.maven.lifecycle.internal.LifecycleModuleBuilder.buildProject(LifecycleModuleBuilder.java:116)\n   at org.apache.maven.lifecycle.internal.LifecycleModuleBuilder.buildProject(LifecycleModuleBuilder.java:80)\n   at org.apache.maven.lifecycle.internal.builder.singlethreaded.SingleThreadedBuilder.build(SingleThreadedBuilder.java:51)\n   at org.apache.maven.lifecycle.internal.LifecycleStarter.execute(LifecycleStarter.java:120)\n   at org.apache.maven.DefaultMaven.doExecute(DefaultMaven.java:347)\n   at org.apache.maven.DefaultMaven.execute(DefaultMaven.java:154)\n   at org.apache.maven.cli.MavenCli.execute(MavenCli.java:584)\n   at org.apache.maven.cli.MavenCli.doMain(MavenCli.java:213)\n   at org.apache.maven.cli.MavenCli.main(MavenCli.java:157)\n   at sun.reflect.NativeMethodAccessorImpl.invoke0(Native Method)\n   at sun.reflect.NativeMethodAccessorImpl.invoke(NativeMethodAccessorImpl.java:57)\n   at sun.reflect.DelegatingMethodAccessorImpl.invoke(DelegatingMethodAccessorImpl.java:43)\n   at java.lang.reflect.Method.invoke(Method.java:606)\n   at org.codehaus.plexus.classworlds.launcher.Launcher.launchEnhanced(Launcher.java:289)\n   at org.codehaus.plexus.classworlds.launcher.Launcher.launch(Launcher.java:229)\n   at org.codehaus.plexus.classworlds.launcher.Launcher.mainWithExitCode(Launcher.java:415)\n   at org.codehaus.plexus.classworlds.launcher.Launcher.main(Launcher.java:356)\nCaused by: org.apache.maven.plugin.MojoExecutionException: Failed to deploy artifacts: Could not transfer artifact com.github.aliteralmind:xbnjava:pom:0.1.2 from/to sonatype-nexus-staging (https://oss.sonatype.org/service/local/staging/deploy/maven2/): Failed to transfer file: https://oss.sonatype.org/service/local/staging/deploy/maven2/com/github/aliteralmind/xbnjava/0.1.2/xbnjava-0.1.2.pom. Return code is: 401, ReasonPhrase: Unauthorized.\n   at org.apache.maven.plugin.deploy.DeployMojo.execute(DeployMojo.java:193)\n   at org.apache.maven.plugin.DefaultBuildPluginManager.executeMojo(DefaultBuildPluginManager.java:132)\n   at org.apache.maven.lifecycle.internal.MojoExecutor.execute(MojoExecutor.java:208)\n   ... 19 more\nCaused by: org.apache.maven.artifact.deployer.ArtifactDeploymentException: Failed to deploy artifacts: Could not transfer artifact com.github.aliteralmind:xbnjava:pom:0.1.2 from/to sonatype-nexus-staging (https://oss.sonatype.org/service/local/staging/deploy/maven2/): Failed to transfer file: https://oss.sonatype.org/service/local/staging/deploy/maven2/com/github/aliteralmind/xbnjava/0.1.2/xbnjava-0.1.2.pom. Return code is: 401, ReasonPhrase: Unauthorized.\n   at org.apache.maven.artifact.deployer.DefaultArtifactDeployer.deploy(DefaultArtifactDeployer.java:143)\n   at org.apache.maven.plugin.deploy.AbstractDeployMojo.deploy(AbstractDeployMojo.java:167)\n   at org.apache.maven.plugin.deploy.DeployMojo.execute(DeployMojo.java:149)\n   ... 21 more\nCaused by: org.eclipse.aether.deployment.DeploymentException: Failed to deploy artifacts: Could not transfer artifact com.github.aliteralmind:xbnjava:pom:0.1.2 from/to sonatype-nexus-staging (https://oss.sonatype.org/service/local/staging/deploy/maven2/): Failed to transfer file: https://oss.sonatype.org/service/local/staging/deploy/maven2/com/github/aliteralmind/xbnjava/0.1.2/xbnjava-0.1.2.pom. Return code is: 401, ReasonPhrase: Unauthorized.\n   at org.eclipse.aether.internal.impl.DefaultDeployer.deploy(DefaultDeployer.java:337)\n   at org.eclipse.aether.internal.impl.DefaultDeployer.deploy(DefaultDeployer.java:268)\n   at org.eclipse.aether.internal.impl.DefaultRepositorySystem.deploy(DefaultRepositorySystem.java:413)\n   at org.apache.maven.artifact.deployer.DefaultArtifactDeployer.deploy(DefaultArtifactDeployer.java:139)\n   ... 23 more\nCaused by: org.eclipse.aether.transfer.ArtifactTransferException: Could not transfer artifact com.github.aliteralmind:xbnjava:pom:0.1.2 from/to sonatype-nexus-staging (https://oss.sonatype.org/service/local/staging/deploy/maven2/): Failed to transfer file: https://oss.sonatype.org/service/local/staging/deploy/maven2/com/github/aliteralmind/xbnjava/0.1.2/xbnjava-0.1.2.pom. Return code is: 401, ReasonPhrase: Unauthorized.\n   at org.eclipse.aether.connector.wagon.WagonRepositoryConnector$6.wrap(WagonRepositoryConnector.java:1016)\n   at org.eclipse.aether.connector.wagon.WagonRepositoryConnector$6.wrap(WagonRepositoryConnector.java:1004)\n   at org.eclipse.aether.connector.wagon.WagonRepositoryConnector$PutTask.run(WagonRepositoryConnector.java:895)\n   at org.eclipse.aether.connector.wagon.WagonRepositoryConnector.put(WagonRepositoryConnector.java:522)\n   at org.eclipse.aether.internal.impl.DefaultDeployer.deploy(DefaultDeployer.java:331)\n   ... 26 more\nCaused by: org.apache.maven.wagon.TransferFailedException: Failed to transfer file: https://oss.sonatype.org/service/local/staging/deploy/maven2/com/github/aliteralmind/xbnjava/0.1.2/xbnjava-0.1.2.pom. Return code is: 401, ReasonPhrase: Unauthorized.\n   at org.apache.maven.wagon.providers.http.AbstractHttpClientWagon.put(AbstractHttpClientWagon.java:573)\n   at org.apache.maven.wagon.providers.http.AbstractHttpClientWagon.put(AbstractHttpClientWagon.java:493)\n   at org.apache.maven.wagon.providers.http.AbstractHttpClientWagon.put(AbstractHttpClientWagon.java:474)\n   at org.apache.maven.wagon.providers.http.AbstractHttpClientWagon.put(AbstractHttpClientWagon.java:454)\n   at org.eclipse.aether.connector.wagon.WagonRepositoryConnector$PutTask.run(WagonRepositoryConnector.java:871)\n   ... 28 more\n[ERROR]\n[ERROR] Re-run Maven using the -X switch to enable full debug logging.\n[ERROR]\n[ERROR] For more information about the errors and possible solutions, please read the following articles:\n[ERROR] [Help 1] http://cwiki.apache.org/confluence/display/MAVEN/MojoExecutionException\n</code></pre>\n"
        },
        {
            "tags": [
                "r",
                "rodbc"
            ],
            "owner": {
                "reputation": 11017,
                "user_id": 1017276,
                "user_type": "registered",
                "accept_rate": 81,
                "profile_image": "https://www.gravatar.com/avatar/c96124780ad1687e10576fbdc3404186?s=128&d=identicon&r=PG",
                "display_name": "Benjamin",
                "link": "https://stackoverflow.com/users/1017276/benjamin"
            },
            "is_answered": true,
            "view_count": 391,
            "accepted_answer_id": 31680349,
            "answer_count": 2,
            "score": 2,
            "last_activity_date": 1526447012,
            "creation_date": 1437585886,
            "question_id": 31569983,
            "body_markdown": "I am working toward writing a report from a SQL database (Windows SQL Server) that will require certain people to sign the report before submitting it to the client.  We are hoping to have a system where these people can authorize their signature in the database, and then we can use an image of their signature stored in the database and place it on the report generated by LaTeX.\r\n\r\nThe signature images are created as PNGs, then stored in the database in a field with type `varbinary`.  In order to use the signature in the report, I need to reconstitute the PNG to a file that I can with `\\includegraphics` in LaTeX.\r\n\r\nUnfortunately, I can&#39;t seem to recreate the PNGs out of the data base.  Since I can&#39;t post a signature, we&#39;ll use the image below as an example.\r\n\r\n[![enter image description here][1]][2]\r\n\r\nWith this image on my computer, I&#39;m able to read the file as raw, write it to a different file, and get the same image when I open the new file.\r\n\r\n    #* It works to read the image from a file and rewrite it elsewhere\r\n    pal &lt;- readBin(&quot;C:/[filepath]/ColorPalette.png&quot;,\r\n              what = &quot;raw&quot;, n = 1e8)\r\n    writeBin(pal,\r\n             &quot;C:/[filepath]/colors.png&quot;,\r\n             useBytes=TRUE)\r\n\r\n\r\nNow, I&#39;ve saved that same image to the database, and using RODBC, I can extract it like so:\r\n\r\n    #*** Capture the raw from the database\r\n    con &lt;- odbcConnect(&quot;DATABASE&quot;)\r\n    Users &lt;- sqlQuery(con, &quot;SELECT * FROM dbo.[User]&quot;)\r\n\r\n    db_pal &lt;- Users$Signature[Users$LastName == &quot;MyName&quot;]\r\n    \r\n    #*** Write db_pal to a file, but the image won&#39;t render\r\n    #*** Window Photo Viewer can&#39;t open this picture because the file appears to be damaged, corrupted, or is too large (12KB)\r\n\r\n    writeBin(db_pal[[1]],\r\n             &quot;C:/[filename]/db_colors.png&quot;,\r\n             useBytes=TRUE)\r\n\r\nThe objects `pal` and `db_pal` are defined here in [this Gist][3] (they are too long to fit in the allowable space here)\r\n\r\nNote: `db_pal` is a list of one raw vector.  Also, it&#39;s clearly different than the raw vector `pal`\r\n\r\n    &gt; length(pal)\r\n    [1] 2471\r\n    &gt; length(db_pal[[1]])\r\n    [1] 9951\r\n\r\nAny thoughts on what I may need to do to get this image out of the database?\r\n\r\n\r\n  [1]: http://i.stack.imgur.com/wHz3I.png\r\n  [2]: http://i.stack.imgur.com/wHz3I.png\r\n  [3]: https://gist.github.com/nutterb/ef4044a004bb14206b7b",
            "link": "https://stackoverflow.com/questions/31569983/reconstitute-png-file-stored-as-raw-in-sql-database",
            "title": "Reconstitute PNG file stored as RAW in SQL Database",
            "body": "<p>I am working toward writing a report from a SQL database (Windows SQL Server) that will require certain people to sign the report before submitting it to the client.  We are hoping to have a system where these people can authorize their signature in the database, and then we can use an image of their signature stored in the database and place it on the report generated by LaTeX.</p>\n\n<p>The signature images are created as PNGs, then stored in the database in a field with type <code>varbinary</code>.  In order to use the signature in the report, I need to reconstitute the PNG to a file that I can with <code>\\includegraphics</code> in LaTeX.</p>\n\n<p>Unfortunately, I can't seem to recreate the PNGs out of the data base.  Since I can't post a signature, we'll use the image below as an example.</p>\n\n<p><a href=\"https://i.stack.imgur.com/wHz3I.png\" rel=\"nofollow noreferrer\"><img src=\"https://i.stack.imgur.com/wHz3I.png\" alt=\"enter image description here\"></a></p>\n\n<p>With this image on my computer, I'm able to read the file as raw, write it to a different file, and get the same image when I open the new file.</p>\n\n<pre><code>#* It works to read the image from a file and rewrite it elsewhere\npal &lt;- readBin(\"C:/[filepath]/ColorPalette.png\",\n          what = \"raw\", n = 1e8)\nwriteBin(pal,\n         \"C:/[filepath]/colors.png\",\n         useBytes=TRUE)\n</code></pre>\n\n<p>Now, I've saved that same image to the database, and using RODBC, I can extract it like so:</p>\n\n<pre><code>#*** Capture the raw from the database\ncon &lt;- odbcConnect(\"DATABASE\")\nUsers &lt;- sqlQuery(con, \"SELECT * FROM dbo.[User]\")\n\ndb_pal &lt;- Users$Signature[Users$LastName == \"MyName\"]\n\n#*** Write db_pal to a file, but the image won't render\n#*** Window Photo Viewer can't open this picture because the file appears to be damaged, corrupted, or is too large (12KB)\n\nwriteBin(db_pal[[1]],\n         \"C:/[filename]/db_colors.png\",\n         useBytes=TRUE)\n</code></pre>\n\n<p>The objects <code>pal</code> and <code>db_pal</code> are defined here in <a href=\"https://gist.github.com/nutterb/ef4044a004bb14206b7b\" rel=\"nofollow noreferrer\">this Gist</a> (they are too long to fit in the allowable space here)</p>\n\n<p>Note: <code>db_pal</code> is a list of one raw vector.  Also, it's clearly different than the raw vector <code>pal</code></p>\n\n<pre><code>&gt; length(pal)\n[1] 2471\n&gt; length(db_pal[[1]])\n[1] 9951\n</code></pre>\n\n<p>Any thoughts on what I may need to do to get this image out of the database?</p>\n"
        },
        {
            "tags": [
                "r"
            ],
            "owner": {
                "reputation": 18,
                "user_id": 9303877,
                "user_type": "registered",
                "profile_image": "https://www.gravatar.com/avatar/585edb2b253af647bace3fd74b50a9d4?s=128&d=identicon&r=PG",
                "display_name": "wolff",
                "link": "https://stackoverflow.com/users/9303877/wolff"
            },
            "is_answered": true,
            "view_count": 22,
            "accepted_answer_id": 50362552,
            "answer_count": 1,
            "score": 3,
            "last_activity_date": 1526447004,
            "creation_date": 1526442470,
            "last_edit_date": 1526447004,
            "question_id": 50362201,
            "body_markdown": "I&#39;m trying to install udunits2 in R in order to satisfy the dependency for the `ggforce` package. However, the installer keeps failing on the check for udunits2. I have tried the instructions in [this](https://stackoverflow.com/questions/47059517/how-install-r-package-udunits2-in-ubuntu/47059608#47059608) (udunits 2 devel is installed as shown [here](https://i.imgur.com/aTabxvV.png).) \r\nand [this](https://stackoverflow.com/a/42580809/9303877) thread, which produces the [same result](https://i.imgur.com/0LLL8Ep.png) as trying to `install.packages(&#39;udunits2&#39;)`.\r\n\r\n\r\nI was able to get it working on my Mint machine by just installing udunits2-dev, however I&#39;m quite new to Fedora, and am not sure what is causing this.\r\n\r\nSystem info:\r\n\r\nFedora 28, R-3.4.4\r\n\r\n**EDIT**\r\n\r\nError output when trying to install using `install.packages(&quot;udunits2&quot;, configure.args = &quot;--with-udunits2-lib=/usr/bin/udunits2&quot;)`:\r\n\r\n\r\n    * installing *source* package udunits2 ...\r\n    ** package udunits2 successfully unpacked and MD5 sums checked\r\n    checking for gcc... gcc -m64\r\n    checking whether the C compiler works... yes\r\n    checking for C compiler default output file name... a.out\r\n    checking for suffix of executables... \r\n    checking whether we are cross compiling... no\r\n    checking for suffix of object files... o\r\n    checking whether we are using the GNU C compiler... yes\r\n    checking whether gcc -m64 accepts -g... yes\r\n    checking for gcc -m64 option to accept ISO C89... none needed\r\n    checking for XML_ParserCreate in -lexpat... yes\r\n    checking how to run the C preprocessor... gcc -m64 -E\r\n    checking for grep that handles long lines and -e... /usr/bin/grep\r\n    checking for egrep... /usr/bin/grep -E\r\n    checking for ANSI C header files... yes\r\n    checking for sys/types.h... yes\r\n    checking for sys/stat.h... yes\r\n    checking for stdlib.h... yes\r\n    checking for string.h... yes\r\n    checking for memory.h... yes\r\n    checking for strings.h... yes\r\n    checking for inttypes.h... yes\r\n    checking for stdint.h... yes\r\n    checking for unistd.h... yes\r\n    checking udunits2.h usability... no\r\n    checking udunits2.h presence... no\r\n    checking for udunits2.h... no\r\n    checking for ut_read_xml in -ludunits2... yes\r\n    -----Error: udunits2.h not found-----\r\n         If the udunits2 library is installed in a non-standard location,\r\n         use --configure-args=&#39;--with-udunits2-lib=/usr/local/lib&#39; for example,\r\n         or --configure-args=&#39;--with-udunits2-include=/usr/include/udunits2&#39;\r\n         replacing paths with appropriate values for your installation.\r\n         You can alternatively use the UDUNITS2_INCLUDE and UDUNITS2_LIB\r\n         environment variables.\r\n         If udunits2 is not installed, please install it.\r\n         It is required for this package.\r\n\r\n",
            "link": "https://stackoverflow.com/questions/50362201/udunits2-r-install-udunits2-h-not-found",
            "title": "udunits2 R install: udunits2.h not found",
            "body": "<p>I'm trying to install udunits2 in R in order to satisfy the dependency for the <code>ggforce</code> package. However, the installer keeps failing on the check for udunits2. I have tried the instructions in <a href=\"https://stackoverflow.com/questions/47059517/how-install-r-package-udunits2-in-ubuntu/47059608#47059608\">this</a> (udunits 2 devel is installed as shown <a href=\"https://i.imgur.com/aTabxvV.png\" rel=\"nofollow noreferrer\">here</a>.) \nand <a href=\"https://stackoverflow.com/a/42580809/9303877\">this</a> thread, which produces the <a href=\"https://i.imgur.com/0LLL8Ep.png\" rel=\"nofollow noreferrer\">same result</a> as trying to <code>install.packages('udunits2')</code>.</p>\n\n<p>I was able to get it working on my Mint machine by just installing udunits2-dev, however I'm quite new to Fedora, and am not sure what is causing this.</p>\n\n<p>System info:</p>\n\n<p>Fedora 28, R-3.4.4</p>\n\n<p><strong>EDIT</strong></p>\n\n<p>Error output when trying to install using <code>install.packages(\"udunits2\", configure.args = \"--with-udunits2-lib=/usr/bin/udunits2\")</code>:</p>\n\n<pre><code>* installing *source* package udunits2 ...\n** package udunits2 successfully unpacked and MD5 sums checked\nchecking for gcc... gcc -m64\nchecking whether the C compiler works... yes\nchecking for C compiler default output file name... a.out\nchecking for suffix of executables... \nchecking whether we are cross compiling... no\nchecking for suffix of object files... o\nchecking whether we are using the GNU C compiler... yes\nchecking whether gcc -m64 accepts -g... yes\nchecking for gcc -m64 option to accept ISO C89... none needed\nchecking for XML_ParserCreate in -lexpat... yes\nchecking how to run the C preprocessor... gcc -m64 -E\nchecking for grep that handles long lines and -e... /usr/bin/grep\nchecking for egrep... /usr/bin/grep -E\nchecking for ANSI C header files... yes\nchecking for sys/types.h... yes\nchecking for sys/stat.h... yes\nchecking for stdlib.h... yes\nchecking for string.h... yes\nchecking for memory.h... yes\nchecking for strings.h... yes\nchecking for inttypes.h... yes\nchecking for stdint.h... yes\nchecking for unistd.h... yes\nchecking udunits2.h usability... no\nchecking udunits2.h presence... no\nchecking for udunits2.h... no\nchecking for ut_read_xml in -ludunits2... yes\n-----Error: udunits2.h not found-----\n     If the udunits2 library is installed in a non-standard location,\n     use --configure-args='--with-udunits2-lib=/usr/local/lib' for example,\n     or --configure-args='--with-udunits2-include=/usr/include/udunits2'\n     replacing paths with appropriate values for your installation.\n     You can alternatively use the UDUNITS2_INCLUDE and UDUNITS2_LIB\n     environment variables.\n     If udunits2 is not installed, please install it.\n     It is required for this package.\n</code></pre>\n"
        },
        {
            "tags": [
                "hybris"
            ],
            "owner": {
                "reputation": 40,
                "user_id": 9708984,
                "user_type": "registered",
                "profile_image": "https://www.gravatar.com/avatar/b6d4711bb4ee1c84853c1495107b322f?s=128&d=identicon&r=PG&f=1",
                "display_name": "user9708984",
                "link": "https://stackoverflow.com/users/9708984/user9708984"
            },
            "is_answered": true,
            "view_count": 61,
            "answer_count": 2,
            "score": 1,
            "last_activity_date": 1526446994,
            "creation_date": 1526307345,
            "last_edit_date": 1526307581,
            "question_id": 50332540,
            "body_markdown": "Now when I go to `https://localhost:9002/` it opens `hac (hybris admin console).`\r\n\r\nWhen I go to `https://powertools.local:9002/nystorefront/powertools/en/USD/cart` I can reach **my storefront**.\r\n\r\nI want to reach `mystore` when I go to `localhost:9002`.\r\n\r\nWhat should I do?",
            "link": "https://stackoverflow.com/questions/50332540/how-to-direct-localhost-to-mystorefront-in-hybris",
            "title": "How to direct localhost to mystorefront in hybris?",
            "body": "<p>Now when I go to <code>https://localhost:9002/</code> it opens <code>hac (hybris admin console).</code></p>\n\n<p>When I go to <code>https://powertools.local:9002/nystorefront/powertools/en/USD/cart</code> I can reach <strong>my storefront</strong>.</p>\n\n<p>I want to reach <code>mystore</code> when I go to <code>localhost:9002</code>.</p>\n\n<p>What should I do?</p>\n"
        },
        {
            "tags": [
                "arrays",
                "string",
                "jmeter"
            ],
            "owner": {
                "reputation": 1,
                "user_id": 9796674,
                "user_type": "registered",
                "profile_image": "https://www.gravatar.com/avatar/28c5388face9961b8672203a5af66352?s=128&d=identicon&r=PG&f=1",
                "display_name": "EdG",
                "link": "https://stackoverflow.com/users/9796674/edg"
            },
            "is_answered": false,
            "view_count": 10,
            "answer_count": 1,
            "score": 0,
            "last_activity_date": 1526446991,
            "creation_date": 1526418042,
            "question_id": 50359111,
            "body_markdown": "I would like to know if someone has been able to send a byte array in the jmeter by mapmessage without the output being a string",
            "link": "https://stackoverflow.com/questions/50359111/is-it-possible-to-send-a-byte-array-in-a-jms-message-in-jmeter-by-mapmessage",
            "title": "Is it possible to send a byte array in a JMS message in jmeter by mapmessage?",
            "body": "<p>I would like to know if someone has been able to send a byte array in the jmeter by mapmessage without the output being a string</p>\n"
        },
        {
            "tags": [
                "linux",
                "perl",
                "file-io",
                "seek",
                "procfs"
            ],
            "owner": {
                "reputation": 53605,
                "user_id": 196561,
                "user_type": "registered",
                "accept_rate": 83,
                "profile_image": "https://www.gravatar.com/avatar/6836267883ea7234253b2100f222dbbc?s=128&d=identicon&r=PG",
                "display_name": "osgx",
                "link": "https://stackoverflow.com/users/196561/osgx"
            },
            "is_answered": true,
            "view_count": 193,
            "accepted_answer_id": 40398468,
            "answer_count": 2,
            "score": 5,
            "last_activity_date": 1526446976,
            "creation_date": 1478062171,
            "last_edit_date": 1478062957,
            "question_id": 40372677,
            "body_markdown": "I&#39;m trying to use perl to parse some pseudo files from `/proc`  and `/sys` linux pseudo filesystems ([procfs][1] and [sysfs](https://en.wikipedia.org/wiki/Sysfs)). Such files are unlike regular files - they are implemented by custom file operation handlers. Most of them have zero size for `stat`, some can&#39;t be open for read, other can&#39;t be written. Sometimes they are implemented incorrectly (which is error, but it is already in the kernel) and I still want to read them directly from perl without starting some helper tools.\r\n\r\nThere is quick example of reading `/proc/loadavg` with perl, this file is implemented correctly:\r\n\r\n    perl -e &#39;open F,&quot;&lt;/proc/loadavg&quot;; $_=&lt;F&gt;; print &#39;\r\n\r\nWith `strace` of the command I can check how perl implements `open` function:\r\n\r\n    $ strace perl -e &#39;open F,&quot;&lt;/proc/loadavg&quot;; $_=&lt;F&gt;; print &#39; 2&gt;&amp;1 | egrep -A5 ^open.*loadavg\r\n\r\n    open(&quot;/proc/loadavg&quot;, O_RDONLY)         = 3\r\n    ioctl(...something strange...)    = -1 ENOTTY\r\n    lseek(3, 0, SEEK_CUR)                   = 0\r\n    fstat(3, {st_mode=S_IFREG|0444, st_size=0, ...}) = 0\r\n    fcntl(3, F_SETFD, FD_CLOEXEC)           = 0\r\n\r\nThere is `lseek` system call used by `open` perl function.\r\n\r\nWith strace of `cat /proc/loadavg` there was no extra `seek`-typed system calls:\r\n\r\n    $ strace cat /proc/loadavg 2&gt;&amp;1 | egrep -A2 ^open.*loadavg\r\n    open(&quot;/proc/loadavg&quot;, O_RDONLY)         = 3\r\n    fstat(3, {st_mode=S_IFREG|0444, st_size=0, ...}) = 0\r\n    fadvise64(3, 0, 0, POSIX_FADV_SEQUENTIAL) = 0\r\n\r\nThe special file I want to read (or write) misimplement `seek` file operations and will not give any useful data to `read` (or to `write`) syscall after `seek`.\r\n\r\nIs there way of opening files for reading in perl5 (no external modules) without calling extra `lseek`? (and without using `system(&quot;cat &lt; /proc/loadavg&quot;)`)\r\n\r\nIs there way of opening files for writing in perl5 without calling extra `lseek`?\r\n\r\nThere is sysopen, but it does extra lseek too: `perl -e &#39;use Fcntl;sysopen(F,&quot;/proc/loadavg&quot;,O_RDONLY);sysread(F,$_,2048); print &#39;`\r\n\r\n  [1]: https://en.wikipedia.org/wiki/Procfs\r\n",
            "link": "https://stackoverflow.com/questions/40372677/reading-system-files-with-perl-without-issuing-extra-seek-syscalls-on-open",
            "title": "Reading system files with perl without issuing extra seek syscalls on open",
            "body": "<p>I'm trying to use perl to parse some pseudo files from <code>/proc</code>  and <code>/sys</code> linux pseudo filesystems (<a href=\"https://en.wikipedia.org/wiki/Procfs\" rel=\"noreferrer\">procfs</a> and <a href=\"https://en.wikipedia.org/wiki/Sysfs\" rel=\"noreferrer\">sysfs</a>). Such files are unlike regular files - they are implemented by custom file operation handlers. Most of them have zero size for <code>stat</code>, some can't be open for read, other can't be written. Sometimes they are implemented incorrectly (which is error, but it is already in the kernel) and I still want to read them directly from perl without starting some helper tools.</p>\n\n<p>There is quick example of reading <code>/proc/loadavg</code> with perl, this file is implemented correctly:</p>\n\n<pre><code>perl -e 'open F,\"&lt;/proc/loadavg\"; $_=&lt;F&gt;; print '\n</code></pre>\n\n<p>With <code>strace</code> of the command I can check how perl implements <code>open</code> function:</p>\n\n<pre><code>$ strace perl -e 'open F,\"&lt;/proc/loadavg\"; $_=&lt;F&gt;; print ' 2&gt;&amp;1 | egrep -A5 ^open.*loadavg\n\nopen(\"/proc/loadavg\", O_RDONLY)         = 3\nioctl(...something strange...)    = -1 ENOTTY\nlseek(3, 0, SEEK_CUR)                   = 0\nfstat(3, {st_mode=S_IFREG|0444, st_size=0, ...}) = 0\nfcntl(3, F_SETFD, FD_CLOEXEC)           = 0\n</code></pre>\n\n<p>There is <code>lseek</code> system call used by <code>open</code> perl function.</p>\n\n<p>With strace of <code>cat /proc/loadavg</code> there was no extra <code>seek</code>-typed system calls:</p>\n\n<pre><code>$ strace cat /proc/loadavg 2&gt;&amp;1 | egrep -A2 ^open.*loadavg\nopen(\"/proc/loadavg\", O_RDONLY)         = 3\nfstat(3, {st_mode=S_IFREG|0444, st_size=0, ...}) = 0\nfadvise64(3, 0, 0, POSIX_FADV_SEQUENTIAL) = 0\n</code></pre>\n\n<p>The special file I want to read (or write) misimplement <code>seek</code> file operations and will not give any useful data to <code>read</code> (or to <code>write</code>) syscall after <code>seek</code>.</p>\n\n<p>Is there way of opening files for reading in perl5 (no external modules) without calling extra <code>lseek</code>? (and without using <code>system(\"cat &lt; /proc/loadavg\")</code>)</p>\n\n<p>Is there way of opening files for writing in perl5 without calling extra <code>lseek</code>?</p>\n\n<p>There is sysopen, but it does extra lseek too: <code>perl -e 'use Fcntl;sysopen(F,\"/proc/loadavg\",O_RDONLY);sysread(F,$_,2048); print '</code></p>\n"
        },
        {
            "tags": [
                "service",
                "bluetooth-lowenergy",
                "timertask"
            ],
            "owner": {
                "reputation": 37,
                "user_id": 8269038,
                "user_type": "registered",
                "profile_image": "https://www.gravatar.com/avatar/7847e7069b56e30624d1547cf217f2b6?s=128&d=identicon&r=PG&f=1",
                "display_name": "user8269038",
                "link": "https://stackoverflow.com/users/8269038/user8269038"
            },
            "is_answered": false,
            "view_count": 15,
            "answer_count": 0,
            "score": 0,
            "last_activity_date": 1526446974,
            "creation_date": 1526446974,
            "question_id": 50362751,
            "body_markdown": "I am getting scanning gap 5-8 sec when application is in background. In that period, I am not getting BLE device is in scan  I have used service and `TimerTask` for it.",
            "link": "https://stackoverflow.com/questions/50362751/ble-scaning-gap-when-application-in-background",
            "title": "BLE scaning Gap when application in background?",
            "body": "<p>I am getting scanning gap 5-8 sec when application is in background. In that period, I am not getting BLE device is in scan  I have used service and <code>TimerTask</code> for it.</p>\n"
        },
        {
            "tags": [
                "php",
                "api",
                "bitcoin"
            ],
            "owner": {
                "reputation": 6,
                "user_id": 2668600,
                "user_type": "registered",
                "profile_image": "https://i.stack.imgur.com/FBA0h.jpg?s=128&g=1",
                "display_name": "Mukesh Kumar",
                "link": "https://stackoverflow.com/users/2668600/mukesh-kumar"
            },
            "is_answered": false,
            "view_count": 429,
            "answer_count": 1,
            "score": 1,
            "last_activity_date": 1526446972,
            "creation_date": 1512380523,
            "last_edit_date": 1514979217,
            "question_id": 47630410,
            "body_markdown": "&lt;!-- What are you trying to accomplish? (Please include sample data.) --&gt;\r\nHello,\r\nI&#39;m using coinpayment gateway api (cmd=create_transfer).\r\nI generated qr code and address those are successfully scanned from app but after payment I want to redirect success_url and other information submitted into database.\r\nPlease guide me how to do it. \r\n\r\n&lt;!-- Paste the part of the code that shows the problem. (Please indent 4 spaces.) --&gt;\r\n\r\n    &lt;!-- What do you expect the result to be? --&gt;\r\n    &lt;?php\r\n    /*\r\n      CoinPayments.net API Example\r\n      Copyright 2016 CoinPayments.net. All rights reserved.\r\n      License: GPLv2 - http://www.gnu.org/licenses/gpl-2.0.txt\r\n     */\r\n    require(&#39;./coinpayments.inc.php&#39;);\r\n    $cps = new CoinPaymentsAPI();\r\n    $public_key = &quot;xxx&quot;;\r\n    $private_key = &quot;xxx&quot;;\r\n    $cps-&gt;Setup($private_key, $public_key);\r\n    \r\n    $req = array(\r\n        &#39;amount&#39; =&gt; $_POST[&#39;amount&#39;],\r\n        &#39;currency1&#39; =&gt; &quot;USD&quot;,\r\n        &#39;currency2&#39; =&gt; &quot;BTC&quot;,\r\n        &#39;address&#39; =&gt; &#39;&#39;, // leave blank send to follow your settings on the Coin Settings page\r\n    //\t\t&#39;item_name&#39; =&gt; $_POST[&#39;item_name&#39;]\r\n        print &#39;ipn_url&#39; =&gt; $_POST[&#39;ipn_url&#39;],\r\n        print &#39;txn_id&#39; =&gt; $_POST[&#39;txn_id&#39;],\r\n        print &#39;status&#39; =&gt; intval($_POST[&#39;status&#39;]),\r\n        print &#39;status_text&#39; =&gt; $_POST[&#39;status_text&#39;]\r\n    );\r\n    // See https://www.coinpayments.net/apidoc-create-transaction for all of the available fields\r\n    \r\n    $result = $cps-&gt;CreateTransaction($req);\r\n    if ($result[&#39;error&#39;] == &#39;ok&#39;) {\r\n        $le = php_sapi_name() == &#39;cli&#39; ? &quot;\\n&quot; : &#39;&lt;br /&gt;&#39;;\r\n        ?&gt;\r\n        &lt;div class=&quot;col-4&quot;&gt;\r\n            &lt;h2&gt;&lt;?php print &#39;Buyer should send &#39; . sprintf(&#39;%.08f&#39;, $result[&#39;result&#39;][&#39;amount&#39;]) . &#39; BTC&#39; . $le; ?&gt;&lt;/h2&gt;\r\n    \r\n    \r\n            &lt;img width=&quot;220&quot; height=&quot;220&quot; alt=&quot;&quot; src=&quot;https://blockchain.info/qr?data=bitcoin:&lt;?php echo $result[&#39;result&#39;][&#39;address&#39;]; ?&gt;?amount=&lt;?php echo $result[&#39;result&#39;][&#39;amount&#39;]; ?&gt;%26label=example%2520label&quot;&gt;\r\n    \r\n            &lt;?php\r\n        } else {\r\n            print &#39;Error: &#39; . $result[&#39;error&#39;] . &quot;\\n&quot;;\r\n        }\r\n        ?&gt;\r\n\r\n&lt;!-- What is the actual result you get? (Please include any errors.) --&gt;\r\n\r\n[![enter image description here][1]][1]\r\n\r\n\r\n  [1]: https://i.stack.imgur.com/jRy00.jpg",
            "link": "https://stackoverflow.com/questions/47630410/how-to-use-call-back-address-and-ipn-url-in-coinpayment-net-gateway",
            "title": "how to use call_back_address and ipn url in coinpayment.net gateway",
            "body": "<p>I'm using coinpayment gateway api (cmd=create_transfer).\nI generated qr code and address those are successfully scanned from app but after payment I want to redirect success_url and other information submitted into database.\n</p>\n\n<pre><code>&lt;?php\n/*\n  CoinPayments.net API Example\n  Copyright 2016 CoinPayments.net. All rights reserved.\n  License: GPLv2 - http://www.gnu.org/licenses/gpl-2.0.txt\n */\nrequire('./coinpayments.inc.php');\n$cps = new CoinPaymentsAPI();\n$public_key = \"xxx\";\n$private_key = \"xxx\";\n$cps-&gt;Setup($private_key, $public_key);\n\n$req = array(\n    'amount' =&gt; $_POST['amount'],\n    'currency1' =&gt; \"USD\",\n    'currency2' =&gt; \"BTC\",\n    'address' =&gt; '', // leave blank send to follow your settings on the Coin Settings page\n//      'item_name' =&gt; $_POST['item_name']\n    print 'ipn_url' =&gt; $_POST['ipn_url'],\n    print 'txn_id' =&gt; $_POST['txn_id'],\n    print 'status' =&gt; intval($_POST['status']),\n    print 'status_text' =&gt; $_POST['status_text']\n);\n// See https://www.coinpayments.net/apidoc-create-transaction for all of the available fields\n\n$result = $cps-&gt;CreateTransaction($req);\nif ($result['error'] == 'ok') {\n    $le = php_sapi_name() == 'cli' ? \"\\n\" : '&lt;br /&gt;';\n    ?&gt;\n    &lt;div class=\"col-4\"&gt;\n        &lt;h2&gt;&lt;?php print 'Buyer should send ' . sprintf('%.08f', $result['result']['amount']) . ' BTC' . $le; ?&gt;&lt;/h2&gt;\n\n\n        &lt;img width=\"220\" height=\"220\" alt=\"\" src=\"https://blockchain.info/qr?data=bitcoin:&lt;?php echo $result['result']['address']; ?&gt;?amount=&lt;?php echo $result['result']['amount']; ?&gt;%26label=example%2520label\"&gt;\n\n        &lt;?php\n    } else {\n        print 'Error: ' . $result['error'] . \"\\n\";\n    }\n    ?&gt;\n</code></pre>\n\n\n\n<p><a href=\"https://i.stack.imgur.com/jRy00.jpg\" rel=\"nofollow noreferrer\"><img src=\"https://i.stack.imgur.com/jRy00.jpg\" alt=\"enter image description here\"></a></p>\n"
        },
        {
            "tags": [
                "c#",
                "outlook",
                "vsto",
                "outlook-addin"
            ],
            "owner": {
                "reputation": 10,
                "user_id": 9739198,
                "user_type": "registered",
                "profile_image": "https://www.gravatar.com/avatar/e09b7cb340897879cd02a00debcd6f23?s=128&d=identicon&r=PG&f=1",
                "display_name": "Vishnu Kay Vee",
                "link": "https://stackoverflow.com/users/9739198/vishnu-kay-vee"
            },
            "is_answered": false,
            "view_count": 13,
            "answer_count": 1,
            "score": 0,
            "last_activity_date": 1526446961,
            "creation_date": 1526361042,
            "last_edit_date": 1526446961,
            "question_id": 50342713,
            "body_markdown": "I am developing an **Outlook addin** like Grammerly,I addeed a ribbon button for checking the spelling and a taskpane for showing the errors.I have used **NHunspell** plugin to check spelling mistakes.\r\nThe problem is when i clicking the checking button it will successfully found the errors but the error could not display it in the taskpane.\r\n\r\nthis is how i added taskpane in **InspecterWrapper class**\r\n\r\n    public Microsoft.Office.Tools.CustomTaskPane myCustomtask;\r\n    objsidepane = new SidePane();\r\n    myCustomtask = this.CustomTaskPanes.Add(objsidepane, &quot;Taskpane&quot;);\r\n\r\nHere is the CheckButton click function.\r\n\r\n    private void btnCheck_Click(object sender, RibbonControlEventArgs e)\r\n        {\r\n           Display(&quot;checked&quot;);\r\n        }\r\n\r\nin the sidepane i have this function and i have a label in tskpane\r\n\r\n    public void Display(String s)\r\n        {\r\n            Label1.Text=s;\r\n        }\r\n\r\nactually the value is getting here but it not changing the label.",
            "link": "https://stackoverflow.com/questions/50342713/how-to-display-labels-in-the-outlook-taskpane-vsto",
            "title": "How to display labels in the Outlook taskpane VSTO",
            "body": "<p>I am developing an <strong>Outlook addin</strong> like Grammerly,I addeed a ribbon button for checking the spelling and a taskpane for showing the errors.I have used <strong>NHunspell</strong> plugin to check spelling mistakes.\nThe problem is when i clicking the checking button it will successfully found the errors but the error could not display it in the taskpane.</p>\n\n<p>this is how i added taskpane in <strong>InspecterWrapper class</strong></p>\n\n<pre><code>public Microsoft.Office.Tools.CustomTaskPane myCustomtask;\nobjsidepane = new SidePane();\nmyCustomtask = this.CustomTaskPanes.Add(objsidepane, \"Taskpane\");\n</code></pre>\n\n<p>Here is the CheckButton click function.</p>\n\n<pre><code>private void btnCheck_Click(object sender, RibbonControlEventArgs e)\n    {\n       Display(\"checked\");\n    }\n</code></pre>\n\n<p>in the sidepane i have this function and i have a label in tskpane</p>\n\n<pre><code>public void Display(String s)\n    {\n        Label1.Text=s;\n    }\n</code></pre>\n\n<p>actually the value is getting here but it not changing the label.</p>\n"
        },
        {
            "tags": [
                "jquery",
                "html",
                "css"
            ],
            "owner": {
                "reputation": 15,
                "user_id": 5103201,
                "user_type": "registered",
                "profile_image": "https://i.stack.imgur.com/7clq1.jpg?s=128&g=1",
                "display_name": "sandeep kumar",
                "link": "https://stackoverflow.com/users/5103201/sandeep-kumar"
            },
            "is_answered": false,
            "view_count": 34,
            "answer_count": 1,
            "score": 0,
            "last_activity_date": 1526446956,
            "creation_date": 1523436339,
            "question_id": 49770526,
            "body_markdown": "when i resize the box it not change the property of span.. . . .. . .. . . . . . . . . . . . \r\n\r\n&lt;!-- begin snippet: js hide: false console: true babel: false --&gt;\r\n\r\n&lt;!-- language: lang-js --&gt;\r\n\r\n    $(document).ready(function(){\r\n        $(&quot;.box&quot;).resize(function(){\r\n            if ($(&quot;.box&quot;).width() &lt; 60) {\r\n     \t\t\t\t$(&quot;.s&quot;).css(&quot;color&quot;,&quot;red&quot;);  \t\r\n    \t\t\t}\r\n    \t\telse {\r\n      \t\t\t $(&quot;.s&quot;).css(&quot;color&quot;,&quot;blue&quot;);\r\n    \t\t\t}\r\n        });\r\n    });\r\n\r\n&lt;!-- language: lang-css --&gt;\r\n\r\n    .box{\r\n      \twidth: 60px;\r\n      \theight: 60px;\r\n      \tbackground-color: red;\r\n      }\r\n      .box:hover{\r\n      \twidth: 120px;\r\n      }\r\n\r\n&lt;!-- language: lang-html --&gt;\r\n\r\n    &lt;script src=&quot;https://ajax.googleapis.com/ajax/libs/jquery/2.1.1/jquery.min.js&quot;&gt;&lt;/script&gt;\r\n    &lt;div class=&quot;box&quot;&gt;\r\n    \t&lt;/div&gt;\r\n    \t&lt;br/&gt;\r\n     &lt;span class=&quot;s&quot;&gt;hello word&lt;/span&gt;\r\n\r\n&lt;!-- end snippet --&gt;\r\n\r\n",
            "link": "https://stackoverflow.com/questions/49770526/box-resize-in-jquery",
            "title": "box resize in jquery",
            "body": "<p>when i resize the box it not change the property of span.. . . .. . .. . . . . . . . . . . . </p>\n\n<p><div class=\"snippet\" data-lang=\"js\" data-hide=\"false\" data-console=\"true\" data-babel=\"false\">\r\n<div class=\"snippet-code\">\r\n<pre class=\"snippet-code-js lang-js prettyprint-override\"><code>$(document).ready(function(){\r\n    $(\".box\").resize(function(){\r\n        if ($(\".box\").width() &lt; 60) {\r\n \t\t\t\t$(\".s\").css(\"color\",\"red\");  \t\r\n\t\t\t}\r\n\t\telse {\r\n  \t\t\t $(\".s\").css(\"color\",\"blue\");\r\n\t\t\t}\r\n    });\r\n});</code></pre>\r\n<pre class=\"snippet-code-css lang-css prettyprint-override\"><code>.box{\r\n  \twidth: 60px;\r\n  \theight: 60px;\r\n  \tbackground-color: red;\r\n  }\r\n  .box:hover{\r\n  \twidth: 120px;\r\n  }</code></pre>\r\n<pre class=\"snippet-code-html lang-html prettyprint-override\"><code>&lt;script src=\"https://ajax.googleapis.com/ajax/libs/jquery/2.1.1/jquery.min.js\"&gt;&lt;/script&gt;\r\n&lt;div class=\"box\"&gt;\r\n\t&lt;/div&gt;\r\n\t&lt;br/&gt;\r\n &lt;span class=\"s\"&gt;hello word&lt;/span&gt;</code></pre>\r\n</div>\r\n</div>\r\n</p>\n"
        },
        {
            "tags": [
                "sql-server",
                "join",
                "null"
            ],
            "owner": {
                "reputation": 16,
                "user_id": 9796704,
                "user_type": "registered",
                "profile_image": "https://www.gravatar.com/avatar/a1ced3deaa8d9906cc113e0cd8fee91e?s=128&d=identicon&r=PG&f=1",
                "display_name": "jcal",
                "link": "https://stackoverflow.com/users/9796704/jcal"
            },
            "is_answered": true,
            "view_count": 23,
            "answer_count": 2,
            "score": 3,
            "last_activity_date": 1526446932,
            "creation_date": 1526422463,
            "last_edit_date": 1526444217,
            "question_id": 50359883,
            "body_markdown": "Using SQL Server Management Studio 2016 (v 13.0). \r\n\r\nI have two tables with two distinct keys I can use to join, with the catch being that there are mixed NULLs in both PK columns:\r\n    \r\n    Table 1          Table 2\t\r\n    \r\n    Acct1  App1\t\t Acct2  App2    Product\r\n    -----------      ----------------------\r\n    1\t   A\t\t NULL   A       Bed \r\n    2\t   B         2\t    B       Sofa\r\n    3\t   C         3\t    NULL    Bed \r\n    4\t   D         4      D       Bed \r\n\r\nDesired result in the joined table, only including those where Product = Bed:\r\n\r\n    Acct  App  Product\r\n    1     A    Bed \r\n    3\t  C    Bed \r\n    4\t  D    Bed \r\n\r\nThank you!\r\n\r\n",
            "link": "https://stackoverflow.com/questions/50359883/sql-join-including-nulls",
            "title": "SQL Join Including NULLs",
            "body": "<p>Using SQL Server Management Studio 2016 (v 13.0). </p>\n\n<p>I have two tables with two distinct keys I can use to join, with the catch being that there are mixed NULLs in both PK columns:</p>\n\n<pre><code>Table 1          Table 2    \n\nAcct1  App1      Acct2  App2    Product\n-----------      ----------------------\n1      A         NULL   A       Bed \n2      B         2      B       Sofa\n3      C         3      NULL    Bed \n4      D         4      D       Bed \n</code></pre>\n\n<p>Desired result in the joined table, only including those where Product = Bed:</p>\n\n<pre><code>Acct  App  Product\n1     A    Bed \n3     C    Bed \n4     D    Bed \n</code></pre>\n\n<p>Thank you!</p>\n"
        },
        {
            "tags": [
                "android",
                "cordova"
            ],
            "owner": {
                "reputation": 261,
                "user_id": 6790460,
                "user_type": "registered",
                "profile_image": "https://www.gravatar.com/avatar/5f94cac91353559258d8ca37b50b708e?s=128&d=identicon&r=PG&f=1",
                "display_name": "d.boyd",
                "link": "https://stackoverflow.com/users/6790460/d-boyd"
            },
            "is_answered": true,
            "view_count": 51381,
            "answer_count": 16,
            "score": 43,
            "last_activity_date": 1526446915,
            "creation_date": 1474564779,
            "last_edit_date": 1510942919,
            "question_id": 39645178,
            "body_markdown": "After typing `cordova run android` in terminal, I&#39;m getting this error:\r\n\r\n    Waiting for emulator to start...\r\n    PANIC: Broken AVD system path. Check your ANDROID_SDK_ROOT value [/Users/username/Library/Android/sdk]!\r\n\r\nThis happens after exporting:\r\n\r\n    export ANDROID_SDK_ROOT=&#39;/Users/username/Library/Android/sdk&#39;\r\n\r\nBefore exporting I got:\r\n\r\n    Waiting for emulator to start...\r\n    PANIC: Cannot find AVD system path. Please define ANDROID_SDK_ROOT\r\n\r\nAny ideas where I&#39;m going wrong? I&#39;m sure this is the sdk root so why am I getting broken avd system path?\r\n",
            "link": "https://stackoverflow.com/questions/39645178/panic-broken-avd-system-path-check-your-android-sdk-root-value",
            "title": "PANIC: Broken AVD system path. Check your ANDROID_SDK_ROOT value",
            "body": "<p>After typing <code>cordova run android</code> in terminal, I'm getting this error:</p>\n\n<pre><code>Waiting for emulator to start...\nPANIC: Broken AVD system path. Check your ANDROID_SDK_ROOT value [/Users/username/Library/Android/sdk]!\n</code></pre>\n\n<p>This happens after exporting:</p>\n\n<pre><code>export ANDROID_SDK_ROOT='/Users/username/Library/Android/sdk'\n</code></pre>\n\n<p>Before exporting I got:</p>\n\n<pre><code>Waiting for emulator to start...\nPANIC: Cannot find AVD system path. Please define ANDROID_SDK_ROOT\n</code></pre>\n\n<p>Any ideas where I'm going wrong? I'm sure this is the sdk root so why am I getting broken avd system path?</p>\n"
        },
        {
            "tags": [
                "firebase",
                "google-api",
                "firebase-authentication",
                "google-authentication"
            ],
            "owner": {
                "reputation": 14,
                "user_id": 8685774,
                "user_type": "registered",
                "accept_rate": 50,
                "profile_image": "https://i.stack.imgur.com/m4m7K.jpg?s=128&g=1",
                "display_name": "Paliao",
                "link": "https://stackoverflow.com/users/8685774/paliao"
            },
            "is_answered": false,
            "view_count": 15,
            "answer_count": 1,
            "score": 0,
            "last_activity_date": 1526446913,
            "creation_date": 1526311649,
            "last_edit_date": 1526311882,
            "question_id": 50333986,
            "body_markdown": "I&#39;ve been using firebase to make the login, it returns me a firebase&#39;s uid, that as I saw it&#39;s not possible of making the request to get the google id.\r\n\r\nI know that the firebase account is a different account than Google but my question is: There is some possible way that I can use firebase account uid to get Google profile image without having to change my login method to log with Google+?\r\n\r\nThis is the URL to get the profile photo of Google is: https://developers.google.com/apis-explorer/#search/profile/m/plus/v1/plus.people.get\r\n",
            "link": "https://stackoverflow.com/questions/50333986/get-google-profile-image-with-firebase-id",
            "title": "Get google profile image with firebase id",
            "body": "<p>I've been using firebase to make the login, it returns me a firebase's uid, that as I saw it's not possible of making the request to get the google id.</p>\n\n<p>I know that the firebase account is a different account than Google but my question is: There is some possible way that I can use firebase account uid to get Google profile image without having to change my login method to log with Google+?</p>\n\n<p>This is the URL to get the profile photo of Google is: <a href=\"https://developers.google.com/apis-explorer/#search/profile/m/plus/v1/plus.people.get\" rel=\"nofollow noreferrer\">https://developers.google.com/apis-explorer/#search/profile/m/plus/v1/plus.people.get</a></p>\n"
        },
        {
            "tags": [
                "python",
                "python-2.7",
                "logging"
            ],
            "owner": {
                "reputation": 2104,
                "user_id": 147265,
                "user_type": "registered",
                "accept_rate": 95,
                "profile_image": "https://www.gravatar.com/avatar/507934b473fbd5c371865b37497e3764?s=128&d=identicon&r=PG",
                "display_name": "Adam",
                "link": "https://stackoverflow.com/users/147265/adam"
            },
            "is_answered": true,
            "view_count": 726,
            "accepted_answer_id": 23665329,
            "answer_count": 2,
            "score": 2,
            "last_activity_date": 1526446895,
            "creation_date": 1400091845,
            "question_id": 23662280,
            "body_markdown": "How can I print the contents of a Python 2.7 `ConfigParser` to `logging`? \r\n\r\nThe only solution I can find is to write to a temporary file and read that file back in. Another idea I had was to get a fake &quot;file handle&quot; from the logging utility and pass that to the ConfigParser write method, but I don&#39;t know how to get such a handle form logging.",
            "link": "https://stackoverflow.com/questions/23662280/how-can-i-print-the-contents-of-a-configparser-to-my-log",
            "title": "How can I print the contents of a ConfigParser to my log?",
            "body": "<p>How can I print the contents of a Python 2.7 <code>ConfigParser</code> to <code>logging</code>? </p>\n\n<p>The only solution I can find is to write to a temporary file and read that file back in. Another idea I had was to get a fake \"file handle\" from the logging utility and pass that to the ConfigParser write method, but I don't know how to get such a handle form logging.</p>\n"
        },
        {
            "tags": [
                "react-native"
            ],
            "owner": {
                "reputation": 6,
                "user_id": 9293016,
                "user_type": "registered",
                "profile_image": "https://lh5.googleusercontent.com/-YPtGSRWlPno/AAAAAAAAAAI/AAAAAAAAFHs/gncVI0F8pus/photo.jpg?sz=128",
                "display_name": "ajit yadav",
                "link": "https://stackoverflow.com/users/9293016/ajit-yadav"
            },
            "is_answered": false,
            "view_count": 16,
            "answer_count": 0,
            "score": 0,
            "last_activity_date": 1526446882,
            "creation_date": 1526446882,
            "question_id": 50362737,
            "body_markdown": "I am trying to build an mobile app using react native where I want to record the user&#39;s mobile screen using react native and expo, However i was unable to find it, please help!.",
            "link": "https://stackoverflow.com/questions/50362737/how-to-record-screen-in-react-native",
            "title": "How to record screen in react native?",
            "body": "<p>I am trying to build an mobile app using react native where I want to record the user's mobile screen using react native and expo, However i was unable to find it, please help!.</p>\n"
        }
    ],
    "has_more": true,
    "quota_max": 300,
    "quota_remaining": 151
}