{
    "items": [
        {
            "tags": [
                "inner-join",
                "calcite"
            ],
            "owner": {
                "reputation": 1,
                "user_id": 7730762,
                "user_type": "registered",
                "profile_image": "https://www.gravatar.com/avatar/5a40b481643ebda85a90a9b9a2387239?s=128&d=identicon&r=PG&f=1",
                "display_name": "xiaorui",
                "link": "https://stackoverflow.com/users/7730762/xiaorui"
            },
            "is_answered": false,
            "view_count": 27,
            "answer_count": 0,
            "score": 0,
            "last_activity_date": 1526444692,
            "creation_date": 1526443997,
            "last_edit_date": 1526444692,
            "question_id": 50362365,
            "body_markdown": "my calcite version is 1.15.0 and elasticsearch version is 5.3.0\r\n\r\n1. `&quot;select  * from table1 inner join table2 on table1.\\&quot;id\\&quot; = table2.\\&quot;id\\&quot; where table1.\\&quot;id\\&quot; = 1&quot;`\r\n2. `&quot;select  table1.\\&quot;int1\\&quot;,table1.\\&quot;str1\\&quot; from table1 inner join table2 on table1.\\&quot;id\\&quot; = table2.\\&quot;id\\&quot; where table1.\\&quot;id\\&quot; = 1&quot;`\r\n\r\nsql 1 can be executed successfully. but When I run 2 sql, an AssertionError would be thrown out. The stack is as following. logs before **error**\r\n\r\n[![enter image description here][1]][1]\r\n\r\n    java.lang.AssertionError\r\n    \tat org.apache.calcite.adapter.elasticsearch.ElasticsearchProject.&lt;init&gt;(ElasticsearchProject.java:44)\r\n    \tat org.apache.calcite.adapter.elasticsearch.ElasticsearchProject.copy(ElasticsearchProject.java:49)\r\n    \tat org.apache.calcite.rel.rules.FilterProjectTransposeRule.onMatch(FilterProjectTransposeRule.java:131)\r\n    \tat org.apache.calcite.plan.volcano.VolcanoRuleCall.onMatch(VolcanoRuleCall.java:212)\r\n    \tat org.apache.calcite.plan.volcano.VolcanoPlanner.findBestExp(VolcanoPlanner.java:650)\r\n    \tat org.apache.calcite.tools.Programs$5.run(Programs.java:326)\r\n    \tat org.apache.calcite.tools.Programs$SequenceProgram.run(Programs.java:387)\r\n    \tat org.apache.calcite.prepare.Prepare.optimize(Prepare.java:188)\r\n    \tat org.apache.calcite.prepare.Prepare.prepareSql(Prepare.java:319)\r\n    \tat org.apache.calcite.prepare.Prepare.prepareSql(Prepare.java:230)\r\n    \tat org.apache.calcite.prepare.CalcitePrepareImpl.prepare2_(CalcitePrepareImpl.java:781)\r\n    \tat org.apache.calcite.prepare.CalcitePrepareImpl.prepare_(CalcitePrepareImpl.java:640)\r\n    \tat org.apache.calcite.prepare.CalcitePrepareImpl.prepareSql(CalcitePrepareImpl.java:610)\r\n    \tat org.apache.calcite.jdbc.CalciteConnectionImpl.parseQuery(CalciteConnectionImpl.java:221)\r\n    \tat org.apache.calcite.jdbc.CalciteMetaImpl.prepareAndExecute(CalciteMetaImpl.java:603)\r\n    \tat org.apache.calcite.avatica.AvaticaConnection.prepareAndExecuteInternal(AvaticaConnection.java:638)\r\n    \tat org.apache.calcite.avatica.AvaticaStatement.executeInternal(AvaticaStatement.java:149)\r\n    \tat org.apache.calcite.avatica.AvaticaStatement.execute(AvaticaStatement.java:209)\r\n    \tat org.apache.calcite.test.ElasticsearchAdapterTest.testElasticSearch(ElasticsearchAdapterTest.java:35)\r\n    \tat sun.reflect.NativeMethodAccessorImpl.invoke0(Native Method)\r\n    \tat sun.reflect.NativeMethodAccessorImpl.invoke(NativeMethodAccessorImpl.java:62)\r\n    \tat sun.reflect.DelegatingMethodAccessorImpl.invoke(DelegatingMethodAccessorImpl.java:43)\r\n    \tat java.lang.reflect.Method.invoke(Method.java:498)\r\n    \tat org.junit.runners.model.FrameworkMethod$1.runReflectiveCall(FrameworkMethod.java:50)\r\n    \tat org.junit.internal.runners.model.ReflectiveCallable.run(ReflectiveCallable.java:12)\r\n    \tat org.junit.runners.model.FrameworkMethod.invokeExplosively(FrameworkMethod.java:47)\r\n    \tat org.junit.internal.runners.statements.InvokeMethod.evaluate(InvokeMethod.java:17)\r\n    \tat org.junit.runners.ParentRunner.runLeaf(ParentRunner.java:325)\r\n    \tat org.junit.runners.BlockJUnit4ClassRunner.runChild(BlockJUnit4ClassRunner.java:78)\r\n    \tat org.junit.runners.BlockJUnit4ClassRunner.runChild(BlockJUnit4ClassRunner.java:57)\r\n    \tat org.junit.runners.ParentRunner$3.run(ParentRunner.java:290)\r\n    \tat org.junit.runners.ParentRunner$1.schedule(ParentRunner.java:71)\r\n    \tat org.junit.runners.ParentRunner.runChildren(ParentRunner.java:288)\r\n    \tat org.junit.runners.ParentRunner.access$000(ParentRunner.java:58)\r\n    \tat org.junit.runners.ParentRunner$2.evaluate(ParentRunner.java:268)\r\n    \tat org.junit.runners.ParentRunner.run(ParentRunner.java:363)\r\n    \tat org.junit.runner.JUnitCore.run(JUnitCore.java:137)\r\n    \tat com.intellij.junit4.JUnit4IdeaTestRunner.startRunnerWithArgs(JUnit4IdeaTestRunner.java:68)\r\n    \tat com.intellij.rt.execution.junit.IdeaTestRunner$Repeater.startRunnerWithArgs(IdeaTestRunner.java:47)\r\n    \tat com.intellij.rt.execution.junit.JUnitStarter.prepareStreamsAndStart(JUnitStarter.java:242)\r\n    \tat com.intellij.rt.execution.junit.JUnitStarter.main(JUnitStarter.java:70)\r\n\r\n\r\n  [1]: https://i.stack.imgur.com/BDsy0.png",
            "link": "https://stackoverflow.com/questions/50362365/calcite-java-lang-assertionerror-when-executing-sql-inner-join",
            "title": "calcite: java.lang.AssertionError when executing sql inner join",
            "body": "<p>my calcite version is 1.15.0 and elasticsearch version is 5.3.0</p>\n\n<ol>\n<li><code>\"select  * from table1 inner join table2 on table1.\\\"id\\\" = table2.\\\"id\\\" where table1.\\\"id\\\" = 1\"</code></li>\n<li><code>\"select  table1.\\\"int1\\\",table1.\\\"str1\\\" from table1 inner join table2 on table1.\\\"id\\\" = table2.\\\"id\\\" where table1.\\\"id\\\" = 1\"</code></li>\n</ol>\n\n<p>sql 1 can be executed successfully. but When I run 2 sql, an AssertionError would be thrown out. The stack is as following. logs before <strong>error</strong></p>\n\n<p><a href=\"https://i.stack.imgur.com/BDsy0.png\" rel=\"nofollow noreferrer\"><img src=\"https://i.stack.imgur.com/BDsy0.png\" alt=\"enter image description here\"></a></p>\n\n<pre><code>java.lang.AssertionError\n    at org.apache.calcite.adapter.elasticsearch.ElasticsearchProject.&lt;init&gt;(ElasticsearchProject.java:44)\n    at org.apache.calcite.adapter.elasticsearch.ElasticsearchProject.copy(ElasticsearchProject.java:49)\n    at org.apache.calcite.rel.rules.FilterProjectTransposeRule.onMatch(FilterProjectTransposeRule.java:131)\n    at org.apache.calcite.plan.volcano.VolcanoRuleCall.onMatch(VolcanoRuleCall.java:212)\n    at org.apache.calcite.plan.volcano.VolcanoPlanner.findBestExp(VolcanoPlanner.java:650)\n    at org.apache.calcite.tools.Programs$5.run(Programs.java:326)\n    at org.apache.calcite.tools.Programs$SequenceProgram.run(Programs.java:387)\n    at org.apache.calcite.prepare.Prepare.optimize(Prepare.java:188)\n    at org.apache.calcite.prepare.Prepare.prepareSql(Prepare.java:319)\n    at org.apache.calcite.prepare.Prepare.prepareSql(Prepare.java:230)\n    at org.apache.calcite.prepare.CalcitePrepareImpl.prepare2_(CalcitePrepareImpl.java:781)\n    at org.apache.calcite.prepare.CalcitePrepareImpl.prepare_(CalcitePrepareImpl.java:640)\n    at org.apache.calcite.prepare.CalcitePrepareImpl.prepareSql(CalcitePrepareImpl.java:610)\n    at org.apache.calcite.jdbc.CalciteConnectionImpl.parseQuery(CalciteConnectionImpl.java:221)\n    at org.apache.calcite.jdbc.CalciteMetaImpl.prepareAndExecute(CalciteMetaImpl.java:603)\n    at org.apache.calcite.avatica.AvaticaConnection.prepareAndExecuteInternal(AvaticaConnection.java:638)\n    at org.apache.calcite.avatica.AvaticaStatement.executeInternal(AvaticaStatement.java:149)\n    at org.apache.calcite.avatica.AvaticaStatement.execute(AvaticaStatement.java:209)\n    at org.apache.calcite.test.ElasticsearchAdapterTest.testElasticSearch(ElasticsearchAdapterTest.java:35)\n    at sun.reflect.NativeMethodAccessorImpl.invoke0(Native Method)\n    at sun.reflect.NativeMethodAccessorImpl.invoke(NativeMethodAccessorImpl.java:62)\n    at sun.reflect.DelegatingMethodAccessorImpl.invoke(DelegatingMethodAccessorImpl.java:43)\n    at java.lang.reflect.Method.invoke(Method.java:498)\n    at org.junit.runners.model.FrameworkMethod$1.runReflectiveCall(FrameworkMethod.java:50)\n    at org.junit.internal.runners.model.ReflectiveCallable.run(ReflectiveCallable.java:12)\n    at org.junit.runners.model.FrameworkMethod.invokeExplosively(FrameworkMethod.java:47)\n    at org.junit.internal.runners.statements.InvokeMethod.evaluate(InvokeMethod.java:17)\n    at org.junit.runners.ParentRunner.runLeaf(ParentRunner.java:325)\n    at org.junit.runners.BlockJUnit4ClassRunner.runChild(BlockJUnit4ClassRunner.java:78)\n    at org.junit.runners.BlockJUnit4ClassRunner.runChild(BlockJUnit4ClassRunner.java:57)\n    at org.junit.runners.ParentRunner$3.run(ParentRunner.java:290)\n    at org.junit.runners.ParentRunner$1.schedule(ParentRunner.java:71)\n    at org.junit.runners.ParentRunner.runChildren(ParentRunner.java:288)\n    at org.junit.runners.ParentRunner.access$000(ParentRunner.java:58)\n    at org.junit.runners.ParentRunner$2.evaluate(ParentRunner.java:268)\n    at org.junit.runners.ParentRunner.run(ParentRunner.java:363)\n    at org.junit.runner.JUnitCore.run(JUnitCore.java:137)\n    at com.intellij.junit4.JUnit4IdeaTestRunner.startRunnerWithArgs(JUnit4IdeaTestRunner.java:68)\n    at com.intellij.rt.execution.junit.IdeaTestRunner$Repeater.startRunnerWithArgs(IdeaTestRunner.java:47)\n    at com.intellij.rt.execution.junit.JUnitStarter.prepareStreamsAndStart(JUnitStarter.java:242)\n    at com.intellij.rt.execution.junit.JUnitStarter.main(JUnitStarter.java:70)\n</code></pre>\n"
        },
        {
            "tags": [
                "apache",
                ".htaccess",
                "redirect",
                "mod-rewrite"
            ],
            "owner": {
                "reputation": 6,
                "user_id": 5749637,
                "user_type": "registered",
                "profile_image": "https://www.gravatar.com/avatar/957b9acdcd8a6b59d7169a30d00fa9df?s=128&d=identicon&r=PG&f=1",
                "display_name": "Den",
                "link": "https://stackoverflow.com/users/5749637/den"
            },
            "is_answered": false,
            "view_count": 61,
            "answer_count": 0,
            "score": 0,
            "last_activity_date": 1526444678,
            "creation_date": 1526444678,
            "question_id": 50362443,
            "body_markdown": "I restored a website from webarchive so it has files with file names like:\r\n\r\n    blog.html\r\n    blog.html%3fstart%3d10\r\n    blog.html%3fstart%3d20\r\n    blog.html%3fstart%3d30\r\n\r\nAnd the pagination was working with links like blog.html?start=10 etc.\r\n\r\nSo I need simple redirect. My .htaccess looks like the following, but getting 403 error. Please advise\r\n\r\n    RewriteEngine On\r\n    RewriteCond %{ENV:REDIRECT_STATUS} =&quot;&quot;\r\n    RewriteCond %{QUERY_STRING} !=&quot;&quot;\r\n    RewriteRule ^(.*) /$1\\%3F%{QUERY_STRING}",
            "link": "https://stackoverflow.com/questions/50362443/rewriterule-causing-403",
            "title": "RewriteRule causing 403",
            "body": "<p>I restored a website from webarchive so it has files with file names like:</p>\n\n<pre><code>blog.html\nblog.html%3fstart%3d10\nblog.html%3fstart%3d20\nblog.html%3fstart%3d30\n</code></pre>\n\n<p>And the pagination was working with links like blog.html?start=10 etc.</p>\n\n<p>So I need simple redirect. My .htaccess looks like the following, but getting 403 error. Please advise</p>\n\n<pre><code>RewriteEngine On\nRewriteCond %{ENV:REDIRECT_STATUS} =\"\"\nRewriteCond %{QUERY_STRING} !=\"\"\nRewriteRule ^(.*) /$1\\%3F%{QUERY_STRING}\n</code></pre>\n"
        },
        {
            "tags": [
                "docker"
            ],
            "owner": {
                "reputation": 7605,
                "user_id": 3026283,
                "user_type": "registered",
                "accept_rate": 90,
                "profile_image": "https://i.stack.imgur.com/SyT5b.png?s=128&g=1",
                "display_name": "H&#233;ctor",
                "link": "https://stackoverflow.com/users/3026283/h%c3%a9ctor"
            },
            "is_answered": true,
            "view_count": 7548,
            "accepted_answer_id": 35173401,
            "answer_count": 5,
            "score": 2,
            "last_activity_date": 1526444676,
            "creation_date": 1453114507,
            "last_edit_date": 1526444676,
            "question_id": 34852964,
            "body_markdown": "I need setup the corporation proxy in order Docker can download the images from public registry.\r\n\r\n    $ sudo docker run hello-world \r\n    Unable to find image &#39;hello-world:latest&#39; locally \r\n    Pulling repository docker.io/library/hello-world \r\n    Error while pulling image: Get https://index.docker.io/v1/repositories/library/hello-world/images: dial tcp: lookup index.docker.io: no such host\r\n\r\nI&#39;m using Ubuntu 12.04 machine. I have found [this answer][1] but `systemctl` is not present in Ubuntu 12.04. How can I do this?\r\n\r\nThanks.\r\n\r\n  [1]: https://stackoverflow.com/questions/23111631/cannot-download-docker-images-behind-a-proxy\r\n",
            "link": "https://stackoverflow.com/questions/34852964/unable-to-find-image-error-how-to-setup-proxy-to-download-images",
            "title": "Unable to find image error, How to setup proxy to download images",
            "body": "<p>I need setup the corporation proxy in order Docker can download the images from public registry.</p>\n\n<pre><code>$ sudo docker run hello-world \nUnable to find image 'hello-world:latest' locally \nPulling repository docker.io/library/hello-world \nError while pulling image: Get https://index.docker.io/v1/repositories/library/hello-world/images: dial tcp: lookup index.docker.io: no such host\n</code></pre>\n\n<p>I'm using Ubuntu 12.04 machine. I have found <a href=\"https://stackoverflow.com/questions/23111631/cannot-download-docker-images-behind-a-proxy\">this answer</a> but <code>systemctl</code> is not present in Ubuntu 12.04. How can I do this?</p>\n\n<p>Thanks.</p>\n"
        },
        {
            "tags": [
                "ssl"
            ],
            "owner": {
                "reputation": 23,
                "user_id": 5610180,
                "user_type": "registered",
                "accept_rate": 30,
                "profile_image": "https://www.gravatar.com/avatar/ced13883153a3a6bb8d9b5110a008363?s=128&d=identicon&r=PG&f=1",
                "display_name": "spiderman",
                "link": "https://stackoverflow.com/users/5610180/spiderman"
            },
            "is_answered": false,
            "view_count": 16,
            "answer_count": 0,
            "score": 0,
            "last_activity_date": 1526444676,
            "creation_date": 1526444676,
            "question_id": 50362442,
            "body_markdown": "Created the keystore from cert and gives UnsupportedOperationException: trusted certificate entries are not password protected.\r\n\r\n    keytool -importcert -file xyz.cer -keystore test.jks -alias aliastest\r\n\r\n     *    KeyStore.ProtectionParameter protParam =\r\n     *        new KeyStore.PasswordProtection(password);\r\n     *\r\n     *    // get my private key\r\n     *    KeyStore.PrivateKeyEntry pkEntry = (KeyStore.PrivateKeyEntry)\r\n     *        ks.getEntry(&quot;privateKeyAlias&quot;, protParam);\r\n     *    PrivateKey myPrivateKey = pkEntry.getPrivateKey();",
            "link": "https://stackoverflow.com/questions/50362442/unsupportedoperationexception-trusted-certificate-entries-are-not-password-prot",
            "title": "UnsupportedOperationException: trusted certificate entries are not password protected",
            "body": "<p>Created the keystore from cert and gives UnsupportedOperationException: trusted certificate entries are not password protected.</p>\n\n<pre><code>keytool -importcert -file xyz.cer -keystore test.jks -alias aliastest\n\n *    KeyStore.ProtectionParameter protParam =\n *        new KeyStore.PasswordProtection(password);\n *\n *    // get my private key\n *    KeyStore.PrivateKeyEntry pkEntry = (KeyStore.PrivateKeyEntry)\n *        ks.getEntry(\"privateKeyAlias\", protParam);\n *    PrivateKey myPrivateKey = pkEntry.getPrivateKey();\n</code></pre>\n"
        },
        {
            "tags": [
                "javascript",
                "model-view-controller",
                "refactoring"
            ],
            "owner": {
                "reputation": 4320,
                "user_id": 511659,
                "user_type": "registered",
                "accept_rate": 67,
                "profile_image": "https://www.gravatar.com/avatar/9805e5882640d474087a3f56d9ac76f1?s=128&d=identicon&r=PG",
                "display_name": "catandmouse",
                "link": "https://stackoverflow.com/users/511659/catandmouse"
            },
            "is_answered": false,
            "view_count": 28,
            "answer_count": 0,
            "score": -1,
            "last_activity_date": 1526444669,
            "creation_date": 1526444669,
            "question_id": 50362440,
            "body_markdown": "I created a simple Javascript dice game from my understanding of MVC implementation. Am wondering if this is correct or there&#39;s a better way of approaching some things?\r\n\r\n    var model = (function() {\r\n      \r\n      var diceSet = [];\r\n      var diceToRemove = 0;\r\n      var totalDiceRemoved = 0;\r\n      var selectedDiceVal = 0;\r\n      var permDiceLength = 0;\r\n      \r\n      return {\r\n        diceSet: diceSet,\r\n        diceToRemove: diceToRemove,\r\n        totalDiceRemoved: totalDiceRemoved,\r\n        selectedDiceVal: selectedDiceVal,\r\n        permDiceLength: permDiceLength\r\n      }\r\n    \r\n    })();\r\n    \r\n    \r\n    \r\n    var view = (function() {\r\n    \r\n      var domElements = {\r\n        genDiceDOM: document.getElementById(&quot;trigger-gen-dice&quot;),\r\n        rollDiceDOM: document.getElementById(&quot;trigger-roll-dice&quot;),\r\n        diceContainerDOM: document.getElementById(&quot;dice-container&quot;),\r\n        messageDOM: document.getElementById(&quot;message&quot;),\r\n        genDiceContDOM: document.getElementById(&quot;container-init&quot;),\r\n        mainGameDOM: document.getElementById(&quot;container-main-game&quot;),\r\n        valueSelector: document.getElementById(&#39;choose-dice&#39;),\r\n        gameControllerDOM: document.getElementById(&#39;game-controller&#39;),\r\n        inputNumDice: document.getElementById(&quot;input-num-dice&quot;),\r\n        diceRollingDOM: document.getElementById(&quot;rolling-dice-anim&quot;)\r\n      }\r\n      \r\n      var diceImages = {\r\n        dice1: &quot;https://image.ibb.co/mARW6J/dice_1.png&quot;,\r\n        dice2: &quot;https://image.ibb.co/ckY00d/dice_2.png&quot;,\r\n        dice3: &quot;https://image.ibb.co/gJ0DLd/dice_3.png&quot;,\r\n        dice4: &quot;https://image.ibb.co/drDpty/dice_4.png&quot;,\r\n        dice5: &quot;https://image.ibb.co/kqChDy/dice_5.png&quot;,\r\n        dice6: &quot;https://image.ibb.co/duJ00d/dice_6.png&quot;\r\n      }\r\n    \r\n      return {\r\n        domElements: domElements,\r\n        displayDiceSet: function(dataSet) {\r\n    \r\n          domElements.diceContainerDOM.innerHTML = &quot;&quot;;\r\n    \r\n          dataSet.forEach(function(dice) {\r\n    \r\n            var diceDOM = document.createElement(&quot;div&quot;);\r\n            var diceNumDOM = document.createElement(&quot;span&quot;);\r\n    \r\n            diceDOM.className = &quot;dice&quot;;\r\n            domElements.diceContainerDOM.appendChild(diceDOM);\r\n            diceDOM.appendChild(diceNumDOM);\r\n            // console.log(&quot;DICE: &quot; + diceImages.dice1);\r\n            // diceNumDOM.innerHTML = dice.value;\r\n            diceNumDOM.innerHTML = `&lt;img src=&quot;${diceImages[&quot;dice&quot; + dice.value]}&quot; width=&quot;40&quot;&gt;`;\r\n    \r\n            if(dice.selected == true) {\r\n              diceDOM.className += &quot; selected&quot;;\r\n            }\r\n    \r\n          });\r\n        }\r\n      }\r\n    \r\n    })();\r\n    \r\n    \r\n    \r\n    var controller = (function(viewCont, modelCont) {\r\n    \r\n      // Event Handlers\r\n      viewCont.domElements.genDiceDOM.addEventListener(&quot;click&quot;, genNumDice);\r\n      viewCont.domElements.rollDiceDOM.addEventListener(&quot;click&quot;, rollDice);\r\n      viewCont.domElements.valueSelector.onclick = getSelectedVal;\r\n    \r\n    \r\n      function Dice(name, value, selected, diceImage) {\r\n        this.name = name;\r\n        this.value = value;\r\n        this.selected = selected;\r\n        this.diceImage = diceImage;\r\n      }\r\n    \r\n    \r\n      function getSelectedVal(e) {\r\n        var target = e.target;\r\n    \r\n        for (var i = 0; i &lt; viewCont.domElements.valueSelector.children.length; i++) {\r\n          // console.log(&quot;TEST&quot;);\r\n          viewCont.domElements.valueSelector.children[i].className = &quot;&quot;;    \r\n        }\r\n    \r\n        target.className = &quot;dice-selected&quot;;\r\n        modelCont.selectedDiceVal = e.target.innerHTML;\r\n      }\r\n    \r\n    \r\n      function genNumDice() {\r\n    \r\n        viewCont.domElements.messageDOM.style.display = &quot;block&quot;;\r\n    \r\n        if(viewCont.domElements.inputNumDice.value === &quot;&quot;) {\r\n    \r\n          viewCont.domElements.messageDOM.innerHTML = `Please enter a number!`;  \r\n    \r\n        } else {\r\n    \r\n          var diceNumDOM =  parseInt((view.domElements.inputNumDice).value);\r\n    \r\n          viewCont.domElements.messageDOM.innerHTML = `Okay, I&#39;ve generated ${diceNumDOM} pieces of dice!`;  \r\n    \r\n          for(i = 0; i &lt; diceNumDOM; i++) {\r\n            modelCont.diceSet[i] = new Dice(&quot;dice&quot; + parseInt(i+1), null, false, null);\r\n          }\r\n    \r\n          modelCont.permDiceLength = modelCont.diceSet.length;\r\n    \r\n          viewCont.domElements.genDiceContDOM.style.display = &quot;none&quot;;\r\n          viewCont.domElements.mainGameDOM.style.display = &quot;block&quot;;\r\n    \r\n        }\r\n    \r\n      }\r\n    \r\n    \r\n      function rollDice() {\r\n    \r\n        viewCont.domElements.messageDOM.style.display = &quot;block&quot;;\r\n        viewCont.domElements.diceContainerDOM.style.display = &quot;none&quot;;\r\n    \r\n        viewCont.domElements.messageDOM.innerHTML = &quot;Rolling the dice...&quot;;  \r\n        viewCont.domElements.diceRollingDOM.style.display = &quot;block&quot;;\r\n    \r\n    \r\n        setTimeout(function(){ \r\n          \r\n          viewCont.domElements.diceRollingDOM.style.display = &quot;none&quot;;\r\n    \r\n          viewCont.domElements.diceContainerDOM.style.display = &quot;block&quot;;\r\n          viewCont.domElements.messageDOM.style.display = &quot;block&quot;;\r\n    \r\n          modelCont.diceSet.splice(0, modelCont.diceToRemove);\r\n          modelCont.diceToRemove = 0;\r\n          \r\n          var diceValueDOM = parseInt(modelCont.selectedDiceVal);\r\n          \r\n          modelCont.diceSet.forEach(function(dice, index) {\r\n            var randomNum = Math.floor((Math.random() * 6) + 1);\r\n            dice.value = randomNum;        \r\n            // dice.diceImage = viewCont.diceImages.dice[randomNum].value;\r\n            if(diceValueDOM === dice.value) {\r\n              modelCont.diceToRemove++;\r\n              modelCont.totalDiceRemoved++;\r\n              dice.selected = true;\r\n            } else {\r\n              dice.selected = false;\r\n            }\r\n          });\r\n    \r\n          if(modelCont.diceToRemove &gt; 0) {\r\n            if(modelCont.totalDiceRemoved === modelCont.permDiceLength) { \r\n              viewCont.domElements.messageDOM.innerHTML = `I bet you drank a ton! No worries, you got it! Game has ended.`;\r\n              viewCont.domElements.gameControllerDOM.style.display = &quot;none&quot;;\r\n            } else {\r\n              viewCont.domElements.messageDOM.innerHTML = `Good guess! There&#39;s a &quot;${ diceValueDOM }&quot; in the set!`;\r\n            }\r\n          } else {\r\n            viewCont.domElements.messageDOM.innerHTML = `There&#39;s no &quot;${ diceValueDOM }&quot; in the set. Drink, drink, drink!`;\r\n          }\r\n    \r\n          viewCont.displayDiceSet(model.diceSet);\r\n    \r\n        }, 1000);\r\n    \r\n      }\r\n    \r\n    })(view, model);\r\n\r\n**Codepen:** [Simple Dice Javascript Game][1]\r\n\r\n\r\n  [1]: https://codepen.io/aguerrero/pen/ELpGZM\r\n",
            "link": "https://stackoverflow.com/questions/50362440/is-there-a-way-to-refactor-this-code-simple-javascript-dice-game",
            "title": "Is there a way to refactor this code (simple javascript dice game)?",
            "body": "<p>I created a simple Javascript dice game from my understanding of MVC implementation. Am wondering if this is correct or there's a better way of approaching some things?</p>\n\n<pre><code>var model = (function() {\n\n  var diceSet = [];\n  var diceToRemove = 0;\n  var totalDiceRemoved = 0;\n  var selectedDiceVal = 0;\n  var permDiceLength = 0;\n\n  return {\n    diceSet: diceSet,\n    diceToRemove: diceToRemove,\n    totalDiceRemoved: totalDiceRemoved,\n    selectedDiceVal: selectedDiceVal,\n    permDiceLength: permDiceLength\n  }\n\n})();\n\n\n\nvar view = (function() {\n\n  var domElements = {\n    genDiceDOM: document.getElementById(\"trigger-gen-dice\"),\n    rollDiceDOM: document.getElementById(\"trigger-roll-dice\"),\n    diceContainerDOM: document.getElementById(\"dice-container\"),\n    messageDOM: document.getElementById(\"message\"),\n    genDiceContDOM: document.getElementById(\"container-init\"),\n    mainGameDOM: document.getElementById(\"container-main-game\"),\n    valueSelector: document.getElementById('choose-dice'),\n    gameControllerDOM: document.getElementById('game-controller'),\n    inputNumDice: document.getElementById(\"input-num-dice\"),\n    diceRollingDOM: document.getElementById(\"rolling-dice-anim\")\n  }\n\n  var diceImages = {\n    dice1: \"https://image.ibb.co/mARW6J/dice_1.png\",\n    dice2: \"https://image.ibb.co/ckY00d/dice_2.png\",\n    dice3: \"https://image.ibb.co/gJ0DLd/dice_3.png\",\n    dice4: \"https://image.ibb.co/drDpty/dice_4.png\",\n    dice5: \"https://image.ibb.co/kqChDy/dice_5.png\",\n    dice6: \"https://image.ibb.co/duJ00d/dice_6.png\"\n  }\n\n  return {\n    domElements: domElements,\n    displayDiceSet: function(dataSet) {\n\n      domElements.diceContainerDOM.innerHTML = \"\";\n\n      dataSet.forEach(function(dice) {\n\n        var diceDOM = document.createElement(\"div\");\n        var diceNumDOM = document.createElement(\"span\");\n\n        diceDOM.className = \"dice\";\n        domElements.diceContainerDOM.appendChild(diceDOM);\n        diceDOM.appendChild(diceNumDOM);\n        // console.log(\"DICE: \" + diceImages.dice1);\n        // diceNumDOM.innerHTML = dice.value;\n        diceNumDOM.innerHTML = `&lt;img src=\"${diceImages[\"dice\" + dice.value]}\" width=\"40\"&gt;`;\n\n        if(dice.selected == true) {\n          diceDOM.className += \" selected\";\n        }\n\n      });\n    }\n  }\n\n})();\n\n\n\nvar controller = (function(viewCont, modelCont) {\n\n  // Event Handlers\n  viewCont.domElements.genDiceDOM.addEventListener(\"click\", genNumDice);\n  viewCont.domElements.rollDiceDOM.addEventListener(\"click\", rollDice);\n  viewCont.domElements.valueSelector.onclick = getSelectedVal;\n\n\n  function Dice(name, value, selected, diceImage) {\n    this.name = name;\n    this.value = value;\n    this.selected = selected;\n    this.diceImage = diceImage;\n  }\n\n\n  function getSelectedVal(e) {\n    var target = e.target;\n\n    for (var i = 0; i &lt; viewCont.domElements.valueSelector.children.length; i++) {\n      // console.log(\"TEST\");\n      viewCont.domElements.valueSelector.children[i].className = \"\";    \n    }\n\n    target.className = \"dice-selected\";\n    modelCont.selectedDiceVal = e.target.innerHTML;\n  }\n\n\n  function genNumDice() {\n\n    viewCont.domElements.messageDOM.style.display = \"block\";\n\n    if(viewCont.domElements.inputNumDice.value === \"\") {\n\n      viewCont.domElements.messageDOM.innerHTML = `Please enter a number!`;  \n\n    } else {\n\n      var diceNumDOM =  parseInt((view.domElements.inputNumDice).value);\n\n      viewCont.domElements.messageDOM.innerHTML = `Okay, I've generated ${diceNumDOM} pieces of dice!`;  \n\n      for(i = 0; i &lt; diceNumDOM; i++) {\n        modelCont.diceSet[i] = new Dice(\"dice\" + parseInt(i+1), null, false, null);\n      }\n\n      modelCont.permDiceLength = modelCont.diceSet.length;\n\n      viewCont.domElements.genDiceContDOM.style.display = \"none\";\n      viewCont.domElements.mainGameDOM.style.display = \"block\";\n\n    }\n\n  }\n\n\n  function rollDice() {\n\n    viewCont.domElements.messageDOM.style.display = \"block\";\n    viewCont.domElements.diceContainerDOM.style.display = \"none\";\n\n    viewCont.domElements.messageDOM.innerHTML = \"Rolling the dice...\";  \n    viewCont.domElements.diceRollingDOM.style.display = \"block\";\n\n\n    setTimeout(function(){ \n\n      viewCont.domElements.diceRollingDOM.style.display = \"none\";\n\n      viewCont.domElements.diceContainerDOM.style.display = \"block\";\n      viewCont.domElements.messageDOM.style.display = \"block\";\n\n      modelCont.diceSet.splice(0, modelCont.diceToRemove);\n      modelCont.diceToRemove = 0;\n\n      var diceValueDOM = parseInt(modelCont.selectedDiceVal);\n\n      modelCont.diceSet.forEach(function(dice, index) {\n        var randomNum = Math.floor((Math.random() * 6) + 1);\n        dice.value = randomNum;        \n        // dice.diceImage = viewCont.diceImages.dice[randomNum].value;\n        if(diceValueDOM === dice.value) {\n          modelCont.diceToRemove++;\n          modelCont.totalDiceRemoved++;\n          dice.selected = true;\n        } else {\n          dice.selected = false;\n        }\n      });\n\n      if(modelCont.diceToRemove &gt; 0) {\n        if(modelCont.totalDiceRemoved === modelCont.permDiceLength) { \n          viewCont.domElements.messageDOM.innerHTML = `I bet you drank a ton! No worries, you got it! Game has ended.`;\n          viewCont.domElements.gameControllerDOM.style.display = \"none\";\n        } else {\n          viewCont.domElements.messageDOM.innerHTML = `Good guess! There's a \"${ diceValueDOM }\" in the set!`;\n        }\n      } else {\n        viewCont.domElements.messageDOM.innerHTML = `There's no \"${ diceValueDOM }\" in the set. Drink, drink, drink!`;\n      }\n\n      viewCont.displayDiceSet(model.diceSet);\n\n    }, 1000);\n\n  }\n\n})(view, model);\n</code></pre>\n\n<p><strong>Codepen:</strong> <a href=\"https://codepen.io/aguerrero/pen/ELpGZM\" rel=\"nofollow noreferrer\">Simple Dice Javascript Game</a></p>\n"
        },
        {
            "tags": [
                "python",
                "django",
                "python-3.x"
            ],
            "owner": {
                "reputation": 28,
                "user_id": 3874512,
                "user_type": "registered",
                "profile_image": "https://www.gravatar.com/avatar/2096d0d108e55ca0b691fb9161377ae1?s=128&d=identicon&r=PG&f=1",
                "display_name": "BowlingHawk95",
                "link": "https://stackoverflow.com/users/3874512/bowlinghawk95"
            },
            "is_answered": true,
            "view_count": 18,
            "accepted_answer_id": 50362435,
            "answer_count": 1,
            "score": 1,
            "last_activity_date": 1526444629,
            "creation_date": 1526441898,
            "question_id": 50362140,
            "body_markdown": "I have a model that looks like the following (some irrelevant fields have been omitted):\r\n\r\n    class Note(models.Model):\r\n        enterprise_id = models.IntegerField(db_index=True)\r\n        field_id = models.IntegerField()\r\n        activity = models.TextField(choices=ACTIVITY_CHOICES)\r\n        user_date = models.DateTimeField()\r\n\r\nI would like to (in SQL terms) group by the combination of (enterprise_id, field_id, activity, year of user_date) and then for each group, list the user_dates from Notes that went into it.  The following queryset works, but the array_agg list ends up being a string such as `[datetime.datetime(2017,1,1,0,0,0),...]` or similar, which is not very easily parsable.\r\n\r\nIs there a way that I can `ArrayAgg` the unix timestamp from the `user_date` field, rather than the datetime object itself? Or failing that, `ArrayAgg` the tuple of (year, month, day) so it can be parsed?\r\n\r\n    qs = self.get_queryset()\\\r\n                .annotate(year=ExtractYear(&#39;user_date&#39;))\\\r\n                .values(&#39;activity&#39;, &#39;enterprise_id&#39;, &#39;field_id&#39;, &#39;year&#39;)\\\r\n                .order_by(&#39;activity&#39;, &#39;enterprise_id&#39;, &#39;field_id&#39;, &#39;year&#39;) \\\r\n                .annotate(dates=ArrayAgg(&#39;user_date&#39;))",
            "link": "https://stackoverflow.com/questions/50362140/django-list-of-timestamps-from-datetimefields-in-output-of-group-by",
            "title": "Django list of timestamps from DateTimeFields in output of group-by",
            "body": "<p>I have a model that looks like the following (some irrelevant fields have been omitted):</p>\n\n<pre><code>class Note(models.Model):\n    enterprise_id = models.IntegerField(db_index=True)\n    field_id = models.IntegerField()\n    activity = models.TextField(choices=ACTIVITY_CHOICES)\n    user_date = models.DateTimeField()\n</code></pre>\n\n<p>I would like to (in SQL terms) group by the combination of (enterprise_id, field_id, activity, year of user_date) and then for each group, list the user_dates from Notes that went into it.  The following queryset works, but the array_agg list ends up being a string such as <code>[datetime.datetime(2017,1,1,0,0,0),...]</code> or similar, which is not very easily parsable.</p>\n\n<p>Is there a way that I can <code>ArrayAgg</code> the unix timestamp from the <code>user_date</code> field, rather than the datetime object itself? Or failing that, <code>ArrayAgg</code> the tuple of (year, month, day) so it can be parsed?</p>\n\n<pre><code>qs = self.get_queryset()\\\n            .annotate(year=ExtractYear('user_date'))\\\n            .values('activity', 'enterprise_id', 'field_id', 'year')\\\n            .order_by('activity', 'enterprise_id', 'field_id', 'year') \\\n            .annotate(dates=ArrayAgg('user_date'))\n</code></pre>\n"
        },
        {
            "tags": [
                "ios",
                "swift",
                "alamofire"
            ],
            "owner": {
                "reputation": 2481,
                "user_id": 260056,
                "user_type": "registered",
                "accept_rate": 66,
                "profile_image": "https://www.gravatar.com/avatar/b1e87c4656b284bdc1d2a649cb2cad9a?s=128&d=identicon&r=PG",
                "display_name": "pankaj",
                "link": "https://stackoverflow.com/users/260056/pankaj"
            },
            "is_answered": true,
            "view_count": 5457,
            "accepted_answer_id": 41887286,
            "answer_count": 2,
            "score": 0,
            "last_activity_date": 1526444626,
            "creation_date": 1485441536,
            "question_id": 41875919,
            "body_markdown": "I am trying to save some text data and an image to server using Alamofire but I am getting following error:\r\n\r\n&gt; FAILURE: responseSerializationFailed(Alamofire.AFError.ResponseSerializationFailureReason.jsonSerializationFailed(Error Domain=NSCocoaErrorDomain Code=3840 &quot;Invalid value around character 0.&quot; UserInfo={NSDebugDescription=Invalid value around character 0.}))\r\n\r\nMy Code:\r\n\r\n    internal func postContent(forApi Name:String, image:UIImage?, withData payload:[String: String], success: ((_ response:[String: AnyObject])-&gt;Void)?, failure: ((Error)-&gt;Void)?) {\r\n        //create Alamofire request\r\n        //if everything was fine call success block with people array passed into it\r\n        //if failure occurred, call failure block with error.\r\n        if(isConnectedToNetwork()){\r\n            let url = SharedConstants.baseURL+Name\r\n            print(&quot;url &quot;+SharedConstants.baseURL+Name)\r\n            \r\n            Alamofire.upload(multipartFormData: { (multipartFormData) in\r\n                if let img = image {\r\n                    multipartFormData.append(UIImageJPEGRepresentation(img, 0.5)!, withName: &quot;photo_path&quot;, fileName: &quot;swift_file.jpeg&quot;, mimeType: &quot;image/jpeg&quot;)\r\n                }\r\n                \r\n                for (key, value) in payload {\r\n                    multipartFormData.append(value.data(using: .utf8)!, withName: key)\r\n                }\r\n            }, to: url, method: .post , headers:nil, encodingCompletion: { (result) in\r\n                switch result {\r\n                case .success(let upload, _, _):\r\n\r\n                    upload.responseJSON(completionHandler: { (response) in\r\n                        print(response.request)  // original URL request\r\n                        print(response.response) // URL response\r\n                        print(response.data)     // server data\r\n                        print(response.result)   // result of response serialization\r\n                        \r\n                        if let JSON = response.result.value {\r\n                            print(JSON)\r\n                            success!(JSON as! [String: AnyObject])\r\n                        }\r\n                        else{\r\n                            failure!(ErrorType.noRecordFound)\r\n                        }\r\n                    })\r\n                case .failure(let error):\r\n                    print(error)\r\n                }\r\n            })\r\n        }\r\n        else{\r\n            failure!(ErrorType.internetNotWorking)\r\n        }\r\n    }\r\n\r\nThanks in advance",
            "link": "https://stackoverflow.com/questions/41875919/serializationfailure-error-while-posting-data-with-alamofire",
            "title": "SerializationFailure error while posting data with Alamofire",
            "body": "<p>I am trying to save some text data and an image to server using Alamofire but I am getting following error:</p>\n\n<blockquote>\n  <p>FAILURE: responseSerializationFailed(Alamofire.AFError.ResponseSerializationFailureReason.jsonSerializationFailed(Error Domain=NSCocoaErrorDomain Code=3840 \"Invalid value around character 0.\" UserInfo={NSDebugDescription=Invalid value around character 0.}))</p>\n</blockquote>\n\n<p>My Code:</p>\n\n<pre><code>internal func postContent(forApi Name:String, image:UIImage?, withData payload:[String: String], success: ((_ response:[String: AnyObject])-&gt;Void)?, failure: ((Error)-&gt;Void)?) {\n    //create Alamofire request\n    //if everything was fine call success block with people array passed into it\n    //if failure occurred, call failure block with error.\n    if(isConnectedToNetwork()){\n        let url = SharedConstants.baseURL+Name\n        print(\"url \"+SharedConstants.baseURL+Name)\n\n        Alamofire.upload(multipartFormData: { (multipartFormData) in\n            if let img = image {\n                multipartFormData.append(UIImageJPEGRepresentation(img, 0.5)!, withName: \"photo_path\", fileName: \"swift_file.jpeg\", mimeType: \"image/jpeg\")\n            }\n\n            for (key, value) in payload {\n                multipartFormData.append(value.data(using: .utf8)!, withName: key)\n            }\n        }, to: url, method: .post , headers:nil, encodingCompletion: { (result) in\n            switch result {\n            case .success(let upload, _, _):\n\n                upload.responseJSON(completionHandler: { (response) in\n                    print(response.request)  // original URL request\n                    print(response.response) // URL response\n                    print(response.data)     // server data\n                    print(response.result)   // result of response serialization\n\n                    if let JSON = response.result.value {\n                        print(JSON)\n                        success!(JSON as! [String: AnyObject])\n                    }\n                    else{\n                        failure!(ErrorType.noRecordFound)\n                    }\n                })\n            case .failure(let error):\n                print(error)\n            }\n        })\n    }\n    else{\n        failure!(ErrorType.internetNotWorking)\n    }\n}\n</code></pre>\n\n<p>Thanks in advance</p>\n"
        },
        {
            "tags": [
                "python",
                "heroku",
                "pip"
            ],
            "owner": {
                "reputation": 492,
                "user_id": 123776,
                "user_type": "registered",
                "accept_rate": 80,
                "profile_image": "https://www.gravatar.com/avatar/a00ccedc5f486842535576db32e7d1ea?s=128&d=identicon&r=PG",
                "display_name": "mjumbewu",
                "link": "https://stackoverflow.com/users/123776/mjumbewu"
            },
            "is_answered": true,
            "view_count": 3985,
            "accepted_answer_id": 9471488,
            "answer_count": 4,
            "score": 11,
            "last_activity_date": 1526444595,
            "creation_date": 1330371042,
            "question_id": 9471017,
            "body_markdown": "For my (Django) project on Heroku, I updated one of the dependencies in my requirements.txt file to a newer version, and now I want Heroku to upgrade the version installed. I tried:\r\n\r\n    heroku run &quot;pip install -r requirements.txt --upgrade -E .&quot;\r\n\r\nWhich spits the right output to the terminal, but apparently does not actually upgrade anything; when I run:\r\n\r\n    heroku run &quot;pip freeze -E .&quot;\r\n\r\nAll of the package versions are the same. I even tried removing the package and that didn&#39;t work either. How do I force an upgrade of a dependency in a Python project on Heroku?",
            "link": "https://stackoverflow.com/questions/9471017/how-do-i-upgrade-a-dependency-in-a-python-project-on-heroku",
            "title": "How do I upgrade a dependency in a Python project on Heroku",
            "body": "<p>For my (Django) project on Heroku, I updated one of the dependencies in my requirements.txt file to a newer version, and now I want Heroku to upgrade the version installed. I tried:</p>\n\n<pre><code>heroku run \"pip install -r requirements.txt --upgrade -E .\"\n</code></pre>\n\n<p>Which spits the right output to the terminal, but apparently does not actually upgrade anything; when I run:</p>\n\n<pre><code>heroku run \"pip freeze -E .\"\n</code></pre>\n\n<p>All of the package versions are the same. I even tried removing the package and that didn't work either. How do I force an upgrade of a dependency in a Python project on Heroku?</p>\n"
        },
        {
            "tags": [
                "stripe-payments",
                "stripe-connect"
            ],
            "owner": {
                "reputation": 8,
                "user_id": 4084023,
                "user_type": "registered",
                "profile_image": "https://www.gravatar.com/avatar/ed5e4faeb957416cafae3d496ce1a27b?s=128&d=identicon&r=PG&f=1",
                "display_name": "nirav",
                "link": "https://stackoverflow.com/users/4084023/nirav"
            },
            "is_answered": true,
            "view_count": 710,
            "accepted_answer_id": 41976336,
            "answer_count": 2,
            "score": 1,
            "last_activity_date": 1526444578,
            "creation_date": 1485926952,
            "last_edit_date": 1485941425,
            "question_id": 41972521,
            "body_markdown": "i have an issue in transfer.\r\n\r\nmy stripe connected account available bal is $200.00  and i have an transfer my $200.00  and pandding balance is $150.00 balance to my bank account.\r\n\r\nto showing error  insuficient funds in your stripe connected account\r\n\r\nsee my code:\r\n\r\n    \\Stripe\\Stripe::setApiKey($_REQUEST[&#39;secret_id&#39;]);\r\n    \r\n    $transfer = \\Stripe\\Transfer::create(array(\r\n        &quot;amount&quot; =&gt; 20000,\r\n        &quot;currency&quot; =&gt; &quot;usd&quot;,\r\n        &quot;destination&quot; =&gt; &quot;default_for_currency&quot;,\r\n        &quot;description&quot; =&gt; $_REQUEST[&#39;description&#39;],\r\n        &quot;source_type&quot; =&gt; &quot;bank_account&quot;\r\n    ));\r\n\r\nsee output :\r\n\r\n    {\r\n        msg = &quot;You have insufficient funds in your Stripe account for this transfer. Your ACH balance is too low.  You can use the the /v1/balance endpoint to view your Stripe balance (for more details, see stripe.com/docs/api#balance).&quot;;\r\n        status = 0;\r\n    }\r\n\r\n \r\ni need solution please.",
            "link": "https://stackoverflow.com/questions/41972521/issue-in-stripe-connected-account-to-bank-transfer",
            "title": "issue in stripe connected account to bank transfer",
            "body": "<p>i have an issue in transfer.</p>\n\n<p>my stripe connected account available bal is $200.00  and i have an transfer my $200.00  and pandding balance is $150.00 balance to my bank account.</p>\n\n<p>to showing error  insuficient funds in your stripe connected account</p>\n\n<p>see my code:</p>\n\n<pre><code>\\Stripe\\Stripe::setApiKey($_REQUEST['secret_id']);\n\n$transfer = \\Stripe\\Transfer::create(array(\n    \"amount\" =&gt; 20000,\n    \"currency\" =&gt; \"usd\",\n    \"destination\" =&gt; \"default_for_currency\",\n    \"description\" =&gt; $_REQUEST['description'],\n    \"source_type\" =&gt; \"bank_account\"\n));\n</code></pre>\n\n<p>see output :</p>\n\n<pre><code>{\n    msg = \"You have insufficient funds in your Stripe account for this transfer. Your ACH balance is too low.  You can use the the /v1/balance endpoint to view your Stripe balance (for more details, see stripe.com/docs/api#balance).\";\n    status = 0;\n}\n</code></pre>\n\n<p>i need solution please.</p>\n"
        },
        {
            "tags": [
                "excel",
                "vba",
                "excel-vba"
            ],
            "owner": {
                "reputation": 25,
                "user_id": 4117645,
                "user_type": "registered",
                "profile_image": "https://www.gravatar.com/avatar/615502ba0b1825b18e2e9fb2919b0ce1?s=128&d=identicon&r=PG&f=1",
                "display_name": "Eddie",
                "link": "https://stackoverflow.com/users/4117645/eddie"
            },
            "is_answered": true,
            "view_count": 34,
            "accepted_answer_id": 50361952,
            "answer_count": 1,
            "score": 1,
            "last_activity_date": 1526444575,
            "creation_date": 1526439762,
            "last_edit_date": 1526440728,
            "question_id": 50361864,
            "body_markdown": "I have an existing add-in which has other functions to apply to many excel files. I would like to perform this action where I select x numbers of cell and if it exceeds 100 counts then it will prompt the user a message. This action should work at any workbook that I am going to open (and import the add-in into the workbook). I have looked at some links about application events but I still do not understand how it should work for me. I would appreciate if anyone could help me with this.\r\n\r\nI have referenced the following codes from\r\n\r\n#1 - https://superuser.com/questions/920578/count-number-of-selected-cells\r\n#2 - http://www.excely.com/excel-vba/using-message-box.shtml\r\n\r\n**Codes:**\r\n\r\n    Private Sub Worksheet_SelectionChange(ByVal Target As Range)\r\n    \r\n    Dim totalCells As Long\r\n    totalCells = ActiveSheet.Selection.Cells.Count\r\n    \r\n    If totalCells &gt; 100 Then\r\n        MsgBox (totalCells)\r\n    End If\r\n    \r\n    End Sub\r\n\r\n",
            "link": "https://stackoverflow.com/questions/50361864/vba-add-in-count-selected-cells",
            "title": "VBA Add-In - Count selected cells",
            "body": "<p>I have an existing add-in which has other functions to apply to many excel files. I would like to perform this action where I select x numbers of cell and if it exceeds 100 counts then it will prompt the user a message. This action should work at any workbook that I am going to open (and import the add-in into the workbook). I have looked at some links about application events but I still do not understand how it should work for me. I would appreciate if anyone could help me with this.</p>\n\n<p>I have referenced the following codes from</p>\n\n<h1>1 - <a href=\"https://superuser.com/questions/920578/count-number-of-selected-cells\">https://superuser.com/questions/920578/count-number-of-selected-cells</a></h1>\n\n<h1>2 - <a href=\"http://www.excely.com/excel-vba/using-message-box.shtml\" rel=\"nofollow noreferrer\">http://www.excely.com/excel-vba/using-message-box.shtml</a></h1>\n\n<p><strong>Codes:</strong></p>\n\n<pre><code>Private Sub Worksheet_SelectionChange(ByVal Target As Range)\n\nDim totalCells As Long\ntotalCells = ActiveSheet.Selection.Cells.Count\n\nIf totalCells &gt; 100 Then\n    MsgBox (totalCells)\nEnd If\n\nEnd Sub\n</code></pre>\n"
        },
        {
            "tags": [
                "node.js",
                "angular",
                "pdf-generation",
                "ejs"
            ],
            "owner": {
                "reputation": 1,
                "user_id": 9552856,
                "user_type": "registered",
                "profile_image": "https://graph.facebook.com/10210438901802765/picture?type=large",
                "display_name": "Neeraj Ramuka",
                "link": "https://stackoverflow.com/users/9552856/neeraj-ramuka"
            },
            "is_answered": false,
            "view_count": 15,
            "answer_count": 0,
            "score": -1,
            "last_activity_date": 1526444571,
            "creation_date": 1526407877,
            "last_edit_date": 1526444571,
            "question_id": 50356751,
            "body_markdown": "I am using node js to render ejs file to get pdf. Everything seems fine in process but get an unusual space after letter s and t. \r\n\r\n[![ejs rendered pdf][1]][1]\r\n\r\n\r\n  [1]: https://i.stack.imgur.com/crgRM.png\r\n",
            "link": "https://stackoverflow.com/questions/50356751/unusual-space-after-character-s-and-t-in-ejs-rendering",
            "title": "Unusual space after character &#39;s&#39; and &#39;t&#39; in ejs rendering",
            "body": "<p>I am using node js to render ejs file to get pdf. Everything seems fine in process but get an unusual space after letter s and t. </p>\n\n<p><a href=\"https://i.stack.imgur.com/crgRM.png\" rel=\"nofollow noreferrer\"><img src=\"https://i.stack.imgur.com/crgRM.png\" alt=\"ejs rendered pdf\"></a></p>\n"
        },
        {
            "tags": [
                "javascript",
                "jquery"
            ],
            "owner": {
                "reputation": 63,
                "user_id": 1713514,
                "user_type": "registered",
                "accept_rate": 78,
                "profile_image": "https://www.gravatar.com/avatar/dc0c1e3fecb00d0483dad56e8cb89ac8?s=128&d=identicon&r=PG",
                "display_name": "joh",
                "link": "https://stackoverflow.com/users/1713514/joh"
            },
            "is_answered": true,
            "view_count": 6474,
            "accepted_answer_id": 13975975,
            "answer_count": 3,
            "score": 3,
            "last_activity_date": 1526444565,
            "creation_date": 1356019046,
            "question_id": 13975921,
            "body_markdown": "Well, i am trying to create a box should pop out when a link is hovered,\r\n\r\nwell i got the basic covered, but for some reason i couldn&#39;t fully accomplish what i am trying to do. \r\n\r\nas you can see on here, http://jsfiddle.net/EpV87/1/ (sorry its a poor recreation of the problem i am having)\r\n\r\nWhat i am trying to do is to make the box (`TEST`) visible if `HOVER HERE` is hovered and box should visible if mouse is hovered inside.\r\n\r\nwhen the mouse entered `TEST`, it works correctly, however, when it is hovered to other `OTHER` and a empty space, it doesn&#39;t work correctly as the `TEST` box is still visible.\r\n\r\nHow do i make the `TEST` box hide if mouse hovered on OTHER &amp; empty space\r\nThanks and i am newbie to jQuery.",
            "link": "https://stackoverflow.com/questions/13975921/jquery-display-box-on-hover-and-hide-on-mouseleave",
            "title": "jQuery display box on hover and hide on mouseleave",
            "body": "<p>Well, i am trying to create a box should pop out when a link is hovered,</p>\n\n<p>well i got the basic covered, but for some reason i couldn't fully accomplish what i am trying to do. </p>\n\n<p>as you can see on here, <a href=\"http://jsfiddle.net/EpV87/1/\" rel=\"nofollow\">http://jsfiddle.net/EpV87/1/</a> (sorry its a poor recreation of the problem i am having)</p>\n\n<p>What i am trying to do is to make the box (<code>TEST</code>) visible if <code>HOVER HERE</code> is hovered and box should visible if mouse is hovered inside.</p>\n\n<p>when the mouse entered <code>TEST</code>, it works correctly, however, when it is hovered to other <code>OTHER</code> and a empty space, it doesn't work correctly as the <code>TEST</code> box is still visible.</p>\n\n<p>How do i make the <code>TEST</code> box hide if mouse hovered on OTHER &amp; empty space\nThanks and i am newbie to jQuery.</p>\n"
        },
        {
            "tags": [
                "javascript",
                "templates",
                "blogger"
            ],
            "owner": {
                "reputation": 1,
                "user_id": 9795293,
                "user_type": "registered",
                "profile_image": "https://lh3.googleusercontent.com/-XdUIqdMkCWA/AAAAAAAAAAI/AAAAAAAAAAA/4252rscbv5M/photo.jpg?sz=128",
                "display_name": "Neha -EventEyes",
                "link": "https://stackoverflow.com/users/9795293/neha-eventeyes"
            },
            "is_answered": false,
            "view_count": 10,
            "answer_count": 0,
            "score": -3,
            "last_activity_date": 1526444562,
            "creation_date": 1526399928,
            "last_edit_date": 1526444562,
            "question_id": 50354572,
            "body_markdown": "My blog www.mapfest.in is using an online template. When I add pages, it gets added, but the content on pages is not visible. \r\n\r\nPlease check www.mapfest.in and click on pages- MAP Media Coverage. It will give you an idea.\r\n\r\nHow to correct the code to show page content?\r\n",
            "link": "https://stackoverflow.com/questions/50354572/blogger-template-not-showing-page-content",
            "title": "Blogger Template not showing Page Content",
            "body": "<p>My blog www.mapfest.in is using an online template. When I add pages, it gets added, but the content on pages is not visible. </p>\n\n<p>Please check www.mapfest.in and click on pages- MAP Media Coverage. It will give you an idea.</p>\n\n<p>How to correct the code to show page content?</p>\n"
        },
        {
            "tags": [
                "tensorflow"
            ],
            "owner": {
                "reputation": 1,
                "user_id": 6933594,
                "user_type": "registered",
                "profile_image": "https://lh5.googleusercontent.com/-WFV2MMkCXng/AAAAAAAAAAI/AAAAAAAAACI/zSCZ_lfJ6Y4/photo.jpg?sz=128",
                "display_name": "Hyunjung Park",
                "link": "https://stackoverflow.com/users/6933594/hyunjung-park"
            },
            "is_answered": false,
            "view_count": 9,
            "answer_count": 0,
            "score": 0,
            "last_activity_date": 1526444559,
            "creation_date": 1526434532,
            "last_edit_date": 1526444559,
            "question_id": 50361252,
            "body_markdown": "I&#39;m trying to fine-tuning using my custom model.\r\n\r\nThis model is not given by any library like slim etc and I have a code of architecture, .ckpt, .pb file. I also trained this model by A dataset.\r\nI want to fine-tune using this trained custom model(from A dataset) to B dataset, but they have different class number(A:50 B:70), so I want to remove final soft-max layer.\r\n\r\n    if ckpt and tf.train.checkpoint_exist(ckpt.model_checkpoint_path):\r\n        saver.restore(sess, ckpt.model_checkpoint_path)\r\n    else:\r\n        sess.run(tf.global_variables_initializer())\r\n\r\n\r\nWhen I used tf-slim pretrained model, it was easy to do it(using -exclude flag). but in this case(custom model), how to exclude classifier layer from .ckpt and .pb file which are loaded?\r\n\r\nAny help would be appreciated.",
            "link": "https://stackoverflow.com/questions/50361252/how-to-fine-tuning-with-my-custom-model",
            "title": "How to Fine-tuning with my custom model?",
            "body": "<p>I'm trying to fine-tuning using my custom model.</p>\n\n<p>This model is not given by any library like slim etc and I have a code of architecture, .ckpt, .pb file. I also trained this model by A dataset.\nI want to fine-tune using this trained custom model(from A dataset) to B dataset, but they have different class number(A:50 B:70), so I want to remove final soft-max layer.</p>\n\n<pre><code>if ckpt and tf.train.checkpoint_exist(ckpt.model_checkpoint_path):\n    saver.restore(sess, ckpt.model_checkpoint_path)\nelse:\n    sess.run(tf.global_variables_initializer())\n</code></pre>\n\n<p>When I used tf-slim pretrained model, it was easy to do it(using -exclude flag). but in this case(custom model), how to exclude classifier layer from .ckpt and .pb file which are loaded?</p>\n\n<p>Any help would be appreciated.</p>\n"
        },
        {
            "tags": [
                "c",
                "semaphore"
            ],
            "owner": {
                "reputation": 2015,
                "user_id": 663279,
                "user_type": "registered",
                "accept_rate": 86,
                "profile_image": "https://www.gravatar.com/avatar/75e80ff9348edc07c6e1fed85986323e?s=128&d=identicon&r=PG",
                "display_name": "David",
                "link": "https://stackoverflow.com/users/663279/david"
            },
            "is_answered": true,
            "view_count": 5144,
            "accepted_answer_id": 10240163,
            "answer_count": 2,
            "score": 2,
            "last_activity_date": 1526444517,
            "creation_date": 1334894785,
            "question_id": 10240101,
            "body_markdown": "So, this is a really simple question. I&#39;m trying to use semaphores to prevent race conditions. I tried reading the man pages, but they are really confusing. Could someone provide a simple explanation how they work?",
            "link": "https://stackoverflow.com/questions/10240101/using-semaphores-to-prevent-race-conditions-in-c",
            "title": "Using semaphores to prevent race conditions (in C)",
            "body": "<p>So, this is a really simple question. I'm trying to use semaphores to prevent race conditions. I tried reading the man pages, but they are really confusing. Could someone provide a simple explanation how they work?</p>\n"
        },
        {
            "tags": [
                "linux",
                "python-2.7",
                "pygtk",
                "python-3.6",
                "pycairo"
            ],
            "owner": {
                "reputation": 16,
                "user_id": 8189136,
                "user_type": "registered",
                "profile_image": "https://i.stack.imgur.com/WjuBY.jpg?s=128&g=1",
                "display_name": "rmn",
                "link": "https://stackoverflow.com/users/8189136/rmn"
            },
            "is_answered": true,
            "view_count": 248,
            "answer_count": 2,
            "score": 3,
            "last_activity_date": 1526444503,
            "creation_date": 1514805997,
            "question_id": 48049253,
            "body_markdown": "\r\nI get the following error when trying to import gtk in Python 2.7 :\r\n\r\n`&gt;&gt;&gt; import gtk\r\nTraceback (most recent call last):\r\n  File &quot;&lt;stdin&gt;&quot;, line 1, in &lt;module&gt;\r\n  File &quot;gtk/__init__.py&quot;, line 40, in &lt;module&gt;\r\n    from gtk import _gtk\r\n  File &quot;/usr/lib/python2.7/site-packages/cairo/__init__.py&quot;, line 1, in &lt;module&gt;\r\n    from ._cairo import *  # noqa: F401,F403\r\nImportError: /usr/lib/python2.7/site-packages/cairo/_cairo.so: undefined symbol: cairo_tee_surface_index`\r\n\r\nAnd I get the following error when trying to import cairo from Python 3.6:\r\n\r\n`&gt;&gt;&gt; import cairo\r\nTraceback (most recent call last):\r\n  File &quot;&lt;stdin&gt;&quot;, line 1, in &lt;module&gt;\r\n  File &quot;/usr/lib/python3.6/site-packages/cairo/__init__.py&quot;, line 1, in &lt;module&gt;\r\n    from ._cairo import *  # noqa: F401,F403\r\nImportError: /usr/lib/python3.6/site-packages/cairo/_cairo.cpython-36m-x86_64-linux-gnu.so: undefined symbol: cairo_tee_surface_index\r\n`\r\n\r\nI compiled and built the modules in the order as given in the BLFS book.\r\nI also installed cairo as given in the book with tee enabled.\r\n\r\nMy system is an LFS, with 4.14.4 Kernel Version, with Python 2.7.14 and Python 3.6.4.\r\n\r\n",
            "link": "https://stackoverflow.com/questions/48049253/python-import-cairo-error-2-7-3-6-undefined-symbol-cairo-tee-surface-inde",
            "title": "Python : Import cairo error (2.7 &amp; 3.6) undefined symbol: cairo_tee_surface_index",
            "body": "<p>I get the following error when trying to import gtk in Python 2.7 :</p>\n\n<p><code>&gt;&gt;&gt; import gtk\nTraceback (most recent call last):\n  File \"&lt;stdin&gt;\", line 1, in &lt;module&gt;\n  File \"gtk/__init__.py\", line 40, in &lt;module&gt;\n    from gtk import _gtk\n  File \"/usr/lib/python2.7/site-packages/cairo/__init__.py\", line 1, in &lt;module&gt;\n    from ._cairo import *  # noqa: F401,F403\nImportError: /usr/lib/python2.7/site-packages/cairo/_cairo.so: undefined symbol: cairo_tee_surface_index</code></p>\n\n<p>And I get the following error when trying to import cairo from Python 3.6:</p>\n\n<p><code>&gt;&gt;&gt; import cairo\nTraceback (most recent call last):\n  File \"&lt;stdin&gt;\", line 1, in &lt;module&gt;\n  File \"/usr/lib/python3.6/site-packages/cairo/__init__.py\", line 1, in &lt;module&gt;\n    from ._cairo import *  # noqa: F401,F403\nImportError: /usr/lib/python3.6/site-packages/cairo/_cairo.cpython-36m-x86_64-linux-gnu.so: undefined symbol: cairo_tee_surface_index\n</code></p>\n\n<p>I compiled and built the modules in the order as given in the BLFS book.\nI also installed cairo as given in the book with tee enabled.</p>\n\n<p>My system is an LFS, with 4.14.4 Kernel Version, with Python 2.7.14 and Python 3.6.4.</p>\n"
        },
        {
            "tags": [
                "mysql"
            ],
            "owner": {
                "reputation": 23,
                "user_id": 5184745,
                "user_type": "registered",
                "profile_image": "https://lh5.googleusercontent.com/-rCwxnP6Z9Fo/AAAAAAAAAAI/AAAAAAAAAPw/gaTbv4y9MIw/photo.jpg?sz=128",
                "display_name": "Xar Hang",
                "link": "https://stackoverflow.com/users/5184745/xar-hang"
            },
            "is_answered": true,
            "view_count": 16,
            "accepted_answer_id": 50361913,
            "answer_count": 2,
            "score": 0,
            "last_activity_date": 1526444499,
            "creation_date": 1526438439,
            "last_edit_date": 1526439618,
            "question_id": 50361717,
            "body_markdown": "I want to update table `ospos_sale` value with new value that I selected but it cannot update.\r\n\r\nHere is my sql code\r\n\r\n`update ospos_sales set subtotal_amount = ( select * from (select sale.subtotal_amount-saler.subtotal_amount\r\nfrom ospos_sales sale left join ospos_salesreturn saler on sale.id = saler.fk_sales_id where sale.id=ospos_sales.id) as m2), total_discount = (select * from (select  sale.total_discount-saler.total_discount from ospos_sales sale left join ospos_salesreturn saler on sale.id = saler.fk_sales_id where sale.id=ospos_sales.id) as m3), total_amount = (select * from (select  sale.total_amount-saler.total_amount\r\nfrom ospos_sales sale left join ospos_salesreturn saler on sale.id = saler.fk_sales_id where sale.id=ospos_sales.id) as m4),change_amount = (select * from (select  sale.paid_amount - sale.total_amount+saler.total_amount from ospos_sales sale left join ospos_salesreturn saler on sale.id = saler.fk_sales_id where sale.id=ospos_sales.id) as m4) where ospos_sales.id= 10003` \r\n\r\n   \r\nHere is my table structure \r\n\r\n        CREATE TABLE `ospos_sales`  (\r\n      `id` int(10) NOT NULL AUTO_INCREMENT,\r\n      `saletime` timestamp(0) NOT NULL DEFAULT CURRENT_TIMESTAMP,\r\n      `fk_customers_id` int(10) NULL DEFAULT 0,\r\n      `fk_users_id` int(10) NOT NULL DEFAULT 0,\r\n      `fk_locations_id` int(255) NOT NULL,\r\n      `comment` text CHARACTER SET utf8 COLLATE utf8_general_ci NOT NULL,\r\n      `invoicenumber` varchar(32) CHARACTER SET utf8 COLLATE utf8_general_ci NULL DEFAULT NULL,\r\n      `quotenumber` varchar(32) CHARACTER SET utf8 COLLATE utf8_general_ci NULL DEFAULT NULL,\r\n      `totalsaledquantity` decimal(15, 3) NOT NULL,\r\n      `subtotal_amount` decimal(25, 0) NOT NULL,\r\n      `fk_dinnertables_id` int(11) NULL DEFAULT NULL,\r\n      `total_discount` decimal(25, 0) NOT NULL,\r\n      `coupon_amount` decimal(25, 0) NOT NULL,\r\n      `tax_amount` decimal(25, 0) NOT NULL,\r\n      `round_amount` decimal(25, 0) NOT NULL,\r\n      `total_amount` decimal(25, 0) NOT NULL,\r\n      `paid_amount` decimal(25, 0) NOT NULL,\r\n      `change_amount` decimal(25, 0) NOT NULL,\r\n      `salestatus` enum(&#39;draft&#39;,&#39;open&#39;,&#39;sale&#39;,&#39;return_request&#39;,&#39;returned&#39;,&#39;cancel_request&#39;,&#39;cancelled&#39;,&#39;cleared&#39;) CHARACTER SET utf8 COLLATE utf8_general_ci NOT NULL DEFAULT &#39;draft&#39;,\r\n      `paymentstatus` enum(&#39;unpaid&#39;,&#39;paid&#39;,&#39;partially&#39;,&#39;return&#39;) CHARACTER SET utf8 COLLATE utf8_general_ci NOT NULL DEFAULT &#39;unpaid&#39;,\r\n    .\r\n    .\r\n    .\r\n      PRIMARY KEY (`id`) USING BTREE,\r\n      UNIQUE INDEX `invoice_number`(`invoicenumber`) USING BTREE,\r\n      INDEX `customer_id`(`fk_customers_id`) USING BTREE,\r\n      INDEX `employee_id`(`fk_users_id`) USING BTREE,\r\n      INDEX `sale_time`(`saletime`) USING BTREE,\r\n      INDEX `dinner_table_id`(`fk_dinnertables_id`) USING BTREE\r\n    ) ENGINE = InnoDB AUTO_INCREMENT = 36096 CHARACTER SET = utf8 COLLATE = utf8_general_ci ROW_FORMAT = Compact;\r\n    SET FOREIGN_KEY_CHECKS = 1;\r\nand table SaleReturnitem is \r\n\r\n    CREATE TABLE `ospos_salesreturn`  (\r\n      `id` int(10) NOT NULL AUTO_INCREMENT,\r\n      `returntime` timestamp(0) NOT NULL DEFAULT CURRENT_TIMESTAMP,\r\n      `fk_customers_id` int(10) NULL DEFAULT NULL,\r\n      `fk_locations_id` int(255) NOT NULL,\r\n      `fk_sales_id` int(255) NOT NULL,\r\n      `returnref` varchar(32) CHARACTER SET utf8 COLLATE utf8_general_ci NOT NULL,\r\n      `comment` text CHARACTER SET utf8 COLLATE utf8_general_ci NOT NULL,\r\n      `subtotal_amount` decimal(25, 0) NOT NULL,\r\n      `total_discount` decimal(25, 0) NOT NULL,\r\n      `coupon_amount` decimal(25, 0) NOT NULL,\r\n      `tax_amount` decimal(25, 0) NOT NULL,\r\n      `total_amount` decimal(25, 0) NOT NULL,\r\n      `paid_amount` decimal(25, 0) NOT NULL,\r\n      `change_amount` decimal(25, 0) NOT NULL,\r\n      `returnstatus` enum(&#39;draft&#39;,&#39;returned&#39;) CHARACTER SET utf8 COLLATE utf8_general_ci NOT NULL DEFAULT &#39;draft&#39;,\r\n      `fk_users_id` int(10) NOT NULL DEFAULT 0,\r\n      `status` enum(&#39;0&#39;,&#39;1&#39;) CHARACTER SET utf8 COLLATE utf8_general_ci NOT NULL DEFAULT &#39;1&#39;,\r\n      `dels` enum(&#39;1&#39;,&#39;0&#39;) CHARACTER SET utf8 COLLATE utf8_general_ci NOT NULL DEFAULT &#39;0&#39;,\r\n      `cdate` int(15) NOT NULL,\r\n      `mdate` int(15) NOT NULL,\r\n      `syncfrom` int(11) NOT NULL DEFAULT 0,\r\n      `syncmasterid` int(255) NOT NULL,\r\n      PRIMARY KEY (`id`) USING BTREE,\r\n      INDEX `customer_id`(`fk_customers_id`) USING BTREE,\r\n      INDEX `employee_id`(`fk_users_id`) USING BTREE\r\n    ) ENGINE = InnoDB AUTO_INCREMENT = 10 CHARACTER SET = utf8 COLLATE = utf8_general_ci ROW_FORMAT = Compact;\r\n\r\nError Message is : \r\n\r\n    &gt; 1054 - Unknown column &#39;ospos_sales.id&#39; in &#39;where clause&#39; \r\n\r\n\r\nPlease help.\r\n\r\n\r\n",
            "link": "https://stackoverflow.com/questions/50361717/update-table-error-code-1054",
            "title": "Update table error code 1054",
            "body": "<p>I want to update table <code>ospos_sale</code> value with new value that I selected but it cannot update.</p>\n\n<p>Here is my sql code</p>\n\n<p><code>update ospos_sales set subtotal_amount = ( select * from (select sale.subtotal_amount-saler.subtotal_amount\nfrom ospos_sales sale left join ospos_salesreturn saler on sale.id = saler.fk_sales_id where sale.id=ospos_sales.id) as m2), total_discount = (select * from (select  sale.total_discount-saler.total_discount from ospos_sales sale left join ospos_salesreturn saler on sale.id = saler.fk_sales_id where sale.id=ospos_sales.id) as m3), total_amount = (select * from (select  sale.total_amount-saler.total_amount\nfrom ospos_sales sale left join ospos_salesreturn saler on sale.id = saler.fk_sales_id where sale.id=ospos_sales.id) as m4),change_amount = (select * from (select  sale.paid_amount - sale.total_amount+saler.total_amount from ospos_sales sale left join ospos_salesreturn saler on sale.id = saler.fk_sales_id where sale.id=ospos_sales.id) as m4) where ospos_sales.id= 10003</code> </p>\n\n<p>Here is my table structure </p>\n\n<pre><code>    CREATE TABLE `ospos_sales`  (\n  `id` int(10) NOT NULL AUTO_INCREMENT,\n  `saletime` timestamp(0) NOT NULL DEFAULT CURRENT_TIMESTAMP,\n  `fk_customers_id` int(10) NULL DEFAULT 0,\n  `fk_users_id` int(10) NOT NULL DEFAULT 0,\n  `fk_locations_id` int(255) NOT NULL,\n  `comment` text CHARACTER SET utf8 COLLATE utf8_general_ci NOT NULL,\n  `invoicenumber` varchar(32) CHARACTER SET utf8 COLLATE utf8_general_ci NULL DEFAULT NULL,\n  `quotenumber` varchar(32) CHARACTER SET utf8 COLLATE utf8_general_ci NULL DEFAULT NULL,\n  `totalsaledquantity` decimal(15, 3) NOT NULL,\n  `subtotal_amount` decimal(25, 0) NOT NULL,\n  `fk_dinnertables_id` int(11) NULL DEFAULT NULL,\n  `total_discount` decimal(25, 0) NOT NULL,\n  `coupon_amount` decimal(25, 0) NOT NULL,\n  `tax_amount` decimal(25, 0) NOT NULL,\n  `round_amount` decimal(25, 0) NOT NULL,\n  `total_amount` decimal(25, 0) NOT NULL,\n  `paid_amount` decimal(25, 0) NOT NULL,\n  `change_amount` decimal(25, 0) NOT NULL,\n  `salestatus` enum('draft','open','sale','return_request','returned','cancel_request','cancelled','cleared') CHARACTER SET utf8 COLLATE utf8_general_ci NOT NULL DEFAULT 'draft',\n  `paymentstatus` enum('unpaid','paid','partially','return') CHARACTER SET utf8 COLLATE utf8_general_ci NOT NULL DEFAULT 'unpaid',\n.\n.\n.\n  PRIMARY KEY (`id`) USING BTREE,\n  UNIQUE INDEX `invoice_number`(`invoicenumber`) USING BTREE,\n  INDEX `customer_id`(`fk_customers_id`) USING BTREE,\n  INDEX `employee_id`(`fk_users_id`) USING BTREE,\n  INDEX `sale_time`(`saletime`) USING BTREE,\n  INDEX `dinner_table_id`(`fk_dinnertables_id`) USING BTREE\n) ENGINE = InnoDB AUTO_INCREMENT = 36096 CHARACTER SET = utf8 COLLATE = utf8_general_ci ROW_FORMAT = Compact;\nSET FOREIGN_KEY_CHECKS = 1;\n</code></pre>\n\n<p>and table SaleReturnitem is </p>\n\n<pre><code>CREATE TABLE `ospos_salesreturn`  (\n  `id` int(10) NOT NULL AUTO_INCREMENT,\n  `returntime` timestamp(0) NOT NULL DEFAULT CURRENT_TIMESTAMP,\n  `fk_customers_id` int(10) NULL DEFAULT NULL,\n  `fk_locations_id` int(255) NOT NULL,\n  `fk_sales_id` int(255) NOT NULL,\n  `returnref` varchar(32) CHARACTER SET utf8 COLLATE utf8_general_ci NOT NULL,\n  `comment` text CHARACTER SET utf8 COLLATE utf8_general_ci NOT NULL,\n  `subtotal_amount` decimal(25, 0) NOT NULL,\n  `total_discount` decimal(25, 0) NOT NULL,\n  `coupon_amount` decimal(25, 0) NOT NULL,\n  `tax_amount` decimal(25, 0) NOT NULL,\n  `total_amount` decimal(25, 0) NOT NULL,\n  `paid_amount` decimal(25, 0) NOT NULL,\n  `change_amount` decimal(25, 0) NOT NULL,\n  `returnstatus` enum('draft','returned') CHARACTER SET utf8 COLLATE utf8_general_ci NOT NULL DEFAULT 'draft',\n  `fk_users_id` int(10) NOT NULL DEFAULT 0,\n  `status` enum('0','1') CHARACTER SET utf8 COLLATE utf8_general_ci NOT NULL DEFAULT '1',\n  `dels` enum('1','0') CHARACTER SET utf8 COLLATE utf8_general_ci NOT NULL DEFAULT '0',\n  `cdate` int(15) NOT NULL,\n  `mdate` int(15) NOT NULL,\n  `syncfrom` int(11) NOT NULL DEFAULT 0,\n  `syncmasterid` int(255) NOT NULL,\n  PRIMARY KEY (`id`) USING BTREE,\n  INDEX `customer_id`(`fk_customers_id`) USING BTREE,\n  INDEX `employee_id`(`fk_users_id`) USING BTREE\n) ENGINE = InnoDB AUTO_INCREMENT = 10 CHARACTER SET = utf8 COLLATE = utf8_general_ci ROW_FORMAT = Compact;\n</code></pre>\n\n<p>Error Message is : </p>\n\n<pre><code>&gt; 1054 - Unknown column 'ospos_sales.id' in 'where clause' \n</code></pre>\n\n<p>Please help.</p>\n"
        },
        {
            "tags": [
                "sql",
                "sql-server",
                "oracle"
            ],
            "owner": {
                "reputation": 76,
                "user_id": 4875038,
                "user_type": "registered",
                "accept_rate": 62,
                "profile_image": "https://i.stack.imgur.com/lE3a3.jpg?s=128&g=1",
                "display_name": "Kishor Kumar",
                "link": "https://stackoverflow.com/users/4875038/kishor-kumar"
            },
            "is_answered": true,
            "view_count": 71,
            "answer_count": 2,
            "score": 1,
            "last_activity_date": 1526444499,
            "creation_date": 1526440386,
            "last_edit_date": 1526443220,
            "question_id": 50361951,
            "body_markdown": "Consider below tables:\r\n\r\nT_WORK\r\n\r\n    -------------------\r\n    | Work_id | Cre_d |\r\n    -------------------\r\n    |    1    | 2016  |\r\n    |    2    | 2017  |\r\n    |    3    | 2018  |\r\n    -------------------\r\n\r\nT_WORK_PARAM\r\n\r\n    -----------------------------------\r\n    | Work_id | Param_nm | Param_val  |\r\n    -----------------------------------\r\n    |    1    |    Name  | John       |\r\n    |    1    |    Place | London     |\r\n    |    1    |    Date  | 01-01-2018 |\r\n    |    2    |    Name  | Trump      |\r\n    |    2    |    Place | Newyork    |\r\n    |    2    |    Date  | 02-02-2018 |\r\n    -----------------------------------\r\n\r\nI need an output in below format\r\n\r\n    -----------------------------------\r\n    |         |    Name  | John       |\r\n    |    1    |    Place | London     |\r\n    |         |    Date  | 01-01-2018 |\r\n    -----------------------------------\r\n    |         |    Name  | Trump      |\r\n    |    2    |    Place | Newyork    |\r\n    |         |    Date  | 02-02-2018 |\r\n    -----------------------------------\r\n\r\nIn Oracle, I can achieve this with this query:\r\n\r\n    SELECT \r\n        T1.Work_id,\r\n        CAST (MULTISET (SELECT Param_nm, Param_val\r\n                        FROM T_work_param T2\r\n                        WHERE T2.Work_id = T1.Work_id) AS type_param_tbl)\r\n    FROM \r\n        T_work T1\r\n\r\nWhere `type_param_tbl is table of (Param_nm varhar2(1000), PAram_val varhar2(1000));` \r\n  \r\nHow to write a similar query in SQL Server ?\r\n\r\nIf it is not possible in SQL Server - what is the best/usual way to return the desired output to the caller (web service)?",
            "link": "https://stackoverflow.com/questions/50361951/how-to-write-multiset-select-query-in-sql-server",
            "title": "How to write multiset SELECT query in SQL Server",
            "body": "<p>Consider below tables:</p>\n\n<p>T_WORK</p>\n\n<pre><code>-------------------\n| Work_id | Cre_d |\n-------------------\n|    1    | 2016  |\n|    2    | 2017  |\n|    3    | 2018  |\n-------------------\n</code></pre>\n\n<p>T_WORK_PARAM</p>\n\n<pre><code>-----------------------------------\n| Work_id | Param_nm | Param_val  |\n-----------------------------------\n|    1    |    Name  | John       |\n|    1    |    Place | London     |\n|    1    |    Date  | 01-01-2018 |\n|    2    |    Name  | Trump      |\n|    2    |    Place | Newyork    |\n|    2    |    Date  | 02-02-2018 |\n-----------------------------------\n</code></pre>\n\n<p>I need an output in below format</p>\n\n<pre><code>-----------------------------------\n|         |    Name  | John       |\n|    1    |    Place | London     |\n|         |    Date  | 01-01-2018 |\n-----------------------------------\n|         |    Name  | Trump      |\n|    2    |    Place | Newyork    |\n|         |    Date  | 02-02-2018 |\n-----------------------------------\n</code></pre>\n\n<p>In Oracle, I can achieve this with this query:</p>\n\n<pre><code>SELECT \n    T1.Work_id,\n    CAST (MULTISET (SELECT Param_nm, Param_val\n                    FROM T_work_param T2\n                    WHERE T2.Work_id = T1.Work_id) AS type_param_tbl)\nFROM \n    T_work T1\n</code></pre>\n\n<p>Where <code>type_param_tbl is table of (Param_nm varhar2(1000), PAram_val varhar2(1000));</code> </p>\n\n<p>How to write a similar query in SQL Server ?</p>\n\n<p>If it is not possible in SQL Server - what is the best/usual way to return the desired output to the caller (web service)?</p>\n"
        },
        {
            "tags": [
                "tensorflow",
                "pyspark",
                "yarn",
                "tensorflow-slim"
            ],
            "owner": {
                "reputation": 97,
                "user_id": 6842300,
                "user_type": "registered",
                "accept_rate": 27,
                "profile_image": "https://i.stack.imgur.com/O7bPg.jpg?s=128&g=1",
                "display_name": "Manoranjan",
                "link": "https://stackoverflow.com/users/6842300/manoranjan"
            },
            "is_answered": false,
            "view_count": 10,
            "answer_count": 0,
            "score": 0,
            "last_activity_date": 1526444475,
            "creation_date": 1526444475,
            "question_id": 50362419,
            "body_markdown": "I&#39;ve been trying to run the image classification script published and managed by Yahoo from the this github link.\r\nhttps://github.com/yahoo/TensorFlowOnSpark/tree/master/examples/slim\r\n\r\nI followed this https://github.com/yahoo/TensorFlowOnSpark/blob/master/examples/slim/README.md link step by step in order to train the model.\r\n\r\nThe input is just 25 flowers image dataset to train the inception model. And the dataset is present on hdfs.\r\n\r\nEnvironment:-\r\n3 node CentOS CPU machines all having same version:- CentOS Linux release 7.2.1511 (Core)\r\nRAM size on each machine: 16 GB\r\nnum cores on each machine : 6\r\ntensorflow: 1.4.0\r\ntensorflowonspark 1.3.0\r\npython:- 2.7.5\r\njava : 1.8\r\nhadoop:- Hadoop 2.7.3\r\ndistribution : hdp\r\ncuda: N/A\r\nGPU:- N/A\r\nspark: 2.2.0\r\n\r\nhere is the spark-submit command line command that I started with initially before playing with several other combination of properties which I would detail out later in this post..\r\n\r\n    ${SPARK_HOME}/bin/spark-submit --master yarn --deploy-mode cluster \\\r\n    --queue default \\\r\n    --num-executors 3 \\\r\n    --executor-memory 4G \\\r\n    --executor-cores 1 \\\r\n    --py-files slim.zip \\\r\n    --conf spark.dynamicAllocation.enabled=false \\\r\n    --conf spark.yarn.maxAppAttempts=1 \\\r\n    --conf spark.yarn.executor.memoryOverhead=4096 \\\r\n    --conf spark.ui.view.acls=* \\\r\n    --conf spark.yarn.appMasterEnv.PYSPARK_PYTHON=/usr/bin/python \\\r\n    --conf spark.executorEnv.LD_LIBRARY_PATH=&quot;/usr/hdp/2.6.3.0-235/usr/lib:$JAVA_HOME/jre/lib/amd64/server&quot; \\\r\n    --conf spark.executorEnv.CLASSPATH=$($HADOOP_HOME/bin/hadoop classpath --glob):${CLASSPATH} \\\r\n    --conf spark.executorEnv.HADOOP_HDFS_HOME=/usr/hdp/current/hadoop-hdfs-client \\\r\n    --conf spark.executorEnv.LD_LIBRARY_PATH=&quot;/usr/hdp/2.6.3.0-235/usr/lib/libhdfs.so:/usr/hdp/2.6.3.0-235/usr/lib:${JAVA_HOME}/jre/lib/amd64/server&quot; \\\r\n    ${TFoS_HOME}/examples/slim/train_image_classifier.py \\\r\n    --dataset_dir hdfs://172.26.32.32:8020/user/mapr/inception/dataset \\\r\n    --train_dir hdfs://172.26.32.32:8020/user/mapr/slim_train \\\r\n    --dataset_name flowers \\\r\n    --dataset_split_name train \\\r\n    --model_name inception_v3 \\\r\n    --max_number_of_steps 1000 \\\r\n    --batch_size 32 \\\r\n    --num_ps_tasks 1\r\n\r\n**here is the container logs (stderr):**\r\n\r\n    18/05/16 00:43:52 INFO RMProxy: Connecting to ResourceManager at impetus-i0057.impetus.co.in/172.26.32.36:8030\r\n    18/05/16 00:43:52 INFO YarnRMClient: Registering the ApplicationMaster\r\n    18/05/16 00:43:52 INFO YarnSchedulerBackend$YarnSchedulerEndpoint: ApplicationMaster registered as NettyRpcEndpointRef(spark://YarnAM@172.26.32.37:45684)\r\n    18/05/16 00:43:52 INFO YarnAllocator: Will request 3 executor container(s), each with 1 core(s) and 8192 MB memory (including 4096 MB of overhead)\r\n    18/05/16 00:43:52 INFO YarnAllocator: Submitted 3 unlocalized container requests.\r\n    18/05/16 00:43:52 INFO ApplicationMaster: Started progress reporter thread with (heartbeat : 3000, initial allocation : 200) intervals\r\n    18/05/16 00:43:52 INFO AMRMClientImpl: Received new token for : impetus-i0057.impetus.co.in:45454\r\n    18/05/16 00:43:52 INFO AMRMClientImpl: Received new token for : impetus-i0053.impetus.co.in:45454\r\n    18/05/16 00:43:52 INFO YarnAllocator: Launching container container_1525710710928_0087_01_000002 on host impetus-i0057.impetus.co.in for executor with ID 1\r\n    18/05/16 00:43:52 INFO YarnAllocator: Launching container container_1525710710928_0087_01_000003 on host impetus-i0053.impetus.co.in for executor with ID 2\r\n    18/05/16 00:43:52 INFO YarnAllocator: Received 2 containers from YARN, launching executors on 2 of them.\r\n    18/05/16 00:43:52 INFO ContainerManagementProtocolProxy: yarn.client.max-cached-nodemanagers-proxies : 0\r\n    18/05/16 00:43:52 INFO ContainerManagementProtocolProxy: yarn.client.max-cached-nodemanagers-proxies : 0\r\n    18/05/16 00:43:52 INFO ContainerManagementProtocolProxy: Opening proxy : impetus-i0053.impetus.co.in:45454\r\n    18/05/16 00:43:52 INFO ContainerManagementProtocolProxy: Opening proxy : impetus-i0057.impetus.co.in:45454\r\n    18/05/16 00:43:53 INFO AMRMClientImpl: Received new token for : impetus-i0058.impetus.co.in:45454\r\n    18/05/16 00:43:53 INFO YarnAllocator: Launching container container_1525710710928_0087_01_000004 on host impetus-i0058.impetus.co.in for executor with ID 3\r\n    18/05/16 00:43:53 INFO YarnAllocator: Received 1 containers from YARN, launching executors on 1 of them.\r\n    18/05/16 00:43:53 INFO ContainerManagementProtocolProxy: yarn.client.max-cached-nodemanagers-proxies : 0\r\n    18/05/16 00:43:53 INFO ContainerManagementProtocolProxy: Opening proxy : impetus-i0058.impetus.co.in:45454\r\n    18/05/16 00:43:56 INFO YarnAllocator: Received 1 containers from YARN, launching executors on 0 of them.\r\n    18/05/16 00:43:56 INFO YarnSchedulerBackend$YarnDriverEndpoint: Registered executor NettyRpcEndpointRef(spark-client://Executor) (172.26.32.36:28535) with ID 1\r\n    18/05/16 00:43:56 INFO YarnSchedulerBackend$YarnDriverEndpoint: Registered executor NettyRpcEndpointRef(spark-client://Executor) (172.26.32.32:46038) with ID 2\r\n    18/05/16 00:43:56 INFO BlockManagerMasterEndpoint: Registering block manager impetus-i0057.impetus.co.in:28782 with 2004.6 MB RAM, BlockManagerId(1, impetus-i0057.impetus.co.in, 28782, None)\r\n    18/05/16 00:43:56 INFO BlockManagerMasterEndpoint: Registering block manager impetus-i0053.impetus.co.in:35126 with 2004.6 MB RAM, BlockManagerId(2, impetus-i0053.impetus.co.in, 35126, None)\r\n    18/05/16 00:43:57 INFO YarnSchedulerBackend$YarnDriverEndpoint: Registered executor NettyRpcEndpointRef(spark-client://Executor) (172.26.32.37:36394) with ID 3\r\n    18/05/16 00:43:57 INFO YarnClusterSchedulerBackend: SchedulerBackend is ready for scheduling beginning after reached minRegisteredResourcesRatio: 0.8\r\n    18/05/16 00:43:57 INFO YarnClusterScheduler: YarnClusterScheduler.postStartHook done\r\n    18/05/16 00:43:57 INFO BlockManagerMasterEndpoint: Registering block manager impetus-i0058.impetus.co.in:39780 with 2004.6 MB RAM, BlockManagerId(3, impetus-i0058.impetus.co.in, 39780, None)\r\n    18/05/16 00:43:57 INFO SparkContext: Starting job: foreachPartition at /usr/lib/python2.7/site-packages/tensorflowonspark/TFCluster.py:293\r\n    18/05/16 00:43:57 INFO DAGScheduler: Got job 0 (foreachPartition at /usr/lib/python2.7/site-packages/tensorflowonspark/TFCluster.py:293) with 3 output partitions\r\n    18/05/16 00:43:57 INFO DAGScheduler: Final stage: ResultStage 0 (foreachPartition at /usr/lib/python2.7/site-packages/tensorflowonspark/TFCluster.py:293)\r\n    18/05/16 00:43:57 INFO DAGScheduler: Parents of final stage: List()\r\n    18/05/16 00:43:57 INFO DAGScheduler: Missing parents: List()\r\n    18/05/16 00:43:57 INFO DAGScheduler: Submitting ResultStage 0 (PythonRDD[1] at foreachPartition at /usr/lib/python2.7/site-packages/tensorflowonspark/TFCluster.py:293), which has no missing parents\r\n    18/05/16 00:43:58 INFO MemoryStore: Block broadcast_0 stored as values in memory (estimated size 54.5 KB, free 366.2 MB)\r\n    18/05/16 00:43:58 INFO MemoryStore: Block broadcast_0_piece0 stored as bytes in memory (estimated size 24.4 KB, free 366.2 MB)\r\n    18/05/16 00:43:58 INFO BlockManagerInfo: Added broadcast_0_piece0 in memory on 172.26.32.37:45828 (size: 24.4 KB, free: 366.3 MB)\r\n    18/05/16 00:43:58 INFO SparkContext: Created broadcast 0 from broadcast at DAGScheduler.scala:1006\r\n    18/05/16 00:43:58 INFO DAGScheduler: Submitting 3 missing tasks from ResultStage 0 (PythonRDD[1] at foreachPartition at /usr/lib/python2.7/site-packages/tensorflowonspark/TFCluster.py:293) (first 15 tasks are for partitions Vector(0, 1, 2))\r\n    18/05/16 00:43:58 INFO YarnClusterScheduler: Adding task set 0.0 with 3 tasks\r\n    18/05/16 00:43:58 INFO TaskSetManager: Starting task 0.0 in stage 0.0 (TID 0, impetus-i0058.impetus.co.in, executor 3, partition 0, PROCESS_LOCAL, 4819 bytes)\r\n    18/05/16 00:43:58 INFO TaskSetManager: Starting task 1.0 in stage 0.0 (TID 1, impetus-i0057.impetus.co.in, executor 1, partition 1, PROCESS_LOCAL, 4819 bytes)\r\n    18/05/16 00:43:58 INFO TaskSetManager: Starting task 2.0 in stage 0.0 (TID 2, impetus-i0053.impetus.co.in, executor 2, partition 2, PROCESS_LOCAL, 4819 bytes)\r\n    18/05/16 00:43:58 INFO BlockManagerInfo: Added broadcast_0_piece0 in memory on impetus-i0057.impetus.co.in:28782 (size: 24.4 KB, free: 2004.6 MB)\r\n    18/05/16 00:43:58 INFO BlockManagerInfo: Added broadcast_0_piece0 in memory on impetus-i0058.impetus.co.in:39780 (size: 24.4 KB, free: 2004.6 MB)\r\n    18/05/16 00:43:58 INFO BlockManagerInfo: Added broadcast_0_piece0 in memory on impetus-i0053.impetus.co.in:35126 (size: 24.4 KB, free: 2004.6 MB)\r\n    18/05/16 00:46:24 INFO YarnSchedulerBackend$YarnDriverEndpoint: Disabling executor 1.\r\n    18/05/16 00:46:24 INFO DAGScheduler: Executor lost: 1 (epoch 0)\r\n    18/05/16 00:46:24 INFO BlockManagerMasterEndpoint: Trying to remove executor 1 from BlockManagerMaster.\r\n    18/05/16 00:46:24 INFO BlockManagerMasterEndpoint: Removing block manager BlockManagerId(1, impetus-i0057.impetus.co.in, 28782, None)\r\n    18/05/16 00:46:24 INFO BlockManagerMaster: Removed 1 successfully in removeExecutor\r\n    18/05/16 00:46:24 INFO DAGScheduler: Shuffle files lost for executor: 1 (epoch 0)\r\n    18/05/16 00:46:24 INFO YarnAllocator: Completed container container_1525710710928_0087_01_000002 on host: impetus-i0057.impetus.co.in (state: COMPLETE, exit status: -104)\r\n    18/05/16 00:46:24 WARN YarnAllocator: Container killed by YARN for exceeding memory limits. 8.3 GB of 8 GB physical memory used. Consider boosting spark.yarn.executor.memoryOverhead.\r\n    18/05/16 00:46:24 WARN YarnSchedulerBackend$YarnSchedulerEndpoint: Container killed by YARN for exceeding memory limits. 8.3 GB of 8 GB physical memory used. Consider boosting spark.yarn.executor.memoryOverhead.\r\n    18/05/16 00:46:24 ERROR YarnClusterScheduler: Lost executor 1 on impetus-i0057.impetus.co.in: Container killed by YARN for exceeding memory limits. 8.3 GB of 8 GB physical memory used. Consider boosting spark.yarn.executor.memoryOverhead.\r\n    18/05/16 00:46:24 WARN TaskSetManager: Lost task 1.0 in stage 0.0 (TID 1, impetus-i0057.impetus.co.in, executor 1): ExecutorLostFailure (executor 1 exited caused by one of the running tasks) Reason: Container killed by YARN for exceeding memory limits. 8.3 GB of 8 GB physical memory used. Consider boosting spark.yarn.executor.memoryOverhead.\r\n    18/05/16 00:46:24 INFO BlockManagerMasterEndpoint: Trying to remove executor 1 from BlockManagerMaster.\r\n    18/05/16 00:46:24 INFO BlockManagerMaster: Removal of executor 1 requested\r\n    18/05/16 00:46:24 INFO YarnSchedulerBackend$YarnDriverEndpoint: Asked to remove non-existent executor 1\r\n    18/05/16 00:46:27 INFO YarnAllocator: Will request 1 executor container(s), each with 1 core(s) and 8192 MB memory (including 4096 MB of overhead)\r\n    18/05/16 00:46:27 INFO YarnAllocator: Submitted 1 unlocalized container requests.\r\n    18/05/16 00:46:28 INFO YarnAllocator: Launching container container_1525710710928_0087_01_000007 on host impetus-i0057.impetus.co.in for executor with ID 4\r\n    18/05/16 00:46:28 INFO YarnAllocator: Received 1 containers from YARN, launching executors on 1 of them.\r\n    18/05/16 00:46:28 INFO ContainerManagementProtocolProxy: yarn.client.max-cached-nodemanagers-proxies : 0\r\n    18/05/16 00:46:28 INFO ContainerManagementProtocolProxy: Opening proxy : impetus-i0057.impetus.co.in:45454\r\n    18/05/16 00:46:32 INFO YarnSchedulerBackend$YarnDriverEndpoint: Registered executor NettyRpcEndpointRef(spark-client://Executor) (172.26.32.36:29852) with ID 4\r\n    18/05/16 00:46:32 INFO TaskSetManager: Starting task 1.1 in stage 0.0 (TID 3, impetus-i0057.impetus.co.in, executor 4, partition 1, PROCESS_LOCAL, 4819 bytes)\r\n    18/05/16 00:46:33 INFO BlockManagerMasterEndpoint: Registering block manager impetus-i0057.impetus.co.in:65131 with 2004.6 MB RAM, BlockManagerId(4, impetus-i0057.impetus.co.in, 65131, None)\r\n    18/05/16 00:46:34 INFO BlockManagerInfo: Added broadcast_0_piece0 in memory on impetus-i0057.impetus.co.in:65131 (size: 24.4 KB, free: 2004.6 MB)\r\n    18/05/16 00:46:42 WARN TaskSetManager: Lost task 2.0 in stage 0.0 (TID 2, impetus-i0053.impetus.co.in, executor 2): org.apache.spark.api.python.PythonException: Traceback (most recent call last):\r\n      File &quot;/hadoop/yarn/local/usercache/mapr/appcache/application_1525710710928_0087/container_1525710710928_0087_01_000003/pyspark.zip/pyspark/worker.py&quot;, line 177, in main\r\n        process()\r\n      File &quot;/hadoop/yarn/local/usercache/mapr/appcache/application_1525710710928_0087/container_1525710710928_0087_01_000003/pyspark.zip/pyspark/worker.py&quot;, line 172, in process\r\n        serializer.dump_stream(func(split_index, iterator), outfile)\r\n      File &quot;/hadoop/yarn/local/usercache/mapr/appcache/application_1525710710928_0087/container_1525710710928_0087_01_000001/pyspark.zip/pyspark/rdd.py&quot;, line 2423, in pipeline_func\r\n      File &quot;/hadoop/yarn/local/usercache/mapr/appcache/application_1525710710928_0087/container_1525710710928_0087_01_000001/pyspark.zip/pyspark/rdd.py&quot;, line 2423, in pipeline_func\r\n      File &quot;/hadoop/yarn/local/usercache/mapr/appcache/application_1525710710928_0087/container_1525710710928_0087_01_000001/pyspark.zip/pyspark/rdd.py&quot;, line 2423, in pipeline_func\r\n      File &quot;/hadoop/yarn/local/usercache/mapr/appcache/application_1525710710928_0087/container_1525710710928_0087_01_000001/pyspark.zip/pyspark/rdd.py&quot;, line 346, in func\r\n      File &quot;/hadoop/yarn/local/usercache/mapr/appcache/application_1525710710928_0087/container_1525710710928_0087_01_000001/pyspark.zip/pyspark/rdd.py&quot;, line 794, in func\r\n      File &quot;/usr/lib/python2.7/site-packages/tensorflowonspark/TFSparkNode.py&quot;, line 353, in _mapfn\r\n        wrapper_fn(tf_args, ctx)\r\n      File &quot;/usr/lib/python2.7/site-packages/tensorflowonspark/TFSparkNode.py&quot;, line 310, in wrapper_fn\r\n        fn(args, context)\r\n      File &quot;train_image_classifier.py&quot;, line 606, in main_fun\r\n      File &quot;/usr/lib/python2.7/site-packages/tensorflow/contrib/slim/python/slim/learning.py&quot;, line 775, in train\r\n        sv.stop(threads, close_summary_writer=True)\r\n      File &quot;/usr/lib64/python2.7/contextlib.py&quot;, line 35, in __exit__\r\n        self.gen.throw(type, value, traceback)\r\n      File &quot;/usr/lib/python2.7/site-packages/tensorflow/python/training/supervisor.py&quot;, line 964, in managed_session\r\n        self.stop(close_summary_writer=close_summary_writer)\r\n      File &quot;/usr/lib/python2.7/site-packages/tensorflow/python/training/supervisor.py&quot;, line 792, in stop\r\n        stop_grace_period_secs=self._stop_grace_secs)\r\n      File &quot;/usr/lib/python2.7/site-packages/tensorflow/python/training/coordinator.py&quot;, line 389, in join\r\n        six.reraise(*self._exc_info_to_raise)\r\n      File &quot;/usr/lib/python2.7/site-packages/tensorflow/python/training/queue_runner_impl.py&quot;, line 238, in _run\r\n        enqueue_callable()\r\n      File &quot;/usr/lib/python2.7/site-packages/tensorflow/python/client/session.py&quot;, line 1231, in _single_operation_run\r\n        target_list_as_strings, status, None)\r\n      File &quot;/usr/lib/python2.7/site-packages/tensorflow/python/framework/errors_impl.py&quot;, line 473, in __exit__\r\n        c_api.TF_GetCode(self.status.status))\r\n    UnavailableError: Endpoint read failed\r\n    \r\n    \tat org.apache.spark.api.python.PythonRunner$$anon$1.read(PythonRDD.scala:193)\r\n    \tat org.apache.spark.api.python.PythonRunner$$anon$1.&lt;init&gt;(PythonRDD.scala:234)\r\n    \tat org.apache.spark.api.python.PythonRunner.compute(PythonRDD.scala:152)\r\n    \tat org.apache.spark.api.python.PythonRDD.compute(PythonRDD.scala:63)\r\n    \tat org.apache.spark.rdd.RDD.computeOrReadCheckpoint(RDD.scala:323)\r\n    \tat org.apache.spark.rdd.RDD.iterator(RDD.scala:287)\r\n    \tat org.apache.spark.scheduler.ResultTask.runTask(ResultTask.scala:87)\r\n    \tat org.apache.spark.scheduler.Task.run(Task.scala:108)\r\n    \tat org.apache.spark.executor.Executor$TaskRunner.run(Executor.scala:338)\r\n    \tat java.util.concurrent.ThreadPoolExecutor.runWorker(ThreadPoolExecutor.java:1142)\r\n    \tat java.util.concurrent.ThreadPoolExecutor$Worker.run(ThreadPoolExecutor.java:617)\r\n    \tat java.lang.Thread.run(Thread.java:745)\r\n\r\n[![enter image description here][1]][1]\r\n[![enter image description here][2]][2]\r\n\r\n\r\n  [1]: https://i.stack.imgur.com/5Ntd3.png\r\n  [2]: https://i.stack.imgur.com/O6S37.png\r\n\r\nI have tried following properties but none of them worked so far..\r\n--conf spark.dynamicAllocation.enabled=true \r\n--conf spark.shuffle.service.enabled=true \\\r\n\r\nplayed with spark.yarn.executor.memoryOverhead a lot, what I noticed is the more I increase the overhead, the longer the training runs yet it fails ultimately.\r\n--conf spark.memory.fraction=0.8 \r\n--conf spark.memory.storageFraction=0.35 \\\r\n\r\n--conf spark.memory.offHeap.enabled=true \r\n--conf spark.memory.offHeap.size=4096 \\\r\n\r\nAny suggestion would be appreciable. thanks.!",
            "link": "https://stackoverflow.com/questions/50362419/tfos-tensorflowonspark-image-classification-fails-to-run-on-spark-cluster-in",
            "title": "TFoS (TensorFLowOnSpark)- Image Classification fails to run on spark cluster in yarn mode using hdp distribution",
            "body": "<p>I've been trying to run the image classification script published and managed by Yahoo from the this github link.\n<a href=\"https://github.com/yahoo/TensorFlowOnSpark/tree/master/examples/slim\" rel=\"nofollow noreferrer\">https://github.com/yahoo/TensorFlowOnSpark/tree/master/examples/slim</a></p>\n\n<p>I followed this <a href=\"https://github.com/yahoo/TensorFlowOnSpark/blob/master/examples/slim/README.md\" rel=\"nofollow noreferrer\">https://github.com/yahoo/TensorFlowOnSpark/blob/master/examples/slim/README.md</a> link step by step in order to train the model.</p>\n\n<p>The input is just 25 flowers image dataset to train the inception model. And the dataset is present on hdfs.</p>\n\n<p>Environment:-\n3 node CentOS CPU machines all having same version:- CentOS Linux release 7.2.1511 (Core)\nRAM size on each machine: 16 GB\nnum cores on each machine : 6\ntensorflow: 1.4.0\ntensorflowonspark 1.3.0\npython:- 2.7.5\njava : 1.8\nhadoop:- Hadoop 2.7.3\ndistribution : hdp\ncuda: N/A\nGPU:- N/A\nspark: 2.2.0</p>\n\n<p>here is the spark-submit command line command that I started with initially before playing with several other combination of properties which I would detail out later in this post..</p>\n\n<pre><code>${SPARK_HOME}/bin/spark-submit --master yarn --deploy-mode cluster \\\n--queue default \\\n--num-executors 3 \\\n--executor-memory 4G \\\n--executor-cores 1 \\\n--py-files slim.zip \\\n--conf spark.dynamicAllocation.enabled=false \\\n--conf spark.yarn.maxAppAttempts=1 \\\n--conf spark.yarn.executor.memoryOverhead=4096 \\\n--conf spark.ui.view.acls=* \\\n--conf spark.yarn.appMasterEnv.PYSPARK_PYTHON=/usr/bin/python \\\n--conf spark.executorEnv.LD_LIBRARY_PATH=\"/usr/hdp/2.6.3.0-235/usr/lib:$JAVA_HOME/jre/lib/amd64/server\" \\\n--conf spark.executorEnv.CLASSPATH=$($HADOOP_HOME/bin/hadoop classpath --glob):${CLASSPATH} \\\n--conf spark.executorEnv.HADOOP_HDFS_HOME=/usr/hdp/current/hadoop-hdfs-client \\\n--conf spark.executorEnv.LD_LIBRARY_PATH=\"/usr/hdp/2.6.3.0-235/usr/lib/libhdfs.so:/usr/hdp/2.6.3.0-235/usr/lib:${JAVA_HOME}/jre/lib/amd64/server\" \\\n${TFoS_HOME}/examples/slim/train_image_classifier.py \\\n--dataset_dir hdfs://172.26.32.32:8020/user/mapr/inception/dataset \\\n--train_dir hdfs://172.26.32.32:8020/user/mapr/slim_train \\\n--dataset_name flowers \\\n--dataset_split_name train \\\n--model_name inception_v3 \\\n--max_number_of_steps 1000 \\\n--batch_size 32 \\\n--num_ps_tasks 1\n</code></pre>\n\n<p><strong>here is the container logs (stderr):</strong></p>\n\n<pre><code>18/05/16 00:43:52 INFO RMProxy: Connecting to ResourceManager at impetus-i0057.impetus.co.in/172.26.32.36:8030\n18/05/16 00:43:52 INFO YarnRMClient: Registering the ApplicationMaster\n18/05/16 00:43:52 INFO YarnSchedulerBackend$YarnSchedulerEndpoint: ApplicationMaster registered as NettyRpcEndpointRef(spark://YarnAM@172.26.32.37:45684)\n18/05/16 00:43:52 INFO YarnAllocator: Will request 3 executor container(s), each with 1 core(s) and 8192 MB memory (including 4096 MB of overhead)\n18/05/16 00:43:52 INFO YarnAllocator: Submitted 3 unlocalized container requests.\n18/05/16 00:43:52 INFO ApplicationMaster: Started progress reporter thread with (heartbeat : 3000, initial allocation : 200) intervals\n18/05/16 00:43:52 INFO AMRMClientImpl: Received new token for : impetus-i0057.impetus.co.in:45454\n18/05/16 00:43:52 INFO AMRMClientImpl: Received new token for : impetus-i0053.impetus.co.in:45454\n18/05/16 00:43:52 INFO YarnAllocator: Launching container container_1525710710928_0087_01_000002 on host impetus-i0057.impetus.co.in for executor with ID 1\n18/05/16 00:43:52 INFO YarnAllocator: Launching container container_1525710710928_0087_01_000003 on host impetus-i0053.impetus.co.in for executor with ID 2\n18/05/16 00:43:52 INFO YarnAllocator: Received 2 containers from YARN, launching executors on 2 of them.\n18/05/16 00:43:52 INFO ContainerManagementProtocolProxy: yarn.client.max-cached-nodemanagers-proxies : 0\n18/05/16 00:43:52 INFO ContainerManagementProtocolProxy: yarn.client.max-cached-nodemanagers-proxies : 0\n18/05/16 00:43:52 INFO ContainerManagementProtocolProxy: Opening proxy : impetus-i0053.impetus.co.in:45454\n18/05/16 00:43:52 INFO ContainerManagementProtocolProxy: Opening proxy : impetus-i0057.impetus.co.in:45454\n18/05/16 00:43:53 INFO AMRMClientImpl: Received new token for : impetus-i0058.impetus.co.in:45454\n18/05/16 00:43:53 INFO YarnAllocator: Launching container container_1525710710928_0087_01_000004 on host impetus-i0058.impetus.co.in for executor with ID 3\n18/05/16 00:43:53 INFO YarnAllocator: Received 1 containers from YARN, launching executors on 1 of them.\n18/05/16 00:43:53 INFO ContainerManagementProtocolProxy: yarn.client.max-cached-nodemanagers-proxies : 0\n18/05/16 00:43:53 INFO ContainerManagementProtocolProxy: Opening proxy : impetus-i0058.impetus.co.in:45454\n18/05/16 00:43:56 INFO YarnAllocator: Received 1 containers from YARN, launching executors on 0 of them.\n18/05/16 00:43:56 INFO YarnSchedulerBackend$YarnDriverEndpoint: Registered executor NettyRpcEndpointRef(spark-client://Executor) (172.26.32.36:28535) with ID 1\n18/05/16 00:43:56 INFO YarnSchedulerBackend$YarnDriverEndpoint: Registered executor NettyRpcEndpointRef(spark-client://Executor) (172.26.32.32:46038) with ID 2\n18/05/16 00:43:56 INFO BlockManagerMasterEndpoint: Registering block manager impetus-i0057.impetus.co.in:28782 with 2004.6 MB RAM, BlockManagerId(1, impetus-i0057.impetus.co.in, 28782, None)\n18/05/16 00:43:56 INFO BlockManagerMasterEndpoint: Registering block manager impetus-i0053.impetus.co.in:35126 with 2004.6 MB RAM, BlockManagerId(2, impetus-i0053.impetus.co.in, 35126, None)\n18/05/16 00:43:57 INFO YarnSchedulerBackend$YarnDriverEndpoint: Registered executor NettyRpcEndpointRef(spark-client://Executor) (172.26.32.37:36394) with ID 3\n18/05/16 00:43:57 INFO YarnClusterSchedulerBackend: SchedulerBackend is ready for scheduling beginning after reached minRegisteredResourcesRatio: 0.8\n18/05/16 00:43:57 INFO YarnClusterScheduler: YarnClusterScheduler.postStartHook done\n18/05/16 00:43:57 INFO BlockManagerMasterEndpoint: Registering block manager impetus-i0058.impetus.co.in:39780 with 2004.6 MB RAM, BlockManagerId(3, impetus-i0058.impetus.co.in, 39780, None)\n18/05/16 00:43:57 INFO SparkContext: Starting job: foreachPartition at /usr/lib/python2.7/site-packages/tensorflowonspark/TFCluster.py:293\n18/05/16 00:43:57 INFO DAGScheduler: Got job 0 (foreachPartition at /usr/lib/python2.7/site-packages/tensorflowonspark/TFCluster.py:293) with 3 output partitions\n18/05/16 00:43:57 INFO DAGScheduler: Final stage: ResultStage 0 (foreachPartition at /usr/lib/python2.7/site-packages/tensorflowonspark/TFCluster.py:293)\n18/05/16 00:43:57 INFO DAGScheduler: Parents of final stage: List()\n18/05/16 00:43:57 INFO DAGScheduler: Missing parents: List()\n18/05/16 00:43:57 INFO DAGScheduler: Submitting ResultStage 0 (PythonRDD[1] at foreachPartition at /usr/lib/python2.7/site-packages/tensorflowonspark/TFCluster.py:293), which has no missing parents\n18/05/16 00:43:58 INFO MemoryStore: Block broadcast_0 stored as values in memory (estimated size 54.5 KB, free 366.2 MB)\n18/05/16 00:43:58 INFO MemoryStore: Block broadcast_0_piece0 stored as bytes in memory (estimated size 24.4 KB, free 366.2 MB)\n18/05/16 00:43:58 INFO BlockManagerInfo: Added broadcast_0_piece0 in memory on 172.26.32.37:45828 (size: 24.4 KB, free: 366.3 MB)\n18/05/16 00:43:58 INFO SparkContext: Created broadcast 0 from broadcast at DAGScheduler.scala:1006\n18/05/16 00:43:58 INFO DAGScheduler: Submitting 3 missing tasks from ResultStage 0 (PythonRDD[1] at foreachPartition at /usr/lib/python2.7/site-packages/tensorflowonspark/TFCluster.py:293) (first 15 tasks are for partitions Vector(0, 1, 2))\n18/05/16 00:43:58 INFO YarnClusterScheduler: Adding task set 0.0 with 3 tasks\n18/05/16 00:43:58 INFO TaskSetManager: Starting task 0.0 in stage 0.0 (TID 0, impetus-i0058.impetus.co.in, executor 3, partition 0, PROCESS_LOCAL, 4819 bytes)\n18/05/16 00:43:58 INFO TaskSetManager: Starting task 1.0 in stage 0.0 (TID 1, impetus-i0057.impetus.co.in, executor 1, partition 1, PROCESS_LOCAL, 4819 bytes)\n18/05/16 00:43:58 INFO TaskSetManager: Starting task 2.0 in stage 0.0 (TID 2, impetus-i0053.impetus.co.in, executor 2, partition 2, PROCESS_LOCAL, 4819 bytes)\n18/05/16 00:43:58 INFO BlockManagerInfo: Added broadcast_0_piece0 in memory on impetus-i0057.impetus.co.in:28782 (size: 24.4 KB, free: 2004.6 MB)\n18/05/16 00:43:58 INFO BlockManagerInfo: Added broadcast_0_piece0 in memory on impetus-i0058.impetus.co.in:39780 (size: 24.4 KB, free: 2004.6 MB)\n18/05/16 00:43:58 INFO BlockManagerInfo: Added broadcast_0_piece0 in memory on impetus-i0053.impetus.co.in:35126 (size: 24.4 KB, free: 2004.6 MB)\n18/05/16 00:46:24 INFO YarnSchedulerBackend$YarnDriverEndpoint: Disabling executor 1.\n18/05/16 00:46:24 INFO DAGScheduler: Executor lost: 1 (epoch 0)\n18/05/16 00:46:24 INFO BlockManagerMasterEndpoint: Trying to remove executor 1 from BlockManagerMaster.\n18/05/16 00:46:24 INFO BlockManagerMasterEndpoint: Removing block manager BlockManagerId(1, impetus-i0057.impetus.co.in, 28782, None)\n18/05/16 00:46:24 INFO BlockManagerMaster: Removed 1 successfully in removeExecutor\n18/05/16 00:46:24 INFO DAGScheduler: Shuffle files lost for executor: 1 (epoch 0)\n18/05/16 00:46:24 INFO YarnAllocator: Completed container container_1525710710928_0087_01_000002 on host: impetus-i0057.impetus.co.in (state: COMPLETE, exit status: -104)\n18/05/16 00:46:24 WARN YarnAllocator: Container killed by YARN for exceeding memory limits. 8.3 GB of 8 GB physical memory used. Consider boosting spark.yarn.executor.memoryOverhead.\n18/05/16 00:46:24 WARN YarnSchedulerBackend$YarnSchedulerEndpoint: Container killed by YARN for exceeding memory limits. 8.3 GB of 8 GB physical memory used. Consider boosting spark.yarn.executor.memoryOverhead.\n18/05/16 00:46:24 ERROR YarnClusterScheduler: Lost executor 1 on impetus-i0057.impetus.co.in: Container killed by YARN for exceeding memory limits. 8.3 GB of 8 GB physical memory used. Consider boosting spark.yarn.executor.memoryOverhead.\n18/05/16 00:46:24 WARN TaskSetManager: Lost task 1.0 in stage 0.0 (TID 1, impetus-i0057.impetus.co.in, executor 1): ExecutorLostFailure (executor 1 exited caused by one of the running tasks) Reason: Container killed by YARN for exceeding memory limits. 8.3 GB of 8 GB physical memory used. Consider boosting spark.yarn.executor.memoryOverhead.\n18/05/16 00:46:24 INFO BlockManagerMasterEndpoint: Trying to remove executor 1 from BlockManagerMaster.\n18/05/16 00:46:24 INFO BlockManagerMaster: Removal of executor 1 requested\n18/05/16 00:46:24 INFO YarnSchedulerBackend$YarnDriverEndpoint: Asked to remove non-existent executor 1\n18/05/16 00:46:27 INFO YarnAllocator: Will request 1 executor container(s), each with 1 core(s) and 8192 MB memory (including 4096 MB of overhead)\n18/05/16 00:46:27 INFO YarnAllocator: Submitted 1 unlocalized container requests.\n18/05/16 00:46:28 INFO YarnAllocator: Launching container container_1525710710928_0087_01_000007 on host impetus-i0057.impetus.co.in for executor with ID 4\n18/05/16 00:46:28 INFO YarnAllocator: Received 1 containers from YARN, launching executors on 1 of them.\n18/05/16 00:46:28 INFO ContainerManagementProtocolProxy: yarn.client.max-cached-nodemanagers-proxies : 0\n18/05/16 00:46:28 INFO ContainerManagementProtocolProxy: Opening proxy : impetus-i0057.impetus.co.in:45454\n18/05/16 00:46:32 INFO YarnSchedulerBackend$YarnDriverEndpoint: Registered executor NettyRpcEndpointRef(spark-client://Executor) (172.26.32.36:29852) with ID 4\n18/05/16 00:46:32 INFO TaskSetManager: Starting task 1.1 in stage 0.0 (TID 3, impetus-i0057.impetus.co.in, executor 4, partition 1, PROCESS_LOCAL, 4819 bytes)\n18/05/16 00:46:33 INFO BlockManagerMasterEndpoint: Registering block manager impetus-i0057.impetus.co.in:65131 with 2004.6 MB RAM, BlockManagerId(4, impetus-i0057.impetus.co.in, 65131, None)\n18/05/16 00:46:34 INFO BlockManagerInfo: Added broadcast_0_piece0 in memory on impetus-i0057.impetus.co.in:65131 (size: 24.4 KB, free: 2004.6 MB)\n18/05/16 00:46:42 WARN TaskSetManager: Lost task 2.0 in stage 0.0 (TID 2, impetus-i0053.impetus.co.in, executor 2): org.apache.spark.api.python.PythonException: Traceback (most recent call last):\n  File \"/hadoop/yarn/local/usercache/mapr/appcache/application_1525710710928_0087/container_1525710710928_0087_01_000003/pyspark.zip/pyspark/worker.py\", line 177, in main\n    process()\n  File \"/hadoop/yarn/local/usercache/mapr/appcache/application_1525710710928_0087/container_1525710710928_0087_01_000003/pyspark.zip/pyspark/worker.py\", line 172, in process\n    serializer.dump_stream(func(split_index, iterator), outfile)\n  File \"/hadoop/yarn/local/usercache/mapr/appcache/application_1525710710928_0087/container_1525710710928_0087_01_000001/pyspark.zip/pyspark/rdd.py\", line 2423, in pipeline_func\n  File \"/hadoop/yarn/local/usercache/mapr/appcache/application_1525710710928_0087/container_1525710710928_0087_01_000001/pyspark.zip/pyspark/rdd.py\", line 2423, in pipeline_func\n  File \"/hadoop/yarn/local/usercache/mapr/appcache/application_1525710710928_0087/container_1525710710928_0087_01_000001/pyspark.zip/pyspark/rdd.py\", line 2423, in pipeline_func\n  File \"/hadoop/yarn/local/usercache/mapr/appcache/application_1525710710928_0087/container_1525710710928_0087_01_000001/pyspark.zip/pyspark/rdd.py\", line 346, in func\n  File \"/hadoop/yarn/local/usercache/mapr/appcache/application_1525710710928_0087/container_1525710710928_0087_01_000001/pyspark.zip/pyspark/rdd.py\", line 794, in func\n  File \"/usr/lib/python2.7/site-packages/tensorflowonspark/TFSparkNode.py\", line 353, in _mapfn\n    wrapper_fn(tf_args, ctx)\n  File \"/usr/lib/python2.7/site-packages/tensorflowonspark/TFSparkNode.py\", line 310, in wrapper_fn\n    fn(args, context)\n  File \"train_image_classifier.py\", line 606, in main_fun\n  File \"/usr/lib/python2.7/site-packages/tensorflow/contrib/slim/python/slim/learning.py\", line 775, in train\n    sv.stop(threads, close_summary_writer=True)\n  File \"/usr/lib64/python2.7/contextlib.py\", line 35, in __exit__\n    self.gen.throw(type, value, traceback)\n  File \"/usr/lib/python2.7/site-packages/tensorflow/python/training/supervisor.py\", line 964, in managed_session\n    self.stop(close_summary_writer=close_summary_writer)\n  File \"/usr/lib/python2.7/site-packages/tensorflow/python/training/supervisor.py\", line 792, in stop\n    stop_grace_period_secs=self._stop_grace_secs)\n  File \"/usr/lib/python2.7/site-packages/tensorflow/python/training/coordinator.py\", line 389, in join\n    six.reraise(*self._exc_info_to_raise)\n  File \"/usr/lib/python2.7/site-packages/tensorflow/python/training/queue_runner_impl.py\", line 238, in _run\n    enqueue_callable()\n  File \"/usr/lib/python2.7/site-packages/tensorflow/python/client/session.py\", line 1231, in _single_operation_run\n    target_list_as_strings, status, None)\n  File \"/usr/lib/python2.7/site-packages/tensorflow/python/framework/errors_impl.py\", line 473, in __exit__\n    c_api.TF_GetCode(self.status.status))\nUnavailableError: Endpoint read failed\n\n    at org.apache.spark.api.python.PythonRunner$$anon$1.read(PythonRDD.scala:193)\n    at org.apache.spark.api.python.PythonRunner$$anon$1.&lt;init&gt;(PythonRDD.scala:234)\n    at org.apache.spark.api.python.PythonRunner.compute(PythonRDD.scala:152)\n    at org.apache.spark.api.python.PythonRDD.compute(PythonRDD.scala:63)\n    at org.apache.spark.rdd.RDD.computeOrReadCheckpoint(RDD.scala:323)\n    at org.apache.spark.rdd.RDD.iterator(RDD.scala:287)\n    at org.apache.spark.scheduler.ResultTask.runTask(ResultTask.scala:87)\n    at org.apache.spark.scheduler.Task.run(Task.scala:108)\n    at org.apache.spark.executor.Executor$TaskRunner.run(Executor.scala:338)\n    at java.util.concurrent.ThreadPoolExecutor.runWorker(ThreadPoolExecutor.java:1142)\n    at java.util.concurrent.ThreadPoolExecutor$Worker.run(ThreadPoolExecutor.java:617)\n    at java.lang.Thread.run(Thread.java:745)\n</code></pre>\n\n<p><a href=\"https://i.stack.imgur.com/5Ntd3.png\" rel=\"nofollow noreferrer\"><img src=\"https://i.stack.imgur.com/5Ntd3.png\" alt=\"enter image description here\"></a>\n<a href=\"https://i.stack.imgur.com/O6S37.png\" rel=\"nofollow noreferrer\"><img src=\"https://i.stack.imgur.com/O6S37.png\" alt=\"enter image description here\"></a></p>\n\n<p>I have tried following properties but none of them worked so far..\n--conf spark.dynamicAllocation.enabled=true \n--conf spark.shuffle.service.enabled=true \\</p>\n\n<p>played with spark.yarn.executor.memoryOverhead a lot, what I noticed is the more I increase the overhead, the longer the training runs yet it fails ultimately.\n--conf spark.memory.fraction=0.8 \n--conf spark.memory.storageFraction=0.35 \\</p>\n\n<p>--conf spark.memory.offHeap.enabled=true \n--conf spark.memory.offHeap.size=4096 \\</p>\n\n<p>Any suggestion would be appreciable. thanks.!</p>\n"
        },
        {
            "tags": [
                "bitbucket"
            ],
            "owner": {
                "reputation": 6,
                "user_id": 3388366,
                "user_type": "registered",
                "profile_image": "https://www.gravatar.com/avatar/aa77ae469a92627d76de284c08c2f449?s=128&d=identicon&r=PG&f=1",
                "display_name": "user3388366",
                "link": "https://stackoverflow.com/users/3388366/user3388366"
            },
            "is_answered": false,
            "view_count": 22,
            "answer_count": 0,
            "score": 0,
            "last_activity_date": 1526444462,
            "creation_date": 1526444462,
            "question_id": 50362416,
            "body_markdown": "I habe a problem wirh the Import of my issues to Bitbucket.\r\n\r\nI have 3000 issues, but I can only import 1000. The import give e the following error message:\r\n\r\nThe error was: string indices must be integers\r\n\r\n\r\n",
            "link": "https://stackoverflow.com/questions/50362416/issue-import-to-bitbucket",
            "title": "Issue Import to Bitbucket",
            "body": "<p>I habe a problem wirh the Import of my issues to Bitbucket.</p>\n\n<p>I have 3000 issues, but I can only import 1000. The import give e the following error message:</p>\n\n<p>The error was: string indices must be integers</p>\n"
        },
        {
            "tags": [
                "java",
                "android",
                "xamarin",
                "crash",
                "picasso"
            ],
            "owner": {
                "reputation": 51,
                "user_id": 4149141,
                "user_type": "registered",
                "profile_image": "https://lh6.googleusercontent.com/-w2zyFnlewuw/AAAAAAAAAAI/AAAAAAAAAIU/E-UHij_xyfw/photo.jpg?sz=128",
                "display_name": "Felix Chiang",
                "link": "https://stackoverflow.com/users/4149141/felix-chiang"
            },
            "is_answered": false,
            "view_count": 21,
            "answer_count": 0,
            "score": 2,
            "last_activity_date": 1526444454,
            "creation_date": 1526444454,
            "question_id": 50362414,
            "body_markdown": "I am using Picasso to load a graphic from remote server. Below is the code:\r\n\r\n    return Picasso.With(context)\r\n        .Load(&quot;https://exampledomain.com&quot;)\r\n        .Placeholder(Resource.Drawable.icon_placeholder)\r\n        .Error(Resource.Drawable.icon_error)\r\n        .Get();\r\n\r\n\r\nI intermittently would have crash with message:\r\n\r\n**Java.Lang.RuntimeException: android_getaddrinfo failed: EAI_NODATA (No address associated with hostname)**\r\n\r\nand also:\r\n\r\n**java.net.UnknownHostException: Unable to resolve host &quot;exampledomain.com&quot;: No address associated with hostname**\r\n\r\nNOTE - since the crash happened few days ago, i have not been able to reproduce this crash on the app.\r\n\r\nAnyone have same problem with a solution they could kindly share?",
            "link": "https://stackoverflow.com/questions/50362414/xamarin-android-picasso-java-lang-runtimeexception-android-getaddrinfo-failed",
            "title": "Xamarin Android Picasso Java.Lang.RuntimeException: android_getaddrinfo failed: EAI_NODATA",
            "body": "<p>I am using Picasso to load a graphic from remote server. Below is the code:</p>\n\n<pre><code>return Picasso.With(context)\n    .Load(\"https://exampledomain.com\")\n    .Placeholder(Resource.Drawable.icon_placeholder)\n    .Error(Resource.Drawable.icon_error)\n    .Get();\n</code></pre>\n\n<p>I intermittently would have crash with message:</p>\n\n<p><strong>Java.Lang.RuntimeException: android_getaddrinfo failed: EAI_NODATA (No address associated with hostname)</strong></p>\n\n<p>and also:</p>\n\n<p><strong>java.net.UnknownHostException: Unable to resolve host \"exampledomain.com\": No address associated with hostname</strong></p>\n\n<p>NOTE - since the crash happened few days ago, i have not been able to reproduce this crash on the app.</p>\n\n<p>Anyone have same problem with a solution they could kindly share?</p>\n"
        },
        {
            "tags": [
                "angularjs",
                "bootstrap-modal",
                "typeerror",
                "servicenow"
            ],
            "owner": {
                "reputation": 46,
                "user_id": 9352385,
                "user_type": "registered",
                "accept_rate": 25,
                "profile_image": "https://www.gravatar.com/avatar/d44b90f5d3d9369b331743d02f72bb09?s=128&d=identicon&r=PG&f=1",
                "display_name": "theIronLotus",
                "link": "https://stackoverflow.com/users/9352385/theironlotus"
            },
            "is_answered": false,
            "view_count": 28,
            "answer_count": 0,
            "score": 0,
            "last_activity_date": 1526444445,
            "creation_date": 1526443392,
            "last_edit_date": 1526444445,
            "question_id": 50362296,
            "body_markdown": "I am working in ServiceNow and have a button that pulls up a modal window that renders an embedded form.  When a user submits, I have the embedded form $broadcast &#39;closeModal&#39;, and the button receives it to close.  My client script looks like this for the embedded form:\r\n\r\n    $rootScope.$broadcast(&#39;closeModal&#39;); \r\n\r\nand on my button that brings up the modal, my client script looks like this:\r\n\r\n    $rootScope.$on(&#39;closeModal&#39;, function() {\r\n    \t\tc.modalInstance.close();\r\n    \t});\r\n\r\nThis actually does close the modal window, but my console is showing &quot;TypeError: Cannot read property &#39;close&#39; of undefined&quot;\r\n\r\n[![enter image description here][1]][1]\r\n\r\nAny idea why this is showing up?  \r\n\r\nAdditionally, in my screenshot above, that typeerror actually shows up twice, for two different widgets.  I am broadcasting and retrieving the same event for both widgets.  I&#39;m not sure if that&#39;s against best practice, but I&#39;ve tried changing one of them to &#39;closeModal2&#39; for example and the same typeError still shows.\r\n\r\nAny suggestions or advice is greatly appreciated!\r\n\r\n**-- ADDED --**\r\nThis is a screenshot of my console after logging c:\r\n\r\n[![enter image description here][2]][2]\r\n\r\n\r\n  [1]: https://i.stack.imgur.com/0NlYX.png\r\n  [2]: https://i.stack.imgur.com/2BN8D.png",
            "link": "https://stackoverflow.com/questions/50362296/uibmodal-typeerror-cannot-read-property-close-of-undefined",
            "title": "$uibModal TypeError: Cannot read property &#39;close&#39; of undefined",
            "body": "<p>I am working in ServiceNow and have a button that pulls up a modal window that renders an embedded form.  When a user submits, I have the embedded form $broadcast 'closeModal', and the button receives it to close.  My client script looks like this for the embedded form:</p>\n\n<pre><code>$rootScope.$broadcast('closeModal'); \n</code></pre>\n\n<p>and on my button that brings up the modal, my client script looks like this:</p>\n\n<pre><code>$rootScope.$on('closeModal', function() {\n        c.modalInstance.close();\n    });\n</code></pre>\n\n<p>This actually does close the modal window, but my console is showing \"TypeError: Cannot read property 'close' of undefined\"</p>\n\n<p><a href=\"https://i.stack.imgur.com/0NlYX.png\" rel=\"nofollow noreferrer\"><img src=\"https://i.stack.imgur.com/0NlYX.png\" alt=\"enter image description here\"></a></p>\n\n<p>Any idea why this is showing up?  </p>\n\n<p>Additionally, in my screenshot above, that typeerror actually shows up twice, for two different widgets.  I am broadcasting and retrieving the same event for both widgets.  I'm not sure if that's against best practice, but I've tried changing one of them to 'closeModal2' for example and the same typeError still shows.</p>\n\n<p>Any suggestions or advice is greatly appreciated!</p>\n\n<p><strong>-- ADDED --</strong>\nThis is a screenshot of my console after logging c:</p>\n\n<p><a href=\"https://i.stack.imgur.com/2BN8D.png\" rel=\"nofollow noreferrer\"><img src=\"https://i.stack.imgur.com/2BN8D.png\" alt=\"enter image description here\"></a></p>\n"
        },
        {
            "tags": [
                "java",
                "swing"
            ],
            "owner": {
                "reputation": 1,
                "user_id": 9797673,
                "user_type": "registered",
                "profile_image": "https://graph.facebook.com/1659049687546783/picture?type=large",
                "display_name": "Prabhakar Rao",
                "link": "https://stackoverflow.com/users/9797673/prabhakar-rao"
            },
            "is_answered": true,
            "view_count": 22,
            "answer_count": 1,
            "score": 0,
            "last_activity_date": 1526444432,
            "creation_date": 1526441364,
            "question_id": 50362069,
            "body_markdown": "I wanted to display same textfield and label in both the panels that are added to JTabbedPane but one of panel is displaying the textfield and label and the other is not, when added the same textfield and label for both the panels.   \r\n",
            "link": "https://stackoverflow.com/questions/50362069/in-jtabbedpane-i-have-two-panels-where-same-textfield-and-label-are-not-display",
            "title": "In JTabbedPane, I have two panels where same textfield and label are not displayed when written",
            "body": "<p>I wanted to display same textfield and label in both the panels that are added to JTabbedPane but one of panel is displaying the textfield and label and the other is not, when added the same textfield and label for both the panels.   </p>\n"
        },
        {
            "tags": [
                "c#",
                "selenium",
                "nunit",
                "xunit",
                "nunit-3.0"
            ],
            "owner": {
                "reputation": 1,
                "user_id": 9782383,
                "user_type": "registered",
                "profile_image": "https://www.gravatar.com/avatar/4f8ce5fca3770650fa4e29bbed791360?s=128&d=identicon&r=PG&f=1",
                "display_name": "user9782383",
                "link": "https://stackoverflow.com/users/9782383/user9782383"
            },
            "is_answered": false,
            "view_count": 39,
            "answer_count": 0,
            "score": 0,
            "last_activity_date": 1526444403,
            "creation_date": 1526177728,
            "last_edit_date": 1526444403,
            "question_id": 50312177,
            "body_markdown": "OneTimeSetUp and OneTimeTearDownStopped working\r\n\r\n    using NUnit.Framework;\r\n    using System;\r\n    using System.Collections.Generic;\r\n    using System.Linq;\r\n    using System.Text;\r\n    using System.Threading.Tasks;\r\n    \r\n    namespace ClassLibrary1\r\n    {\r\n        \r\n        class Class1\r\n        {\r\n            [SetUp]\r\n            public void setup()\r\n            {\r\n                Console.WriteLine(&quot;setup method&quot;);\r\n            }\r\n            [TearDown]\r\n            public void teardown()\r\n            {\r\n                Console.WriteLine(&quot;teardown&quot;);\r\n            }\r\n            [OneTimeSetUp]\r\n            public void onetimesetup()\r\n            {\r\n                Console.WriteLine(&quot;onetimesetup method&quot;);\r\n            }\r\n            [OneTimeTearDown]\r\n            public void onetimeteardown()\r\n            {\r\n                Console.WriteLine(&quot;onetimeteardown method&quot;);\r\n            }\r\n            [Test]\r\n            public void testCase()\r\n            {\r\n                Console.WriteLine(&quot;Testcase method 2&quot;);\r\n            }\r\n            \r\n        }\r\n    }\r\n\r\nI installed Resharper previously and Now I have completed the resharper. \r\nI have deleted resharper  from C:\\Users\\vkris\\AppData\\Local\\Microsoft\\VisualStudio\\15.0_d20cab45\\Extensions\r\nAlso I now more have it in the control panel. \r\n\r\nBut I am still I having this issues. I have a previous project which is working fine. Here are the packages that I have downloaded from nuget package.\r\nMore precisely please find the project which I am trying to complete\r\n\r\nhttps://github.com/vkrishna92/AutomationProjects/blob/master/SeleniumAutomationDemoQA/SeleniumAutomationDemoQA/Utitlities/OneTimeClass.cs \r\n\r\n[enter image description here][1]\r\n\r\n\r\n  [1]: https://i.stack.imgur.com/EfqiF.png\r\n",
            "link": "https://stackoverflow.com/questions/50312177/nunit3-onetimesetup-and-onetimeteardown-not-working",
            "title": "Nunit3 OneTimeSetUp and OneTimeTeardown not working",
            "body": "<p>OneTimeSetUp and OneTimeTearDownStopped working</p>\n\n<pre><code>using NUnit.Framework;\nusing System;\nusing System.Collections.Generic;\nusing System.Linq;\nusing System.Text;\nusing System.Threading.Tasks;\n\nnamespace ClassLibrary1\n{\n\n    class Class1\n    {\n        [SetUp]\n        public void setup()\n        {\n            Console.WriteLine(\"setup method\");\n        }\n        [TearDown]\n        public void teardown()\n        {\n            Console.WriteLine(\"teardown\");\n        }\n        [OneTimeSetUp]\n        public void onetimesetup()\n        {\n            Console.WriteLine(\"onetimesetup method\");\n        }\n        [OneTimeTearDown]\n        public void onetimeteardown()\n        {\n            Console.WriteLine(\"onetimeteardown method\");\n        }\n        [Test]\n        public void testCase()\n        {\n            Console.WriteLine(\"Testcase method 2\");\n        }\n\n    }\n}\n</code></pre>\n\n<p>I installed Resharper previously and Now I have completed the resharper. \nI have deleted resharper  from C:\\Users\\vkris\\AppData\\Local\\Microsoft\\VisualStudio\\15.0_d20cab45\\Extensions\nAlso I now more have it in the control panel. </p>\n\n<p>But I am still I having this issues. I have a previous project which is working fine. Here are the packages that I have downloaded from nuget package.\nMore precisely please find the project which I am trying to complete</p>\n\n<p><a href=\"https://github.com/vkrishna92/AutomationProjects/blob/master/SeleniumAutomationDemoQA/SeleniumAutomationDemoQA/Utitlities/OneTimeClass.cs\" rel=\"nofollow noreferrer\">https://github.com/vkrishna92/AutomationProjects/blob/master/SeleniumAutomationDemoQA/SeleniumAutomationDemoQA/Utitlities/OneTimeClass.cs</a> </p>\n\n<p><a href=\"https://i.stack.imgur.com/EfqiF.png\" rel=\"nofollow noreferrer\">enter image description here</a></p>\n"
        },
        {
            "tags": [
                "sql"
            ],
            "owner": {
                "reputation": 11,
                "user_id": 6010322,
                "user_type": "registered",
                "accept_rate": 25,
                "profile_image": "https://www.gravatar.com/avatar/7821428dbfee10425c73d64f414562d6?s=128&d=identicon&r=PG&f=1",
                "display_name": "Jay2012",
                "link": "https://stackoverflow.com/users/6010322/jay2012"
            },
            "is_answered": false,
            "view_count": 18,
            "answer_count": 1,
            "score": 0,
            "last_activity_date": 1526444391,
            "creation_date": 1526420659,
            "last_edit_date": 1526444391,
            "question_id": 50359576,
            "body_markdown": "I have a table                                                             \r\n\r\n    ID |Location|Programs|School                                                \r\n    ---+--------+--------+-------\r\n     1 |ABC     |A       | 1                                                    \r\n     1 |ABC     |B       | 1                                                    \r\n     1 |ABC     |C       | 1                                                    \r\n     1 |ABC     |D       | 1                                                    \r\n     2 |ABC     |A       | 1                                                    \r\n     2 |ABC     |B       | 1                                                    \r\n     2 |ABC     |C       | 1                                                    \r\n     3 |ABC     |D       | 1                                                    \r\n     4 |ABC     |A       | 1                                                    \r\n     4 |ABC     |B       | 1                                                    \r\n     4 |ABC     |C       | 1                                                    \r\n     4 |ABC     |D       | 1                                                    \r\n     5 |ABC     |A       | 1                                                    \r\n     5 |ABC     |C       | 1                                                    \r\n     5 |ABC     |D       | 1                                                    \r\n     6 |ABC     |A       | 1                                                    \r\n     6 |ABC     |B       | 1                                                    \r\n     6 |ABC     |C       | 1                                                    \r\n     7 |ABC     |A       | 1                                                    \r\n     7 |ABC     |B       | 1                                                    \r\n     7 |ABC     |C       | 1                                                    \r\n     8 |ABC     |A       | 1                                                    \r\n     8 |ABC     |B       | 1                                                    \r\n     8 |ABC     |C       | 1                                                    \r\n     8 |ABC     |D       | 1                                                    \r\n     8 |ABC     |E       | 1                                                    \r\n     9 |ABC     |B       | 1                                                    \r\n     9 |ABC     |C       | 1                                                    \r\n     9 |ABC     |D       | 1                                                    \r\n     9 |ABC     |E       | 1                                                    \r\n    10 |ABC     |A       | 1                                                   \r\n    10 |ABC     |B       | 1                                                   \r\n    10 |ABC     |C       | 1                                                   \r\n    11 |ABC     |A       | 1                                                   \r\n    11 |ABC     |B       | 1                                                   \r\n                                                                      \r\nI want to get the IDs 6, 7, 10, 11 any ID contains D or E will be filtered.\r\n\r\nPlease give me some advice.",
            "link": "https://stackoverflow.com/questions/50359576/get-id-which-has-never-belongs-any-category",
            "title": "Get ID which has never belongs any category",
            "body": "<p>I have a table                                                             </p>\n\n<pre><code>ID |Location|Programs|School                                                \n---+--------+--------+-------\n 1 |ABC     |A       | 1                                                    \n 1 |ABC     |B       | 1                                                    \n 1 |ABC     |C       | 1                                                    \n 1 |ABC     |D       | 1                                                    \n 2 |ABC     |A       | 1                                                    \n 2 |ABC     |B       | 1                                                    \n 2 |ABC     |C       | 1                                                    \n 3 |ABC     |D       | 1                                                    \n 4 |ABC     |A       | 1                                                    \n 4 |ABC     |B       | 1                                                    \n 4 |ABC     |C       | 1                                                    \n 4 |ABC     |D       | 1                                                    \n 5 |ABC     |A       | 1                                                    \n 5 |ABC     |C       | 1                                                    \n 5 |ABC     |D       | 1                                                    \n 6 |ABC     |A       | 1                                                    \n 6 |ABC     |B       | 1                                                    \n 6 |ABC     |C       | 1                                                    \n 7 |ABC     |A       | 1                                                    \n 7 |ABC     |B       | 1                                                    \n 7 |ABC     |C       | 1                                                    \n 8 |ABC     |A       | 1                                                    \n 8 |ABC     |B       | 1                                                    \n 8 |ABC     |C       | 1                                                    \n 8 |ABC     |D       | 1                                                    \n 8 |ABC     |E       | 1                                                    \n 9 |ABC     |B       | 1                                                    \n 9 |ABC     |C       | 1                                                    \n 9 |ABC     |D       | 1                                                    \n 9 |ABC     |E       | 1                                                    \n10 |ABC     |A       | 1                                                   \n10 |ABC     |B       | 1                                                   \n10 |ABC     |C       | 1                                                   \n11 |ABC     |A       | 1                                                   \n11 |ABC     |B       | 1                                                   \n</code></pre>\n\n<p>I want to get the IDs 6, 7, 10, 11 any ID contains D or E will be filtered.</p>\n\n<p>Please give me some advice.</p>\n"
        },
        {
            "tags": [
                "angular",
                "typescript",
                "frontend",
                "angular5"
            ],
            "owner": {
                "user_type": "does_not_exist",
                "display_name": "user7304253"
            },
            "is_answered": true,
            "view_count": 78,
            "accepted_answer_id": 49330567,
            "answer_count": 2,
            "score": 0,
            "last_activity_date": 1526444366,
            "creation_date": 1521239590,
            "question_id": 49330371,
            "body_markdown": "I try to create registration in Angular 5. Everything seems to be working properly (accounts are added to the database) however I always get error `TypeError: undefined is not an object (evaluating &#39;data.Errors[0]&#39;)` Any ideas what is wrong? It seems to me that there is a problem with `data.Succeeded` it looks like `Succeeded` was undefined and condition always achieves `else`.\r\n\r\n      OnSubmit(form: NgForm) {\r\n        this.userService.registerUser(form.value)\r\n          .subscribe((data: any) =&gt; {\r\n            if (data.Succeeded == true) {\r\n              this.resetForm(form);\r\n              this.toastr.success(&#39;User registration successful&#39;);\r\n            }\r\n            else\r\n              this.toastr.error(data.Errors[0]);\r\n          });\r\n      }",
            "link": "https://stackoverflow.com/questions/49330371/data-succeeded-true-seems-to-be-not-working-properly-in-angular-5",
            "title": "data.Succeeded == true seems to be not working properly in Angular 5?",
            "body": "<p>I try to create registration in Angular 5. Everything seems to be working properly (accounts are added to the database) however I always get error <code>TypeError: undefined is not an object (evaluating 'data.Errors[0]')</code> Any ideas what is wrong? It seems to me that there is a problem with <code>data.Succeeded</code> it looks like <code>Succeeded</code> was undefined and condition always achieves <code>else</code>.</p>\n\n<pre><code>  OnSubmit(form: NgForm) {\n    this.userService.registerUser(form.value)\n      .subscribe((data: any) =&gt; {\n        if (data.Succeeded == true) {\n          this.resetForm(form);\n          this.toastr.success('User registration successful');\n        }\n        else\n          this.toastr.error(data.Errors[0]);\n      });\n  }\n</code></pre>\n"
        },
        {
            "tags": [
                "javascript",
                "node.js",
                "express",
                "axios"
            ],
            "owner": {
                "reputation": 17,
                "user_id": 5772775,
                "user_type": "registered",
                "profile_image": "https://graph.facebook.com/933352086733567/picture?type=large",
                "display_name": "TszHin Ma",
                "link": "https://stackoverflow.com/users/5772775/tszhin-ma"
            },
            "is_answered": false,
            "view_count": 49,
            "answer_count": 1,
            "score": 2,
            "last_activity_date": 1526444358,
            "creation_date": 1526443772,
            "last_edit_date": 1526444128,
            "question_id": 50362335,
            "body_markdown": "I have a http request in a nodejs project to get a file which is a javascript file.\r\n\r\ne.g. a.js:\r\n\r\n    var a = &#39;i am a.js&#39;;\r\n    var b = &#39;please convert me to js&#39;;\r\n\r\naxios get function:\r\n\r\n    axios.get(&#39;a.js&#39;).then((response) =&gt; {\r\n        let data = response.data\r\n        // data should have var a and b as a STRING type\r\n    })\r\n\r\nAs I&#39;m using javascript to get this file, how can I convert this file to simple javascript variable? Thankyou!\r\n\r\n",
            "link": "https://stackoverflow.com/questions/50362335/js-http-request-file-contains-js-variable",
            "title": "JS - http request file contains js variable",
            "body": "<p>I have a http request in a nodejs project to get a file which is a javascript file.</p>\n\n<p>e.g. a.js:</p>\n\n<pre><code>var a = 'i am a.js';\nvar b = 'please convert me to js';\n</code></pre>\n\n<p>axios get function:</p>\n\n<pre><code>axios.get('a.js').then((response) =&gt; {\n    let data = response.data\n    // data should have var a and b as a STRING type\n})\n</code></pre>\n\n<p>As I'm using javascript to get this file, how can I convert this file to simple javascript variable? Thankyou!</p>\n"
        },
        {
            "tags": [
                "sql",
                "tsql",
                "sql-server-2012",
                "ssms",
                "sqldatatypes"
            ],
            "owner": {
                "reputation": 5,
                "user_id": 5848840,
                "user_type": "registered",
                "profile_image": "https://www.gravatar.com/avatar/5aad8657edb0579fa19e79e3a6e505b2?s=128&d=identicon&r=PG&f=1",
                "display_name": "Corey",
                "link": "https://stackoverflow.com/users/5848840/corey"
            },
            "is_answered": false,
            "view_count": 36,
            "answer_count": 2,
            "score": -2,
            "last_activity_date": 1526444313,
            "creation_date": 1526421484,
            "last_edit_date": 1526444313,
            "question_id": 50359722,
            "body_markdown": "The below query filters on two columns in the `WHERE` clause. Both columns are of `VARCHAR` datatype. Purely by mistake I ran the query without putting single quotes around the `column2` values and it ran successfully and return the correct result set.\r\n\r\nQuery:\r\n\r\n    SELECT * \r\n    FROM table\r\n    WHERE column1 = &#39;QTR12345678&#39;\r\n      AND column2 IN (120012, 220015)\r\n\r\nNote: if I only search on `column2` then I get the expected error \r\n\r\n&gt; Conversion failed when converting the varchar value...\r\n\r\nIt seems like the SQL engine implicitly converts the value from numeric to `varchar` is this instance. Why?\r\n\r\n(I&#39;m using SQL Server 2012 SP2)",
            "link": "https://stackoverflow.com/questions/50359722/i-havent-used-single-quotes-on-a-varchar-column-but-query-still-executes",
            "title": "I haven&#39;t used single quotes on a VARCHAR column but query still executes?",
            "body": "<p>The below query filters on two columns in the <code>WHERE</code> clause. Both columns are of <code>VARCHAR</code> datatype. Purely by mistake I ran the query without putting single quotes around the <code>column2</code> values and it ran successfully and return the correct result set.</p>\n\n<p>Query:</p>\n\n<pre><code>SELECT * \nFROM table\nWHERE column1 = 'QTR12345678'\n  AND column2 IN (120012, 220015)\n</code></pre>\n\n<p>Note: if I only search on <code>column2</code> then I get the expected error </p>\n\n<blockquote>\n  <p>Conversion failed when converting the varchar value...</p>\n</blockquote>\n\n<p>It seems like the SQL engine implicitly converts the value from numeric to <code>varchar</code> is this instance. Why?</p>\n\n<p>(I'm using SQL Server 2012 SP2)</p>\n"
        },
        {
            "tags": [
                "encoding"
            ],
            "owner": {
                "reputation": 1,
                "user_id": 9797712,
                "user_type": "registered",
                "profile_image": "https://lh3.googleusercontent.com/-XdUIqdMkCWA/AAAAAAAAAAI/AAAAAAAAAAA/4252rscbv5M/photo.jpg?sz=128",
                "display_name": "Joao Carrera",
                "link": "https://stackoverflow.com/users/9797712/joao-carrera"
            },
            "is_answered": true,
            "view_count": 20,
            "answer_count": 1,
            "score": 0,
            "last_activity_date": 1526444276,
            "creation_date": 1526443953,
            "last_edit_date": 1526444276,
            "question_id": 50362356,
            "body_markdown": "      public class MyFirstApp {\r\n       public static void main(String[] args) {\r\n        System.out.println(I Rule!);\r\n        System.out.println(The World);\r\n       }\r\n      }\r\n\r\nWhen try to compile It in cmd using `javac MyFirstApp.java` it says that `there is an unmappable character (0x9D) for encoding`. What Is the problem?",
            "link": "https://stackoverflow.com/questions/50362356/unmappable-character",
            "title": "Unmappable character",
            "body": "<pre><code>  public class MyFirstApp {\n   public static void main(String[] args) {\n    System.out.println(I Rule!);\n    System.out.println(The World);\n   }\n  }\n</code></pre>\n\n<p>When try to compile It in cmd using <code>javac MyFirstApp.java</code> it says that <code>there is an unmappable character (0x9D) for encoding</code>. What Is the problem?</p>\n"
        },
        {
            "tags": [
                "javascript",
                "mysql",
                "node.js",
                "sequelize.js"
            ],
            "owner": {
                "reputation": 8,
                "user_id": 9433721,
                "user_type": "registered",
                "profile_image": "https://www.gravatar.com/avatar/140f1f578b101461f832f73f178e00b2?s=128&d=identicon&r=PG&f=1",
                "display_name": "UserJ",
                "link": "https://stackoverflow.com/users/9433721/userj"
            },
            "is_answered": true,
            "view_count": 36,
            "answer_count": 1,
            "score": 0,
            "last_activity_date": 1526444265,
            "creation_date": 1526417425,
            "last_edit_date": 1526417614,
            "question_id": 50358977,
            "body_markdown": "I am a newby with Sequelize and Node.js in general, I am wondering if .sync() is ever needed for anything else than creating and structuring a database to fit exactly with your project in the development phase.\r\n\r\nTake the following example: **If I already have my database structure (made with MySQL Workbench or whatever), is it useful somehow to ever use .sync()? Does it have any important application in production?**",
            "link": "https://stackoverflow.com/questions/50358977/what-is-really-sync-in-sequelize-for",
            "title": "What is really .sync() in Sequelize for?",
            "body": "<p>I am a newby with Sequelize and Node.js in general, I am wondering if .sync() is ever needed for anything else than creating and structuring a database to fit exactly with your project in the development phase.</p>\n\n<p>Take the following example: <strong>If I already have my database structure (made with MySQL Workbench or whatever), is it useful somehow to ever use .sync()? Does it have any important application in production?</strong></p>\n"
        }
    ],
    "has_more": true,
    "quota_max": 300,
    "quota_remaining": 94
}