{
    "items": [
        {
            "tags": [
                "macos",
                "docker"
            ],
            "owner": {
                "reputation": 464,
                "user_id": 2470378,
                "user_type": "registered",
                "accept_rate": 79,
                "profile_image": "https://i.stack.imgur.com/SHj4a.jpg?s=128&g=1",
                "display_name": "qsp",
                "link": "https://stackoverflow.com/users/2470378/qsp"
            },
            "is_answered": true,
            "view_count": 920,
            "accepted_answer_id": 38464973,
            "answer_count": 3,
            "score": 3,
            "last_activity_date": 1524160978,
            "creation_date": 1468948052,
            "last_edit_date": 1495535367,
            "question_id": 38464549,
            "body_markdown": "I&#39;m new to Docker, so please allow me to describe the steps that I did. I&#39;m using Docker (not Docker toolbox) on OS X. I built the image from Dockerfile using the following command  \r\n `sudo docker build -t myImage .`\r\n\r\nDocker confirmed that building was successful.  \r\n`Successfully built 7240e.....`\r\n\r\nHowever, I can&#39;t find the image anywhere. I looked at [this question][1], but the answer is for Docker toolbox, and I don&#39;t have a folder `/Users/&lt;username&gt;/.docker` as suggested by the accepted answer.\r\n\r\n\r\n  [1]: https://stackoverflow.com/questions/32605383/location-of-docker-images-downloaded-by-docker-1-9-1-on-mac-os-x",
            "link": "https://stackoverflow.com/questions/38464549/i-cant-find-my-docker-image-after-building-it",
            "title": "I can&#39;t find my Docker image after building it",
            "body": "<p>I'm new to Docker, so please allow me to describe the steps that I did. I'm using Docker (not Docker toolbox) on OS X. I built the image from Dockerfile using the following command<br>\n <code>sudo docker build -t myImage .</code></p>\n\n<p>Docker confirmed that building was successful.<br>\n<code>Successfully built 7240e.....</code></p>\n\n<p>However, I can't find the image anywhere. I looked at <a href=\"https://stackoverflow.com/questions/32605383/location-of-docker-images-downloaded-by-docker-1-9-1-on-mac-os-x\">this question</a>, but the answer is for Docker toolbox, and I don't have a folder <code>/Users/&lt;username&gt;/.docker</code> as suggested by the accepted answer.</p>\n"
        },
        {
            "tags": [
                "java",
                "file",
                "junit",
                "file-permissions"
            ],
            "owner": {
                "reputation": 3758,
                "user_id": 2387977,
                "user_type": "registered",
                "accept_rate": 69,
                "profile_image": "https://www.gravatar.com/avatar/b867b7871c56b1308ee19a2a08b45563?s=128&d=identicon&r=PG",
                "display_name": "Dherik",
                "link": "https://stackoverflow.com/users/2387977/dherik"
            },
            "is_answered": true,
            "view_count": 40,
            "accepted_answer_id": 49922137,
            "answer_count": 5,
            "score": 2,
            "last_activity_date": 1524160948,
            "creation_date": 1524142768,
            "question_id": 49921791,
            "body_markdown": "I would like to test the exception trowed by this piece of code:\r\n\r\n    private void delete(final File file, final String fileName) {\r\n\t\tboolean deleted = file.delete();\r\n\t\tif (deleted) {\r\n\t\t\tlog.info(&quot;File {} was deleted&quot;, fileName);\r\n\t\t} else {\r\n\t\t\tthrow new RuntimeException(&quot;The file exists but could not be deleted&quot;);\r\n\t\t}\r\n\t}\r\n\r\nMy first idea was create a temporary file that can&#39;t be deleted in my unit test. For sure, I would like to control this behavior to delete this file after the test. But I supposed that this is not possible, it&#39;s contradictory. Set the file to &quot;read only&quot; not works for this case. \r\n\r\nSo, any ideas? \r\n\r\nI could create a new class and pass the responsibility to delete the file and return the boolean, so I could mock it and test my exception. But I would like to explore another possibilities using Junit and Java before do this.",
            "link": "https://stackoverflow.com/questions/49921791/how-test-an-method-exception-when-the-file-exists-and-cannot-be-deleted",
            "title": "How test an method exception when the file exists and cannot be deleted?",
            "body": "<p>I would like to test the exception trowed by this piece of code:</p>\n\n<pre><code>private void delete(final File file, final String fileName) {\n    boolean deleted = file.delete();\n    if (deleted) {\n        log.info(\"File {} was deleted\", fileName);\n    } else {\n        throw new RuntimeException(\"The file exists but could not be deleted\");\n    }\n}\n</code></pre>\n\n<p>My first idea was create a temporary file that can't be deleted in my unit test. For sure, I would like to control this behavior to delete this file after the test. But I supposed that this is not possible, it's contradictory. Set the file to \"read only\" not works for this case. </p>\n\n<p>So, any ideas? </p>\n\n<p>I could create a new class and pass the responsibility to delete the file and return the boolean, so I could mock it and test my exception. But I would like to explore another possibilities using Junit and Java before do this.</p>\n"
        },
        {
            "tags": [
                "angular",
                "bootstrap-4"
            ],
            "owner": {
                "reputation": 1,
                "user_id": 6804189,
                "user_type": "registered",
                "profile_image": "https://lh5.googleusercontent.com/-TJMeV-_b96M/AAAAAAAAAAI/AAAAAAAAAC4/cTzqLnlv3Mc/photo.jpg?sz=128",
                "display_name": "prashanth budi",
                "link": "https://stackoverflow.com/users/6804189/prashanth-budi"
            },
            "is_answered": false,
            "view_count": 19,
            "answer_count": 0,
            "score": 0,
            "last_activity_date": 1524160947,
            "creation_date": 1524160947,
            "question_id": 49927444,
            "body_markdown": "I am using Angular 4 and Bootstrap 3.3. With static data Left Navbar is working fine. but when i get menu items from DB and try to use *ngFor Navbar is loading but collapse is not working.\r\nBelow is the code snippet.\r\n\r\n    &lt;div id=&quot;sidebar-wrapper&quot; &gt;\r\n            &lt;nav id=&quot;spy&quot;&gt;\r\n                &lt;ul class=&quot;sidebar-nav nav&quot; id=&quot;side-menu&quot; &gt;\r\n                   \r\n                    &lt;li &gt;\r\n                        &lt;a href=&quot;#&quot;&gt; Survey&lt;span class=&quot;fa arrow&quot;&gt;&lt;/span&gt;&lt;/a&gt;\r\n                        &lt;ul class=&quot;nav nav-second-level&quot;&gt;\r\n                            &lt;li&gt;\r\n                                &lt;a href=&quot;#&quot;&gt;Event Details&lt;/a&gt;\r\n                            &lt;/li&gt;\r\n                            &lt;li&gt;\r\n                                &lt;a href=&quot;#&quot;&gt;Event History&lt;/a&gt;\r\n                            &lt;/li&gt;\r\n                            &lt;li&gt;\r\n                                &lt;a href=&quot;#&quot;&gt;Event Summary&lt;/a&gt;\r\n                            &lt;/li&gt;\r\n                            &lt;li&gt;\r\n                                &lt;a href=&quot;#&quot;&gt;Notes&lt;/a&gt;\r\n                            &lt;/li&gt;\r\n                            &lt;li&gt;\r\n                                &lt;a href=&quot;#&quot;&gt;Back Out&lt;/a&gt;\r\n                            &lt;/li&gt;\r\n                            &lt;li&gt;\r\n                                &lt;a href=&quot;#&quot;&gt;Print Form&lt;/a&gt;\r\n                            &lt;/li&gt;\r\n    \r\n                        &lt;/ul&gt;\r\n                    &lt;/li&gt;\r\n                    &lt;li *ngFor=&quot;let menu of navmenuData&quot;&gt;\r\n                        &lt;a class=&quot;nav-link&quot;\r\n             [routerLink]=&quot;&quot;&gt; {{ menu.MenuName }} &lt;span class=&quot;fa arrow&quot;&gt;&lt;/span&gt;&lt;/a&gt;\r\n                        &lt;ul *ngIf=&quot;menu?.children?.length&gt;0&quot;  [ngClass]=&quot;{&#39;nav nav-second-level collapse&#39;:menu.children.length&gt;0}&quot;&gt;\r\n                            &lt;li  *ngFor=&quot;let submenu of menu?.children&quot;&gt;\r\n                                &lt;a class=&quot;nav-link&quot;\r\n             [routerLink]=&quot;&quot;&gt;{{ submenu.MenuName }}&lt;/a&gt;\r\n                            &lt;/li&gt;\r\n                        &lt;/ul&gt;\r\n                    &lt;/li&gt;\r\n    &lt;/ul&gt;\r\n            &lt;/nav&gt;\r\n        &lt;/div&gt;",
            "link": "https://stackoverflow.com/questions/49927444/angular-4-bootstarp-nav-bar-not-working-with-dynamic-binding",
            "title": "Angular 4 Bootstarp nav bar not working with dynamic binding",
            "body": "<p>I am using Angular 4 and Bootstrap 3.3. With static data Left Navbar is working fine. but when i get menu items from DB and try to use *ngFor Navbar is loading but collapse is not working.\nBelow is the code snippet.</p>\n\n<pre><code>&lt;div id=\"sidebar-wrapper\" &gt;\n        &lt;nav id=\"spy\"&gt;\n            &lt;ul class=\"sidebar-nav nav\" id=\"side-menu\" &gt;\n\n                &lt;li &gt;\n                    &lt;a href=\"#\"&gt; Survey&lt;span class=\"fa arrow\"&gt;&lt;/span&gt;&lt;/a&gt;\n                    &lt;ul class=\"nav nav-second-level\"&gt;\n                        &lt;li&gt;\n                            &lt;a href=\"#\"&gt;Event Details&lt;/a&gt;\n                        &lt;/li&gt;\n                        &lt;li&gt;\n                            &lt;a href=\"#\"&gt;Event History&lt;/a&gt;\n                        &lt;/li&gt;\n                        &lt;li&gt;\n                            &lt;a href=\"#\"&gt;Event Summary&lt;/a&gt;\n                        &lt;/li&gt;\n                        &lt;li&gt;\n                            &lt;a href=\"#\"&gt;Notes&lt;/a&gt;\n                        &lt;/li&gt;\n                        &lt;li&gt;\n                            &lt;a href=\"#\"&gt;Back Out&lt;/a&gt;\n                        &lt;/li&gt;\n                        &lt;li&gt;\n                            &lt;a href=\"#\"&gt;Print Form&lt;/a&gt;\n                        &lt;/li&gt;\n\n                    &lt;/ul&gt;\n                &lt;/li&gt;\n                &lt;li *ngFor=\"let menu of navmenuData\"&gt;\n                    &lt;a class=\"nav-link\"\n         [routerLink]=\"\"&gt; {{ menu.MenuName }} &lt;span class=\"fa arrow\"&gt;&lt;/span&gt;&lt;/a&gt;\n                    &lt;ul *ngIf=\"menu?.children?.length&gt;0\"  [ngClass]=\"{'nav nav-second-level collapse':menu.children.length&gt;0}\"&gt;\n                        &lt;li  *ngFor=\"let submenu of menu?.children\"&gt;\n                            &lt;a class=\"nav-link\"\n         [routerLink]=\"\"&gt;{{ submenu.MenuName }}&lt;/a&gt;\n                        &lt;/li&gt;\n                    &lt;/ul&gt;\n                &lt;/li&gt;\n&lt;/ul&gt;\n        &lt;/nav&gt;\n    &lt;/div&gt;\n</code></pre>\n"
        },
        {
            "tags": [
                "blockchain",
                "bitcoin"
            ],
            "owner": {
                "reputation": 3,
                "user_id": 5236640,
                "user_type": "registered",
                "profile_image": "https://i.stack.imgur.com/T3NbG.jpg?s=128&g=1",
                "display_name": "Sacramoni",
                "link": "https://stackoverflow.com/users/5236640/sacramoni"
            },
            "is_answered": false,
            "view_count": 10,
            "answer_count": 0,
            "score": 0,
            "last_activity_date": 1524160940,
            "creation_date": 1524160940,
            "question_id": 49927440,
            "body_markdown": "When trying to establish a channel I get the message:\r\n\r\n    You gave bad parameters:Our dust limit &lt;something&gt; would be above their reserve &lt;something_else&gt;&quot; }\r\n\r\nSo I wonder how do I set the dust limit for the channel. I see there is such parameter in open_channel message but I struggle to write a proper command. Any help would me much appreciated.\r\nhttps://github.com/lightningnetwork/lightning-rfc/blob/master/02-peer-protocol.md#the-open_channel-message",
            "link": "https://stackoverflow.com/questions/49927440/setting-dust-limit-lightning-network",
            "title": "setting dust limit lightning network",
            "body": "<p>When trying to establish a channel I get the message:</p>\n\n<pre><code>You gave bad parameters:Our dust limit &lt;something&gt; would be above their reserve &lt;something_else&gt;\" }\n</code></pre>\n\n<p>So I wonder how do I set the dust limit for the channel. I see there is such parameter in open_channel message but I struggle to write a proper command. Any help would me much appreciated.\n<a href=\"https://github.com/lightningnetwork/lightning-rfc/blob/master/02-peer-protocol.md#the-open_channel-message\" rel=\"nofollow noreferrer\">https://github.com/lightningnetwork/lightning-rfc/blob/master/02-peer-protocol.md#the-open_channel-message</a></p>\n"
        },
        {
            "tags": [
                "java",
                "chart.js",
                "jinja2"
            ],
            "owner": {
                "reputation": 6,
                "user_id": 9501279,
                "user_type": "registered",
                "profile_image": "https://www.gravatar.com/avatar/15d61f3aa51b77340ace65e5fe5afdba?s=128&d=identicon&r=PG&f=1",
                "display_name": "lipton_v",
                "link": "https://stackoverflow.com/users/9501279/lipton-v"
            },
            "is_answered": false,
            "view_count": 16,
            "answer_count": 0,
            "score": 0,
            "last_activity_date": 1524160940,
            "creation_date": 1524160940,
            "question_id": 49927439,
            "body_markdown": "There is draw function which paints a plot using canvas and chart.js. Data transfers from server by jinja2. Framework: Flask. Afterwards during page-loading plot builds basing on this data. Data always comes and displays without problems.\r\n\r\n    window.onload = allDraw;\r\n    function allDraw() {\r\n       draw(&#39;water&#39;, &#39;hot&#39;, &#39;cold&#39;, &#39;Water&#39;, &#39;Hot&#39;, &#39;Cold&#39;);\r\n       // draw(&#39;electricity&#39;, &#39;day&#39;, &#39;night&#39;, &#39;Electricity&#39;, &#39;Day&#39;, &#39;Night&#39;); \r\n    }\r\n    \r\n    var mainChart;\r\n    function draw(type, subtype1, subtype2, title, subtitle1, subtitle2) {\r\n        var start_date = document.querySelector(&#39;div#last_payment div.&#39; + type + &#39; span&#39;).innerHTML.slice(6);\r\n        start_date = new Date(moment(start_date, &#39;DD-MM-YYYY&#39;));\r\n        end_date = new Date(moment().startOf(&#39;day&#39;));\r\n        var date = new Array;\r\n        var i = 0;\r\n        date[i] = new Date(moment(start_date).add(1, &#39;days&#39;));\r\n        do{\r\n            date[i+1] = new Date(moment(date[i]).add(1, &#39;days&#39;));\r\n            i++;\r\n        }while(date[i] &lt; end_date);\r\n        end_date = moment(end_date).add(1, &#39;days&#39;);\r\n        var values = new Array;\r\n        var resultData;\r\n        function arrayFill(values, consumed_values) {\r\n            for (var i = 0; i &lt; consumed_values.length; i++) {\r\n                values[i] = consumed_values[i].innerHTML;\r\n            }\r\n        }\r\n                values[1] = new Array();\r\n                values[2] = new Array();\r\n                arrayFill(values[1], document.querySelectorAll(&#39;ul.&#39; + type + &#39;.&#39; + subtype1 + &#39; li&#39;));\r\n                arrayFill(values[2], document.querySelectorAll(&#39;ul.&#39; + type + &#39;.&#39; + subtype2 + &#39; li&#39;));\r\n    \r\n                var firstData = {\r\n                    label: subtitle1,\r\n                    data: values[1],  \r\n                    backgroundColor: &#39;rgba(233,202,145,0.9)&#39;,\r\n                    borderColor: &#39;rgba(175,119,33, 1)&#39;\r\n                };\r\n    \r\n                var secondData = {\r\n                    label: subtitle2,\r\n                    data: values[2],\r\n                    backgroundColor: &#39;rgba(184,202,222,0.9)&#39;,\r\n                    borderColor: &#39;rgba(37,78,136, 1)&#39;\r\n                };\r\n                var resultData = {\r\n                    labels: date,\r\n                    datasets: [firstData, secondData]\r\n                };\r\n            }\r\n    \r\n            var options = {\r\n                scales: {\r\n                    yAxes: [{\r\n                        scaleLabel: {\r\n                            display: true,\r\n                            labelString: &#39;Values&#39;,\r\n                            fontSize: 17\r\n                        },\r\n                        ticks: {\r\n                            beginAtZero: true\r\n                        }\r\n                    }],\r\n                    xAxes: [{\r\n                        type: &#39;time&#39;,\r\n                        time: {\r\n                            min: start_date,\r\n                            max: end_date,\r\n                            unit: &#39;day&#39;,\r\n                            unitStepSize: 2\r\n                        }\r\n                    }]\r\n                },\r\n                legend: {\r\n                    display: true\r\n                },\r\n                title: {\r\n                    display: true,\r\n                    text: title,\r\n                    fontSize: 19\r\n                }\r\n            };\r\n    \r\n            var canvas = document.querySelector(&#39;canvas#canvas&#39;);\r\n            var ctx = canvas.getContext(&#39;2d&#39;);\r\n            mainChart = new Chart(ctx, {\r\n                type: &#39;bar&#39;,\r\n                data: resultData,\r\n                options: options\r\n            });\r\n    }\r\n    \r\n    &lt;ul class=&quot;electricity day&quot;&gt;\r\n        {% set count = 0 %}\r\n        {% for i in data.electricity.day %}\r\n        &lt;li&gt;{{  data.electricity.day[count] }}&lt;/li&gt;\r\n        {% set count = count + 1 %}\r\n        {% endfor %}\r\n     &lt;/ul&gt;\r\n     &lt;ul class=&quot;electricity night&quot;&gt;\r\n        {% set count = 0 %}\r\n        {% for i in data.electricity.night %}\r\n        &lt;li&gt;{{  data.electricity.night[count] }}&lt;/li&gt;\r\n        {% set count = count + 1 %}\r\n        {% endfor %}\r\n     &lt;/ul&gt;\r\n     &lt;ul class=&quot;water hot&quot;&gt;\r\n        {% set count = 0 %}\r\n        {% for i in data.water.hot %}\r\n        &lt;li&gt;{{  data.water.hot[count] }}&lt;/li&gt;\r\n        {% set count = count + 1 %}\r\n        {% endfor %}\r\n     &lt;/ul&gt;\r\n    &lt;ul class=&quot;water cold&quot;&gt;\r\n        {% set count = 0 %}\r\n        {% for i in data.water.cold %}\r\n        &lt;li&gt;{{  data.water.cold[count] }}&lt;/li&gt;\r\n        {% set count = count + 1 %}\r\n        {% endfor %}\r\n    &lt;/ul&gt;\r\n\r\nIn &#39;electricity&#39; case plot displays properly but in &#39;water&#39; case y-values do not display. If I swap water value[1] and value[2] by random numbers plot builds correctly. I have feeling that arrayFill functions cant be processed on time while plot is ready to build. I am trying to use callback function for plot painting. But there is no desired result.\r\n\r\nHow to provide successful completion of arrayFill functions and only then starting chart creation?",
            "link": "https://stackoverflow.com/questions/49927439/function-does-not-work-out-before-chart-creation",
            "title": "Function does not work out before chart creation",
            "body": "<p>There is draw function which paints a plot using canvas and chart.js. Data transfers from server by jinja2. Framework: Flask. Afterwards during page-loading plot builds basing on this data. Data always comes and displays without problems.</p>\n\n<pre><code>window.onload = allDraw;\nfunction allDraw() {\n   draw('water', 'hot', 'cold', 'Water', 'Hot', 'Cold');\n   // draw('electricity', 'day', 'night', 'Electricity', 'Day', 'Night'); \n}\n\nvar mainChart;\nfunction draw(type, subtype1, subtype2, title, subtitle1, subtitle2) {\n    var start_date = document.querySelector('div#last_payment div.' + type + ' span').innerHTML.slice(6);\n    start_date = new Date(moment(start_date, 'DD-MM-YYYY'));\n    end_date = new Date(moment().startOf('day'));\n    var date = new Array;\n    var i = 0;\n    date[i] = new Date(moment(start_date).add(1, 'days'));\n    do{\n        date[i+1] = new Date(moment(date[i]).add(1, 'days'));\n        i++;\n    }while(date[i] &lt; end_date);\n    end_date = moment(end_date).add(1, 'days');\n    var values = new Array;\n    var resultData;\n    function arrayFill(values, consumed_values) {\n        for (var i = 0; i &lt; consumed_values.length; i++) {\n            values[i] = consumed_values[i].innerHTML;\n        }\n    }\n            values[1] = new Array();\n            values[2] = new Array();\n            arrayFill(values[1], document.querySelectorAll('ul.' + type + '.' + subtype1 + ' li'));\n            arrayFill(values[2], document.querySelectorAll('ul.' + type + '.' + subtype2 + ' li'));\n\n            var firstData = {\n                label: subtitle1,\n                data: values[1],  \n                backgroundColor: 'rgba(233,202,145,0.9)',\n                borderColor: 'rgba(175,119,33, 1)'\n            };\n\n            var secondData = {\n                label: subtitle2,\n                data: values[2],\n                backgroundColor: 'rgba(184,202,222,0.9)',\n                borderColor: 'rgba(37,78,136, 1)'\n            };\n            var resultData = {\n                labels: date,\n                datasets: [firstData, secondData]\n            };\n        }\n\n        var options = {\n            scales: {\n                yAxes: [{\n                    scaleLabel: {\n                        display: true,\n                        labelString: 'Values',\n                        fontSize: 17\n                    },\n                    ticks: {\n                        beginAtZero: true\n                    }\n                }],\n                xAxes: [{\n                    type: 'time',\n                    time: {\n                        min: start_date,\n                        max: end_date,\n                        unit: 'day',\n                        unitStepSize: 2\n                    }\n                }]\n            },\n            legend: {\n                display: true\n            },\n            title: {\n                display: true,\n                text: title,\n                fontSize: 19\n            }\n        };\n\n        var canvas = document.querySelector('canvas#canvas');\n        var ctx = canvas.getContext('2d');\n        mainChart = new Chart(ctx, {\n            type: 'bar',\n            data: resultData,\n            options: options\n        });\n}\n\n&lt;ul class=\"electricity day\"&gt;\n    {% set count = 0 %}\n    {% for i in data.electricity.day %}\n    &lt;li&gt;{{  data.electricity.day[count] }}&lt;/li&gt;\n    {% set count = count + 1 %}\n    {% endfor %}\n &lt;/ul&gt;\n &lt;ul class=\"electricity night\"&gt;\n    {% set count = 0 %}\n    {% for i in data.electricity.night %}\n    &lt;li&gt;{{  data.electricity.night[count] }}&lt;/li&gt;\n    {% set count = count + 1 %}\n    {% endfor %}\n &lt;/ul&gt;\n &lt;ul class=\"water hot\"&gt;\n    {% set count = 0 %}\n    {% for i in data.water.hot %}\n    &lt;li&gt;{{  data.water.hot[count] }}&lt;/li&gt;\n    {% set count = count + 1 %}\n    {% endfor %}\n &lt;/ul&gt;\n&lt;ul class=\"water cold\"&gt;\n    {% set count = 0 %}\n    {% for i in data.water.cold %}\n    &lt;li&gt;{{  data.water.cold[count] }}&lt;/li&gt;\n    {% set count = count + 1 %}\n    {% endfor %}\n&lt;/ul&gt;\n</code></pre>\n\n<p>In 'electricity' case plot displays properly but in 'water' case y-values do not display. If I swap water value[1] and value[2] by random numbers plot builds correctly. I have feeling that arrayFill functions cant be processed on time while plot is ready to build. I am trying to use callback function for plot painting. But there is no desired result.</p>\n\n<p>How to provide successful completion of arrayFill functions and only then starting chart creation?</p>\n"
        },
        {
            "tags": [
                "data-binding",
                "ionic3",
                "angular5"
            ],
            "owner": {
                "reputation": 1,
                "user_id": 9670619,
                "user_type": "registered",
                "profile_image": "https://www.gravatar.com/avatar/08e7baf2e12e1c68fba733a531d79400?s=128&d=identicon&r=PG&f=1",
                "display_name": "Kiran",
                "link": "https://stackoverflow.com/users/9670619/kiran"
            },
            "is_answered": false,
            "view_count": 25,
            "answer_count": 0,
            "score": -3,
            "last_activity_date": 1524160938,
            "creation_date": 1524153471,
            "last_edit_date": 1524160938,
            "question_id": 49925411,
            "body_markdown": "I am trying to set an attribute on a ion-col component if a certain expression is true. \r\n\r\nTried with ngClass condition, which generates HTML like &lt;ion-col class=&quot;col-12 col-md-8 push-md-4&quot;&gt;&lt;/ion-col&gt;\r\nBut lass is not getting applied.\r\nSame thing when written like &lt;ion-col col-12 col-md-8 push-md-4&gt;&lt;/ion-col&gt;, it works..\r\nTried with [attr.push-md-4]=&quot;some condition&quot;, but no luck..\r\n\r\nPlease help me to get this working..",
            "link": "https://stackoverflow.com/questions/49925411/how-to-dynamically-set-attribute-on-ion-col-component-in-ionic",
            "title": "How to dynamically set attribute on ion-col component in Ionic?",
            "body": "<p>I am trying to set an attribute on a ion-col component if a certain expression is true. </p>\n\n<p>Tried with ngClass condition, which generates HTML like \nBut lass is not getting applied.\nSame thing when written like , it works..\nTried with [attr.push-md-4]=\"some condition\", but no luck..</p>\n\n<p>Please help me to get this working..</p>\n"
        },
        {
            "tags": [
                "ubuntu",
                "ansible"
            ],
            "owner": {
                "reputation": 11,
                "user_id": 6500636,
                "user_type": "registered",
                "profile_image": "https://www.gravatar.com/avatar/80577fd153fa6e721d1e320d4d1eee92?s=128&d=identicon&r=PG&f=1",
                "display_name": "user6500636",
                "link": "https://stackoverflow.com/users/6500636/user6500636"
            },
            "is_answered": false,
            "view_count": 10,
            "answer_count": 0,
            "score": 1,
            "last_activity_date": 1524160933,
            "creation_date": 1524160933,
            "question_id": 49927434,
            "body_markdown": "I am a newbie to linux and was trying to install Ansible in virtual environment using pip.\r\n\r\nwhen I run the command it failing with the following error. Can you please help me in fixing this issue.\r\n\r\nwhenever I try to install any package I am getting unmet dependencies python-minimal\r\n\r\n   \r\n\r\n     (ansible1.9.4) vkolluru@vkolluru-Precision-5510:~/ansible/ansible1.9.4$ pip install ansible==1.9.4\r\n    Collecting ansible==1.9.4\r\n    Requirement already satisfied: setuptools in ./lib/python2.7/site-packages (from ansible==1.9.4) (39.0.1)\r\n    Requirement already satisfied: jinja2 in ./lib/python2.7/site-packages (from ansible==1.9.4) (2.10)\r\n    Requirement already satisfied: PyYAML in ./lib/python2.7/site-packages (from ansible==1.9.4) (3.12)\r\n    Collecting pycrypto&gt;=2.6 (from ansible==1.9.4)\r\n      Using cached https://files.pythonhosted.org/packages/60/db/645aa9af249f059cc3a368b118de33889219e0362141e75d4eaf6f80f163/pycrypto-2.6.1.tar.gz\r\n    Requirement already satisfied: paramiko in ./lib/python2.7/site-packages (from ansible==1.9.4) (2.4.1)\r\n    Requirement already satisfied: MarkupSafe&gt;=0.23 in ./lib/python2.7/site-packages (from jinja2-&gt;ansible==1.9.4) (1.0)\r\n    Requirement already satisfied: cryptography&gt;=1.5 in ./lib/python2.7/site-packages (from paramiko-&gt;ansible==1.9.4) (2.2.1)\r\n    Requirement already satisfied: pynacl&gt;=1.0.1 in ./lib/python2.7/site-packages (from paramiko-&gt;ansible==1.9.4) (1.2.1)\r\n    Requirement already satisfied: pyasn1&gt;=0.1.7 in ./lib/python2.7/site-packages (from paramiko-&gt;ansible==1.9.4) (0.4.2)\r\n    Requirement already satisfied: bcrypt&gt;=3.1.3 in ./lib/python2.7/site-packages (from paramiko-&gt;ansible==1.9.4) (3.1.4)\r\n    Requirement already satisfied: cffi&gt;=1.7; platform_python_implementation != &quot;PyPy&quot; in ./lib/python2.7/site-packages (from cryptography&gt;=1.5-&gt;paramiko-&gt;ansible==1.9.4) (1.11.5)\r\n    Requirement already satisfied: enum34; python_version &lt; &quot;3&quot; in ./lib/python2.7/site-packages (from cryptography&gt;=1.5-&gt;paramiko-&gt;ansible==1.9.4) (1.1.6)\r\n    Requirement already satisfied: idna&gt;=2.1 in ./lib/python2.7/site-packages (from cryptography&gt;=1.5-&gt;paramiko-&gt;ansible==1.9.4) (2.6)\r\n    Requirement already satisfied: asn1crypto&gt;=0.21.0 in ./lib/python2.7/site-packages (from cryptography&gt;=1.5-&gt;paramiko-&gt;ansible==1.9.4) (0.24.0)\r\n    Requirement already satisfied: ipaddress; python_version &lt; &quot;3&quot; in ./lib/python2.7/site-packages (from cryptography&gt;=1.5-&gt;paramiko-&gt;ansible==1.9.4) (1.0.19)\r\n    Requirement already satisfied: six&gt;=1.4.1 in ./lib/python2.7/site-packages (from cryptography&gt;=1.5-&gt;paramiko-&gt;ansible==1.9.4) (1.11.0)\r\n    Requirement already satisfied: pycparser in ./lib/python2.7/site-packages (from cffi&gt;=1.7; platform_python_implementation != &quot;PyPy&quot;-&gt;cryptography&gt;=1.5-&gt;paramiko-&gt;ansible==1.9.4) (2.18)\r\n    Building wheels for collected packages: pycrypto\r\n      Running setup.py bdist_wheel for pycrypto ... error\r\n      Complete output from command /home/vkolluru/ansible/ansible1.9.4/bin/python -u -c &quot;import setuptools, tokenize;__file__=&#39;/tmp/pip-install-7UDSud/pycrypto/setup.py&#39;;f=getattr(tokenize, &#39;open&#39;, open)(__file__);code=f.read().replace(&#39;\\r\\n&#39;, &#39;\\n&#39;);f.close();exec(compile(code, __file__, &#39;exec&#39;))&quot; bdist_wheel -d /tmp/pip-wheel-Fti5ge --python-tag cp27:\r\n      running bdist_wheel\r\n      running build\r\n      running build_py\r\n      creating build\r\n      creating build/lib.linux-x86_64-2.7\r\n      creating build/lib.linux-x86_64-2.7/Crypto\r\n      copying lib/Crypto/pct_warnings.py -&gt; build/lib.linux-x86_64-2.7/Crypto\r\n      copying lib/Crypto/__init__.py -&gt; build/lib.linux-x86_64-2.7/Crypto\r\n      creating build/lib.linux-x86_64-2.7/Crypto/Hash\r\n      copying lib/Crypto/Hash/SHA224.py -&gt; build/lib.linux-x86_64-2.7/Crypto/Hash\r\n      copying lib/Crypto/Hash/MD4.py -&gt; build/lib.linux-x86_64-2.7/Crypto/Hash\r\n      \r\n      copying lib/Crypto/PublicKey/RSA.py -&gt; build/lib.linux-x86_64-2.7/Crypto/PublicKey\r\n      creating build/lib.linux-x86_64-2.7/Crypto/Signature\r\n      copying lib/Crypto/Signature/PKCS1_v1_5.py -&gt; build/lib.linux-x86_64-2.7/Crypto/Signature\r\n      copying lib/Crypto/Signature/__init__.py -&gt; build/lib.linux-x86_64-2.7/Crypto/Signature\r\n      copying lib/Crypto/Signature/PKCS1_PSS.py -&gt; build/lib.linux-x86_64-2.7/Crypto/Signature\r\n      running build_ext\r\n      running build_configure\r\n      checking for gcc... gcc\r\n      checking whether the C compiler works... yes\r\n      checking for C compiler default output file name... a.out\r\n      checking for suffix of executables...\r\n      checking whether we are cross compiling... no\r\n      checking for suffix of object files... o\r\n      checking whether we are using the GNU C compiler... yes\r\n      checking whether gcc accepts -g... yes\r\n      checking for gcc option to accept ISO C89... none needed\r\n      checking for __gmpz_init in -lgmp... no\r\n      checking for __gmpz_init in -lmpir... no\r\n      checking whether mpz_powm is declared... no\r\n      checking whether mpz_powm_sec is declared... no\r\n      checking how to run the C preprocessor... gcc -E\r\n      checking for grep that handles long lines and -e... /bin/grep\r\n      checking for egrep... /bin/grep -E\r\n      checking for ANSI C header files... yes\r\n      checking for sys/types.h... yes\r\n      checking for sys/stat.h... yes\r\n      checking for stdlib.h... yes\r\n      checking for string.h... yes\r\n      checking for memory.h... yes\r\n      checking for strings.h... yes\r\n      checking for inttypes.h... yes\r\n      checking for stdint.h... yes\r\n      checking for unistd.h... yes\r\n      checking for inttypes.h... (cached) yes\r\n      checking limits.h usability... yes\r\n      checking limits.h presence... yes\r\n      checking for limits.h... yes\r\n      checking stddef.h usability... yes\r\n      checking stddef.h presence... yes\r\n      checking for stddef.h... yes\r\n      checking for stdint.h... (cached) yes\r\n      checking for stdlib.h... (cached) yes\r\n      checking for string.h... (cached) yes\r\n      checking wchar.h usability... yes\r\n      checking wchar.h presence... yes\r\n      checking for wchar.h... yes\r\n      checking for inline... inline\r\n      checking for int16_t... yes\r\n      checking for int32_t... yes\r\n      checking for int64_t... yes\r\n      checking for int8_t... yes\r\n      checking for size_t... yes\r\n      checking for uint16_t... yes\r\n      checking for uint32_t... yes\r\n      checking for uint64_t... yes\r\n      checking for uint8_t... yes\r\n      checking for stdlib.h... (cached) yes\r\n      checking for GNU libc compatible malloc... yes\r\n      checking for memmove... yes\r\n      checking for memset... yes\r\n      configure: creating ./config.status\r\n      config.status: creating src/config.h\r\n      warning: GMP or MPIR library not found; Not building Crypto.PublicKey._fastmath.\r\n      building &#39;Crypto.Hash._MD2&#39; extension\r\n      creating build/temp.linux-x86_64-2.7\r\n      creating build/temp.linux-x86_64-2.7/src\r\n      i686-linux-gnu-gcc -pthread -fwrapv -Wall -Wstrict-prototypes -fno-strict-aliasing -Wdate-time -D_FORTIFY_SOURCE=2 -fstack-protector-strong -Wformat -Werror=format-security -fPIC -std=c99 -O3 -fomit-frame-pointer -Isrc/ -I/usr/include/python2.7 -c src/MD2.c -o build/temp.linux-x86_64-2.7/src/MD2.o\r\n      unable to execute &#39;i686-linux-gnu-gcc&#39;: No such file or directory\r\n      error: command &#39;i686-linux-gnu-gcc&#39; failed with exit status 1\r\n      \r\n      ----------------------------------------\r\n      Failed building wheel for pycrypto\r\n      Running setup.py clean for pycrypto\r\n    Failed to build pycrypto\r\n    Installing collected packages: pycrypto, ansible\r\n      Running setup.py install for pycrypto ... error\r\n        Complete output from command /home/vkolluru/ansible/ansible1.9.4/bin/python -u -c &quot;import setuptools, tokenize;__file__=&#39;/tmp/pip-install-7UDSud/pycrypto/setup.py&#39;;f=getattr(tokenize, &#39;open&#39;, open)(__file__);code=f.read().replace(&#39;\\r\\n&#39;, &#39;\\n&#39;);f.close();exec(compile(code, __file__, &#39;exec&#39;))&quot; install --record /tmp/pip-record-KXvJMH/install-record.txt --single-version-externally-managed --compile --install-headers /home/vkolluru/ansible/ansible1.9.4/include/site/python2.7/pycrypto:\r\n        running install\r\n        running build\r\n        running build_py\r\n        creating build\r\n        creating build/lib.linux-x86_64-2.7\r\n        creating build/lib.linux-x86_64-2.7/Crypto\r\n        copying lib/Crypto/pct_warnings.py -&gt; build/lib.linux-x86_64-2.7/Crypto\r\n        copying lib/Crypto/__init__.py -&gt; build/lib.linux-x86_64-2.7/Crypto\r\n        creating build/lib.linux-x86_64-2.7/Crypto/Hash\r\n        copying lib/Crypto/Hash/SHA224.py -&gt; build/lib.linux-x86_64-2.7/Crypto/Hash\r\n        copying lib/Crypto/Hash/MD4.py -&gt; build/lib.linux-x86_64-2.7/Crypto/Hash\r\n        copying lib/Crypto/Hash/SHA512.py -&gt; build/lib.linux-x86_64-2.7/Crypto/Hash\r\n        copying lib/Crypto/Hash/RIPEMD.py -&gt; build/lib.linux-x86_64-2.7/Crypto/Hash\r\n        copying lib/Crypto/Hash/SHA.py -&gt; build/lib.linux-x86_64-2.7/Crypto/Hash\r\n        copying lib/Crypto/Hash/MD5.py -&gt; build/lib.linux-x86_64-2.7/Crypto/Hash\r\n        copying lib/Crypto/Hash/MD2.py -&gt; build/lib.linux-x86_64-2.7/Crypto/Hash\r\n        copying lib/Crypto/Hash/SHA384.py -&gt; build/lib.linux-x86_64-2.7/Crypto/Hash\r\n        copying lib/Crypto/Hash/HMAC.py -&gt; build/lib.linux-x86_64-2.7/Crypto/Hash\r\n        copying lib/Crypto/Hash/__init__.py -&gt; build/lib.linux-x86_64-2.7/Crypto/Hash\r\n        copying lib/Crypto/Hash/SHA256.py -&gt; build/lib.linux-x86_64-2.7/Crypto/Hash\r\n        copying lib/Crypto/Hash/hashalgo.py -&gt; build/lib.linux-x86_64-2.7/Crypto/Hash\r\n        creating build/lib.linux-x86_64-2.7/Crypto/Cipher\r\n        copying lib/Crypto/Cipher/PKCS1_OAEP.py -&gt; build/lib.linux-x86_64-2.7/Crypto/Cipher\r\n        copying lib/Crypto/Cipher/Blowfish.py -&gt; build/lib.linux-x86_64-2.7/Crypto/Cipher\r\n        copying lib/Crypto/Cipher/CAST.py -&gt; build/lib.linux-x86_64-2.7/Crypto/Cipher\r\n        copying lib/Crypto/Cipher/PKCS1_v1_5.py -&gt; build/lib.linux-x86_64-2.7/Crypto/Cipher\r\n        copying lib/Crypto/Cipher/DES.py -&gt; build/lib.linux-x86_64-2.7/Crypto/Cipher\r\n        copying lib/Crypto/Cipher/XOR.py -&gt; build/lib.linux-x86_64-2.7/Crypto/Cipher\r\n        copying lib/Crypto/Cipher/ARC4.py -&gt; build/lib.linux-x86_64-2.7/Crypto/Cipher\r\n        copying lib/Crypto/Cipher/ARC2.py -&gt; build/lib.linux-x86_64-2.7/Crypto/Cipher\r\n        copying lib/Crypto/Cipher/DES3.py -&gt; build/lib.linux-x86_64-2.7/Crypto/Cipher\r\n        copying lib/Crypto/Cipher/__init__.py -&gt; build/lib.linux-x86_64-2.7/Crypto/Cipher\r\n        copying lib/Crypto/Cipher/blockalgo.py -&gt; build/lib.linux-x86_64-2.7/Crypto/Cipher\r\n        copying lib/Crypto/Cipher/AES.py -&gt; build/lib.linux-x86_64-2.7/Crypto/Cipher\r\n        creating build/lib.linux-x86_64-2.7/Crypto/Util\r\n        copying lib/Crypto/Util/asn1.py -&gt; build/lib.linux-x86_64-2.7/Crypto/Util\r\n        copying lib/Crypto/Util/py3compat.py -&gt; build/lib.linux-x86_64-2.7/Crypto/Util\r\n        copying lib/Crypto/Util/winrandom.py -&gt; build/lib.linux-x86_64-2.7/Crypto/Util\r\n        copying lib/Crypto/Util/Counter.py -&gt; build/lib.linux-x86_64-2.7/Crypto/Util\r\n        copying lib/Crypto/Util/RFC1751.py -&gt; build/lib.linux-x86_64-2.7/Crypto/Util\r\n        copying lib/Crypto/Util/py21compat.py -&gt; build/lib.linux-x86_64-2.7/Crypto/Util\r\n        copying lib/Crypto/Util/randpool.py -&gt; build/lib.linux-x86_64-2.7/Crypto/Util\r\n        copying lib/Crypto/Util/__init__.py -&gt; build/lib.linux-x86_64-2.7/Crypto/Util\r\n        copying lib/Crypto/Util/_number_new.py -&gt; build/lib.linux-x86_64-2.7/Crypto/Util\r\n        copying lib/Crypto/Util/number.py -&gt; build/lib.linux-x86_64-2.7/Crypto/Util\r\n        creating build/lib.linux-x86_64-2.7/Crypto/Random\r\n        copying lib/Crypto/Random/_UserFriendlyRNG.py -&gt; build/lib.linux-x86_64-2.7/Crypto/Random\r\n        copying lib/Crypto/Random/random.py -&gt; build/lib.linux-x86_64-2.7/Crypto/Random\r\n        copying lib/Crypto/Random/__init__.py -&gt; build/lib.linux-x86_64-2.7/Crypto/Random\r\n        creating build/lib.linux-x86_64-2.7/Crypto/Random/Fortuna\r\n        copying lib/Crypto/Random/Fortuna/FortunaGenerator.py -&gt; build/lib.linux-x86_64-2.7/Crypto/Random/Fortuna\r\n        copying lib/Crypto/Random/Fortuna/SHAd256.py -&gt; build/lib.linux-x86_64-2.7/Crypto/Random/Fortuna\r\n        copying lib/Crypto/Random/Fortuna/FortunaAccumulator.py -&gt; build/lib.linux-x86_64-2.7/Crypto/Random/Fortuna\r\n        copying lib/Crypto/Random/Fortuna/__init__.py -&gt; build/lib.linux-x86_64-2.7/Crypto/Random/Fortuna\r\n        creating build/lib.linux-x86_64-2.7/Crypto/Random/OSRNG\r\n        copying lib/Crypto/Random/OSRNG/posix.py -&gt; build/lib.linux-x86_64-2.7/Crypto/Random/OSRNG\r\n        copying lib/Crypto/Random/OSRNG/nt.py -&gt; build/lib.linux-x86_64-2.7/Crypto/Random/OSRNG\r\n        copying lib/Crypto/Random/OSRNG/rng_base.py -&gt; build/lib.linux-x86_64-2.7/Crypto/Random/OSRNG\r\n        copying lib/Crypto/Random/OSRNG/__init__.py -&gt; build/lib.linux-x86_64-2.7/Crypto/Random/OSRNG\r\n        copying lib/Crypto/Random/OSRNG/fallback.py -&gt; build/lib.linux-x86_64-2.7/Crypto/Random/OSRNG\r\n        creating build/lib.linux-x86_64-2.7/Crypto/SelfTest\r\n        copying lib/Crypto/SelfTest/__init__.py -&gt; build/lib.linux-x86_64-2.7/Crypto/SelfTest\r\n        copying lib/Crypto/SelfTest/st_common.py -&gt; build/lib.linux-x86_64-2.7/Crypto/SelfTest\r\n        creating build/lib.linux-x86_64-2.7/Crypto/SelfTest/Cipher\r\n        copying lib/Crypto/SelfTest/Cipher/test_AES.py -&gt; build/lib.linux-x86_64-2.7/Crypto/SelfTest/Cipher\r\n        copying lib/Crypto/SelfTest/Cipher/test_ARC4.py -&gt; build/lib.linux-x86_64-2.7/Crypto/SelfTest/Cipher\r\n        copying lib/Crypto/SelfTest/Cipher/test_pkcs1_oaep.py -&gt; build/lib.linux-x86_64-2.7/Crypto/SelfTest/Cipher\r\n        copying lib/Crypto/SelfTest/Cipher/test_XOR.py -&gt; build/lib.linux-x86_64-2.7/Crypto/SelfTest/Cipher\r\n        copying lib/Crypto/SelfTest/Cipher/common.py -&gt; build/lib.linux-x86_64-2.7/Crypto/SelfTest/Cipher\r\n        copying lib/Crypto/SelfTest/Cipher/test_CAST.py -&gt; build/lib.linux-x86_64-2.7/Crypto/SelfTest/Cipher\r\n        copying lib/Crypto/SelfTest/Cipher/__init__.py -&gt; build/lib.linux-x86_64-2.7/Crypto/SelfTest/Cipher\r\n        copying lib/Crypto/SelfTest/Cipher/test_DES.py -&gt; build/lib.linux-x86_64-2.7/Crypto/SelfTest/Cipher\r\n        copying lib/Crypto/SelfTest/Cipher/test_pkcs1_15.py -&gt; build/lib.linux-x86_64-2.7/Crypto/SelfTest/Cipher\r\n        copying lib/Crypto/SelfTest/Cipher/test_Blowfish.py -&gt; build/lib.linux-x86_64-2.7/Crypto/SelfTest/Cipher\r\n        copying lib/Crypto/SelfTest/Cipher/test_DES3.py -&gt; build/lib.linux-x86_64-2.7/Crypto/SelfTest/Cipher\r\n        copying lib/Crypto/SelfTest/Cipher/test_ARC2.py -&gt; build/lib.linux-x86_64-2.7/Crypto/SelfTest/Cipher\r\n        creating build/lib.linux-x86_64-2.7/Crypto/SelfTest/Hash\r\n        copying lib/Crypto/SelfTest/Hash/test_MD4.py -&gt; build/lib.linux-x86_64-2.7/Crypto/SelfTest/Hash\r\n        copying lib/Crypto/SelfTest/Hash/test_MD2.py -&gt; build/lib.linux-x86_64-2.7/Crypto/SelfTest/Hash\r\n        copying lib/Crypto/SelfTest/Hash/test_SHA384.py -&gt; build/lib.linux-x86_64-2.7/Crypto/SelfTest/Hash\r\n        copying lib/Crypto/SelfTest/Hash/test_RIPEMD.py -&gt; build/lib.linux-x86_64-2.7/Crypto/SelfTest/Hash\r\n        copying lib/Crypto/SelfTest/Hash/test_SHA224.py -&gt; build/lib.linux-x86_64-2.7/Crypto/SelfTest/Hash\r\n        copying lib/Crypto/SelfTest/Hash/test_SHA512.py -&gt; build/lib.linux-x86_64-2.7/Crypto/SelfTest/Hash\r\n        copying lib/Crypto/SelfTest/Hash/test_SHA256.py -&gt; build/lib.linux-x86_64-2.7/Crypto/SelfTest/Hash\r\n        copying lib/Crypto/SelfTest/Hash/common.py -&gt; build/lib.linux-x86_64-2.7/Crypto/SelfTest/Hash\r\n        copying lib/Crypto/SelfTest/Hash/test_SHA.py -&gt; build/lib.linux-x86_64-2.7/Crypto/SelfTest/Hash\r\n        copying lib/Crypto/SelfTest/Hash/__init__.py -&gt; build/lib.linux-x86_64-2.7/Crypto/SelfTest/Hash\r\n        copying lib/Crypto/SelfTest/Hash/test_HMAC.py -&gt; build/lib.linux-x86_64-2.7/Crypto/SelfTest/Hash\r\n        copying lib/Crypto/SelfTest/Hash/test_MD5.py -&gt; build/lib.linux-x86_64-2.7/Crypto/SelfTest/Hash\r\n        creating build/lib.linux-x86_64-2.7/Crypto/SelfTest/Protocol\r\n        copying lib/Crypto/SelfTest/Protocol/test_chaffing.py -&gt; build/lib.linux-x86_64-2.7/Crypto/SelfTest/Protocol\r\n        copying lib/Crypto/SelfTest/Protocol/test_AllOrNothing.py -&gt; build/lib.linux-x86_64-2.7/Crypto/SelfTest/Protocol\r\n        copying lib/Crypto/SelfTest/Protocol/test_rfc1751.py -&gt; build/lib.linux-x86_64-2.7/Crypto/SelfTest/Protocol\r\n        copying lib/Crypto/SelfTest/Protocol/__init__.py -&gt; build/lib.linux-x86_64-2.7/Crypto/SelfTest/Protocol\r\n        copying lib/Crypto/SelfTest/Protocol/test_KDF.py -&gt; build/lib.linux-x86_64-2.7/Crypto/SelfTest/Protocol\r\n        creating build/lib.linux-x86_64-2.7/Crypto/SelfTest/PublicKey\r\n        copying lib/Crypto/SelfTest/PublicKey/test_DSA.py -&gt; build/lib.linux-x86_64-2.7/Crypto/SelfTest/PublicKey\r\n        copying lib/Crypto/SelfTest/PublicKey/test_RSA.py -&gt; build/lib.linux-x86_64-2.7/Crypto/SelfTest/PublicKey\r\n        copying lib/Crypto/SelfTest/PublicKey/test_importKey.py -&gt; build/lib.linux-x86_64-2.7/Crypto/SelfTest/PublicKey\r\n        copying lib/Crypto/SelfTest/PublicKey/__init__.py -&gt; build/lib.linux-x86_64-2.7/Crypto/SelfTest/PublicKey\r\n        copying lib/Crypto/SelfTest/PublicKey/test_ElGamal.py -&gt; build/lib.linux-x86_64-2.7/Crypto/SelfTest/PublicKey\r\n        creating build/lib.linux-x86_64-2.7/Crypto/SelfTest/Random\r\n        copying lib/Crypto/SelfTest/Random/test__UserFriendlyRNG.py -&gt; build/lib.linux-x86_64-2.7/Crypto/SelfTest/Random\r\n        copying lib/Crypto/SelfTest/Random/test_random.py -&gt; build/lib.linux-x86_64-2.7/Crypto/SelfTest/Random\r\n        copying lib/Crypto/SelfTest/Random/test_rpoolcompat.py -&gt; build/lib.linux-x86_64-2.7/Crypto/SelfTest/Random\r\n        copying lib/Crypto/SelfTest/Random/__init__.py -&gt; build/lib.linux-x86_64-2.7/Crypto/SelfTest/Random\r\n        creating build/lib.linux-x86_64-2.7/Crypto/SelfTest/Random/Fortuna\r\n        copying lib/Crypto/SelfTest/Random/Fortuna/test_FortunaGenerator.py -&gt; build/lib.linux-x86_64-2.7/Crypto/SelfTest/Random/Fortuna\r\n        copying lib/Crypto/SelfTest/Random/Fortuna/test_FortunaAccumulator.py -&gt; build/lib.linux-x86_64-2.7/Crypto/SelfTest/Random/Fortuna\r\n        copying lib/Crypto/SelfTest/Random/Fortuna/__init__.py -&gt; build/lib.linux-x86_64-2.7/Crypto/SelfTest/Random/Fortuna\r\n        copying lib/Crypto/SelfTest/Random/Fortuna/test_SHAd256.py -&gt; build/lib.linux-x86_64-2.7/Crypto/SelfTest/Random/Fortuna\r\n        creating build/lib.linux-x86_64-2.7/Crypto/SelfTest/Random/OSRNG\r\n        copying lib/Crypto/SelfTest/Random/OSRNG/test_nt.py -&gt; build/lib.linux-x86_64-2.7/Crypto/SelfTest/Random/OSRNG\r\n        copying lib/Crypto/SelfTest/Random/OSRNG/test_fallback.py -&gt; build/lib.linux-x86_64-2.7/Crypto/SelfTest/Random/OSRNG\r\n        copying lib/Crypto/SelfTest/Random/OSRNG/test_posix.py -&gt; build/lib.linux-x86_64-2.7/Crypto/SelfTest/Random/OSRNG\r\n        copying lib/Crypto/SelfTest/Random/OSRNG/__init__.py -&gt; build/lib.linux-x86_64-2.7/Crypto/SelfTest/Random/OSRNG\r\n        copying lib/Crypto/SelfTest/Random/OSRNG/test_winrandom.py -&gt; build/lib.linux-x86_64-2.7/Crypto/SelfTest/Random/OSRNG\r\n        copying lib/Crypto/SelfTest/Random/OSRNG/test_generic.py -&gt; build/lib.linux-x86_64-2.7/Crypto/SelfTest/Random/OSRNG\r\n        creating build/lib.linux-x86_64-2.7/Crypto/SelfTest/Util\r\n        copying lib/Crypto/SelfTest/Util/test_number.py -&gt; build/lib.linux-x86_64-2.7/Crypto/SelfTest/Util\r\n        copying lib/Crypto/SelfTest/Util/test_Counter.py -&gt; build/lib.linux-x86_64-2.7/Crypto/SelfTest/Util\r\n        copying lib/Crypto/SelfTest/Util/__init__.py -&gt; build/lib.linux-x86_64-2.7/Crypto/SelfTest/Util\r\n        copying lib/Crypto/SelfTest/Util/test_asn1.py -&gt; build/lib.linux-x86_64-2.7/Crypto/SelfTest/Util\r\n        copying lib/Crypto/SelfTest/Util/test_winrandom.py -&gt; build/lib.linux-x86_64-2.7/Crypto/SelfTest/Util\r\n        creating build/lib.linux-x86_64-2.7/Crypto/SelfTest/Signature\r\n        copying lib/Crypto/SelfTest/Signature/__init__.py -&gt; build/lib.linux-x86_64-2.7/Crypto/SelfTest/Signature\r\n        copying lib/Crypto/SelfTest/Signature/test_pkcs1_15.py -&gt; build/lib.linux-x86_64-2.7/Crypto/SelfTest/Signature\r\n        copying lib/Crypto/SelfTest/Signature/test_pkcs1_pss.py -&gt; build/lib.linux-x86_64-2.7/Crypto/SelfTest/Signature\r\n        creating build/lib.linux-x86_64-2.7/Crypto/Protocol\r\n        copying lib/Crypto/Protocol/Chaffing.py -&gt; build/lib.linux-x86_64-2.7/Crypto/Protocol\r\n        copying lib/Crypto/Protocol/AllOrNothing.py -&gt; build/lib.linux-x86_64-2.7/Crypto/Protocol\r\n        copying lib/Crypto/Protocol/KDF.py -&gt; build/lib.linux-x86_64-2.7/Crypto/Protocol\r\n        copying lib/Crypto/Protocol/__init__.py -&gt; build/lib.linux-x86_64-2.7/Crypto/Protocol\r\n        creating build/lib.linux-x86_64-2.7/Crypto/PublicKey\r\n        copying lib/Crypto/PublicKey/_RSA.py -&gt; build/lib.linux-x86_64-2.7/Crypto/PublicKey\r\n        copying lib/Crypto/PublicKey/_DSA.py -&gt; build/lib.linux-x86_64-2.7/Crypto/PublicKey\r\n        copying lib/Crypto/PublicKey/_slowmath.py -&gt; build/lib.linux-x86_64-2.7/Crypto/PublicKey\r\n        copying lib/Crypto/PublicKey/pubkey.py -&gt; build/lib.linux-x86_64-2.7/Crypto/PublicKey\r\n        copying lib/Crypto/PublicKey/DSA.py -&gt; build/lib.linux-x86_64-2.7/Crypto/PublicKey\r\n        copying lib/Crypto/PublicKey/ElGamal.py -&gt; build/lib.linux-x86_64-2.7/Crypto/PublicKey\r\n        copying lib/Crypto/PublicKey/__init__.py -&gt; build/lib.linux-x86_64-2.7/Crypto/PublicKey\r\n        copying lib/Crypto/PublicKey/RSA.py -&gt; build/lib.linux-x86_64-2.7/Crypto/PublicKey\r\n        creating build/lib.linux-x86_64-2.7/Crypto/Signature\r\n        copying lib/Crypto/Signature/PKCS1_v1_5.py -&gt; build/lib.linux-x86_64-2.7/Crypto/Signature\r\n        copying lib/Crypto/Signature/__init__.py -&gt; build/lib.linux-x86_64-2.7/Crypto/Signature\r\n        copying lib/Crypto/Signature/PKCS1_PSS.py -&gt; build/lib.linux-x86_64-2.7/Crypto/Signature\r\n        running build_ext\r\n        running build_configure\r\n        warning: GMP or MPIR library not found; Not building Crypto.PublicKey._fastmath.\r\n        building &#39;Crypto.Hash._MD2&#39; extension\r\n        creating build/temp.linux-x86_64-2.7\r\n        creating build/temp.linux-x86_64-2.7/src\r\n        i686-linux-gnu-gcc -pthread -fwrapv -Wall -Wstrict-prototypes -fno-strict-aliasing -Wdate-time -D_FORTIFY_SOURCE=2 -fstack-protector-strong -Wformat -Werror=format-security -fPIC -std=c99 -O3 -fomit-frame-pointer -Isrc/ -I/usr/include/python2.7 -c src/MD2.c -o build/temp.linux-x86_64-2.7/src/MD2.o\r\n        unable to execute &#39;i686-linux-gnu-gcc&#39;: No such file or directory\r\n        error: command &#39;i686-linux-gnu-gcc&#39; failed with exit status 1\r\n        \r\n        ----------------------------------------\r\n    Command &quot;/home/vkolluru/ansible/ansible1.9.4/bin/python -u -c &quot;import setuptools, tokenize;__file__=&#39;/tmp/pip-install-7UDSud/pycrypto/setup.py&#39;;f=getattr(tokenize, &#39;open&#39;, open)(__file__);code=f.read().replace(&#39;\\r\\n&#39;, &#39;\\n&#39;);f.close();exec(compile(code, __file__, &#39;exec&#39;))&quot; install --record /tmp/pip-record-KXvJMH/install-record.txt --single-version-externally-managed --compile --install-headers /home/vkolluru/ansible/ansible1.9.4/include/site/python2.7/pycrypto&quot; failed with error code 1 in /tmp/pip-install-7UDSud/pycrypto/\r\n\r\nI see the gcc is avalable \r\n\r\n    (ansible1.9.4) vkolluru@vkolluru-Precision-5510:~/ansible/ansible1.9.4$ gcc -v\r\n    Using built-in specs.\r\n    COLLECT_GCC=gcc\r\n    COLLECT_LTO_WRAPPER=/usr/lib/gcc/x86_64-linux-gnu/5/lto-wrapper\r\n    Target: x86_64-linux-gnu\r\n    Configured with: ../src/configure -v --with-pkgversion=&#39;Ubuntu 5.4.0-6ubuntu1~16.04.9&#39; --with-bugurl=file:///usr/share/doc/gcc-5/README.Bugs --enable-languages=c,ada,c++,java,go,d,fortran,objc,obj-c++ --prefix=/usr --program-suffix=-5 --enable-shared --enable-linker-build-id --libexecdir=/usr/lib --without-included-gettext --enable-threads=posix --libdir=/usr/lib --enable-nls --with-sysroot=/ --enable-clocale=gnu --enable-libstdcxx-debug --enable-libstdcxx-time=yes --with-default-libstdcxx-abi=new --enable-gnu-unique-object --disable-vtable-verify --enable-libmpx --enable-plugin --with-system-zlib --disable-browser-plugin --enable-java-awt=gtk --enable-gtk-cairo --with-java-home=/usr/lib/jvm/java-1.5.0-gcj-5-amd64/jre --enable-java-home --with-jvm-root-dir=/usr/lib/jvm/java-1.5.0-gcj-5-amd64 --with-jvm-jar-dir=/usr/lib/jvm-exports/java-1.5.0-gcj-5-amd64 --with-arch-directory=amd64 --with-ecj-jar=/usr/share/java/eclipse-ecj.jar --enable-objc-gc --enable-multiarch --disable-werror --with-arch-32=i686 --with-abi=m64 --with-multilib-list=m32,m64,mx32 --enable-multilib --with-tune=generic --enable-checking=release --build=x86_64-linux-gnu --host=x86_64-linux-gnu --target=x86_64-linux-gnu\r\n    Thread model: posix\r\n    gcc version 5.4.0 20160609 (Ubuntu 5.4.0-6ubuntu1~16.04.9) \r\n\r\n",
            "link": "https://stackoverflow.com/questions/49927434/unable-to-execute-i686-linux-gnu-gcc-no-such-file-or-directory",
            "title": "unable to execute &#39;i686-linux-gnu-gcc&#39;: No such file or directory",
            "body": "<p>I am a newbie to linux and was trying to install Ansible in virtual environment using pip.</p>\n\n<p>when I run the command it failing with the following error. Can you please help me in fixing this issue.</p>\n\n<p>whenever I try to install any package I am getting unmet dependencies python-minimal</p>\n\n<pre><code> (ansible1.9.4) vkolluru@vkolluru-Precision-5510:~/ansible/ansible1.9.4$ pip install ansible==1.9.4\nCollecting ansible==1.9.4\nRequirement already satisfied: setuptools in ./lib/python2.7/site-packages (from ansible==1.9.4) (39.0.1)\nRequirement already satisfied: jinja2 in ./lib/python2.7/site-packages (from ansible==1.9.4) (2.10)\nRequirement already satisfied: PyYAML in ./lib/python2.7/site-packages (from ansible==1.9.4) (3.12)\nCollecting pycrypto&gt;=2.6 (from ansible==1.9.4)\n  Using cached https://files.pythonhosted.org/packages/60/db/645aa9af249f059cc3a368b118de33889219e0362141e75d4eaf6f80f163/pycrypto-2.6.1.tar.gz\nRequirement already satisfied: paramiko in ./lib/python2.7/site-packages (from ansible==1.9.4) (2.4.1)\nRequirement already satisfied: MarkupSafe&gt;=0.23 in ./lib/python2.7/site-packages (from jinja2-&gt;ansible==1.9.4) (1.0)\nRequirement already satisfied: cryptography&gt;=1.5 in ./lib/python2.7/site-packages (from paramiko-&gt;ansible==1.9.4) (2.2.1)\nRequirement already satisfied: pynacl&gt;=1.0.1 in ./lib/python2.7/site-packages (from paramiko-&gt;ansible==1.9.4) (1.2.1)\nRequirement already satisfied: pyasn1&gt;=0.1.7 in ./lib/python2.7/site-packages (from paramiko-&gt;ansible==1.9.4) (0.4.2)\nRequirement already satisfied: bcrypt&gt;=3.1.3 in ./lib/python2.7/site-packages (from paramiko-&gt;ansible==1.9.4) (3.1.4)\nRequirement already satisfied: cffi&gt;=1.7; platform_python_implementation != \"PyPy\" in ./lib/python2.7/site-packages (from cryptography&gt;=1.5-&gt;paramiko-&gt;ansible==1.9.4) (1.11.5)\nRequirement already satisfied: enum34; python_version &lt; \"3\" in ./lib/python2.7/site-packages (from cryptography&gt;=1.5-&gt;paramiko-&gt;ansible==1.9.4) (1.1.6)\nRequirement already satisfied: idna&gt;=2.1 in ./lib/python2.7/site-packages (from cryptography&gt;=1.5-&gt;paramiko-&gt;ansible==1.9.4) (2.6)\nRequirement already satisfied: asn1crypto&gt;=0.21.0 in ./lib/python2.7/site-packages (from cryptography&gt;=1.5-&gt;paramiko-&gt;ansible==1.9.4) (0.24.0)\nRequirement already satisfied: ipaddress; python_version &lt; \"3\" in ./lib/python2.7/site-packages (from cryptography&gt;=1.5-&gt;paramiko-&gt;ansible==1.9.4) (1.0.19)\nRequirement already satisfied: six&gt;=1.4.1 in ./lib/python2.7/site-packages (from cryptography&gt;=1.5-&gt;paramiko-&gt;ansible==1.9.4) (1.11.0)\nRequirement already satisfied: pycparser in ./lib/python2.7/site-packages (from cffi&gt;=1.7; platform_python_implementation != \"PyPy\"-&gt;cryptography&gt;=1.5-&gt;paramiko-&gt;ansible==1.9.4) (2.18)\nBuilding wheels for collected packages: pycrypto\n  Running setup.py bdist_wheel for pycrypto ... error\n  Complete output from command /home/vkolluru/ansible/ansible1.9.4/bin/python -u -c \"import setuptools, tokenize;__file__='/tmp/pip-install-7UDSud/pycrypto/setup.py';f=getattr(tokenize, 'open', open)(__file__);code=f.read().replace('\\r\\n', '\\n');f.close();exec(compile(code, __file__, 'exec'))\" bdist_wheel -d /tmp/pip-wheel-Fti5ge --python-tag cp27:\n  running bdist_wheel\n  running build\n  running build_py\n  creating build\n  creating build/lib.linux-x86_64-2.7\n  creating build/lib.linux-x86_64-2.7/Crypto\n  copying lib/Crypto/pct_warnings.py -&gt; build/lib.linux-x86_64-2.7/Crypto\n  copying lib/Crypto/__init__.py -&gt; build/lib.linux-x86_64-2.7/Crypto\n  creating build/lib.linux-x86_64-2.7/Crypto/Hash\n  copying lib/Crypto/Hash/SHA224.py -&gt; build/lib.linux-x86_64-2.7/Crypto/Hash\n  copying lib/Crypto/Hash/MD4.py -&gt; build/lib.linux-x86_64-2.7/Crypto/Hash\n\n  copying lib/Crypto/PublicKey/RSA.py -&gt; build/lib.linux-x86_64-2.7/Crypto/PublicKey\n  creating build/lib.linux-x86_64-2.7/Crypto/Signature\n  copying lib/Crypto/Signature/PKCS1_v1_5.py -&gt; build/lib.linux-x86_64-2.7/Crypto/Signature\n  copying lib/Crypto/Signature/__init__.py -&gt; build/lib.linux-x86_64-2.7/Crypto/Signature\n  copying lib/Crypto/Signature/PKCS1_PSS.py -&gt; build/lib.linux-x86_64-2.7/Crypto/Signature\n  running build_ext\n  running build_configure\n  checking for gcc... gcc\n  checking whether the C compiler works... yes\n  checking for C compiler default output file name... a.out\n  checking for suffix of executables...\n  checking whether we are cross compiling... no\n  checking for suffix of object files... o\n  checking whether we are using the GNU C compiler... yes\n  checking whether gcc accepts -g... yes\n  checking for gcc option to accept ISO C89... none needed\n  checking for __gmpz_init in -lgmp... no\n  checking for __gmpz_init in -lmpir... no\n  checking whether mpz_powm is declared... no\n  checking whether mpz_powm_sec is declared... no\n  checking how to run the C preprocessor... gcc -E\n  checking for grep that handles long lines and -e... /bin/grep\n  checking for egrep... /bin/grep -E\n  checking for ANSI C header files... yes\n  checking for sys/types.h... yes\n  checking for sys/stat.h... yes\n  checking for stdlib.h... yes\n  checking for string.h... yes\n  checking for memory.h... yes\n  checking for strings.h... yes\n  checking for inttypes.h... yes\n  checking for stdint.h... yes\n  checking for unistd.h... yes\n  checking for inttypes.h... (cached) yes\n  checking limits.h usability... yes\n  checking limits.h presence... yes\n  checking for limits.h... yes\n  checking stddef.h usability... yes\n  checking stddef.h presence... yes\n  checking for stddef.h... yes\n  checking for stdint.h... (cached) yes\n  checking for stdlib.h... (cached) yes\n  checking for string.h... (cached) yes\n  checking wchar.h usability... yes\n  checking wchar.h presence... yes\n  checking for wchar.h... yes\n  checking for inline... inline\n  checking for int16_t... yes\n  checking for int32_t... yes\n  checking for int64_t... yes\n  checking for int8_t... yes\n  checking for size_t... yes\n  checking for uint16_t... yes\n  checking for uint32_t... yes\n  checking for uint64_t... yes\n  checking for uint8_t... yes\n  checking for stdlib.h... (cached) yes\n  checking for GNU libc compatible malloc... yes\n  checking for memmove... yes\n  checking for memset... yes\n  configure: creating ./config.status\n  config.status: creating src/config.h\n  warning: GMP or MPIR library not found; Not building Crypto.PublicKey._fastmath.\n  building 'Crypto.Hash._MD2' extension\n  creating build/temp.linux-x86_64-2.7\n  creating build/temp.linux-x86_64-2.7/src\n  i686-linux-gnu-gcc -pthread -fwrapv -Wall -Wstrict-prototypes -fno-strict-aliasing -Wdate-time -D_FORTIFY_SOURCE=2 -fstack-protector-strong -Wformat -Werror=format-security -fPIC -std=c99 -O3 -fomit-frame-pointer -Isrc/ -I/usr/include/python2.7 -c src/MD2.c -o build/temp.linux-x86_64-2.7/src/MD2.o\n  unable to execute 'i686-linux-gnu-gcc': No such file or directory\n  error: command 'i686-linux-gnu-gcc' failed with exit status 1\n\n  ----------------------------------------\n  Failed building wheel for pycrypto\n  Running setup.py clean for pycrypto\nFailed to build pycrypto\nInstalling collected packages: pycrypto, ansible\n  Running setup.py install for pycrypto ... error\n    Complete output from command /home/vkolluru/ansible/ansible1.9.4/bin/python -u -c \"import setuptools, tokenize;__file__='/tmp/pip-install-7UDSud/pycrypto/setup.py';f=getattr(tokenize, 'open', open)(__file__);code=f.read().replace('\\r\\n', '\\n');f.close();exec(compile(code, __file__, 'exec'))\" install --record /tmp/pip-record-KXvJMH/install-record.txt --single-version-externally-managed --compile --install-headers /home/vkolluru/ansible/ansible1.9.4/include/site/python2.7/pycrypto:\n    running install\n    running build\n    running build_py\n    creating build\n    creating build/lib.linux-x86_64-2.7\n    creating build/lib.linux-x86_64-2.7/Crypto\n    copying lib/Crypto/pct_warnings.py -&gt; build/lib.linux-x86_64-2.7/Crypto\n    copying lib/Crypto/__init__.py -&gt; build/lib.linux-x86_64-2.7/Crypto\n    creating build/lib.linux-x86_64-2.7/Crypto/Hash\n    copying lib/Crypto/Hash/SHA224.py -&gt; build/lib.linux-x86_64-2.7/Crypto/Hash\n    copying lib/Crypto/Hash/MD4.py -&gt; build/lib.linux-x86_64-2.7/Crypto/Hash\n    copying lib/Crypto/Hash/SHA512.py -&gt; build/lib.linux-x86_64-2.7/Crypto/Hash\n    copying lib/Crypto/Hash/RIPEMD.py -&gt; build/lib.linux-x86_64-2.7/Crypto/Hash\n    copying lib/Crypto/Hash/SHA.py -&gt; build/lib.linux-x86_64-2.7/Crypto/Hash\n    copying lib/Crypto/Hash/MD5.py -&gt; build/lib.linux-x86_64-2.7/Crypto/Hash\n    copying lib/Crypto/Hash/MD2.py -&gt; build/lib.linux-x86_64-2.7/Crypto/Hash\n    copying lib/Crypto/Hash/SHA384.py -&gt; build/lib.linux-x86_64-2.7/Crypto/Hash\n    copying lib/Crypto/Hash/HMAC.py -&gt; build/lib.linux-x86_64-2.7/Crypto/Hash\n    copying lib/Crypto/Hash/__init__.py -&gt; build/lib.linux-x86_64-2.7/Crypto/Hash\n    copying lib/Crypto/Hash/SHA256.py -&gt; build/lib.linux-x86_64-2.7/Crypto/Hash\n    copying lib/Crypto/Hash/hashalgo.py -&gt; build/lib.linux-x86_64-2.7/Crypto/Hash\n    creating build/lib.linux-x86_64-2.7/Crypto/Cipher\n    copying lib/Crypto/Cipher/PKCS1_OAEP.py -&gt; build/lib.linux-x86_64-2.7/Crypto/Cipher\n    copying lib/Crypto/Cipher/Blowfish.py -&gt; build/lib.linux-x86_64-2.7/Crypto/Cipher\n    copying lib/Crypto/Cipher/CAST.py -&gt; build/lib.linux-x86_64-2.7/Crypto/Cipher\n    copying lib/Crypto/Cipher/PKCS1_v1_5.py -&gt; build/lib.linux-x86_64-2.7/Crypto/Cipher\n    copying lib/Crypto/Cipher/DES.py -&gt; build/lib.linux-x86_64-2.7/Crypto/Cipher\n    copying lib/Crypto/Cipher/XOR.py -&gt; build/lib.linux-x86_64-2.7/Crypto/Cipher\n    copying lib/Crypto/Cipher/ARC4.py -&gt; build/lib.linux-x86_64-2.7/Crypto/Cipher\n    copying lib/Crypto/Cipher/ARC2.py -&gt; build/lib.linux-x86_64-2.7/Crypto/Cipher\n    copying lib/Crypto/Cipher/DES3.py -&gt; build/lib.linux-x86_64-2.7/Crypto/Cipher\n    copying lib/Crypto/Cipher/__init__.py -&gt; build/lib.linux-x86_64-2.7/Crypto/Cipher\n    copying lib/Crypto/Cipher/blockalgo.py -&gt; build/lib.linux-x86_64-2.7/Crypto/Cipher\n    copying lib/Crypto/Cipher/AES.py -&gt; build/lib.linux-x86_64-2.7/Crypto/Cipher\n    creating build/lib.linux-x86_64-2.7/Crypto/Util\n    copying lib/Crypto/Util/asn1.py -&gt; build/lib.linux-x86_64-2.7/Crypto/Util\n    copying lib/Crypto/Util/py3compat.py -&gt; build/lib.linux-x86_64-2.7/Crypto/Util\n    copying lib/Crypto/Util/winrandom.py -&gt; build/lib.linux-x86_64-2.7/Crypto/Util\n    copying lib/Crypto/Util/Counter.py -&gt; build/lib.linux-x86_64-2.7/Crypto/Util\n    copying lib/Crypto/Util/RFC1751.py -&gt; build/lib.linux-x86_64-2.7/Crypto/Util\n    copying lib/Crypto/Util/py21compat.py -&gt; build/lib.linux-x86_64-2.7/Crypto/Util\n    copying lib/Crypto/Util/randpool.py -&gt; build/lib.linux-x86_64-2.7/Crypto/Util\n    copying lib/Crypto/Util/__init__.py -&gt; build/lib.linux-x86_64-2.7/Crypto/Util\n    copying lib/Crypto/Util/_number_new.py -&gt; build/lib.linux-x86_64-2.7/Crypto/Util\n    copying lib/Crypto/Util/number.py -&gt; build/lib.linux-x86_64-2.7/Crypto/Util\n    creating build/lib.linux-x86_64-2.7/Crypto/Random\n    copying lib/Crypto/Random/_UserFriendlyRNG.py -&gt; build/lib.linux-x86_64-2.7/Crypto/Random\n    copying lib/Crypto/Random/random.py -&gt; build/lib.linux-x86_64-2.7/Crypto/Random\n    copying lib/Crypto/Random/__init__.py -&gt; build/lib.linux-x86_64-2.7/Crypto/Random\n    creating build/lib.linux-x86_64-2.7/Crypto/Random/Fortuna\n    copying lib/Crypto/Random/Fortuna/FortunaGenerator.py -&gt; build/lib.linux-x86_64-2.7/Crypto/Random/Fortuna\n    copying lib/Crypto/Random/Fortuna/SHAd256.py -&gt; build/lib.linux-x86_64-2.7/Crypto/Random/Fortuna\n    copying lib/Crypto/Random/Fortuna/FortunaAccumulator.py -&gt; build/lib.linux-x86_64-2.7/Crypto/Random/Fortuna\n    copying lib/Crypto/Random/Fortuna/__init__.py -&gt; build/lib.linux-x86_64-2.7/Crypto/Random/Fortuna\n    creating build/lib.linux-x86_64-2.7/Crypto/Random/OSRNG\n    copying lib/Crypto/Random/OSRNG/posix.py -&gt; build/lib.linux-x86_64-2.7/Crypto/Random/OSRNG\n    copying lib/Crypto/Random/OSRNG/nt.py -&gt; build/lib.linux-x86_64-2.7/Crypto/Random/OSRNG\n    copying lib/Crypto/Random/OSRNG/rng_base.py -&gt; build/lib.linux-x86_64-2.7/Crypto/Random/OSRNG\n    copying lib/Crypto/Random/OSRNG/__init__.py -&gt; build/lib.linux-x86_64-2.7/Crypto/Random/OSRNG\n    copying lib/Crypto/Random/OSRNG/fallback.py -&gt; build/lib.linux-x86_64-2.7/Crypto/Random/OSRNG\n    creating build/lib.linux-x86_64-2.7/Crypto/SelfTest\n    copying lib/Crypto/SelfTest/__init__.py -&gt; build/lib.linux-x86_64-2.7/Crypto/SelfTest\n    copying lib/Crypto/SelfTest/st_common.py -&gt; build/lib.linux-x86_64-2.7/Crypto/SelfTest\n    creating build/lib.linux-x86_64-2.7/Crypto/SelfTest/Cipher\n    copying lib/Crypto/SelfTest/Cipher/test_AES.py -&gt; build/lib.linux-x86_64-2.7/Crypto/SelfTest/Cipher\n    copying lib/Crypto/SelfTest/Cipher/test_ARC4.py -&gt; build/lib.linux-x86_64-2.7/Crypto/SelfTest/Cipher\n    copying lib/Crypto/SelfTest/Cipher/test_pkcs1_oaep.py -&gt; build/lib.linux-x86_64-2.7/Crypto/SelfTest/Cipher\n    copying lib/Crypto/SelfTest/Cipher/test_XOR.py -&gt; build/lib.linux-x86_64-2.7/Crypto/SelfTest/Cipher\n    copying lib/Crypto/SelfTest/Cipher/common.py -&gt; build/lib.linux-x86_64-2.7/Crypto/SelfTest/Cipher\n    copying lib/Crypto/SelfTest/Cipher/test_CAST.py -&gt; build/lib.linux-x86_64-2.7/Crypto/SelfTest/Cipher\n    copying lib/Crypto/SelfTest/Cipher/__init__.py -&gt; build/lib.linux-x86_64-2.7/Crypto/SelfTest/Cipher\n    copying lib/Crypto/SelfTest/Cipher/test_DES.py -&gt; build/lib.linux-x86_64-2.7/Crypto/SelfTest/Cipher\n    copying lib/Crypto/SelfTest/Cipher/test_pkcs1_15.py -&gt; build/lib.linux-x86_64-2.7/Crypto/SelfTest/Cipher\n    copying lib/Crypto/SelfTest/Cipher/test_Blowfish.py -&gt; build/lib.linux-x86_64-2.7/Crypto/SelfTest/Cipher\n    copying lib/Crypto/SelfTest/Cipher/test_DES3.py -&gt; build/lib.linux-x86_64-2.7/Crypto/SelfTest/Cipher\n    copying lib/Crypto/SelfTest/Cipher/test_ARC2.py -&gt; build/lib.linux-x86_64-2.7/Crypto/SelfTest/Cipher\n    creating build/lib.linux-x86_64-2.7/Crypto/SelfTest/Hash\n    copying lib/Crypto/SelfTest/Hash/test_MD4.py -&gt; build/lib.linux-x86_64-2.7/Crypto/SelfTest/Hash\n    copying lib/Crypto/SelfTest/Hash/test_MD2.py -&gt; build/lib.linux-x86_64-2.7/Crypto/SelfTest/Hash\n    copying lib/Crypto/SelfTest/Hash/test_SHA384.py -&gt; build/lib.linux-x86_64-2.7/Crypto/SelfTest/Hash\n    copying lib/Crypto/SelfTest/Hash/test_RIPEMD.py -&gt; build/lib.linux-x86_64-2.7/Crypto/SelfTest/Hash\n    copying lib/Crypto/SelfTest/Hash/test_SHA224.py -&gt; build/lib.linux-x86_64-2.7/Crypto/SelfTest/Hash\n    copying lib/Crypto/SelfTest/Hash/test_SHA512.py -&gt; build/lib.linux-x86_64-2.7/Crypto/SelfTest/Hash\n    copying lib/Crypto/SelfTest/Hash/test_SHA256.py -&gt; build/lib.linux-x86_64-2.7/Crypto/SelfTest/Hash\n    copying lib/Crypto/SelfTest/Hash/common.py -&gt; build/lib.linux-x86_64-2.7/Crypto/SelfTest/Hash\n    copying lib/Crypto/SelfTest/Hash/test_SHA.py -&gt; build/lib.linux-x86_64-2.7/Crypto/SelfTest/Hash\n    copying lib/Crypto/SelfTest/Hash/__init__.py -&gt; build/lib.linux-x86_64-2.7/Crypto/SelfTest/Hash\n    copying lib/Crypto/SelfTest/Hash/test_HMAC.py -&gt; build/lib.linux-x86_64-2.7/Crypto/SelfTest/Hash\n    copying lib/Crypto/SelfTest/Hash/test_MD5.py -&gt; build/lib.linux-x86_64-2.7/Crypto/SelfTest/Hash\n    creating build/lib.linux-x86_64-2.7/Crypto/SelfTest/Protocol\n    copying lib/Crypto/SelfTest/Protocol/test_chaffing.py -&gt; build/lib.linux-x86_64-2.7/Crypto/SelfTest/Protocol\n    copying lib/Crypto/SelfTest/Protocol/test_AllOrNothing.py -&gt; build/lib.linux-x86_64-2.7/Crypto/SelfTest/Protocol\n    copying lib/Crypto/SelfTest/Protocol/test_rfc1751.py -&gt; build/lib.linux-x86_64-2.7/Crypto/SelfTest/Protocol\n    copying lib/Crypto/SelfTest/Protocol/__init__.py -&gt; build/lib.linux-x86_64-2.7/Crypto/SelfTest/Protocol\n    copying lib/Crypto/SelfTest/Protocol/test_KDF.py -&gt; build/lib.linux-x86_64-2.7/Crypto/SelfTest/Protocol\n    creating build/lib.linux-x86_64-2.7/Crypto/SelfTest/PublicKey\n    copying lib/Crypto/SelfTest/PublicKey/test_DSA.py -&gt; build/lib.linux-x86_64-2.7/Crypto/SelfTest/PublicKey\n    copying lib/Crypto/SelfTest/PublicKey/test_RSA.py -&gt; build/lib.linux-x86_64-2.7/Crypto/SelfTest/PublicKey\n    copying lib/Crypto/SelfTest/PublicKey/test_importKey.py -&gt; build/lib.linux-x86_64-2.7/Crypto/SelfTest/PublicKey\n    copying lib/Crypto/SelfTest/PublicKey/__init__.py -&gt; build/lib.linux-x86_64-2.7/Crypto/SelfTest/PublicKey\n    copying lib/Crypto/SelfTest/PublicKey/test_ElGamal.py -&gt; build/lib.linux-x86_64-2.7/Crypto/SelfTest/PublicKey\n    creating build/lib.linux-x86_64-2.7/Crypto/SelfTest/Random\n    copying lib/Crypto/SelfTest/Random/test__UserFriendlyRNG.py -&gt; build/lib.linux-x86_64-2.7/Crypto/SelfTest/Random\n    copying lib/Crypto/SelfTest/Random/test_random.py -&gt; build/lib.linux-x86_64-2.7/Crypto/SelfTest/Random\n    copying lib/Crypto/SelfTest/Random/test_rpoolcompat.py -&gt; build/lib.linux-x86_64-2.7/Crypto/SelfTest/Random\n    copying lib/Crypto/SelfTest/Random/__init__.py -&gt; build/lib.linux-x86_64-2.7/Crypto/SelfTest/Random\n    creating build/lib.linux-x86_64-2.7/Crypto/SelfTest/Random/Fortuna\n    copying lib/Crypto/SelfTest/Random/Fortuna/test_FortunaGenerator.py -&gt; build/lib.linux-x86_64-2.7/Crypto/SelfTest/Random/Fortuna\n    copying lib/Crypto/SelfTest/Random/Fortuna/test_FortunaAccumulator.py -&gt; build/lib.linux-x86_64-2.7/Crypto/SelfTest/Random/Fortuna\n    copying lib/Crypto/SelfTest/Random/Fortuna/__init__.py -&gt; build/lib.linux-x86_64-2.7/Crypto/SelfTest/Random/Fortuna\n    copying lib/Crypto/SelfTest/Random/Fortuna/test_SHAd256.py -&gt; build/lib.linux-x86_64-2.7/Crypto/SelfTest/Random/Fortuna\n    creating build/lib.linux-x86_64-2.7/Crypto/SelfTest/Random/OSRNG\n    copying lib/Crypto/SelfTest/Random/OSRNG/test_nt.py -&gt; build/lib.linux-x86_64-2.7/Crypto/SelfTest/Random/OSRNG\n    copying lib/Crypto/SelfTest/Random/OSRNG/test_fallback.py -&gt; build/lib.linux-x86_64-2.7/Crypto/SelfTest/Random/OSRNG\n    copying lib/Crypto/SelfTest/Random/OSRNG/test_posix.py -&gt; build/lib.linux-x86_64-2.7/Crypto/SelfTest/Random/OSRNG\n    copying lib/Crypto/SelfTest/Random/OSRNG/__init__.py -&gt; build/lib.linux-x86_64-2.7/Crypto/SelfTest/Random/OSRNG\n    copying lib/Crypto/SelfTest/Random/OSRNG/test_winrandom.py -&gt; build/lib.linux-x86_64-2.7/Crypto/SelfTest/Random/OSRNG\n    copying lib/Crypto/SelfTest/Random/OSRNG/test_generic.py -&gt; build/lib.linux-x86_64-2.7/Crypto/SelfTest/Random/OSRNG\n    creating build/lib.linux-x86_64-2.7/Crypto/SelfTest/Util\n    copying lib/Crypto/SelfTest/Util/test_number.py -&gt; build/lib.linux-x86_64-2.7/Crypto/SelfTest/Util\n    copying lib/Crypto/SelfTest/Util/test_Counter.py -&gt; build/lib.linux-x86_64-2.7/Crypto/SelfTest/Util\n    copying lib/Crypto/SelfTest/Util/__init__.py -&gt; build/lib.linux-x86_64-2.7/Crypto/SelfTest/Util\n    copying lib/Crypto/SelfTest/Util/test_asn1.py -&gt; build/lib.linux-x86_64-2.7/Crypto/SelfTest/Util\n    copying lib/Crypto/SelfTest/Util/test_winrandom.py -&gt; build/lib.linux-x86_64-2.7/Crypto/SelfTest/Util\n    creating build/lib.linux-x86_64-2.7/Crypto/SelfTest/Signature\n    copying lib/Crypto/SelfTest/Signature/__init__.py -&gt; build/lib.linux-x86_64-2.7/Crypto/SelfTest/Signature\n    copying lib/Crypto/SelfTest/Signature/test_pkcs1_15.py -&gt; build/lib.linux-x86_64-2.7/Crypto/SelfTest/Signature\n    copying lib/Crypto/SelfTest/Signature/test_pkcs1_pss.py -&gt; build/lib.linux-x86_64-2.7/Crypto/SelfTest/Signature\n    creating build/lib.linux-x86_64-2.7/Crypto/Protocol\n    copying lib/Crypto/Protocol/Chaffing.py -&gt; build/lib.linux-x86_64-2.7/Crypto/Protocol\n    copying lib/Crypto/Protocol/AllOrNothing.py -&gt; build/lib.linux-x86_64-2.7/Crypto/Protocol\n    copying lib/Crypto/Protocol/KDF.py -&gt; build/lib.linux-x86_64-2.7/Crypto/Protocol\n    copying lib/Crypto/Protocol/__init__.py -&gt; build/lib.linux-x86_64-2.7/Crypto/Protocol\n    creating build/lib.linux-x86_64-2.7/Crypto/PublicKey\n    copying lib/Crypto/PublicKey/_RSA.py -&gt; build/lib.linux-x86_64-2.7/Crypto/PublicKey\n    copying lib/Crypto/PublicKey/_DSA.py -&gt; build/lib.linux-x86_64-2.7/Crypto/PublicKey\n    copying lib/Crypto/PublicKey/_slowmath.py -&gt; build/lib.linux-x86_64-2.7/Crypto/PublicKey\n    copying lib/Crypto/PublicKey/pubkey.py -&gt; build/lib.linux-x86_64-2.7/Crypto/PublicKey\n    copying lib/Crypto/PublicKey/DSA.py -&gt; build/lib.linux-x86_64-2.7/Crypto/PublicKey\n    copying lib/Crypto/PublicKey/ElGamal.py -&gt; build/lib.linux-x86_64-2.7/Crypto/PublicKey\n    copying lib/Crypto/PublicKey/__init__.py -&gt; build/lib.linux-x86_64-2.7/Crypto/PublicKey\n    copying lib/Crypto/PublicKey/RSA.py -&gt; build/lib.linux-x86_64-2.7/Crypto/PublicKey\n    creating build/lib.linux-x86_64-2.7/Crypto/Signature\n    copying lib/Crypto/Signature/PKCS1_v1_5.py -&gt; build/lib.linux-x86_64-2.7/Crypto/Signature\n    copying lib/Crypto/Signature/__init__.py -&gt; build/lib.linux-x86_64-2.7/Crypto/Signature\n    copying lib/Crypto/Signature/PKCS1_PSS.py -&gt; build/lib.linux-x86_64-2.7/Crypto/Signature\n    running build_ext\n    running build_configure\n    warning: GMP or MPIR library not found; Not building Crypto.PublicKey._fastmath.\n    building 'Crypto.Hash._MD2' extension\n    creating build/temp.linux-x86_64-2.7\n    creating build/temp.linux-x86_64-2.7/src\n    i686-linux-gnu-gcc -pthread -fwrapv -Wall -Wstrict-prototypes -fno-strict-aliasing -Wdate-time -D_FORTIFY_SOURCE=2 -fstack-protector-strong -Wformat -Werror=format-security -fPIC -std=c99 -O3 -fomit-frame-pointer -Isrc/ -I/usr/include/python2.7 -c src/MD2.c -o build/temp.linux-x86_64-2.7/src/MD2.o\n    unable to execute 'i686-linux-gnu-gcc': No such file or directory\n    error: command 'i686-linux-gnu-gcc' failed with exit status 1\n\n    ----------------------------------------\nCommand \"/home/vkolluru/ansible/ansible1.9.4/bin/python -u -c \"import setuptools, tokenize;__file__='/tmp/pip-install-7UDSud/pycrypto/setup.py';f=getattr(tokenize, 'open', open)(__file__);code=f.read().replace('\\r\\n', '\\n');f.close();exec(compile(code, __file__, 'exec'))\" install --record /tmp/pip-record-KXvJMH/install-record.txt --single-version-externally-managed --compile --install-headers /home/vkolluru/ansible/ansible1.9.4/include/site/python2.7/pycrypto\" failed with error code 1 in /tmp/pip-install-7UDSud/pycrypto/\n</code></pre>\n\n<p>I see the gcc is avalable </p>\n\n<pre><code>(ansible1.9.4) vkolluru@vkolluru-Precision-5510:~/ansible/ansible1.9.4$ gcc -v\nUsing built-in specs.\nCOLLECT_GCC=gcc\nCOLLECT_LTO_WRAPPER=/usr/lib/gcc/x86_64-linux-gnu/5/lto-wrapper\nTarget: x86_64-linux-gnu\nConfigured with: ../src/configure -v --with-pkgversion='Ubuntu 5.4.0-6ubuntu1~16.04.9' --with-bugurl=file:///usr/share/doc/gcc-5/README.Bugs --enable-languages=c,ada,c++,java,go,d,fortran,objc,obj-c++ --prefix=/usr --program-suffix=-5 --enable-shared --enable-linker-build-id --libexecdir=/usr/lib --without-included-gettext --enable-threads=posix --libdir=/usr/lib --enable-nls --with-sysroot=/ --enable-clocale=gnu --enable-libstdcxx-debug --enable-libstdcxx-time=yes --with-default-libstdcxx-abi=new --enable-gnu-unique-object --disable-vtable-verify --enable-libmpx --enable-plugin --with-system-zlib --disable-browser-plugin --enable-java-awt=gtk --enable-gtk-cairo --with-java-home=/usr/lib/jvm/java-1.5.0-gcj-5-amd64/jre --enable-java-home --with-jvm-root-dir=/usr/lib/jvm/java-1.5.0-gcj-5-amd64 --with-jvm-jar-dir=/usr/lib/jvm-exports/java-1.5.0-gcj-5-amd64 --with-arch-directory=amd64 --with-ecj-jar=/usr/share/java/eclipse-ecj.jar --enable-objc-gc --enable-multiarch --disable-werror --with-arch-32=i686 --with-abi=m64 --with-multilib-list=m32,m64,mx32 --enable-multilib --with-tune=generic --enable-checking=release --build=x86_64-linux-gnu --host=x86_64-linux-gnu --target=x86_64-linux-gnu\nThread model: posix\ngcc version 5.4.0 20160609 (Ubuntu 5.4.0-6ubuntu1~16.04.9) \n</code></pre>\n"
        },
        {
            "tags": [
                "java",
                "wiremock"
            ],
            "owner": {
                "reputation": 1953,
                "user_id": 3143823,
                "user_type": "registered",
                "accept_rate": 98,
                "profile_image": "https://www.gravatar.com/avatar/55f5f26b7b3af445cdb1734fd1154edd?s=128&d=identicon&r=PG&f=1",
                "display_name": "tjm1706",
                "link": "https://stackoverflow.com/users/3143823/tjm1706"
            },
            "is_answered": false,
            "view_count": 12,
            "answer_count": 0,
            "score": 0,
            "last_activity_date": 1524160920,
            "creation_date": 1524072788,
            "last_edit_date": 1524160920,
            "question_id": 49905750,
            "body_markdown": "Suppose the application is dependent on a REST service on a **external server**, http://otherserver.com. For testing, I would like to simulate the external rest call (via Wiremock) within a JUnit environment. Starting a seperate server consumes time and is not easy. Working with WiremockRule looks the right direction. Creating simulation controllers is not an elegant way as Wiremock is available. \r\n\r\nE.g. get( &quot;http://otherserver.com/service3/&quot;); \r\n\r\nPS: of course I know that I can simulate a REST call via Mockito. \r\n\r\nSimulating localhost with Wiremock is easy. How can I use that code to simulate **other servers** and services? I copied parts from the popular Baeldung examples. \r\n\r\n    public class WireMockDemo {\r\n        @Rule\r\n        public WireMockRule wireMockRule = new WireMockRule();\r\n    \r\n    \r\n        @Test\r\n        public void wireMockTestJunitOtherServer() {\r\n            try {\r\n                // **this does not work...** \r\n                configureFor(&quot;otherserver.com&quot;, 8080);\r\n\r\n                stubFor(get(urlPathMatching(&quot;/service2/.*&quot;))\r\n                        .willReturn(aResponse()\r\n                                .withStatus(200)\r\n                                .withHeader(&quot;Content-Type&quot;, &quot;application/json&quot;)\r\n                                .withBody(&quot;\\&quot;testing-library\\&quot;: \\&quot;WireMock\\&quot;&quot;)));\r\n    \r\n                // Test via simple client\r\n                CloseableHttpClient httpClient = HttpClients.createDefault();\r\n                HttpGet request = new HttpGet(&quot;http://otherserver:8080/service2/test&quot;);\r\n                HttpResponse httpResponse = httpClient.execute(request);\r\n                String stringResponse = convertHttpResponseToString(httpResponse);\r\n                System.out.println( &quot;Response = &quot; + stringResponse);\r\n    \r\n                // Test via JUnit\r\n                verify(getRequestedFor(urlEqualTo(&quot;/service2/wiremock&quot;)));\r\n                assertEquals(200, httpResponse.getStatusLine().getStatusCode());\r\n                assertEquals(&quot;application/json&quot;, httpResponse.getFirstHeader(&quot;Content-Type&quot;).getValue());\r\n                assertEquals(&quot;\\&quot;testing-library\\&quot;: \\&quot;WireMock\\&quot;&quot;, stringResponse);\r\n            } catch( Exception e) {\r\n                e.printStackTrace();\r\n            }\r\n        }\r\n    \r\n        // Support methods\r\n        private String convertHttpResponseToString(HttpResponse httpResponse) throws IOException {\r\n            InputStream inputStream = httpResponse.getEntity().getContent();\r\n            return convertInputStreamToString(inputStream);\r\n        }\r\n        private String convertInputStreamToString(InputStream inputStream) {\r\n            Scanner scanner = new Scanner(inputStream, &quot;UTF-8&quot;);\r\n            String string = scanner.useDelimiter(&quot;\\\\Z&quot;).next();\r\n            scanner.close();\r\n            return string;\r\n        }\r\n    }",
            "link": "https://stackoverflow.com/questions/49905750/java-wiremock-mock-external-server-during-testing",
            "title": "Java Wiremock - mock external server during testing",
            "body": "<p>Suppose the application is dependent on a REST service on a <strong>external server</strong>, <a href=\"http://otherserver.com\" rel=\"nofollow noreferrer\">http://otherserver.com</a>. For testing, I would like to simulate the external rest call (via Wiremock) within a JUnit environment. Starting a seperate server consumes time and is not easy. Working with WiremockRule looks the right direction. Creating simulation controllers is not an elegant way as Wiremock is available. </p>\n\n<p>E.g. get( \"<a href=\"http://otherserver.com/service3/\" rel=\"nofollow noreferrer\">http://otherserver.com/service3/</a>\"); </p>\n\n<p>PS: of course I know that I can simulate a REST call via Mockito. </p>\n\n<p>Simulating localhost with Wiremock is easy. How can I use that code to simulate <strong>other servers</strong> and services? I copied parts from the popular Baeldung examples. </p>\n\n<pre><code>public class WireMockDemo {\n    @Rule\n    public WireMockRule wireMockRule = new WireMockRule();\n\n\n    @Test\n    public void wireMockTestJunitOtherServer() {\n        try {\n            // **this does not work...** \n            configureFor(\"otherserver.com\", 8080);\n\n            stubFor(get(urlPathMatching(\"/service2/.*\"))\n                    .willReturn(aResponse()\n                            .withStatus(200)\n                            .withHeader(\"Content-Type\", \"application/json\")\n                            .withBody(\"\\\"testing-library\\\": \\\"WireMock\\\"\")));\n\n            // Test via simple client\n            CloseableHttpClient httpClient = HttpClients.createDefault();\n            HttpGet request = new HttpGet(\"http://otherserver:8080/service2/test\");\n            HttpResponse httpResponse = httpClient.execute(request);\n            String stringResponse = convertHttpResponseToString(httpResponse);\n            System.out.println( \"Response = \" + stringResponse);\n\n            // Test via JUnit\n            verify(getRequestedFor(urlEqualTo(\"/service2/wiremock\")));\n            assertEquals(200, httpResponse.getStatusLine().getStatusCode());\n            assertEquals(\"application/json\", httpResponse.getFirstHeader(\"Content-Type\").getValue());\n            assertEquals(\"\\\"testing-library\\\": \\\"WireMock\\\"\", stringResponse);\n        } catch( Exception e) {\n            e.printStackTrace();\n        }\n    }\n\n    // Support methods\n    private String convertHttpResponseToString(HttpResponse httpResponse) throws IOException {\n        InputStream inputStream = httpResponse.getEntity().getContent();\n        return convertInputStreamToString(inputStream);\n    }\n    private String convertInputStreamToString(InputStream inputStream) {\n        Scanner scanner = new Scanner(inputStream, \"UTF-8\");\n        String string = scanner.useDelimiter(\"\\\\Z\").next();\n        scanner.close();\n        return string;\n    }\n}\n</code></pre>\n"
        },
        {
            "tags": [
                "r",
                "ggplot2",
                "ggforce"
            ],
            "owner": {
                "reputation": 469,
                "user_id": 3389288,
                "user_type": "registered",
                "accept_rate": 80,
                "profile_image": "https://www.gravatar.com/avatar/766cc80958e7cd7e3d2a1f4d79f34ddf?s=128&d=identicon&r=PG&f=1",
                "display_name": "user3389288",
                "link": "https://stackoverflow.com/users/3389288/user3389288"
            },
            "is_answered": false,
            "view_count": 52,
            "answer_count": 1,
            "score": 2,
            "last_activity_date": 1524160920,
            "creation_date": 1500572769,
            "last_edit_date": 1505117862,
            "question_id": 45221783,
            "body_markdown": "I would like to label points in a scatterplot, but only those within the `facet_zoom` panel. Here is an example:\r\n\r\n    library(ggplot2)\r\n    library(ggforce)\r\n    library(ggrepel)\r\n    library(magrittr)\r\n\r\n    labels &lt;- letters\r\n    example_values_x &lt;- rnorm(26)\r\n    example_values_y &lt;- rnorm(26)\r\n    \r\n    df &lt;- data.frame(labels, \r\n                     example_values_x, \r\n                     example_values_y)\r\n    df %&gt;% ggplot(aes(y = example_values_y, \r\n                      x = example_values_x)) +\r\n      geom_point() +\r\n      facet_zoom(x = example_values_x &gt; 0.5) + \r\n      geom_label_repel(data = filter(df, example_values_x &gt; 0.5), aes(label = labels))\r\n\r\nAny idea how to make it so the labels don&#39;t also appear on the non-zoomed panel?",
            "link": "https://stackoverflow.com/questions/45221783/ggforce-facet-zoom-labels-only-on-zoomed-example",
            "title": "ggforce facet_zoom - labels only on zoomed example",
            "body": "<p>I would like to label points in a scatterplot, but only those within the <code>facet_zoom</code> panel. Here is an example:</p>\n\n<pre><code>library(ggplot2)\nlibrary(ggforce)\nlibrary(ggrepel)\nlibrary(magrittr)\n\nlabels &lt;- letters\nexample_values_x &lt;- rnorm(26)\nexample_values_y &lt;- rnorm(26)\n\ndf &lt;- data.frame(labels, \n                 example_values_x, \n                 example_values_y)\ndf %&gt;% ggplot(aes(y = example_values_y, \n                  x = example_values_x)) +\n  geom_point() +\n  facet_zoom(x = example_values_x &gt; 0.5) + \n  geom_label_repel(data = filter(df, example_values_x &gt; 0.5), aes(label = labels))\n</code></pre>\n\n<p>Any idea how to make it so the labels don't also appear on the non-zoomed panel?</p>\n"
        },
        {
            "tags": [
                "scala",
                "pattern-matching",
                "akka",
                "actor"
            ],
            "owner": {
                "reputation": 119,
                "user_id": 3492180,
                "user_type": "registered",
                "accept_rate": 53,
                "profile_image": "https://i.stack.imgur.com/OQM6j.png?s=128&g=1",
                "display_name": "gyoho",
                "link": "https://stackoverflow.com/users/3492180/gyoho"
            },
            "is_answered": true,
            "view_count": 46,
            "accepted_answer_id": 49927216,
            "answer_count": 1,
            "score": 1,
            "last_activity_date": 1524160917,
            "creation_date": 1524154017,
            "last_edit_date": 1524157455,
            "question_id": 49925594,
            "body_markdown": "I have a generic actor class and I want to pattern match with the generic type in the receive method.\r\n\r\n\r\nFor example:\r\n\r\n    class Test[S] extends Actor {\r\n      override def receive: Receive = {\r\n        case _: S =&gt; println(&quot;yes&quot;)\r\n        case _ =&gt; println(&quot;no&quot;)\r\n      }\r\n    }\r\n\r\n    val ac = system.actorOf(Props(new Test[Int]))\r\n    ac ! &quot;abc&quot; // expect print &quot;no&quot; \r\n    ac ! 3     // expect print &quot;yes&quot;\r\n\r\nHowever, it seems it never goes to the second case, and always printout &quot;yes&quot;...\r\n\r\nHow can I make it print &quot;no&quot;?",
            "link": "https://stackoverflow.com/questions/49925594/akka-actor-receive-pattern-match-by-generic-type",
            "title": "Akka Actor - Receive Pattern Match by Generic Type",
            "body": "<p>I have a generic actor class and I want to pattern match with the generic type in the receive method.</p>\n\n<p>For example:</p>\n\n<pre><code>class Test[S] extends Actor {\n  override def receive: Receive = {\n    case _: S =&gt; println(\"yes\")\n    case _ =&gt; println(\"no\")\n  }\n}\n\nval ac = system.actorOf(Props(new Test[Int]))\nac ! \"abc\" // expect print \"no\" \nac ! 3     // expect print \"yes\"\n</code></pre>\n\n<p>However, it seems it never goes to the second case, and always printout \"yes\"...</p>\n\n<p>How can I make it print \"no\"?</p>\n"
        },
        {
            "tags": [
                "java",
                "macos",
                "osx-high-sierra"
            ],
            "owner": {
                "reputation": 72,
                "user_id": 4612008,
                "user_type": "registered",
                "accept_rate": 40,
                "profile_image": "https://www.gravatar.com/avatar/a1486dc7fcda63de1ca10faa13c5fd61?s=128&d=identicon&r=PG&f=1",
                "display_name": "xyin",
                "link": "https://stackoverflow.com/users/4612008/xyin"
            },
            "is_answered": false,
            "view_count": 16,
            "answer_count": 0,
            "score": 0,
            "last_activity_date": 1524160914,
            "creation_date": 1524160914,
            "question_id": 49927430,
            "body_markdown": "I was running SQL workbench on my mac, and it is complaining that it needs java 8, but instead it found java 10.0.1 on my computer. So I need to locate the java executable and find ways to downgrade the java version. However, I got totally lost when I was looking for the java version.\r\n\r\n\r\nWhen I run &#39;/usr/libexec/java_home -V&#39; from terminal, I get this:\r\n\r\n    Matching Java Virtual Machines (3):\r\n    9.0.4, x86_64:\t&quot;Java SE 9.0.4&quot;\t/Library/Java/JavaVirtualMachines/jdk-9.0.4.jdk/Contents/Home\r\n\r\nWhen I run &#39;java -version&#39;, I get below, which means that it is pointing to the java 9.0.4 listed above:\r\n\r\n    java version &quot;9.0.4&quot;\r\n    Java(TM) SE Runtime Environment (build 9.0.4+11)\r\n    Java HotSpot(TM) 64-Bit Server VM (build 9.0.4+11, mixed mode)\r\n\r\nHowever, when I check java control panel under &#39;System Preferences&#39;, it shows that my current java version is 10.0.1 under the tab &#39;General&#39;. Under tab &#39;Desktop Settings&#39;, the listed JRE path is &#39;/Library/Internet Plug-Ins/JavaAppletPlugin.plugin/Contents/Home/bin/java&#39;. So, it looks like the software (SQL workbench) is complaining about this java version. But how come it is not the java version I got from terminal (9.0.4)? Which java is actually running on my Mac in this case? If I want to change the java 10 listed under java control panel, what should I do?\r\n\r\nThanks!\r\n\r\n",
            "link": "https://stackoverflow.com/questions/49927430/directory-of-java-is-running-on-my-mac-high-seirra",
            "title": "Directory of java is running on my mac (high seirra)",
            "body": "<p>I was running SQL workbench on my mac, and it is complaining that it needs java 8, but instead it found java 10.0.1 on my computer. So I need to locate the java executable and find ways to downgrade the java version. However, I got totally lost when I was looking for the java version.</p>\n\n<p>When I run '/usr/libexec/java_home -V' from terminal, I get this:</p>\n\n<pre><code>Matching Java Virtual Machines (3):\n9.0.4, x86_64:  \"Java SE 9.0.4\" /Library/Java/JavaVirtualMachines/jdk-9.0.4.jdk/Contents/Home\n</code></pre>\n\n<p>When I run 'java -version', I get below, which means that it is pointing to the java 9.0.4 listed above:</p>\n\n<pre><code>java version \"9.0.4\"\nJava(TM) SE Runtime Environment (build 9.0.4+11)\nJava HotSpot(TM) 64-Bit Server VM (build 9.0.4+11, mixed mode)\n</code></pre>\n\n<p>However, when I check java control panel under 'System Preferences', it shows that my current java version is 10.0.1 under the tab 'General'. Under tab 'Desktop Settings', the listed JRE path is '/Library/Internet Plug-Ins/JavaAppletPlugin.plugin/Contents/Home/bin/java'. So, it looks like the software (SQL workbench) is complaining about this java version. But how come it is not the java version I got from terminal (9.0.4)? Which java is actually running on my Mac in this case? If I want to change the java 10 listed under java control panel, what should I do?</p>\n\n<p>Thanks!</p>\n"
        },
        {
            "tags": [
                "php",
                "html",
                "gravity-forms-plugin"
            ],
            "owner": {
                "reputation": 1,
                "user_id": 8232549,
                "user_type": "registered",
                "profile_image": "https://www.gravatar.com/avatar/12277bfb8615c21ad9675e90f8ea8042?s=128&d=identicon&r=PG&f=1",
                "display_name": "Bee",
                "link": "https://stackoverflow.com/users/8232549/bee"
            },
            "is_answered": false,
            "view_count": 10,
            "answer_count": 0,
            "score": 0,
            "last_activity_date": 1524160910,
            "creation_date": 1524078525,
            "last_edit_date": 1524160910,
            "question_id": 49907301,
            "body_markdown": "How do I generate an html file (with specific styling) from a Gravity Form submission using PHP? Right now, I&#39;m using Gravity Form with Gravity PDF to generate PDFs, but I also need these pdfs to be generated as html files. I was told that I could use a gf hook called gform_notification. Here is what I have so far:\r\n\r\n    add_filter( &#39;gform_notification_30&#39;, &#39;add_attachment_html&#39;, 10, 3 ); //target form id 2, change to your form id\r\n    function write_html($filename, $entry){\r\n\t$filename = fopen( &#39;file_&#39;.&#39;rand(0, 999999)&#39;.&#39;.html&#39;, &quot;w&quot;);\r\n\t$text = $entry;\r\n\t$path = &#39;/public_html/wp-content/uploads/HTML/&#39;;\r\n\tfwrite($path.$filename, $text);\r\n\tfclose($filename);\t}\r\n\r\n    function add_attachment_html( $notification, $form, $entry ) {\r\n    //There is no concept of user notifications anymore, so we will need to target notifications based on other criteria,\r\n    //such as name or subject\r\n    if( $notification[&#39;name&#39;] == &#39;HTML&#39; ) {\r\n        //get upload root for WordPress\r\n        $upload = wp_upload_dir();\r\n        $upload_path = $upload[&#39;basedir&#39;];\r\n \r\n        //add file, use full path , example -- $attachment = &quot;C:\\\\xampp\\\\htdocs\\\\wpdev\\\\wp-content\\\\uploads\\\\test.txt&quot;\r\n        $attachment = $upload_path . $filename;\r\n \r\n        GFCommon::log_debug( __METHOD__ . &#39;(): file to be attached: &#39; . $attachment );\r\n \r\n        if ( file_exists( $attachment ) ) {\r\n            $notification[&#39;attachments&#39;]   = rgar( $notification, &#39;attachments&#39;, array() );\r\n            $notification[&#39;attachments&#39;][] = $attachment;\r\n            GFCommon::log_debug( __METHOD__ . &#39;(): file added to attachments list: &#39; . print_r( $notification[&#39;attachments&#39;], 1 ) );\r\n        } else {\r\n            GFCommon::log_debug( __METHOD__ . &#39;(): not attaching; file does not exist.&#39; );\r\n        }\r\n    }\r\n    //return altered notification object\r\n    return $notification;\r\n    }\r\n\r\nI&#39;m brand new to coding so please bear with me. My biggest issue is generating the new HTML file. I think I can figure out how to attach it to the notification email (function add_attachment_html) once I get that part done.",
            "link": "https://stackoverflow.com/questions/49907301/generate-html-file-from-gravity-form-submission",
            "title": "Generate HTML file from Gravity Form Submission",
            "body": "<p>How do I generate an html file (with specific styling) from a Gravity Form submission using PHP? Right now, I'm using Gravity Form with Gravity PDF to generate PDFs, but I also need these pdfs to be generated as html files. I was told that I could use a gf hook called gform_notification. Here is what I have so far:</p>\n\n<pre><code>add_filter( 'gform_notification_30', 'add_attachment_html', 10, 3 ); //target form id 2, change to your form id\nfunction write_html($filename, $entry){\n$filename = fopen( 'file_'.'rand(0, 999999)'.'.html', \"w\");\n$text = $entry;\n$path = '/public_html/wp-content/uploads/HTML/';\nfwrite($path.$filename, $text);\nfclose($filename);  }\n\nfunction add_attachment_html( $notification, $form, $entry ) {\n//There is no concept of user notifications anymore, so we will need to target notifications based on other criteria,\n//such as name or subject\nif( $notification['name'] == 'HTML' ) {\n    //get upload root for WordPress\n    $upload = wp_upload_dir();\n    $upload_path = $upload['basedir'];\n\n    //add file, use full path , example -- $attachment = \"C:\\\\xampp\\\\htdocs\\\\wpdev\\\\wp-content\\\\uploads\\\\test.txt\"\n    $attachment = $upload_path . $filename;\n\n    GFCommon::log_debug( __METHOD__ . '(): file to be attached: ' . $attachment );\n\n    if ( file_exists( $attachment ) ) {\n        $notification['attachments']   = rgar( $notification, 'attachments', array() );\n        $notification['attachments'][] = $attachment;\n        GFCommon::log_debug( __METHOD__ . '(): file added to attachments list: ' . print_r( $notification['attachments'], 1 ) );\n    } else {\n        GFCommon::log_debug( __METHOD__ . '(): not attaching; file does not exist.' );\n    }\n}\n//return altered notification object\nreturn $notification;\n}\n</code></pre>\n\n<p>I'm brand new to coding so please bear with me. My biggest issue is generating the new HTML file. I think I can figure out how to attach it to the notification email (function add_attachment_html) once I get that part done.</p>\n"
        },
        {
            "tags": [
                "mysql",
                "sql",
                "database"
            ],
            "owner": {
                "reputation": 1,
                "user_id": 4097750,
                "user_type": "registered",
                "profile_image": "https://i.stack.imgur.com/Vwxse.png?s=128&g=1",
                "display_name": "Solution Providers - eSolPro",
                "link": "https://stackoverflow.com/users/4097750/solution-providers-esolpro"
            },
            "is_answered": false,
            "view_count": 53,
            "closed_date": 1524168107,
            "answer_count": 0,
            "score": -2,
            "last_activity_date": 1524160909,
            "creation_date": 1412147248,
            "last_edit_date": 1524160909,
            "question_id": 26135875,
            "body_markdown": "\r\nWhen I try to query  `select * from myprice` table  in mysql it gives following error\r\n\r\n \r\n\r\n&gt;    #1064 - You have an error in your SQL syntax; check the manual that corresponds to your MySQL server version for the right syntax to use near &#39;UPDATE`95` SETproduct_price=product_pricex1,05 LIMIT 0, 25&#39; at line 1\r\n\r\nWhen I rename this table to myprice1 or any other name it works fine but when I rename it back to myprice table  it show same error and in query window  it adds  `UPDATE`95` SETproduct_price=product_pri...` in where class automatically. \r\n\r\nSo confused what happend and from where its getting this  line added  when try to run simple query for myprice table\r\n\r\nYour quick and elaborated answer to resolve it will be highly appreciated.\r\n",
            "link": "https://stackoverflow.com/questions/26135875/mysql-database-error-on-one-table",
            "closed_reason": "off-topic",
            "title": "MySql database error on one table",
            "body": "<p>When I try to query  <code>select * from myprice</code> table  in mysql it gives following error</p>\n\n<blockquote>\n  <p>#1064 - You have an error in your SQL syntax; check the manual that corresponds to your MySQL server version for the right syntax to use near 'UPDATE<code>95</code> SETproduct_price=product_pricex1,05 LIMIT 0, 25' at line 1</p>\n</blockquote>\n\n<p>When I rename this table to myprice1 or any other name it works fine but when I rename it back to myprice table  it show same error and in query window  it adds  <code>UPDATE</code>95<code>SETproduct_price=product_pri...</code> in where class automatically. </p>\n\n<p>So confused what happend and from where its getting this  line added  when try to run simple query for myprice table</p>\n\n<p>Your quick and elaborated answer to resolve it will be highly appreciated.</p>\n"
        },
        {
            "tags": [
                "python",
                "linux",
                "windows",
                "unix",
                "jython"
            ],
            "owner": {
                "reputation": 1,
                "user_id": 9670648,
                "user_type": "registered",
                "profile_image": "https://lh3.googleusercontent.com/-XdUIqdMkCWA/AAAAAAAAAAI/AAAAAAAAAAA/4252rscbv5M/photo.jpg?sz=128",
                "display_name": "raman9840",
                "link": "https://stackoverflow.com/users/9670648/raman9840"
            },
            "is_answered": false,
            "view_count": 23,
            "answer_count": 2,
            "score": -1,
            "last_activity_date": 1524160906,
            "creation_date": 1524151712,
            "last_edit_date": 1524160906,
            "question_id": 49924853,
            "body_markdown": "I want to transfer a file from windows env to linux env. \r\nam using hyperion fdmee(windows env) which as scripting language of jython from this windows env where i have to create a batch script to transfer the file to linux env.\r\n",
            "link": "https://stackoverflow.com/questions/49924853/files-transfer-using-cmd-from-windows-to-linux-server",
            "title": "Files transfer using cmd from windows to linux server",
            "body": "<p>I want to transfer a file from windows env to linux env. \nam using hyperion fdmee(windows env) which as scripting language of jython from this windows env where i have to create a batch script to transfer the file to linux env.</p>\n"
        },
        {
            "tags": [
                "video",
                "camera",
                "processing"
            ],
            "owner": {
                "reputation": 1,
                "user_id": 8962794,
                "user_type": "registered",
                "profile_image": "https://www.gravatar.com/avatar/31f60d9bf5004a8e6032ff0fc1e93295?s=128&d=identicon&r=PG&f=1",
                "display_name": "Maxi",
                "link": "https://stackoverflow.com/users/8962794/maxi"
            },
            "is_answered": false,
            "view_count": 9,
            "answer_count": 0,
            "score": 0,
            "last_activity_date": 1524160900,
            "creation_date": 1524160900,
            "question_id": 49927429,
            "body_markdown": "I want the Video of my Cam into Processing Sketch.\r\n\r\nI have an Surface Book 2 with 2 Cams one at the front(Display) and another one at the back.\r\n\r\nI tried to use the guide from the website with the code:\r\n\r\n\t\r\n    import processing.video.*;\r\n    Capture cam;\r\n    void setup() {\r\n      size(640, 480);\r\n      String[] cameras = Capture.list();\r\n      if (cameras.length == 0) {\r\n        println(&quot;There are no cameras available for capture.&quot;);\r\n        exit();\r\n      } else {\r\n        println(&quot;Available cameras:&quot;);\r\n        for (int i = 0; i &lt; cameras.length; i++) {\r\n          println(cameras[i]);\r\n        }\r\n        // The camera can be initialized directly using an \r\n        // element from the array returned by list():\r\n        cam = new Capture(this, cameras[0]);\r\n        cam.start();     \r\n      }      \r\n    }\r\n\r\n    void draw() {\r\n      if (cam.available() == true) {\r\n        cam.read();\r\n      }\r\n      image(cam, 0, 0);\r\n      // The following does the same, and is faster when just drawing the image\r\n      // without any additional resizing, transformations, or tint.\r\n      //set(0, 0, cam);\r\n    }\r\n\r\nBut then I only get some weird frames with a green tint on it. And when I connect another Cam via USB its working just fine, after I looked into Capture.list() and edited the Number to the according Source (USB Camera). \r\n\r\nIf I do the same with the other listings, I&#39;m getting always the same Problem. \r\nWhat I found out was that on the backside cam the Light goes on. \r\n\r\nMaybe someone knows how to solve my Problem with those 2 Cams and then using only the front one.\r\n\r\nThanks for helping me out :D",
            "link": "https://stackoverflow.com/questions/49927429/how-to-get-the-video-from-my-inbuilt-caminside-mulit-cam-in-my-surface-book",
            "title": "How to get the video from my inbuilt cam(inside)? (Mulit-cam in my Surface Book 2)",
            "body": "<p>I want the Video of my Cam into Processing Sketch.</p>\n\n<p>I have an Surface Book 2 with 2 Cams one at the front(Display) and another one at the back.</p>\n\n<p>I tried to use the guide from the website with the code:</p>\n\n<pre><code>import processing.video.*;\nCapture cam;\nvoid setup() {\n  size(640, 480);\n  String[] cameras = Capture.list();\n  if (cameras.length == 0) {\n    println(\"There are no cameras available for capture.\");\n    exit();\n  } else {\n    println(\"Available cameras:\");\n    for (int i = 0; i &lt; cameras.length; i++) {\n      println(cameras[i]);\n    }\n    // The camera can be initialized directly using an \n    // element from the array returned by list():\n    cam = new Capture(this, cameras[0]);\n    cam.start();     \n  }      \n}\n\nvoid draw() {\n  if (cam.available() == true) {\n    cam.read();\n  }\n  image(cam, 0, 0);\n  // The following does the same, and is faster when just drawing the image\n  // without any additional resizing, transformations, or tint.\n  //set(0, 0, cam);\n}\n</code></pre>\n\n<p>But then I only get some weird frames with a green tint on it. And when I connect another Cam via USB its working just fine, after I looked into Capture.list() and edited the Number to the according Source (USB Camera). </p>\n\n<p>If I do the same with the other listings, I'm getting always the same Problem. \nWhat I found out was that on the backside cam the Light goes on. </p>\n\n<p>Maybe someone knows how to solve my Problem with those 2 Cams and then using only the front one.</p>\n\n<p>Thanks for helping me out :D</p>\n"
        },
        {
            "tags": [
                "javascript",
                "jquery"
            ],
            "owner": {
                "user_type": "does_not_exist",
                "display_name": "user213154"
            },
            "is_answered": true,
            "view_count": 41513,
            "accepted_answer_id": 2649352,
            "answer_count": 3,
            "score": 70,
            "last_activity_date": 1524160898,
            "creation_date": 1271369422,
            "question_id": 2649346,
            "body_markdown": "Say I do \r\n\r\n    var s = $(&#39;#something&#39;);\r\n\r\nand next I want to test if jQuery found #something, i.e. I want to test if `s` is empty.\r\n\r\nI could use my trusty `isempty()` on it:\r\n\r\n    function isempty(o) {\r\n        for ( var i in o )\r\n            return false;\r\n        return true;\r\n    }\r\n\r\nOr since jQuery objects are arrays, I suppose I could test `s.length`.\r\n\r\nBut neither seem quite in the idiom of jQuery, not very jQueryesque. What do you suggest?",
            "link": "https://stackoverflow.com/questions/2649346/test-for-empty-jquery-selection-result",
            "title": "Test for empty jQuery selection result",
            "body": "<p>Say I do </p>\n\n<pre><code>var s = $('#something');\n</code></pre>\n\n<p>and next I want to test if jQuery found #something, i.e. I want to test if <code>s</code> is empty.</p>\n\n<p>I could use my trusty <code>isempty()</code> on it:</p>\n\n<pre><code>function isempty(o) {\n    for ( var i in o )\n        return false;\n    return true;\n}\n</code></pre>\n\n<p>Or since jQuery objects are arrays, I suppose I could test <code>s.length</code>.</p>\n\n<p>But neither seem quite in the idiom of jQuery, not very jQueryesque. What do you suggest?</p>\n"
        },
        {
            "tags": [
                "python",
                "sql",
                "abstract-syntax-tree",
                "static-analysis",
                "sqr"
            ],
            "owner": {
                "reputation": 11,
                "user_id": 4945745,
                "user_type": "registered",
                "profile_image": "https://www.gravatar.com/avatar/aff884cdb1b58c1a8a97ccce8b0db2e1?s=128&d=identicon&r=PG&f=1",
                "display_name": "Asix3",
                "link": "https://stackoverflow.com/users/4945745/asix3"
            },
            "is_answered": false,
            "view_count": 16,
            "answer_count": 0,
            "score": 0,
            "last_activity_date": 1524160891,
            "creation_date": 1524160891,
            "question_id": 49927426,
            "body_markdown": "I have hundreds of SQRs I need to look at and pull together all of the tables and fields they interact with. The current approach is to manually look at each program individually and generate a running list tables and fields -- I&#39;m hoping to avoid this mind-numbing task.\r\n\r\nI&#39;m thinking I could extend an SQL parser (such as [this one in python][1]) to parse SQRs -- possibly only minimally since SQR uses SQL statements to interact with databases.\r\n\r\nWhat is needed, at minimum, to accomplish this task? I think I will need to build an abstract syntax tree, then traverse the tree to pull out tables, values, and type of interaction (insert, select, where, etc.).\r\n\r\nAre there any other python packages I can use for this task?\r\n\r\nPerhaps I&#39;m overthinking this and there&#39;s a simpler solution. Any guidance is appreciated!\r\n\r\n\r\n  [1]: https://github.com/andialbrecht/sqlparse",
            "link": "https://stackoverflow.com/questions/49927426/sql-sqr-static-analysis-w-python",
            "title": "SQL/SQR Static Analysis w/ Python",
            "body": "<p>I have hundreds of SQRs I need to look at and pull together all of the tables and fields they interact with. The current approach is to manually look at each program individually and generate a running list tables and fields -- I'm hoping to avoid this mind-numbing task.</p>\n\n<p>I'm thinking I could extend an SQL parser (such as <a href=\"https://github.com/andialbrecht/sqlparse\" rel=\"nofollow noreferrer\">this one in python</a>) to parse SQRs -- possibly only minimally since SQR uses SQL statements to interact with databases.</p>\n\n<p>What is needed, at minimum, to accomplish this task? I think I will need to build an abstract syntax tree, then traverse the tree to pull out tables, values, and type of interaction (insert, select, where, etc.).</p>\n\n<p>Are there any other python packages I can use for this task?</p>\n\n<p>Perhaps I'm overthinking this and there's a simpler solution. Any guidance is appreciated!</p>\n"
        },
        {
            "tags": [
                "ios",
                "swift",
                "cgaffinetransform"
            ],
            "owner": {
                "reputation": 4316,
                "user_id": 1316462,
                "user_type": "registered",
                "profile_image": "https://www.gravatar.com/avatar/2de3149d5f602449f41083ca17a5ceab?s=128&d=identicon&r=PG&f=1",
                "display_name": "xhamr",
                "link": "https://stackoverflow.com/users/1316462/xhamr"
            },
            "is_answered": false,
            "view_count": 36,
            "answer_count": 3,
            "score": -1,
            "last_activity_date": 1524160888,
            "creation_date": 1524091030,
            "last_edit_date": 1524156264,
            "question_id": 49910034,
            "body_markdown": "I know that whenever we want to apply a series of transform at once to a point, we have to specify the sequence in the opposite direction to what we want to perceive. If I want to translate(**T**) and then rotate(**R**) a point **x** we  need to end with a concatenation matrix **RT**, then every point is transformed as **(RT)x**.\r\n\r\n[Apple Transform][1] documentation shows that CGAffineTransform work as a transpose version of the above expression. i.e instead of transform a points as **Ax** for **A** being any transform matrix they do it as **xB** for **B** being the transpose of **A**.\r\n\r\nAlso [CGAffineTransform.concatenating(T2)][1] documentation state that it stack transforms to the right, ending in an transform matrix of the form as **T1 * T2**.\r\n\r\nNow what are my concerns? If want a series of transformation that `translate`(**T**) and then `rotate`(**R**), I can call `T.concatenating(R)` which result in a transform **TR**, then the points are transformed as **xTR**, it seem that the order must be respected, but actually I&#39;m getting the wrong result(*at least that&#39;s what i think*), I expect the image A but getting B, \r\n\r\n[![enter image description here][2]][2]\r\n\r\nIt seem that they are transforming points as **TRx**, but this contradict the documentation and also not match the result when you apply the transform **TR** to a point as [CGPoint.applying(TR)][3] which also is consistent with the order **xTR**.\r\n\r\nwhy&#39;s that? there&#39;s something that I&#39;m missing about how transforms works in iOS?\r\n\r\n\r\n  [1]: https://developer.apple.com/library/content/documentation/GraphicsImaging/Conceptual/drawingwithquartz2d/dq_affine/dq_affine.html\r\n  [2]: https://i.stack.imgur.com/DnE2L.png\r\n  [3]:\r\nhttps://developer.apple.com/documentation/coregraphics/cgpoint/1454251-applying",
            "link": "https://stackoverflow.com/questions/49910034/cgaffinetransform-concatenation-appropriate-order-of-transformations",
            "title": "CGAffineTransform concatenation: appropriate order of transformations",
            "body": "<p>I know that whenever we want to apply a series of transform at once to a point, we have to specify the sequence in the opposite direction to what we want to perceive. If I want to translate(<strong>T</strong>) and then rotate(<strong>R</strong>) a point <strong>x</strong> we  need to end with a concatenation matrix <strong>RT</strong>, then every point is transformed as <strong>(RT)x</strong>.</p>\n\n<p><a href=\"https://developer.apple.com/library/content/documentation/GraphicsImaging/Conceptual/drawingwithquartz2d/dq_affine/dq_affine.html\" rel=\"nofollow noreferrer\">Apple Transform</a> documentation shows that CGAffineTransform work as a transpose version of the above expression. i.e instead of transform a points as <strong>Ax</strong> for <strong>A</strong> being any transform matrix they do it as <strong>xB</strong> for <strong>B</strong> being the transpose of <strong>A</strong>.</p>\n\n<p>Also <a href=\"https://developer.apple.com/library/content/documentation/GraphicsImaging/Conceptual/drawingwithquartz2d/dq_affine/dq_affine.html\" rel=\"nofollow noreferrer\">CGAffineTransform.concatenating(T2)</a> documentation state that it stack transforms to the right, ending in an transform matrix of the form as <strong>T1 * T2</strong>.</p>\n\n<p>Now what are my concerns? If want a series of transformation that <code>translate</code>(<strong>T</strong>) and then <code>rotate</code>(<strong>R</strong>), I can call <code>T.concatenating(R)</code> which result in a transform <strong>TR</strong>, then the points are transformed as <strong>xTR</strong>, it seem that the order must be respected, but actually I'm getting the wrong result(<em>at least that's what i think</em>), I expect the image A but getting B, </p>\n\n<p><a href=\"https://i.stack.imgur.com/DnE2L.png\" rel=\"nofollow noreferrer\"><img src=\"https://i.stack.imgur.com/DnE2L.png\" alt=\"enter image description here\"></a></p>\n\n<p>It seem that they are transforming points as <strong>TRx</strong>, but this contradict the documentation and also not match the result when you apply the transform <strong>TR</strong> to a point as <a href=\"https://developer.apple.com/documentation/coregraphics/cgpoint/1454251-applying\" rel=\"nofollow noreferrer\">CGPoint.applying(TR)</a> which also is consistent with the order <strong>xTR</strong>.</p>\n\n<p>why's that? there's something that I'm missing about how transforms works in iOS?</p>\n"
        },
        {
            "tags": [
                "android",
                "icons",
                "mipmaps"
            ],
            "owner": {
                "reputation": 97,
                "user_id": 1218163,
                "user_type": "registered",
                "accept_rate": 27,
                "profile_image": "https://www.gravatar.com/avatar/e940351b4881ded7c414463a0ff53a72?s=128&d=identicon&r=PG",
                "display_name": "PhilipS",
                "link": "https://stackoverflow.com/users/1218163/philips"
            },
            "is_answered": false,
            "view_count": 28,
            "answer_count": 0,
            "score": 0,
            "last_activity_date": 1524160887,
            "creation_date": 1524143908,
            "last_edit_date": 1524160887,
            "question_id": 49922151,
            "body_markdown": "The launch icons are not showing on either the emulator or a device when I run the App. There is a similar questions but the answer provided does not resolve this for me so I think it warrants posing the question again.\r\n\r\nI have added the required tags in the manifest file. The ic_launcher clipart icons were generated using the Configure Image Asset facility with the default name of ic_launcher and they are there in the mipmaps folder under the headings:\r\n\r\n     ic_launcher(6)\r\n     ic_launcher_foreground(5)\r\n     ic_launcher_round(6)\r\n\r\nThe Manifest file is as follows:\r\n\r\n\r\n\r\n     &lt;?xml version=&quot;1.0&quot; encoding=&quot;utf-8&quot;?&gt;\r\n     &lt;manifest xmlns:android=&quot;http://schemas.android.com/apk/res/android&quot;\r\n    package=&quot;com.xxxxxxxxxxxxxxxxxxxxxxxx&quot;&gt;\r\n\r\n    &lt;uses-permission android:name=&quot;android.permission.INTERNET&quot; /&gt;\r\n    &lt;uses-permission android:name=&quot;android.permission.READ_EXTERNAL_STORAGE&quot; /&gt;\r\n    &lt;uses-permission android:name=&quot;android.permission.ACCESS_COARSE_LOCATION&quot; /&gt;\r\n    &lt;uses-permission android:name=&quot;android.permission.ACCESS_FINE_LOCATION&quot; /&gt;\r\n    &lt;uses-permission android:name=&quot;android.permission.ACCESS_NETWORK_STATE&quot; /&gt;\r\n\r\n    &lt;uses-feature\r\n        android:glEsVersion=&quot;0x00020000&quot;\r\n        android:required=&quot;true&quot; /&gt;\r\n\r\n    &lt;application\r\n        android:icon=&quot;@mipmap/ic_launcher&quot;\r\n        android:label=&quot;@string/app_name&quot;\r\n        android:supportsRtl=&quot;true&quot;\r\n        android:theme=&quot;@style/AppTheme&quot;\r\n        android:fullBackupContent=&quot;@xml/backup_descriptor&quot;&gt;\r\n        &lt;activity\r\n            android:name=&quot;.HomeActivity&quot;\r\n            android:label=&quot;@string/app_name&quot;\r\n            android:exported=&quot;true&quot;&gt;\r\n            &lt;intent-filter&gt;\r\n                &lt;action android:name=&quot;android.intent.action.MAIN&quot; /&gt;\r\n                &lt;category android:name=&quot;android.intent.category.LAUNCHER&quot; /&gt;\r\n\r\n                &lt;!-- Accepts URIs that begin with &quot;http://www.example.com/gizmos --&gt;\r\n                &lt;data android:scheme=&quot;http&quot;\r\n                    android:host=&quot;https://wwww.xxxxxxxxxxxxxx.com&quot;\r\n                    android:pathPrefix=&quot;/kalkan&quot;/&gt;\r\n                &lt;!-- note that the leading &quot;/&quot; is required for pathPrefix--&gt;\r\n                &lt;!-- Accepts URIs that begin with &quot;example://gizmos --&gt;\r\n                &lt;data android:scheme=&quot;rental&quot;\r\n                    android:host=&quot;kalkan&quot; /&gt;\r\n            &lt;/intent-filter&gt;\r\n        &lt;/activity&gt;\r\n\r\n        &lt;activity\r\n            android:name=&quot;.DetailActivity&quot; /&gt;\r\n        &lt;activity android:name=&quot;.MapsActivity&quot;/&gt;\r\n        &lt;activity android:name=&quot;.ListActivity&quot;/&gt;\r\n        &lt;activity android:name=&quot;.AboutKalkanActivity&quot; /&gt;\r\n        &lt;activity android:name=&quot;.WebActivity&quot; /&gt;\r\n        &lt;activity android:name=&quot;.OwnerImageUploadActivity&quot; /&gt;\r\n        &lt;activity android:name=&quot;.OwnerInputDataActivity&quot; /&gt;\r\n        &lt;activity android:name=&quot;.OwnerLoginActivity&quot; /&gt;\r\n        &lt;activity android:name=&quot;.OwnerMainActivity&quot; /&gt;\r\n        &lt;activity android:name=&quot;.OwnerMapActivity&quot; /&gt;\r\n        &lt;activity android:name=&quot;.OwnerResetPasswordActivity&quot; /&gt;\r\n        &lt;activity android:name=&quot;.OwnerSignupActivity&quot; /&gt;\r\n\r\n        &lt;meta-data\r\n            android:name=&quot;com.google.android.gms.version&quot;\r\n            android:value=&quot;@integer/google_play_services_version&quot; /&gt;\r\n        &lt;meta-data\r\n            android:name=&quot;com.google.android.geo.API_KEY&quot;\r\n            android:value=&quot;xxxxxxxxxxxxxxxxxxxxxxxxxxx&quot; /&gt;\r\n\r\n    &lt;/application&gt;\r\n&lt;/manifest&gt;\r\n",
            "link": "https://stackoverflow.com/questions/49922151/launch-icons-not-displaying-in-emulator-or-on-a-device",
            "title": "launch icons not displaying in emulator or on a device",
            "body": "<p>The launch icons are not showing on either the emulator or a device when I run the App. There is a similar questions but the answer provided does not resolve this for me so I think it warrants posing the question again.</p>\n\n<p>I have added the required tags in the manifest file. The ic_launcher clipart icons were generated using the Configure Image Asset facility with the default name of ic_launcher and they are there in the mipmaps folder under the headings:</p>\n\n<pre><code> ic_launcher(6)\n ic_launcher_foreground(5)\n ic_launcher_round(6)\n</code></pre>\n\n<p>The Manifest file is as follows:</p>\n\n<pre><code> &lt;?xml version=\"1.0\" encoding=\"utf-8\"?&gt;\n &lt;manifest xmlns:android=\"http://schemas.android.com/apk/res/android\"\npackage=\"com.xxxxxxxxxxxxxxxxxxxxxxxx\"&gt;\n\n&lt;uses-permission android:name=\"android.permission.INTERNET\" /&gt;\n&lt;uses-permission android:name=\"android.permission.READ_EXTERNAL_STORAGE\" /&gt;\n&lt;uses-permission android:name=\"android.permission.ACCESS_COARSE_LOCATION\" /&gt;\n&lt;uses-permission android:name=\"android.permission.ACCESS_FINE_LOCATION\" /&gt;\n&lt;uses-permission android:name=\"android.permission.ACCESS_NETWORK_STATE\" /&gt;\n\n&lt;uses-feature\n    android:glEsVersion=\"0x00020000\"\n    android:required=\"true\" /&gt;\n\n&lt;application\n    android:icon=\"@mipmap/ic_launcher\"\n    android:label=\"@string/app_name\"\n    android:supportsRtl=\"true\"\n    android:theme=\"@style/AppTheme\"\n    android:fullBackupContent=\"@xml/backup_descriptor\"&gt;\n    &lt;activity\n        android:name=\".HomeActivity\"\n        android:label=\"@string/app_name\"\n        android:exported=\"true\"&gt;\n        &lt;intent-filter&gt;\n            &lt;action android:name=\"android.intent.action.MAIN\" /&gt;\n            &lt;category android:name=\"android.intent.category.LAUNCHER\" /&gt;\n\n            &lt;!-- Accepts URIs that begin with \"http://www.example.com/gizmos --&gt;\n            &lt;data android:scheme=\"http\"\n                android:host=\"https://wwww.xxxxxxxxxxxxxx.com\"\n                android:pathPrefix=\"/kalkan\"/&gt;\n            &lt;!-- note that the leading \"/\" is required for pathPrefix--&gt;\n            &lt;!-- Accepts URIs that begin with \"example://gizmos --&gt;\n            &lt;data android:scheme=\"rental\"\n                android:host=\"kalkan\" /&gt;\n        &lt;/intent-filter&gt;\n    &lt;/activity&gt;\n\n    &lt;activity\n        android:name=\".DetailActivity\" /&gt;\n    &lt;activity android:name=\".MapsActivity\"/&gt;\n    &lt;activity android:name=\".ListActivity\"/&gt;\n    &lt;activity android:name=\".AboutKalkanActivity\" /&gt;\n    &lt;activity android:name=\".WebActivity\" /&gt;\n    &lt;activity android:name=\".OwnerImageUploadActivity\" /&gt;\n    &lt;activity android:name=\".OwnerInputDataActivity\" /&gt;\n    &lt;activity android:name=\".OwnerLoginActivity\" /&gt;\n    &lt;activity android:name=\".OwnerMainActivity\" /&gt;\n    &lt;activity android:name=\".OwnerMapActivity\" /&gt;\n    &lt;activity android:name=\".OwnerResetPasswordActivity\" /&gt;\n    &lt;activity android:name=\".OwnerSignupActivity\" /&gt;\n\n    &lt;meta-data\n        android:name=\"com.google.android.gms.version\"\n        android:value=\"@integer/google_play_services_version\" /&gt;\n    &lt;meta-data\n        android:name=\"com.google.android.geo.API_KEY\"\n        android:value=\"xxxxxxxxxxxxxxxxxxxxxxxxxxx\" /&gt;\n\n&lt;/application&gt;\n</code></pre>\n\n<p></p>\n"
        },
        {
            "tags": [
                "json",
                "swift",
                "object"
            ],
            "owner": {
                "reputation": 1,
                "user_id": 9598541,
                "user_type": "registered",
                "profile_image": "https://www.gravatar.com/avatar/8352e278138874e9c5199fcfda674cca?s=128&d=identicon&r=PG&f=1",
                "display_name": "Brian Rem",
                "link": "https://stackoverflow.com/users/9598541/brian-rem"
            },
            "is_answered": false,
            "view_count": 10,
            "answer_count": 0,
            "score": 0,
            "last_activity_date": 1524160877,
            "creation_date": 1524160877,
            "question_id": 49927423,
            "body_markdown": "I am unable to save changed data in my app. This app currently uses a JSON file, which is loaded into the document directory, and the key/value pairs load (parse) into a XIB tablecell successfully. Within the XIB I have a slider which changes the value. This all works. The problem is I cannot save the slidder changes to the value back to the existing JSON file. The code starting with the //Store new value is not working. Any help would be appreciated. Here is a piece of the JSON file called financetoday.json.( var incomedata = [Income] () )\r\n\r\n     &quot;incomedata&quot;:\r\n        [\r\n         {&quot;key&quot;: &quot;Your Income&quot;,\r\n         &quot;value&quot;: &quot;10000&quot;},\r\n         {&quot;key&quot;:&quot;Spouse Income&quot;,\r\n         &quot;value&quot;: &quot;0&quot;},\r\n         {&quot;key&quot;: &quot;Use money from Savings/Stocks&quot;,\r\n         &quot;value&quot;: &quot;0&quot;},\r\n         {&quot;key&quot;:&quot;Use money from Your 401K&quot;,\r\n         &quot;value&quot;: &quot;0&quot;},\r\n         {&quot;key&quot;: &quot;Use money from Spouse 401K&quot;,\r\n         &quot;value&quot;: &quot;0&quot;},\r\n         {&quot;key&quot;: &quot;Your 401K Income&quot;,\r\n         &quot;value&quot;: &quot;0&quot;},\r\n         {&quot;key&quot;: &quot;Spouse 401K Income&quot;,\r\n         &quot;value&quot;: &quot;0&quot;},\r\n         {&quot;key&quot;:&quot;Your Social Security Income&quot;,\r\n         &quot;value&quot;: &quot;0&quot;},\r\n         {&quot;key&quot;:&quot;Spouse Social Security Income&quot;,\r\n         &quot;value&quot;: &quot;0&quot;}],\r\n\r\nHere is the swift file which inherits UITableViewCell\r\n\r\n    import UIKit\r\n\r\n    class IncomeView: UITableViewCell {\r\n   \r\n    @IBOutlet weak var titleLabel: UILabel!\r\n    @IBOutlet weak var valueLabel: UILabel!\r\n    @IBOutlet weak var IncomeSlider: UISlider!\r\n    \r\n    var item: Income?  {\r\n        didSet {\r\n            titleLabel?.text = item?.key\r\n            let itemValueInt = Int((item?.value)!)\r\n            let itemValueFloat = Float(itemValueInt!)\r\n            IncomeSlider.setValue(itemValueFloat, animated: true)\r\n            let currencyFormatter = NumberFormatter()\r\n            currencyFormatter.usesGroupingSeparator = true\r\n            currencyFormatter.maximumFractionDigits = 0\r\n            currencyFormatter.numberStyle = .currencyAccounting\r\n            currencyFormatter.locale = Locale.current\r\n            let b = Int(IncomeSlider.value)\r\n            let priceString = currencyFormatter.string(for: b)\r\n            valueLabel.text = priceString\r\n        }\r\n    }\r\n    static var nib:UINib {\r\n        return UINib(nibName: identifier, bundle: nil)\r\n    }\r\n   \r\n    @IBAction func incomeSliderChange(_ sender: UISlider) {\r\n        self.IncomeSlider.setValue((round(sender.value / 1000) * 1000), animated: false)\r\n        let currencyFormatter = NumberFormatter()\r\n        currencyFormatter.usesGroupingSeparator = true\r\n        currencyFormatter.maximumFractionDigits = 0\r\n        currencyFormatter.numberStyle = .currencyAccounting\r\n        currencyFormatter.locale = Locale.current\r\n        let b = Int(sender.value)\r\n        let priceString = currencyFormatter.string(for: b)\r\n        valueLabel.text = priceString\r\n    //      Store new value\r\n        let currentKey = item?.key\r\n        let newValue = [&quot;incomedata&quot;: [&quot;key&quot;: currentKey,&quot;value&quot;: priceString]]\r\n        let fileManager = FileManager.default\r\n        let documentsUrl = fileManager.urls(for: .documentDirectory,\r\n                                            in: .userDomainMask)\r\n        guard documentsUrl.count != 0 else {\r\n            return // Could not find documents URL\r\n        }\r\n        let fileUrl = documentsUrl.first!.appendingPathComponent(&quot;financetoday.json&quot;)\r\n       \r\n            do {\r\n                let data = try JSONSerialization.data(withJSONObject: newValue, options: JSONSerialization.WritingOptions.prettyPrinted)\r\n                try data.write(to: fileUrl, options: [])\r\n            } catch {\r\n                print(error)\r\n            }\r\n    \r\n    }\r\n    \r\n    static var identifier: String {\r\n        return String(describing: self)\r\n    }\r\n    }\r\n    \r\n",
            "link": "https://stackoverflow.com/questions/49927423/json-update-key-value-pair-to-existing-file-in-document-directory-swift",
            "title": "json update key value pair to existing file in document directory SWIFT",
            "body": "<p>I am unable to save changed data in my app. This app currently uses a JSON file, which is loaded into the document directory, and the key/value pairs load (parse) into a XIB tablecell successfully. Within the XIB I have a slider which changes the value. This all works. The problem is I cannot save the slidder changes to the value back to the existing JSON file. The code starting with the //Store new value is not working. Any help would be appreciated. Here is a piece of the JSON file called financetoday.json.( var incomedata = [Income] () )</p>\n\n<pre><code> \"incomedata\":\n    [\n     {\"key\": \"Your Income\",\n     \"value\": \"10000\"},\n     {\"key\":\"Spouse Income\",\n     \"value\": \"0\"},\n     {\"key\": \"Use money from Savings/Stocks\",\n     \"value\": \"0\"},\n     {\"key\":\"Use money from Your 401K\",\n     \"value\": \"0\"},\n     {\"key\": \"Use money from Spouse 401K\",\n     \"value\": \"0\"},\n     {\"key\": \"Your 401K Income\",\n     \"value\": \"0\"},\n     {\"key\": \"Spouse 401K Income\",\n     \"value\": \"0\"},\n     {\"key\":\"Your Social Security Income\",\n     \"value\": \"0\"},\n     {\"key\":\"Spouse Social Security Income\",\n     \"value\": \"0\"}],\n</code></pre>\n\n<p>Here is the swift file which inherits UITableViewCell</p>\n\n<pre><code>import UIKit\n\nclass IncomeView: UITableViewCell {\n\n@IBOutlet weak var titleLabel: UILabel!\n@IBOutlet weak var valueLabel: UILabel!\n@IBOutlet weak var IncomeSlider: UISlider!\n\nvar item: Income?  {\n    didSet {\n        titleLabel?.text = item?.key\n        let itemValueInt = Int((item?.value)!)\n        let itemValueFloat = Float(itemValueInt!)\n        IncomeSlider.setValue(itemValueFloat, animated: true)\n        let currencyFormatter = NumberFormatter()\n        currencyFormatter.usesGroupingSeparator = true\n        currencyFormatter.maximumFractionDigits = 0\n        currencyFormatter.numberStyle = .currencyAccounting\n        currencyFormatter.locale = Locale.current\n        let b = Int(IncomeSlider.value)\n        let priceString = currencyFormatter.string(for: b)\n        valueLabel.text = priceString\n    }\n}\nstatic var nib:UINib {\n    return UINib(nibName: identifier, bundle: nil)\n}\n\n@IBAction func incomeSliderChange(_ sender: UISlider) {\n    self.IncomeSlider.setValue((round(sender.value / 1000) * 1000), animated: false)\n    let currencyFormatter = NumberFormatter()\n    currencyFormatter.usesGroupingSeparator = true\n    currencyFormatter.maximumFractionDigits = 0\n    currencyFormatter.numberStyle = .currencyAccounting\n    currencyFormatter.locale = Locale.current\n    let b = Int(sender.value)\n    let priceString = currencyFormatter.string(for: b)\n    valueLabel.text = priceString\n//      Store new value\n    let currentKey = item?.key\n    let newValue = [\"incomedata\": [\"key\": currentKey,\"value\": priceString]]\n    let fileManager = FileManager.default\n    let documentsUrl = fileManager.urls(for: .documentDirectory,\n                                        in: .userDomainMask)\n    guard documentsUrl.count != 0 else {\n        return // Could not find documents URL\n    }\n    let fileUrl = documentsUrl.first!.appendingPathComponent(\"financetoday.json\")\n\n        do {\n            let data = try JSONSerialization.data(withJSONObject: newValue, options: JSONSerialization.WritingOptions.prettyPrinted)\n            try data.write(to: fileUrl, options: [])\n        } catch {\n            print(error)\n        }\n\n}\n\nstatic var identifier: String {\n    return String(describing: self)\n}\n}\n</code></pre>\n"
        },
        {
            "tags": [
                "cmake"
            ],
            "owner": {
                "reputation": 2631,
                "user_id": 3590849,
                "user_type": "registered",
                "accept_rate": 40,
                "profile_image": "https://i.stack.imgur.com/oUHc5.png?s=128&g=1",
                "display_name": "tamas.kenez",
                "link": "https://stackoverflow.com/users/3590849/tamas-kenez"
            },
            "is_answered": true,
            "view_count": 2672,
            "answer_count": 1,
            "score": 9,
            "last_activity_date": 1524160876,
            "creation_date": 1437477568,
            "question_id": 31537602,
            "body_markdown": "You have a CMake-enabled library project. You need to use it in another library or executable. How to use CMake to find and link to the library? You may have the following preferences:\r\n\r\n- write the least possible amount of boiler-plate code\r\n- decouple the internal details of the linked library from the consuming target\r\n\r\nIdeally, the usage of the library should look like this:\r\n\r\n    add_executable(myexe ...)\r\n    target_link_libraries(myexe mylib)\r\n",
            "link": "https://stackoverflow.com/questions/31537602/how-to-use-cmake-to-find-and-link-to-a-library-using-install-export-and-find-pac",
            "title": "How to use CMake to find and link to a library using install-export and find_package?",
            "body": "<p>You have a CMake-enabled library project. You need to use it in another library or executable. How to use CMake to find and link to the library? You may have the following preferences:</p>\n\n<ul>\n<li>write the least possible amount of boiler-plate code</li>\n<li>decouple the internal details of the linked library from the consuming target</li>\n</ul>\n\n<p>Ideally, the usage of the library should look like this:</p>\n\n<pre><code>add_executable(myexe ...)\ntarget_link_libraries(myexe mylib)\n</code></pre>\n"
        },
        {
            "tags": [
                "r",
                "trading",
                "quantstrat",
                "technical-indicator"
            ],
            "owner": {
                "reputation": 15,
                "user_id": 8724603,
                "user_type": "registered",
                "profile_image": "https://graph.facebook.com/672265606303422/picture?type=large",
                "display_name": "Bryan Lwy",
                "link": "https://stackoverflow.com/users/8724603/bryan-lwy"
            },
            "is_answered": false,
            "view_count": 15,
            "answer_count": 1,
            "score": 1,
            "last_activity_date": 1524160874,
            "creation_date": 1524151091,
            "last_edit_date": 1524160874,
            "question_id": 49924649,
            "body_markdown": "I tried to combine a couple of EMAs and RSI together in `quantstrat`. Eventually, my objective is to generate some graphs and performance of the trading strategy. Unfortunately, I seem to be stuck in mixing indicators and keep getting an error message (described below). This is the code:\r\n\r\n        \r\n    ### Add Indicators\r\n    \r\n    nRSI &lt;- 21\r\n    buyThresh &lt;- 50\r\n    sellThresh &lt;- 50\r\n    \r\n    #Indicator for EMA long medium short\r\n    \r\n    nEMAL&lt;- 80\r\n    nEMAM&lt;- 21\r\n    nEMAS&lt;- 13\r\n    nEMAF&lt;- 5\r\n    \r\n    add.indicator(strategy.st, name=&quot;RSI&quot;,\r\n                  arguments=list(price=quote(Cl(mktdata)), n=nRSI),\r\n                  label=&quot;rsi&quot;)\r\n    \r\n    add.indicator(strategy.st, name=&quot;EMA&quot;,\r\n                  arguments=list(x=quote(Cl(mktdata)), n=nEMAL),\r\n                  label=&quot;EMAL&quot;)\r\n    \r\n    add.indicator(strategy.st, name=&quot;EMA&quot;,\r\n                  arguments=list(x=quote(Cl(mktdata)), n=nEMAM),\r\n                  label=&quot;EMAM&quot;)\r\n    \r\n    add.indicator(strategy.st, name=&quot;EMA&quot;,\r\n                  arguments=list(x=quote(Cl(mktdata)), n=nEMAS),\r\n                  label=&quot;EMAS&quot;)\r\n    \r\n    add.indicator(strategy.st, name=&quot;EMA&quot;,\r\n                  arguments=list(x=quote(Cl(mktdata)), n=nEMAF),\r\n                  label=&quot;EMAF&quot;)\r\n    \r\n    #customsig &lt;- function(data) {\r\n      sig &lt;- data[, &quot;EMA.EMAF&quot;] &gt; data[, &quot;EMA.EMAS&quot;] &amp; data[, &quot;EMA.EMAF&quot;] &gt; data[, &quot;EMA.EMAM&quot;] &amp; data[, &quot;rsi&quot;] &gt;50 &amp; data[, &quot;EMA.EMAM&quot;] &gt; data[, &quot;EMA.EMAL&quot;] &amp; data[, &quot;EMA.EMAS&quot;] &gt; data[, &quot;EMA.EMAL&quot;]  \r\n      colnames(sig) &lt;- &quot;upSig&quot;\r\n      sig\r\n    }\r\n    \r\n    #downsig &lt;- function(data) {\r\n      sig &lt;- data[, &quot;EMA.EMAF&quot;] &lt; data[, &quot;EMA.EMAS&quot;] &amp; data[, &quot;EMA.EMAF&quot;] &lt; data[, &quot;EMA.EMAM&quot;] &amp; data[, &quot;rsi&quot;] &lt;50 &amp; data[, &quot;EMA.EMAM&quot;] &lt; data[, &quot;EMA.EMAL&quot;] &amp; data[, &quot;EMA.EMAS&quot;] &lt; data[, &quot;EMA.EMAL&quot;]  \r\n      colnames(sig) &lt;- &quot;downSig&quot;\r\n      sig\r\n    }\r\n    \r\n    \r\n    \r\n    ### Add Signal- Enter\r\n    \r\n    add.signal(strategy.st, name=&quot;customsig&quot;,\r\n               arguments=list(data = quote(mktdata)),\r\n               label = &quot;entersig&quot;)\r\n    \r\n    add.signal(strategy.st, name=&quot;downsig&quot;,\r\n               arguments=list(data = quote(mktdata)),\r\n               label = &quot;downsig.exitsig&quot;)\r\n    \r\n    ### Add rule - Enter\r\n    \r\n    add.rule(strategy.st,\r\n             name=&#39;ruleSignal&#39;,\r\n             arguments = list(sigcol=&quot;entersig&quot;,\r\n                              sigval=TRUE,\r\n                              orderqty=1000,\r\n                              ordertype=&#39;market&#39;,\r\n                              orderside=&#39;long&#39;,\r\n                              threshold=NULL),\r\n             type=&#39;enter&#39;,\r\n             path.dep=TRUE)\r\n    \r\n    \r\n    ### Add rule- Exit\r\n    \r\n    add.rule(strategy.st,\r\n             name=&#39;ruleSignal&#39;,\r\n             arguments = list(sigcol=&quot;downsig.exitsig&quot;,\r\n                              sigval=TRUE,\r\n                              orderqty=1000,\r\n                              ordertype=&#39;market&#39;,\r\n                              orderside=&#39;long&#39;,\r\n                              pricemethod=&#39;market&#39;,\r\n                              replace=FALSE),\r\n             type=&#39;exit&#39;,\r\n             path.dep=TRUE)\r\n    \r\n    start_t&lt;-Sys.time()\r\n    out&lt;-try(applyStrategy(strategy=strategy.st,\r\n                           portfolios=portfolio.st))\r\n    \r\n    \r\n    updatePortf(portfolio.st)\r\n    updateAcct(portfolio.st)\r\n    updateEndEq(account.st)\r\n    \r\n    for(symbol in symbols) {\r\n      chart.Posn(\r\n        Portfolio=portfolio.st,\r\n        Symbol=symbol,\r\n        log=TRUE)\r\n    }\r\n\r\nThe error I get is \r\n\r\n    Error in applyRules(portfolio = portfolio, symbol = symbol, strategy = strategy,  : mktdata does not contain &#39;sigcol&#39;: entersig\r\n\r\nHow may I apply the rules completely?\r\n",
            "link": "https://stackoverflow.com/questions/49924649/error-in-applying-rules-combined-technical-indicator",
            "title": "Error in applying rules: Combined Technical indicator",
            "body": "<p>I tried to combine a couple of EMAs and RSI together in <code>quantstrat</code>. Eventually, my objective is to generate some graphs and performance of the trading strategy. Unfortunately, I seem to be stuck in mixing indicators and keep getting an error message (described below). This is the code:</p>\n\n<pre><code>### Add Indicators\n\nnRSI &lt;- 21\nbuyThresh &lt;- 50\nsellThresh &lt;- 50\n\n#Indicator for EMA long medium short\n\nnEMAL&lt;- 80\nnEMAM&lt;- 21\nnEMAS&lt;- 13\nnEMAF&lt;- 5\n\nadd.indicator(strategy.st, name=\"RSI\",\n              arguments=list(price=quote(Cl(mktdata)), n=nRSI),\n              label=\"rsi\")\n\nadd.indicator(strategy.st, name=\"EMA\",\n              arguments=list(x=quote(Cl(mktdata)), n=nEMAL),\n              label=\"EMAL\")\n\nadd.indicator(strategy.st, name=\"EMA\",\n              arguments=list(x=quote(Cl(mktdata)), n=nEMAM),\n              label=\"EMAM\")\n\nadd.indicator(strategy.st, name=\"EMA\",\n              arguments=list(x=quote(Cl(mktdata)), n=nEMAS),\n              label=\"EMAS\")\n\nadd.indicator(strategy.st, name=\"EMA\",\n              arguments=list(x=quote(Cl(mktdata)), n=nEMAF),\n              label=\"EMAF\")\n\n#customsig &lt;- function(data) {\n  sig &lt;- data[, \"EMA.EMAF\"] &gt; data[, \"EMA.EMAS\"] &amp; data[, \"EMA.EMAF\"] &gt; data[, \"EMA.EMAM\"] &amp; data[, \"rsi\"] &gt;50 &amp; data[, \"EMA.EMAM\"] &gt; data[, \"EMA.EMAL\"] &amp; data[, \"EMA.EMAS\"] &gt; data[, \"EMA.EMAL\"]  \n  colnames(sig) &lt;- \"upSig\"\n  sig\n}\n\n#downsig &lt;- function(data) {\n  sig &lt;- data[, \"EMA.EMAF\"] &lt; data[, \"EMA.EMAS\"] &amp; data[, \"EMA.EMAF\"] &lt; data[, \"EMA.EMAM\"] &amp; data[, \"rsi\"] &lt;50 &amp; data[, \"EMA.EMAM\"] &lt; data[, \"EMA.EMAL\"] &amp; data[, \"EMA.EMAS\"] &lt; data[, \"EMA.EMAL\"]  \n  colnames(sig) &lt;- \"downSig\"\n  sig\n}\n\n\n\n### Add Signal- Enter\n\nadd.signal(strategy.st, name=\"customsig\",\n           arguments=list(data = quote(mktdata)),\n           label = \"entersig\")\n\nadd.signal(strategy.st, name=\"downsig\",\n           arguments=list(data = quote(mktdata)),\n           label = \"downsig.exitsig\")\n\n### Add rule - Enter\n\nadd.rule(strategy.st,\n         name='ruleSignal',\n         arguments = list(sigcol=\"entersig\",\n                          sigval=TRUE,\n                          orderqty=1000,\n                          ordertype='market',\n                          orderside='long',\n                          threshold=NULL),\n         type='enter',\n         path.dep=TRUE)\n\n\n### Add rule- Exit\n\nadd.rule(strategy.st,\n         name='ruleSignal',\n         arguments = list(sigcol=\"downsig.exitsig\",\n                          sigval=TRUE,\n                          orderqty=1000,\n                          ordertype='market',\n                          orderside='long',\n                          pricemethod='market',\n                          replace=FALSE),\n         type='exit',\n         path.dep=TRUE)\n\nstart_t&lt;-Sys.time()\nout&lt;-try(applyStrategy(strategy=strategy.st,\n                       portfolios=portfolio.st))\n\n\nupdatePortf(portfolio.st)\nupdateAcct(portfolio.st)\nupdateEndEq(account.st)\n\nfor(symbol in symbols) {\n  chart.Posn(\n    Portfolio=portfolio.st,\n    Symbol=symbol,\n    log=TRUE)\n}\n</code></pre>\n\n<p>The error I get is </p>\n\n<pre><code>Error in applyRules(portfolio = portfolio, symbol = symbol, strategy = strategy,  : mktdata does not contain 'sigcol': entersig\n</code></pre>\n\n<p>How may I apply the rules completely?</p>\n"
        },
        {
            "tags": [
                "php",
                "mysql",
                "sql",
                "database"
            ],
            "owner": {
                "reputation": 20,
                "user_id": 3458249,
                "user_type": "registered",
                "accept_rate": 100,
                "profile_image": "https://i.stack.imgur.com/hmAZo.jpg?s=128&g=1",
                "display_name": "Redsun",
                "link": "https://stackoverflow.com/users/3458249/redsun"
            },
            "is_answered": true,
            "view_count": 252,
            "accepted_answer_id": 26238262,
            "answer_count": 1,
            "score": 0,
            "last_activity_date": 1524160873,
            "creation_date": 1412688149,
            "last_edit_date": 1524160873,
            "question_id": 26237076,
            "body_markdown": "I am doing online aptitude test, which will pick up 10 random questions from database and display them on webpage for answering.\r\n\r\nNow I am displaying questions from one table.\r\n\r\nProblem is that I have to pick 10 questions from each 3 to 4 tables and display it randomly without repeating the questions. Can anyone please help me with this issue?\r\n\r\n    &lt;?php\r\n    session_start();\r\n    error_reporting(1);\r\n    include(&quot;database.php&quot;);\r\n    extract($_POST);\r\n    extract($_GET);\r\n    extract($_SESSION);\r\n    /*$rs=mysql_query(&quot;select * from mst_question where test_id=9&quot;,$cn) or die(mysql_error());\r\n    if($_SESSION[qn]&gt;mysql_num_rows($rs))\r\n    {\r\n    unset($_SESSION[qn]);\r\n    exit;\r\n    }*/\r\n    if(isset($subid) &amp;&amp; isset($testid))\r\n    {\r\n    $_SESSION[sid]=$subid;\r\n    $_SESSION[tid]=$testid;\r\n    header(&quot;location:quiz.php&quot;);\r\n    }\r\n    if(!isset($_SESSION[sid]) || !isset($_SESSION[tid]))\r\n    {\r\n    \theader(&quot;location: index.php&quot;);\r\n    }\r\n    ?&gt;\r\n    &lt;!DOCTYPE HTML PUBLIC &quot;-//W3C//DTD HTML 4.01 Transitional//EN&quot; &quot;http://www.w3.org/TR/html4/loose.dtd&quot;&gt;\r\n    &lt;html&gt;\r\n    &lt;head&gt;\r\n    &lt;title&gt;Online Quiz&lt;/title&gt;\r\n    &lt;meta http-equiv=&quot;Content-Type&quot; content=&quot;text/html; charset=iso-8859-1&quot;&gt;\r\n    &lt;link href=&quot;quiz.css&quot; rel=&quot;stylesheet&quot; type=&quot;text/css&quot;&gt;\r\n    &lt;/head&gt;\r\n    \r\n    &lt;body&gt;\r\n    &lt;?php\r\n    include(&quot;header.php&quot;);\r\n    $myDate = date(&#39;y/m/d&#39;);\r\n    \r\n    $query=&quot;SELECT * FROM mst_question ORDER BY RAND() LIMIT 10&quot;;\r\n    \r\n    $rs=mysql_query(&quot;select * from mst_question where test_id=9 ORDER BY RAND() LIMIT 10&quot;,$cn) or die(mysql_error());\r\n    if(!isset($_SESSION[qn]))\r\n    {\r\n    \t$_SESSION[qn]=0;\r\n    \tmysql_query(&quot;delete from mst_useranswer where sess_id=&#39;&quot; . session_id() .&quot;&#39;&quot;) or die(mysql_error());\r\n    \t$_SESSION[trueans]=0;\r\n    \t\r\n    }\r\n    else\r\n    {\t\r\n    \t\tif($submit==&#39;Next Question&#39; &amp;&amp; isset($ans))\r\n    \t\t{\r\n    \t\t\t\tmysql_data_seek($rs,$_SESSION[qn]);\r\n    \t\t\t\t\r\n    \t\t\t\t$row= mysql_fetch_row($rs);\t\r\n    \t\t\t\tmysql_query(&quot;insert into mst_useranswer(sess_id, test_id, que_des, ans1,ans2,ans3,ans4,true_ans,your_ans) values (&#39;&quot;.session_id().&quot;&#39;, 9,&#39;$row[2]&#39;,&#39;$row[3]&#39;,&#39;$row[4]&#39;,&#39;$row[5]&#39;, &#39;$row[6]&#39;,&#39;$row[7]&#39;,&#39;$ans&#39;)&quot;) or die(mysql_error());\r\n    \t\t\t\tif($ans==$row[7])\r\n    \t\t\t\t{\r\n    \t\t\t\t\t\t\t$_SESSION[trueans]=$_SESSION[trueans]+1;\r\n    \t\t\t\t}\r\n    \t\t\t\t$_SESSION[qn]=$_SESSION[qn]+1;\r\n    \t\t}\r\n    \t\telse if($submit==&#39;Get Result&#39; &amp;&amp; isset($ans))\r\n    \t\t{\r\n    \t\t\t\tmysql_data_seek($rs,$_SESSION[qn]);\r\n    \t\t\t\t$row= mysql_fetch_row($rs);\t\r\n    \t\t\t\tmysql_query(&quot;insert into mst_useranswer(sess_id, test_id, que_des, ans1,ans2,ans3,ans4,true_ans,your_ans) values (&#39;&quot;.session_id().&quot;&#39;, 9,&#39;$row[2]&#39;,&#39;$row[3]&#39;,&#39;$row[4]&#39;,&#39;$row[5]&#39;, &#39;$row[6]&#39;,&#39;$row[7]&#39;,&#39;$ans&#39;)&quot;) or die(mysql_error());\r\n    \t\t\t\tif($ans==$row[7])\r\n    \t\t\t\t{\r\n    \t\t\t\t\t\t\t$_SESSION[trueans]=$_SESSION[trueans]+1;\r\n    \t\t\t\t}\r\n    \t\t\t\techo &quot;&lt;h1 class=head1&gt; Result&lt;/h1&gt;&quot;;\r\n    \t\t\t\t$_SESSION[qn]=$_SESSION[qn]+1;\r\n    \t\t\t\techo &quot;&lt;Table align=center&gt;&lt;tr class=tot&gt;&lt;td&gt;Total Question&lt;td&gt; $_SESSION[qn]&quot;;\r\n    \t\t\t\techo &quot;&lt;tr class=tans&gt;&lt;td&gt;True Answer&lt;td&gt;&quot;.$_SESSION[trueans];\r\n    \t\t\t\t$w=$_SESSION[qn]-$_SESSION[trueans];\r\n    \t\t\t\techo &quot;&lt;tr class=fans&gt;&lt;td&gt;Wrong Answer&lt;td&gt; &quot;. $w;\r\n    \t\t\t\techo &quot;&lt;/table&gt;&quot;;\r\n    \t\t\t\tmysql_query(&quot;insert into mst_result(login,test_id,test_date,score) values(&#39;$login&#39;,9,&#39;$myDate&#39;,$_SESSION[trueans])&quot;) or die(mysql_error());\r\n    \t\t\t\techo &quot;&lt;h1 align=center&gt;&lt;a href=review.php&gt; Review Question&lt;/a&gt; &lt;/h1&gt;&quot;;\r\n    \t\t\t\tunset($_SESSION[qn]);\r\n    \t\t\t\tunset($_SESSION[sid]);\r\n    \t\t\t\tunset($_SESSION[tid]);\r\n    \t\t\t\tunset($_SESSION[trueans]);\r\n    \t\t\t\texit;\r\n    \t\t}\r\n    }\r\n    $rs=mysql_query(&quot;select * from mst_question where test_id=9 ORDER BY RAND() LIMIT 10&quot;,$cn) or die(mysql_error());\r\n    if($_SESSION[qn]&gt;mysql_num_rows($rs)-1)\r\n    {\r\n    unset($_SESSION[qn]);\r\n    echo &quot;&lt;h1 class=head1&gt;Some Error  Occured&lt;/h1&gt;&quot;;\r\n    session_destroy();\r\n    echo &quot;Please &lt;a href=index.php&gt; Start Again&lt;/a&gt;&quot;;\r\n    \r\n    exit;\r\n    }\r\n    mysql_data_seek($rs,$_SESSION[qn]);\r\n    $row= mysql_fetch_row($rs);\r\n    echo &quot;&lt;form name=myfm method=post action=quiz.php&gt;&quot;;\r\n    echo &quot;&lt;table width=100%&gt; &lt;tr&gt; &lt;td width=30&gt;&amp;nbsp;&lt;td&gt; &lt;table border=0&gt;&quot;;\r\n    $n=$_SESSION[qn]+1;\r\n    echo &quot;&lt;tR&gt;&lt;td&gt;&lt;span class=style2&gt;Que &quot;.  $n .&quot;: $row[2]&lt;/style&gt;&quot;;\r\n    echo &quot;&lt;tr&gt;&lt;td class=style8&gt;&lt;input type=radio name=ans value=1&gt;$row[3]&quot;;\r\n    echo &quot;&lt;tr&gt;&lt;td class=style8&gt; &lt;input type=radio name=ans value=2&gt;$row[4]&quot;;\r\n    echo &quot;&lt;tr&gt;&lt;td class=style8&gt;&lt;input type=radio name=ans value=3&gt;$row[5]&quot;;\r\n    echo &quot;&lt;tr&gt;&lt;td class=style8&gt;&lt;input type=radio name=ans value=4&gt;$row[6]&quot;;\r\n    \r\n    if($_SESSION[qn]&lt;mysql_num_rows($rs)-1)\r\n    echo &quot;&lt;tr&gt;&lt;td&gt;&lt;input type=submit name=submit value=&#39;Next Question&#39;&gt;&lt;/form&gt;&quot;;\r\n    else\r\n    echo &quot;&lt;tr&gt;&lt;td&gt;&lt;input type=submit name=submit value=&#39;Get Result&#39;&gt;&lt;/form&gt;&quot;;\r\n    echo &quot;&lt;/table&gt;&lt;/table&gt;&quot;;\r\n    ?&gt;\r\n    &lt;/body&gt;\r\n    &lt;/html&gt;",
            "link": "https://stackoverflow.com/questions/26237076/how-to-get-random-questions-from-three-or-four-table-without-repeating-questions",
            "title": "How to get random questions from three or four table without repeating questions",
            "body": "<p>I am doing online aptitude test, which will pick up 10 random questions from database and display them on webpage for answering.</p>\n\n<p>Now I am displaying questions from one table.</p>\n\n<p>Problem is that I have to pick 10 questions from each 3 to 4 tables and display it randomly without repeating the questions. Can anyone please help me with this issue?</p>\n\n<pre><code>&lt;?php\nsession_start();\nerror_reporting(1);\ninclude(\"database.php\");\nextract($_POST);\nextract($_GET);\nextract($_SESSION);\n/*$rs=mysql_query(\"select * from mst_question where test_id=9\",$cn) or die(mysql_error());\nif($_SESSION[qn]&gt;mysql_num_rows($rs))\n{\nunset($_SESSION[qn]);\nexit;\n}*/\nif(isset($subid) &amp;&amp; isset($testid))\n{\n$_SESSION[sid]=$subid;\n$_SESSION[tid]=$testid;\nheader(\"location:quiz.php\");\n}\nif(!isset($_SESSION[sid]) || !isset($_SESSION[tid]))\n{\n    header(\"location: index.php\");\n}\n?&gt;\n&lt;!DOCTYPE HTML PUBLIC \"-//W3C//DTD HTML 4.01 Transitional//EN\" \"http://www.w3.org/TR/html4/loose.dtd\"&gt;\n&lt;html&gt;\n&lt;head&gt;\n&lt;title&gt;Online Quiz&lt;/title&gt;\n&lt;meta http-equiv=\"Content-Type\" content=\"text/html; charset=iso-8859-1\"&gt;\n&lt;link href=\"quiz.css\" rel=\"stylesheet\" type=\"text/css\"&gt;\n&lt;/head&gt;\n\n&lt;body&gt;\n&lt;?php\ninclude(\"header.php\");\n$myDate = date('y/m/d');\n\n$query=\"SELECT * FROM mst_question ORDER BY RAND() LIMIT 10\";\n\n$rs=mysql_query(\"select * from mst_question where test_id=9 ORDER BY RAND() LIMIT 10\",$cn) or die(mysql_error());\nif(!isset($_SESSION[qn]))\n{\n    $_SESSION[qn]=0;\n    mysql_query(\"delete from mst_useranswer where sess_id='\" . session_id() .\"'\") or die(mysql_error());\n    $_SESSION[trueans]=0;\n\n}\nelse\n{   \n        if($submit=='Next Question' &amp;&amp; isset($ans))\n        {\n                mysql_data_seek($rs,$_SESSION[qn]);\n\n                $row= mysql_fetch_row($rs); \n                mysql_query(\"insert into mst_useranswer(sess_id, test_id, que_des, ans1,ans2,ans3,ans4,true_ans,your_ans) values ('\".session_id().\"', 9,'$row[2]','$row[3]','$row[4]','$row[5]', '$row[6]','$row[7]','$ans')\") or die(mysql_error());\n                if($ans==$row[7])\n                {\n                            $_SESSION[trueans]=$_SESSION[trueans]+1;\n                }\n                $_SESSION[qn]=$_SESSION[qn]+1;\n        }\n        else if($submit=='Get Result' &amp;&amp; isset($ans))\n        {\n                mysql_data_seek($rs,$_SESSION[qn]);\n                $row= mysql_fetch_row($rs); \n                mysql_query(\"insert into mst_useranswer(sess_id, test_id, que_des, ans1,ans2,ans3,ans4,true_ans,your_ans) values ('\".session_id().\"', 9,'$row[2]','$row[3]','$row[4]','$row[5]', '$row[6]','$row[7]','$ans')\") or die(mysql_error());\n                if($ans==$row[7])\n                {\n                            $_SESSION[trueans]=$_SESSION[trueans]+1;\n                }\n                echo \"&lt;h1 class=head1&gt; Result&lt;/h1&gt;\";\n                $_SESSION[qn]=$_SESSION[qn]+1;\n                echo \"&lt;Table align=center&gt;&lt;tr class=tot&gt;&lt;td&gt;Total Question&lt;td&gt; $_SESSION[qn]\";\n                echo \"&lt;tr class=tans&gt;&lt;td&gt;True Answer&lt;td&gt;\".$_SESSION[trueans];\n                $w=$_SESSION[qn]-$_SESSION[trueans];\n                echo \"&lt;tr class=fans&gt;&lt;td&gt;Wrong Answer&lt;td&gt; \". $w;\n                echo \"&lt;/table&gt;\";\n                mysql_query(\"insert into mst_result(login,test_id,test_date,score) values('$login',9,'$myDate',$_SESSION[trueans])\") or die(mysql_error());\n                echo \"&lt;h1 align=center&gt;&lt;a href=review.php&gt; Review Question&lt;/a&gt; &lt;/h1&gt;\";\n                unset($_SESSION[qn]);\n                unset($_SESSION[sid]);\n                unset($_SESSION[tid]);\n                unset($_SESSION[trueans]);\n                exit;\n        }\n}\n$rs=mysql_query(\"select * from mst_question where test_id=9 ORDER BY RAND() LIMIT 10\",$cn) or die(mysql_error());\nif($_SESSION[qn]&gt;mysql_num_rows($rs)-1)\n{\nunset($_SESSION[qn]);\necho \"&lt;h1 class=head1&gt;Some Error  Occured&lt;/h1&gt;\";\nsession_destroy();\necho \"Please &lt;a href=index.php&gt; Start Again&lt;/a&gt;\";\n\nexit;\n}\nmysql_data_seek($rs,$_SESSION[qn]);\n$row= mysql_fetch_row($rs);\necho \"&lt;form name=myfm method=post action=quiz.php&gt;\";\necho \"&lt;table width=100%&gt; &lt;tr&gt; &lt;td width=30&gt;&amp;nbsp;&lt;td&gt; &lt;table border=0&gt;\";\n$n=$_SESSION[qn]+1;\necho \"&lt;tR&gt;&lt;td&gt;&lt;span class=style2&gt;Que \".  $n .\": $row[2]&lt;/style&gt;\";\necho \"&lt;tr&gt;&lt;td class=style8&gt;&lt;input type=radio name=ans value=1&gt;$row[3]\";\necho \"&lt;tr&gt;&lt;td class=style8&gt; &lt;input type=radio name=ans value=2&gt;$row[4]\";\necho \"&lt;tr&gt;&lt;td class=style8&gt;&lt;input type=radio name=ans value=3&gt;$row[5]\";\necho \"&lt;tr&gt;&lt;td class=style8&gt;&lt;input type=radio name=ans value=4&gt;$row[6]\";\n\nif($_SESSION[qn]&lt;mysql_num_rows($rs)-1)\necho \"&lt;tr&gt;&lt;td&gt;&lt;input type=submit name=submit value='Next Question'&gt;&lt;/form&gt;\";\nelse\necho \"&lt;tr&gt;&lt;td&gt;&lt;input type=submit name=submit value='Get Result'&gt;&lt;/form&gt;\";\necho \"&lt;/table&gt;&lt;/table&gt;\";\n?&gt;\n&lt;/body&gt;\n&lt;/html&gt;\n</code></pre>\n"
        },
        {
            "tags": [
                "c#",
                "json",
                "rest",
                "visual-studio-2017",
                "nuget-package"
            ],
            "owner": {
                "reputation": 1526,
                "user_id": 561710,
                "user_type": "registered",
                "accept_rate": 83,
                "profile_image": "https://i.stack.imgur.com/E9mxY.gif?s=128&g=1",
                "display_name": "Joe Johnston",
                "link": "https://stackoverflow.com/users/561710/joe-johnston"
            },
            "is_answered": true,
            "view_count": 25,
            "accepted_answer_id": 49886094,
            "answer_count": 2,
            "score": 1,
            "last_activity_date": 1524160872,
            "creation_date": 1523990305,
            "last_edit_date": 1524160872,
            "question_id": 49885256,
            "body_markdown": "Trying to get this to work in a console app for a simple example. \r\nI&#39;m using [Json.Net][1] and [DalSoft.RestClient][2] packages from nuget. I&#39;m not married to either one of these I&#39;m just trying to get the job done. Open to an alternative.\r\n\r\nhttp://jsonplaceholder.typicode.com/users returns valid JSON. \r\n\r\nI want to enumerate the properties that are unknown in advance.  The following seemed viable but fails with a *System.AggregateException - RuntimeBinderException: Cannot perform runtime binding on a null reference* I feel like I have missed something simple.  \r\n\r\n\r\n\r\n\r\n    using System;\r\n    using System.Threading.Tasks;\r\n    using DalSoft.RestClient;\r\n    using Newtonsoft.Json.Linq;\r\n\r\n    namespace ImTired\r\n    {\r\n        class Program\r\n        {\r\n            static void Main(string[] args)\r\n            {\r\n                DoThingsAsync().Wait();\r\n                Console.ReadLine();\r\n            }\r\n\r\n            private static async Task&lt;object&gt; DoThingsAsync()\r\n            {\r\n                dynamic client = new RestClient(&quot;http://jsonplaceholder.typicode.com&quot;);\r\n                var user = await client.Users.Get();\r\n                var foo = user[0].name; // grab the first item (Works to this point)\r\n\r\n                //JProperty item = new JProperty(user);\r\n                var item = user[0];\r\n\r\n                foreach (JProperty property in item.Properties()) //(fails here I&#39;ve missed a cast or conversion)\r\n                {\r\n                    Console.WriteLine(property.Name + &quot; - &quot; + property.Value);\r\n                }\r\n\r\n                Console.WriteLine(&quot;Call Complete: &quot; + foo);\r\n\r\n                return null;\r\n            }\r\n        }\r\n    }\r\n\r\n\r\n[![Solution Explorer view for version ref][3]][3]\r\n\r\n\r\n----------\r\n\r\n\r\n**Follow up EDIT:** Added this for any lurkers. *I needed* to add the assemblies to the GAC to make it available for a [scripting tool][4]. This for your Strong Name information. \r\n\r\nI understand that there is probably another, better, way to reference a non GAC&#39;d assembly.  I just don&#39;t have time to figure it out. Maybe I&#39;ll form a meaningful question here. \r\n\r\nInteresting results:\r\n[![enter image description here][5]][5]\r\n\r\n\r\n  [1]: https://www.newtonsoft.com/json\r\n  [2]: https://github.com/DalSoft/DalSoft.RestClient\r\n  [3]: https://i.stack.imgur.com/zg0sQ.png\r\n  [4]: http://www.codesmithtools.com/product/generator\r\n  [5]: https://i.stack.imgur.com/zJP9l.png",
            "link": "https://stackoverflow.com/questions/49885256/enumerate-json-properties-in-c-dalsoft-restclient-and-or-json-net",
            "title": "enumerate JSON properties in C# DalSoft.RestClient and/or Json.net",
            "body": "<p>Trying to get this to work in a console app for a simple example. \nI'm using <a href=\"https://www.newtonsoft.com/json\" rel=\"nofollow noreferrer\">Json.Net</a> and <a href=\"https://github.com/DalSoft/DalSoft.RestClient\" rel=\"nofollow noreferrer\">DalSoft.RestClient</a> packages from nuget. I'm not married to either one of these I'm just trying to get the job done. Open to an alternative.</p>\n\n<p><a href=\"http://jsonplaceholder.typicode.com/users\" rel=\"nofollow noreferrer\">http://jsonplaceholder.typicode.com/users</a> returns valid JSON. </p>\n\n<p>I want to enumerate the properties that are unknown in advance.  The following seemed viable but fails with a <em>System.AggregateException - RuntimeBinderException: Cannot perform runtime binding on a null reference</em> I feel like I have missed something simple.  </p>\n\n<pre><code>using System;\nusing System.Threading.Tasks;\nusing DalSoft.RestClient;\nusing Newtonsoft.Json.Linq;\n\nnamespace ImTired\n{\n    class Program\n    {\n        static void Main(string[] args)\n        {\n            DoThingsAsync().Wait();\n            Console.ReadLine();\n        }\n\n        private static async Task&lt;object&gt; DoThingsAsync()\n        {\n            dynamic client = new RestClient(\"http://jsonplaceholder.typicode.com\");\n            var user = await client.Users.Get();\n            var foo = user[0].name; // grab the first item (Works to this point)\n\n            //JProperty item = new JProperty(user);\n            var item = user[0];\n\n            foreach (JProperty property in item.Properties()) //(fails here I've missed a cast or conversion)\n            {\n                Console.WriteLine(property.Name + \" - \" + property.Value);\n            }\n\n            Console.WriteLine(\"Call Complete: \" + foo);\n\n            return null;\n        }\n    }\n}\n</code></pre>\n\n<p><a href=\"https://i.stack.imgur.com/zg0sQ.png\" rel=\"nofollow noreferrer\"><img src=\"https://i.stack.imgur.com/zg0sQ.png\" alt=\"Solution Explorer view for version ref\"></a></p>\n\n<hr>\n\n<p><strong>Follow up EDIT:</strong> Added this for any lurkers. <em>I needed</em> to add the assemblies to the GAC to make it available for a <a href=\"http://www.codesmithtools.com/product/generator\" rel=\"nofollow noreferrer\">scripting tool</a>. This for your Strong Name information. </p>\n\n<p>I understand that there is probably another, better, way to reference a non GAC'd assembly.  I just don't have time to figure it out. Maybe I'll form a meaningful question here. </p>\n\n<p>Interesting results:\n<a href=\"https://i.stack.imgur.com/zJP9l.png\" rel=\"nofollow noreferrer\"><img src=\"https://i.stack.imgur.com/zJP9l.png\" alt=\"enter image description here\"></a></p>\n"
        },
        {
            "tags": [
                "appmaker",
                "google-app-maker"
            ],
            "owner": {
                "reputation": 1,
                "user_id": 9653619,
                "user_type": "registered",
                "profile_image": "https://lh3.googleusercontent.com/-XdUIqdMkCWA/AAAAAAAAAAI/AAAAAAAAAAA/4252rscbv5M/photo.jpg?sz=128",
                "display_name": "Mauricio",
                "link": "https://stackoverflow.com/users/9653619/mauricio"
            },
            "is_answered": false,
            "view_count": 26,
            "answer_count": 1,
            "score": 0,
            "last_activity_date": 1524160871,
            "creation_date": 1524048766,
            "question_id": 49897894,
            "body_markdown": "I have a MANY-to-MANY relation between two models. But I cannot figure out how to create a form or table to add records to a many to many relation. I am using Google Drive Tables. \r\n\r\nI tried to see if the relation is well set, I exported the data and manually populated the keys in the sheet created for the many to many relation. I checked  using dropdowns to filter data and it works well. \r\n\r\nThis is probably basic but I just can&#39;t find out how to do it. Please help.\r\n\r\nMauricio\r\n",
            "link": "https://stackoverflow.com/questions/49897894/how-to-populate-many-to-many-relationship",
            "title": "How to populate many to many relationship",
            "body": "<p>I have a MANY-to-MANY relation between two models. But I cannot figure out how to create a form or table to add records to a many to many relation. I am using Google Drive Tables. </p>\n\n<p>I tried to see if the relation is well set, I exported the data and manually populated the keys in the sheet created for the many to many relation. I checked  using dropdowns to filter data and it works well. </p>\n\n<p>This is probably basic but I just can't find out how to do it. Please help.</p>\n\n<p>Mauricio</p>\n"
        },
        {
            "tags": [
                "arrays",
                "vba",
                "excel-vba"
            ],
            "owner": {
                "reputation": 1,
                "user_id": 9365985,
                "user_type": "registered",
                "profile_image": "https://www.gravatar.com/avatar/d0fa4a89b7fefe5746d7c8f85e277a1c?s=128&d=identicon&r=PG&f=1",
                "display_name": "thenifthenif",
                "link": "https://stackoverflow.com/users/9365985/thenifthenif"
            },
            "is_answered": false,
            "view_count": 34,
            "answer_count": 0,
            "score": -4,
            "last_activity_date": 1524160868,
            "creation_date": 1524152542,
            "last_edit_date": 1524160868,
            "question_id": 49925120,
            "body_markdown": "I have a text file with data like so:\r\n\r\n    ID|TIME|NAME||PRICE|QUANTITY\r\n    123|2010-01-10 9:00|JOE||10.00|20\r\n    456|2010-01-10 9:20|MARY||17.00|45\r\n\r\nI need to consume this data in a vba code without modifying the spreadsheet I am working with. I figured I would consume it into a dynamic array, but I&#39;m not sure how to do it with different data types. \r\n\r\nI have looked up various things about arrays, but I&#39;m not sure where to start. Ultimately the vba should be able to consume a text file that a user provides, and the order the columns given in the text file may change but the labels given in the header should not. \r\n\r\nI have tried the following (found on stackoverflow)\r\n\r\n   \r\n    Sub makeArray()\r\n    Dim myFile As String, sWhole\r\n    myFile = &quot;test.txt&quot;\r\n    Dim v As Variant\r\n    Open myFile For Input As #1\r\n    sWhole = Input$(LOF(1), 1)\r\n    Close #1\r\n    v = Split(sWhole, vbNewLine)\r\n    Debug.Print sWhole\r\n    End Sub\r\n\r\nThe code runs, but it is not delimited. I also need to be able to run calculations on some of the numbers in the text file.",
            "link": "https://stackoverflow.com/questions/49925120/importing-a-delimited-text-file-with-different-data-types-into-an-array",
            "title": "Importing a delimited text file with different data types into an array",
            "body": "<p>I have a text file with data like so:</p>\n\n<pre><code>ID|TIME|NAME||PRICE|QUANTITY\n123|2010-01-10 9:00|JOE||10.00|20\n456|2010-01-10 9:20|MARY||17.00|45\n</code></pre>\n\n<p>I need to consume this data in a vba code without modifying the spreadsheet I am working with. I figured I would consume it into a dynamic array, but I'm not sure how to do it with different data types. </p>\n\n<p>I have looked up various things about arrays, but I'm not sure where to start. Ultimately the vba should be able to consume a text file that a user provides, and the order the columns given in the text file may change but the labels given in the header should not. </p>\n\n<p>I have tried the following (found on stackoverflow)</p>\n\n<pre><code>Sub makeArray()\nDim myFile As String, sWhole\nmyFile = \"test.txt\"\nDim v As Variant\nOpen myFile For Input As #1\nsWhole = Input$(LOF(1), 1)\nClose #1\nv = Split(sWhole, vbNewLine)\nDebug.Print sWhole\nEnd Sub\n</code></pre>\n\n<p>The code runs, but it is not delimited. I also need to be able to run calculations on some of the numbers in the text file.</p>\n"
        },
        {
            "tags": [
                "php",
                "ajax"
            ],
            "owner": {
                "reputation": 1,
                "user_id": 9671252,
                "user_type": "registered",
                "profile_image": "https://www.gravatar.com/avatar/6d92bf50cec2dbf3a2a7a36fbf0ad8fc?s=128&d=identicon&r=PG&f=1",
                "display_name": "Adam Williams",
                "link": "https://stackoverflow.com/users/9671252/adam-williams"
            },
            "is_answered": false,
            "view_count": 22,
            "closed_date": 1524169416,
            "answer_count": 0,
            "score": -4,
            "last_activity_date": 1524160854,
            "creation_date": 1524160218,
            "last_edit_date": 1524160854,
            "question_id": 49927242,
            "body_markdown": "I know the following code is for an image upload via PHP and AJAX. I&#39;m looking to to get a more specific understanding of the code. Could someone explain? All feedback is valued!\r\n\r\n    &lt;?php \r\n    require_once(&#39;../../config.php&#39;);\r\n\r\n        if( isset( $_POST[&#39;name&#39;] ) ){\r\n\t\r\n\t    $post_fields_array = array();\r\n\t\r\n\t    $valid_formats = array(&#39;jpg&#39;, &#39;png&#39;, &#39;gif&#39;, &#39;bmp&#39;, &#39;jpeg&#39;); \r\n        $max_file_size = 1024 * 500; /* in kb */\r\n\t    $path = ABSPATH . &#39;img/uploads/&#39;; \r\n\t    $images = array();\r\n\t\r\n\t    if( isset( $_FILES[&#39;files&#39;] ) &amp;&amp; ! empty( $_FILES[&#39;files&#39;] ) ) { \r\n\t\tforeach ( $_FILES[&#39;files&#39;][&#39;name&#39;] as $f =&gt; $name ) {\r\n\t\t\t$extension = pathinfo( $name, PATHINFO_EXTENSION );\r\n\t\t\t\r\n\t\t\t$new_filename = generate_random_code( 20 )  . &#39;.&#39; . $extension;\r\n\t\t\t\r\n\t\t\tif ( $_FILES[&#39;files&#39;][&#39;error&#39;][$f] == 4 ) {\r\n\t\t\t\tcontinue; \r\n\t\t\t}\r\n\t\t\t\r\n\t\t\tif ( $_FILES[&#39;files&#39;][&#39;error&#39;][$f] == 0 ) {\r\n\t\t\t\t*/\r\n\t\t\t\tif ( $_FILES[&#39;files&#39;][&#39;size&#39;][$f] &gt; $max_file_size ) {\r\n\t\t\t\t\t$upload_message[] = $name . &#39;is too large!.&#39;;\r\n\t\t\t\t\tcontinue;\r\n\t\t\t\t\r\n\t\t\t\t\r\n\t\t\t\t} elseif( ! in_array( strtolower( $extension ), $valid_formats ) ){\r\n\t\t\t\t\t$upload_message[] = $name . &#39;is not a valid format&#39;;\r\n\t\t\t\t\tcontinue; \r\n\t\t\t\t\r\n\t\t\t\t} else{ \r\n\t\t\t\t\t/* If no errors, upload the file */\r\n\t\t\t\t\tif( move_uploaded_file( $_FILES[&quot;files&quot;][&quot;tmp_name&quot;][$f], $path . $new_filename ) ) {\r\n\t\t\t\t\t\t/* */\r\n\t\t\t\t\t\t$images[] = $new_filename;\r\n\t\t\t\t\t}\r\n\t\t\t\t}\r\n\t\t\t}\r\n\t\t}\r\n\t}\r\n\t\r\n\t    \r\n\tforeach( $_POST as $key =&gt; $value ){\r\n\t\tif( $key != &#39;images&#39;){\r\n\t\t\t$post_fields_array[$key] = $_POST[$key];\r\n\t\t}\r\n\t\tif( $key == &#39;price&#39; ){\r\n\t\t\t$post_fields_array[$key] = floatval( $_POST[&#39;price&#39;] );\r\n\t\t}\r\n\t}\r\n\t\r\n\t    $post_fields_array[&#39;images&#39;] = $images;\r\n\t\r\n\t  \r\n\t   $item_id = add_product( $post_fields_array );\r\n\t\r\n\t   \r\n\t   if( $images ){\r\n\t\tset_featured_image( $item_id, $images[0] );\r\n\t   }\r\n\t\r\n\t\r\n\techo $item_id ? $item_id : 0;\r\n\t\r\n    } else {\r\n\techo 0;\r\n    }",
            "link": "https://stackoverflow.com/questions/49927242/understanding-image-upload-code-php-ajax",
            "closed_reason": "unclear what you&#39;re asking",
            "title": "Understanding image upload code (php, ajax)",
            "body": "<p>I know the following code is for an image upload via PHP and AJAX. I'm looking to to get a more specific understanding of the code. Could someone explain? All feedback is valued!</p>\n\n<pre><code>&lt;?php \nrequire_once('../../config.php');\n\n    if( isset( $_POST['name'] ) ){\n\n    $post_fields_array = array();\n\n    $valid_formats = array('jpg', 'png', 'gif', 'bmp', 'jpeg'); \n    $max_file_size = 1024 * 500; /* in kb */\n    $path = ABSPATH . 'img/uploads/'; \n    $images = array();\n\n    if( isset( $_FILES['files'] ) &amp;&amp; ! empty( $_FILES['files'] ) ) { \n    foreach ( $_FILES['files']['name'] as $f =&gt; $name ) {\n        $extension = pathinfo( $name, PATHINFO_EXTENSION );\n\n        $new_filename = generate_random_code( 20 )  . '.' . $extension;\n\n        if ( $_FILES['files']['error'][$f] == 4 ) {\n            continue; \n        }\n\n        if ( $_FILES['files']['error'][$f] == 0 ) {\n            */\n            if ( $_FILES['files']['size'][$f] &gt; $max_file_size ) {\n                $upload_message[] = $name . 'is too large!.';\n                continue;\n\n\n            } elseif( ! in_array( strtolower( $extension ), $valid_formats ) ){\n                $upload_message[] = $name . 'is not a valid format';\n                continue; \n\n            } else{ \n                /* If no errors, upload the file */\n                if( move_uploaded_file( $_FILES[\"files\"][\"tmp_name\"][$f], $path . $new_filename ) ) {\n                    /* */\n                    $images[] = $new_filename;\n                }\n            }\n        }\n    }\n}\n\n\nforeach( $_POST as $key =&gt; $value ){\n    if( $key != 'images'){\n        $post_fields_array[$key] = $_POST[$key];\n    }\n    if( $key == 'price' ){\n        $post_fields_array[$key] = floatval( $_POST['price'] );\n    }\n}\n\n    $post_fields_array['images'] = $images;\n\n\n   $item_id = add_product( $post_fields_array );\n\n\n   if( $images ){\n    set_featured_image( $item_id, $images[0] );\n   }\n\n\necho $item_id ? $item_id : 0;\n\n} else {\necho 0;\n}\n</code></pre>\n"
        },
        {
            "tags": [
                "python",
                "list",
                "loops",
                "dynamic",
                "tuples"
            ],
            "owner": {
                "reputation": 171,
                "user_id": 3877165,
                "user_type": "registered",
                "accept_rate": 54,
                "profile_image": "https://www.gravatar.com/avatar/4f5b7a157319a9d89906ae5d04614599?s=128&d=identicon&r=PG&f=1",
                "display_name": "eternity1",
                "link": "https://stackoverflow.com/users/3877165/eternity1"
            },
            "is_answered": true,
            "view_count": 32,
            "answer_count": 2,
            "score": 1,
            "last_activity_date": 1524160846,
            "creation_date": 1524088132,
            "last_edit_date": 1524150323,
            "question_id": 49909524,
            "body_markdown": "I have a loop that creates subsets of a larger data frame, which are then used as input for a function for analysis. This function returns a list. I used prints to see where it stops. So for the first run in the loop I can see the subset, the list output of the function, but when it starts again, second run, I see the second subset but than at the function I get the following error:\r\n\r\n    &lt;ipython-input-11-8f6203e297e3&gt; in ssd(x, y)\r\n          8 \r\n          9     for i in range(x.shape[0]):\r\n    ---&gt; 10         spread_cumdiff += (x[i] - y[i]) **2\r\n         11 \r\n         12     return spread_cumdiff\r\n\r\n\r\nNote the above part is the last part &quot;before&quot; the python-error below. In fact, above has 2 more similar blocks, ie function a) which contains function b) which contains the block above.\r\n\r\n    ~/anaconda3/envs/thesis/lib/python3.5/site-packages/pandas/core/series.py in __getitem__(self, key)\r\n        621         key = com._apply_if_callable(key, self)\r\n        622         try:\r\n    --&gt; 623             result = self.index.get_value(self, key)\r\n        624 \r\n        625             if not is_scalar(result):\r\n    \r\n    ~/anaconda3/envs/thesis/lib/python3.5/site-packages/pandas/core/indexes/base.py in get_value(self, series, key)\r\n       2558         try:\r\n       2559             return self._engine.get_value(s, k,\r\n    -&gt; 2560                                           tz=getattr(series.dtype, &#39;tz&#39;, None))\r\n       2561         except KeyError as e1:\r\n       2562             if len(self) &gt; 0 and self.inferred_type in [&#39;integer&#39;, &#39;boolean&#39;]:\r\n    \r\n    pandas/_libs/index.pyx in pandas._libs.index.IndexEngine.get_value()\r\n    \r\n    pandas/_libs/index.pyx in pandas._libs.index.IndexEngine.get_value()\r\n    \r\n    pandas/_libs/index.pyx in pandas._libs.index.IndexEngine.get_loc()\r\n    \r\n    pandas/_libs/hashtable_class_helper.pxi in pandas._libs.hashtable.Int64HashTable.get_item()\r\n    \r\n    pandas/_libs/hashtable_class_helper.pxi in pandas._libs.hashtable.Int64HashTable.get_item()\r\n    \r\n    KeyError: 0\r\n\r\nI have it something along these lines:\r\n\r\n    df_test = pd.DataFrame(np.random.randint(low=0, high=10, size=(5, 5)),\r\n                        columns=[&#39;a&#39;, &#39;b&#39;, &#39;c&#39;, &#39;d&#39;, &#39;e&#39;], \r\n                        index = [&#39;20100101&#39;, &#39;20100102&#39;, &#39;20100103&#39;, &#39;20100104&#39;, &#39;20100105&#39;]\r\n\r\n    dfs = []\r\n    N = 3\r\n    for x in np.arange(len(df_test)+1)[N:]:\r\n        df1 = df_test.iloc[np.arange(x - N, x)]\r\n\r\n        test_list = myfunc(df1) # it takes in df1, makes some computation and returns a\r\n                                # list of 2-element tuples, i.e. [(&#39;a&#39;, &#39;b&#39;), (&#39;d&#39;, &#39;e&#39;)]\r\n\r\nedit: please see below the function:\r\n\r\n    def ssd(x, y):\r\n    \r\n        spread_cumdiff = 0\r\n        \r\n        for i in range(x.shape[0]):\r\n            #print(&quot;x_i&quot;, x[i])\r\n            #print(&quot;y_i&quot;, y[i])\r\n            spread_cumdiff += (x[i] - y[i]) **2\r\n        \r\n        return spread_cumdiff\r\n\r\nI tried to use the print function but it doesn&#39;t even come that far for the second run of the loop. \r\n\r\n    def pairs_match(df, p):\r\n            \r\n        df_norm = df.assign(**df.drop(&#39;datetime&#39;, 1).pipe(lambda d: d.div(d.shift().bfill()).cumprod()))\r\n        df_norm = df_norm.replace([np.inf, -np.inf], np.nan)\r\n        \r\n        df_norm.fillna(method = &#39;ffill&#39;, inplace = True)\r\n        df_norm.fillna(method = &#39;bfill&#39;, inplace = True)\r\n        \r\n        ticker = df_norm.columns.values.tolist()\r\n        ticker.pop(0)\r\n        ticker_list = pd.DataFrame({&#39;ticker&#39;: ticker})\r\n        \r\n        # to be implemented: if length of list list &lt;2, then skip the entire run! \r\n        \r\n        all_pairs = list(itertools.permutations(ticker_list.ticker, 2))\r\n        squared = []\r\n        presel_pairs = []\r\n        \r\n        for i in all_pairs:\r\n            squared.append(ssd(df_norm[i[0]].head(n = train_win), df_norm[i[1]].head(n = train_win)))   # ssd(x,y) function from above\r\n        \r\n        tbl_dist = pd.DataFrame({&#39;Pair&#39; : all_pairs, &#39;SSD&#39; : squared})\r\n        \r\n        ssd_perctl = p\r\n        ssd_thresh = stats.scoreatpercentile(tbl_dist[&#39;SSD&#39;], ssd_perctl)\r\n        \r\n        presel_pairs = tbl_dist[tbl_dist[&#39;SSD&#39;] &lt;= ssd_thresh]\r\n        presel_pairs_list = presel_pairs[&#39;Pair&#39;]\r\n        presel_pairs_list = presel_pairs_list.reset_index(drop = True)\r\n        \r\n        return presel_pairs_list      \r\n\r\n`def pairs_match(df, p)` returns a list, which is then used in another function. ",
            "link": "https://stackoverflow.com/questions/49909524/python-keyerror-0-function-that-creates-a-list-from-subsets-of-data-frame-ac",
            "title": "Python: KeyError: 0 - function that creates a list from subsets of data frame accessed via a loop",
            "body": "<p>I have a loop that creates subsets of a larger data frame, which are then used as input for a function for analysis. This function returns a list. I used prints to see where it stops. So for the first run in the loop I can see the subset, the list output of the function, but when it starts again, second run, I see the second subset but than at the function I get the following error:</p>\n\n<pre><code>&lt;ipython-input-11-8f6203e297e3&gt; in ssd(x, y)\n      8 \n      9     for i in range(x.shape[0]):\n---&gt; 10         spread_cumdiff += (x[i] - y[i]) **2\n     11 \n     12     return spread_cumdiff\n</code></pre>\n\n<p>Note the above part is the last part \"before\" the python-error below. In fact, above has 2 more similar blocks, ie function a) which contains function b) which contains the block above.</p>\n\n<pre><code>~/anaconda3/envs/thesis/lib/python3.5/site-packages/pandas/core/series.py in __getitem__(self, key)\n    621         key = com._apply_if_callable(key, self)\n    622         try:\n--&gt; 623             result = self.index.get_value(self, key)\n    624 \n    625             if not is_scalar(result):\n\n~/anaconda3/envs/thesis/lib/python3.5/site-packages/pandas/core/indexes/base.py in get_value(self, series, key)\n   2558         try:\n   2559             return self._engine.get_value(s, k,\n-&gt; 2560                                           tz=getattr(series.dtype, 'tz', None))\n   2561         except KeyError as e1:\n   2562             if len(self) &gt; 0 and self.inferred_type in ['integer', 'boolean']:\n\npandas/_libs/index.pyx in pandas._libs.index.IndexEngine.get_value()\n\npandas/_libs/index.pyx in pandas._libs.index.IndexEngine.get_value()\n\npandas/_libs/index.pyx in pandas._libs.index.IndexEngine.get_loc()\n\npandas/_libs/hashtable_class_helper.pxi in pandas._libs.hashtable.Int64HashTable.get_item()\n\npandas/_libs/hashtable_class_helper.pxi in pandas._libs.hashtable.Int64HashTable.get_item()\n\nKeyError: 0\n</code></pre>\n\n<p>I have it something along these lines:</p>\n\n<pre><code>df_test = pd.DataFrame(np.random.randint(low=0, high=10, size=(5, 5)),\n                    columns=['a', 'b', 'c', 'd', 'e'], \n                    index = ['20100101', '20100102', '20100103', '20100104', '20100105']\n\ndfs = []\nN = 3\nfor x in np.arange(len(df_test)+1)[N:]:\n    df1 = df_test.iloc[np.arange(x - N, x)]\n\n    test_list = myfunc(df1) # it takes in df1, makes some computation and returns a\n                            # list of 2-element tuples, i.e. [('a', 'b'), ('d', 'e')]\n</code></pre>\n\n<p>edit: please see below the function:</p>\n\n<pre><code>def ssd(x, y):\n\n    spread_cumdiff = 0\n\n    for i in range(x.shape[0]):\n        #print(\"x_i\", x[i])\n        #print(\"y_i\", y[i])\n        spread_cumdiff += (x[i] - y[i]) **2\n\n    return spread_cumdiff\n</code></pre>\n\n<p>I tried to use the print function but it doesn't even come that far for the second run of the loop. </p>\n\n<pre><code>def pairs_match(df, p):\n\n    df_norm = df.assign(**df.drop('datetime', 1).pipe(lambda d: d.div(d.shift().bfill()).cumprod()))\n    df_norm = df_norm.replace([np.inf, -np.inf], np.nan)\n\n    df_norm.fillna(method = 'ffill', inplace = True)\n    df_norm.fillna(method = 'bfill', inplace = True)\n\n    ticker = df_norm.columns.values.tolist()\n    ticker.pop(0)\n    ticker_list = pd.DataFrame({'ticker': ticker})\n\n    # to be implemented: if length of list list &lt;2, then skip the entire run! \n\n    all_pairs = list(itertools.permutations(ticker_list.ticker, 2))\n    squared = []\n    presel_pairs = []\n\n    for i in all_pairs:\n        squared.append(ssd(df_norm[i[0]].head(n = train_win), df_norm[i[1]].head(n = train_win)))   # ssd(x,y) function from above\n\n    tbl_dist = pd.DataFrame({'Pair' : all_pairs, 'SSD' : squared})\n\n    ssd_perctl = p\n    ssd_thresh = stats.scoreatpercentile(tbl_dist['SSD'], ssd_perctl)\n\n    presel_pairs = tbl_dist[tbl_dist['SSD'] &lt;= ssd_thresh]\n    presel_pairs_list = presel_pairs['Pair']\n    presel_pairs_list = presel_pairs_list.reset_index(drop = True)\n\n    return presel_pairs_list      \n</code></pre>\n\n<p><code>def pairs_match(df, p)</code> returns a list, which is then used in another function. </p>\n"
        },
        {
            "tags": [
                "c",
                "printf"
            ],
            "owner": {
                "reputation": 133,
                "user_id": 3812403,
                "user_type": "registered",
                "accept_rate": 20,
                "profile_image": "https://www.gravatar.com/avatar/0963dc953188cca0374d4fa3436748ab?s=128&d=identicon&r=PG&f=1",
                "display_name": "ByteMe95",
                "link": "https://stackoverflow.com/users/3812403/byteme95"
            },
            "is_answered": true,
            "view_count": 54,
            "accepted_answer_id": 49927414,
            "answer_count": 1,
            "score": 5,
            "last_activity_date": 1524160824,
            "creation_date": 1524160548,
            "question_id": 49927342,
            "body_markdown": "I just ran into this weird scenario and I just cant explain it.  I&#39;m just really curious as to whats happening more than anything.\r\nI have this sample code:\r\n\r\n    #include &lt;stdio.h&gt;\r\n    #include &lt;stdint.h&gt;\r\n\r\n    int main()\r\n    {\r\n        int64_t qty = 900;\r\n        double  p   = 74.45;\r\n    \r\n        printf( &quot;%f|%ld\\n&quot;, p, qty );\r\n        printf( &quot;%f|%ld\\n&quot;, qty, p );\r\n        return 0;\r\n    }\r\n\r\nNote that in the second printf I provide the arguments in the WRONG ORDER, not to mention the fact that the types are wrong.  However, I still get the CORRECT output in both? How odd is that...\r\nCompiling with gcc 7.2:\r\n\r\n    $ ./a.out\r\n    74.450000|900\r\n    74.450000|900\r\n\r\nWhats going on here?",
            "link": "https://stackoverflow.com/questions/49927342/wrong-printf-types-still-printing-correct-values",
            "title": "wrong printf types still printing correct values",
            "body": "<p>I just ran into this weird scenario and I just cant explain it.  I'm just really curious as to whats happening more than anything.\nI have this sample code:</p>\n\n<pre><code>#include &lt;stdio.h&gt;\n#include &lt;stdint.h&gt;\n\nint main()\n{\n    int64_t qty = 900;\n    double  p   = 74.45;\n\n    printf( \"%f|%ld\\n\", p, qty );\n    printf( \"%f|%ld\\n\", qty, p );\n    return 0;\n}\n</code></pre>\n\n<p>Note that in the second printf I provide the arguments in the WRONG ORDER, not to mention the fact that the types are wrong.  However, I still get the CORRECT output in both? How odd is that...\nCompiling with gcc 7.2:</p>\n\n<pre><code>$ ./a.out\n74.450000|900\n74.450000|900\n</code></pre>\n\n<p>Whats going on here?</p>\n"
        },
        {
            "tags": [
                "javascript",
                "arrays"
            ],
            "owner": {
                "reputation": 64,
                "user_id": 9575198,
                "user_type": "registered",
                "profile_image": "https://lh3.googleusercontent.com/-XdUIqdMkCWA/AAAAAAAAAAI/AAAAAAAAAAA/4252rscbv5M/photo.jpg?sz=128",
                "display_name": "Vincent Nguyen",
                "link": "https://stackoverflow.com/users/9575198/vincent-nguyen"
            },
            "is_answered": true,
            "view_count": 39,
            "accepted_answer_id": 49927170,
            "answer_count": 6,
            "score": 0,
            "last_activity_date": 1524160823,
            "creation_date": 1524159466,
            "last_edit_date": 1524160210,
            "question_id": 49927043,
            "body_markdown": "I think there is an easy solution but I&#39;ve been working so long my brain is fried.\r\n\r\nI have two arrays say for example:\r\n\r\n    [{name: &quot;bob&quot;, age: 5},\r\n     {name: &quot;bob&quot;, age: 6}\r\n     {name: &quot;jim&quot;, age: 7}]\r\n\r\nand an array I want to match against:\r\n\r\n    [{name: &quot;bob&quot;, age: 5},\r\n     {name: &quot;bob&quot;, age: 6}]\r\n\r\nI want to iterate through the first array and update all entries with `name: bob` to `age + 1`. So the resulting first array will be: \r\n\r\n    [{name: &quot;bob&quot;, age: 6},\r\n     {name: &quot;bob&quot;, age: 7}\r\n     {name: &quot;jim&quot;, age: 7}]\r\n\r\nI&#39;ve tried a double for loop iterating through array1 then through array2 but the problem I get with that is I&#39;ll match `bob` twice, and in turn increment the age twice.",
            "link": "https://stackoverflow.com/questions/49927043/find-matching-elements-between-two-arrays-and-update-them",
            "title": "Find matching elements between two arrays and update them",
            "body": "<p>I think there is an easy solution but I've been working so long my brain is fried.</p>\n\n<p>I have two arrays say for example:</p>\n\n<pre><code>[{name: \"bob\", age: 5},\n {name: \"bob\", age: 6}\n {name: \"jim\", age: 7}]\n</code></pre>\n\n<p>and an array I want to match against:</p>\n\n<pre><code>[{name: \"bob\", age: 5},\n {name: \"bob\", age: 6}]\n</code></pre>\n\n<p>I want to iterate through the first array and update all entries with <code>name: bob</code> to <code>age + 1</code>. So the resulting first array will be: </p>\n\n<pre><code>[{name: \"bob\", age: 6},\n {name: \"bob\", age: 7}\n {name: \"jim\", age: 7}]\n</code></pre>\n\n<p>I've tried a double for loop iterating through array1 then through array2 but the problem I get with that is I'll match <code>bob</code> twice, and in turn increment the age twice.</p>\n"
        }
    ],
    "has_more": true,
    "quota_max": 300,
    "quota_remaining": 184
}