{
    "items": [
        {
            "tags": [
                "php",
                "pdo"
            ],
            "owner": {
                "reputation": 1,
                "user_id": 9636324,
                "user_type": "registered",
                "profile_image": "https://www.gravatar.com/avatar/89e48548664434ee971b6d79b6f0406e?s=128&d=identicon&r=PG&f=1",
                "display_name": "Pham",
                "link": "https://stackoverflow.com/users/9636324/pham"
            },
            "is_answered": false,
            "view_count": 19,
            "answer_count": 0,
            "score": -1,
            "last_activity_date": 1523540501,
            "creation_date": 1523540501,
            "question_id": 49798149,
            "body_markdown": "I want to insert multiple rows of data which are from a form by using one prepare statement but it unable to insert data into database. \r\nHere is my code of form I created:\r\n\r\n    $websiteErr =  &quot;&quot;;\r\n    $name = $city =$bestplayer = $website = $yearformed =  &quot;&quot;;\r\n    \r\n    if ($_SERVER[&quot;REQUEST_METHOD&quot;] == &quot;POST&quot;) {\r\n      $name = validate_input($_POST[&quot;name&quot;]??&#39;&#39;);\r\n      $city = validate_input($_POST[&quot;city&quot;]??&#39;&#39;);\r\n      $bestplayer = validate_input($_POST[&quot;bestplayer&quot;]??&#39;&#39;);\r\n      $website = validate_input($_POST[&quot;website&quot;]??&#39;&#39;);\r\n      $yearformed = validate_input($_POST[&quot;yearformed&quot;]??&#39;&#39;);\r\n        \r\n    if (empty($_POST[&quot;website&quot;])) {\r\n        $websiteErr = &quot; &quot;;\r\n      } else {\r\n        $website = validate_input($_POST[&quot;website&quot;]??&#39;&#39;);\r\n        if (!preg_match(&quot;/\\b(?:(?:https?|ftp):\\/\\/|www\\.)[-a-z0-9+&amp;@#\\/%?=~_|!:,.;]*[-a-z0-9+&amp;@#\\/%=~_|]/i&quot;,$website)) {\r\n          $websiteErr = &quot;Invalid URL&quot;; \r\n        }  \r\n      }\r\n    }\r\n    function validate_input($data) {\r\n      $data = trim($data);\r\n      $data = stripslashes($data);\r\n      $data = htmlspecialchars($data);\r\n      return $data;\r\n    }\r\n    \r\n    ?&gt;\r\n    &lt;table&gt;\r\n    &lt;form method=&quot;POST&quot; action=&quot;teamsresult.php&quot;&gt;\r\n        Insert information for 4 teams below to insert data for database: &lt;br&gt;&lt;br&gt;\r\n        &lt;?php\r\n        for ($i=1; $i&lt;=4; $i++)\r\n        {\r\n        ?&gt;\r\n      &lt;tr&gt;\r\n        &lt;td colspan= &#39;2&#39;&gt; Team #&lt;?php echo $i; ?&gt; &lt;/td&gt;\r\n      &lt;/tr&gt;\r\n      &lt;input type =&quot;hidden&quot; value=&quot;4&quot; name= &quot;numbers&quot;&gt;&lt;/input&gt;\r\n      &lt;tr&gt;\r\n        &lt;td&gt;Team Name: &lt;/td&gt;\r\n        &lt;td&gt;&lt;input type=&quot;text&quot; name=&quot;name[]&quot;/&lt;/td&gt;\r\n      &lt;/tr&gt;\r\n      &lt;tr&gt;\r\n        &lt;td&gt;City: &lt;/td&gt;\r\n        &lt;td&gt;&lt;input type=&quot;text&quot; name=&quot;city[]&quot;/&lt;/td&gt;\r\n      &lt;/tr&gt;\r\n      &lt;tr&gt;\r\n        &lt;td&gt;Best Player: &lt;/td&gt;\r\n        &lt;td&gt;&lt;input type=&quot;text&quot; name=&quot;bestplayer[]&quot;/&lt;/td&gt;\r\n      &lt;/tr&gt;\r\n      &lt;tr&gt;\r\n        &lt;td&gt;Website: &lt;/td&gt;\r\n        &lt;td&gt;&lt;input type=&quot;text&quot; name=&quot;website[]&quot;/&lt;/td&gt;\r\n      &lt;/tr&gt;\r\n      &lt;tr&gt;\r\n        &lt;td&gt;Year Formed: &lt;/td&gt;\r\n        &lt;td&gt;&lt;input type=&quot;text&quot; name=&quot;yearformed[]&quot;/&lt;/td&gt;\r\n      &lt;/tr&gt;\r\n      &lt;tr&gt;\r\n        &lt;td colspan= &#39;2&#39;&gt; &amp;nbsp; &lt;/td&gt;\r\n      &lt;/tr&gt;\r\n    &lt;?php } ?&gt;\r\n    &lt;/table&gt;\r\n    &lt;input class=&quot;styled-button&quot; type=&quot;submit&quot; name=&quot;conn5&quot; value=&quot;Submit&quot;&gt;\r\n    \r\n    &lt;/form&gt;\r\n\r\nHere is my code I use PDO with prepared statements:\r\n\r\n    &lt;?php\r\n    $servername = &quot;localhost&quot;;\r\n    $username = &quot;root&quot;;\r\n    $password = &quot;&quot;;\r\n    $dbname = &quot;db&quot;;\r\n    try {\r\n        $conn5 = new PDO(&quot;mysql:host=$servername;dbname=$dbname&quot;, $username, $password);\r\n        \r\n        $conn5-&gt;setAttribute(PDO::ATTR_ERRMODE, PDO::ERRMODE_EXCEPTION);\r\n    \r\n        for ($i=0; $i&lt;=4; $i++) {\r\n        $stmt = $conn5-&gt;prepare(&quot;INSERT INTO `teams` (`teamname`, `city`, `bestplayer`, `website`, `yearformed`)\r\n        VALUES (:name, :city, :bestplayer, :website, :yearformed)&quot;);\r\n        \r\n        $stmt-&gt;bindParam(&#39;:name&#39;, $_POST[&#39;name&#39;][$i]);\r\n        $stmt-&gt;bindParam(&#39;:city&#39;, $_POST[&#39;city&#39;][$i]);\r\n        $stmt-&gt;bindParam(&#39;:bestplayer&#39;, $_POST[&#39;bestplayer&#39;][$i]);\r\n        $stmt-&gt;bindParam(&#39;:website&#39;, $_POST[&#39;website&#39;][$i]);\r\n        $stmt-&gt;bindParam(&#39;:yearformed&#39;,_POST[&#39;yearformed&#39;][$i]);\r\n        \r\n    \r\n        $name = &quot;$_POST[&#39;name&#39;][$i]&quot;;\r\n        $city = &quot;$_POST[&#39;city&#39;][$i]&quot;;\r\n        $bestplayer = &quot;$_POST[&#39;bestplayer&#39;][$i]&quot;;\r\n        $website= &quot;$_POST[&#39;website&#39;][$i]&quot;;\r\n        $yearformed = &quot;$_POST[&#39;yearformed&#39;][$i]&quot;;\r\n        $stmt-&gt;execute();\r\n        }\r\n    \r\n        echo &quot;New records created successfully&quot;;\r\n        }\r\n    catch(PDOException $e)\r\n        {\r\n        echo &quot;Error: &quot; . $e-&gt;getMessage();\r\n        }\r\n    $conn5 = null;\r\n    \r\n    ?&gt;\r\n\r\nI am a newbie and I don&#39;t know why and how to fix this problem. I appreciate any help. Thank you. ",
            "link": "https://stackoverflow.com/questions/49798149/php-insert-multi-rows-data-from-a-form-with-prepare-statement-pdo",
            "title": "php - Insert multi rows - data from a form - with prepare statement ( PDO )",
            "body": "<p>I want to insert multiple rows of data which are from a form by using one prepare statement but it unable to insert data into database. \nHere is my code of form I created:</p>\n\n<pre><code>$websiteErr =  \"\";\n$name = $city =$bestplayer = $website = $yearformed =  \"\";\n\nif ($_SERVER[\"REQUEST_METHOD\"] == \"POST\") {\n  $name = validate_input($_POST[\"name\"]??'');\n  $city = validate_input($_POST[\"city\"]??'');\n  $bestplayer = validate_input($_POST[\"bestplayer\"]??'');\n  $website = validate_input($_POST[\"website\"]??'');\n  $yearformed = validate_input($_POST[\"yearformed\"]??'');\n\nif (empty($_POST[\"website\"])) {\n    $websiteErr = \" \";\n  } else {\n    $website = validate_input($_POST[\"website\"]??'');\n    if (!preg_match(\"/\\b(?:(?:https?|ftp):\\/\\/|www\\.)[-a-z0-9+&amp;@#\\/%?=~_|!:,.;]*[-a-z0-9+&amp;@#\\/%=~_|]/i\",$website)) {\n      $websiteErr = \"Invalid URL\"; \n    }  \n  }\n}\nfunction validate_input($data) {\n  $data = trim($data);\n  $data = stripslashes($data);\n  $data = htmlspecialchars($data);\n  return $data;\n}\n\n?&gt;\n&lt;table&gt;\n&lt;form method=\"POST\" action=\"teamsresult.php\"&gt;\n    Insert information for 4 teams below to insert data for database: &lt;br&gt;&lt;br&gt;\n    &lt;?php\n    for ($i=1; $i&lt;=4; $i++)\n    {\n    ?&gt;\n  &lt;tr&gt;\n    &lt;td colspan= '2'&gt; Team #&lt;?php echo $i; ?&gt; &lt;/td&gt;\n  &lt;/tr&gt;\n  &lt;input type =\"hidden\" value=\"4\" name= \"numbers\"&gt;&lt;/input&gt;\n  &lt;tr&gt;\n    &lt;td&gt;Team Name: &lt;/td&gt;\n    &lt;td&gt;&lt;input type=\"text\" name=\"name[]\"/&lt;/td&gt;\n  &lt;/tr&gt;\n  &lt;tr&gt;\n    &lt;td&gt;City: &lt;/td&gt;\n    &lt;td&gt;&lt;input type=\"text\" name=\"city[]\"/&lt;/td&gt;\n  &lt;/tr&gt;\n  &lt;tr&gt;\n    &lt;td&gt;Best Player: &lt;/td&gt;\n    &lt;td&gt;&lt;input type=\"text\" name=\"bestplayer[]\"/&lt;/td&gt;\n  &lt;/tr&gt;\n  &lt;tr&gt;\n    &lt;td&gt;Website: &lt;/td&gt;\n    &lt;td&gt;&lt;input type=\"text\" name=\"website[]\"/&lt;/td&gt;\n  &lt;/tr&gt;\n  &lt;tr&gt;\n    &lt;td&gt;Year Formed: &lt;/td&gt;\n    &lt;td&gt;&lt;input type=\"text\" name=\"yearformed[]\"/&lt;/td&gt;\n  &lt;/tr&gt;\n  &lt;tr&gt;\n    &lt;td colspan= '2'&gt; &amp;nbsp; &lt;/td&gt;\n  &lt;/tr&gt;\n&lt;?php } ?&gt;\n&lt;/table&gt;\n&lt;input class=\"styled-button\" type=\"submit\" name=\"conn5\" value=\"Submit\"&gt;\n\n&lt;/form&gt;\n</code></pre>\n\n<p>Here is my code I use PDO with prepared statements:</p>\n\n<pre><code>&lt;?php\n$servername = \"localhost\";\n$username = \"root\";\n$password = \"\";\n$dbname = \"db\";\ntry {\n    $conn5 = new PDO(\"mysql:host=$servername;dbname=$dbname\", $username, $password);\n\n    $conn5-&gt;setAttribute(PDO::ATTR_ERRMODE, PDO::ERRMODE_EXCEPTION);\n\n    for ($i=0; $i&lt;=4; $i++) {\n    $stmt = $conn5-&gt;prepare(\"INSERT INTO `teams` (`teamname`, `city`, `bestplayer`, `website`, `yearformed`)\n    VALUES (:name, :city, :bestplayer, :website, :yearformed)\");\n\n    $stmt-&gt;bindParam(':name', $_POST['name'][$i]);\n    $stmt-&gt;bindParam(':city', $_POST['city'][$i]);\n    $stmt-&gt;bindParam(':bestplayer', $_POST['bestplayer'][$i]);\n    $stmt-&gt;bindParam(':website', $_POST['website'][$i]);\n    $stmt-&gt;bindParam(':yearformed',_POST['yearformed'][$i]);\n\n\n    $name = \"$_POST['name'][$i]\";\n    $city = \"$_POST['city'][$i]\";\n    $bestplayer = \"$_POST['bestplayer'][$i]\";\n    $website= \"$_POST['website'][$i]\";\n    $yearformed = \"$_POST['yearformed'][$i]\";\n    $stmt-&gt;execute();\n    }\n\n    echo \"New records created successfully\";\n    }\ncatch(PDOException $e)\n    {\n    echo \"Error: \" . $e-&gt;getMessage();\n    }\n$conn5 = null;\n\n?&gt;\n</code></pre>\n\n<p>I am a newbie and I don't know why and how to fix this problem. I appreciate any help. Thank you. </p>\n"
        },
        {
            "tags": [
                "java",
                "eclipse",
                "jni",
                "lotus-notes",
                "osx-elcapitan"
            ],
            "owner": {
                "reputation": 16385,
                "user_id": 131021,
                "user_type": "registered",
                "accept_rate": 86,
                "profile_image": "https://www.gravatar.com/avatar/8b244c19421b34079796e5e64fc8ff75?s=128&d=identicon&r=PG",
                "display_name": "stwissel",
                "link": "https://stackoverflow.com/users/131021/stwissel"
            },
            "is_answered": true,
            "view_count": 311,
            "accepted_answer_id": 39578756,
            "answer_count": 2,
            "score": 2,
            "last_activity_date": 1523540500,
            "creation_date": 1473769423,
            "last_edit_date": 1473777436,
            "question_id": 39470027,
            "body_markdown": "I&#39;m trying to run a HelloWord Java application that accesses the Notes client on a Mac. I had that working on older versions. Currently I have Java 1.8.0_101-b13 an OS/X 10.11.6. I try to run this code:\r\n    \r\n    import lotus.domino.NotesException;\r\n    import lotus.domino.NotesFactory;\r\n    import lotus.domino.NotesThread;\r\n    import lotus.domino.Session;\r\n    \r\n    public class HelloWorld {\r\n    \r\n      public static void main(String[] args) throws NotesException {\r\n        HelloWorld hw = new HelloWorld();\r\n        hw.sayHello();\r\n      }\r\n    \r\n      private void sayHello() throws NotesException {\r\n        System.out.println(&quot;java.library.path: &quot;+ System.getProperty(&quot;java.library.path&quot;));\r\n        System.out.println(&quot;PATH: &quot;+ System.getenv(&quot;PATH&quot;));\r\n        NotesThread.sinitThread();\r\n        Session s = NotesFactory.createSession();\r\n        System.out.println(s.getEffectiveUserName());\r\n        NotesThread.stermThread();\r\n      }\r\n    } \r\n\r\nI&#39;ve set `LD_LIBRARY_PATH=/Applications/IBM Notes.app` in an Eclipse run configuration. When I run the app I get:\r\n\r\n&gt;java.library.path: /Applications/IBM Notes.app:/Users/joe/Library/Java/Extensions:/Library/Java/Extensions:/Network/Library/Java/Extensions:/System/Library/Java/Extensions:/usr/lib/java:.\r\n    PATH: /Applications/IBM Notes.app:/usr/bin:/bin:/usr/sbin:/sbin\r\n    Exception in thread &quot;main&quot; java.lang.UnsatisfiedLinkError: no lsxbe in java.library.path\r\n\t    at java.lang.ClassLoader.loadLibrary(ClassLoader.java:1864)\r\n\t    at java.lang.Runtime.loadLibrary0(Runtime.java:870)\r\n\t    at java.lang.System.loadLibrary(System.java:1122)\r\n\t    at lotus.domino.NotesThread.load(Unknown Source)\r\n\t    at lotus.domino.NotesThread.checkLoaded(Unknown Source)\r\n\t    at lotus.domino.NotesThread.sinitThread(Unknown Source)\r\n\t    at com.notessensei.HelloWorld.sayHello(HelloWorld.java:31)\r\n\t    at com.notessensei.HelloWorld.main(HelloWorld.java:20)\r\n\r\nThe library path looks OK. I must be missing something obvious?\r\n\r\n**Update**: When you look at the output, Java picks up the `LD_LIBRARY_PATH` variable, so `DYLD_LIBRARY_PATH` seems not to be needed (I added it to test to no avail). DYLD... seems to [be problematic](https://github.com/soumith/cudnn.torch/issues/111) on OS/X.\r\n\r\nOne thought which isn&#39;t clear: In the OS/X world you usually point to the App (IBM Notes.app), but the content is actually in `appname.app/Contents/MacOS`. I think I tried both with the same result. Does the space in the path throw up?\r\n\r\n**Update 2**: As requested the output of `otool -L liblsxbe.dylib`\r\n\r\n&gt;liblsxbe.dylib:\r\n\t@executable_path/liblsxbe.dylib (compatibility version 0.0.0, current version 0.0.0)\r\n\t@executable_path/libxmlproc.dylib (compatibility version 0.0.0, current version 0.0.0)\r\n\t@executable_path/libnotes.dylib (compatibility version 0.0.0, current version 0.0.0)\r\n\t/System/Library/Frameworks/Carbon.framework/Versions/A/Carbon (compatibility version 2.0.0, current version 157.0.0)\r\n\t/usr/lib/libstdc++.6.dylib (compatibility version 7.0.0, current version 60.0.0)\r\n\t/usr/lib/libSystem.B.dylib (compatibility version 1.0.0, current version 1197.1.1)\r\n\r\n`otool -L libxmlproc.dylib`\r\n&gt;libxmlproc.dylib:\r\n\t@executable_path/libxmlproc.dylib (compatibility version 0.0.0, current version 0.0.0)\r\n\t@executable_path/libnotes.dylib (compatibility version 0.0.0, current version 0.0.0)\r\n\t/System/Library/Frameworks/Carbon.framework/Versions/A/Carbon (compatibility version 2.0.0, current version 157.0.0)\r\n\t/usr/lib/libstdc++.6.dylib (compatibility version 7.0.0, current version 60.0.0)\r\n\t/usr/lib/libSystem.B.dylib (compatibility version 1.0.0, current version 1197.1.1)\r\n\r\n`otool -L libnotes.dylib&#39;\r\n&gt;libnotes.dylib:\r\n\t@executable_path/libnotes.dylib (compatibility version 0.0.0, current version 0.0.0)\r\n\t/usr/lib/libresolv.9.dylib (compatibility version 1.0.0, current version 1.0.0)\r\n\t@executable_path/libjsmac.dylib (compatibility version 0.0.0, current version 0.0.0)\r\n\t@executable_path/libndgts.dylib (compatibility version 0.0.0, current version 0.0.0)\r\n\t@executable_path/libxmlproc.dylib (compatibility version 0.0.0, current version 0.0.0)\r\n\t@executable_path/libgsk8iccs.dylib (compatibility version 0.0.0, current version 0.0.0)\r\n\t/System/Library/Frameworks/Security.framework/Versions/A/Security (compatibility version 1.0.0, current version 55471.14.0)\r\n\t/System/Library/Frameworks/IOKit.framework/Versions/A/IOKit (compatibility version 1.0.0, current version 275.0.0)\r\n\t/System/Library/Frameworks/Cocoa.framework/Versions/A/Cocoa (compatibility version 1.0.0, current version 20.0.0)\r\n\t/System/Library/Frameworks/Carbon.framework/Versions/A/Carbon (compatibility version 2.0.0, current version 157.0.0)\r\n\t/usr/lib/libstdc++.6.dylib (compatibility version 7.0.0, current version 60.0.0)\r\n\t/usr/lib/libSystem.B.dylib (compatibility version 1.0.0, current version 1197.1.1)\r\n\t/System/Library/Frameworks/CoreFoundation.framework/Versions/A/CoreFoundation (compatibility version 150.0.0, current version 855.14.0)\r\n\t/usr/lib/libobjc.A.dylib (compatibility version 1.0.0, current version 228.0.0)\r\n\t/System/Library/Frameworks/AppKit.framework/Versions/C/AppKit (compatibility version 45.0.0, current version 1265.19.0)\r\n\t/System/Library/Frameworks/CFNetwork.framework/Versions/A/CFNetwork (compatibility version 1.0.0, current version 673.2.1)\r\n\t/System/Library/Frameworks/ApplicationServices.framework/Versions/A/ApplicationServices (compatibility version 1.0.0, current version 48.0.0)\r\n\t/System/Library/Frameworks/CoreServices.framework/Versions/A/CoreServices (compatibility version 1.0.0, current version 59.0.0)\r\n\r\nWhat else?\r\n",
            "link": "https://stackoverflow.com/questions/39470027/running-an-ibm-notes-java-application-on-os-x-el-capitan-throws-unsatisfiedlinke",
            "title": "Running an IBM Notes Java Application on OS X El Capitan throws UnsatisfiedLinkError",
            "body": "<p>I'm trying to run a HelloWord Java application that accesses the Notes client on a Mac. I had that working on older versions. Currently I have Java 1.8.0_101-b13 an OS/X 10.11.6. I try to run this code:</p>\n\n<pre><code>import lotus.domino.NotesException;\nimport lotus.domino.NotesFactory;\nimport lotus.domino.NotesThread;\nimport lotus.domino.Session;\n\npublic class HelloWorld {\n\n  public static void main(String[] args) throws NotesException {\n    HelloWorld hw = new HelloWorld();\n    hw.sayHello();\n  }\n\n  private void sayHello() throws NotesException {\n    System.out.println(\"java.library.path: \"+ System.getProperty(\"java.library.path\"));\n    System.out.println(\"PATH: \"+ System.getenv(\"PATH\"));\n    NotesThread.sinitThread();\n    Session s = NotesFactory.createSession();\n    System.out.println(s.getEffectiveUserName());\n    NotesThread.stermThread();\n  }\n} \n</code></pre>\n\n<p>I've set <code>LD_LIBRARY_PATH=/Applications/IBM Notes.app</code> in an Eclipse run configuration. When I run the app I get:</p>\n\n<blockquote>\n  <p>java.library.path: /Applications/IBM Notes.app:/Users/joe/Library/Java/Extensions:/Library/Java/Extensions:/Network/Library/Java/Extensions:/System/Library/Java/Extensions:/usr/lib/java:.\n      PATH: /Applications/IBM Notes.app:/usr/bin:/bin:/usr/sbin:/sbin\n      Exception in thread \"main\" java.lang.UnsatisfiedLinkError: no lsxbe in java.library.path\n          at java.lang.ClassLoader.loadLibrary(ClassLoader.java:1864)\n          at java.lang.Runtime.loadLibrary0(Runtime.java:870)\n          at java.lang.System.loadLibrary(System.java:1122)\n          at lotus.domino.NotesThread.load(Unknown Source)\n          at lotus.domino.NotesThread.checkLoaded(Unknown Source)\n          at lotus.domino.NotesThread.sinitThread(Unknown Source)\n          at com.notessensei.HelloWorld.sayHello(HelloWorld.java:31)\n          at com.notessensei.HelloWorld.main(HelloWorld.java:20)</p>\n</blockquote>\n\n<p>The library path looks OK. I must be missing something obvious?</p>\n\n<p><strong>Update</strong>: When you look at the output, Java picks up the <code>LD_LIBRARY_PATH</code> variable, so <code>DYLD_LIBRARY_PATH</code> seems not to be needed (I added it to test to no avail). DYLD... seems to <a href=\"https://github.com/soumith/cudnn.torch/issues/111\" rel=\"nofollow\">be problematic</a> on OS/X.</p>\n\n<p>One thought which isn't clear: In the OS/X world you usually point to the App (IBM Notes.app), but the content is actually in <code>appname.app/Contents/MacOS</code>. I think I tried both with the same result. Does the space in the path throw up?</p>\n\n<p><strong>Update 2</strong>: As requested the output of <code>otool -L liblsxbe.dylib</code></p>\n\n<blockquote>\n  <p>liblsxbe.dylib:\n      @executable_path/liblsxbe.dylib (compatibility version 0.0.0, current version 0.0.0)\n      @executable_path/libxmlproc.dylib (compatibility version 0.0.0, current version 0.0.0)\n      @executable_path/libnotes.dylib (compatibility version 0.0.0, current version 0.0.0)\n      /System/Library/Frameworks/Carbon.framework/Versions/A/Carbon (compatibility version 2.0.0, current version 157.0.0)\n      /usr/lib/libstdc++.6.dylib (compatibility version 7.0.0, current version 60.0.0)\n      /usr/lib/libSystem.B.dylib (compatibility version 1.0.0, current version 1197.1.1)</p>\n</blockquote>\n\n<p><code>otool -L libxmlproc.dylib</code></p>\n\n<blockquote>\n  <p>libxmlproc.dylib:\n      @executable_path/libxmlproc.dylib (compatibility version 0.0.0, current version 0.0.0)\n      @executable_path/libnotes.dylib (compatibility version 0.0.0, current version 0.0.0)\n      /System/Library/Frameworks/Carbon.framework/Versions/A/Carbon (compatibility version 2.0.0, current version 157.0.0)\n      /usr/lib/libstdc++.6.dylib (compatibility version 7.0.0, current version 60.0.0)\n      /usr/lib/libSystem.B.dylib (compatibility version 1.0.0, current version 1197.1.1)</p>\n</blockquote>\n\n<p>`otool -L libnotes.dylib'</p>\n\n<blockquote>\n  <p>libnotes.dylib:\n      @executable_path/libnotes.dylib (compatibility version 0.0.0, current version 0.0.0)\n      /usr/lib/libresolv.9.dylib (compatibility version 1.0.0, current version 1.0.0)\n      @executable_path/libjsmac.dylib (compatibility version 0.0.0, current version 0.0.0)\n      @executable_path/libndgts.dylib (compatibility version 0.0.0, current version 0.0.0)\n      @executable_path/libxmlproc.dylib (compatibility version 0.0.0, current version 0.0.0)\n      @executable_path/libgsk8iccs.dylib (compatibility version 0.0.0, current version 0.0.0)\n      /System/Library/Frameworks/Security.framework/Versions/A/Security (compatibility version 1.0.0, current version 55471.14.0)\n      /System/Library/Frameworks/IOKit.framework/Versions/A/IOKit (compatibility version 1.0.0, current version 275.0.0)\n      /System/Library/Frameworks/Cocoa.framework/Versions/A/Cocoa (compatibility version 1.0.0, current version 20.0.0)\n      /System/Library/Frameworks/Carbon.framework/Versions/A/Carbon (compatibility version 2.0.0, current version 157.0.0)\n      /usr/lib/libstdc++.6.dylib (compatibility version 7.0.0, current version 60.0.0)\n      /usr/lib/libSystem.B.dylib (compatibility version 1.0.0, current version 1197.1.1)\n      /System/Library/Frameworks/CoreFoundation.framework/Versions/A/CoreFoundation (compatibility version 150.0.0, current version 855.14.0)\n      /usr/lib/libobjc.A.dylib (compatibility version 1.0.0, current version 228.0.0)\n      /System/Library/Frameworks/AppKit.framework/Versions/C/AppKit (compatibility version 45.0.0, current version 1265.19.0)\n      /System/Library/Frameworks/CFNetwork.framework/Versions/A/CFNetwork (compatibility version 1.0.0, current version 673.2.1)\n      /System/Library/Frameworks/ApplicationServices.framework/Versions/A/ApplicationServices (compatibility version 1.0.0, current version 48.0.0)\n      /System/Library/Frameworks/CoreServices.framework/Versions/A/CoreServices (compatibility version 1.0.0, current version 59.0.0)</p>\n</blockquote>\n\n<p>What else?</p>\n"
        },
        {
            "tags": [
                "javascript",
                "string"
            ],
            "owner": {
                "reputation": 192,
                "user_id": 5064375,
                "user_type": "registered",
                "accept_rate": 50,
                "profile_image": "https://i.stack.imgur.com/au3r9.jpg?s=128&g=1",
                "display_name": "Nikhil Parmar",
                "link": "https://stackoverflow.com/users/5064375/nikhil-parmar"
            },
            "is_answered": true,
            "view_count": 22,
            "answer_count": 1,
            "score": 0,
            "last_activity_date": 1523540495,
            "creation_date": 1523540095,
            "last_edit_date": 1523540293,
            "question_id": 49797994,
            "body_markdown": "I want to replace starting and ending tag using **javascript only**\r\n\r\n    &lt;span&gt; Hello john&lt;/span&gt;&lt;div class=&quot;replace-class&quot;&gt; John likes to play guitar&lt;/div&gt;&lt;div&gt;Anna likes to arrange flowers&lt;/div&gt;\r\n\r\nin above example div tag with class=&quot;replace-class&quot; should be replaced with tag &lt;p&gt;. As below\r\n\r\n    &lt;span&gt; Hello john&lt;/span&gt;&lt;p&gt; John likes to play guitar&lt;/p&gt;&lt;div&gt;Anna likes to arrange flowers&lt;/div&gt;\r\n\r\nThank you in advance",
            "link": "https://stackoverflow.com/questions/49797994/replace-starting-and-ending-tag-based-on-class-name",
            "title": "Replace starting and ending tag based on class name",
            "body": "<p>I want to replace starting and ending tag using <strong>javascript only</strong></p>\n\n<pre><code>&lt;span&gt; Hello john&lt;/span&gt;&lt;div class=\"replace-class\"&gt; John likes to play guitar&lt;/div&gt;&lt;div&gt;Anna likes to arrange flowers&lt;/div&gt;\n</code></pre>\n\n<p>in above example div tag with class=\"replace-class\" should be replaced with tag <p>. As below</p>\n\n<pre><code>&lt;span&gt; Hello john&lt;/span&gt;&lt;p&gt; John likes to play guitar&lt;/p&gt;&lt;div&gt;Anna likes to arrange flowers&lt;/div&gt;\n</code></pre>\n\n<p>Thank you in advance</p>\n"
        },
        {
            "tags": [
                "ios",
                "facebook",
                "facebook-graph-api",
                "web-scraping"
            ],
            "owner": {
                "reputation": 154,
                "user_id": 3524337,
                "user_type": "registered",
                "accept_rate": 100,
                "profile_image": "https://www.gravatar.com/avatar/f72cc248fb9886c0e9e2d5b4c9010ccf?s=128&d=identicon&r=PG&f=1",
                "display_name": "user3524337",
                "link": "https://stackoverflow.com/users/3524337/user3524337"
            },
            "is_answered": false,
            "view_count": 13,
            "answer_count": 0,
            "score": 0,
            "last_activity_date": 1523540486,
            "creation_date": 1523540486,
            "question_id": 49798141,
            "body_markdown": "I spent a lot of time trying to find a way how to scrape the Facebook user&#39;s feed. For me the main goal is to get information about user&#39;s posts and there is no difference how to do that. (e.g. for each post from user profile I want to know the published date, provided text and photos)\r\n\r\nI also tried to use Facebook Graph API, but it is very limited and is not the best candidate to work with for the problem.\r\n\r\nI want to wrap this data into iOS app but if there exist some way how to do that with different language or technology I&#39;m able to apply that for my iOS app.\r\n\r\nProbably, it is possible the required data from page HTML source code?\r\nMaybe there exist other ways to perform that?",
            "link": "https://stackoverflow.com/questions/49798141/facebook-profile-feed-scraping",
            "title": "Facebook Profile Feed scraping",
            "body": "<p>I spent a lot of time trying to find a way how to scrape the Facebook user's feed. For me the main goal is to get information about user's posts and there is no difference how to do that. (e.g. for each post from user profile I want to know the published date, provided text and photos)</p>\n\n<p>I also tried to use Facebook Graph API, but it is very limited and is not the best candidate to work with for the problem.</p>\n\n<p>I want to wrap this data into iOS app but if there exist some way how to do that with different language or technology I'm able to apply that for my iOS app.</p>\n\n<p>Probably, it is possible the required data from page HTML source code?\nMaybe there exist other ways to perform that?</p>\n"
        },
        {
            "tags": [
                "java",
                "android",
                "android-studio",
                "gradle"
            ],
            "owner": {
                "reputation": 369,
                "user_id": 6174073,
                "user_type": "registered",
                "profile_image": "https://www.gravatar.com/avatar/92e46f75cd6b376efd4dc6649cdc0791?s=128&d=identicon&r=PG&f=1",
                "display_name": "sealroto",
                "link": "https://stackoverflow.com/users/6174073/sealroto"
            },
            "is_answered": false,
            "view_count": 729,
            "answer_count": 2,
            "score": 6,
            "last_activity_date": 1523540485,
            "creation_date": 1522274971,
            "question_id": 49544978,
            "body_markdown": "I have an issue with this project, I&#39;m trying to build it after updating Android Studio to the 3.1 version, also I have updated gradle to the version 3.1.0, just the gradle Sync works fine, but trying to compile all the project shows me this error.\r\n\r\nI already updated the build tools and all the libraries to the version 27.1.0, updated all the compile to implementation\r\n\r\n\r\n&lt;!-- begin snippet: js hide: false console: true babel: false --&gt;\r\n\r\n&lt;!-- language: lang-dsl --&gt;\r\n\r\n    org.gradle.initialization.ReportedException: org.gradle.internal.exceptions.LocationAwareException: Execution failed for task &#39;:app:compileDevDebugJavaWithJavac&#39;. at org.gradle.initialization.DefaultGradleLauncher.doBuildStages(DefaultGradleLauncher.java:139)\r\n      at org.gradle.initialization.DefaultGradleLauncher.executeTasks(DefaultGradleLauncher.java:109) at org.gradle.internal.invocation.GradleBuildController$1.call(GradleBuildController.java:78) at org.gradle.internal.invocation.GradleBuildController$1.call(GradleBuildController.java:75)\r\n      at org.gradle.internal.work.DefaultWorkerLeaseService.withLocks(DefaultWorkerLeaseService.java:152) at org.gradle.internal.invocation.GradleBuildController.doBuild(GradleBuildController.java:100) at org.gradle.internal.invocation.GradleBuildController.run(GradleBuildController.java:75)\r\n      at org.gradle.tooling.internal.provider.runner.BuildModelActionRunner.run(BuildModelActionRunner.java:53) at org.gradle.launcher.exec.ChainingBuildActionRunner.run(ChainingBuildActionRunner.java:35) at org.gradle.launcher.exec.ChainingBuildActionRunner.run(ChainingBuildActionRunner.java:35)\r\n      at org.gradle.tooling.internal.provider.ValidatingBuildActionRunner.run(ValidatingBuildActionRunner.java:32) at org.gradle.launcher.exec.RunAsBuildOperationBuildActionRunner$1.run(RunAsBuildOperationBuildActionRunner.java:43) at org.gradle.internal.progress.DefaultBuildOperationExecutor$RunnableBuildOperationWorker.execute(DefaultBuildOperationExecutor.java:336)\r\n      at org.gradle.internal.progress.DefaultBuildOperationExecutor$RunnableBuildOperationWorker.execute(DefaultBuildOperationExecutor.java:328) at org.gradle.internal.progress.DefaultBuildOperationExecutor.execute(DefaultBuildOperationExecutor.java:199)\r\n      at org.gradle.internal.progress.DefaultBuildOperationExecutor.run(DefaultBuildOperationExecutor.java:110) at org.gradle.launcher.exec.RunAsBuildOperationBuildActionRunner.run(RunAsBuildOperationBuildActionRunner.java:40) at org.gradle.tooling.internal.provider.SubscribableBuildActionRunner.run(SubscribableBuildActionRunner.java:51)\r\n      at org.gradle.launcher.exec.InProcessBuildActionExecuter.execute(InProcessBuildActionExecuter.java:47) at org.gradle.launcher.exec.InProcessBuildActionExecuter.execute(InProcessBuildActionExecuter.java:30) at org.gradle.launcher.exec.BuildTreeScopeBuildActionExecuter.execute(BuildTreeScopeBuildActionExecuter.java:39)\r\n      at org.gradle.launcher.exec.BuildTreeScopeBuildActionExecuter.execute(BuildTreeScopeBuildActionExecuter.java:25) at org.gradle.tooling.internal.provider.ContinuousBuildActionExecuter.execute(ContinuousBuildActionExecuter.java:80) at org.gradle.tooling.internal.provider.ContinuousBuildActionExecuter.execute(ContinuousBuildActionExecuter.java:53)\r\n      at org.gradle.tooling.internal.provider.ServicesSetupBuildActionExecuter.execute(ServicesSetupBuildActionExecuter.java:57) at org.gradle.tooling.internal.provider.ServicesSetupBuildActionExecuter.execute(ServicesSetupBuildActionExecuter.java:32) at\r\n      org.gradle.tooling.internal.provider.GradleThreadBuildActionExecuter.execute(GradleThreadBuildActionExecuter.java:36) at org.gradle.tooling.internal.provider.GradleThreadBuildActionExecuter.execute(GradleThreadBuildActionExecuter.java:25) at org.gradle.tooling.internal.provider.ParallelismConfigurationBuildActionExecuter.execute(ParallelismConfigurationBuildActionExecuter.java:43)\r\n      at org.gradle.tooling.internal.provider.ParallelismConfigurationBuildActionExecuter.execute(ParallelismConfigurationBuildActionExecuter.java:29) at org.gradle.tooling.internal.provider.StartParamsValidatingActionExecuter.execute(StartParamsValidatingActionExecuter.java:69)\r\n      at org.gradle.tooling.internal.provider.StartParamsValidatingActionExecuter.execute(StartParamsValidatingActionExecuter.java:30) at org.gradle.tooling.internal.provider.SessionFailureReportingActionExecuter.execute(SessionFailureReportingActionExecuter.java:59)\r\n      at org.gradle.tooling.internal.provider.SessionFailureReportingActionExecuter.execute(SessionFailureReportingActionExecuter.java:44) at org.gradle.tooling.internal.provider.SetupLoggingActionExecuter.execute(SetupLoggingActionExecuter.java:45) at org.gradle.tooling.internal.provider.SetupLoggingActionExecuter.execute(SetupLoggingActionExecuter.java:30)\r\n      at org.gradle.launcher.daemon.server.exec.ExecuteBuild.doBuild(ExecuteBuild.java:67) at org.gradle.launcher.daemon.server.exec.BuildCommandOnly.execute(BuildCommandOnly.java:36) at org.gradle.launcher.daemon.server.api.DaemonCommandExecution.proceed(DaemonCommandExecution.java:122)\r\n      at org.gradle.launcher.daemon.server.exec.WatchForDisconnection.execute(WatchForDisconnection.java:37) at org.gradle.launcher.daemon.server.api.DaemonCommandExecution.proceed(DaemonCommandExecution.java:122) at org.gradle.launcher.daemon.server.exec.ResetDeprecationLogger.execute(ResetDeprecationLogger.java:26)\r\n      at org.gradle.launcher.daemon.server.api.DaemonCommandExecution.proceed(DaemonCommandExecution.java:122) at org.gradle.launcher.daemon.server.exec.RequestStopIfSingleUsedDaemon.execute(RequestStopIfSingleUsedDaemon.java:34) at org.gradle.launcher.daemon.server.api.DaemonCommandExecution.proceed(DaemonCommandExecution.java:122)\r\n      at org.gradle.launcher.daemon.server.exec.ForwardClientInput$2.call(ForwardClientInput.java:74) at org.gradle.launcher.daemon.server.exec.ForwardClientInput$2.call(ForwardClientInput.java:72) at org.gradle.util.Swapper.swap(Swapper.java:38) at org.gradle.launcher.daemon.server.exec.ForwardClientInput.execute(ForwardClientInput.java:72)\r\n      at org.gradle.launcher.daemon.server.api.DaemonCommandExecution.proceed(DaemonCommandExecution.java:122) at org.gradle.launcher.daemon.server.exec.LogAndCheckHealth.execute(LogAndCheckHealth.java:55) at org.gradle.launcher.daemon.server.api.DaemonCommandExecution.proceed(DaemonCommandExecution.java:122)\r\n      at org.gradle.launcher.daemon.server.exec.LogToClient.doBuild(LogToClient.java:62) at org.gradle.launcher.daemon.server.exec.BuildCommandOnly.execute(BuildCommandOnly.java:36) at org.gradle.launcher.daemon.server.api.DaemonCommandExecution.proceed(DaemonCommandExecution.java:122)\r\n      at org.gradle.launcher.daemon.server.exec.EstablishBuildEnvironment.doBuild(EstablishBuildEnvironment.java:82) at org.gradle.launcher.daemon.server.exec.BuildCommandOnly.execute(BuildCommandOnly.java:36) at org.gradle.launcher.daemon.server.api.DaemonCommandExecution.proceed(DaemonCommandExecution.java:122)\r\n      at org.gradle.launcher.daemon.server.exec.StartBuildOrRespondWithBusy$1.run(StartBuildOrRespondWithBusy.java:50) at org.gradle.launcher.daemon.server.DaemonStateCoordinator$1.run(DaemonStateCoordinator.java:295) at org.gradle.internal.concurrent.ExecutorPolicy$CatchAndRecordFailures.onExecute(ExecutorPolicy.java:63)\r\n      at org.gradle.internal.concurrent.ManagedExecutorImpl$1.run(ManagedExecutorImpl.java:46) at java.util.concurrent.ThreadPoolExecutor.runWorker(ThreadPoolExecutor.java:1149) at java.util.concurrent.ThreadPoolExecutor$Worker.run(ThreadPoolExecutor.java:624)\r\n      at org.gradle.internal.concurrent.ThreadFactoryImpl$ManagedThreadRunnable.run(ThreadFactoryImpl.java:55) at java.lang.Thread.run(Thread.java:748) Caused by: org.gradle.internal.exceptions.LocationAwareException: Execution failed for task &#39;:app:compileDevDebugJavaWithJavac&#39;.\r\n      at org.gradle.initialization.DefaultExceptionAnalyser.transform(DefaultExceptionAnalyser.java:74) at org.gradle.initialization.MultipleBuildFailuresExceptionAnalyser.transform(MultipleBuildFailuresExceptionAnalyser.java:47) at org.gradle.initialization.StackTraceSanitizingExceptionAnalyser.transform(StackTraceSanitizingExceptionAnalyser.java:30)\r\n      at org.gradle.initialization.DefaultGradleLauncher.doBuildStages(DefaultGradleLauncher.java:137) at org.gradle.initialization.DefaultGradleLauncher.executeTasks(DefaultGradleLauncher.java:109) at org.gradle.internal.invocation.GradleBuildController$1.call(GradleBuildController.java:78)\r\n      at org.gradle.internal.invocation.GradleBuildController$1.call(GradleBuildController.java:75) at org.gradle.internal.work.DefaultWorkerLeaseService.withLocks(DefaultWorkerLeaseService.java:152) at org.gradle.internal.invocation.GradleBuildController.doBuild(GradleBuildController.java:100)\r\n      at org.gradle.internal.invocation.GradleBuildController.run(GradleBuildController.java:75) at org.gradle.tooling.internal.provider.runner.BuildModelActionRunner.run(BuildModelActionRunner.java:53) at org.gradle.launcher.exec.ChainingBuildActionRunner.run(ChainingBuildActionRunner.java:35)\r\n      at org.gradle.launcher.exec.ChainingBuildActionRunner.run(ChainingBuildActionRunner.java:35) at org.gradle.tooling.internal.provider.ValidatingBuildActionRunner.run(ValidatingBuildActionRunner.java:32) at org.gradle.launcher.exec.RunAsBuildOperationBuildActionRunner$1.run(RunAsBuildOperationBuildActionRunner.java:43)\r\n      at org.gradle.internal.progress.DefaultBuildOperationExecutor$RunnableBuildOperationWorker.execute(DefaultBuildOperationExecutor.java:336) at org.gradle.internal.progress.DefaultBuildOperationExecutor$RunnableBuildOperationWorker.execute(DefaultBuildOperationExecutor.java:328)\r\n      at org.gradle.internal.progress.DefaultBuildOperationExecutor.execute(DefaultBuildOperationExecutor.java:199) at org.gradle.internal.progress.DefaultBuildOperationExecutor.run(DefaultBuildOperationExecutor.java:110) at org.gradle.launcher.exec.RunAsBuildOperationBuildActionRunner.run(RunAsBuildOperationBuildActionRunner.java:40)\r\n      at org.gradle.tooling.internal.provider.SubscribableBuildActionRunner.run(SubscribableBuildActionRunner.java:51) at org.gradle.launcher.exec.InProcessBuildActionExecuter.execute(InProcessBuildActionExecuter.java:47) at org.gradle.launcher.exec.InProcessBuildActionExecuter.execute(InProcessBuildActionExecuter.java:30)\r\n      at org.gradle.launcher.exec.BuildTreeScopeBuildActionExecuter.execute(BuildTreeScopeBuildActionExecuter.java:39) at org.gradle.launcher.exec.BuildTreeScopeBuildActionExecuter.execute(BuildTreeScopeBuildActionExecuter.java:25) at org.gradle.tooling.internal.provider.ContinuousBuildActionExecuter.execute(ContinuousBuildActionExecuter.java:80)\r\n      at org.gradle.tooling.internal.provider.ContinuousBuildActionExecuter.execute(ContinuousBuildActionExecuter.java:53) at org.gradle.tooling.internal.provider.ServicesSetupBuildActionExecuter.execute(ServicesSetupBuildActionExecuter.java:57) at org.gradle.tooling.internal.provider.ServicesSetupBuildActionExecuter.execute(ServicesSetupBuildActionExecuter.java:32)\r\n      at org.gradle.tooling.internal.provider.GradleThreadBuildActionExecuter.execute(GradleThreadBuildActionExecuter.java:36) at org.gradle.tooling.internal.provider.GradleThreadBuildActionExecuter.execute(GradleThreadBuildActionExecuter.java:25) at org.gradle.tooling.internal.provider.ParallelismConfigurationBuildActionExecuter.execute(ParallelismConfigurationBuildActionExecuter.java:43)\r\n      at org.gradle.tooling.internal.provider.ParallelismConfigurationBuildActionExecuter.execute(ParallelismConfigurationBuildActionExecuter.java:29) at org.gradle.tooling.internal.provider.StartParamsValidatingActionExecuter.execute(StartParamsValidatingActionExecuter.java:69)\r\n      at org.gradle.tooling.internal.provider.StartParamsValidatingActionExecuter.execute(StartParamsValidatingActionExecuter.java:30) at org.gradle.tooling.internal.provider.SessionFailureReportingActionExecuter.execute(SessionFailureReportingActionExecuter.java:59)\r\n      at org.gradle.tooling.internal.provider.SessionFailureReportingActionExecuter.execute(SessionFailureReportingActionExecuter.java:44) at org.gradle.tooling.internal.provider.SetupLoggingActionExecuter.execute(SetupLoggingActionExecuter.java:45) at org.gradle.tooling.internal.provider.SetupLoggingActionExecuter.execute(SetupLoggingActionExecuter.java:30)\r\n      at org.gradle.launcher.daemon.server.exec.ExecuteBuild.doBuild(ExecuteBuild.java:67) at org.gradle.launcher.daemon.server.exec.BuildCommandOnly.execute(BuildCommandOnly.java:36) at org.gradle.launcher.daemon.server.api.DaemonCommandExecution.proceed(DaemonCommandExecution.java:122)\r\n      at org.gradle.launcher.daemon.server.exec.WatchForDisconnection.execute(WatchForDisconnection.java:37) at org.gradle.launcher.daemon.server.api.DaemonCommandExecution.proceed(DaemonCommandExecution.java:122) at org.gradle.launcher.daemon.server.exec.ResetDeprecationLogger.execute(ResetDeprecationLogger.java:26)\r\n      at org.gradle.launcher.daemon.server.api.DaemonCommandExecution.proceed(DaemonCommandExecution.java:122) at org.gradle.launcher.daemon.server.exec.RequestStopIfSingleUsedDaemon.execute(RequestStopIfSingleUsedDaemon.java:34) at org.gradle.launcher.daemon.server.api.DaemonCommandExecution.proceed(DaemonCommandExecution.java:122)\r\n      at org.gradle.launcher.daemon.server.exec.ForwardClientInput$2.call(ForwardClientInput.java:74) at org.gradle.launcher.daemon.server.exec.ForwardClientInput$2.call(ForwardClientInput.java:72) at org.gradle.util.Swapper.swap(Swapper.java:38) at org.gradle.launcher.daemon.server.exec.ForwardClientInput.execute(ForwardClientInput.java:72)\r\n      at org.gradle.launcher.daemon.server.api.DaemonCommandExecution.proceed(DaemonCommandExecution.java:122) at org.gradle.launcher.daemon.server.exec.LogAndCheckHealth.execute(LogAndCheckHealth.java:55) at org.gradle.launcher.daemon.server.api.DaemonCommandExecution.proceed(DaemonCommandExecution.java:122)\r\n      at org.gradle.launcher.daemon.server.exec.LogToClient.doBuild(LogToClient.java:62) at org.gradle.launcher.daemon.server.exec.BuildCommandOnly.execute(BuildCommandOnly.java:36) at org.gradle.launcher.daemon.server.api.DaemonCommandExecution.proceed(DaemonCommandExecution.java:122)\r\n      at org.gradle.launcher.daemon.server.exec.EstablishBuildEnvironment.doBuild(EstablishBuildEnvironment.java:82) at org.gradle.launcher.daemon.server.exec.BuildCommandOnly.execute(BuildCommandOnly.java:36) at org.gradle.launcher.daemon.server.api.DaemonCommandExecution.proceed(DaemonCommandExecution.java:122)\r\n      at org.gradle.launcher.daemon.server.exec.StartBuildOrRespondWithBusy$1.run(StartBuildOrRespondWithBusy.java:50) at org.gradle.launcher.daemon.server.DaemonStateCoordinator$1.run(DaemonStateCoordinator.java:295) at org.gradle.internal.concurrent.ExecutorPolicy$CatchAndRecordFailures.onExecute(ExecutorPolicy.java:63)\r\n      at org.gradle.internal.concurrent.ManagedExecutorImpl$1.run(ManagedExecutorImpl.java:46) at org.gradle.internal.concurrent.ThreadFactoryImpl$ManagedThreadRunnable.run(ThreadFactoryImpl.java:55) Caused by: org.gradle.api.tasks.TaskExecutionException:\r\n      Execution failed for task &#39;:app:compileDevDebugJavaWithJavac&#39;. at org.gradle.api.internal.tasks.execution.ExecuteActionsTaskExecuter.executeActions(ExecuteActionsTaskExecuter.java:100) at org.gradle.api.internal.tasks.execution.ExecuteActionsTaskExecuter.execute(ExecuteActionsTaskExecuter.java:70)\r\n      at org.gradle.api.internal.tasks.execution.OutputDirectoryCreatingTaskExecuter.execute(OutputDirectoryCreatingTaskExecuter.java:51) at org.gradle.api.internal.tasks.execution.SkipUpToDateTaskExecuter.execute(SkipUpToDateTaskExecuter.java:62) at org.gradle.api.internal.tasks.execution.ResolveTaskOutputCachingStateExecuter.execute(ResolveTaskOutputCachingStateExecuter.java:54)\r\n      at org.gradle.api.internal.tasks.execution.ValidatingTaskExecuter.execute(ValidatingTaskExecuter.java:60) at org.gradle.api.internal.tasks.execution.SkipEmptySourceFilesTaskExecuter.execute(SkipEmptySourceFilesTaskExecuter.java:97) at org.gradle.api.internal.tasks.execution.CleanupStaleOutputsExecuter.execute(CleanupStaleOutputsExecuter.java:87)\r\n      at org.gradle.api.internal.tasks.execution.ResolveTaskArtifactStateTaskExecuter.execute(ResolveTaskArtifactStateTaskExecuter.java:52) at org.gradle.api.internal.tasks.execution.SkipTaskWithNoActionsExecuter.execute(SkipTaskWithNoActionsExecuter.java:52)\r\n      at org.gradle.api.internal.tasks.execution.SkipOnlyIfTaskExecuter.execute(SkipOnlyIfTaskExecuter.java:54) at org.gradle.api.internal.tasks.execution.ExecuteAtMostOnceTaskExecuter.execute(ExecuteAtMostOnceTaskExecuter.java:43) at org.gradle.api.internal.tasks.execution.CatchExceptionTaskExecuter.execute(CatchExceptionTaskExecuter.java:34)\r\n      at org.gradle.execution.taskgraph.DefaultTaskGraphExecuter$EventFiringTaskWorker$1.run(DefaultTaskGraphExecuter.java:248) at org.gradle.internal.progress.DefaultBuildOperationExecutor$RunnableBuildOperationWorker.execute(DefaultBuildOperationExecutor.java:336)\r\n      at org.gradle.internal.progress.DefaultBuildOperationExecutor$RunnableBuildOperationWorker.execute(DefaultBuildOperationExecutor.java:328) at org.gradle.internal.progress.DefaultBuildOperationExecutor.execute(DefaultBuildOperationExecutor.java:199)\r\n      at org.gradle.internal.progress.DefaultBuildOperationExecutor.run(DefaultBuildOperationExecutor.java:110) at org.gradle.execution.taskgraph.DefaultTaskGraphExecuter$EventFiringTaskWorker.execute(DefaultTaskGraphExecuter.java:241) at org.gradle.execution.taskgraph.DefaultTaskGraphExecuter$EventFiringTaskWorker.execute(DefaultTaskGraphExecuter.java:230)\r\n      at org.gradle.execution.taskgraph.DefaultTaskPlanExecutor$TaskExecutorWorker.processTask(DefaultTaskPlanExecutor.java:123) at org.gradle.execution.taskgraph.DefaultTaskPlanExecutor$TaskExecutorWorker.access$200(DefaultTaskPlanExecutor.java:79) at org.gradle.execution.taskgraph.DefaultTaskPlanExecutor$TaskExecutorWorker$1.execute(DefaultTaskPlanExecutor.java:104)\r\n      at org.gradle.execution.taskgraph.DefaultTaskPlanExecutor$TaskExecutorWorker$1.execute(DefaultTaskPlanExecutor.java:98) at org.gradle.execution.taskgraph.DefaultTaskExecutionPlan.execute(DefaultTaskExecutionPlan.java:626) at org.gradle.execution.taskgraph.DefaultTaskExecutionPlan.executeWithTask(DefaultTaskExecutionPlan.java:581)\r\n      at org.gradle.execution.taskgraph.DefaultTaskPlanExecutor$TaskExecutorWorker.run(DefaultTaskPlanExecutor.java:98) ... 3 more Caused by: org.gradle.api.internal.tasks.compile.CompilationFailedException: Compilation failed; see the compiler error output\r\n      for details. at org.gradle.api.internal.tasks.compile.JdkJavaCompiler.execute(JdkJavaCompiler.java:50) at org.gradle.api.internal.tasks.compile.JdkJavaCompiler.execute(JdkJavaCompiler.java:35) at org.gradle.api.internal.tasks.compile.NormalizingJavaCompiler.delegateAndHandleErrors(NormalizingJavaCompiler.java:98)\r\n      at org.gradle.api.internal.tasks.compile.NormalizingJavaCompiler.execute(NormalizingJavaCompiler.java:51) at org.gradle.api.internal.tasks.compile.NormalizingJavaCompiler.execute(NormalizingJavaCompiler.java:37) at org.gradle.api.internal.tasks.compile.CleaningJavaCompilerSupport.execute(CleaningJavaCompilerSupport.java:35)\r\n      at org.gradle.api.internal.tasks.compile.CleaningJavaCompilerSupport.execute(CleaningJavaCompilerSupport.java:25) at org.gradle.api.internal.tasks.compile.incremental.IncrementalCompilationFinalizer.execute(IncrementalCompilationFinalizer.java:39) at\r\n      org.gradle.api.internal.tasks.compile.incremental.IncrementalCompilationFinalizer.execute(IncrementalCompilationFinalizer.java:24) at org.gradle.api.tasks.compile.JavaCompile.performCompilation(JavaCompile.java:207) at org.gradle.api.tasks.compile.JavaCompile.compile(JavaCompile.java:133)\r\n      at com.android.build.gradle.tasks.factory.AndroidJavaCompile.compile(AndroidJavaCompile.java:125) at org.gradle.internal.reflect.JavaMethod.invoke(JavaMethod.java:73) at org.gradle.api.internal.project.taskfactory.IncrementalTaskAction.doExecute(IncrementalTaskAction.java:46)\r\n      at org.gradle.api.internal.project.taskfactory.StandardTaskAction.execute(StandardTaskAction.java:39) at org.gradle.api.internal.project.taskfactory.StandardTaskAction.execute(StandardTaskAction.java:26) at org.gradle.api.internal.tasks.execution.ExecuteActionsTaskExecuter$1.run(ExecuteActionsTaskExecuter.java:121)\r\n      at org.gradle.internal.progress.DefaultBuildOperationExecutor$RunnableBuildOperationWorker.execute(DefaultBuildOperationExecutor.java:336) at org.gradle.internal.progress.DefaultBuildOperationExecutor$RunnableBuildOperationWorker.execute(DefaultBuildOperationExecutor.java:328)\r\n      at org.gradle.internal.progress.DefaultBuildOperationExecutor.execute(DefaultBuildOperationExecutor.java:199) at org.gradle.internal.progress.DefaultBuildOperationExecutor.run(DefaultBuildOperationExecutor.java:110) at org.gradle.api.internal.tasks.execution.ExecuteActionsTaskExecuter.executeAction(ExecuteActionsTaskExecuter.java:110)\r\n      at org.gradle.api.internal.tasks.execution.ExecuteActionsTaskExecuter.executeActions(ExecuteActionsTaskExecuter.java:92) ... 29 more\r\n\r\n\r\n&lt;!-- end snippet --&gt;\r\n\r\nThere is another question with a similar situation [HERE][1] but it is done using kotlin so there should be some differences.\r\n\r\nAny help that you can provide will be very welcome.\r\n\r\n\r\n  [1]: https://stackoverflow.com/questions/49509031/error-when-building-on-new-android-studio-3-1",
            "link": "https://stackoverflow.com/questions/49544978/error-building-project-with-android-studio-3-1-and-gradle-3-1-0",
            "title": "Error building project with Android Studio 3.1 and gradle 3.1.0",
            "body": "<p>I have an issue with this project, I'm trying to build it after updating Android Studio to the 3.1 version, also I have updated gradle to the version 3.1.0, just the gradle Sync works fine, but trying to compile all the project shows me this error.</p>\n\n<p>I already updated the build tools and all the libraries to the version 27.1.0, updated all the compile to implementation</p>\n\n<pre class=\"lang-dsl prettyprint-override\"><code>org.gradle.initialization.ReportedException: org.gradle.internal.exceptions.LocationAwareException: Execution failed for task ':app:compileDevDebugJavaWithJavac'. at org.gradle.initialization.DefaultGradleLauncher.doBuildStages(DefaultGradleLauncher.java:139)\n  at org.gradle.initialization.DefaultGradleLauncher.executeTasks(DefaultGradleLauncher.java:109) at org.gradle.internal.invocation.GradleBuildController$1.call(GradleBuildController.java:78) at org.gradle.internal.invocation.GradleBuildController$1.call(GradleBuildController.java:75)\n  at org.gradle.internal.work.DefaultWorkerLeaseService.withLocks(DefaultWorkerLeaseService.java:152) at org.gradle.internal.invocation.GradleBuildController.doBuild(GradleBuildController.java:100) at org.gradle.internal.invocation.GradleBuildController.run(GradleBuildController.java:75)\n  at org.gradle.tooling.internal.provider.runner.BuildModelActionRunner.run(BuildModelActionRunner.java:53) at org.gradle.launcher.exec.ChainingBuildActionRunner.run(ChainingBuildActionRunner.java:35) at org.gradle.launcher.exec.ChainingBuildActionRunner.run(ChainingBuildActionRunner.java:35)\n  at org.gradle.tooling.internal.provider.ValidatingBuildActionRunner.run(ValidatingBuildActionRunner.java:32) at org.gradle.launcher.exec.RunAsBuildOperationBuildActionRunner$1.run(RunAsBuildOperationBuildActionRunner.java:43) at org.gradle.internal.progress.DefaultBuildOperationExecutor$RunnableBuildOperationWorker.execute(DefaultBuildOperationExecutor.java:336)\n  at org.gradle.internal.progress.DefaultBuildOperationExecutor$RunnableBuildOperationWorker.execute(DefaultBuildOperationExecutor.java:328) at org.gradle.internal.progress.DefaultBuildOperationExecutor.execute(DefaultBuildOperationExecutor.java:199)\n  at org.gradle.internal.progress.DefaultBuildOperationExecutor.run(DefaultBuildOperationExecutor.java:110) at org.gradle.launcher.exec.RunAsBuildOperationBuildActionRunner.run(RunAsBuildOperationBuildActionRunner.java:40) at org.gradle.tooling.internal.provider.SubscribableBuildActionRunner.run(SubscribableBuildActionRunner.java:51)\n  at org.gradle.launcher.exec.InProcessBuildActionExecuter.execute(InProcessBuildActionExecuter.java:47) at org.gradle.launcher.exec.InProcessBuildActionExecuter.execute(InProcessBuildActionExecuter.java:30) at org.gradle.launcher.exec.BuildTreeScopeBuildActionExecuter.execute(BuildTreeScopeBuildActionExecuter.java:39)\n  at org.gradle.launcher.exec.BuildTreeScopeBuildActionExecuter.execute(BuildTreeScopeBuildActionExecuter.java:25) at org.gradle.tooling.internal.provider.ContinuousBuildActionExecuter.execute(ContinuousBuildActionExecuter.java:80) at org.gradle.tooling.internal.provider.ContinuousBuildActionExecuter.execute(ContinuousBuildActionExecuter.java:53)\n  at org.gradle.tooling.internal.provider.ServicesSetupBuildActionExecuter.execute(ServicesSetupBuildActionExecuter.java:57) at org.gradle.tooling.internal.provider.ServicesSetupBuildActionExecuter.execute(ServicesSetupBuildActionExecuter.java:32) at\n  org.gradle.tooling.internal.provider.GradleThreadBuildActionExecuter.execute(GradleThreadBuildActionExecuter.java:36) at org.gradle.tooling.internal.provider.GradleThreadBuildActionExecuter.execute(GradleThreadBuildActionExecuter.java:25) at org.gradle.tooling.internal.provider.ParallelismConfigurationBuildActionExecuter.execute(ParallelismConfigurationBuildActionExecuter.java:43)\n  at org.gradle.tooling.internal.provider.ParallelismConfigurationBuildActionExecuter.execute(ParallelismConfigurationBuildActionExecuter.java:29) at org.gradle.tooling.internal.provider.StartParamsValidatingActionExecuter.execute(StartParamsValidatingActionExecuter.java:69)\n  at org.gradle.tooling.internal.provider.StartParamsValidatingActionExecuter.execute(StartParamsValidatingActionExecuter.java:30) at org.gradle.tooling.internal.provider.SessionFailureReportingActionExecuter.execute(SessionFailureReportingActionExecuter.java:59)\n  at org.gradle.tooling.internal.provider.SessionFailureReportingActionExecuter.execute(SessionFailureReportingActionExecuter.java:44) at org.gradle.tooling.internal.provider.SetupLoggingActionExecuter.execute(SetupLoggingActionExecuter.java:45) at org.gradle.tooling.internal.provider.SetupLoggingActionExecuter.execute(SetupLoggingActionExecuter.java:30)\n  at org.gradle.launcher.daemon.server.exec.ExecuteBuild.doBuild(ExecuteBuild.java:67) at org.gradle.launcher.daemon.server.exec.BuildCommandOnly.execute(BuildCommandOnly.java:36) at org.gradle.launcher.daemon.server.api.DaemonCommandExecution.proceed(DaemonCommandExecution.java:122)\n  at org.gradle.launcher.daemon.server.exec.WatchForDisconnection.execute(WatchForDisconnection.java:37) at org.gradle.launcher.daemon.server.api.DaemonCommandExecution.proceed(DaemonCommandExecution.java:122) at org.gradle.launcher.daemon.server.exec.ResetDeprecationLogger.execute(ResetDeprecationLogger.java:26)\n  at org.gradle.launcher.daemon.server.api.DaemonCommandExecution.proceed(DaemonCommandExecution.java:122) at org.gradle.launcher.daemon.server.exec.RequestStopIfSingleUsedDaemon.execute(RequestStopIfSingleUsedDaemon.java:34) at org.gradle.launcher.daemon.server.api.DaemonCommandExecution.proceed(DaemonCommandExecution.java:122)\n  at org.gradle.launcher.daemon.server.exec.ForwardClientInput$2.call(ForwardClientInput.java:74) at org.gradle.launcher.daemon.server.exec.ForwardClientInput$2.call(ForwardClientInput.java:72) at org.gradle.util.Swapper.swap(Swapper.java:38) at org.gradle.launcher.daemon.server.exec.ForwardClientInput.execute(ForwardClientInput.java:72)\n  at org.gradle.launcher.daemon.server.api.DaemonCommandExecution.proceed(DaemonCommandExecution.java:122) at org.gradle.launcher.daemon.server.exec.LogAndCheckHealth.execute(LogAndCheckHealth.java:55) at org.gradle.launcher.daemon.server.api.DaemonCommandExecution.proceed(DaemonCommandExecution.java:122)\n  at org.gradle.launcher.daemon.server.exec.LogToClient.doBuild(LogToClient.java:62) at org.gradle.launcher.daemon.server.exec.BuildCommandOnly.execute(BuildCommandOnly.java:36) at org.gradle.launcher.daemon.server.api.DaemonCommandExecution.proceed(DaemonCommandExecution.java:122)\n  at org.gradle.launcher.daemon.server.exec.EstablishBuildEnvironment.doBuild(EstablishBuildEnvironment.java:82) at org.gradle.launcher.daemon.server.exec.BuildCommandOnly.execute(BuildCommandOnly.java:36) at org.gradle.launcher.daemon.server.api.DaemonCommandExecution.proceed(DaemonCommandExecution.java:122)\n  at org.gradle.launcher.daemon.server.exec.StartBuildOrRespondWithBusy$1.run(StartBuildOrRespondWithBusy.java:50) at org.gradle.launcher.daemon.server.DaemonStateCoordinator$1.run(DaemonStateCoordinator.java:295) at org.gradle.internal.concurrent.ExecutorPolicy$CatchAndRecordFailures.onExecute(ExecutorPolicy.java:63)\n  at org.gradle.internal.concurrent.ManagedExecutorImpl$1.run(ManagedExecutorImpl.java:46) at java.util.concurrent.ThreadPoolExecutor.runWorker(ThreadPoolExecutor.java:1149) at java.util.concurrent.ThreadPoolExecutor$Worker.run(ThreadPoolExecutor.java:624)\n  at org.gradle.internal.concurrent.ThreadFactoryImpl$ManagedThreadRunnable.run(ThreadFactoryImpl.java:55) at java.lang.Thread.run(Thread.java:748) Caused by: org.gradle.internal.exceptions.LocationAwareException: Execution failed for task ':app:compileDevDebugJavaWithJavac'.\n  at org.gradle.initialization.DefaultExceptionAnalyser.transform(DefaultExceptionAnalyser.java:74) at org.gradle.initialization.MultipleBuildFailuresExceptionAnalyser.transform(MultipleBuildFailuresExceptionAnalyser.java:47) at org.gradle.initialization.StackTraceSanitizingExceptionAnalyser.transform(StackTraceSanitizingExceptionAnalyser.java:30)\n  at org.gradle.initialization.DefaultGradleLauncher.doBuildStages(DefaultGradleLauncher.java:137) at org.gradle.initialization.DefaultGradleLauncher.executeTasks(DefaultGradleLauncher.java:109) at org.gradle.internal.invocation.GradleBuildController$1.call(GradleBuildController.java:78)\n  at org.gradle.internal.invocation.GradleBuildController$1.call(GradleBuildController.java:75) at org.gradle.internal.work.DefaultWorkerLeaseService.withLocks(DefaultWorkerLeaseService.java:152) at org.gradle.internal.invocation.GradleBuildController.doBuild(GradleBuildController.java:100)\n  at org.gradle.internal.invocation.GradleBuildController.run(GradleBuildController.java:75) at org.gradle.tooling.internal.provider.runner.BuildModelActionRunner.run(BuildModelActionRunner.java:53) at org.gradle.launcher.exec.ChainingBuildActionRunner.run(ChainingBuildActionRunner.java:35)\n  at org.gradle.launcher.exec.ChainingBuildActionRunner.run(ChainingBuildActionRunner.java:35) at org.gradle.tooling.internal.provider.ValidatingBuildActionRunner.run(ValidatingBuildActionRunner.java:32) at org.gradle.launcher.exec.RunAsBuildOperationBuildActionRunner$1.run(RunAsBuildOperationBuildActionRunner.java:43)\n  at org.gradle.internal.progress.DefaultBuildOperationExecutor$RunnableBuildOperationWorker.execute(DefaultBuildOperationExecutor.java:336) at org.gradle.internal.progress.DefaultBuildOperationExecutor$RunnableBuildOperationWorker.execute(DefaultBuildOperationExecutor.java:328)\n  at org.gradle.internal.progress.DefaultBuildOperationExecutor.execute(DefaultBuildOperationExecutor.java:199) at org.gradle.internal.progress.DefaultBuildOperationExecutor.run(DefaultBuildOperationExecutor.java:110) at org.gradle.launcher.exec.RunAsBuildOperationBuildActionRunner.run(RunAsBuildOperationBuildActionRunner.java:40)\n  at org.gradle.tooling.internal.provider.SubscribableBuildActionRunner.run(SubscribableBuildActionRunner.java:51) at org.gradle.launcher.exec.InProcessBuildActionExecuter.execute(InProcessBuildActionExecuter.java:47) at org.gradle.launcher.exec.InProcessBuildActionExecuter.execute(InProcessBuildActionExecuter.java:30)\n  at org.gradle.launcher.exec.BuildTreeScopeBuildActionExecuter.execute(BuildTreeScopeBuildActionExecuter.java:39) at org.gradle.launcher.exec.BuildTreeScopeBuildActionExecuter.execute(BuildTreeScopeBuildActionExecuter.java:25) at org.gradle.tooling.internal.provider.ContinuousBuildActionExecuter.execute(ContinuousBuildActionExecuter.java:80)\n  at org.gradle.tooling.internal.provider.ContinuousBuildActionExecuter.execute(ContinuousBuildActionExecuter.java:53) at org.gradle.tooling.internal.provider.ServicesSetupBuildActionExecuter.execute(ServicesSetupBuildActionExecuter.java:57) at org.gradle.tooling.internal.provider.ServicesSetupBuildActionExecuter.execute(ServicesSetupBuildActionExecuter.java:32)\n  at org.gradle.tooling.internal.provider.GradleThreadBuildActionExecuter.execute(GradleThreadBuildActionExecuter.java:36) at org.gradle.tooling.internal.provider.GradleThreadBuildActionExecuter.execute(GradleThreadBuildActionExecuter.java:25) at org.gradle.tooling.internal.provider.ParallelismConfigurationBuildActionExecuter.execute(ParallelismConfigurationBuildActionExecuter.java:43)\n  at org.gradle.tooling.internal.provider.ParallelismConfigurationBuildActionExecuter.execute(ParallelismConfigurationBuildActionExecuter.java:29) at org.gradle.tooling.internal.provider.StartParamsValidatingActionExecuter.execute(StartParamsValidatingActionExecuter.java:69)\n  at org.gradle.tooling.internal.provider.StartParamsValidatingActionExecuter.execute(StartParamsValidatingActionExecuter.java:30) at org.gradle.tooling.internal.provider.SessionFailureReportingActionExecuter.execute(SessionFailureReportingActionExecuter.java:59)\n  at org.gradle.tooling.internal.provider.SessionFailureReportingActionExecuter.execute(SessionFailureReportingActionExecuter.java:44) at org.gradle.tooling.internal.provider.SetupLoggingActionExecuter.execute(SetupLoggingActionExecuter.java:45) at org.gradle.tooling.internal.provider.SetupLoggingActionExecuter.execute(SetupLoggingActionExecuter.java:30)\n  at org.gradle.launcher.daemon.server.exec.ExecuteBuild.doBuild(ExecuteBuild.java:67) at org.gradle.launcher.daemon.server.exec.BuildCommandOnly.execute(BuildCommandOnly.java:36) at org.gradle.launcher.daemon.server.api.DaemonCommandExecution.proceed(DaemonCommandExecution.java:122)\n  at org.gradle.launcher.daemon.server.exec.WatchForDisconnection.execute(WatchForDisconnection.java:37) at org.gradle.launcher.daemon.server.api.DaemonCommandExecution.proceed(DaemonCommandExecution.java:122) at org.gradle.launcher.daemon.server.exec.ResetDeprecationLogger.execute(ResetDeprecationLogger.java:26)\n  at org.gradle.launcher.daemon.server.api.DaemonCommandExecution.proceed(DaemonCommandExecution.java:122) at org.gradle.launcher.daemon.server.exec.RequestStopIfSingleUsedDaemon.execute(RequestStopIfSingleUsedDaemon.java:34) at org.gradle.launcher.daemon.server.api.DaemonCommandExecution.proceed(DaemonCommandExecution.java:122)\n  at org.gradle.launcher.daemon.server.exec.ForwardClientInput$2.call(ForwardClientInput.java:74) at org.gradle.launcher.daemon.server.exec.ForwardClientInput$2.call(ForwardClientInput.java:72) at org.gradle.util.Swapper.swap(Swapper.java:38) at org.gradle.launcher.daemon.server.exec.ForwardClientInput.execute(ForwardClientInput.java:72)\n  at org.gradle.launcher.daemon.server.api.DaemonCommandExecution.proceed(DaemonCommandExecution.java:122) at org.gradle.launcher.daemon.server.exec.LogAndCheckHealth.execute(LogAndCheckHealth.java:55) at org.gradle.launcher.daemon.server.api.DaemonCommandExecution.proceed(DaemonCommandExecution.java:122)\n  at org.gradle.launcher.daemon.server.exec.LogToClient.doBuild(LogToClient.java:62) at org.gradle.launcher.daemon.server.exec.BuildCommandOnly.execute(BuildCommandOnly.java:36) at org.gradle.launcher.daemon.server.api.DaemonCommandExecution.proceed(DaemonCommandExecution.java:122)\n  at org.gradle.launcher.daemon.server.exec.EstablishBuildEnvironment.doBuild(EstablishBuildEnvironment.java:82) at org.gradle.launcher.daemon.server.exec.BuildCommandOnly.execute(BuildCommandOnly.java:36) at org.gradle.launcher.daemon.server.api.DaemonCommandExecution.proceed(DaemonCommandExecution.java:122)\n  at org.gradle.launcher.daemon.server.exec.StartBuildOrRespondWithBusy$1.run(StartBuildOrRespondWithBusy.java:50) at org.gradle.launcher.daemon.server.DaemonStateCoordinator$1.run(DaemonStateCoordinator.java:295) at org.gradle.internal.concurrent.ExecutorPolicy$CatchAndRecordFailures.onExecute(ExecutorPolicy.java:63)\n  at org.gradle.internal.concurrent.ManagedExecutorImpl$1.run(ManagedExecutorImpl.java:46) at org.gradle.internal.concurrent.ThreadFactoryImpl$ManagedThreadRunnable.run(ThreadFactoryImpl.java:55) Caused by: org.gradle.api.tasks.TaskExecutionException:\n  Execution failed for task ':app:compileDevDebugJavaWithJavac'. at org.gradle.api.internal.tasks.execution.ExecuteActionsTaskExecuter.executeActions(ExecuteActionsTaskExecuter.java:100) at org.gradle.api.internal.tasks.execution.ExecuteActionsTaskExecuter.execute(ExecuteActionsTaskExecuter.java:70)\n  at org.gradle.api.internal.tasks.execution.OutputDirectoryCreatingTaskExecuter.execute(OutputDirectoryCreatingTaskExecuter.java:51) at org.gradle.api.internal.tasks.execution.SkipUpToDateTaskExecuter.execute(SkipUpToDateTaskExecuter.java:62) at org.gradle.api.internal.tasks.execution.ResolveTaskOutputCachingStateExecuter.execute(ResolveTaskOutputCachingStateExecuter.java:54)\n  at org.gradle.api.internal.tasks.execution.ValidatingTaskExecuter.execute(ValidatingTaskExecuter.java:60) at org.gradle.api.internal.tasks.execution.SkipEmptySourceFilesTaskExecuter.execute(SkipEmptySourceFilesTaskExecuter.java:97) at org.gradle.api.internal.tasks.execution.CleanupStaleOutputsExecuter.execute(CleanupStaleOutputsExecuter.java:87)\n  at org.gradle.api.internal.tasks.execution.ResolveTaskArtifactStateTaskExecuter.execute(ResolveTaskArtifactStateTaskExecuter.java:52) at org.gradle.api.internal.tasks.execution.SkipTaskWithNoActionsExecuter.execute(SkipTaskWithNoActionsExecuter.java:52)\n  at org.gradle.api.internal.tasks.execution.SkipOnlyIfTaskExecuter.execute(SkipOnlyIfTaskExecuter.java:54) at org.gradle.api.internal.tasks.execution.ExecuteAtMostOnceTaskExecuter.execute(ExecuteAtMostOnceTaskExecuter.java:43) at org.gradle.api.internal.tasks.execution.CatchExceptionTaskExecuter.execute(CatchExceptionTaskExecuter.java:34)\n  at org.gradle.execution.taskgraph.DefaultTaskGraphExecuter$EventFiringTaskWorker$1.run(DefaultTaskGraphExecuter.java:248) at org.gradle.internal.progress.DefaultBuildOperationExecutor$RunnableBuildOperationWorker.execute(DefaultBuildOperationExecutor.java:336)\n  at org.gradle.internal.progress.DefaultBuildOperationExecutor$RunnableBuildOperationWorker.execute(DefaultBuildOperationExecutor.java:328) at org.gradle.internal.progress.DefaultBuildOperationExecutor.execute(DefaultBuildOperationExecutor.java:199)\n  at org.gradle.internal.progress.DefaultBuildOperationExecutor.run(DefaultBuildOperationExecutor.java:110) at org.gradle.execution.taskgraph.DefaultTaskGraphExecuter$EventFiringTaskWorker.execute(DefaultTaskGraphExecuter.java:241) at org.gradle.execution.taskgraph.DefaultTaskGraphExecuter$EventFiringTaskWorker.execute(DefaultTaskGraphExecuter.java:230)\n  at org.gradle.execution.taskgraph.DefaultTaskPlanExecutor$TaskExecutorWorker.processTask(DefaultTaskPlanExecutor.java:123) at org.gradle.execution.taskgraph.DefaultTaskPlanExecutor$TaskExecutorWorker.access$200(DefaultTaskPlanExecutor.java:79) at org.gradle.execution.taskgraph.DefaultTaskPlanExecutor$TaskExecutorWorker$1.execute(DefaultTaskPlanExecutor.java:104)\n  at org.gradle.execution.taskgraph.DefaultTaskPlanExecutor$TaskExecutorWorker$1.execute(DefaultTaskPlanExecutor.java:98) at org.gradle.execution.taskgraph.DefaultTaskExecutionPlan.execute(DefaultTaskExecutionPlan.java:626) at org.gradle.execution.taskgraph.DefaultTaskExecutionPlan.executeWithTask(DefaultTaskExecutionPlan.java:581)\n  at org.gradle.execution.taskgraph.DefaultTaskPlanExecutor$TaskExecutorWorker.run(DefaultTaskPlanExecutor.java:98) ... 3 more Caused by: org.gradle.api.internal.tasks.compile.CompilationFailedException: Compilation failed; see the compiler error output\n  for details. at org.gradle.api.internal.tasks.compile.JdkJavaCompiler.execute(JdkJavaCompiler.java:50) at org.gradle.api.internal.tasks.compile.JdkJavaCompiler.execute(JdkJavaCompiler.java:35) at org.gradle.api.internal.tasks.compile.NormalizingJavaCompiler.delegateAndHandleErrors(NormalizingJavaCompiler.java:98)\n  at org.gradle.api.internal.tasks.compile.NormalizingJavaCompiler.execute(NormalizingJavaCompiler.java:51) at org.gradle.api.internal.tasks.compile.NormalizingJavaCompiler.execute(NormalizingJavaCompiler.java:37) at org.gradle.api.internal.tasks.compile.CleaningJavaCompilerSupport.execute(CleaningJavaCompilerSupport.java:35)\n  at org.gradle.api.internal.tasks.compile.CleaningJavaCompilerSupport.execute(CleaningJavaCompilerSupport.java:25) at org.gradle.api.internal.tasks.compile.incremental.IncrementalCompilationFinalizer.execute(IncrementalCompilationFinalizer.java:39) at\n  org.gradle.api.internal.tasks.compile.incremental.IncrementalCompilationFinalizer.execute(IncrementalCompilationFinalizer.java:24) at org.gradle.api.tasks.compile.JavaCompile.performCompilation(JavaCompile.java:207) at org.gradle.api.tasks.compile.JavaCompile.compile(JavaCompile.java:133)\n  at com.android.build.gradle.tasks.factory.AndroidJavaCompile.compile(AndroidJavaCompile.java:125) at org.gradle.internal.reflect.JavaMethod.invoke(JavaMethod.java:73) at org.gradle.api.internal.project.taskfactory.IncrementalTaskAction.doExecute(IncrementalTaskAction.java:46)\n  at org.gradle.api.internal.project.taskfactory.StandardTaskAction.execute(StandardTaskAction.java:39) at org.gradle.api.internal.project.taskfactory.StandardTaskAction.execute(StandardTaskAction.java:26) at org.gradle.api.internal.tasks.execution.ExecuteActionsTaskExecuter$1.run(ExecuteActionsTaskExecuter.java:121)\n  at org.gradle.internal.progress.DefaultBuildOperationExecutor$RunnableBuildOperationWorker.execute(DefaultBuildOperationExecutor.java:336) at org.gradle.internal.progress.DefaultBuildOperationExecutor$RunnableBuildOperationWorker.execute(DefaultBuildOperationExecutor.java:328)\n  at org.gradle.internal.progress.DefaultBuildOperationExecutor.execute(DefaultBuildOperationExecutor.java:199) at org.gradle.internal.progress.DefaultBuildOperationExecutor.run(DefaultBuildOperationExecutor.java:110) at org.gradle.api.internal.tasks.execution.ExecuteActionsTaskExecuter.executeAction(ExecuteActionsTaskExecuter.java:110)\n  at org.gradle.api.internal.tasks.execution.ExecuteActionsTaskExecuter.executeActions(ExecuteActionsTaskExecuter.java:92) ... 29 more\n</code></pre>\n\n<p>There is another question with a similar situation <a href=\"https://stackoverflow.com/questions/49509031/error-when-building-on-new-android-studio-3-1\">HERE</a> but it is done using kotlin so there should be some differences.</p>\n\n<p>Any help that you can provide will be very welcome.</p>\n"
        },
        {
            "tags": [
                "rails-activerecord",
                "ruby-on-rails-4.2"
            ],
            "owner": {
                "reputation": 1,
                "user_id": 5065470,
                "user_type": "registered",
                "profile_image": "https://www.gravatar.com/avatar/14de34dd302c37448b44d0cab7e0a2ee?s=128&d=identicon&r=PG&f=1",
                "display_name": "arpansac",
                "link": "https://stackoverflow.com/users/5065470/arpansac"
            },
            "is_answered": false,
            "view_count": 4,
            "answer_count": 0,
            "score": 0,
            "last_activity_date": 1523540484,
            "creation_date": 1523540484,
            "question_id": 49798139,
            "body_markdown": "How to filter all the records from a table where a column &#39;name&#39; is like (in any order) all the values from an array of strings",
            "link": "https://stackoverflow.com/questions/49798139/rails-find-all-records-where-string-column-contains-all-words-from-an-array-of",
            "title": "Rails: Find all records where string column contains all words from an array of strings",
            "body": "<p>How to filter all the records from a table where a column 'name' is like (in any order) all the values from an array of strings</p>\n"
        },
        {
            "tags": [
                "internet-connection"
            ],
            "owner": {
                "reputation": 1,
                "user_id": 9636479,
                "user_type": "registered",
                "profile_image": "https://www.gravatar.com/avatar/3dcd9562672d50ed03c478d259fc49d6?s=128&d=identicon&r=PG&f=1",
                "display_name": "aysman",
                "link": "https://stackoverflow.com/users/9636479/aysman"
            },
            "is_answered": false,
            "view_count": 9,
            "closed_date": 1523540756,
            "answer_count": 0,
            "score": -1,
            "last_activity_date": 1523540482,
            "creation_date": 1523540482,
            "question_id": 49798138,
            "body_markdown": "A friend of mine has an old laptop that runs on Windows 7. It was quite full of malware and all kinds of trojans, browser hijackers etc. by the time I looked into it. There was no internet connectivity as well. I tried the usual methods that were given on this platform and none of them worked. Here is where things take an interesting turn (for me). I used a portable antivirus to remove as many malware and trojans as possible. I then used a portable browser (Opera) and voila , I got connected to the internet (web pages get displayed). When I check again with the native browser (internet explorer), its the same &#39;page can not be displayed&#39;. I do get responses via &#39;ping&#39; as well. I am quite intrigued as to why this is happening.\r\n\r\nAny pointers are appreciated.\r\n\r\n",
            "link": "https://stackoverflow.com/questions/49798138/internet-connectivity",
            "closed_reason": "off-topic",
            "title": "Internet connectivity",
            "body": "<p>A friend of mine has an old laptop that runs on Windows 7. It was quite full of malware and all kinds of trojans, browser hijackers etc. by the time I looked into it. There was no internet connectivity as well. I tried the usual methods that were given on this platform and none of them worked. Here is where things take an interesting turn (for me). I used a portable antivirus to remove as many malware and trojans as possible. I then used a portable browser (Opera) and voila , I got connected to the internet (web pages get displayed). When I check again with the native browser (internet explorer), its the same 'page can not be displayed'. I do get responses via 'ping' as well. I am quite intrigued as to why this is happening.</p>\n\n<p>Any pointers are appreciated.</p>\n"
        },
        {
            "tags": [
                "database",
                "firebase",
                "testing",
                "firebase-database"
            ],
            "owner": {
                "reputation": 6,
                "user_id": 8137974,
                "user_type": "registered",
                "profile_image": "https://www.gravatar.com/avatar/fcef0db2577e56fd51687c9ddf7ae9e8?s=128&d=identicon&r=PG&f=1",
                "display_name": "Terry Grosso",
                "link": "https://stackoverflow.com/users/8137974/terry-grosso"
            },
            "is_answered": false,
            "view_count": 9,
            "answer_count": 0,
            "score": 0,
            "last_activity_date": 1523540477,
            "creation_date": 1523530177,
            "last_edit_date": 1523540477,
            "question_id": 49794620,
            "body_markdown": "How to do a load testing of the Firebase Database.\r\nI don&#39;t find anything about it except the Test Lab.\r\n\r\nHow do you do to stress test the database ? Thanks.",
            "link": "https://stackoverflow.com/questions/49794620/firebase-android-how-to-test-the-database",
            "title": "Firebase Android : How to test the Database?",
            "body": "<p>How to do a load testing of the Firebase Database.\nI don't find anything about it except the Test Lab.</p>\n\n<p>How do you do to stress test the database ? Thanks.</p>\n"
        },
        {
            "tags": [
                "java",
                "mongodb",
                "spring-boot",
                "spring-data"
            ],
            "owner": {
                "reputation": 2835,
                "user_id": 6404321,
                "user_type": "registered",
                "profile_image": "https://i.stack.imgur.com/V9aCS.jpg?s=128&g=1",
                "display_name": "walen",
                "link": "https://stackoverflow.com/users/6404321/walen"
            },
            "is_answered": false,
            "view_count": 35,
            "answer_count": 0,
            "score": 3,
            "last_activity_date": 1523540473,
            "creation_date": 1523466325,
            "last_edit_date": 1523540473,
            "question_id": 49780827,
            "body_markdown": "So there&#39;s this little Angular + Java + Spring Boot + MongoDB app I&#39;m working with. It&#39;s getting quite a lot of action (read: code modifications) lately, but the data access classes have gone largely untouched AFAIK.  \r\nHowever, it seems like `MongoRepository` suddenly decided to stop persisting the changes I&#39;m `save()`ing to DB.\r\n\r\nInspecting `mongod.log` this is what I see when the `save()` works:\r\n\r\n    2018-04-11T15:04:06.840+0200 I COMMAND  [conn6] command pdfviewer.bookData command: find { find: &quot;bookData&quot;, filter: { _id: &quot;ID_1&quot; }, limit: 1, singleBatch: true } planSummary: IDHACK keysExamined:1 docsExamined:1 idhack:1 cursorExhausted:1 keyUpdates:0 writeConflicts:0 numYields:1 nreturned:1 reslen:716 locks:{ Global: { acquireCount: { r: 4 } }, Database: { acquireCount: { r: 2 } }, Collection: { acquireCount: { r: 2 } } } protocol:op_query 102ms\r\n    2018-04-11T17:30:19.615+0200 I WRITE    [conn7] update pdfviewer.bookData query: { _id: &quot;ID_1&quot; } update: { _class: &quot;model.BookData&quot;, _id: &quot;ID_1&quot;, config: { mode: &quot;normal&quot;, offlineEnabled: true }, metadata: { title: &quot;PDFdePrueba3pag   copia  6 &quot;, ...}, downloaded: false, currentPageNumber: 2, availablePages: 3, bookmarks: [], stats: { _id: &quot;c919e517-3c68-462c-8396-d4ba391762e6&quot;, dateOpen: new Date(1523460575872), dateClose: new Date(1523460575951), timeZone: &quot;+2&quot;, ... }, ... } keysExamined:1 docsExamined:1 nMatched:1 nModified:1 keyUpdates:0 writeConflicts:1 numYields:1 locks:{ Global: { acquireCount: { r: 2, w: 2 } }, Database: { acquireCount: { w: 2 } }, Collection: { acquireCount: { w: 2 } } } 315ms\r\n    2018-04-11T17:30:19.615+0200 I COMMAND  [conn7] command pdfviewer.$cmd command: update { update: &quot;bookData&quot;, ordered: false, updates: [ { q: { _id: &quot;ID_1&quot; }, u: { _class: &quot;model.BookData&quot;, _id: &quot;ID_1&quot;, config: { mode: &quot;normal&quot;, offlineEnabled: true }, metadata: { title: &quot;PDFdePrueba3pag   copia  6 &quot;, ...}, downloaded: false, currentPageNumber: 2, availablePages: 3, bookmarks: [], stats: { _id: &quot;c919e517-3c68-462c-8396-d4ba391762e6&quot;, dateOpen: new Date(1523460575872), dateClose: new Date(1523460575951), timeZone: &quot;+2&quot;, ... }, ... }, upsert: true } ] } keyUpdates:0 writeConflicts:0 numYields:0 reslen:55 locks:{ Global: { acquireCount: { r: 2, w: 2 } }, Database: { acquireCount: { w: 2 } }, Collection: { acquireCount: { w: 2 } } } protocol:op_query 316ms\r\n\r\nAnd this is what I see when it doesn&#39;t:\r\n\r\n    2018-04-11T18:13:21.864+0200 I NETWORK  [initandlisten] connection accepted from 127.0.0.1:64271 #1 (1 connection now open)\r\n    2018-04-11T18:18:51.425+0200 I NETWORK  [initandlisten] connection accepted from 127.0.0.1:64329 #2 (2 connections now open)\r\n    2018-04-11T18:19:06.967+0200 I NETWORK  [initandlisten] connection accepted from 127.0.0.1:64346 #3 (3 connections now open)\r\n\r\nBy doing a `tail -f`&lt;sup&gt;&lt;sub&gt;1&lt;/sub&gt;&lt;/sup&gt; on the log file while debugging, I&#39;ve seen those connections appear right when my code calls `findById()` or `save()`, so it seems like the app can reach the DB.  \r\n\r\nThis is (more or less) the relevant Java code:\r\n\r\n    /* BookDataRepository.java */\r\n    // MongoRepository comes from spring-boot-starter-parent-1.4.5.RELEASE\r\n    public interface BookDataRepository extends MongoRepository&lt;BookData, String&gt; {\r\n        BookData findById(String id);\r\n    }\r\n\r\n    /* BookDataServiceImpl.java */\r\n    public BookData updateBookData(String id, BookData newData) {\r\n        final BookData original = bookDataRepository.findById(id);\r\n        if (original == null) {\r\n            return null;\r\n        }\r\n        original.setCurrentPageNumber(Optional.ofNullable(newData.getCurrentPageNumber()).orElseGet(original::getCurrentPageNumber));\r\n        // similar code for a couple other fields\r\n        \r\n        return bookDataRepository.save(original);\r\n    }\r\n\r\nI&#39;ve stepped through that part a hundred times while debugging and everything seems to be OK:  \r\n\r\n- `findById(id)` correctly returns the expected `BookData original` object: check   \r\n- `newData` contains the expected values to be used for updating: check   \r\n- right before calling `save(original)`, `original` has been correctly modified using `newData` values: check   \r\n- `save()` executes without errors: check   \r\n- `save()` returns a new `BookData` with correctly updated values: to my own surprise, check   \r\n- after `save()` returns, a `db.bookData.find()` query in Mongo Shell shows that the values have been updated: **fail**.  \r\n- after `save()` returns, the `BookData` object retrieved by new calls to `findById()` contains the updated values: **fail** (sometimes it does, sometimes it doesn&#39;t).  \r\n\r\nIt just looks like MongoDB is waiting for some kind of `flush()`, but this is not a JPA repository where one could call `saveAndFlush()` instead.\r\n\r\nAny ideas why this might be happening?",
            "link": "https://stackoverflow.com/questions/49780827/spring-data-mongorepositorysave-not-working-sometimes",
            "title": "Spring Data MongoRepository#save not working... sometimes",
            "body": "<p>So there's this little Angular + Java + Spring Boot + MongoDB app I'm working with. It's getting quite a lot of action (read: code modifications) lately, but the data access classes have gone largely untouched AFAIK.<br>\nHowever, it seems like <code>MongoRepository</code> suddenly decided to stop persisting the changes I'm <code>save()</code>ing to DB.</p>\n\n<p>Inspecting <code>mongod.log</code> this is what I see when the <code>save()</code> works:</p>\n\n<pre><code>2018-04-11T15:04:06.840+0200 I COMMAND  [conn6] command pdfviewer.bookData command: find { find: \"bookData\", filter: { _id: \"ID_1\" }, limit: 1, singleBatch: true } planSummary: IDHACK keysExamined:1 docsExamined:1 idhack:1 cursorExhausted:1 keyUpdates:0 writeConflicts:0 numYields:1 nreturned:1 reslen:716 locks:{ Global: { acquireCount: { r: 4 } }, Database: { acquireCount: { r: 2 } }, Collection: { acquireCount: { r: 2 } } } protocol:op_query 102ms\n2018-04-11T17:30:19.615+0200 I WRITE    [conn7] update pdfviewer.bookData query: { _id: \"ID_1\" } update: { _class: \"model.BookData\", _id: \"ID_1\", config: { mode: \"normal\", offlineEnabled: true }, metadata: { title: \"PDFdePrueba3pag   copia  6 \", ...}, downloaded: false, currentPageNumber: 2, availablePages: 3, bookmarks: [], stats: { _id: \"c919e517-3c68-462c-8396-d4ba391762e6\", dateOpen: new Date(1523460575872), dateClose: new Date(1523460575951), timeZone: \"+2\", ... }, ... } keysExamined:1 docsExamined:1 nMatched:1 nModified:1 keyUpdates:0 writeConflicts:1 numYields:1 locks:{ Global: { acquireCount: { r: 2, w: 2 } }, Database: { acquireCount: { w: 2 } }, Collection: { acquireCount: { w: 2 } } } 315ms\n2018-04-11T17:30:19.615+0200 I COMMAND  [conn7] command pdfviewer.$cmd command: update { update: \"bookData\", ordered: false, updates: [ { q: { _id: \"ID_1\" }, u: { _class: \"model.BookData\", _id: \"ID_1\", config: { mode: \"normal\", offlineEnabled: true }, metadata: { title: \"PDFdePrueba3pag   copia  6 \", ...}, downloaded: false, currentPageNumber: 2, availablePages: 3, bookmarks: [], stats: { _id: \"c919e517-3c68-462c-8396-d4ba391762e6\", dateOpen: new Date(1523460575872), dateClose: new Date(1523460575951), timeZone: \"+2\", ... }, ... }, upsert: true } ] } keyUpdates:0 writeConflicts:0 numYields:0 reslen:55 locks:{ Global: { acquireCount: { r: 2, w: 2 } }, Database: { acquireCount: { w: 2 } }, Collection: { acquireCount: { w: 2 } } } protocol:op_query 316ms\n</code></pre>\n\n<p>And this is what I see when it doesn't:</p>\n\n<pre><code>2018-04-11T18:13:21.864+0200 I NETWORK  [initandlisten] connection accepted from 127.0.0.1:64271 #1 (1 connection now open)\n2018-04-11T18:18:51.425+0200 I NETWORK  [initandlisten] connection accepted from 127.0.0.1:64329 #2 (2 connections now open)\n2018-04-11T18:19:06.967+0200 I NETWORK  [initandlisten] connection accepted from 127.0.0.1:64346 #3 (3 connections now open)\n</code></pre>\n\n<p>By doing a <code>tail -f</code><sup><sub>1</sub></sup> on the log file while debugging, I've seen those connections appear right when my code calls <code>findById()</code> or <code>save()</code>, so it seems like the app can reach the DB.  </p>\n\n<p>This is (more or less) the relevant Java code:</p>\n\n<pre><code>/* BookDataRepository.java */\n// MongoRepository comes from spring-boot-starter-parent-1.4.5.RELEASE\npublic interface BookDataRepository extends MongoRepository&lt;BookData, String&gt; {\n    BookData findById(String id);\n}\n\n/* BookDataServiceImpl.java */\npublic BookData updateBookData(String id, BookData newData) {\n    final BookData original = bookDataRepository.findById(id);\n    if (original == null) {\n        return null;\n    }\n    original.setCurrentPageNumber(Optional.ofNullable(newData.getCurrentPageNumber()).orElseGet(original::getCurrentPageNumber));\n    // similar code for a couple other fields\n\n    return bookDataRepository.save(original);\n}\n</code></pre>\n\n<p>I've stepped through that part a hundred times while debugging and everything seems to be OK:  </p>\n\n<ul>\n<li><code>findById(id)</code> correctly returns the expected <code>BookData original</code> object: check   </li>\n<li><code>newData</code> contains the expected values to be used for updating: check   </li>\n<li>right before calling <code>save(original)</code>, <code>original</code> has been correctly modified using <code>newData</code> values: check   </li>\n<li><code>save()</code> executes without errors: check   </li>\n<li><code>save()</code> returns a new <code>BookData</code> with correctly updated values: to my own surprise, check   </li>\n<li>after <code>save()</code> returns, a <code>db.bookData.find()</code> query in Mongo Shell shows that the values have been updated: <strong>fail</strong>.  </li>\n<li>after <code>save()</code> returns, the <code>BookData</code> object retrieved by new calls to <code>findById()</code> contains the updated values: <strong>fail</strong> (sometimes it does, sometimes it doesn't).  </li>\n</ul>\n\n<p>It just looks like MongoDB is waiting for some kind of <code>flush()</code>, but this is not a JPA repository where one could call <code>saveAndFlush()</code> instead.</p>\n\n<p>Any ideas why this might be happening?</p>\n"
        },
        {
            "tags": [
                "user-interface",
                "javafx",
                "save",
                "nodes"
            ],
            "owner": {
                "reputation": 1,
                "user_id": 8124102,
                "user_type": "registered",
                "profile_image": "https://graph.facebook.com/108736263061525/picture?type=large",
                "display_name": "Saber Rider",
                "link": "https://stackoverflow.com/users/8124102/saber-rider"
            },
            "is_answered": false,
            "view_count": 21,
            "answer_count": 0,
            "score": 0,
            "last_activity_date": 1523540469,
            "creation_date": 1523531883,
            "last_edit_date": 1523540469,
            "question_id": 49795150,
            "body_markdown": "I read a lot of solutions for how to save an object,\r\nbut how can I save a complex node in JavaFX like a pane with other panes or nodes inside? Also, I would like to save the state the text of TextField.\r\nIs there any API that I can save the object as it is?\r\nOr I must write my own save methods?",
            "link": "https://stackoverflow.com/questions/49795150/how-to-save-pane-or-gui-on-javafx",
            "title": "How to save Pane or GUI on javafx",
            "body": "<p>I read a lot of solutions for how to save an object,\nbut how can I save a complex node in JavaFX like a pane with other panes or nodes inside? Also, I would like to save the state the text of TextField.\nIs there any API that I can save the object as it is?\nOr I must write my own save methods?</p>\n"
        },
        {
            "tags": [
                "r",
                "loops"
            ],
            "owner": {
                "reputation": 119,
                "user_id": 2859521,
                "user_type": "registered",
                "profile_image": "https://www.gravatar.com/avatar/4890864f472255dcc5e38ca23cfcf539?s=128&d=identicon&r=PG&f=1",
                "display_name": "mert",
                "link": "https://stackoverflow.com/users/2859521/mert"
            },
            "is_answered": false,
            "view_count": 50,
            "answer_count": 0,
            "score": 1,
            "last_activity_date": 1523540465,
            "creation_date": 1523521360,
            "last_edit_date": 1523540465,
            "question_id": 49791448,
            "body_markdown": "    y &lt;- rnorm(5)\r\n    X &lt;- matrix(rnorm(15),5)\r\n    b &lt;- rep(0, 3)\r\n    e &lt;- y - X%*%b\r\n    \r\n    w &lt;- rep(0, 3)\r\n    \r\n    A &lt;- c(1,2,1)  \r\n\r\n    for(i in 1:10){\r\n      for(j in 1:3){\r\n        e &lt;- e + X[,j]*b[j]\r\n        xe &lt;- sum(X[,j]*e)\r\n        w[j] &lt;- xe\r\n        b[j] &lt;- xe - (A%*%w - 1.5)\r\n        e &lt;- e - X[,j]*b[j]\r\n      }\r\n    }\r\n\r\nThis is a dummy code that generate vector `b`. The problem here is that one of the vector in the loop is `w` which depends all the terms in `b`: \r\nThis `w` vector effects `b` as a vector not term by term. But the terms in `w` also depend on `b[j]`&#39;s. \r\nIn the inner loop `w` vector is \r\n\r\n    1.78787 0.00000 0.00000         # first iteration\r\n    1.787870 -1.231099  0.000000    # second iteration\r\n    1.787870 -1.231099  7.507026    # Third iteration\r\n\r\nrespectively, for the first iteration over `i`.\r\n\r\nAccording to theory, `w` should be in the form of third iteration not in the forms with zeros. This means for `b[1]`, `w` has three zeros, for `b[2]`, `w` has two zeros etc, but I need to use the same `w` for all `b[j]`&#39;s.\r\n\r\nI hope, I explained it properly. Maybe this is simple, but I&#39;m confused.\r\n\r\nWhat is the best way to code this situation: The iterations to estimate `b` depend all the terms in `b`?\r\n\r\nA summary for math behind this is as following. `b[j]`&#39;s are iterated until convergence.\r\n\r\n[![enter image description here][1]][1]\r\n\r\n\r\n  [1]: https://i.stack.imgur.com/PGbwX.png",
            "link": "https://stackoverflow.com/questions/49791448/a-term-in-a-loop-contains-itself",
            "title": "A term in a loop contains itself",
            "body": "<pre><code>y &lt;- rnorm(5)\nX &lt;- matrix(rnorm(15),5)\nb &lt;- rep(0, 3)\ne &lt;- y - X%*%b\n\nw &lt;- rep(0, 3)\n\nA &lt;- c(1,2,1)  \n\nfor(i in 1:10){\n  for(j in 1:3){\n    e &lt;- e + X[,j]*b[j]\n    xe &lt;- sum(X[,j]*e)\n    w[j] &lt;- xe\n    b[j] &lt;- xe - (A%*%w - 1.5)\n    e &lt;- e - X[,j]*b[j]\n  }\n}\n</code></pre>\n\n<p>This is a dummy code that generate vector <code>b</code>. The problem here is that one of the vector in the loop is <code>w</code> which depends all the terms in <code>b</code>: \nThis <code>w</code> vector effects <code>b</code> as a vector not term by term. But the terms in <code>w</code> also depend on <code>b[j]</code>'s. \nIn the inner loop <code>w</code> vector is </p>\n\n<pre><code>1.78787 0.00000 0.00000         # first iteration\n1.787870 -1.231099  0.000000    # second iteration\n1.787870 -1.231099  7.507026    # Third iteration\n</code></pre>\n\n<p>respectively, for the first iteration over <code>i</code>.</p>\n\n<p>According to theory, <code>w</code> should be in the form of third iteration not in the forms with zeros. This means for <code>b[1]</code>, <code>w</code> has three zeros, for <code>b[2]</code>, <code>w</code> has two zeros etc, but I need to use the same <code>w</code> for all <code>b[j]</code>'s.</p>\n\n<p>I hope, I explained it properly. Maybe this is simple, but I'm confused.</p>\n\n<p>What is the best way to code this situation: The iterations to estimate <code>b</code> depend all the terms in <code>b</code>?</p>\n\n<p>A summary for math behind this is as following. <code>b[j]</code>'s are iterated until convergence.</p>\n\n<p><a href=\"https://i.stack.imgur.com/PGbwX.png\" rel=\"nofollow noreferrer\"><img src=\"https://i.stack.imgur.com/PGbwX.png\" alt=\"enter image description here\"></a></p>\n"
        },
        {
            "tags": [
                "laravel",
                "laravel-valet"
            ],
            "owner": {
                "reputation": 15,
                "user_id": 9607361,
                "user_type": "registered",
                "profile_image": "https://lh3.googleusercontent.com/-XdUIqdMkCWA/AAAAAAAAAAI/AAAAAAAAAAA/4252rscbv5M/photo.jpg?sz=128",
                "display_name": "JakeJ",
                "link": "https://stackoverflow.com/users/9607361/jakej"
            },
            "is_answered": true,
            "view_count": 13,
            "answer_count": 1,
            "score": 0,
            "last_activity_date": 1523540465,
            "creation_date": 1523540125,
            "question_id": 49798010,
            "body_markdown": "Im using laravel with valet, when I acess some site the url is &quot;https://blog.test&quot;.  Im using localhost for now.\r\n\r\nBut I would like to have the site with a secure connection. But Im not finding about which is necessary to have a secure connection. \r\n\r\nDo you know if it is only nececessary set the url with https like &quot;&#39;url&#39; =&gt; env(APP_URL, https://localhost)&#39; in config/app.php? Or it is in the route files that is necessary to change something? ",
            "link": "https://stackoverflow.com/questions/49798010/how-to-properly-set-the-site-with-https-for-secure-connections",
            "title": "How to properly set the site with HTTPS for secure connections?",
            "body": "<p>Im using laravel with valet, when I acess some site the url is \"<a href=\"https://blog.test\" rel=\"nofollow noreferrer\">https://blog.test</a>\".  Im using localhost for now.</p>\n\n<p>But I would like to have the site with a secure connection. But Im not finding about which is necessary to have a secure connection. </p>\n\n<p>Do you know if it is only nececessary set the url with https like \"'url' => env(APP_URL, <a href=\"https://localhost\" rel=\"nofollow noreferrer\">https://localhost</a>)' in config/app.php? Or it is in the route files that is necessary to change something? </p>\n"
        },
        {
            "tags": [
                "java",
                "multithreading"
            ],
            "owner": {
                "reputation": 5,
                "user_id": 7893189,
                "user_type": "registered",
                "profile_image": "https://graph.facebook.com/10155274279361531/picture?type=large",
                "display_name": "Lui H",
                "link": "https://stackoverflow.com/users/7893189/lui-h"
            },
            "is_answered": true,
            "view_count": 38,
            "accepted_answer_id": 49798133,
            "answer_count": 1,
            "score": -1,
            "last_activity_date": 1523540462,
            "creation_date": 1523539460,
            "last_edit_date": 1523540110,
            "question_id": 49797768,
            "body_markdown": "I&#39;ve seen many similar thread questions that are very helpful but I don&#39;t understand how to apply their answers to this problem.\r\n\r\nThe problem I&#39;m facing is using two threads to do two different tasks, instead I&#39;ve created two threads that do same thing.\r\n\r\nExpected output:\r\n\r\n    1 2 3 4 5 6 7 8 9 10\r\n\r\nCurrent output:\r\n\r\n    1 2 2 3 3 4 4 5 5 6 6 7 7 8 8 9 9 \r\n\r\nCode:\r\n\r\n    package midtermpractice;\r\n    \r\n    public class PrintNums {\r\n    \r\n        public static class PrintRunnable implements Runnable {\r\n    \r\n            int num;\r\n    \r\n            public PrintRunnable(int x) {\r\n                this.num = x;\r\n    \r\n            }\r\n    \r\n            synchronized public void run() {\r\n                for (int i = this.num; i &lt; 10; i++) {\r\n    \r\n                    System.out.print(i + &quot; &quot;);\r\n    \r\n                    try {\r\n                        Thread.sleep(1000);\r\n                    } catch (InterruptedException e) {\r\n                        System.err.println(e);\r\n                    }\r\n                }\r\n    \r\n            }\r\n        }\r\n    \r\n        public static void main(String[] args) {\r\n            Thread evenThread = new Thread(new PrintRunnable(1), &quot;Even: &quot;);\r\n            Thread oddThread = new Thread(new PrintRunnable(2), &quot;Odd: &quot;);\r\n    \r\n            evenThread.start();\r\n            oddThread.start();\r\n        }\r\n    \r\n    }",
            "link": "https://stackoverflow.com/questions/49797768/printing-numbers-from-1-10-using-two-threads-java",
            "title": "Printing numbers from 1-10 using two threads Java",
            "body": "<p>I've seen many similar thread questions that are very helpful but I don't understand how to apply their answers to this problem.</p>\n\n<p>The problem I'm facing is using two threads to do two different tasks, instead I've created two threads that do same thing.</p>\n\n<p>Expected output:</p>\n\n<pre><code>1 2 3 4 5 6 7 8 9 10\n</code></pre>\n\n<p>Current output:</p>\n\n<pre><code>1 2 2 3 3 4 4 5 5 6 6 7 7 8 8 9 9 \n</code></pre>\n\n<p>Code:</p>\n\n<pre><code>package midtermpractice;\n\npublic class PrintNums {\n\n    public static class PrintRunnable implements Runnable {\n\n        int num;\n\n        public PrintRunnable(int x) {\n            this.num = x;\n\n        }\n\n        synchronized public void run() {\n            for (int i = this.num; i &lt; 10; i++) {\n\n                System.out.print(i + \" \");\n\n                try {\n                    Thread.sleep(1000);\n                } catch (InterruptedException e) {\n                    System.err.println(e);\n                }\n            }\n\n        }\n    }\n\n    public static void main(String[] args) {\n        Thread evenThread = new Thread(new PrintRunnable(1), \"Even: \");\n        Thread oddThread = new Thread(new PrintRunnable(2), \"Odd: \");\n\n        evenThread.start();\n        oddThread.start();\n    }\n\n}\n</code></pre>\n"
        },
        {
            "tags": [
                "r",
                "loops",
                "mosaic-plot"
            ],
            "owner": {
                "reputation": 1,
                "user_id": 9636373,
                "user_type": "registered",
                "profile_image": "https://www.gravatar.com/avatar/a4fc99d954404a8e29010b753cea920c?s=128&d=identicon&r=PG&f=1",
                "display_name": "Sven H.",
                "link": "https://stackoverflow.com/users/9636373/sven-h"
            },
            "is_answered": false,
            "view_count": 17,
            "answer_count": 0,
            "score": 0,
            "last_activity_date": 1523540456,
            "creation_date": 1523540456,
            "question_id": 49798132,
            "body_markdown": "I&#39;ve got a table with different Plot Types and the Cluster number they are sorted by. The table looks like this:\r\n\r\n    &#39;data.frame&#39;:\t80 obs. of  16 variables:\r\n     $ GS_CT_HC_NO: Factor w/ 16 levels &quot;GS_CT_HC_NO&quot;,..: 1 1 1 1 1 2 2 2 2 2 ...\r\n     $ CT_HC_NO   : Factor w/ 8 levels &quot;CT_HC_NO&quot;,&quot;CT_HC_SW&quot;,..: 1 1 1 1 1 2 2 2 2 2 ...\r\n     $ GS_CT_HC   : Factor w/ 8 levels &quot;GS_CT_HC&quot;,&quot;GS_CT_LC&quot;,..: 1 1 1 1 1 1 1 1 1 1 ...\r\n     $ GS_HC_NO   : Factor w/ 8 levels &quot;GS_HC_NO&quot;,&quot;GS_HC_SW&quot;,..: 1 1 1 1 1 2 2 2 2 2 ...\r\n     $ GS_CT_NO   : Factor w/ 8 levels &quot;GS_CT_NO&quot;,&quot;GS_CT_SW&quot;,..: 1 1 1 1 1 2 2 2 2 2 ...\r\n     $ CT_HC      : Factor w/ 4 levels &quot;CT_HC&quot;,&quot;CT_LC&quot;,..: 1 1 1 1 1 1 1 1 1 1 ...\r\n     $ CT_NO      : Factor w/ 4 levels &quot;CT_NO&quot;,&quot;CT_SW&quot;,..: 1 1 1 1 1 2 2 2 2 2 ...\r\n     $ GS_CT      : Factor w/ 4 levels &quot;GS_CT&quot;,&quot;GS_FT&quot;,..: 1 1 1 1 1 1 1 1 1 1 ...\r\n     $ GS_HC      : Factor w/ 4 levels &quot;GS_HC&quot;,&quot;GS_LC&quot;,..: 1 1 1 1 1 1 1 1 1 1 ...\r\n     $ GS_NO      : Factor w/ 4 levels &quot;GS_NO&quot;,&quot;GS_SW&quot;,..: 1 1 1 1 1 2 2 2 2 2 ...\r\n     $ HC_NO      : Factor w/ 4 levels &quot;HC_NO&quot;,&quot;HC_SW&quot;,..: 1 1 1 1 1 2 2 2 2 2 ...\r\n     $ NO         : Factor w/ 2 levels &quot;NO&quot;,&quot;SW&quot;: 1 1 1 1 1 2 2 2 2 2 ...\r\n     $ HC         : Factor w/ 2 levels &quot;HC&quot;,&quot;LC&quot;: 1 1 1 1 1 1 1 1 1 1 ...\r\n     $ GS         : Factor w/ 2 levels &quot;GS&quot;,&quot;SS&quot;: 1 1 1 1 1 1 1 1 1 1 ...\r\n     $ CT         : Factor w/ 2 levels &quot;CT&quot;,&quot;FT&quot;: 1 1 1 1 1 1 1 1 1 1 ...\r\n     $ ClusterNr  : int  4 5 2 4 1 4 3 3 4 4 ...\r\n\r\nNow, I created a Mosaicplot with the vcd package in R of GS_CT_HC_NO (first column) and the Cluster Nr with the following code:\r\n\r\n    mosaic(ClusterNr ~ GS_CT_HC_NO, data = groups, shade = TRUE, highlighting_fill = \r\n    terrain.colors(5), labeling_args = list(tl_labels = FALSE, clip = FALSE, tl_varnames = TRUE,\r\n    pos_labels = &quot;center&quot;, set_varnames = c(GS_CT_HC_NO = &quot;Plot Class&quot;, ClusterNr = &quot;Cluster&quot;),\r\n    rot_labels = c(0, 0, 0, 90), gp_labels = (gpar(fontsize = 8)), just_labels = &quot;left&quot;))\r\n\r\nI want to create such a plot for all other Plot Type combinations by using an for loop but when I tried with \r\n\r\n    for(j in 1:dim(groups[,-16])[2])\r\n\r\nI received the Error:\r\n\r\n    Error in model.frame.default(formula = ~j + ClusterNr, data = groups) : \r\n     Variablenl&#228;ngen sind unterschiedlich (gefunden f&#252;r &#39;ClusterNr&#39;)\r\n\r\nLast part of the error code means, that the length of variables is different (especially for the variable &#39;ClusterNr&#39;)\r\n\r\nIs anybody please able to help me finding a correct working loop with the possibility to save every plot as a jpeg? \r\n\r\nCheers, Sven!",
            "link": "https://stackoverflow.com/questions/49798132/use-of-for-loops-for-graphics-in-r",
            "title": "Use of for loops for graphics in R",
            "body": "<p>I've got a table with different Plot Types and the Cluster number they are sorted by. The table looks like this:</p>\n\n<pre><code>'data.frame':   80 obs. of  16 variables:\n $ GS_CT_HC_NO: Factor w/ 16 levels \"GS_CT_HC_NO\",..: 1 1 1 1 1 2 2 2 2 2 ...\n $ CT_HC_NO   : Factor w/ 8 levels \"CT_HC_NO\",\"CT_HC_SW\",..: 1 1 1 1 1 2 2 2 2 2 ...\n $ GS_CT_HC   : Factor w/ 8 levels \"GS_CT_HC\",\"GS_CT_LC\",..: 1 1 1 1 1 1 1 1 1 1 ...\n $ GS_HC_NO   : Factor w/ 8 levels \"GS_HC_NO\",\"GS_HC_SW\",..: 1 1 1 1 1 2 2 2 2 2 ...\n $ GS_CT_NO   : Factor w/ 8 levels \"GS_CT_NO\",\"GS_CT_SW\",..: 1 1 1 1 1 2 2 2 2 2 ...\n $ CT_HC      : Factor w/ 4 levels \"CT_HC\",\"CT_LC\",..: 1 1 1 1 1 1 1 1 1 1 ...\n $ CT_NO      : Factor w/ 4 levels \"CT_NO\",\"CT_SW\",..: 1 1 1 1 1 2 2 2 2 2 ...\n $ GS_CT      : Factor w/ 4 levels \"GS_CT\",\"GS_FT\",..: 1 1 1 1 1 1 1 1 1 1 ...\n $ GS_HC      : Factor w/ 4 levels \"GS_HC\",\"GS_LC\",..: 1 1 1 1 1 1 1 1 1 1 ...\n $ GS_NO      : Factor w/ 4 levels \"GS_NO\",\"GS_SW\",..: 1 1 1 1 1 2 2 2 2 2 ...\n $ HC_NO      : Factor w/ 4 levels \"HC_NO\",\"HC_SW\",..: 1 1 1 1 1 2 2 2 2 2 ...\n $ NO         : Factor w/ 2 levels \"NO\",\"SW\": 1 1 1 1 1 2 2 2 2 2 ...\n $ HC         : Factor w/ 2 levels \"HC\",\"LC\": 1 1 1 1 1 1 1 1 1 1 ...\n $ GS         : Factor w/ 2 levels \"GS\",\"SS\": 1 1 1 1 1 1 1 1 1 1 ...\n $ CT         : Factor w/ 2 levels \"CT\",\"FT\": 1 1 1 1 1 1 1 1 1 1 ...\n $ ClusterNr  : int  4 5 2 4 1 4 3 3 4 4 ...\n</code></pre>\n\n<p>Now, I created a Mosaicplot with the vcd package in R of GS_CT_HC_NO (first column) and the Cluster Nr with the following code:</p>\n\n<pre><code>mosaic(ClusterNr ~ GS_CT_HC_NO, data = groups, shade = TRUE, highlighting_fill = \nterrain.colors(5), labeling_args = list(tl_labels = FALSE, clip = FALSE, tl_varnames = TRUE,\npos_labels = \"center\", set_varnames = c(GS_CT_HC_NO = \"Plot Class\", ClusterNr = \"Cluster\"),\nrot_labels = c(0, 0, 0, 90), gp_labels = (gpar(fontsize = 8)), just_labels = \"left\"))\n</code></pre>\n\n<p>I want to create such a plot for all other Plot Type combinations by using an for loop but when I tried with </p>\n\n<pre><code>for(j in 1:dim(groups[,-16])[2])\n</code></pre>\n\n<p>I received the Error:</p>\n\n<pre><code>Error in model.frame.default(formula = ~j + ClusterNr, data = groups) : \n Variablenlngen sind unterschiedlich (gefunden fr 'ClusterNr')\n</code></pre>\n\n<p>Last part of the error code means, that the length of variables is different (especially for the variable 'ClusterNr')</p>\n\n<p>Is anybody please able to help me finding a correct working loop with the possibility to save every plot as a jpeg? </p>\n\n<p>Cheers, Sven!</p>\n"
        },
        {
            "tags": [
                "google-cloud-platform",
                "gpu",
                "google-compute-engine",
                "nvidia",
                "tesla"
            ],
            "owner": {
                "reputation": 1,
                "user_id": 3381163,
                "user_type": "registered",
                "profile_image": "https://graph.facebook.com/1318958057/picture?type=large",
                "display_name": "kcmando1",
                "link": "https://stackoverflow.com/users/3381163/kcmando1"
            },
            "is_answered": false,
            "view_count": 23,
            "answer_count": 1,
            "score": 0,
            "last_activity_date": 1523540452,
            "creation_date": 1522709006,
            "last_edit_date": 1523540452,
            "question_id": 49619796,
            "body_markdown": "recently google aproved my cuota for 4 nvidia tesla p100 on a project i&#39;m working(so i have the cuota).\r\n\r\nThe issue is that i don&#39;t know how is called the nvidia p100 in gcp, and i can&#39;t find it anywhere. i&#39;m making the instance like this.\r\n\r\n    gcloud beta compute instances create instance-1\r\n    --machine-type n1-standard-2\r\n    --zone europe-west1-b\r\n    --accelerator type=nvidia-tesla-p100-gpus,count=4 \r\n    --image-family ubuntu-1604-lts\r\n    --image-project ubuntu-os-cloud\r\n    --maintenance-policy TERMINATE\r\nDoes anyone know how to make the right instance?\r\n\r\nThank you^^\r\n  ",
            "link": "https://stackoverflow.com/questions/49619796/gcp-gpu-nvidia-p100-instance",
            "title": "GCP GPU nvidia P100 instance",
            "body": "<p>recently google aproved my cuota for 4 nvidia tesla p100 on a project i'm working(so i have the cuota).</p>\n\n<p>The issue is that i don't know how is called the nvidia p100 in gcp, and i can't find it anywhere. i'm making the instance like this.</p>\n\n<pre><code>gcloud beta compute instances create instance-1\n--machine-type n1-standard-2\n--zone europe-west1-b\n--accelerator type=nvidia-tesla-p100-gpus,count=4 \n--image-family ubuntu-1604-lts\n--image-project ubuntu-os-cloud\n--maintenance-policy TERMINATE\n</code></pre>\n\n<p>Does anyone know how to make the right instance?</p>\n\n<p>Thank you^^</p>\n"
        },
        {
            "tags": [
                "javascript",
                "node.js",
                "sequelize.js"
            ],
            "owner": {
                "reputation": 164,
                "user_id": 7335455,
                "user_type": "registered",
                "accept_rate": 70,
                "profile_image": "https://www.gravatar.com/avatar/73a947b04ec422b1677d20933ab4fe1e?s=128&d=identicon&r=PG&f=1",
                "display_name": "Al-josh",
                "link": "https://stackoverflow.com/users/7335455/al-josh"
            },
            "is_answered": false,
            "view_count": 33,
            "answer_count": 2,
            "score": 1,
            "last_activity_date": 1523540446,
            "creation_date": 1523523100,
            "last_edit_date": 1523540446,
            "question_id": 49792092,
            "body_markdown": "I&#39;m building an app in Express and using Postgres for my database, Sequelize for ORM.\r\n\r\nIn my database each `Post` can have one of the 5 types, `1`, `2`, `3`, `4`, `5`.\r\n\r\nI want to show the amount of all the posts by type.\r\n\r\n    router.route(&#39;/post).get(async (req, res) =&gt; {\r\n      const postOne = await Post.findAll({\r\n        where: { \r\n          state: 1\r\n        }\r\n      });\r\n      const postTwo = await Post.findAll({\r\n        where: { \r\n          state: 2\r\n        }\r\n    });\r\n    res.send({ postOne: postOne.length, postTwo: postTwo.length });\r\n\r\nI can write like this for all of the 5 types, but I was wondering if there was any shorter way to do it so that I don&#39;t have to write the same code 5 times.\r\n\r\nThanks!",
            "link": "https://stackoverflow.com/questions/49792092/how-to-query-a-model-with-different-attributes",
            "title": "How to query a model with different attributes",
            "body": "<p>I'm building an app in Express and using Postgres for my database, Sequelize for ORM.</p>\n\n<p>In my database each <code>Post</code> can have one of the 5 types, <code>1</code>, <code>2</code>, <code>3</code>, <code>4</code>, <code>5</code>.</p>\n\n<p>I want to show the amount of all the posts by type.</p>\n\n<pre><code>router.route('/post).get(async (req, res) =&gt; {\n  const postOne = await Post.findAll({\n    where: { \n      state: 1\n    }\n  });\n  const postTwo = await Post.findAll({\n    where: { \n      state: 2\n    }\n});\nres.send({ postOne: postOne.length, postTwo: postTwo.length });\n</code></pre>\n\n<p>I can write like this for all of the 5 types, but I was wondering if there was any shorter way to do it so that I don't have to write the same code 5 times.</p>\n\n<p>Thanks!</p>\n"
        },
        {
            "tags": [
                "firebase",
                "google-cloud-functions",
                "angularfire2"
            ],
            "owner": {
                "reputation": 695,
                "user_id": 3694288,
                "user_type": "registered",
                "accept_rate": 78,
                "profile_image": "https://i.stack.imgur.com/p1VKJ.png?s=128&g=1",
                "display_name": "DauleDK",
                "link": "https://stackoverflow.com/users/3694288/dauledk"
            },
            "is_answered": true,
            "view_count": 8,
            "accepted_answer_id": 49798110,
            "answer_count": 1,
            "score": 0,
            "last_activity_date": 1523540446,
            "creation_date": 1523530633,
            "last_edit_date": 1523540446,
            "question_id": 49794761,
            "body_markdown": "Is it possible to use &quot;Callable Functions&quot; together with AngularFire2?\r\n\r\nSince AngularFireModule already calls initializeApp, I am not sure how to follow the instructions [here][1]?\r\n\r\nI guess I should not call initializeApp() multiple times?\r\n\r\n  [1]: https://firebase.google.com/docs/functions/callable#initialize_the_client_sdk",
            "link": "https://stackoverflow.com/questions/49794761/can-you-use-firebase-callable-functions-in-angularfire2",
            "title": "Can you use firebase &quot;callable functions&quot; in angularfire2?",
            "body": "<p>Is it possible to use \"Callable Functions\" together with AngularFire2?</p>\n\n<p>Since AngularFireModule already calls initializeApp, I am not sure how to follow the instructions <a href=\"https://firebase.google.com/docs/functions/callable#initialize_the_client_sdk\" rel=\"nofollow noreferrer\">here</a>?</p>\n\n<p>I guess I should not call initializeApp() multiple times?</p>\n"
        },
        {
            "tags": [
                "android",
                "xamarin",
                "android-edittext",
                "xamarin.android"
            ],
            "owner": {
                "reputation": 18,
                "user_id": 3163352,
                "user_type": "registered",
                "profile_image": "https://i.stack.imgur.com/QEHlM.jpg?s=128&g=1",
                "display_name": "Marc Berman",
                "link": "https://stackoverflow.com/users/3163352/marc-berman"
            },
            "is_answered": false,
            "view_count": 135,
            "answer_count": 1,
            "score": 2,
            "last_activity_date": 1523540444,
            "creation_date": 1493369073,
            "question_id": 43675867,
            "body_markdown": "I have an AppCompatDialogFragment that creates a dialog with a single Edit text. I set the theme of the dialog as well as the Edit Text. \r\n\r\nThe issue I&#39;m having is the cursor has a strange underline when selecting text. I need to remove this underline. The color of the underline and cursor is controlled by colorControlActivated.\r\n\r\n[This demonstrates the issue I&#39;m having][1]\r\n\r\nThe style being applied to the EditText is as follows:\r\n\r\n   \r\n\r\n     &lt;!--Edit text for Logon dialog--&gt;\r\n      &lt;style name=&quot;PrimaryLogonEditText&quot; parent=&quot;Widget.AppCompat.EditText&quot;&gt;\r\n        &lt;item name=&quot;android:textColor&quot;&gt;@color/primary_color&lt;/item&gt;\r\n        &lt;item name=&quot;android:singleLine&quot;&gt;true&lt;/item&gt;\r\n        &lt;item name=&quot;colorAccent&quot;&gt;@color/primary_color&lt;/item&gt;\r\n        &lt;item name=&quot;colorControlNormal&quot;&gt;@color/primary_color&lt;/item&gt;\r\n        &lt;item name=&quot;colorControlActivated&quot;&gt;@color/primary_color&lt;/item&gt;\r\n        &lt;item name=&quot;fontPath&quot;&gt;fonts/AntartidaRounded-Medium.ttf&lt;/item&gt;\r\n      &lt;/style&gt;\r\n\r\nThe Edit text layout is as follows:\r\n\r\n    &lt;android.support.design.widget.TextInputLayout\r\n                android:id=&quot;@+id/TxtInputL_LoginDialogPassword&quot;\r\n                android:layout_width=&quot;match_parent&quot;\r\n                android:layout_height=&quot;wrap_content&quot;\r\n                android:layout_marginTop=&quot;16dp&quot;\r\n                android:layout_below=&quot;@+id/txtV_LoginDialogMessage&quot;\r\n                local:errorTextAppearance=&quot;@style/error_appearance&quot;\r\n                local:errorEnabled=&quot;true&quot;\r\n                style=&quot;@style/PrimaryColorAppCompatHint&quot;\r\n                local:hintTextAppearance=&quot;@style/PrimaryColorAppCompatHint&quot;&gt;\r\n                &lt;EditText\r\n                    android:id=&quot;@+id/edtT_LoginDialogPassword&quot;\r\n                    android:layout_width=&quot;match_parent&quot;\r\n                    android:layout_height=&quot;wrap_content&quot;\r\n                    android:hint=&quot;Password&quot;\r\n                    android:text=&quot;ValidPassword@1&quot;\r\n                    style=&quot;@style/PrimaryLogonEditText&quot;\r\n                    android:theme=&quot;@style/PrimaryLogonEditText&quot;\r\n                    local:hintTextAppearance=&quot;@style/PrimaryColorAppCompatHint&quot; /&gt;\r\n            &lt;/android.support.design.widget.TextInputLayout&gt;\r\n\r\n\r\n  [1]: https://i.stack.imgur.com/qrfZf.png",
            "link": "https://stackoverflow.com/questions/43675867/android-edit-text-selection-cursor-has-strange-underline",
            "title": "Android Edit Text selection cursor has strange underline",
            "body": "<p>I have an AppCompatDialogFragment that creates a dialog with a single Edit text. I set the theme of the dialog as well as the Edit Text. </p>\n\n<p>The issue I'm having is the cursor has a strange underline when selecting text. I need to remove this underline. The color of the underline and cursor is controlled by colorControlActivated.</p>\n\n<p><a href=\"https://i.stack.imgur.com/qrfZf.png\" rel=\"nofollow noreferrer\">This demonstrates the issue I'm having</a></p>\n\n<p>The style being applied to the EditText is as follows:</p>\n\n<pre><code> &lt;!--Edit text for Logon dialog--&gt;\n  &lt;style name=\"PrimaryLogonEditText\" parent=\"Widget.AppCompat.EditText\"&gt;\n    &lt;item name=\"android:textColor\"&gt;@color/primary_color&lt;/item&gt;\n    &lt;item name=\"android:singleLine\"&gt;true&lt;/item&gt;\n    &lt;item name=\"colorAccent\"&gt;@color/primary_color&lt;/item&gt;\n    &lt;item name=\"colorControlNormal\"&gt;@color/primary_color&lt;/item&gt;\n    &lt;item name=\"colorControlActivated\"&gt;@color/primary_color&lt;/item&gt;\n    &lt;item name=\"fontPath\"&gt;fonts/AntartidaRounded-Medium.ttf&lt;/item&gt;\n  &lt;/style&gt;\n</code></pre>\n\n<p>The Edit text layout is as follows:</p>\n\n<pre><code>&lt;android.support.design.widget.TextInputLayout\n            android:id=\"@+id/TxtInputL_LoginDialogPassword\"\n            android:layout_width=\"match_parent\"\n            android:layout_height=\"wrap_content\"\n            android:layout_marginTop=\"16dp\"\n            android:layout_below=\"@+id/txtV_LoginDialogMessage\"\n            local:errorTextAppearance=\"@style/error_appearance\"\n            local:errorEnabled=\"true\"\n            style=\"@style/PrimaryColorAppCompatHint\"\n            local:hintTextAppearance=\"@style/PrimaryColorAppCompatHint\"&gt;\n            &lt;EditText\n                android:id=\"@+id/edtT_LoginDialogPassword\"\n                android:layout_width=\"match_parent\"\n                android:layout_height=\"wrap_content\"\n                android:hint=\"Password\"\n                android:text=\"ValidPassword@1\"\n                style=\"@style/PrimaryLogonEditText\"\n                android:theme=\"@style/PrimaryLogonEditText\"\n                local:hintTextAppearance=\"@style/PrimaryColorAppCompatHint\" /&gt;\n        &lt;/android.support.design.widget.TextInputLayout&gt;\n</code></pre>\n"
        },
        {
            "tags": [
                "login"
            ],
            "owner": {
                "reputation": 1,
                "user_id": 9636224,
                "user_type": "registered",
                "profile_image": "https://lh5.googleusercontent.com/-vEwQyeWDM7I/AAAAAAAAAAI/AAAAAAAAAmA/gVLOk13bRag/photo.jpg?sz=128",
                "display_name": "BHARATHI SM",
                "link": "https://stackoverflow.com/users/9636224/bharathi-sm"
            },
            "is_answered": false,
            "view_count": 5,
            "answer_count": 0,
            "score": -1,
            "last_activity_date": 1523540442,
            "creation_date": 1523537555,
            "last_edit_date": 1523540442,
            "question_id": 49797095,
            "body_markdown": " \r\nadmin can add the user from the dashboard and  same login for both sub-users and admin  in PHP \r\n\r\n[![enter image description here][1]][1]\r\n\r\n\r\n  [1]: https://i.stack.imgur.com/dhnIg.png",
            "link": "https://stackoverflow.com/questions/49797095/admin-can-add-the-user-from-the-dashboard-and-same-login-for-both-sub-users-and",
            "title": "admin can add the user from the dashboard and same login for both sub-users and admin in PHP",
            "body": "<p>admin can add the user from the dashboard and  same login for both sub-users and admin  in PHP </p>\n\n<p><a href=\"https://i.stack.imgur.com/dhnIg.png\" rel=\"nofollow noreferrer\"><img src=\"https://i.stack.imgur.com/dhnIg.png\" alt=\"enter image description here\"></a></p>\n"
        },
        {
            "tags": [
                "android",
                "rx-java2"
            ],
            "owner": {
                "reputation": 5041,
                "user_id": 1299750,
                "user_type": "registered",
                "accept_rate": 71,
                "profile_image": "https://www.gravatar.com/avatar/d3c17e880be8ed7de5c3904171f432e1?s=128&d=identicon&r=PG",
                "display_name": "idunnololz",
                "link": "https://stackoverflow.com/users/1299750/idunnololz"
            },
            "is_answered": true,
            "view_count": 19,
            "answer_count": 3,
            "score": 2,
            "last_activity_date": 1523540439,
            "creation_date": 1523440459,
            "question_id": 49771967,
            "body_markdown": "I&#39;m learning RxJava and I noticed a lot of the sample code does a `isDisposed()` check before calling `dispose()`. I did not notice any issues when I called `dispose()` on an already disposed `Disposable`. \r\n\r\nSo my question is, do I need the `isDisposed()` check? Are there situations where I should check `isDisposed()` before disposing? What are the pros and cons on doing the check first?",
            "link": "https://stackoverflow.com/questions/49771967/do-i-need-to-check-isdisposed-before-calling-dispose",
            "title": "Do I need to check isDisposed() before calling dispose()?",
            "body": "<p>I'm learning RxJava and I noticed a lot of the sample code does a <code>isDisposed()</code> check before calling <code>dispose()</code>. I did not notice any issues when I called <code>dispose()</code> on an already disposed <code>Disposable</code>. </p>\n\n<p>So my question is, do I need the <code>isDisposed()</code> check? Are there situations where I should check <code>isDisposed()</code> before disposing? What are the pros and cons on doing the check first?</p>\n"
        },
        {
            "tags": [
                "android"
            ],
            "owner": {
                "reputation": 171,
                "user_id": 9578153,
                "user_type": "registered",
                "profile_image": "https://www.gravatar.com/avatar/077697e18f8f8f3baae9b6de9cfbd310?s=128&d=identicon&r=PG&f=1",
                "display_name": "Hemant N. Karmur",
                "link": "https://stackoverflow.com/users/9578153/hemant-n-karmur"
            },
            "is_answered": true,
            "view_count": 40,
            "accepted_answer_id": 49798126,
            "answer_count": 2,
            "score": 3,
            "last_activity_date": 1523540435,
            "creation_date": 1523510761,
            "last_edit_date": 1523511248,
            "question_id": 49788627,
            "body_markdown": "In Android, I need to make an App icon as like a watch. That icon shows Seconds, Minute and hour lines as per system current time. All lines are moved as per the current time. Means runnable icon like a real watch. Like as per the given image.\r\n\r\n[![enter image description here][1]][1]\r\n\r\n\r\n  [1]: https://i.stack.imgur.com/dKTAt.jpg",
            "link": "https://stackoverflow.com/questions/49788627/how-to-make-an-app-icon-which-shows-current-time-as-like-a-real-watch",
            "title": "How to make an App icon which shows current time as like a real Watch",
            "body": "<p>In Android, I need to make an App icon as like a watch. That icon shows Seconds, Minute and hour lines as per system current time. All lines are moved as per the current time. Means runnable icon like a real watch. Like as per the given image.</p>\n\n<p><a href=\"https://i.stack.imgur.com/dKTAt.jpg\" rel=\"nofollow noreferrer\"><img src=\"https://i.stack.imgur.com/dKTAt.jpg\" alt=\"enter image description here\"></a></p>\n"
        },
        {
            "tags": [
                "php",
                "function",
                "class"
            ],
            "owner": {
                "reputation": 23,
                "user_id": 3561070,
                "user_type": "registered",
                "accept_rate": 58,
                "profile_image": "https://graph.facebook.com/1024899735/picture?type=large",
                "display_name": "bymem",
                "link": "https://stackoverflow.com/users/3561070/bymem"
            },
            "is_answered": false,
            "view_count": 36,
            "answer_count": 1,
            "score": 0,
            "last_activity_date": 1523540428,
            "creation_date": 1521189801,
            "last_edit_date": 1523540428,
            "question_id": 49316375,
            "body_markdown": "I need some help with this.  I&#39;m developing a larger php app, and a making different kind of functions to be used in this framework.\r\n\r\nBut I&#39;m at a lost on how the best practice is making a function with different functions within it, but with these functions separate in different files for easy categorization.\r\n\r\nLet me show what I want, I&#39;ll like to just call a simple function and then have exposed different functions within that. like this\r\n\r\n    $input = app::getInput();\r\n    $input-&gt;filter(&#39;this string&#39;);\r\n    $input-&gt;validate(&#39;other string&#39;);\r\n\r\nBut with these different function in different files.\r\nRight now I&#39;m doing this like this, but I don&#39;t think that&#39;s the best practice and I&#39;m at a loss on how to do it better.\r\n\r\n    file: app.php\r\n    class app {\r\n        public static function getInput {\r\n            return new Input;\r\n        }\r\n    }\r\n    \r\n    \r\n    file: inputFilter.php\r\n    abstract class InputFilter {\r\n        public function filter() {\r\n        }\r\n    }\r\n    \r\n    file: inputValidate.php\r\n    abstract class InputValidate extends InputFilter {\r\n        public function validate() {\r\n        }\r\n    }\r\n    \r\n    file: inputHelper.php\r\n    class Input extends InputValidate {\r\n        public function someorhterfunction(){\r\n        }\r\n    }\r\n\r\nThis will expose the functions to be used in the example above, but how do I produce the same result but without having to extend the classes every time I want to give input a new function?\r\n\r\nhope this makes sense ...\r\n\r\nEDIT: Okay one point missing, is of cause that i want to be able to extend ```InputValidate```and ```InputFilter``` with more functonality.",
            "link": "https://stackoverflow.com/questions/49316375/exposing-functions-within-functions",
            "title": "exposing functions within functions",
            "body": "<p>I need some help with this.  I'm developing a larger php app, and a making different kind of functions to be used in this framework.</p>\n\n<p>But I'm at a lost on how the best practice is making a function with different functions within it, but with these functions separate in different files for easy categorization.</p>\n\n<p>Let me show what I want, I'll like to just call a simple function and then have exposed different functions within that. like this</p>\n\n<pre><code>$input = app::getInput();\n$input-&gt;filter('this string');\n$input-&gt;validate('other string');\n</code></pre>\n\n<p>But with these different function in different files.\nRight now I'm doing this like this, but I don't think that's the best practice and I'm at a loss on how to do it better.</p>\n\n<pre><code>file: app.php\nclass app {\n    public static function getInput {\n        return new Input;\n    }\n}\n\n\nfile: inputFilter.php\nabstract class InputFilter {\n    public function filter() {\n    }\n}\n\nfile: inputValidate.php\nabstract class InputValidate extends InputFilter {\n    public function validate() {\n    }\n}\n\nfile: inputHelper.php\nclass Input extends InputValidate {\n    public function someorhterfunction(){\n    }\n}\n</code></pre>\n\n<p>This will expose the functions to be used in the example above, but how do I produce the same result but without having to extend the classes every time I want to give input a new function?</p>\n\n<p>hope this makes sense ...</p>\n\n<p>EDIT: Okay one point missing, is of cause that i want to be able to extend <code>InputValidate</code>and <code>InputFilter</code> with more functonality.</p>\n"
        },
        {
            "tags": [
                "angular",
                "angular-services"
            ],
            "owner": {
                "reputation": 23,
                "user_id": 5497854,
                "user_type": "registered",
                "profile_image": "https://i.stack.imgur.com/oehY0.jpg?s=128&g=1",
                "display_name": "user5497854",
                "link": "https://stackoverflow.com/users/5497854/user5497854"
            },
            "is_answered": true,
            "view_count": 117,
            "accepted_answer_id": 49440134,
            "answer_count": 1,
            "score": 4,
            "last_activity_date": 1523540426,
            "creation_date": 1521702406,
            "last_edit_date": 1523540426,
            "question_id": 49422518,
            "body_markdown": "I am facing an issue where I have downloaded an Excel file with Angular 1 but if I am implementing the same code in Angular 5 it is showing the error that your file is corrupted. My response is in **ArrayBuffer** and I am unable to read the file.\r\n\r\n\r\nBelow is my code: \r\n\r\n**Service:**\r\n\r\n     DownloadData(model:requiredParams):Observable&lt;any&gt;{\r\n      const headers = new Headers();\r\n      const requestOptions = new RequestOptions({ headers: headers });\r\n      requestOptions.headers.append(&#39;Content-Type&#39;, &#39;application/json&#39;);\r\n      \r\n       const body = JSON.stringify(model);\r\n      return this.http.post(url, body, requestOptions)\r\n      .map((res:any) =&gt; res)\r\n     .catch((e: any) =&gt; Observable.throw(this.errorHandler(e)));\r\n     }\r\n \r\n**Component:**\r\n\r\n    exportToExcel() {\r\n        this.loadingOverlayFlag = true;\r\n       this.podashboardService.DownloadData(this.data).subscribe(result=&gt;{\r\n        console.log(result);\r\n        this.downloadFile(result._body,&#39;application/vnd.openxmlformats-officedocument.spreadsheetml.sheet&#39;, &#39;export.xlsx&#39;);\r\n      })\r\n      }\r\n    \r\n     downloadFile(blob: any, type: string, filename: string) {\r\n    \r\n     var binaryData = [];\r\n       binaryData.push(blob);\r\n       \r\n         const url = window.URL.createObjectURL(new Blob(binaryData, {type: &quot;application/vnd.openxmlformats-officedocument.spreadsheetml.sheet&quot;})); // &lt;-- work with blob directly\r\n       \r\n         // create hidden dom element (so it works in all browsers)\r\n         const a = document.createElement(&#39;a&#39;);\r\n         a.setAttribute(&#39;style&#39;, &#39;display:none;&#39;);\r\n         document.body.appendChild(a);\r\n       \r\n         // create file, attach to hidden element and open hidden element\r\n         a.href = url;\r\n         a.download = filename;\r\n         a.click();\r\n         \r\n       }\r\n\r\n\r\n\r\nI am able to download the file, but unable to read its content. The error is:\r\n\r\n[![Error image][1]][1]\r\n\r\n\r\n  [1]: https://i.stack.imgur.com/OhxQw.png",
            "link": "https://stackoverflow.com/questions/49422518/angular-5-download-excel-file-with-post-request",
            "title": "Angular 5 download excel file with post request",
            "body": "<p>I am facing an issue where I have downloaded an Excel file with Angular 1 but if I am implementing the same code in Angular 5 it is showing the error that your file is corrupted. My response is in <strong>ArrayBuffer</strong> and I am unable to read the file.</p>\n\n<p>Below is my code: </p>\n\n<p><strong>Service:</strong></p>\n\n<pre><code> DownloadData(model:requiredParams):Observable&lt;any&gt;{\n  const headers = new Headers();\n  const requestOptions = new RequestOptions({ headers: headers });\n  requestOptions.headers.append('Content-Type', 'application/json');\n\n   const body = JSON.stringify(model);\n  return this.http.post(url, body, requestOptions)\n  .map((res:any) =&gt; res)\n .catch((e: any) =&gt; Observable.throw(this.errorHandler(e)));\n }\n</code></pre>\n\n<p><strong>Component:</strong></p>\n\n<pre><code>exportToExcel() {\n    this.loadingOverlayFlag = true;\n   this.podashboardService.DownloadData(this.data).subscribe(result=&gt;{\n    console.log(result);\n    this.downloadFile(result._body,'application/vnd.openxmlformats-officedocument.spreadsheetml.sheet', 'export.xlsx');\n  })\n  }\n\n downloadFile(blob: any, type: string, filename: string) {\n\n var binaryData = [];\n   binaryData.push(blob);\n\n     const url = window.URL.createObjectURL(new Blob(binaryData, {type: \"application/vnd.openxmlformats-officedocument.spreadsheetml.sheet\"})); // &lt;-- work with blob directly\n\n     // create hidden dom element (so it works in all browsers)\n     const a = document.createElement('a');\n     a.setAttribute('style', 'display:none;');\n     document.body.appendChild(a);\n\n     // create file, attach to hidden element and open hidden element\n     a.href = url;\n     a.download = filename;\n     a.click();\n\n   }\n</code></pre>\n\n<p>I am able to download the file, but unable to read its content. The error is:</p>\n\n<p><a href=\"https://i.stack.imgur.com/OhxQw.png\" rel=\"nofollow noreferrer\"><img src=\"https://i.stack.imgur.com/OhxQw.png\" alt=\"Error image\"></a></p>\n"
        },
        {
            "tags": [
                "odata",
                "sensenet"
            ],
            "owner": {
                "reputation": 128,
                "user_id": 7208580,
                "user_type": "registered",
                "profile_image": "https://www.gravatar.com/avatar/b3d49f3b455695945b32eac61e677d36?s=128&d=identicon&r=PG&f=1",
                "display_name": "Ankitkumar Tandel",
                "link": "https://stackoverflow.com/users/7208580/ankitkumar-tandel"
            },
            "is_answered": false,
            "view_count": 5,
            "answer_count": 1,
            "score": 0,
            "last_activity_date": 1523540423,
            "creation_date": 1523539389,
            "question_id": 49797749,
            "body_markdown": "I have fired bellow query to full text search in document content. It is working as expected. I need the highlighted text also which has at least 3 to 5 words with matched text.\r\n\r\n[![enter image description here][1]][1]\r\n\r\n`https://example.com/OData.svc/workspaces/Document/abcd_gmail_com/Document_Library/?metadata=no&amp;$select=*&amp;query=Taruna`\r\n\r\n\r\n\r\nThanks\r\n\r\n\r\n  [1]: https://i.stack.imgur.com/5AcJk.png",
            "link": "https://stackoverflow.com/questions/49797749/how-to-get-highlighted-text-from-content-search-in-sensenet",
            "title": "How to get highlighted text from content search in sensenet",
            "body": "<p>I have fired bellow query to full text search in document content. It is working as expected. I need the highlighted text also which has at least 3 to 5 words with matched text.</p>\n\n<p><a href=\"https://i.stack.imgur.com/5AcJk.png\" rel=\"nofollow noreferrer\"><img src=\"https://i.stack.imgur.com/5AcJk.png\" alt=\"enter image description here\"></a></p>\n\n<p><code>https://example.com/OData.svc/workspaces/Document/abcd_gmail_com/Document_Library/?metadata=no&amp;$select=*&amp;query=Taruna</code></p>\n\n<p>Thanks</p>\n"
        },
        {
            "tags": [
                "binary",
                "keras",
                "classification",
                "floating-accuracy"
            ],
            "owner": {
                "reputation": 956,
                "user_id": 984007,
                "user_type": "registered",
                "accept_rate": 53,
                "profile_image": "https://www.gravatar.com/avatar/444c29673bd48e2df3112700572df1dd?s=128&d=identicon&r=PG",
                "display_name": "Crista23",
                "link": "https://stackoverflow.com/users/984007/crista23"
            },
            "is_answered": false,
            "view_count": 19,
            "answer_count": 0,
            "score": 0,
            "last_activity_date": 1523540421,
            "creation_date": 1523532888,
            "last_edit_date": 1523540421,
            "question_id": 49795495,
            "body_markdown": "I have a binary classification problem with balanced number of examples per class. When testing the performance of the classifier on the test set, if I use all examples from both classes I get an accuracy of 79.87 %. However, when testing on the classes individually, accuracy per class 1 is 73.41 % and accuracy per class 2 is 63.31 %. The problem is that if I compute the average accuracy for the two classes, i.e. (73.41 + 63.31) /2 = 68.36 %, which does not equal 79.87 %.\r\n\r\nHow is this possible? I am using the model.evaluate function from Keras in order to obtain the accuracy numbers. My code is as follows: \r\n\r\n     model.compile(loss=&#39;binary_crossentropy&#39;,\r\n\t\t\t\toptimizer=optim,\r\n\t\t\t\tmetrics=[&#39;accuracy&#39;])\r\n\r\n\tearlystop = EarlyStopping(monitor=&#39;val_acc&#39;, min_delta=0.001, patience=5, verbose=0, mode=&#39;auto&#39;)\r\n\tcallbacks_list = [earlystop]\r\n\r\n\tX_train, y_train, X_val, y_val = data()\r\n\thist = model.fit(X_train, y_train, validation_data=(X_val, y_val), epochs=30, batch_size=batch_size, shuffle=True, callbacks=callbacks_list)\r\n\t#get training accuracy\r\n\ttraining_accuracy = np.mean(hist.history[&quot;acc&quot;])\r\n\tvalidation_accuracy = np.mean(hist.history[&quot;val_acc&quot;])\r\n\tprint(&quot;Training accuracy: %.2f%%&quot; % (training_accuracy * 100))\r\n\tprint(&quot;Validation accuracy: %.2f%%&quot; % (validation_accuracy * 100))\r\n\r\n    scores = model.evaluate(X_test, y_test, verbose=2)\r\n    y_pred = model.predict_classes(X_test)\r\n    print(metrics.classification_report(y_test, y_pred))\r\n    print(&quot;Testing loss: %.2f%%&quot; % (scores[0]))\r\n    print(&quot;Testing accuracy: %.2f%%&quot; % (scores[1]*100))\r\n\r\nWhy do I get results which don&#39;t add up? My setup is very trivial so I am sure there is no bug in my code. Thank you!",
            "link": "https://stackoverflow.com/questions/49795495/binary-classification-computing-average-of-accuracy-per-class-does-not-equal-o",
            "title": "Binary classification - computing average of accuracy per class does not equal overall accuracy",
            "body": "<p>I have a binary classification problem with balanced number of examples per class. When testing the performance of the classifier on the test set, if I use all examples from both classes I get an accuracy of 79.87 %. However, when testing on the classes individually, accuracy per class 1 is 73.41 % and accuracy per class 2 is 63.31 %. The problem is that if I compute the average accuracy for the two classes, i.e. (73.41 + 63.31) /2 = 68.36 %, which does not equal 79.87 %.</p>\n\n<p>How is this possible? I am using the model.evaluate function from Keras in order to obtain the accuracy numbers. My code is as follows: </p>\n\n<pre><code> model.compile(loss='binary_crossentropy',\n            optimizer=optim,\n            metrics=['accuracy'])\n\nearlystop = EarlyStopping(monitor='val_acc', min_delta=0.001, patience=5, verbose=0, mode='auto')\ncallbacks_list = [earlystop]\n\nX_train, y_train, X_val, y_val = data()\nhist = model.fit(X_train, y_train, validation_data=(X_val, y_val), epochs=30, batch_size=batch_size, shuffle=True, callbacks=callbacks_list)\n#get training accuracy\ntraining_accuracy = np.mean(hist.history[\"acc\"])\nvalidation_accuracy = np.mean(hist.history[\"val_acc\"])\nprint(\"Training accuracy: %.2f%%\" % (training_accuracy * 100))\nprint(\"Validation accuracy: %.2f%%\" % (validation_accuracy * 100))\n\nscores = model.evaluate(X_test, y_test, verbose=2)\ny_pred = model.predict_classes(X_test)\nprint(metrics.classification_report(y_test, y_pred))\nprint(\"Testing loss: %.2f%%\" % (scores[0]))\nprint(\"Testing accuracy: %.2f%%\" % (scores[1]*100))\n</code></pre>\n\n<p>Why do I get results which don't add up? My setup is very trivial so I am sure there is no bug in my code. Thank you!</p>\n"
        },
        {
            "tags": [
                "php",
                "json",
                "symfony",
                "json-deserialization"
            ],
            "owner": {
                "reputation": 529,
                "user_id": 6468413,
                "user_type": "registered",
                "accept_rate": 64,
                "profile_image": "https://i.stack.imgur.com/4DCK9.png?s=128&g=1",
                "display_name": "JapanGuy",
                "link": "https://stackoverflow.com/users/6468413/japanguy"
            },
            "is_answered": false,
            "view_count": 32,
            "answer_count": 1,
            "score": 0,
            "last_activity_date": 1523540419,
            "creation_date": 1523329055,
            "question_id": 49744590,
            "body_markdown": "How do I deserialize the `photos` collection in to a `Photo` entity using Symfony?\r\n\r\nHere is my json:\r\n\r\n    {\r\n        &quot;id&quot;: 3,\r\n        &quot;status&quot;: 1,\r\n        &quot;title&quot;: &quot;sometitle&quot;,\r\n        &quot;agency&quot;: {\r\n            &quot;id&quot;: 1,\r\n            &quot;name&quot;: &quot;AgencyName&quot;,\r\n            ...\r\n            &quot;created_at&quot;: &quot;-0001-11-30T00:00:00+01:00&quot;,\r\n            &quot;updated_at&quot;: &quot;-0001-11-30T00:00:00+01:00&quot;\r\n        },\r\n        &quot;price&quot;: &quot;123123&quot;,\r\n        ...\r\n        &quot;created_at&quot;: &quot;-0001-11-30T00:00:00+01:00&quot;,\r\n        &quot;updated_at&quot;: &quot;-0001-11-30T00:00:00+01:00&quot;,\r\n        &quot;photos&quot;: [\r\n            {\r\n                &quot;id&quot;: 1,\r\n                &quot;path&quot;: &quot;img1.jpg&quot;,\r\n                &quot;created_at&quot;: &quot;2018-04-05T15:29:47+02:00&quot;,\r\n                &quot;updated_at&quot;: &quot;2018-04-05T15:29:47+02:00&quot;\r\n            },\r\n            {\r\n                &quot;id&quot;: 2,\r\n                &quot;path&quot;: &quot;img2.jpg&quot;,\r\n                &quot;created_at&quot;: &quot;2018-04-05T15:35:28+02:00&quot;,\r\n                &quot;updated_at&quot;: &quot;2018-04-05T15:35:28+02:00&quot;\r\n            }\r\n        ]\r\n    }\r\n\r\nHow do I specify in the `Photo` entity that it should use the collection as manytoone?\r\n\r\nThis is not working:\r\n\r\n    \\Entity\\Photo.php\r\n    /**\r\n     * @ORM\\ManyToOne(targetEntity=&quot;House&quot;, inversedBy=&quot;photos&quot;)\r\n     */\r\n    private $house;\r\n\r\n    \\Entity\\House.php\r\n    /**\r\n     * @ORM\\OneToMany(targetEntity=&quot;Photo&quot;, mappedBy=&quot;house&quot;)\r\n     */\r\n    private $photos;\r\n\r\n\r\nWhen I call it in my view:\r\n\r\n    {% for photo in house.photos %}\r\n        &lt;li&gt;{{ photo.path }}&lt;/li&gt;\r\n    {% endfor %}\r\n\r\nIt is throwing an excepting and is trying to send another GET request toa different route in the API instead of just using the nested collection",
            "link": "https://stackoverflow.com/questions/49744590/deserialize-nested-json-into-entity-using-symfony",
            "title": "Deserialize nested JSON into entity using Symfony",
            "body": "<p>How do I deserialize the <code>photos</code> collection in to a <code>Photo</code> entity using Symfony?</p>\n\n<p>Here is my json:</p>\n\n<pre><code>{\n    \"id\": 3,\n    \"status\": 1,\n    \"title\": \"sometitle\",\n    \"agency\": {\n        \"id\": 1,\n        \"name\": \"AgencyName\",\n        ...\n        \"created_at\": \"-0001-11-30T00:00:00+01:00\",\n        \"updated_at\": \"-0001-11-30T00:00:00+01:00\"\n    },\n    \"price\": \"123123\",\n    ...\n    \"created_at\": \"-0001-11-30T00:00:00+01:00\",\n    \"updated_at\": \"-0001-11-30T00:00:00+01:00\",\n    \"photos\": [\n        {\n            \"id\": 1,\n            \"path\": \"img1.jpg\",\n            \"created_at\": \"2018-04-05T15:29:47+02:00\",\n            \"updated_at\": \"2018-04-05T15:29:47+02:00\"\n        },\n        {\n            \"id\": 2,\n            \"path\": \"img2.jpg\",\n            \"created_at\": \"2018-04-05T15:35:28+02:00\",\n            \"updated_at\": \"2018-04-05T15:35:28+02:00\"\n        }\n    ]\n}\n</code></pre>\n\n<p>How do I specify in the <code>Photo</code> entity that it should use the collection as manytoone?</p>\n\n<p>This is not working:</p>\n\n<pre><code>\\Entity\\Photo.php\n/**\n * @ORM\\ManyToOne(targetEntity=\"House\", inversedBy=\"photos\")\n */\nprivate $house;\n\n\\Entity\\House.php\n/**\n * @ORM\\OneToMany(targetEntity=\"Photo\", mappedBy=\"house\")\n */\nprivate $photos;\n</code></pre>\n\n<p>When I call it in my view:</p>\n\n<pre><code>{% for photo in house.photos %}\n    &lt;li&gt;{{ photo.path }}&lt;/li&gt;\n{% endfor %}\n</code></pre>\n\n<p>It is throwing an excepting and is trying to send another GET request toa different route in the API instead of just using the nested collection</p>\n"
        },
        {
            "tags": [
                "c#",
                "jquery",
                "angularjs",
                "ajax"
            ],
            "owner": {
                "reputation": 16,
                "user_id": 8219514,
                "user_type": "registered",
                "accept_rate": 43,
                "profile_image": "https://www.gravatar.com/avatar/91daad6e128d0c328da3b45123de927c?s=128&d=identicon&r=PG&f=1",
                "display_name": "kumar swamy",
                "link": "https://stackoverflow.com/users/8219514/kumar-swamy"
            },
            "is_answered": false,
            "view_count": 28,
            "answer_count": 0,
            "score": -3,
            "last_activity_date": 1523540409,
            "creation_date": 1523540002,
            "last_edit_date": 1523540409,
            "question_id": 49797962,
            "body_markdown": "i am uploading 10 images at a time in that i am calling ajax but it is going to error. Here if iam adding 8 images then it is working fine . i don&#39;t know why iam getting unknown error when i am uploading 10 images . Here i am using C# and we added these lines in webconfig.file also\r\n\r\n    &lt;httpRuntime targetFramework=&quot;4.5.2&quot; maxRequestLength=&quot;102400&quot;/&gt;\r\n    &lt;security&gt;\r\n            &lt;requestFiltering&gt;\r\n              &lt;requestLimits maxAllowedContentLength=&quot;104857600&quot; /&gt;  &lt;!--102400 KB = 104857600 Bytes (in binary) --&gt;\r\n            &lt;/requestFiltering&gt;\r\n          &lt;/security&gt;\r\n\r\nThis is my ajax code:\r\n\r\n \r\n\r\n    $.ajax({\r\n                      url: $form.attr(&#39;action&#39;),\r\n                      data: formData,\r\n                      cache: false,\r\n                      dataType: &#39;html&#39;,\r\n                      contentType: false,\r\n                      processData: false,\r\n                      type: &#39;POST&#39;,\r\n                      success: function (response) {\r\n                          $(&quot;#prcessinImage&quot;).modal(&#39;hide&#39;);                  \r\n                          scope.AttachedImageFiles = [];\r\n                          $(&#39;#NewGroupPostForm&#39;).formValidation(&#39;enableFieldValidators&#39;, &#39;PostContent&#39;, false, &#39;notEmpty&#39;);\r\n                          $(&#39;label[id*=&quot;FileUploadLabel&quot;]&#39;).html(&#39;&lt;i class=&quot;fa fa-cloud-upload&quot;&gt;&lt;/i&gt; Upload a PDF&#39;);\r\n                          $(&#39;label[id*=&quot;ImageUploadLabel&quot;]&#39;).html(&#39;&lt;i class=&quot;fa fa-cloud-upload&quot;&gt;&lt;/i&gt; Upload an Image&#39;);\r\n                          $(&quot;.resetUpload&quot;).addClass(&quot;hide&quot;);\r\n                          scope.IsLoadingDiscussions = true;\r\n                          scope.GroupDescription = [];\r\n                          scope.IsImagesLoaderFlag = true;\r\n                          scope.fnGetDiscussions(scope.IsImagesLoaderFlag);\r\n                          if (scope.FileUploadDiv == true) {\r\n                              scope.GetGroupAttachments();\r\n                          }\r\n                          if (scope.ImageUploadDiv == true) {\r\n                              scope.GetGroupImages();\r\n                          }\r\n                          scope.$apply();\r\n                          $(&#39;#NewGroupPostForm&#39;).data(&#39;formValidation&#39;).resetForm(true);\r\n                      },\r\n                      error: function (jqXHR, textStatus, errorThrown) {                      \r\n                          console.log(textStatus, errorThrown);\r\n                      }\r\n                  })",
            "link": "https://stackoverflow.com/questions/49797962/unable-to-upload-10-images",
            "title": "Unable to upload 10 images",
            "body": "<p>i am uploading 10 images at a time in that i am calling ajax but it is going to error. Here if iam adding 8 images then it is working fine . i don't know why iam getting unknown error when i am uploading 10 images . Here i am using C# and we added these lines in webconfig.file also</p>\n\n<pre><code>&lt;httpRuntime targetFramework=\"4.5.2\" maxRequestLength=\"102400\"/&gt;\n&lt;security&gt;\n        &lt;requestFiltering&gt;\n          &lt;requestLimits maxAllowedContentLength=\"104857600\" /&gt;  &lt;!--102400 KB = 104857600 Bytes (in binary) --&gt;\n        &lt;/requestFiltering&gt;\n      &lt;/security&gt;\n</code></pre>\n\n<p>This is my ajax code:</p>\n\n<pre><code>$.ajax({\n                  url: $form.attr('action'),\n                  data: formData,\n                  cache: false,\n                  dataType: 'html',\n                  contentType: false,\n                  processData: false,\n                  type: 'POST',\n                  success: function (response) {\n                      $(\"#prcessinImage\").modal('hide');                  \n                      scope.AttachedImageFiles = [];\n                      $('#NewGroupPostForm').formValidation('enableFieldValidators', 'PostContent', false, 'notEmpty');\n                      $('label[id*=\"FileUploadLabel\"]').html('&lt;i class=\"fa fa-cloud-upload\"&gt;&lt;/i&gt; Upload a PDF');\n                      $('label[id*=\"ImageUploadLabel\"]').html('&lt;i class=\"fa fa-cloud-upload\"&gt;&lt;/i&gt; Upload an Image');\n                      $(\".resetUpload\").addClass(\"hide\");\n                      scope.IsLoadingDiscussions = true;\n                      scope.GroupDescription = [];\n                      scope.IsImagesLoaderFlag = true;\n                      scope.fnGetDiscussions(scope.IsImagesLoaderFlag);\n                      if (scope.FileUploadDiv == true) {\n                          scope.GetGroupAttachments();\n                      }\n                      if (scope.ImageUploadDiv == true) {\n                          scope.GetGroupImages();\n                      }\n                      scope.$apply();\n                      $('#NewGroupPostForm').data('formValidation').resetForm(true);\n                  },\n                  error: function (jqXHR, textStatus, errorThrown) {                      \n                      console.log(textStatus, errorThrown);\n                  }\n              })\n</code></pre>\n"
        },
        {
            "tags": [
                "c",
                "file"
            ],
            "owner": {
                "reputation": 1,
                "user_id": 8971363,
                "user_type": "registered",
                "profile_image": "https://www.gravatar.com/avatar/bc242e1a3ed3c68b16dbeb84a4e95a0d?s=128&d=identicon&r=PG&f=1",
                "display_name": "Joepoint",
                "link": "https://stackoverflow.com/users/8971363/joepoint"
            },
            "is_answered": true,
            "view_count": 55,
            "answer_count": 3,
            "score": -2,
            "last_activity_date": 1523540404,
            "creation_date": 1523528742,
            "last_edit_date": 1523540404,
            "question_id": 49794141,
            "body_markdown": "I&#39;m creating a programme that writes the results of a questionnaire to a .txt file and wondered if there was any way to create a new file with a new name every time the programme was run?\r\n\r\n     FILE *fp;\r\n     fp = fopen(&quot;results.txt&quot;,&quot;w&quot;);\r\n\r\nHow can the file reults.txt be saved under a different name each time?\r\n\r\n\r\nso ive done the below which lets a user save the name of their results.\r\n\r\n    int main(int argc, char *argv[])\r\n    {\r\n\r\n    printf(&quot;Please enter a filename to save your results to\\n&quot;);\r\n\r\n        char c;\r\n        FILE *fp;\r\n\r\n        if (argc &gt;= 2){\r\n             fp = fopen(argv[1], &quot;w&quot;);}\r\n\r\n        while ((c = getchar()) != EOF)\r\n        {\r\n            putc(c, fp);\r\n        }\r\n\r\nbut i get a core fault.",
            "link": "https://stackoverflow.com/questions/49794141/creating-a-new-file-every-time-a-programme-is-run-in-c",
            "title": "Creating a new file every time a programme is run in c",
            "body": "<p>I'm creating a programme that writes the results of a questionnaire to a .txt file and wondered if there was any way to create a new file with a new name every time the programme was run?</p>\n\n<pre><code> FILE *fp;\n fp = fopen(\"results.txt\",\"w\");\n</code></pre>\n\n<p>How can the file reults.txt be saved under a different name each time?</p>\n\n<p>so ive done the below which lets a user save the name of their results.</p>\n\n<pre><code>int main(int argc, char *argv[])\n{\n\nprintf(\"Please enter a filename to save your results to\\n\");\n\n    char c;\n    FILE *fp;\n\n    if (argc &gt;= 2){\n         fp = fopen(argv[1], \"w\");}\n\n    while ((c = getchar()) != EOF)\n    {\n        putc(c, fp);\n    }\n</code></pre>\n\n<p>but i get a core fault.</p>\n"
        },
        {
            "tags": [
                "ios",
                "objective-c",
                "swift",
                "uitapgesturerecognizer"
            ],
            "owner": {
                "reputation": 9,
                "user_id": 6159700,
                "user_type": "registered",
                "accept_rate": 80,
                "profile_image": "https://lh6.googleusercontent.com/-NGz0buOG7rM/AAAAAAAAAAI/AAAAAAAAALk/Po1rPQ1GrEY/photo.jpg?sz=128",
                "display_name": "asif saifi",
                "link": "https://stackoverflow.com/users/6159700/asif-saifi"
            },
            "is_answered": true,
            "view_count": 48,
            "answer_count": 3,
            "score": 0,
            "last_activity_date": 1523540403,
            "creation_date": 1523538015,
            "last_edit_date": 1523539749,
            "question_id": 49797268,
            "body_markdown": "Hi i want to add tap gesture on `UILabel` inside a `UITableViewCell` . here i have implemented the code like this.\r\n \r\n\r\n    override func awakeFromNib() \r\n      {\r\n        super.awakeFromNib()\r\n        let tap = UITapGestureRecognizer(target: self, action: \r\n         #selector(self.tapFunction))\r\n        label.isUserInteractionEnabled = true\r\n        label.addGestureRecognizer(tap)\r\n        \r\n        }\r\n    \r\n    func tapFunction(sender:UITapGestureRecognizer) {\r\n        \r\n        print(&quot;tap working&quot;)\r\n    }\r\n\r\nbut it is giving me error like this\r\n\r\n&gt; - fatal error: unexpectedly found nil while unwrapping an Optional value\r\n\r\nCan anyone tell me what is wrong in this?\r\n",
            "link": "https://stackoverflow.com/questions/49797268/uitapgesturerecognizer-on-uilabel-is-crashing-in-swift-3",
            "title": "UITapGestureRecognizer on UILabel is crashing in swift 3?",
            "body": "<p>Hi i want to add tap gesture on <code>UILabel</code> inside a <code>UITableViewCell</code> . here i have implemented the code like this.</p>\n\n<pre><code>override func awakeFromNib() \n  {\n    super.awakeFromNib()\n    let tap = UITapGestureRecognizer(target: self, action: \n     #selector(self.tapFunction))\n    label.isUserInteractionEnabled = true\n    label.addGestureRecognizer(tap)\n\n    }\n\nfunc tapFunction(sender:UITapGestureRecognizer) {\n\n    print(\"tap working\")\n}\n</code></pre>\n\n<p>but it is giving me error like this</p>\n\n<blockquote>\n  <p>fatal error: unexpectedly found nil while unwrapping an Optional value</p>\n</blockquote>\n\n<p>Can anyone tell me what is wrong in this?</p>\n"
        },
        {
            "tags": [
                "node.js",
                "express"
            ],
            "owner": {
                "reputation": 1272,
                "user_id": 462507,
                "user_type": "registered",
                "accept_rate": 80,
                "profile_image": "https://www.gravatar.com/avatar/50cf0595cc378a2b327ce3e670c59b4a?s=128&d=identicon&r=PG&f=1",
                "display_name": "Khan",
                "link": "https://stackoverflow.com/users/462507/khan"
            },
            "is_answered": false,
            "view_count": 16,
            "answer_count": 0,
            "score": 0,
            "last_activity_date": 1523540403,
            "creation_date": 1523538381,
            "last_edit_date": 1523540403,
            "question_id": 49797377,
            "body_markdown": "I am trying to upload a file sized 200MB using angular5 node js. Every time the app crashed with following error.\r\n\r\n    ==== JS stack trace =========================================\r\n\r\n    Security context: 0x2c3a92b25ee1 &lt;JSObject&gt;\r\n    2: SimpleSlice(aka SimpleSlice) [native array.js:1] [bytecode=0x2c3aa14ed689 offset=41](this=0x2c3ad9b02311 &lt;undefined&gt;,p=0x2c3a51d2e961 &lt;Uint8Array map = 0x2c3ad7ec1d91&gt;,O=0,P=217330529,Q=217330529,R=0x2c3a51d6bce1 &lt;JSArray[217330529]&gt;)\r\n    4: ArraySliceFallback [native array.js:1] [bytecode=0x2c3aa14ed021 offset=281](this=0x2c3a51d2e961 &lt;Uint8Array map = 0x2c3ad7ec1d91&gt;,at=0,au=0x2c3ad9b02...\r\n\r\n    FATAL ERROR: invalid table size Allocation failed - JavaScript heap out of memory\r\n    1: node::Abort() [/usr/local/bin/node]\r\n    2: node::FatalException(v8::Isolate*, v8::Local&lt;v8::Value&gt;, v8::Local&lt;v8::Message&gt;) [/usr/local/bin/node]\r\n    3: v8::internal::V8::FatalProcessOutOfMemory(char const*, bool) [/usr/local/bin/node]\r\n    4: v8::internal::HashTable&lt;v8::internal::SeededNumberDictionary, v8::internal::SeededNumberDictionaryShape&gt;::EnsureCapacity(v8::internal::Handle&lt;v8::internal::SeededNumberDictionary&gt;, int, v8::internal::PretenureFlag) [/usr/local/bin/node]\r\n    5: v8::internal::Dictionary&lt;v8::internal::SeededNumberDictionary, v8::internal::SeededNumberDictionaryShape&gt;::Add(v8::internal::Handle&lt;v8::internal::SeededNumberDictionary&gt;, unsigned int, v8::internal::Handle&lt;v8::internal::Object&gt;, v8::internal::PropertyDetails, int*) [/usr/local/bin/node]\r\n    6: v8::internal::(anonymous namespace)::DictionaryElementsAccessor::AddImpl(v8::internal::Handle&lt;v8::internal::JSObject&gt;, unsigned int, v8::internal::Handle&lt;v8::internal::Object&gt;, v8::internal::PropertyAttributes, unsigned int) [/usr/local/bin/node]\r\n    7: v8::internal::JSObject::AddDataElement(v8::internal::Handle&lt;v8::internal::JSObject&gt;, unsigned int, v8::internal::Handle&lt;v8::internal::Object&gt;, v8::internal::PropertyAttributes, v8::internal::Object::ShouldThrow) [/usr/local/bin/node]\r\n    8: v8::internal::JSObject::DefineOwnPropertyIgnoreAttributes(v8::internal::LookupIterator*, v8::internal::Handle&lt;v8::internal::Object&gt;, v8::internal::PropertyAttributes, v8::internal::Object::ShouldThrow, v8::internal::JSObject::AccessorInfoHandling) [/usr/local/bin/node]\r\n    9: v8::internal::JSObject::CreateDataProperty(v8::internal::LookupIterator*, v8::internal::Handle&lt;v8::internal::Object&gt;, v8::internal::Object::ShouldThrow) [/usr/local/bin/node]\r\n    10: v8::internal::Runtime_CreateDataProperty(int, v8::internal::Object**, v8::internal::Isolate*) [/usr/local/bin/node]\r\n    11: 0x12f2c16c6838\r\n\r\nI have tried different techniques but all in vein.\r\n\r\n    --max-old-space-size=80896  --trace-gc-verbose\r\n\r\n    app.use(bodyParser.json({limit: &#39;8096mb&#39;}));\r\n\r\nIn activity monitoring when `node` grab more than 1GB the crash happen.\r\nMy development environment is mac with 8 GB ram.\r\n\r\n",
            "link": "https://stackoverflow.com/questions/49797377/node-js-memory-heap-out-on-file-upload",
            "title": "Node js memory heap out on file upload",
            "body": "<p>I am trying to upload a file sized 200MB using angular5 node js. Every time the app crashed with following error.</p>\n\n<pre><code>==== JS stack trace =========================================\n\nSecurity context: 0x2c3a92b25ee1 &lt;JSObject&gt;\n2: SimpleSlice(aka SimpleSlice) [native array.js:1] [bytecode=0x2c3aa14ed689 offset=41](this=0x2c3ad9b02311 &lt;undefined&gt;,p=0x2c3a51d2e961 &lt;Uint8Array map = 0x2c3ad7ec1d91&gt;,O=0,P=217330529,Q=217330529,R=0x2c3a51d6bce1 &lt;JSArray[217330529]&gt;)\n4: ArraySliceFallback [native array.js:1] [bytecode=0x2c3aa14ed021 offset=281](this=0x2c3a51d2e961 &lt;Uint8Array map = 0x2c3ad7ec1d91&gt;,at=0,au=0x2c3ad9b02...\n\nFATAL ERROR: invalid table size Allocation failed - JavaScript heap out of memory\n1: node::Abort() [/usr/local/bin/node]\n2: node::FatalException(v8::Isolate*, v8::Local&lt;v8::Value&gt;, v8::Local&lt;v8::Message&gt;) [/usr/local/bin/node]\n3: v8::internal::V8::FatalProcessOutOfMemory(char const*, bool) [/usr/local/bin/node]\n4: v8::internal::HashTable&lt;v8::internal::SeededNumberDictionary, v8::internal::SeededNumberDictionaryShape&gt;::EnsureCapacity(v8::internal::Handle&lt;v8::internal::SeededNumberDictionary&gt;, int, v8::internal::PretenureFlag) [/usr/local/bin/node]\n5: v8::internal::Dictionary&lt;v8::internal::SeededNumberDictionary, v8::internal::SeededNumberDictionaryShape&gt;::Add(v8::internal::Handle&lt;v8::internal::SeededNumberDictionary&gt;, unsigned int, v8::internal::Handle&lt;v8::internal::Object&gt;, v8::internal::PropertyDetails, int*) [/usr/local/bin/node]\n6: v8::internal::(anonymous namespace)::DictionaryElementsAccessor::AddImpl(v8::internal::Handle&lt;v8::internal::JSObject&gt;, unsigned int, v8::internal::Handle&lt;v8::internal::Object&gt;, v8::internal::PropertyAttributes, unsigned int) [/usr/local/bin/node]\n7: v8::internal::JSObject::AddDataElement(v8::internal::Handle&lt;v8::internal::JSObject&gt;, unsigned int, v8::internal::Handle&lt;v8::internal::Object&gt;, v8::internal::PropertyAttributes, v8::internal::Object::ShouldThrow) [/usr/local/bin/node]\n8: v8::internal::JSObject::DefineOwnPropertyIgnoreAttributes(v8::internal::LookupIterator*, v8::internal::Handle&lt;v8::internal::Object&gt;, v8::internal::PropertyAttributes, v8::internal::Object::ShouldThrow, v8::internal::JSObject::AccessorInfoHandling) [/usr/local/bin/node]\n9: v8::internal::JSObject::CreateDataProperty(v8::internal::LookupIterator*, v8::internal::Handle&lt;v8::internal::Object&gt;, v8::internal::Object::ShouldThrow) [/usr/local/bin/node]\n10: v8::internal::Runtime_CreateDataProperty(int, v8::internal::Object**, v8::internal::Isolate*) [/usr/local/bin/node]\n11: 0x12f2c16c6838\n</code></pre>\n\n<p>I have tried different techniques but all in vein.</p>\n\n<pre><code>--max-old-space-size=80896  --trace-gc-verbose\n\napp.use(bodyParser.json({limit: '8096mb'}));\n</code></pre>\n\n<p>In activity monitoring when <code>node</code> grab more than 1GB the crash happen.\nMy development environment is mac with 8 GB ram.</p>\n"
        }
    ],
    "has_more": true,
    "quota_max": 300,
    "quota_remaining": 203
}