{
    "items": [
        {
            "tags": [
                "spring",
                "spring-boot"
            ],
            "owner": {
                "reputation": 23,
                "user_id": 1156784,
                "user_type": "registered",
                "accept_rate": 100,
                "profile_image": "https://www.gravatar.com/avatar/44f9f5997c230702bb952cb095dfd5e6?s=128&d=identicon&r=PG",
                "display_name": "Pedo Souza",
                "link": "https://stackoverflow.com/users/1156784/pedo-souza"
            },
            "is_answered": false,
            "view_count": 20,
            "answer_count": 0,
            "score": 0,
            "last_activity_date": 1524160818,
            "creation_date": 1524160818,
            "question_id": 49927409,
            "body_markdown": " I have a project on a pure JAX-RS where when I start the service the same search for annotations on lib/plugins/*.jar and add dynamically the @Path to the project depending on some arguments. Can I do something like that on spring-boot dynamically ? If you guys have some code or documentation where I can preceed I appreciate it",
            "link": "https://stackoverflow.com/questions/49927409/can-i-add-or-remove-a-requestmapping-dynamically-on-spring-boot",
            "title": "Can I add or remove a @RequestMapping dynamically on spring boot?",
            "body": "<p>I have a project on a pure JAX-RS where when I start the service the same search for annotations on lib/plugins/*.jar and add dynamically the @Path to the project depending on some arguments. Can I do something like that on spring-boot dynamically ? If you guys have some code or documentation where I can preceed I appreciate it</p>\n"
        },
        {
            "tags": [
                "java",
                "android",
                "random",
                "fragment"
            ],
            "owner": {
                "reputation": 9,
                "user_id": 9670995,
                "user_type": "registered",
                "profile_image": "https://lh3.googleusercontent.com/-XdUIqdMkCWA/AAAAAAAAAAI/AAAAAAAAAAA/4252rscbv5M/photo.jpg?sz=128",
                "display_name": "Jeremy Brehe",
                "link": "https://stackoverflow.com/users/9670995/jeremy-brehe"
            },
            "is_answered": true,
            "view_count": 31,
            "answer_count": 2,
            "score": 1,
            "last_activity_date": 1524160817,
            "creation_date": 1524156498,
            "last_edit_date": 1524158927,
            "question_id": 49926291,
            "body_markdown": "I&#39;ve got an activity which should show a random fragment.\r\n\r\n    import android.os.Bundle;\r\n    import android.support.v7.app.AppCompatActivity;\r\n    import android.support.v7.widget.Toolbar;\r\n    import java.util.Random;\r\n    import android.support.v4.app.*;\r\n\r\n    public class RandomActivity extends FragmentActivity {\r\n\r\n    private Random1 random1;\r\n    private Random2 random2;\r\n    private Random3 random3;\r\n    private Random4 random4;\r\n    private Random5 random5;\r\n\r\n    @Override\r\n    protected void onCreate(Bundle savedInstanceState) {\r\n        super.onCreate(savedInstanceState);\r\n        setContentView(R.layout.activity_random);\r\n        Toolbar toolbar = (Toolbar) findViewById(R.id.toolbar);\r\n\r\n        initUI();\r\n    }\r\n\r\n    private void initUI() {\r\n        FragmentTransaction = getSupportFragmentManager().openTransaction();\r\n        setRandomFragment();\r\n    }\r\n\r\n    private void setRandomFragment() {\r\n        Random random = new Random();\r\n        int randomFragmentNum = random.nextInt(250);\r\n        if (randomFragmentNum &lt; 50) {\r\n            randomFragmentNum = 0;\r\n        } else if (randomFragmentNum &gt;= 50 &amp;&amp; randomFragmentNum &lt; 100) {\r\n            randomFragmentNum = 1;\r\n        } else if (randomFragmentNum &gt;= 100 &amp;&amp; randomFragmentNum &lt; 150) {\r\n            randomFragmentNum = 2;\r\n        } else if (randomFragmentNum &gt;= 150 &amp;&amp; randomFragmentNum &lt; 200) {\r\n            randomFragmentNum = 3;\r\n        } else if (randomFragmentNum &gt;= 200 &amp;&amp; randomFragmentNum &lt;= 250) {\r\n            randomFragmentNum = 4;\r\n        }\r\n\r\n        switch (randomFragmentNum) {\r\n            case 0: {\r\n                random1 = new Random1();\r\n                FragmentTransaction.add(R.id.frag_rand_home, random1);\r\n                FragmentTransaction.commit()\r\n                break;\r\n            }\r\n            case 1: {\r\n                random2 = new Random2();\r\n                FragmentTransaction.add(R.id.frag_rand_home, random2);\r\n                FragmentTransaction.commit()\r\n                break;\r\n            }\r\n            case 2: {\r\n                random3 = new Random3();\r\n                FragmentTransaction.add(R.id.frag_rand_home, random3);\r\n                FragmentTransaction.commit()\r\n                break;\r\n            }\r\n            case 3: {\r\n                random4 = new Random4();\r\n                FragmentTransaction.add(R.id.frag_rand_home, random4);\r\n                FragmentTransaction.commit()\r\n                break;\r\n            }\r\n            case 4: {\r\n                random5 = new Random5();\r\n                FragmentTransaction.add(R.id.frag_rand_home, random5);\r\n                FragmentTransaction.commit()\r\n                break;\r\n            }\r\n        }\r\n    }\r\n    }\r\n\r\nSo that&#39;s my code but I still get some errors :-(\r\n\r\nHere error number 1:\r\n\r\n    private void initUI() {\r\n        FragmentTransaction = getSupportFragmentManager().openTransaction();\r\n        setRandomFragment();\r\n    }\r\n\r\n&gt; Expression expected | FragmentManager.openTransaction can only be called from within the same library group (groupId=com.android.support).\r\nThis API has been flagged with a restriction that has not been met.  Examples of API restrictions: * Method can only be invoked by a subclass * Method can only be accessed from within the same library (defined by the Gradle library group id) .* Method can only be accessed from tests. . You can add your own API restrictions with the @RestrictTo annotation.\r\n\r\nHere error number 2 (on case 0,1,2,3,4 the same):\r\n\r\n    case 0: {\r\n                random1 = new Random1();\r\n                FragmentTransaction.add(R.id.frag_rand_home, random1);\r\n                FragmentTransaction.commit()\r\n                break;\r\n            }\r\n\r\n&gt; Non-static method &#39;add(int, android.support.v4.app.Fragment)&#39; cannot be referenced from a static context. | Non-static method &#39;commit()&#39; cannot be referenced from a static context.\r\n\r\nI&#39;m stucking on this two errors since some hours and but I still don&#39;t know how to fix them.\r\n\r\nIt would be very nice if somebody can help me with my problems...\r\nBest regards\r\nJeremy",
            "link": "https://stackoverflow.com/questions/49926291/problems-with-random-fragment-in-android",
            "title": "Problems with random fragment in android",
            "body": "<p>I've got an activity which should show a random fragment.</p>\n\n<pre><code>import android.os.Bundle;\nimport android.support.v7.app.AppCompatActivity;\nimport android.support.v7.widget.Toolbar;\nimport java.util.Random;\nimport android.support.v4.app.*;\n\npublic class RandomActivity extends FragmentActivity {\n\nprivate Random1 random1;\nprivate Random2 random2;\nprivate Random3 random3;\nprivate Random4 random4;\nprivate Random5 random5;\n\n@Override\nprotected void onCreate(Bundle savedInstanceState) {\n    super.onCreate(savedInstanceState);\n    setContentView(R.layout.activity_random);\n    Toolbar toolbar = (Toolbar) findViewById(R.id.toolbar);\n\n    initUI();\n}\n\nprivate void initUI() {\n    FragmentTransaction = getSupportFragmentManager().openTransaction();\n    setRandomFragment();\n}\n\nprivate void setRandomFragment() {\n    Random random = new Random();\n    int randomFragmentNum = random.nextInt(250);\n    if (randomFragmentNum &lt; 50) {\n        randomFragmentNum = 0;\n    } else if (randomFragmentNum &gt;= 50 &amp;&amp; randomFragmentNum &lt; 100) {\n        randomFragmentNum = 1;\n    } else if (randomFragmentNum &gt;= 100 &amp;&amp; randomFragmentNum &lt; 150) {\n        randomFragmentNum = 2;\n    } else if (randomFragmentNum &gt;= 150 &amp;&amp; randomFragmentNum &lt; 200) {\n        randomFragmentNum = 3;\n    } else if (randomFragmentNum &gt;= 200 &amp;&amp; randomFragmentNum &lt;= 250) {\n        randomFragmentNum = 4;\n    }\n\n    switch (randomFragmentNum) {\n        case 0: {\n            random1 = new Random1();\n            FragmentTransaction.add(R.id.frag_rand_home, random1);\n            FragmentTransaction.commit()\n            break;\n        }\n        case 1: {\n            random2 = new Random2();\n            FragmentTransaction.add(R.id.frag_rand_home, random2);\n            FragmentTransaction.commit()\n            break;\n        }\n        case 2: {\n            random3 = new Random3();\n            FragmentTransaction.add(R.id.frag_rand_home, random3);\n            FragmentTransaction.commit()\n            break;\n        }\n        case 3: {\n            random4 = new Random4();\n            FragmentTransaction.add(R.id.frag_rand_home, random4);\n            FragmentTransaction.commit()\n            break;\n        }\n        case 4: {\n            random5 = new Random5();\n            FragmentTransaction.add(R.id.frag_rand_home, random5);\n            FragmentTransaction.commit()\n            break;\n        }\n    }\n}\n}\n</code></pre>\n\n<p>So that's my code but I still get some errors :-(</p>\n\n<p>Here error number 1:</p>\n\n<pre><code>private void initUI() {\n    FragmentTransaction = getSupportFragmentManager().openTransaction();\n    setRandomFragment();\n}\n</code></pre>\n\n<blockquote>\n  <p>Expression expected | FragmentManager.openTransaction can only be called from within the same library group (groupId=com.android.support).\n  This API has been flagged with a restriction that has not been met.  Examples of API restrictions: * Method can only be invoked by a subclass * Method can only be accessed from within the same library (defined by the Gradle library group id) .* Method can only be accessed from tests. . You can add your own API restrictions with the @RestrictTo annotation.</p>\n</blockquote>\n\n<p>Here error number 2 (on case 0,1,2,3,4 the same):</p>\n\n<pre><code>case 0: {\n            random1 = new Random1();\n            FragmentTransaction.add(R.id.frag_rand_home, random1);\n            FragmentTransaction.commit()\n            break;\n        }\n</code></pre>\n\n<blockquote>\n  <p>Non-static method 'add(int, android.support.v4.app.Fragment)' cannot be referenced from a static context. | Non-static method 'commit()' cannot be referenced from a static context.</p>\n</blockquote>\n\n<p>I'm stucking on this two errors since some hours and but I still don't know how to fix them.</p>\n\n<p>It would be very nice if somebody can help me with my problems...\nBest regards\nJeremy</p>\n"
        },
        {
            "tags": [
                "mysql",
                "sql",
                "database"
            ],
            "owner": {
                "reputation": 131,
                "user_id": 3991802,
                "user_type": "registered",
                "accept_rate": 59,
                "profile_image": "https://www.gravatar.com/avatar/5269f67b038b8ca824a8f4373d43079e?s=128&d=identicon&r=PG&f=1",
                "display_name": "bambamboole",
                "link": "https://stackoverflow.com/users/3991802/bambamboole"
            },
            "is_answered": true,
            "view_count": 92,
            "accepted_answer_id": 26306727,
            "answer_count": 3,
            "score": 1,
            "last_activity_date": 1524160817,
            "creation_date": 1412967532,
            "last_edit_date": 1524160817,
            "question_id": 26306253,
            "body_markdown": "I&#39;ve problems join 4 mysql tables for my callmanagement.\r\n\r\nMy tables are :\r\n\r\n    calls:\r\n    callId | contactId | companyId | numberId | timestamp | callNote | duration | state\r\n    \r\n    contacts:\r\n    contactId | firstName | lastName | companyId | email | contactNote\r\n\r\n    numbers:\r\n    numberId | contactId | number\r\n\r\n    companies:\r\n    companyId | companyName\r\n\r\nI need a query which gives me:\r\n\r\n    callId | timestamp | duration | number | callNote | state | contactId | firstName | lastName | company | email | contactNote\r\n\r\n\r\nI think it&#39;s possible,but I don&#39;t know how.\r\n",
            "link": "https://stackoverflow.com/questions/26306253/mysql-join-4-tables",
            "title": "MySQL join 4 tables",
            "body": "<p>I've problems join 4 mysql tables for my callmanagement.</p>\n\n<p>My tables are :</p>\n\n<pre><code>calls:\ncallId | contactId | companyId | numberId | timestamp | callNote | duration | state\n\ncontacts:\ncontactId | firstName | lastName | companyId | email | contactNote\n\nnumbers:\nnumberId | contactId | number\n\ncompanies:\ncompanyId | companyName\n</code></pre>\n\n<p>I need a query which gives me:</p>\n\n<pre><code>callId | timestamp | duration | number | callNote | state | contactId | firstName | lastName | company | email | contactNote\n</code></pre>\n\n<p>I think it's possible,but I don't know how.</p>\n"
        },
        {
            "tags": [
                "javascript",
                "arrays"
            ],
            "owner": {
                "reputation": 30,
                "user_id": 9390669,
                "user_type": "registered",
                "accept_rate": 40,
                "profile_image": "https://www.gravatar.com/avatar/fdce10aed42588817423c313a6b64656?s=128&d=identicon&r=PG&f=1",
                "display_name": "Rasim AvcÄ±",
                "link": "https://stackoverflow.com/users/9390669/rasim-avc%c4%b1"
            },
            "is_answered": true,
            "view_count": 57,
            "answer_count": 1,
            "score": 1,
            "last_activity_date": 1524160806,
            "creation_date": 1524058965,
            "last_edit_date": 1524160806,
            "question_id": 49901311,
            "body_markdown": "I have a functions which accepts browser types as arrays in an object as argument. I want to return an error message for whether user wanted any browser or not. For this I used a variable named `allTypeNumber`. I used for returning error in the code below.\r\n\r\nI want to check the length of every array and if they&#39;re all `0`, I know that no browser has been requested, but confused how to do that without using a variable.\r\n\r\n    async retrievePartners (capabilities) {\r\n        const appropriatePartners = { chrome: [], firefox: [], safari: [], ie: [] }\r\n        const partners = await this.getAllPartners()\r\n        let allTypeNumber = 0\r\n        // first check if there is available appropriate Partners\r\n        Object.keys(capabilities.type).forEach(key =&gt; {\r\n          let typeNumber = parseInt(capabilities.type[key])\r\n          allTypeNumber = allTypeNumber + typeNumber\r\n          for (let i = 0; i &lt; typeNumber; i++) {\r\n            partners.forEach((partner, i) =&gt; {\r\n              if (\r\n                key === partner.value.type &amp;&amp;\r\n                partner.value.isAvailable &amp;&amp;\r\n                appropriatePartners[key].length &lt; typeNumber\r\n              ) {\r\n                appropriatePartners[key].push(partner)\r\n              }\r\n            })\r\n    \r\n            if (appropriatePartners[key].length &lt; typeNumber) {\r\n              throw new Error(\r\n                &#39;Sorry there are no appropriate Partners for this session&#39;\r\n              )\r\n            }\r\n          }\r\n        })\r\n    \r\n        if (allTypeNumber === 0) {\r\n          throw new Error(&#39;Please mention at least 1 type of browser !&#39;)\r\n\r\nand I call it like with this parameter\r\n\r\n    const capabilities = { type: { chrome: 1 } }",
            "link": "https://stackoverflow.com/questions/49901311/how-to-check-the-array-length-of-multiple-arrays-in-an-object",
            "title": "How to check the array length of multiple arrays in an object?",
            "body": "<p>I have a functions which accepts browser types as arrays in an object as argument. I want to return an error message for whether user wanted any browser or not. For this I used a variable named <code>allTypeNumber</code>. I used for returning error in the code below.</p>\n\n<p>I want to check the length of every array and if they're all <code>0</code>, I know that no browser has been requested, but confused how to do that without using a variable.</p>\n\n<pre><code>async retrievePartners (capabilities) {\n    const appropriatePartners = { chrome: [], firefox: [], safari: [], ie: [] }\n    const partners = await this.getAllPartners()\n    let allTypeNumber = 0\n    // first check if there is available appropriate Partners\n    Object.keys(capabilities.type).forEach(key =&gt; {\n      let typeNumber = parseInt(capabilities.type[key])\n      allTypeNumber = allTypeNumber + typeNumber\n      for (let i = 0; i &lt; typeNumber; i++) {\n        partners.forEach((partner, i) =&gt; {\n          if (\n            key === partner.value.type &amp;&amp;\n            partner.value.isAvailable &amp;&amp;\n            appropriatePartners[key].length &lt; typeNumber\n          ) {\n            appropriatePartners[key].push(partner)\n          }\n        })\n\n        if (appropriatePartners[key].length &lt; typeNumber) {\n          throw new Error(\n            'Sorry there are no appropriate Partners for this session'\n          )\n        }\n      }\n    })\n\n    if (allTypeNumber === 0) {\n      throw new Error('Please mention at least 1 type of browser !')\n</code></pre>\n\n<p>and I call it like with this parameter</p>\n\n<pre><code>const capabilities = { type: { chrome: 1 } }\n</code></pre>\n"
        },
        {
            "tags": [
                "java",
                "error-handling",
                "try-catch",
                "throwable"
            ],
            "owner": {
                "reputation": 4,
                "user_id": 9671159,
                "user_type": "registered",
                "profile_image": "https://www.gravatar.com/avatar/81ed476582dbf7ee61700ee765da0f98?s=128&d=identicon&r=PG&f=1",
                "display_name": "david benzaquen",
                "link": "https://stackoverflow.com/users/9671159/david-benzaquen"
            },
            "is_answered": false,
            "view_count": 23,
            "answer_count": 3,
            "score": -1,
            "last_activity_date": 1524160802,
            "creation_date": 1524158566,
            "last_edit_date": 1524158786,
            "question_id": 49926816,
            "body_markdown": "why does this work \r\n\r\n    class blah{\r\n\t    public void someMethod(){\r\n\t\t    try{\r\n\t\t\t    throw new NullPointerException();\r\n\t\t    }\r\n\t\t    catch(Throwable t){\r\n\t\t    \tSystem.out.println(&quot;Caught!&quot;);\r\n\t\t    \tthrow t;\r\n\t    \t}\r\n\t    }\r\n    }\r\n\r\nit seems like the compiler some how see the actual type of t",
            "link": "https://stackoverflow.com/questions/49926816/does-the-compiler-consider-actual-types-in-error-handling-in-java",
            "title": "does the compiler consider actual types in error handling in java",
            "body": "<p>why does this work </p>\n\n<pre><code>class blah{\n    public void someMethod(){\n        try{\n            throw new NullPointerException();\n        }\n        catch(Throwable t){\n            System.out.println(\"Caught!\");\n            throw t;\n        }\n    }\n}\n</code></pre>\n\n<p>it seems like the compiler some how see the actual type of t</p>\n"
        },
        {
            "tags": [
                "c++",
                "compiler-errors"
            ],
            "owner": {
                "reputation": 6,
                "user_id": 9454147,
                "user_type": "registered",
                "profile_image": "https://lh5.googleusercontent.com/-kvJMyaD9Fjo/AAAAAAAAAAI/AAAAAAAAAGU/SKdz6unXZs4/photo.jpg?sz=128",
                "display_name": "Alexis Harper",
                "link": "https://stackoverflow.com/users/9454147/alexis-harper"
            },
            "is_answered": false,
            "view_count": 35,
            "answer_count": 0,
            "score": 1,
            "last_activity_date": 1524160802,
            "creation_date": 1524160802,
            "question_id": 49927402,
            "body_markdown": "Rectangle.h\r\n\r\n    #pragma once\r\n    \r\n    #ifndef RECTANGLE_H\r\n    #define RECTANGLE_H\r\n    \r\n    #include &quot;stdafx.h&quot;\r\n    \r\n    class Rectangle {\r\n    \r\n    public:\r\n    \r\n    \tRectangle();\r\n    \t~Rectangle();\r\n    \r\n    \tstatic bool rectIsColliding(Rectangle r1, Rectangle r2); \r\n    \r\n    \tfloat getX();\r\n    \tfloat getY();\r\n    \tfloat getWidth();\r\n    \tfloat getHeight();\r\n    \r\n    \tvoid setX(float);\r\n    \tvoid setY(float);\r\n    \tvoid setWidth(float);\r\n    \tvoid setHeight(float);\r\n    \r\n    \tvoid setPos(float, float);\r\n    \tvoid setSize(float, float);\r\n    \r\n    \tvoid translate(float, float);\r\n    \tvoid scale(float, float);\r\n    \r\n    \tvoid flip();\r\n    \r\n    private:\r\n    \r\n    \tfloat x;\r\n    \tfloat y;\r\n    \r\n    \tfloat width;\r\n    \tfloat height;\r\n    \r\n    };\r\n    \r\n    #endif\r\n\r\nPlayer.h:\r\n\r\n    #pragma once\r\n    \r\n    #ifndef PLAYER_H\r\n    #define PLAYER_H\r\n    \r\n    #include &quot;stdafx.h&quot;\r\n    \r\n    #include &quot;Rectangle.h&quot;\r\n    \r\n    class Player {\r\n    \r\n    public:\r\n    \r\n    \tPlayer();\r\n    \t~Player();\r\n    \r\n    \tvoid update(); //Run on every tick (physics, motion, etc.)\r\n    \tvoid render(); //Run on every render (graphics, image, etc.)\r\n    \r\n    private:\r\n    \r\n    \tRectangle hitbox; //C3646: &quot;hitbox&quot; unknown ovveride specifier\r\n                          //C4430: missing type specifier - int assumed. Note: C++ does not support default-int\r\n    \r\n    \tfloat xPos = 0, yPos = 0; //Position\r\n    \tfloat vX = 0, vY = 0; //Velocity\r\n    \r\n    \tDirection direction; //Direction for graphics\r\n    \r\n    \tunsigned char *image; //Image pointer\r\n    \r\n    \tint width, height, comp; //Image dimentions\r\n    \r\n    \tunsigned int texture, VBO, VAO, EBO; //Buffers\r\n    \r\n    \tint vertexShader; //Vertex shader pointer\r\n    \tint fragmentShader; //Fragment shader pointer\r\n    \r\n    \tunsigned int shaderProgram; //Dual shader program pointer\r\n    \r\n    };\r\n    \r\n    #endif\r\n\r\nFrom what I understand, this is caused by the compiler not being able to find the Rectangle class, despite the IDE being able to (hence why there were no other errors).\r\n\r\nThings I have tried:\r\n\r\n - Moving around the Rectangle include in Player.h\r\n - Putting the Rectangle include in stdafx.h\r\n - Copying the Rectangle code (Rectangle.h &amp; Rectangle.cpp) into Player.h",
            "link": "https://stackoverflow.com/questions/49927402/c-unknown-override-specifier-with-include",
            "title": "C++ unknown override specifier with #include",
            "body": "<p>Rectangle.h</p>\n\n<pre><code>#pragma once\n\n#ifndef RECTANGLE_H\n#define RECTANGLE_H\n\n#include \"stdafx.h\"\n\nclass Rectangle {\n\npublic:\n\n    Rectangle();\n    ~Rectangle();\n\n    static bool rectIsColliding(Rectangle r1, Rectangle r2); \n\n    float getX();\n    float getY();\n    float getWidth();\n    float getHeight();\n\n    void setX(float);\n    void setY(float);\n    void setWidth(float);\n    void setHeight(float);\n\n    void setPos(float, float);\n    void setSize(float, float);\n\n    void translate(float, float);\n    void scale(float, float);\n\n    void flip();\n\nprivate:\n\n    float x;\n    float y;\n\n    float width;\n    float height;\n\n};\n\n#endif\n</code></pre>\n\n<p>Player.h:</p>\n\n<pre><code>#pragma once\n\n#ifndef PLAYER_H\n#define PLAYER_H\n\n#include \"stdafx.h\"\n\n#include \"Rectangle.h\"\n\nclass Player {\n\npublic:\n\n    Player();\n    ~Player();\n\n    void update(); //Run on every tick (physics, motion, etc.)\n    void render(); //Run on every render (graphics, image, etc.)\n\nprivate:\n\n    Rectangle hitbox; //C3646: \"hitbox\" unknown ovveride specifier\n                      //C4430: missing type specifier - int assumed. Note: C++ does not support default-int\n\n    float xPos = 0, yPos = 0; //Position\n    float vX = 0, vY = 0; //Velocity\n\n    Direction direction; //Direction for graphics\n\n    unsigned char *image; //Image pointer\n\n    int width, height, comp; //Image dimentions\n\n    unsigned int texture, VBO, VAO, EBO; //Buffers\n\n    int vertexShader; //Vertex shader pointer\n    int fragmentShader; //Fragment shader pointer\n\n    unsigned int shaderProgram; //Dual shader program pointer\n\n};\n\n#endif\n</code></pre>\n\n<p>From what I understand, this is caused by the compiler not being able to find the Rectangle class, despite the IDE being able to (hence why there were no other errors).</p>\n\n<p>Things I have tried:</p>\n\n<ul>\n<li>Moving around the Rectangle include in Player.h</li>\n<li>Putting the Rectangle include in stdafx.h</li>\n<li>Copying the Rectangle code (Rectangle.h &amp; Rectangle.cpp) into Player.h</li>\n</ul>\n"
        },
        {
            "tags": [
                "mysql",
                "database"
            ],
            "owner": {
                "reputation": 8,
                "user_id": 4153142,
                "user_type": "registered",
                "profile_image": "https://www.gravatar.com/avatar/3fc7de1d7dcf6487c7cd774c785234a9?s=128&d=identicon&r=PG&f=1",
                "display_name": "KriZa",
                "link": "https://stackoverflow.com/users/4153142/kriza"
            },
            "is_answered": true,
            "view_count": 292,
            "accepted_answer_id": 26423073,
            "answer_count": 1,
            "score": 1,
            "last_activity_date": 1524160799,
            "creation_date": 1413541181,
            "last_edit_date": 1524160799,
            "question_id": 26422894,
            "body_markdown": "Anyone any suggestion on what&#39;s the difference between:\r\n\r\n    Msg_type: status\r\n    Msg_text: OK\r\n\r\nand\r\n\r\n    Msg_type: status\r\n    Msg_text: Table is already up to date\r\n\r\nwhen I run `ANALYZE TABLE tablename` ?  I always the same response on the same tables.\r\n\r\nThanks!",
            "link": "https://stackoverflow.com/questions/26422894/mysql-analyze-table-response",
            "title": "MySQL ANALYZE TABLE Response",
            "body": "<p>Anyone any suggestion on what's the difference between these in an <code>ANALYZE TABLE &lt;tablename&gt;</code> response?</p>\n\n<pre><code>Msg_type: status\nMsg_text: OK\n</code></pre>\n\n<p>and</p>\n\n<pre><code>Msg_type: status\nMsg_text: Table is already up to date\n</code></pre>\n\n<p>I always get the same response on the same tables.</p>\n"
        },
        {
            "tags": [
                "mysql",
                "database",
                "slick"
            ],
            "owner": {
                "reputation": 129,
                "user_id": 1753402,
                "user_type": "registered",
                "accept_rate": 82,
                "profile_image": "https://www.gravatar.com/avatar/c6c0a6040dae6979ff99464dbf07d4ea?s=128&d=identicon&r=PG",
                "display_name": "zochhuana",
                "link": "https://stackoverflow.com/users/1753402/zochhuana"
            },
            "is_answered": false,
            "view_count": 59,
            "answer_count": 0,
            "score": 0,
            "last_activity_date": 1524160778,
            "creation_date": 1414417116,
            "last_edit_date": 1524160778,
            "question_id": 26588852,
            "body_markdown": "I wonder if there is a way using Slick to check that a particular database is connectable and queryable?\r\n\r\nI have a table called &#39;User&#39;, for which I have an object model defined. \r\nI want to achieve my goal of queryability check without using my object model itself.\r\n\r\n",
            "link": "https://stackoverflow.com/questions/26588852/how-do-i-check-a-table-is-queryable",
            "title": "How do I check a table is queryable?",
            "body": "<p>I wonder if there is a way using Slick to check that a particular database is connectable and queryable?</p>\n\n<p>I have a table called 'User', for which I have an object model defined. \nI want to achieve my goal of queryability check without using my object model itself.</p>\n"
        },
        {
            "tags": [
                "ruby"
            ],
            "owner": {
                "reputation": 514,
                "user_id": 5065860,
                "user_type": "registered",
                "accept_rate": 100,
                "profile_image": "https://www.gravatar.com/avatar/faadf161352c9fca88a34c8f05103185?s=128&d=identicon&r=PG&f=1",
                "display_name": "msmith1114",
                "link": "https://stackoverflow.com/users/5065860/msmith1114"
            },
            "is_answered": true,
            "view_count": 37,
            "accepted_answer_id": 49926482,
            "answer_count": 1,
            "score": 1,
            "last_activity_date": 1524160767,
            "creation_date": 1524156654,
            "question_id": 49926327,
            "body_markdown": "So this works(Pulled from Code-Academy):\r\n\r\n    def greeter\r\n      yield\r\n    end\r\n    \r\n    phrase = Proc.new {\r\n      puts &quot;Hello there!&quot;\r\n      }\r\n    \r\n    greeter(&amp;phrase)\r\n\r\nI understand what yield is doing, and understand what a Proc does. However &quot;why&quot; is this allowed?\r\n\r\nIE: `greeter` method has no parameters defined, not even optional ones. So why does ruby allow us to pass something to it? (In this case a reference to a block of code (The Proc `phrase`).\r\n\r\nI mean it&#39;s great that it does, but rule-wise this seems like it shouldn&#39;t be allowed?",
            "link": "https://stackoverflow.com/questions/49926327/ruby-passing-a-proc-to-method-with-no-parameters",
            "title": "Ruby: Passing a Proc to method with no parameters",
            "body": "<p>So this works(Pulled from Code-Academy):</p>\n\n<pre><code>def greeter\n  yield\nend\n\nphrase = Proc.new {\n  puts \"Hello there!\"\n  }\n\ngreeter(&amp;phrase)\n</code></pre>\n\n<p>I understand what yield is doing, and understand what a Proc does. However \"why\" is this allowed?</p>\n\n<p>IE: <code>greeter</code> method has no parameters defined, not even optional ones. So why does ruby allow us to pass something to it? (In this case a reference to a block of code (The Proc <code>phrase</code>).</p>\n\n<p>I mean it's great that it does, but rule-wise this seems like it shouldn't be allowed?</p>\n"
        },
        {
            "tags": [
                "postgresql",
                "python-2.7",
                "azure-storage-blobs",
                "odoo-10",
                "azure-blob-storage"
            ],
            "owner": {
                "reputation": 1,
                "user_id": 9180970,
                "user_type": "registered",
                "profile_image": "https://www.gravatar.com/avatar/89e8882cb80ac0bf39dfb3585fa3056c?s=128&d=identicon&r=PG&f=1",
                "display_name": "SHIVPRASAD KHANDAPURE.",
                "link": "https://stackoverflow.com/users/9180970/shivprasad-khandapure"
            },
            "is_answered": false,
            "view_count": 21,
            "answer_count": 1,
            "score": -1,
            "last_activity_date": 1524160765,
            "creation_date": 1523537852,
            "last_edit_date": 1523895093,
            "question_id": 49797211,
            "body_markdown": "give some guidelines about it. I want to store my customer&#39;s and user&#39;s data on azure blob, providing only picture/document link on odoo server database.",
            "link": "https://stackoverflow.com/questions/49797211/configuring-odoo-10-with-blob-storage-on-azure",
            "title": "configuring odoo-10 with blob storage on azure?",
            "body": "<p>give some guidelines about it. I want to store my customer's and user's data on azure blob, providing only picture/document link on odoo server database.</p>\n"
        },
        {
            "tags": [
                "nunit-3.0",
                "nunit-console"
            ],
            "owner": {
                "reputation": 2025,
                "user_id": 6270170,
                "user_type": "registered",
                "accept_rate": 100,
                "profile_image": "https://www.gravatar.com/avatar/4438f1d939f9354ecdbb36b3d41a9fb0?s=128&d=identicon&r=PG&f=1",
                "display_name": "Moerwald",
                "link": "https://stackoverflow.com/users/6270170/moerwald"
            },
            "is_answered": true,
            "view_count": 238,
            "accepted_answer_id": 47159196,
            "answer_count": 1,
            "score": 4,
            "last_activity_date": 1524160762,
            "creation_date": 1509950202,
            "question_id": 47131112,
            "body_markdown": "The old NUnit 2 console runner had an `/exclude` parameter to exclude tests with a specific `Category` attribute. Does anybody know if the console runner of NUnit3 supports this feature? \r\n\r\n`.\\nunit3-console.exe --help` doesn&#39;t state an exclude parameter. I only can see a `Where` parameter, can it be used for this purpose?\r\n",
            "link": "https://stackoverflow.com/questions/47131112/nunit3-console-exclude-specific-test-category",
            "title": "NUNIT3-CONSOLE exclude specific test category",
            "body": "<p>The old NUnit 2 console runner had an <code>/exclude</code> parameter to exclude tests with a specific <code>Category</code> attribute. Does anybody know if the console runner of NUnit3 supports this feature? </p>\n\n<p><code>.\\nunit3-console.exe --help</code> doesn't state an exclude parameter. I only can see a <code>Where</code> parameter, can it be used for this purpose?</p>\n"
        },
        {
            "tags": [
                "c++",
                "googletest"
            ],
            "owner": {
                "reputation": 27,
                "user_id": 9179901,
                "user_type": "registered",
                "accept_rate": 67,
                "profile_image": "https://www.gravatar.com/avatar/4989b2fccd9972a11e68449c988c12a3?s=128&d=identicon&r=PG&f=1",
                "display_name": "Christoph ",
                "link": "https://stackoverflow.com/users/9179901/christoph"
            },
            "is_answered": false,
            "view_count": 19,
            "answer_count": 0,
            "score": 0,
            "last_activity_date": 1524160756,
            "creation_date": 1524158367,
            "last_edit_date": 1524160756,
            "question_id": 49926757,
            "body_markdown": "I am using Google Tests to debug my program, more specifically Death Tests. However, my terminal gets filled up with these warnings saying: `Death tests use fork(), which is unsafe particularly in a threaded context. For this test, Google Test couldn&#39;t detect the number of threads.`\r\n\r\nThis same question is asked in the link below, but I don&#39;t seem to fully understand the solution. I do understand that some functionality needs to be implemented, meaning the code will probably have to be pasted in some of the gtest files, but which one? \r\n\r\nAlso, when the function is implemented, where do I do I need to do a function call? \r\n\r\nhttps://stackoverflow.com/questions/14062628/how-to-make-google-test-detect-the-number-of-threads-on-linux?utm_medium=organic&amp;utm_source=google_rich_qa&amp;utm_campaign=google_rich_qa#_=_",
            "link": "https://stackoverflow.com/questions/49926757/thread-detection-with-google-test-on-linux",
            "title": "thread detection with google test on Linux",
            "body": "<p>I am using Google Tests to debug my program, more specifically Death Tests. However, my terminal gets filled up with these warnings saying: <code>Death tests use fork(), which is unsafe particularly in a threaded context. For this test, Google Test couldn't detect the number of threads.</code></p>\n\n<p>This same question is asked in the link below, but I don't seem to fully understand the solution. I do understand that some functionality needs to be implemented, meaning the code will probably have to be pasted in some of the gtest files, but which one? </p>\n\n<p>Also, when the function is implemented, where do I do I need to do a function call? </p>\n\n<p><a href=\"https://stackoverflow.com/questions/14062628/how-to-make-google-test-detect-the-number-of-threads-on-linux?utm_medium=organic&amp;utm_source=google_rich_qa&amp;utm_campaign=google_rich_qa#_=_\">https://stackoverflow.com/questions/14062628/how-to-make-google-test-detect-the-number-of-threads-on-linux?utm_medium=organic&amp;utm_source=google_rich_qa&amp;utm_campaign=google_rich_qa#<em>=</em></a></p>\n"
        },
        {
            "tags": [
                "dll",
                "code-signing",
                "signtool"
            ],
            "owner": {
                "reputation": 1575,
                "user_id": 3906993,
                "user_type": "registered",
                "accept_rate": 90,
                "profile_image": "https://www.gravatar.com/avatar/06287ecff73df4e81411426495b7d9fc?s=128&d=identicon&r=PG&f=1",
                "display_name": "zig",
                "link": "https://stackoverflow.com/users/3906993/zig"
            },
            "is_answered": true,
            "view_count": 784,
            "accepted_answer_id": 33758901,
            "answer_count": 2,
            "score": 2,
            "last_activity_date": 1524160752,
            "creation_date": 1447756418,
            "last_edit_date": 1447773003,
            "question_id": 33754698,
            "body_markdown": "Can I safely sign a DLL file with a new certificate (using Microsoft&#39;s SignTool) if the DLL is already signed without recompiling it?\r\n\r\nEverything **looks** kosher after I do this, but I want to be 100% sure.\r\n",
            "link": "https://stackoverflow.com/questions/33754698/signing-a-dll-file-after-its-already-signed",
            "title": "Signing a DLL file after it&#39;s already signed?",
            "body": "<p>Can I safely sign a DLL file with a new certificate (using Microsoft's SignTool) if the DLL is already signed without recompiling it?</p>\n\n<p>Everything <strong>looks</strong> kosher after I do this, but I want to be 100% sure.</p>\n"
        },
        {
            "tags": [
                "batch-file",
                "iar"
            ],
            "owner": {
                "reputation": 156,
                "user_id": 1254465,
                "user_type": "registered",
                "accept_rate": 100,
                "profile_image": "https://www.gravatar.com/avatar/6c873662f909955823d8ac5086c34c10?s=128&d=identicon&r=PG",
                "display_name": "moktor",
                "link": "https://stackoverflow.com/users/1254465/moktor"
            },
            "is_answered": false,
            "view_count": 61,
            "answer_count": 1,
            "score": 1,
            "last_activity_date": 1524160748,
            "creation_date": 1510740031,
            "last_edit_date": 1510746950,
            "question_id": 47304344,
            "body_markdown": "I stumbled upon a strange issue where commandline executables (not build-ins!) do not generate any output, when invoked through a batch file in the Pre-Build or Post-Build actions of IAR Embedded Workbench 8.0 in Windows 10.\r\n\r\nI did a simple test where the IAR Pre-Build action is configured to run `pre_build.bat`:\r\n\r\n[![Build Actions Configuration][1]][1]\r\n\r\nThe batch file simply contains the following line:\r\n\r\n    git status &gt; c:\\some_specific_directory\\status.txt 2&gt;&amp;1\r\n\r\nWhen called from PowerShell or cmd the result is as expected: the output of `git status` is stored in status.txt. If git is invoked directly from IAR (without calling batch-file), git works as expected, too. If the batch file is invoked through the IAR pre-build actions, status.txt is empty. \r\n\r\nThis issue seems to affect any tools that are .exe files. So far, I have noticed this behaviour with `where`, `git`, `python`.\r\n\r\nIt also seems that these commands are opened in a new shell (the more commands in the batch-file, the more batch windows seem to quickly pop open and immediately close again).\r\n\r\nVersions used:\r\n\r\n- Windows 10 1703\r\n- IAR Embedded Workbench for ARM 8.20.1.14188\r\n- git 2.13.2.windows.1\r\n\r\n  [1]: https://i.stack.imgur.com/SPp7V.png",
            "link": "https://stackoverflow.com/questions/47304344/why-are-exe-files-not-generating-output-when-called-from-batchfile-within-iar",
            "title": "Why are .exe files not generating output when called from batchfile within IAR?",
            "body": "<p>I stumbled upon a strange issue where commandline executables (not build-ins!) do not generate any output, when invoked through a batch file in the Pre-Build or Post-Build actions of IAR Embedded Workbench 8.0 in Windows 10.</p>\n\n<p>I did a simple test where the IAR Pre-Build action is configured to run <code>pre_build.bat</code>:</p>\n\n<p><a href=\"https://i.stack.imgur.com/SPp7V.png\" rel=\"nofollow noreferrer\"><img src=\"https://i.stack.imgur.com/SPp7V.png\" alt=\"Build Actions Configuration\"></a></p>\n\n<p>The batch file simply contains the following line:</p>\n\n<pre><code>git status &gt; c:\\some_specific_directory\\status.txt 2&gt;&amp;1\n</code></pre>\n\n<p>When called from PowerShell or cmd the result is as expected: the output of <code>git status</code> is stored in status.txt. If git is invoked directly from IAR (without calling batch-file), git works as expected, too. If the batch file is invoked through the IAR pre-build actions, status.txt is empty. </p>\n\n<p>This issue seems to affect any tools that are .exe files. So far, I have noticed this behaviour with <code>where</code>, <code>git</code>, <code>python</code>.</p>\n\n<p>It also seems that these commands are opened in a new shell (the more commands in the batch-file, the more batch windows seem to quickly pop open and immediately close again).</p>\n\n<p>Versions used:</p>\n\n<ul>\n<li>Windows 10 1703</li>\n<li>IAR Embedded Workbench for ARM 8.20.1.14188</li>\n<li>git 2.13.2.windows.1</li>\n</ul>\n"
        },
        {
            "tags": [
                "excel-vba",
                "excel-2016"
            ],
            "owner": {
                "reputation": 16,
                "user_id": 7723726,
                "user_type": "registered",
                "accept_rate": 0,
                "profile_image": "https://www.gravatar.com/avatar/c7bfb192a59608c9847b55053a6d6e66?s=128&d=identicon&r=PG&f=1",
                "display_name": "ElectroMotiveHorse",
                "link": "https://stackoverflow.com/users/7723726/electromotivehorse"
            },
            "is_answered": false,
            "view_count": 12,
            "answer_count": 0,
            "score": 0,
            "last_activity_date": 1524160747,
            "creation_date": 1524160040,
            "last_edit_date": 1524160747,
            "question_id": 49927201,
            "body_markdown": "I am writing a macro in excel 2016 to manipulate data in a workbook that is linked to a SQL server. I need to refresh all data in a workbook before using the data. However a an inputbox appears when &quot;Refresh All&quot; (located in the Data Tab) asking me for a password. I want the code to flow as follows.\r\n\r\n    &#39;Prompt opens\r\n    SendKeys(&quot;foobar&quot;)\r\n    SendKeys(&quot;{ENTER}&quot;) \r\n\r\nWhen I try to SendKeys to the prompt the code stops executing, and will not resume until i manually type in the password and hit enter. How can i send a string to this prompt, as well as send keys to enter the string?\r\n\r\nImage: [![Input Prompt][1]][1]\r\n\r\n  [1]: https://i.stack.imgur.com/xYw7E.png",
            "link": "https://stackoverflow.com/questions/49927201/place-string-variable-and-send-keys-in-excel-alert-message",
            "title": "Place string variable and Send Keys in Excel Alert Message",
            "body": "<p>I am writing a macro in excel 2016 to manipulate data in a workbook that is linked to a SQL server. I need to refresh all data in a workbook before using the data. However a an inputbox appears when \"Refresh All\" (located in the Data Tab) asking me for a password. I want the code to flow as follows.</p>\n\n<pre><code>'Prompt opens\nSendKeys(\"foobar\")\nSendKeys(\"{ENTER}\") \n</code></pre>\n\n<p>When I try to SendKeys to the prompt the code stops executing, and will not resume until i manually type in the password and hit enter. How can i send a string to this prompt, as well as send keys to enter the string?</p>\n\n<p>Image: <a href=\"https://i.stack.imgur.com/xYw7E.png\" rel=\"nofollow noreferrer\"><img src=\"https://i.stack.imgur.com/xYw7E.png\" alt=\"Input Prompt\"></a></p>\n"
        },
        {
            "tags": [
                "sql-server",
                "sql-server-2017"
            ],
            "owner": {
                "reputation": 631,
                "user_id": 663899,
                "user_type": "registered",
                "accept_rate": 83,
                "profile_image": "https://www.gravatar.com/avatar/0292aa22daadc86d5b8c6b699ff1b058?s=128&d=identicon&r=PG",
                "display_name": "Lawyerson",
                "link": "https://stackoverflow.com/users/663899/lawyerson"
            },
            "is_answered": false,
            "view_count": 62,
            "answer_count": 0,
            "score": 1,
            "last_activity_date": 1524160727,
            "creation_date": 1522436815,
            "last_edit_date": 1524160727,
            "question_id": 49580018,
            "body_markdown": "I&#39;m trying to install SQL Server 2017 Express Edition on a Windows Server 2016 VPS through a remote desktop connection, using the web installer locally on the virtual machine. To my knowledge, all of the [hardware and software requirements][1] are satisfied.\r\n\r\nI&#39;m running the installation as the local Administrator account with full access. During installation I select &quot;Default instance&quot; rather than &quot;Named instance&quot; because I want to be able to connect using &#39;.&#39; or &#39;localhost&#39;, everything else is left default.\r\nThe installation completes with status &quot;Failed&quot; for the features Full-Text and Semantic Extractions for Search, Python, R, Machine Learning Services, Database Engine Services and SQL Server Replications, all of which log the following error:\r\n\r\n&gt; The following error has occurred:\r\nThe service did not respond to the start or control request in a timely fashion.\r\n\r\nThe Windows Application log contains the following error:\r\n\r\n&gt; Windows cannot access the file  for one of the following reasons: there is a problem with the network connection, the disk that the file is stored on, or the storage drivers installed on this computer; or the disk is missing. Windows closed the program SQL Server Windows NT - 64 Bit because of this error.\r\n\r\nOn the surface it seems like it may be the same issue as [this SO question about SQL Server 2016][2]. The accepted answer there is to add the SQLRUserGroup to &quot;Allow log on locally&quot; in Local Security Policy and selecting the Re-try option. However, the SQL Server 2017 installer that I&#39;m using does not offer this option. It can only be closed at this point. The only way to retry installation seems to be to uninstall the failed features, which also removes the MSSQLSERVER accounts and the SQLRUserGroup, and then go through the whole installation process again.\r\n\r\nI have tried to completely uninstall and reinstall with no success. SQL Server 2016 has the same issue.\r\n\r\nBelow is the full log spit out by the installer\r\n\r\n    Machine Properties:\r\n      Machine name:                  WIN-6N8LFAODRDS\r\n      Machine processor count:       2\r\n      OS version:                    Microsoft Windows Server 2016 Standard (10.0.14393)\r\n      OS service pack:               \r\n      OS region:                     United States\r\n      OS language:                   English (United States)\r\n      OS architecture:               x64\r\n      Process architecture:          64 Bit\r\n      OS clustered:                  No\r\n    \r\n    Package properties:\r\n      Description:                   Microsoft SQL Server 2017 \r\n      ProductName:                   SQL Server 2017\r\n      Type:                          RTM\r\n      Version:                       14\r\n      SPLevel:                       0\r\n      Installation location:         C:\\SQLServer2017Media\\ExpressAdv_ENU\\x64\\setup\\\r\n      Installation edition:          Express\r\n    \r\n    Product Update Status:None discovered.\r\n    \r\n    User Input Settings:\r\n      ACTION:                        Install\r\n      ADDCURRENTUSERASSQLADMIN:      true\r\n      AGTSVCACCOUNT:                 NT AUTHORITY\\NETWORK SERVICE\r\n      AGTSVCPASSWORD:                *****\r\n      AGTSVCSTARTUPTYPE:             Disabled\r\n      ASBACKUPDIR:                   Backup\r\n      ASCOLLATION:                   Latin1_General_CI_AS\r\n      ASCONFIGDIR:                   Config\r\n      ASDATADIR:                     Data\r\n      ASLOGDIR:                      Log\r\n      ASPROVIDERMSOLAP:              1\r\n      ASSERVERMODE:                  TABULAR\r\n      ASSVCACCOUNT:                  &lt;empty&gt;\r\n      ASSVCPASSWORD:                 &lt;empty&gt;\r\n      ASSVCSTARTUPTYPE:              Automatic\r\n      ASSYSADMINACCOUNTS:            &lt;empty&gt;\r\n      ASTELSVCACCT:                  &lt;empty&gt;\r\n      ASTELSVCPASSWORD:              &lt;empty&gt;\r\n      ASTELSVCSTARTUPTYPE:           0\r\n      ASTEMPDIR:                     Temp\r\n      BROWSERSVCSTARTUPTYPE:         Disabled\r\n      CLTCTLRNAME:                   &lt;empty&gt;\r\n      CLTRESULTDIR:                  &lt;empty&gt;\r\n      CLTSTARTUPTYPE:                0\r\n      CLTSVCACCOUNT:                 &lt;empty&gt;\r\n      CLTSVCPASSWORD:                &lt;empty&gt;\r\n      CLTWORKINGDIR:                 &lt;empty&gt;\r\n      COMMFABRICENCRYPTION:          0\r\n      COMMFABRICNETWORKLEVEL:        0\r\n      COMMFABRICPORT:                0\r\n      CONFIGURATIONFILE:             \r\n      CTLRSTARTUPTYPE:               0\r\n      CTLRSVCACCOUNT:                &lt;empty&gt;\r\n      CTLRSVCPASSWORD:               &lt;empty&gt;\r\n      CTLRUSERS:                     &lt;empty&gt;\r\n      ENABLERANU:                    true\r\n      ENU:                           true\r\n      EXTSVCACCOUNT:                 NT Service\\MSSQLLaunchpad\r\n      EXTSVCPASSWORD:                &lt;empty&gt;\r\n      FEATURES:                      SQLENGINE, REPLICATION, ADVANCEDANALYTICS, SQL_INST_MR, SQL_INST_MPY, FULLTEXT, CONN, BC, SDK, SNAC_SDK\r\n      FILESTREAMLEVEL:               0\r\n      FILESTREAMSHARENAME:           &lt;empty&gt;\r\n      FTSVCACCOUNT:                  NT Service\\MSSQLFDLauncher\r\n      FTSVCPASSWORD:                 &lt;empty&gt;\r\n      HELP:                          false\r\n      IACCEPTPYTHONLICENSETERMS:     true\r\n      IACCEPTROPENLICENSETERMS:      true\r\n      IACCEPTSQLSERVERLICENSETERMS:  true\r\n      INDICATEPROGRESS:              false\r\n      INSTALLSHAREDDIR:              C:\\Program Files\\Microsoft SQL Server\\\r\n      INSTALLSHAREDWOWDIR:           C:\\Program Files (x86)\\Microsoft SQL Server\\\r\n      INSTALLSQLDATADIR:             &lt;empty&gt;\r\n      INSTANCEDIR:                   C:\\Program Files\\Microsoft SQL Server\\\r\n      INSTANCEID:                    MSSQLSERVER\r\n      INSTANCENAME:                  MSSQLSERVER\r\n      ISMASTERSVCACCOUNT:            NT AUTHORITY\\Network Service\r\n      ISMASTERSVCPASSWORD:           &lt;empty&gt;\r\n      ISMASTERSVCPORT:               8391\r\n      ISMASTERSVCSSLCERTCN:          &lt;empty&gt;\r\n      ISMASTERSVCSTARTUPTYPE:        Automatic\r\n      ISMASTERSVCTHUMBPRINT:         &lt;empty&gt;\r\n      ISSVCACCOUNT:                  NT AUTHORITY\\Network Service\r\n      ISSVCPASSWORD:                 &lt;empty&gt;\r\n      ISSVCSTARTUPTYPE:              Automatic\r\n      ISTELSVCACCT:                  &lt;empty&gt;\r\n      ISTELSVCPASSWORD:              &lt;empty&gt;\r\n      ISTELSVCSTARTUPTYPE:           0\r\n      ISWORKERSVCACCOUNT:            NT AUTHORITY\\Network Service\r\n      ISWORKERSVCCERT:               &lt;empty&gt;\r\n      ISWORKERSVCMASTER:             &lt;empty&gt;\r\n      ISWORKERSVCPASSWORD:           &lt;empty&gt;\r\n      ISWORKERSVCSTARTUPTYPE:        Automatic\r\n      MATRIXCMBRICKCOMMPORT:         0\r\n      MATRIXCMSERVERNAME:            &lt;empty&gt;\r\n      MATRIXNAME:                    &lt;empty&gt;\r\n      MRCACHEDIRECTORY:              \r\n      NPENABLED:                     0\r\n      PBDMSSVCACCOUNT:               &lt;empty&gt;\r\n      PBDMSSVCPASSWORD:              &lt;empty&gt;\r\n      PBDMSSVCSTARTUPTYPE:           0\r\n      PBENGSVCACCOUNT:               &lt;empty&gt;\r\n      PBENGSVCPASSWORD:              &lt;empty&gt;\r\n      PBENGSVCSTARTUPTYPE:           0\r\n      PBPORTRANGE:                   &lt;empty&gt;\r\n      PBSCALEOUT:                    false\r\n      PID:                           *****\r\n      QUIET:                         false\r\n      QUIETSIMPLE:                   false\r\n      ROLE:                          AllFeatures_WithDefaults\r\n      RSINSTALLMODE:                 DefaultNativeMode\r\n      RSSVCACCOUNT:                  &lt;empty&gt;\r\n      RSSVCPASSWORD:                 &lt;empty&gt;\r\n      RSSVCSTARTUPTYPE:              Automatic\r\n      SAPWD:                         *****\r\n      SECURITYMODE:                  SQL\r\n      SQLBACKUPDIR:                  &lt;empty&gt;\r\n      SQLCOLLATION:                  SQL_Latin1_General_CP1_CI_AS\r\n      SQLSVCACCOUNT:                 NT Service\\MSSQLSERVER\r\n      SQLSVCINSTANTFILEINIT:         true\r\n      SQLSVCPASSWORD:                &lt;empty&gt;\r\n      SQLSVCSTARTUPTYPE:             Automatic\r\n      SQLSYSADMINACCOUNTS:           WIN-6N8LFAODRDS\\Administrator\r\n      SQLTELSVCACCT:                 NT Service\\SQLTELEMETRY\r\n      SQLTELSVCPASSWORD:             &lt;empty&gt;\r\n      SQLTELSVCSTARTUPTYPE:          Automatic\r\n      SQLTEMPDBDIR:                  &lt;empty&gt;\r\n      SQLTEMPDBFILECOUNT:            1\r\n      SQLTEMPDBFILEGROWTH:           64\r\n      SQLTEMPDBFILESIZE:             8\r\n      SQLTEMPDBLOGDIR:               &lt;empty&gt;\r\n      SQLTEMPDBLOGFILEGROWTH:        64\r\n      SQLTEMPDBLOGFILESIZE:          8\r\n      SQLUSERDBDIR:                  &lt;empty&gt;\r\n      SQLUSERDBLOGDIR:               &lt;empty&gt;\r\n      SUPPRESSPRIVACYSTATEMENTNOTICE: false\r\n      TCPENABLED:                    0\r\n      UIMODE:                        AutoAdvance\r\n      UpdateEnabled:                 true\r\n      UpdateSource:                  MU\r\n      USEMICROSOFTUPDATE:            false\r\n      X86:                           false\r\n    \r\n    Detailed results:\r\n      Feature:                       Full-Text and Semantic Extractions for Search\r\n      Status:                        Failed\r\n      Reason for failure:            An error occurred for a dependency of the feature causing the setup process for the feature to fail.\r\n      Next Step:                     Use the following information to resolve the error, uninstall this feature, and then run the setup process again.\r\n      Component name:                SQL Server Database Engine Services Instance Features\r\n      Component error code:          0x80004005\r\n      Error description:             The service did not respond to the start or control request in a timely fashion.\r\n      Error help link:               https://go.microsoft.com/fwlink?LinkId=20476&amp;ProdName=Microsoft+SQL+Server&amp;EvtSrc=setup.rll&amp;EvtID=50000&amp;ProdVer=14.0.1000.169&amp;EvtType=0xDC112D1C%400xDC80C325&amp;EvtType=0xDC112D1C%400xDC80C325\r\n    \r\n      Feature:                       Python\r\n      Status:                        Failed\r\n      Reason for failure:            An error occurred for a dependency of the feature causing the setup process for the feature to fail.\r\n      Next Step:                     Use the following information to resolve the error, uninstall this feature, and then run the setup process again.\r\n      Component name:                SQL Server Database Engine Services Instance Features\r\n      Component error code:          0x80004005\r\n      Error description:             The service did not respond to the start or control request in a timely fashion.\r\n      Error help link:               https://go.microsoft.com/fwlink?LinkId=20476&amp;ProdName=Microsoft+SQL+Server&amp;EvtSrc=setup.rll&amp;EvtID=50000&amp;ProdVer=14.0.1000.169&amp;EvtType=0xDC112D1C%400xDC80C325&amp;EvtType=0xDC112D1C%400xDC80C325\r\n    \r\n      Feature:                       R\r\n      Status:                        Failed\r\n      Reason for failure:            An error occurred for a dependency of the feature causing the setup process for the feature to fail.\r\n      Next Step:                     Use the following information to resolve the error, uninstall this feature, and then run the setup process again.\r\n      Component name:                SQL Server Database Engine Services Instance Features\r\n      Component error code:          0x80004005\r\n      Error description:             The service did not respond to the start or control request in a timely fashion.\r\n      Error help link:               https://go.microsoft.com/fwlink?LinkId=20476&amp;ProdName=Microsoft+SQL+Server&amp;EvtSrc=setup.rll&amp;EvtID=50000&amp;ProdVer=14.0.1000.169&amp;EvtType=0xDC112D1C%400xDC80C325&amp;EvtType=0xDC112D1C%400xDC80C325\r\n    \r\n      Feature:                       Machine Learning Services (In-Database)\r\n      Status:                        Failed\r\n      Reason for failure:            An error occurred for a dependency of the feature causing the setup process for the feature to fail.\r\n      Next Step:                     Use the following information to resolve the error, uninstall this feature, and then run the setup process again.\r\n      Component name:                SQL Server Database Engine Services Instance Features\r\n      Component error code:          0x80004005\r\n      Error description:             The service did not respond to the start or control request in a timely fashion.\r\n      Error help link:               https://go.microsoft.com/fwlink?LinkId=20476&amp;ProdName=Microsoft+SQL+Server&amp;EvtSrc=setup.rll&amp;EvtID=50000&amp;ProdVer=14.0.1000.169&amp;EvtType=0xDC112D1C%400xDC80C325&amp;EvtType=0xDC112D1C%400xDC80C325\r\n    \r\n      Feature:                       Database Engine Services\r\n      Status:                        Failed\r\n      Reason for failure:            An error occurred during the setup process of the feature.\r\n      Next Step:                     Use the following information to resolve the error, uninstall this feature, and then run the setup process again.\r\n      Component name:                SQL Server Database Engine Services Instance Features\r\n      Component error code:          0x80004005\r\n      Error description:             The service did not respond to the start or control request in a timely fashion.\r\n      Error help link:               https://go.microsoft.com/fwlink?LinkId=20476&amp;ProdName=Microsoft+SQL+Server&amp;EvtSrc=setup.rll&amp;EvtID=50000&amp;ProdVer=14.0.1000.169&amp;EvtType=0xDC112D1C%400xDC80C325&amp;EvtType=0xDC112D1C%400xDC80C325\r\n    \r\n      Feature:                       SQL Server Replication\r\n      Status:                        Failed\r\n      Reason for failure:            An error occurred for a dependency of the feature causing the setup process for the feature to fail.\r\n      Next Step:                     Use the following information to resolve the error, uninstall this feature, and then run the setup process again.\r\n      Component name:                SQL Server Database Engine Services Instance Features\r\n      Component error code:          0x80004005\r\n      Error description:             The service did not respond to the start or control request in a timely fashion.\r\n      Error help link:               https://go.microsoft.com/fwlink?LinkId=20476&amp;ProdName=Microsoft+SQL+Server&amp;EvtSrc=setup.rll&amp;EvtID=50000&amp;ProdVer=14.0.1000.169&amp;EvtType=0xDC112D1C%400xDC80C325&amp;EvtType=0xDC112D1C%400xDC80C325\r\n\r\n\r\n  [1]: https://docs.microsoft.com/en-us/sql/sql-server/install/hardware-and-software-requirements-for-installing-sql-server\r\n  [2]: https://stackoverflow.com/questions/37579805/setup-service-did-not-respond-to-the-start-or-control-request-in-a-timely-fashio",
            "link": "https://stackoverflow.com/questions/49580018/the-service-did-not-respond-to-the-start-or-control-request-in-a-timely-fashion",
            "title": "The service did not respond to the start or control request in a timely fashion, when installing SQL Server 2017 Express on a VPS through RDC",
            "body": "<p>I'm trying to install SQL Server 2017 Express Edition on a Windows Server 2016 VPS through a remote desktop connection, using the web installer locally on the virtual machine. To my knowledge, all of the <a href=\"https://docs.microsoft.com/en-us/sql/sql-server/install/hardware-and-software-requirements-for-installing-sql-server\" rel=\"nofollow noreferrer\">hardware and software requirements</a> are satisfied.</p>\n\n<p>I'm running the installation as the local Administrator account with full access. During installation I select \"Default instance\" rather than \"Named instance\" because I want to be able to connect using '.' or 'localhost', everything else is left default.\nThe installation completes with status \"Failed\" for the features Full-Text and Semantic Extractions for Search, Python, R, Machine Learning Services, Database Engine Services and SQL Server Replications, all of which log the following error:</p>\n\n<blockquote>\n  <p>The following error has occurred:\n  The service did not respond to the start or control request in a timely fashion.</p>\n</blockquote>\n\n<p>The Windows Application log contains the following error:</p>\n\n<blockquote>\n  <p>Windows cannot access the file  for one of the following reasons: there is a problem with the network connection, the disk that the file is stored on, or the storage drivers installed on this computer; or the disk is missing. Windows closed the program SQL Server Windows NT - 64 Bit because of this error.</p>\n</blockquote>\n\n<p>On the surface it seems like it may be the same issue as <a href=\"https://stackoverflow.com/questions/37579805/setup-service-did-not-respond-to-the-start-or-control-request-in-a-timely-fashio\">this SO question about SQL Server 2016</a>. The accepted answer there is to add the SQLRUserGroup to \"Allow log on locally\" in Local Security Policy and selecting the Re-try option. However, the SQL Server 2017 installer that I'm using does not offer this option. It can only be closed at this point. The only way to retry installation seems to be to uninstall the failed features, which also removes the MSSQLSERVER accounts and the SQLRUserGroup, and then go through the whole installation process again.</p>\n\n<p>I have tried to completely uninstall and reinstall with no success. SQL Server 2016 has the same issue.</p>\n\n<p>Below is the full log spit out by the installer</p>\n\n<pre><code>Machine Properties:\n  Machine name:                  WIN-6N8LFAODRDS\n  Machine processor count:       2\n  OS version:                    Microsoft Windows Server 2016 Standard (10.0.14393)\n  OS service pack:               \n  OS region:                     United States\n  OS language:                   English (United States)\n  OS architecture:               x64\n  Process architecture:          64 Bit\n  OS clustered:                  No\n\nPackage properties:\n  Description:                   Microsoft SQL Server 2017 \n  ProductName:                   SQL Server 2017\n  Type:                          RTM\n  Version:                       14\n  SPLevel:                       0\n  Installation location:         C:\\SQLServer2017Media\\ExpressAdv_ENU\\x64\\setup\\\n  Installation edition:          Express\n\nProduct Update Status:None discovered.\n\nUser Input Settings:\n  ACTION:                        Install\n  ADDCURRENTUSERASSQLADMIN:      true\n  AGTSVCACCOUNT:                 NT AUTHORITY\\NETWORK SERVICE\n  AGTSVCPASSWORD:                *****\n  AGTSVCSTARTUPTYPE:             Disabled\n  ASBACKUPDIR:                   Backup\n  ASCOLLATION:                   Latin1_General_CI_AS\n  ASCONFIGDIR:                   Config\n  ASDATADIR:                     Data\n  ASLOGDIR:                      Log\n  ASPROVIDERMSOLAP:              1\n  ASSERVERMODE:                  TABULAR\n  ASSVCACCOUNT:                  &lt;empty&gt;\n  ASSVCPASSWORD:                 &lt;empty&gt;\n  ASSVCSTARTUPTYPE:              Automatic\n  ASSYSADMINACCOUNTS:            &lt;empty&gt;\n  ASTELSVCACCT:                  &lt;empty&gt;\n  ASTELSVCPASSWORD:              &lt;empty&gt;\n  ASTELSVCSTARTUPTYPE:           0\n  ASTEMPDIR:                     Temp\n  BROWSERSVCSTARTUPTYPE:         Disabled\n  CLTCTLRNAME:                   &lt;empty&gt;\n  CLTRESULTDIR:                  &lt;empty&gt;\n  CLTSTARTUPTYPE:                0\n  CLTSVCACCOUNT:                 &lt;empty&gt;\n  CLTSVCPASSWORD:                &lt;empty&gt;\n  CLTWORKINGDIR:                 &lt;empty&gt;\n  COMMFABRICENCRYPTION:          0\n  COMMFABRICNETWORKLEVEL:        0\n  COMMFABRICPORT:                0\n  CONFIGURATIONFILE:             \n  CTLRSTARTUPTYPE:               0\n  CTLRSVCACCOUNT:                &lt;empty&gt;\n  CTLRSVCPASSWORD:               &lt;empty&gt;\n  CTLRUSERS:                     &lt;empty&gt;\n  ENABLERANU:                    true\n  ENU:                           true\n  EXTSVCACCOUNT:                 NT Service\\MSSQLLaunchpad\n  EXTSVCPASSWORD:                &lt;empty&gt;\n  FEATURES:                      SQLENGINE, REPLICATION, ADVANCEDANALYTICS, SQL_INST_MR, SQL_INST_MPY, FULLTEXT, CONN, BC, SDK, SNAC_SDK\n  FILESTREAMLEVEL:               0\n  FILESTREAMSHARENAME:           &lt;empty&gt;\n  FTSVCACCOUNT:                  NT Service\\MSSQLFDLauncher\n  FTSVCPASSWORD:                 &lt;empty&gt;\n  HELP:                          false\n  IACCEPTPYTHONLICENSETERMS:     true\n  IACCEPTROPENLICENSETERMS:      true\n  IACCEPTSQLSERVERLICENSETERMS:  true\n  INDICATEPROGRESS:              false\n  INSTALLSHAREDDIR:              C:\\Program Files\\Microsoft SQL Server\\\n  INSTALLSHAREDWOWDIR:           C:\\Program Files (x86)\\Microsoft SQL Server\\\n  INSTALLSQLDATADIR:             &lt;empty&gt;\n  INSTANCEDIR:                   C:\\Program Files\\Microsoft SQL Server\\\n  INSTANCEID:                    MSSQLSERVER\n  INSTANCENAME:                  MSSQLSERVER\n  ISMASTERSVCACCOUNT:            NT AUTHORITY\\Network Service\n  ISMASTERSVCPASSWORD:           &lt;empty&gt;\n  ISMASTERSVCPORT:               8391\n  ISMASTERSVCSSLCERTCN:          &lt;empty&gt;\n  ISMASTERSVCSTARTUPTYPE:        Automatic\n  ISMASTERSVCTHUMBPRINT:         &lt;empty&gt;\n  ISSVCACCOUNT:                  NT AUTHORITY\\Network Service\n  ISSVCPASSWORD:                 &lt;empty&gt;\n  ISSVCSTARTUPTYPE:              Automatic\n  ISTELSVCACCT:                  &lt;empty&gt;\n  ISTELSVCPASSWORD:              &lt;empty&gt;\n  ISTELSVCSTARTUPTYPE:           0\n  ISWORKERSVCACCOUNT:            NT AUTHORITY\\Network Service\n  ISWORKERSVCCERT:               &lt;empty&gt;\n  ISWORKERSVCMASTER:             &lt;empty&gt;\n  ISWORKERSVCPASSWORD:           &lt;empty&gt;\n  ISWORKERSVCSTARTUPTYPE:        Automatic\n  MATRIXCMBRICKCOMMPORT:         0\n  MATRIXCMSERVERNAME:            &lt;empty&gt;\n  MATRIXNAME:                    &lt;empty&gt;\n  MRCACHEDIRECTORY:              \n  NPENABLED:                     0\n  PBDMSSVCACCOUNT:               &lt;empty&gt;\n  PBDMSSVCPASSWORD:              &lt;empty&gt;\n  PBDMSSVCSTARTUPTYPE:           0\n  PBENGSVCACCOUNT:               &lt;empty&gt;\n  PBENGSVCPASSWORD:              &lt;empty&gt;\n  PBENGSVCSTARTUPTYPE:           0\n  PBPORTRANGE:                   &lt;empty&gt;\n  PBSCALEOUT:                    false\n  PID:                           *****\n  QUIET:                         false\n  QUIETSIMPLE:                   false\n  ROLE:                          AllFeatures_WithDefaults\n  RSINSTALLMODE:                 DefaultNativeMode\n  RSSVCACCOUNT:                  &lt;empty&gt;\n  RSSVCPASSWORD:                 &lt;empty&gt;\n  RSSVCSTARTUPTYPE:              Automatic\n  SAPWD:                         *****\n  SECURITYMODE:                  SQL\n  SQLBACKUPDIR:                  &lt;empty&gt;\n  SQLCOLLATION:                  SQL_Latin1_General_CP1_CI_AS\n  SQLSVCACCOUNT:                 NT Service\\MSSQLSERVER\n  SQLSVCINSTANTFILEINIT:         true\n  SQLSVCPASSWORD:                &lt;empty&gt;\n  SQLSVCSTARTUPTYPE:             Automatic\n  SQLSYSADMINACCOUNTS:           WIN-6N8LFAODRDS\\Administrator\n  SQLTELSVCACCT:                 NT Service\\SQLTELEMETRY\n  SQLTELSVCPASSWORD:             &lt;empty&gt;\n  SQLTELSVCSTARTUPTYPE:          Automatic\n  SQLTEMPDBDIR:                  &lt;empty&gt;\n  SQLTEMPDBFILECOUNT:            1\n  SQLTEMPDBFILEGROWTH:           64\n  SQLTEMPDBFILESIZE:             8\n  SQLTEMPDBLOGDIR:               &lt;empty&gt;\n  SQLTEMPDBLOGFILEGROWTH:        64\n  SQLTEMPDBLOGFILESIZE:          8\n  SQLUSERDBDIR:                  &lt;empty&gt;\n  SQLUSERDBLOGDIR:               &lt;empty&gt;\n  SUPPRESSPRIVACYSTATEMENTNOTICE: false\n  TCPENABLED:                    0\n  UIMODE:                        AutoAdvance\n  UpdateEnabled:                 true\n  UpdateSource:                  MU\n  USEMICROSOFTUPDATE:            false\n  X86:                           false\n\nDetailed results:\n  Feature:                       Full-Text and Semantic Extractions for Search\n  Status:                        Failed\n  Reason for failure:            An error occurred for a dependency of the feature causing the setup process for the feature to fail.\n  Next Step:                     Use the following information to resolve the error, uninstall this feature, and then run the setup process again.\n  Component name:                SQL Server Database Engine Services Instance Features\n  Component error code:          0x80004005\n  Error description:             The service did not respond to the start or control request in a timely fashion.\n  Error help link:               https://go.microsoft.com/fwlink?LinkId=20476&amp;ProdName=Microsoft+SQL+Server&amp;EvtSrc=setup.rll&amp;EvtID=50000&amp;ProdVer=14.0.1000.169&amp;EvtType=0xDC112D1C%400xDC80C325&amp;EvtType=0xDC112D1C%400xDC80C325\n\n  Feature:                       Python\n  Status:                        Failed\n  Reason for failure:            An error occurred for a dependency of the feature causing the setup process for the feature to fail.\n  Next Step:                     Use the following information to resolve the error, uninstall this feature, and then run the setup process again.\n  Component name:                SQL Server Database Engine Services Instance Features\n  Component error code:          0x80004005\n  Error description:             The service did not respond to the start or control request in a timely fashion.\n  Error help link:               https://go.microsoft.com/fwlink?LinkId=20476&amp;ProdName=Microsoft+SQL+Server&amp;EvtSrc=setup.rll&amp;EvtID=50000&amp;ProdVer=14.0.1000.169&amp;EvtType=0xDC112D1C%400xDC80C325&amp;EvtType=0xDC112D1C%400xDC80C325\n\n  Feature:                       R\n  Status:                        Failed\n  Reason for failure:            An error occurred for a dependency of the feature causing the setup process for the feature to fail.\n  Next Step:                     Use the following information to resolve the error, uninstall this feature, and then run the setup process again.\n  Component name:                SQL Server Database Engine Services Instance Features\n  Component error code:          0x80004005\n  Error description:             The service did not respond to the start or control request in a timely fashion.\n  Error help link:               https://go.microsoft.com/fwlink?LinkId=20476&amp;ProdName=Microsoft+SQL+Server&amp;EvtSrc=setup.rll&amp;EvtID=50000&amp;ProdVer=14.0.1000.169&amp;EvtType=0xDC112D1C%400xDC80C325&amp;EvtType=0xDC112D1C%400xDC80C325\n\n  Feature:                       Machine Learning Services (In-Database)\n  Status:                        Failed\n  Reason for failure:            An error occurred for a dependency of the feature causing the setup process for the feature to fail.\n  Next Step:                     Use the following information to resolve the error, uninstall this feature, and then run the setup process again.\n  Component name:                SQL Server Database Engine Services Instance Features\n  Component error code:          0x80004005\n  Error description:             The service did not respond to the start or control request in a timely fashion.\n  Error help link:               https://go.microsoft.com/fwlink?LinkId=20476&amp;ProdName=Microsoft+SQL+Server&amp;EvtSrc=setup.rll&amp;EvtID=50000&amp;ProdVer=14.0.1000.169&amp;EvtType=0xDC112D1C%400xDC80C325&amp;EvtType=0xDC112D1C%400xDC80C325\n\n  Feature:                       Database Engine Services\n  Status:                        Failed\n  Reason for failure:            An error occurred during the setup process of the feature.\n  Next Step:                     Use the following information to resolve the error, uninstall this feature, and then run the setup process again.\n  Component name:                SQL Server Database Engine Services Instance Features\n  Component error code:          0x80004005\n  Error description:             The service did not respond to the start or control request in a timely fashion.\n  Error help link:               https://go.microsoft.com/fwlink?LinkId=20476&amp;ProdName=Microsoft+SQL+Server&amp;EvtSrc=setup.rll&amp;EvtID=50000&amp;ProdVer=14.0.1000.169&amp;EvtType=0xDC112D1C%400xDC80C325&amp;EvtType=0xDC112D1C%400xDC80C325\n\n  Feature:                       SQL Server Replication\n  Status:                        Failed\n  Reason for failure:            An error occurred for a dependency of the feature causing the setup process for the feature to fail.\n  Next Step:                     Use the following information to resolve the error, uninstall this feature, and then run the setup process again.\n  Component name:                SQL Server Database Engine Services Instance Features\n  Component error code:          0x80004005\n  Error description:             The service did not respond to the start or control request in a timely fashion.\n  Error help link:               https://go.microsoft.com/fwlink?LinkId=20476&amp;ProdName=Microsoft+SQL+Server&amp;EvtSrc=setup.rll&amp;EvtID=50000&amp;ProdVer=14.0.1000.169&amp;EvtType=0xDC112D1C%400xDC80C325&amp;EvtType=0xDC112D1C%400xDC80C325\n</code></pre>\n"
        },
        {
            "tags": [
                "javascript",
                "php",
                "jquery"
            ],
            "owner": {
                "reputation": 184,
                "user_id": 4907861,
                "user_type": "registered",
                "accept_rate": 60,
                "profile_image": "https://www.gravatar.com/avatar/3de1ce4ab463ae04e5429387cf4710ba?s=128&d=identicon&r=PG&f=1",
                "display_name": "JianYA",
                "link": "https://stackoverflow.com/users/4907861/jianya"
            },
            "is_answered": true,
            "view_count": 56,
            "accepted_answer_id": 49927388,
            "answer_count": 3,
            "score": 0,
            "last_activity_date": 1524160720,
            "creation_date": 1524154252,
            "last_edit_date": 1524155778,
            "question_id": 49925659,
            "body_markdown": "I have a list of checkboxes that I want to select and unselect. \r\nThe problem currently is that when I click All, all items in the list are added to an array called filter. However when I click All again, the list is repopulated with the items again. It is supposed to empty the filter array and uncheck all checkboxes. \r\n\r\nHow can I uncheck all the boxes if I select the All checkbox again? Hope someone can help\r\n\r\n\r\nThe list consist of:\r\n\r\n    if(!empty($items)){ ?&gt;\r\n        &lt;input class=&quot;form-check-input select-item&quot; data-item=&quot;All&quot; type=&quot;checkbox&quot; value=&quot;All&quot; id=&quot;All&quot;&gt;\r\n        &lt;label class=&quot;form-check-label item-label&quot; for=&quot;All&quot;&gt;All &lt;/label&gt;\r\n        &lt;?php foreach ($items as $entry): ?&gt;\r\n            &lt;input class=&quot;form-check-input select-item&quot; data-item=&quot;&lt;?php echo $entry[&#39;short_name&#39;];?&gt;&quot; type=&quot;checkbox&quot; value=&quot;&lt;?php echo $entry[&#39;short_name&#39;];?&gt;&quot; id=&quot;&lt;?php echo $entry[&#39;short_name&#39;];?&gt;&quot;&gt;\r\n            &lt;label class=&quot;form-check-label item-label&quot; for=&quot;&lt;?php echo $entry[&#39;short_name&#39;];?&gt;&quot;&gt;&lt;?php echo $entry[&#39;full_name&#39;];?&gt; &lt;/label&gt;\r\n        &lt;?php endforeach; ?&gt;\r\n    &lt;?php } ?&gt;\r\n\r\nThis is the javascript I have at the moment:\r\n\r\n    $(&quot;.select-item&quot;).click(function(e){\r\n        var item = $(this).data(&#39;item&#39;);\r\n        if(item==&quot;All&quot;) {\r\n            console.log($(&#39;#items input:checkbox&#39;).length);\r\n            if(filterAllChecked()) {\r\n                console.log(&quot;in&quot;);\r\n                $(&#39;#items input:checkbox&#39;).prop(&#39;checked&#39;,&quot;&quot;);\r\n                filter = [];\r\n            } else {\r\n                $(&#39;#items input:checkbox&#39;).prop(&#39;checked&#39;, &#39;checked&#39;);\r\n                var items = $(&quot;#items input:checkbox:checked&quot;).map(function(){\r\n                    return $(this).val();\r\n                }).get();\r\n                filter = items;\r\n                console.log($(&#39;#items input:checkbox&#39;).filter(&quot;:checked&quot;).length);\r\n                }\r\n            } else {\r\n                var index = $.inArray(item,filter);\r\n                if(this.checked &amp;&amp; index === -1) {\r\n                    filter.push(item);\r\n                } else {\r\n                    filter.splice(index,1);\r\n                }\r\n            }\r\n        console.log(filter);\r\n    });\r\n\r\nThis is the check to see if all items have been selected:\r\n\r\n    function filterAllChecked(){\r\n        var checkboxes = $(&quot;#items input:checkbox&quot;);\r\n        return checkboxes.length === checkboxes.filter(&quot;:checked&quot;).length;\r\n    }",
            "link": "https://stackoverflow.com/questions/49925659/jquery-check-and-uncheck-all-doesnt-work",
            "title": "Jquery Check and Uncheck all doesn&#39;t work",
            "body": "<p>I have a list of checkboxes that I want to select and unselect. \nThe problem currently is that when I click All, all items in the list are added to an array called filter. However when I click All again, the list is repopulated with the items again. It is supposed to empty the filter array and uncheck all checkboxes. </p>\n\n<p>How can I uncheck all the boxes if I select the All checkbox again? Hope someone can help</p>\n\n<p>The list consist of:</p>\n\n<pre><code>if(!empty($items)){ ?&gt;\n    &lt;input class=\"form-check-input select-item\" data-item=\"All\" type=\"checkbox\" value=\"All\" id=\"All\"&gt;\n    &lt;label class=\"form-check-label item-label\" for=\"All\"&gt;All &lt;/label&gt;\n    &lt;?php foreach ($items as $entry): ?&gt;\n        &lt;input class=\"form-check-input select-item\" data-item=\"&lt;?php echo $entry['short_name'];?&gt;\" type=\"checkbox\" value=\"&lt;?php echo $entry['short_name'];?&gt;\" id=\"&lt;?php echo $entry['short_name'];?&gt;\"&gt;\n        &lt;label class=\"form-check-label item-label\" for=\"&lt;?php echo $entry['short_name'];?&gt;\"&gt;&lt;?php echo $entry['full_name'];?&gt; &lt;/label&gt;\n    &lt;?php endforeach; ?&gt;\n&lt;?php } ?&gt;\n</code></pre>\n\n<p>This is the javascript I have at the moment:</p>\n\n<pre><code>$(\".select-item\").click(function(e){\n    var item = $(this).data('item');\n    if(item==\"All\") {\n        console.log($('#items input:checkbox').length);\n        if(filterAllChecked()) {\n            console.log(\"in\");\n            $('#items input:checkbox').prop('checked',\"\");\n            filter = [];\n        } else {\n            $('#items input:checkbox').prop('checked', 'checked');\n            var items = $(\"#items input:checkbox:checked\").map(function(){\n                return $(this).val();\n            }).get();\n            filter = items;\n            console.log($('#items input:checkbox').filter(\":checked\").length);\n            }\n        } else {\n            var index = $.inArray(item,filter);\n            if(this.checked &amp;&amp; index === -1) {\n                filter.push(item);\n            } else {\n                filter.splice(index,1);\n            }\n        }\n    console.log(filter);\n});\n</code></pre>\n\n<p>This is the check to see if all items have been selected:</p>\n\n<pre><code>function filterAllChecked(){\n    var checkboxes = $(\"#items input:checkbox\");\n    return checkboxes.length === checkboxes.filter(\":checked\").length;\n}\n</code></pre>\n"
        },
        {
            "tags": [
                "r",
                "oracle11g"
            ],
            "owner": {
                "reputation": 7,
                "user_id": 7343044,
                "user_type": "registered",
                "accept_rate": 40,
                "profile_image": "https://lh6.googleusercontent.com/-1h3lbyC8HXk/AAAAAAAAAAI/AAAAAAAAACY/lBOqy7PDmzI/photo.jpg?sz=128",
                "display_name": "Aniruddhya Dutta",
                "link": "https://stackoverflow.com/users/7343044/aniruddhya-dutta"
            },
            "is_answered": false,
            "view_count": 9,
            "answer_count": 0,
            "score": 0,
            "last_activity_date": 1524160710,
            "creation_date": 1524151045,
            "last_edit_date": 1524160710,
            "question_id": 49924632,
            "body_markdown": "can someone please help me on this?\r\n\r\nI have installed Oracle R enterprise and Oracle 11g in my system. Now I want to connect to database from R distribution studio for oracle. I am using the following command. I created a user &quot;ruser1&quot; in oracle.\r\n\r\n    ore.connect(user = &quot;ruser1&quot;, sid = &quot;orcl&quot;, host = &quot;localhost&quot;,\r\n                password = &quot;ruser1&quot;, port = 1521 )\r\n\r\n    Error in .oci.GetQuery(conn, statement, data = data, prefetch = prefetch,  : \r\n    ORA-02289: sequence does not exist",
            "link": "https://stackoverflow.com/questions/49924632/not-able-to-connect-to-oracle-11g-database-installed-in-my-local-through-oracle",
            "title": "not able to connect to oracle 11g database installed in my local through Oracle R Enterprise",
            "body": "<p>can someone please help me on this?</p>\n\n<p>I have installed Oracle R enterprise and Oracle 11g in my system. Now I want to connect to database from R distribution studio for oracle. I am using the following command. I created a user \"ruser1\" in oracle.</p>\n\n<pre><code>ore.connect(user = \"ruser1\", sid = \"orcl\", host = \"localhost\",\n            password = \"ruser1\", port = 1521 )\n\nError in .oci.GetQuery(conn, statement, data = data, prefetch = prefetch,  : \nORA-02289: sequence does not exist\n</code></pre>\n"
        },
        {
            "tags": [
                "jquery",
                "css"
            ],
            "owner": {
                "reputation": 6,
                "user_id": 9541073,
                "user_type": "registered",
                "profile_image": "https://www.gravatar.com/avatar/334f6fb5fbba9aa5de51df23e0ea1572?s=128&d=identicon&r=PG&f=1",
                "display_name": "Vic",
                "link": "https://stackoverflow.com/users/9541073/vic"
            },
            "is_answered": false,
            "view_count": 22,
            "answer_count": 2,
            "score": 0,
            "last_activity_date": 1524160690,
            "creation_date": 1524160094,
            "last_edit_date": 1524160690,
            "question_id": 49927214,
            "body_markdown": "I have the follow markup:\r\n\r\n`&lt;button class=&quot;clickIt&quot; data-reference=&quot;abc&quot; style=&quot;display:inline&quot; type=&quot;button&quot;&gt;Content&lt;/button&gt;`\r\n\r\nHow can I use jQuery and the `.data()` method to selectively change the style based on element&#39;s data value?\r\n\r\nI tried the following and it does not work:\r\n\r\n    $( &#39;.clickIt&#39; ).click(function(){\r\n      $(this).data(&#39;reference&#39;,&#39;abc&#39;).css(&#39;display&#39;,&#39;none&#39;);\r\n    });\r\n\r\nI want to hide the button when clicked comparing `.data()` value.\r\n\r\nThanks.\r\n",
            "link": "https://stackoverflow.com/questions/49927214/how-to-change-an-element-style-in-jquery-using-data",
            "title": "How to change an element style in jQuery using .data()",
            "body": "<p>I have the follow markup:</p>\n\n<p><code>&lt;button class=\"clickIt\" data-reference=\"abc\" style=\"display:inline\" type=\"button\"&gt;Content&lt;/button&gt;</code></p>\n\n<p>How can I use jQuery and the <code>.data()</code> method to selectively change the style based on element's data value?</p>\n\n<p>I tried the following and it does not work:</p>\n\n<pre><code>$( '.clickIt' ).click(function(){\n  $(this).data('reference','abc').css('display','none');\n});\n</code></pre>\n\n<p>I want to hide the button when clicked comparing <code>.data()</code> value.</p>\n\n<p>Thanks.</p>\n"
        },
        {
            "tags": [
                "javascript",
                "php",
                "ajax",
                "function",
                "return"
            ],
            "owner": {
                "reputation": 1,
                "user_id": 9671291,
                "user_type": "registered",
                "profile_image": "https://i.stack.imgur.com/5YW2D.jpg?s=128&g=1",
                "display_name": "Benyamin Nedal",
                "link": "https://stackoverflow.com/users/9671291/benyamin-nedal"
            },
            "is_answered": false,
            "view_count": 29,
            "answer_count": 0,
            "score": -3,
            "last_activity_date": 1524160689,
            "creation_date": 1524160689,
            "question_id": 49927378,
            "body_markdown": "I just built up this Javascript function to send ajax requests and return responses. but it always returns undefined! Can anyone help me?\r\nthis is my function:\r\n\r\n    function sendPostRequest(destination, data = array()){\r\n      var xml = new XMLHttpRequest();\r\n      if(Object.keys(data).length){\r\n        var formData = new FormData();\r\n        for(var key in data){\r\n          formData.append(key, data[key]);\r\n        }\r\n        xml.onreadystatechange = function(){\r\n          if(xml.readyState === 4 &amp;&amp; xml.status === 200){\r\n            return xml.response;\r\n          }\r\n        }\r\n        xml.open(&#39;POST&#39;, destination);\r\n        xml.send(formData);\r\n      }\r\n    }\r\n\r\nand this is when I try to call it:\r\n\r\n    var res = sendPostRequest(&#39;ajax.php&#39;, {\r\n      &#39;test&#39;: &#39;value&#39;\r\n    });\r\n    console.log(res)\r\n\r\nand finally this is the php code:\r\n\r\n    if($_POST[&#39;test&#39;] === &#39;value&#39;){\r\n      echo &#39;Hello world!&#39;;\r\n    }\r\n\r\nThe problem is that my Javascript function always return `undefined`\r\n",
            "link": "https://stackoverflow.com/questions/49927378/why-return-in-my-function-doesnt-work-how-to-solve",
            "title": "Why return in my function doesn&#39;t work? how to solve",
            "body": "<p>I just built up this Javascript function to send ajax requests and return responses. but it always returns undefined! Can anyone help me?\nthis is my function:</p>\n\n<pre><code>function sendPostRequest(destination, data = array()){\n  var xml = new XMLHttpRequest();\n  if(Object.keys(data).length){\n    var formData = new FormData();\n    for(var key in data){\n      formData.append(key, data[key]);\n    }\n    xml.onreadystatechange = function(){\n      if(xml.readyState === 4 &amp;&amp; xml.status === 200){\n        return xml.response;\n      }\n    }\n    xml.open('POST', destination);\n    xml.send(formData);\n  }\n}\n</code></pre>\n\n<p>and this is when I try to call it:</p>\n\n<pre><code>var res = sendPostRequest('ajax.php', {\n  'test': 'value'\n});\nconsole.log(res)\n</code></pre>\n\n<p>and finally this is the php code:</p>\n\n<pre><code>if($_POST['test'] === 'value'){\n  echo 'Hello world!';\n}\n</code></pre>\n\n<p>The problem is that my Javascript function always return <code>undefined</code></p>\n"
        },
        {
            "tags": [
                "html",
                "css"
            ],
            "owner": {
                "reputation": 28,
                "user_id": 7601489,
                "user_type": "registered",
                "profile_image": "https://www.gravatar.com/avatar/3db1b7ecaff04d9ed19e1f27b79b23b6?s=128&d=identicon&r=PG&f=1",
                "display_name": "Andrew Zaw",
                "link": "https://stackoverflow.com/users/7601489/andrew-zaw"
            },
            "is_answered": false,
            "view_count": 33,
            "answer_count": 0,
            "score": 1,
            "last_activity_date": 1524160685,
            "creation_date": 1524160428,
            "last_edit_date": 1524160685,
            "question_id": 49927300,
            "body_markdown": "I have textarea blocks on the site I am working on and oftentimes the textareas will contain a lot of text. However, when I print them, they cut off the end of the text. \r\n\r\nHow can I make sure they fully print? I have tried to increase the height, width and overflow of the textareas by using this, with and without media print, and nothing seems to be increasing their size when I print them. \r\n\r\n    @media print { \r\n    textarea {\r\n    \theight: 500px; \r\n    \twidth: 100%;\r\n    \toverflow: visible!important;\r\n    }\r\n    }\r\n\r\nThey seem to be stuck in whatever size it has defaulted to. \r\n\r\nI cannot use JavaScript or PHP for the solution, I can only use CSS. \r\n\r\nI am okay with having extra blank space from fixed widths/heights, I just need to have all the content be printed. \r\n\r\nHere is a screenshot, you can see the scroll bar is printed as opposed to all the content.\r\n\r\n![image](https://i.imgur.com/zNsQCoL.png)",
            "link": "https://stackoverflow.com/questions/49927300/print-full-textarea-with-css-only",
            "title": "Print full textarea with CSS only",
            "body": "<p>I have textarea blocks on the site I am working on and oftentimes the textareas will contain a lot of text. However, when I print them, they cut off the end of the text. </p>\n\n<p>How can I make sure they fully print? I have tried to increase the height, width and overflow of the textareas by using this, with and without media print, and nothing seems to be increasing their size when I print them. </p>\n\n<pre><code>@media print { \ntextarea {\n    height: 500px; \n    width: 100%;\n    overflow: visible!important;\n}\n}\n</code></pre>\n\n<p>They seem to be stuck in whatever size it has defaulted to. </p>\n\n<p>I cannot use JavaScript or PHP for the solution, I can only use CSS. </p>\n\n<p>I am okay with having extra blank space from fixed widths/heights, I just need to have all the content be printed. </p>\n\n<p>Here is a screenshot, you can see the scroll bar is printed as opposed to all the content.</p>\n\n<p><img src=\"https://i.imgur.com/zNsQCoL.png\" alt=\"image\"></p>\n"
        },
        {
            "tags": [
                "snmp",
                "mib"
            ],
            "owner": {
                "reputation": 1,
                "user_id": 9656505,
                "user_type": "registered",
                "profile_image": "https://lh4.googleusercontent.com/-OLMtFuAcrZY/AAAAAAAAAAI/AAAAAAAACR4/BftVDziR-X8/photo.jpg?sz=128",
                "display_name": "ClontarfX",
                "link": "https://stackoverflow.com/users/9656505/clontarfx"
            },
            "is_answered": false,
            "view_count": 19,
            "answer_count": 1,
            "score": 0,
            "last_activity_date": 1524160682,
            "creation_date": 1523939214,
            "question_id": 49869930,
            "body_markdown": "I want to get the top &quot;OID&quot; for a given MIB. i.e;\r\n\r\nCISCO-SMI = 1.3.6.1.4.1.9\r\n\r\n**CISCO-PROCESS-MIB = 1.3.6.1.4.1.9.9.109**\r\n\r\nI can easily get this by googling, however I need to get this from a system, preferably with native SNMP commands. I can&#39;t walk a device. I can do an snmptranslate which will give me all OIDs for that MIB, but I only want the OID that identifies the MIB;\r\n\r\n`snmptranslate -Tso -m /usr/share/snmp/mibs/CISCO-PROCESS-MIB.txt`\r\n\r\n.1.3\r\n.iso.org\r\n\r\n...\r\n\r\n.1.3.6.1.4.1.9\r\n.iso.org.dod.internet.private.enterprises.cisco\r\n\r\n...\r\n\r\n**.1.3.6.1.4.1.9.9.109**\r\n.iso.org.dod.internet.private.enterprises.cisco.ciscoMgmt.ciscoProcessMIB\r\n\r\nSo I need to be able to say that CISCO-PROCESS-MIB = .1.3.6.1.4.1.9.9.109\r\n\r\nI&#39;ve done a fair bit of google-fu but not coming up with anything that gives me the above. Is it possible to do without an external mib browsing tool?",
            "link": "https://stackoverflow.com/questions/49869930/get-top-oid-for-given-mib",
            "title": "Get &quot;top&quot; OID for given MIB",
            "body": "<p>I want to get the top \"OID\" for a given MIB. i.e;</p>\n\n<p>CISCO-SMI = 1.3.6.1.4.1.9</p>\n\n<p><strong>CISCO-PROCESS-MIB = 1.3.6.1.4.1.9.9.109</strong></p>\n\n<p>I can easily get this by googling, however I need to get this from a system, preferably with native SNMP commands. I can't walk a device. I can do an snmptranslate which will give me all OIDs for that MIB, but I only want the OID that identifies the MIB;</p>\n\n<p><code>snmptranslate -Tso -m /usr/share/snmp/mibs/CISCO-PROCESS-MIB.txt</code></p>\n\n<p>.1.3\n.iso.org</p>\n\n<p>...</p>\n\n<p>.1.3.6.1.4.1.9\n.iso.org.dod.internet.private.enterprises.cisco</p>\n\n<p>...</p>\n\n<p><strong>.1.3.6.1.4.1.9.9.109</strong>\n.iso.org.dod.internet.private.enterprises.cisco.ciscoMgmt.ciscoProcessMIB</p>\n\n<p>So I need to be able to say that CISCO-PROCESS-MIB = .1.3.6.1.4.1.9.9.109</p>\n\n<p>I've done a fair bit of google-fu but not coming up with anything that gives me the above. Is it possible to do without an external mib browsing tool?</p>\n"
        },
        {
            "tags": [
                "linux",
                "bash",
                "shell"
            ],
            "owner": {
                "reputation": 8,
                "user_id": 7061684,
                "user_type": "registered",
                "profile_image": "https://graph.facebook.com/1254828791226064/picture?type=large",
                "display_name": "Andrea Ghezzi",
                "link": "https://stackoverflow.com/users/7061684/andrea-ghezzi"
            },
            "is_answered": false,
            "view_count": 15,
            "closed_date": 1524160840,
            "answer_count": 2,
            "score": 0,
            "last_activity_date": 1524160681,
            "creation_date": 1524160357,
            "question_id": 49927280,
            "body_markdown": "This is only a little piece of code... but the terminal give me an error &quot;syntax error near token not expected &quot;archive&quot; &quot;.\r\nThe functions in bash do not accept parameters like `function fun (hello) {`\r\n\r\n    function extractProcess (archive){\r\n      mv $archive $WORK_DIR\r\n      pathFile=${archive%/*} #Path input archive\r\n      nameFile=$(ls $WORK_DIR)\r\n      name=${archive%.*} #nameFile without exteension\r\n      case $nameFile in\r\n        *.tar.bz)   tar xjf &quot;$WORK_DIR/$nameFile&quot; -C $WORK_DIR          ;;\r\n        *.tar.bz2)  tar xjf &quot;$WORK_DIR/$nameFile&quot; -C $WORK_DIR          ;;\r\n        *.tar.gz)   tar xzf &quot;$WORK_DIR/$nameFile&quot; -C $WORK_DIR          ;;\r\n        *.bz)       bunzip2 &quot;$WORK_DIR/$nameFile&quot;      ;;\r\n        *.bz2)      bunzip2 &quot;$WORK_DIR/$nameFile&quot;      ;;\r\n        *.gz)       gunzip -Ndk &quot;$WORK_DIR/$nameFile&quot;       ;;\r\n        *.tar)      tar xf &quot;$WORK_DIR/$nameFile&quot; -C $WORK_DIR       ;;\r\n        *.tbz)      tar xjf &quot;$WORK_DIR/$nameFile&quot; -C $WORK_DIR      ;;\r\n        *.tbz2)     tar xjf &quot;$WORK_DIR/$nameFile&quot; -C $WORK_DIR      ;;\r\n        *.tgz)      tar xzf &quot;$WORK_DIR/$nameFile&quot; -C $WORK_DIR      ;;\r\n        *.zip)      unzip -qq &quot;$WORK_DIR/$nameFile&quot; -d $WORK_DIR        ;;\r\n      esac",
            "link": "https://stackoverflow.com/questions/49927280/error-in-the-function-can-i-pass-input-parameters-in-a-function",
            "closed_reason": "duplicate",
            "title": "Error in the function ...can I pass input parameters in a function?",
            "body": "<p>This is only a little piece of code... but the terminal give me an error \"syntax error near token not expected \"archive\" \".\nThe functions in bash do not accept parameters like <code>function fun (hello) {</code></p>\n\n<pre><code>function extractProcess (archive){\n  mv $archive $WORK_DIR\n  pathFile=${archive%/*} #Path input archive\n  nameFile=$(ls $WORK_DIR)\n  name=${archive%.*} #nameFile without exteension\n  case $nameFile in\n    *.tar.bz)   tar xjf \"$WORK_DIR/$nameFile\" -C $WORK_DIR          ;;\n    *.tar.bz2)  tar xjf \"$WORK_DIR/$nameFile\" -C $WORK_DIR          ;;\n    *.tar.gz)   tar xzf \"$WORK_DIR/$nameFile\" -C $WORK_DIR          ;;\n    *.bz)       bunzip2 \"$WORK_DIR/$nameFile\"      ;;\n    *.bz2)      bunzip2 \"$WORK_DIR/$nameFile\"      ;;\n    *.gz)       gunzip -Ndk \"$WORK_DIR/$nameFile\"       ;;\n    *.tar)      tar xf \"$WORK_DIR/$nameFile\" -C $WORK_DIR       ;;\n    *.tbz)      tar xjf \"$WORK_DIR/$nameFile\" -C $WORK_DIR      ;;\n    *.tbz2)     tar xjf \"$WORK_DIR/$nameFile\" -C $WORK_DIR      ;;\n    *.tgz)      tar xzf \"$WORK_DIR/$nameFile\" -C $WORK_DIR      ;;\n    *.zip)      unzip -qq \"$WORK_DIR/$nameFile\" -d $WORK_DIR        ;;\n  esac\n</code></pre>\n"
        },
        {
            "tags": [
                "php",
                "mysql",
                "select",
                "sql-update",
                "concat"
            ],
            "owner": {
                "reputation": 11,
                "user_id": 9671144,
                "user_type": "registered",
                "profile_image": "https://www.gravatar.com/avatar/4ed566bf1a881a69593e12cf66e0701e?s=128&d=identicon&r=PG&f=1",
                "display_name": "Adam Nickens",
                "link": "https://stackoverflow.com/users/9671144/adam-nickens"
            },
            "is_answered": true,
            "view_count": 46,
            "answer_count": 1,
            "score": 2,
            "last_activity_date": 1524160675,
            "creation_date": 1524159633,
            "last_edit_date": 1524159973,
            "question_id": 49927095,
            "body_markdown": "I have multiple select option box which changing &quot;about_demographics&quot; in MySQL.\r\n\r\n**Example:**\r\n\r\nIn `about_demographics` I have values: `g01,g02,g03,`\r\n\r\nAnd if I try to update these values by select box and I selected `g02,g03,g05,` and deselected `g01,` then value is `g01,g02,g03,g02,g03,g05,`\r\n\r\n**What I expect:**\r\n\r\nIn `about_demographics` I have values: `g01,g02,g03,`\r\n\r\nAnd if I try to update these values by select box and I selected `g02,g03,g05,` and deselected `g01,` then value is `g02,g03,g05,`\r\n\r\n\r\n    &lt;select name=&quot;work[]&quot; multiple&gt;\r\n      &lt;option value=&quot;g01&quot;&gt;1&lt;/option&gt;\r\n      &lt;option value=&quot;g02&quot;&gt;2&lt;/option&gt;\r\n      &lt;option value=&quot;g03&quot;&gt;3&lt;/option&gt;\r\n      &lt;option value=&quot;g04&quot;&gt;4&lt;/option&gt;\r\n      &lt;option value=&quot;g05&quot;&gt;5&lt;/option&gt;\r\n    &lt;/select&gt;\r\n\r\n    &lt;?php\r\n      $work_array = array(&#39;g01&#39;, &#39;g02&#39;, &#39;g03&#39;, &#39;g04&#39;, &#39;g05&#39;);\r\n      foreach ($work_array as $a_work) {\r\n        if (in_array($a_work, $_POST[&#39;work&#39;])) {\r\n          $first_part_all.=$a_work.&quot;,&quot;;\r\n        }\r\n      }\r\n\r\n      $db-&gt;Query(&quot;UPDATE user_about SET about_demographics = CONCAT(about_demographics, \r\n      &#39;$first_part_all&#39;) WHERE id = &#39;&quot;.$data[&#39;id&#39;].&quot;&#39;&quot;);\r\n    ?&gt;",
            "link": "https://stackoverflow.com/questions/49927095/update-values-without-deleting-others-and-remove-existing-ones-in-column-php-con",
            "title": "Update values without deleting others and remove existing ones in column PHP CONCAT",
            "body": "<p>I have multiple select option box which changing \"about_demographics\" in MySQL.</p>\n\n<p><strong>Example:</strong></p>\n\n<p>In <code>about_demographics</code> I have values: <code>g01,g02,g03,</code></p>\n\n<p>And if I try to update these values by select box and I selected <code>g02,g03,g05,</code> and deselected <code>g01,</code> then value is <code>g01,g02,g03,g02,g03,g05,</code></p>\n\n<p><strong>What I expect:</strong></p>\n\n<p>In <code>about_demographics</code> I have values: <code>g01,g02,g03,</code></p>\n\n<p>And if I try to update these values by select box and I selected <code>g02,g03,g05,</code> and deselected <code>g01,</code> then value is <code>g02,g03,g05,</code></p>\n\n<pre><code>&lt;select name=\"work[]\" multiple&gt;\n  &lt;option value=\"g01\"&gt;1&lt;/option&gt;\n  &lt;option value=\"g02\"&gt;2&lt;/option&gt;\n  &lt;option value=\"g03\"&gt;3&lt;/option&gt;\n  &lt;option value=\"g04\"&gt;4&lt;/option&gt;\n  &lt;option value=\"g05\"&gt;5&lt;/option&gt;\n&lt;/select&gt;\n\n&lt;?php\n  $work_array = array('g01', 'g02', 'g03', 'g04', 'g05');\n  foreach ($work_array as $a_work) {\n    if (in_array($a_work, $_POST['work'])) {\n      $first_part_all.=$a_work.\",\";\n    }\n  }\n\n  $db-&gt;Query(\"UPDATE user_about SET about_demographics = CONCAT(about_demographics, \n  '$first_part_all') WHERE id = '\".$data['id'].\"'\");\n?&gt;\n</code></pre>\n"
        },
        {
            "tags": [
                "jasmine",
                "phantomjs",
                "electron",
                "nightmare",
                "codeceptjs"
            ],
            "owner": {
                "reputation": 427,
                "user_id": 153940,
                "user_type": "registered",
                "accept_rate": 58,
                "profile_image": "https://www.gravatar.com/avatar/c2a1dc36d8dc6b1ca7f9db01cde8a6f0?s=128&d=identicon&r=PG",
                "display_name": "Kumar Manish",
                "link": "https://stackoverflow.com/users/153940/kumar-manish"
            },
            "is_answered": false,
            "view_count": 19,
            "answer_count": 0,
            "score": -2,
            "last_activity_date": 1524160672,
            "creation_date": 1524159895,
            "last_edit_date": 1524160672,
            "question_id": 49927173,
            "body_markdown": "I am trying to understand the technical difference between the multiple tools available for testing javascript web applications. You have codeceptjs which is just a wrapper, which needs a framework like nightmarejs/selenium. Now is nightmare a framework? If yes, what is electronjs? And how does it differ from phantomjs? Which one is just a headless browser? Both electron and phantomjs ? And where do jasmine/mocha fit in? Are jasmine/mocha comparable to codeceptjs? I am lost about exact technical terminology to use for each of these and what exactly is each one of them and where do they fit in? Help!",
            "link": "https://stackoverflow.com/questions/49927173/difference-between-nightmare-codeceptjs-electronjs-phantomjs-jasmine-mocha",
            "title": "Difference between nightmare, codeceptjs, electronjs, phantomjs, jasmine/mocha",
            "body": "<p>I am trying to understand the technical difference between the multiple tools available for testing javascript web applications. You have codeceptjs which is just a wrapper, which needs a framework like nightmarejs/selenium. Now is nightmare a framework? If yes, what is electronjs? And how does it differ from phantomjs? Which one is just a headless browser? Both electron and phantomjs ? And where do jasmine/mocha fit in? Are jasmine/mocha comparable to codeceptjs? I am lost about exact technical terminology to use for each of these and what exactly is each one of them and where do they fit in? Help!</p>\n"
        },
        {
            "tags": [
                "c++",
                "linked-list"
            ],
            "owner": {
                "reputation": 3,
                "user_id": 9670976,
                "user_type": "registered",
                "profile_image": "https://www.gravatar.com/avatar/37cb6805069ec13fd0075dc2e9f76c89?s=128&d=identicon&r=PG&f=1",
                "display_name": "LIStudent1234",
                "link": "https://stackoverflow.com/users/9670976/listudent1234"
            },
            "is_answered": true,
            "view_count": 46,
            "accepted_answer_id": 49927273,
            "answer_count": 3,
            "score": -1,
            "last_activity_date": 1524160668,
            "creation_date": 1524156285,
            "last_edit_date": 1524156824,
            "question_id": 49926219,
            "body_markdown": "I have to write a C++ program that uses three data structures (one of them being linked lists). The program will ultimately have to read in data from a CSV, allow the user to add info to the CSV and allow people to search for data in the CSV. \r\n\r\nI am trying to create a Patient Class that will take data in the CSV file, store each row of data into a Patient object and then link those objects via a linked list. \r\n\r\nEverything seemed to be coming together fine, but when I build I get the following error messages:\r\n\r\nBuild started: Project: Project25, Configuration: Debug Win32 ------\r\n1&gt;  PatientTest.cpp\r\n1&gt;c:\\users\\user\\documents\\visual studio 2013\\projects\\project25\\project25\\patienttest.cpp(75): error C2955: &#39;PatientType&#39; : use of class template requires template argument list\r\n\r\n1&gt;          c:\\users\\user\\documents\\visual studio 2013\\projects\\project25\\project25\\patienttest.cpp(17) : see declaration of &#39;PatientType&#39;\r\n\r\n1&gt;c:\\users\\user\\documents\\visual studio 2013\\projects\\project25\\project25\\patienttest.cpp(75): error C2133: &#39;plist&#39; : unknown size\r\n\r\n1&gt;c:\\users\\user\\documents\\visual studio 2013\\projects\\project25\\project25\\patienttest.cpp(75): error C2512: &#39;PatientType&#39; : no appropriate default constructor available\r\n\r\n========== Build: 0 succeeded, 1 failed, 0 up-to-date, 0 skipped ==========\r\n\r\nHere is the code I have so far:\r\n\r\n    #include &lt;iostream&gt;\r\n    #include&lt;iostream&gt;\r\n    #include&lt;string&gt;\r\n    #include&lt;fstream&gt;\r\n    #include &lt;cassert&gt; \r\n\r\n    using namespace std;\r\n    \r\n    template &lt;class Type&gt;\r\n    struct Node\r\n    {\r\n    \tType info;\r\n    \tNode&lt;Type&gt; *next;\r\n    };\r\n    \r\n    template &lt;class Type&gt;\r\n    class PatientType\r\n    {\r\n    public:\r\n    \t//Constructors\r\n    \tPatientType();\r\n    \tPatientType(string patientSSN, string patientFName, string patientLName, string patientEmail, string patientNumber);\r\n    \r\n    \t//Accessors\r\n    \tstring getPSSN();\r\n    \tstring getPFName();\r\n    \tstring getPLName();\r\n    \tstring getPEmail();\r\n    \tstring getPNumber();\r\n    \r\n    \t//Mutators\r\n    \tvoid setPSSN(string newPSSN);\r\n    \tvoid setPFName(string newPFName);\r\n    \tvoid setPLName(string newPLName);\r\n    \tvoid setPEmail(string newPEmail);\r\n    \tvoid setPNumber(string newPNumber);\r\n    \r\n    \tvoid print();\r\n    \r\n    \tvoid loadList(Node&lt;Type&gt;);\r\n    \r\n    private:\r\n    \tint length;\r\n    \tNode&lt;Type&gt;* head;\r\n    \r\n    \tstring pSSN;\r\n    \tstring pFName;\r\n    \tstring pLName;\r\n    \tstring pEmail;\r\n    \tstring pNumber;\r\n    };\r\n    \r\n    template &lt;class Type&gt;\r\n    PatientType&lt;Type&gt;::PatientType()\r\n    {\r\n    \tpSSN = &quot;SSN&quot;;\r\n    \tpFName = &quot;First Name&quot;;\r\n    \tpLName = &quot;Last Name&quot;;\r\n    \tpEmail = &quot;Email&quot;;\r\n    \tpNumber = &quot;Phone Number&quot;;\r\n    }\r\n    template &lt;class Type&gt;\r\n    PatientType&lt;Type&gt;::PatientType(string patientSSN, string patientFName, string patientLName, string patientEmail, string patientNumber)\r\n    {\r\n    \tpSSN = patientSSN;\r\n    \tpFName = patientFName;\r\n    \tpLName = patientLName;\r\n    \tpEmail = patientEmail;\r\n    \tpNumber = patientNumber;\r\n    }\r\n    \r\n    \r\n    int main()\r\n    {\r\n    \t\r\n    \tPatientType plist;\r\n    \r\n    \tsystem(&quot;pause&quot;);\r\n    \treturn 0;\r\n    }\r\n\r\n**Update - I tried doing `PatientType&lt;PatientType&gt; pList;`\r\nGot the following error:\r\n&#39;PatientType&#39; : unspecialized class template can&#39;t be used as a template argument for template parameter &#39;Type&#39;, expected a real type",
            "link": "https://stackoverflow.com/questions/49926219/c-templates-linked-lists-and-classes",
            "title": "C++ - Templates, Linked Lists and Classes",
            "body": "<p>I have to write a C++ program that uses three data structures (one of them being linked lists). The program will ultimately have to read in data from a CSV, allow the user to add info to the CSV and allow people to search for data in the CSV. </p>\n\n<p>I am trying to create a Patient Class that will take data in the CSV file, store each row of data into a Patient object and then link those objects via a linked list. </p>\n\n<p>Everything seemed to be coming together fine, but when I build I get the following error messages:</p>\n\n<p>Build started: Project: Project25, Configuration: Debug Win32 ------\n1>  PatientTest.cpp\n1>c:\\users\\user\\documents\\visual studio 2013\\projects\\project25\\project25\\patienttest.cpp(75): error C2955: 'PatientType' : use of class template requires template argument list</p>\n\n<p>1>          c:\\users\\user\\documents\\visual studio 2013\\projects\\project25\\project25\\patienttest.cpp(17) : see declaration of 'PatientType'</p>\n\n<p>1>c:\\users\\user\\documents\\visual studio 2013\\projects\\project25\\project25\\patienttest.cpp(75): error C2133: 'plist' : unknown size</p>\n\n<p>1>c:\\users\\user\\documents\\visual studio 2013\\projects\\project25\\project25\\patienttest.cpp(75): error C2512: 'PatientType' : no appropriate default constructor available</p>\n\n<p>========== Build: 0 succeeded, 1 failed, 0 up-to-date, 0 skipped ==========</p>\n\n<p>Here is the code I have so far:</p>\n\n<pre><code>#include &lt;iostream&gt;\n#include&lt;iostream&gt;\n#include&lt;string&gt;\n#include&lt;fstream&gt;\n#include &lt;cassert&gt; \n\nusing namespace std;\n\ntemplate &lt;class Type&gt;\nstruct Node\n{\n    Type info;\n    Node&lt;Type&gt; *next;\n};\n\ntemplate &lt;class Type&gt;\nclass PatientType\n{\npublic:\n    //Constructors\n    PatientType();\n    PatientType(string patientSSN, string patientFName, string patientLName, string patientEmail, string patientNumber);\n\n    //Accessors\n    string getPSSN();\n    string getPFName();\n    string getPLName();\n    string getPEmail();\n    string getPNumber();\n\n    //Mutators\n    void setPSSN(string newPSSN);\n    void setPFName(string newPFName);\n    void setPLName(string newPLName);\n    void setPEmail(string newPEmail);\n    void setPNumber(string newPNumber);\n\n    void print();\n\n    void loadList(Node&lt;Type&gt;);\n\nprivate:\n    int length;\n    Node&lt;Type&gt;* head;\n\n    string pSSN;\n    string pFName;\n    string pLName;\n    string pEmail;\n    string pNumber;\n};\n\ntemplate &lt;class Type&gt;\nPatientType&lt;Type&gt;::PatientType()\n{\n    pSSN = \"SSN\";\n    pFName = \"First Name\";\n    pLName = \"Last Name\";\n    pEmail = \"Email\";\n    pNumber = \"Phone Number\";\n}\ntemplate &lt;class Type&gt;\nPatientType&lt;Type&gt;::PatientType(string patientSSN, string patientFName, string patientLName, string patientEmail, string patientNumber)\n{\n    pSSN = patientSSN;\n    pFName = patientFName;\n    pLName = patientLName;\n    pEmail = patientEmail;\n    pNumber = patientNumber;\n}\n\n\nint main()\n{\n\n    PatientType plist;\n\n    system(\"pause\");\n    return 0;\n}\n</code></pre>\n\n<p>**Update - I tried doing <code>PatientType&lt;PatientType&gt; pList;</code>\nGot the following error:\n'PatientType' : unspecialized class template can't be used as a template argument for template parameter 'Type', expected a real type</p>\n"
        },
        {
            "tags": [
                "ruby-on-rails",
                "axlsx"
            ],
            "owner": {
                "reputation": 66,
                "user_id": 6227057,
                "user_type": "registered",
                "accept_rate": 86,
                "profile_image": "https://www.gravatar.com/avatar/1e899d21cb72710b518e844a244e410a?s=128&d=identicon&r=PG",
                "display_name": "Ernesto G",
                "link": "https://stackoverflow.com/users/6227057/ernesto-g"
            },
            "is_answered": false,
            "view_count": 30,
            "answer_count": 1,
            "score": 0,
            "last_activity_date": 1524160667,
            "creation_date": 1524126080,
            "last_edit_date": 1524160667,
            "question_id": 49916127,
            "body_markdown": "I&#39;m having problems generating an excel report using the axlsx-rails gem since I&#39;m getting `Completed 406 Not Acceptable ActionController::UnknownFormat - ActionController::UnknownFormat` all the time. \r\n\r\nI have a form in the index view with two buttons, one of them submits a search requestshowing the search result as a html table and the other one should allow the user to generate an excel report with the result of the search.\r\n\r\nI&#39;m using `rails 5.1.6`:\r\n\r\n    gem &#39;rubyzip&#39;, &#39;&gt;= 1.2.1&#39;\r\n    gem &#39;axlsx&#39;, git: &#39;https://github.com/randym/axlsx.git&#39;, ref: &#39;c8ac844&#39;\r\n    gem &#39;axlsx_rails&#39;\r\n\r\nIn the controller:\r\n\r\n`orders_controller.rb`\r\n\r\n    def index\r\n      orders = request.query_string.present? ? Order.search(params, \r\n      current_user) : Order.pendientes\r\n      \r\n     if params[:button] == &#39;report&#39;\r\n       @orders = orders\r\n       respond_to do |format| \r\n         format.xlsx\r\n         response.headers[&#39;Content-Disposition&#39;] = &#39;attachment; \r\n         filename=&quot;Informe_Pedidos.xlsx&quot;&#39;\r\n       end\r\n     else\r\n      @orders = orders.order(&quot;#{sort_column} #{sort_direction}&quot;).page(params[:page]).per(params[:paginas])\r\n     end\r\n    end\r\nI have also added this to the mime_types initializer:\r\n\r\n`Mime::Type.register &quot;application/xlsx&quot;, :xlsx`\r\n\r\nAnd I finally have this template:\r\n`orders/views/index.xlsx.axlsx`\r\n\r\nEDIT:\r\n\r\nThe submit buttoin logic in the view:\r\n\r\n    &lt;%=button_tag type: &#39;submit&#39;, value: &#39;report&#39;, class: &#39;btn btn-outline-  danger&#39; do %&gt;\r\n      &lt;i class=&quot;fa fa-download&quot; aria-hidden=&quot;true&quot;&gt;&lt;/i&gt;\r\n    &lt;%end%&gt;\r\n\r\nThis is the full request and error message:\r\n\r\n    Started GET &quot;/orders?utf8=%E2%9C%93&amp;f_fin=2018-04-19&amp;f_inicio=&amp;      pendientes=true&amp;favoritos=true&amp;planta=&amp;paginas=&amp;bu                    tton=report&amp;pedido=&amp;sap_cod=&amp;descripcion=&amp;ref=&amp;ot=&amp;desc_ot=&amp;ubicacion=&quot; for  10.0.2.2 at 2018-04-19 17:37:04 +0000\r\n    Processing by OrdersController#index as HTML\r\n    Parameters: {&quot;utf8&quot;=&gt;&quot;â&quot;, &quot;f_fin&quot;=&gt;&quot;2018-04-19&quot;, &quot;f_inicio&quot;=&gt;&quot;&quot;,  &quot;pendientes&quot;=&gt;&quot;true&quot;, &quot;favoritos&quot;=&gt;&quot;true&quot;, &quot;pl                   anta&quot;=&gt;&quot;&quot;,    &quot;paginas&quot;=&gt;&quot;&quot;, &quot;button&quot;=&gt;&quot;report&quot;, &quot;pedido&quot;=&gt;&quot;&quot;, &quot;sap_cod&quot;=&gt;&quot;&quot;,   &quot;descripcion&quot;=&gt;&quot;&quot;, &quot;ref&quot;=&gt;&quot;&quot;, &quot;ot&quot;=&gt;&quot;&quot;                   , &quot;desc_ot&quot;=&gt;&quot;&quot;,   &quot;ubicacion&quot;=&gt;&quot;&quot;}\r\n     User Load (0.1ms)  SELECT  &quot;users&quot;.* FROM &quot;users&quot; WHERE &quot;users&quot;.&quot;id&quot; =  $1 ORDER BY &quot;users&quot;.&quot;id&quot; ASC LIMIT $2  [                   [&quot;id&quot;, 1],    [&quot;LIMIT&quot;, 1]]\r\n     Completed 406 Not Acceptable in 3ms (ActiveRecord: 0.1ms)\r\n\r\n\r\n",
            "link": "https://stackoverflow.com/questions/49916127/rails-axlsx-rails-actioncontrollerunknownformat",
            "title": "Rails axlsx-rails: ActionController::UnknownFormat",
            "body": "<p>I'm having problems generating an excel report using the axlsx-rails gem since I'm getting <code>Completed 406 Not Acceptable ActionController::UnknownFormat - ActionController::UnknownFormat</code> all the time. </p>\n\n<p>I have a form in the index view with two buttons, one of them submits a search requestshowing the search result as a html table and the other one should allow the user to generate an excel report with the result of the search.</p>\n\n<p>I'm using <code>rails 5.1.6</code>:</p>\n\n<pre><code>gem 'rubyzip', '&gt;= 1.2.1'\ngem 'axlsx', git: 'https://github.com/randym/axlsx.git', ref: 'c8ac844'\ngem 'axlsx_rails'\n</code></pre>\n\n<p>In the controller:</p>\n\n<p><code>orders_controller.rb</code></p>\n\n<pre><code>def index\n  orders = request.query_string.present? ? Order.search(params, \n  current_user) : Order.pendientes\n\n if params[:button] == 'report'\n   @orders = orders\n   respond_to do |format| \n     format.xlsx\n     response.headers['Content-Disposition'] = 'attachment; \n     filename=\"Informe_Pedidos.xlsx\"'\n   end\n else\n  @orders = orders.order(\"#{sort_column} #{sort_direction}\").page(params[:page]).per(params[:paginas])\n end\nend\n</code></pre>\n\n<p>I have also added this to the mime_types initializer:</p>\n\n<p><code>Mime::Type.register \"application/xlsx\", :xlsx</code></p>\n\n<p>And I finally have this template:\n<code>orders/views/index.xlsx.axlsx</code></p>\n\n<p>EDIT:</p>\n\n<p>The submit buttoin logic in the view:</p>\n\n<pre><code>&lt;%=button_tag type: 'submit', value: 'report', class: 'btn btn-outline-  danger' do %&gt;\n  &lt;i class=\"fa fa-download\" aria-hidden=\"true\"&gt;&lt;/i&gt;\n&lt;%end%&gt;\n</code></pre>\n\n<p>This is the full request and error message:</p>\n\n<pre><code>Started GET \"/orders?utf8=%E2%9C%93&amp;f_fin=2018-04-19&amp;f_inicio=&amp;      pendientes=true&amp;favoritos=true&amp;planta=&amp;paginas=&amp;bu                    tton=report&amp;pedido=&amp;sap_cod=&amp;descripcion=&amp;ref=&amp;ot=&amp;desc_ot=&amp;ubicacion=\" for  10.0.2.2 at 2018-04-19 17:37:04 +0000\nProcessing by OrdersController#index as HTML\nParameters: {\"utf8\"=&gt;\"â\", \"f_fin\"=&gt;\"2018-04-19\", \"f_inicio\"=&gt;\"\",  \"pendientes\"=&gt;\"true\", \"favoritos\"=&gt;\"true\", \"pl                   anta\"=&gt;\"\",    \"paginas\"=&gt;\"\", \"button\"=&gt;\"report\", \"pedido\"=&gt;\"\", \"sap_cod\"=&gt;\"\",   \"descripcion\"=&gt;\"\", \"ref\"=&gt;\"\", \"ot\"=&gt;\"\"                   , \"desc_ot\"=&gt;\"\",   \"ubicacion\"=&gt;\"\"}\n User Load (0.1ms)  SELECT  \"users\".* FROM \"users\" WHERE \"users\".\"id\" =  $1 ORDER BY \"users\".\"id\" ASC LIMIT $2  [                   [\"id\", 1],    [\"LIMIT\", 1]]\n Completed 406 Not Acceptable in 3ms (ActiveRecord: 0.1ms)\n</code></pre>\n"
        },
        {
            "tags": [
                "html",
                "css",
                "html5"
            ],
            "owner": {
                "reputation": 20,
                "user_id": 9576915,
                "user_type": "registered",
                "profile_image": "https://www.gravatar.com/avatar/33ef74b811dca6676c095b660c050eb7?s=128&d=identicon&r=PG&f=1",
                "display_name": "jsilva",
                "link": "https://stackoverflow.com/users/9576915/jsilva"
            },
            "is_answered": true,
            "view_count": 25,
            "answer_count": 2,
            "score": 1,
            "last_activity_date": 1524160665,
            "creation_date": 1524158618,
            "last_edit_date": 1524158832,
            "question_id": 49926833,
            "body_markdown": "I am trying to make something like this.\r\n[![enter image description here][1]][1]\r\n\r\n\r\n  [1]: https://i.stack.imgur.com/Kw0h8.png\r\n\r\nI am experimenting adding rows and columns but kind of stuck. Creating the table is where I&#39;m stuck. I know how to add in the info the table requires if I could just make the table. Any help would be appreciated.\r\n\r\n\r\nSo far I have this:\r\n\r\n&lt;!-- begin snippet: js hide: false console: true babel: false --&gt;\r\n\r\n&lt;!-- language: lang-html --&gt;\r\n\r\n    &lt;!DOCTYPE html&gt;\r\n    &lt;html&gt;\r\n    &lt;head&gt;\r\n      &lt;title&gt;&lt;/title&gt;\r\n    &lt;/head&gt;\r\n    &lt;body&gt;\r\n      &lt;table border=&quot;5&quot;&gt;\r\n        &lt;tr&gt;\r\n          &lt;th&gt;Month&lt;/th&gt;\r\n        &lt;/tr&gt;\r\n        &lt;tr&gt;\r\n          &lt;td&gt;January&lt;/td&gt;\r\n          &lt;td&gt;$100&lt;/td&gt;\r\n          &lt;td&gt; 200&lt;/td&gt;\r\n        &lt;/tr&gt;\r\n        &lt;tr&gt;\r\n          &lt;tr&gt;\r\n            &lt;td height=&quot;100&quot;&gt; Row 1&lt;/td&gt;\r\n          &lt;/tr&gt;\r\n          &lt;tr&gt;\r\n            &lt;td height=&quot;100&quot;&gt; Row 2 &lt;/td&gt;\r\n          &lt;/tr&gt;\r\n          &lt;tr&gt;\r\n            &lt;td height=&quot;100&quot;&gt; Row 3 &lt;/td&gt;\r\n          &lt;/tr&gt;\r\n        &lt;/tr&gt;\r\n      &lt;/table&gt;\r\n      &lt;p&gt;&lt;a href=&quot;index.html&quot;&gt; Link back to Home Page!&lt;/a&gt;&lt;/p&gt;\r\n    &lt;/body&gt;\r\n    &lt;/html&gt;\r\n\r\n&lt;!-- end snippet --&gt;\r\n\r\n",
            "link": "https://stackoverflow.com/questions/49926833/creating-html-border-with-multiple-rows-and-columns",
            "title": "Creating Html Border with multiple rows and columns",
            "body": "<p>I am trying to make something like this.\n<a href=\"https://i.stack.imgur.com/Kw0h8.png\" rel=\"nofollow noreferrer\"><img src=\"https://i.stack.imgur.com/Kw0h8.png\" alt=\"enter image description here\"></a></p>\n\n<p>I am experimenting adding rows and columns but kind of stuck. Creating the table is where I'm stuck. I know how to add in the info the table requires if I could just make the table. Any help would be appreciated.</p>\n\n<p>So far I have this:</p>\n\n<p><div class=\"snippet\" data-lang=\"js\" data-hide=\"false\" data-console=\"true\" data-babel=\"false\">\r\n<div class=\"snippet-code\">\r\n<pre class=\"snippet-code-html lang-html prettyprint-override\"><code>&lt;!DOCTYPE html&gt;\r\n&lt;html&gt;\r\n&lt;head&gt;\r\n  &lt;title&gt;&lt;/title&gt;\r\n&lt;/head&gt;\r\n&lt;body&gt;\r\n  &lt;table border=\"5\"&gt;\r\n    &lt;tr&gt;\r\n      &lt;th&gt;Month&lt;/th&gt;\r\n    &lt;/tr&gt;\r\n    &lt;tr&gt;\r\n      &lt;td&gt;January&lt;/td&gt;\r\n      &lt;td&gt;$100&lt;/td&gt;\r\n      &lt;td&gt; 200&lt;/td&gt;\r\n    &lt;/tr&gt;\r\n    &lt;tr&gt;\r\n      &lt;tr&gt;\r\n        &lt;td height=\"100\"&gt; Row 1&lt;/td&gt;\r\n      &lt;/tr&gt;\r\n      &lt;tr&gt;\r\n        &lt;td height=\"100\"&gt; Row 2 &lt;/td&gt;\r\n      &lt;/tr&gt;\r\n      &lt;tr&gt;\r\n        &lt;td height=\"100\"&gt; Row 3 &lt;/td&gt;\r\n      &lt;/tr&gt;\r\n    &lt;/tr&gt;\r\n  &lt;/table&gt;\r\n  &lt;p&gt;&lt;a href=\"index.html\"&gt; Link back to Home Page!&lt;/a&gt;&lt;/p&gt;\r\n&lt;/body&gt;\r\n&lt;/html&gt;</code></pre>\r\n</div>\r\n</div>\r\n</p>\n"
        },
        {
            "tags": [
                "facebook-graph-api",
                "facebook-ads-api",
                "facebook-marketing-api"
            ],
            "owner": {
                "reputation": 812,
                "user_id": 2864735,
                "user_type": "registered",
                "accept_rate": 38,
                "profile_image": "https://i.stack.imgur.com/RygVF.jpg?s=128&g=1",
                "display_name": "Stevie Star",
                "link": "https://stackoverflow.com/users/2864735/stevie-star"
            },
            "is_answered": false,
            "view_count": 5,
            "answer_count": 0,
            "score": 0,
            "last_activity_date": 1524160659,
            "creation_date": 1524160659,
            "question_id": 49927370,
            "body_markdown": "I have an Angular 5 app where I need to grab some data from my ad accounts via a Business Manager account that I have been made an admin of. I&#39;m having trouble figuring out which API documentation I need to follow and which endpoints to call.\r\n\r\nI&#39;m just trying to figure out how to get data from the Graph API Explorer that Facebook provides and when I try something like this:\r\n\r\n`/v2.12/&lt;business-account-id&gt;/adaccounts` I get an error:\r\n\r\n    {\r\n      &quot;error&quot;: {\r\n        &quot;message&quot;: &quot;(#12) adaccounts field is deprecated for versions v2.11 and higher&quot;,\r\n        &quot;type&quot;: &quot;OAuthException&quot;,\r\n        &quot;code&quot;: 12,\r\n        &quot;fbtrace_id&quot;: &quot;AV2JHORP+bN&quot;\r\n      }\r\n    }\r\n\r\nI have all the correct permissions set with my access token, though I&#39;m not sure what to call to get that data. There are a lot of different API docs and I&#39;m not sure which ones to follow.\r\n\r\nHas anyone run into this as well?",
            "link": "https://stackoverflow.com/questions/49927370/facebook-ads-api-via-javascript-sdk-how-to-get-ad-accounts-campaigns-for-busi",
            "title": "Facebook Ads API via Javascript SDK - How to get ad accounts &amp;campaigns for business manager account",
            "body": "<p>I have an Angular 5 app where I need to grab some data from my ad accounts via a Business Manager account that I have been made an admin of. I'm having trouble figuring out which API documentation I need to follow and which endpoints to call.</p>\n\n<p>I'm just trying to figure out how to get data from the Graph API Explorer that Facebook provides and when I try something like this:</p>\n\n<p><code>/v2.12/&lt;business-account-id&gt;/adaccounts</code> I get an error:</p>\n\n<pre><code>{\n  \"error\": {\n    \"message\": \"(#12) adaccounts field is deprecated for versions v2.11 and higher\",\n    \"type\": \"OAuthException\",\n    \"code\": 12,\n    \"fbtrace_id\": \"AV2JHORP+bN\"\n  }\n}\n</code></pre>\n\n<p>I have all the correct permissions set with my access token, though I'm not sure what to call to get that data. There are a lot of different API docs and I'm not sure which ones to follow.</p>\n\n<p>Has anyone run into this as well?</p>\n"
        },
        {
            "tags": [
                "r",
                "dplyr"
            ],
            "owner": {
                "reputation": 8,
                "user_id": 9636065,
                "user_type": "registered",
                "profile_image": "https://i.stack.imgur.com/TOhUI.jpg?s=128&g=1",
                "display_name": "Luke Steer",
                "link": "https://stackoverflow.com/users/9636065/luke-steer"
            },
            "is_answered": true,
            "view_count": 19,
            "answer_count": 1,
            "score": 0,
            "last_activity_date": 1524160652,
            "creation_date": 1524160443,
            "question_id": 49927304,
            "body_markdown": "I have a column of names, of the format &quot;FIRST.LAST&quot;, that I&#39;m trying to separate into two new columns. \r\n\r\n    my_df &lt;- my_df %&gt;% separate(name, c(&quot;first_name&quot;, &quot;last_name&quot;), sep = &#39;.&#39;)\r\n\r\nThe two new columns are created, but they&#39;re blank. Suggestions as to why that might be?",
            "link": "https://stackoverflow.com/questions/49927304/separating-a-column-results-in-two-new-empty-columns",
            "title": "Separating a column results in two new, empty columns",
            "body": "<p>I have a column of names, of the format \"FIRST.LAST\", that I'm trying to separate into two new columns. </p>\n\n<pre><code>my_df &lt;- my_df %&gt;% separate(name, c(\"first_name\", \"last_name\"), sep = '.')\n</code></pre>\n\n<p>The two new columns are created, but they're blank. Suggestions as to why that might be?</p>\n"
        }
    ],
    "has_more": true,
    "quota_max": 300,
    "quota_remaining": 104
}