{
    "items": [
        {
            "tags": [
                "android",
                "android-recyclerview"
            ],
            "owner": {
                "reputation": 152,
                "user_id": 6098741,
                "user_type": "registered",
                "accept_rate": 79,
                "profile_image": "https://www.gravatar.com/avatar/8a2429f946a24a1199afd6fa28bbf22f?s=128&d=identicon&r=PG&f=1",
                "display_name": "b4hr4m",
                "link": "https://stackoverflow.com/users/6098741/b4hr4m"
            },
            "is_answered": false,
            "view_count": 33,
            "answer_count": 0,
            "score": 0,
            "last_activity_date": 1524157957,
            "creation_date": 1524148886,
            "last_edit_date": 1524157957,
            "question_id": 49923873,
            "body_markdown": "When i want to removing item i got this error :\r\n\r\n&gt; java.lang.NoSuchMethodError: No virtual method notifyItemRemoved(I)V in class Lir/adapters/GridRecycleAdapter; or its super classes (declaration of &#39;ir.adapters.GridRecycleAdapter&#39; appears in /data/app/ir.selfinsta-1/split_lib_directories_apk.apk)\r\n\r\nCode : \r\n \r\n\r\n    public class GridRecycleAdapter extends RecyclerView.Adapter {\r\n\r\n    private final String TAG = &quot;GridRecycleAdapter&quot;;\r\n    private ArrayList&lt;Item&gt; items;\r\n   \r\n    @Override\r\n    public RecyclerView.ViewHolder onCreateViewHolder(ViewGroup parent, int viewType) {\r\n        //some code\r\n    }\r\n\r\n\r\n    @Override\r\n    public void onBindViewHolder(RecyclerView.ViewHolder h, int position) {\r\n        //some code\r\n    }\r\n\r\n\r\n    @Override\r\n    public void onViewRecycled(RecyclerView.ViewHolder h) {\r\n        //some code\r\n    }\r\n\r\n    @Override\r\n    public long getItemId(int position) {\r\n        return position;\r\n    }\r\n\r\n    @Override\r\n    public int getItemCount() {\r\n        \r\n        return items.size() ;\r\n    }\r\n\r\n    @Override\r\n    public int getItemViewType(int position) {\r\n        return position;\r\n    }\r\n\r\n    /*\r\n     * for remove item\r\n     */\r\n    private void removeItem(int position){\r\n        //remove item\r\n        items.remove(position);\r\n        notifyItemRemoved(position);\r\n        notifyItemRangeChanged(position,items.size());\r\n    }\r\n    }\r\n\r\nbuild.gradle :\r\n\r\n    compileSdkVersion 26\r\n    buildToolsVersion &#39;27.0.3&#39;\r\n\r\nbuild.gradle depency:\r\n\r\n    compile &#39;com.android.support:appcompat-v7:26.1.0&#39;\r\n    compile &#39;com.android.support:cardview-v7:26.1.0&#39;\r\n    compile &#39;com.android.support:design:26.1.0&#39;\r\n    compile &#39;com.android.support:support-v13:26.1.0&#39;",
            "link": "https://stackoverflow.com/questions/49923873/can-not-remove-item-from-recyclerview-java-lang-nosuchmethoderror-notifyitemrem",
            "title": "Can not remove item from RecyclerView (java.lang.NoSuchMethodError notifyItemRemoved(I))",
            "body": "<p>When i want to removing item i got this error :</p>\n\n<blockquote>\n  <p>java.lang.NoSuchMethodError: No virtual method notifyItemRemoved(I)V in class Lir/adapters/GridRecycleAdapter; or its super classes (declaration of 'ir.adapters.GridRecycleAdapter' appears in /data/app/ir.selfinsta-1/split_lib_directories_apk.apk)</p>\n</blockquote>\n\n<p>Code : </p>\n\n<pre><code>public class GridRecycleAdapter extends RecyclerView.Adapter {\n\nprivate final String TAG = \"GridRecycleAdapter\";\nprivate ArrayList&lt;Item&gt; items;\n\n@Override\npublic RecyclerView.ViewHolder onCreateViewHolder(ViewGroup parent, int viewType) {\n    //some code\n}\n\n\n@Override\npublic void onBindViewHolder(RecyclerView.ViewHolder h, int position) {\n    //some code\n}\n\n\n@Override\npublic void onViewRecycled(RecyclerView.ViewHolder h) {\n    //some code\n}\n\n@Override\npublic long getItemId(int position) {\n    return position;\n}\n\n@Override\npublic int getItemCount() {\n\n    return items.size() ;\n}\n\n@Override\npublic int getItemViewType(int position) {\n    return position;\n}\n\n/*\n * for remove item\n */\nprivate void removeItem(int position){\n    //remove item\n    items.remove(position);\n    notifyItemRemoved(position);\n    notifyItemRangeChanged(position,items.size());\n}\n}\n</code></pre>\n\n<p>build.gradle :</p>\n\n<pre><code>compileSdkVersion 26\nbuildToolsVersion '27.0.3'\n</code></pre>\n\n<p>build.gradle depency:</p>\n\n<pre><code>compile 'com.android.support:appcompat-v7:26.1.0'\ncompile 'com.android.support:cardview-v7:26.1.0'\ncompile 'com.android.support:design:26.1.0'\ncompile 'com.android.support:support-v13:26.1.0'\n</code></pre>\n"
        },
        {
            "tags": [
                "html5",
                "css3",
                "web",
                "design",
                "frontend"
            ],
            "owner": {
                "reputation": 1,
                "user_id": 9149995,
                "user_type": "registered",
                "profile_image": "https://www.gravatar.com/avatar/0cfd4799f2e34d8970dc3f0ebbb962a5?s=128&d=identicon&r=PG&f=1",
                "display_name": "sn shamim",
                "link": "https://stackoverflow.com/users/9149995/sn-shamim"
            },
            "is_answered": false,
            "view_count": 38,
            "closed_date": 1524158117,
            "answer_count": 0,
            "score": -10,
            "last_activity_date": 1524157952,
            "creation_date": 1524157952,
            "question_id": 49926652,
            "body_markdown": "I&#39;m sn shamim from Bangladesh. Now I&#39;m beginner as a front-end-developer. My experience over 1 year. Now I&#39;m design a web template &amp; upload on server.\r\n\r\nPlease check this: https://shamim.site/\r\n\r\nPlease check that &amp; tell me how can I improve from here &amp; can I get a job by this experience.\r\n\r\nThanks all.  ",
            "link": "https://stackoverflow.com/questions/49926652/about-my-experience",
            "closed_reason": "off-topic",
            "title": "About my experience",
            "body": "<p>I'm sn shamim from Bangladesh. Now I'm beginner as a front-end-developer. My experience over 1 year. Now I'm design a web template &amp; upload on server.</p>\n\n<p>Please check this: <a href=\"https://shamim.site/\" rel=\"nofollow noreferrer\">https://shamim.site/</a></p>\n\n<p>Please check that &amp; tell me how can I improve from here &amp; can I get a job by this experience.</p>\n\n<p>Thanks all.  </p>\n"
        },
        {
            "tags": [
                "c#",
                "dynamic",
                "json.net"
            ],
            "owner": {
                "reputation": 2771,
                "user_id": 630407,
                "user_type": "registered",
                "accept_rate": 83,
                "profile_image": "https://i.stack.imgur.com/MRFS7.jpg?s=128&g=1",
                "display_name": "Paul",
                "link": "https://stackoverflow.com/users/630407/paul"
            },
            "is_answered": false,
            "view_count": 26,
            "answer_count": 0,
            "score": 0,
            "last_activity_date": 1524157942,
            "creation_date": 1524157942,
            "question_id": 49926650,
            "body_markdown": "In one unit of my application:\r\n\r\n    // response is a string. After this line executes, obj is dynamic as expected\r\n    var obj = JsonConvert.DeserializeObject&lt;dynamic&gt;(response);\r\n    if (obj.Foo == &quot;this works fine because obj is dynamic&quot;) {\r\n       // Do whatever\r\n    }\r\n\r\nIn another unit in my application:\r\n\r\n    // Again, response is a string. This time, obj ends up being an object, NOT dynamic\r\n    var obj = JsonConvert.DeserializeObject&lt;dynamic&gt;(response);\r\n    obj.Foo; // Fails because obj is an object\r\n    ((dynamic)obj).Foo; // Works once I have type casted\r\n\r\n    // Every single method here returns an object and not dynamic as expected\r\n    dynamic obj2 = JsonConvert.DeserializeObject&lt;dynamic&gt;(response);\r\n    var obj3 = (dynamic)JsonConvert.DeserializeObject&lt;dynamic&gt;(response);\r\n    dynamic obj4 = (dynamic)JsonConvert.DeserializeObject&lt;dynamic&gt;(response);\r\n    dynamic obj5;\r\n    obj5 = (dynamic)JsonConvert.DeserializeObject&lt;dynamic&gt;(response);\r\n\r\nI don&#39;t mind typecasting this. But I don&#39;t think I should have to. And typecasting this feels like a hack. I&#39;d rather understand why this behaves differently in some cases.\r\n\r\nScreenshots in case it is something dumb that I am not seeing:\r\n\r\n[![enter image description here][1]][1]\r\n\r\n[![enter image description here][2]][2]\r\n\r\n\r\n  [1]: https://i.stack.imgur.com/sFc59.png\r\n  [2]: https://i.stack.imgur.com/BStvQ.png",
            "link": "https://stackoverflow.com/questions/49926650/dynamic-getting-boxed-into-object-type-on-deserialization",
            "title": "Dynamic getting boxed into object type on deserialization",
            "body": "<p>In one unit of my application:</p>\n\n<pre><code>// response is a string. After this line executes, obj is dynamic as expected\nvar obj = JsonConvert.DeserializeObject&lt;dynamic&gt;(response);\nif (obj.Foo == \"this works fine because obj is dynamic\") {\n   // Do whatever\n}\n</code></pre>\n\n<p>In another unit in my application:</p>\n\n<pre><code>// Again, response is a string. This time, obj ends up being an object, NOT dynamic\nvar obj = JsonConvert.DeserializeObject&lt;dynamic&gt;(response);\nobj.Foo; // Fails because obj is an object\n((dynamic)obj).Foo; // Works once I have type casted\n\n// Every single method here returns an object and not dynamic as expected\ndynamic obj2 = JsonConvert.DeserializeObject&lt;dynamic&gt;(response);\nvar obj3 = (dynamic)JsonConvert.DeserializeObject&lt;dynamic&gt;(response);\ndynamic obj4 = (dynamic)JsonConvert.DeserializeObject&lt;dynamic&gt;(response);\ndynamic obj5;\nobj5 = (dynamic)JsonConvert.DeserializeObject&lt;dynamic&gt;(response);\n</code></pre>\n\n<p>I don't mind typecasting this. But I don't think I should have to. And typecasting this feels like a hack. I'd rather understand why this behaves differently in some cases.</p>\n\n<p>Screenshots in case it is something dumb that I am not seeing:</p>\n\n<p><a href=\"https://i.stack.imgur.com/sFc59.png\" rel=\"nofollow noreferrer\"><img src=\"https://i.stack.imgur.com/sFc59.png\" alt=\"enter image description here\"></a></p>\n\n<p><a href=\"https://i.stack.imgur.com/BStvQ.png\" rel=\"nofollow noreferrer\"><img src=\"https://i.stack.imgur.com/BStvQ.png\" alt=\"enter image description here\"></a></p>\n"
        },
        {
            "tags": [
                "javascript"
            ],
            "owner": {
                "reputation": 180,
                "user_id": 491478,
                "user_type": "registered",
                "accept_rate": 100,
                "profile_image": "https://www.gravatar.com/avatar/c0661b90887427fa8dc2efee98935dd8?s=128&d=identicon&r=PG",
                "display_name": "Ryan Palmer",
                "link": "https://stackoverflow.com/users/491478/ryan-palmer"
            },
            "is_answered": true,
            "view_count": 40,
            "accepted_answer_id": 49926438,
            "answer_count": 3,
            "score": 0,
            "last_activity_date": 1524157929,
            "creation_date": 1524156671,
            "last_edit_date": 1524156757,
            "question_id": 49926328,
            "body_markdown": "In some code I inherited at work, I&#39;m trying to figure out how these conditions work here, but I&#39;m unsure of how it&#39;s structured and what type of conditional statements these are (this originated the jQuery jBox plugin)\r\n\r\n    this._fireEvent = function( event, pass ) {\r\n       // This condition here\r\n       this.options[ event ] &amp;&amp; ( this.options[ event ].bind( this ) )( pass );\r\n    };\r\n\r\nAnd this second condition:\r\n\r\n    this.options.pointTo == &#39;target&#39; &amp;&amp; (!this.options.outside || this.options.outside == &#39;xy&#39;) &amp;&amp; (this.options.pointer = false);\r\n\r\nThe first one I can tell, in a traditional if statement, would be...\r\n\r\n    if ( this.options[ event ] ) {\r\n       this.options[event].bind( this )( pass );\r\n    }\r\n\r\nIs there a name or methodology for these types of conditional statements? And how would you read that second one in terms of what it&#39;s doing?\r\n\r\nWould really appreciate any help or insight that someone could provide!\r\n",
            "link": "https://stackoverflow.com/questions/49926328/what-kind-of-javascript-conditional-statements-are-these",
            "title": "What kind of javascript conditional statements are these?",
            "body": "<p>In some code I inherited at work, I'm trying to figure out how these conditions work here, but I'm unsure of how it's structured and what type of conditional statements these are (this originated the jQuery jBox plugin)</p>\n\n<pre><code>this._fireEvent = function( event, pass ) {\n   // This condition here\n   this.options[ event ] &amp;&amp; ( this.options[ event ].bind( this ) )( pass );\n};\n</code></pre>\n\n<p>And this second condition:</p>\n\n<pre><code>this.options.pointTo == 'target' &amp;&amp; (!this.options.outside || this.options.outside == 'xy') &amp;&amp; (this.options.pointer = false);\n</code></pre>\n\n<p>The first one I can tell, in a traditional if statement, would be...</p>\n\n<pre><code>if ( this.options[ event ] ) {\n   this.options[event].bind( this )( pass );\n}\n</code></pre>\n\n<p>Is there a name or methodology for these types of conditional statements? And how would you read that second one in terms of what it's doing?</p>\n\n<p>Would really appreciate any help or insight that someone could provide!</p>\n"
        },
        {
            "tags": [
                "text",
                "dart",
                "widget",
                "overflow",
                "flutter"
            ],
            "owner": {
                "reputation": 32,
                "user_id": 7781699,
                "user_type": "registered",
                "profile_image": "https://www.gravatar.com/avatar/0a36b85179410108d8a23d077843c0e9?s=128&d=identicon&r=PG&f=1",
                "display_name": "Darkhan",
                "link": "https://stackoverflow.com/users/7781699/darkhan"
            },
            "is_answered": true,
            "view_count": 39,
            "answer_count": 2,
            "score": 0,
            "last_activity_date": 1524157928,
            "creation_date": 1524113925,
            "question_id": 49913022,
            "body_markdown": "How to crop text depending on available space?\r\n\r\n\r\nThere&#39;s a similar question [here][2], but there&#39;s no working answer.\r\n\r\nCurrently, this code \r\n\r\n\r\n                return new GridTile(\r\n                  child: new Card(\r\n                    elevation: 3.0,\r\n                    child: new Container(\r\n                      padding: new EdgeInsets.all(10.0),\r\n                      child: new Column(\r\n                        children: &lt;Widget&gt;[\r\n                          Text(\r\n                            document[&#39;title&#39;],\r\n                            style: new TextStyle(fontWeight: FontWeight.bold),\r\n                          ),\r\n                          Text(\r\n                            document[&#39;text&#39;],\r\n                          ),\r\n                        ],\r\n                      ),\r\n                    ),\r\n                  )\r\n                );\r\n\r\n\r\nGives this result:\r\n\r\n[![enter image description here][1]][1]\r\n\r\nI tried using *overflow: TextOverflow.ellipsis*, but the text becomes 1 line long. Specifying the text line length is a bad idea, because on different screen sizes results will vary.\r\n\r\n**How to make so that the text crops, fits or wraps itself into available space?**\r\n\r\n\r\n  [1]: https://i.stack.imgur.com/8V62k.jpg\r\n  [2]: https://stackoverflow.com/questions/45502304/how-to-automatically-scale-a-widget-to-fit-different-screen-sizes?utm_medium=organic&amp;utm_source=google_rich_qa&amp;utm_campaign=google_rich_qa",
            "link": "https://stackoverflow.com/questions/49913022/flutter-how-to-crop-text-depending-on-available-space",
            "title": "Flutter: How to crop text depending on available space?",
            "body": "<p>How to crop text depending on available space?</p>\n\n<p>There's a similar question <a href=\"https://stackoverflow.com/questions/45502304/how-to-automatically-scale-a-widget-to-fit-different-screen-sizes?utm_medium=organic&amp;utm_source=google_rich_qa&amp;utm_campaign=google_rich_qa\">here</a>, but there's no working answer.</p>\n\n<p>Currently, this code </p>\n\n<pre><code>            return new GridTile(\n              child: new Card(\n                elevation: 3.0,\n                child: new Container(\n                  padding: new EdgeInsets.all(10.0),\n                  child: new Column(\n                    children: &lt;Widget&gt;[\n                      Text(\n                        document['title'],\n                        style: new TextStyle(fontWeight: FontWeight.bold),\n                      ),\n                      Text(\n                        document['text'],\n                      ),\n                    ],\n                  ),\n                ),\n              )\n            );\n</code></pre>\n\n<p>Gives this result:</p>\n\n<p><a href=\"https://i.stack.imgur.com/8V62k.jpg\" rel=\"nofollow noreferrer\"><img src=\"https://i.stack.imgur.com/8V62k.jpg\" alt=\"enter image description here\"></a></p>\n\n<p>I tried using <em>overflow: TextOverflow.ellipsis</em>, but the text becomes 1 line long. Specifying the text line length is a bad idea, because on different screen sizes results will vary.</p>\n\n<p><strong>How to make so that the text crops, fits or wraps itself into available space?</strong></p>\n"
        },
        {
            "tags": [
                "javascript",
                "html",
                "css",
                "iframe",
                "mobile"
            ],
            "owner": {
                "reputation": 11,
                "user_id": 9608235,
                "user_type": "registered",
                "profile_image": "https://www.gravatar.com/avatar/39edcc9a0c7dd2a6697c6df4036cbed8?s=128&d=identicon&r=PG&f=1",
                "display_name": "Picasso",
                "link": "https://stackoverflow.com/users/9608235/picasso"
            },
            "is_answered": false,
            "view_count": 16,
            "answer_count": 1,
            "score": 1,
            "last_activity_date": 1524157923,
            "creation_date": 1524157671,
            "question_id": 49926585,
            "body_markdown": "I&#39;m currently using Squarespace and use an iFrame on one page.  The iFrame covers the entire width of the page (100% width) and almost the entire height, leaving space at the top for the page navigation buttons.\r\n\r\nThe iFrame works perfectly on a Mac or PC desktop computer.\r\n\r\nHowever, if I open the page on an iPad or iPhone, the page loads - and then becomes unresponsive.  I&#39;m unable to click on the navigation bar to move to a different page.  The only thing that I can click on that still has functionality is the home navigation button to return to the main page of my website.\r\n\r\nI contacted the website that was being used in the iFrame and was told that their program (an app) does not work on mobile devices.\r\n\r\nSo to summarize the problem: My navigation contains a button &quot;Go to App&quot;.  If this navigation button is clicked, the user is directed to the page containing the iFrame.  This page with the iFrame opens on a PC, and crashes on a mobile device.\r\n\r\nI can&#39;t have the iFrame page crash if someone clicks the navigation button &quot;Go to App&quot; from a mobile device.  How can I add code the navigation button so the iFrame page won&#39;t load on a mobile device, and instead gives a message, &quot;This app is currently not supported on mobile devices&quot;? \r\n\r\nMany thanks for any suggestions.\r\n",
            "link": "https://stackoverflow.com/questions/49926585/squarespace-block-iframe-from-attempting-to-open-on-mobile-devices",
            "title": "Squarespace: block iFrame from attempting to open on mobile devices",
            "body": "<p>I'm currently using Squarespace and use an iFrame on one page.  The iFrame covers the entire width of the page (100% width) and almost the entire height, leaving space at the top for the page navigation buttons.</p>\n\n<p>The iFrame works perfectly on a Mac or PC desktop computer.</p>\n\n<p>However, if I open the page on an iPad or iPhone, the page loads - and then becomes unresponsive.  I'm unable to click on the navigation bar to move to a different page.  The only thing that I can click on that still has functionality is the home navigation button to return to the main page of my website.</p>\n\n<p>I contacted the website that was being used in the iFrame and was told that their program (an app) does not work on mobile devices.</p>\n\n<p>So to summarize the problem: My navigation contains a button \"Go to App\".  If this navigation button is clicked, the user is directed to the page containing the iFrame.  This page with the iFrame opens on a PC, and crashes on a mobile device.</p>\n\n<p>I can't have the iFrame page crash if someone clicks the navigation button \"Go to App\" from a mobile device.  How can I add code the navigation button so the iFrame page won't load on a mobile device, and instead gives a message, \"This app is currently not supported on mobile devices\"? </p>\n\n<p>Many thanks for any suggestions.</p>\n"
        },
        {
            "tags": [
                "scala",
                "apache-spark"
            ],
            "owner": {
                "reputation": 156,
                "user_id": 6788869,
                "user_type": "registered",
                "accept_rate": 100,
                "profile_image": "https://lh5.googleusercontent.com/-5eUc2tf2rQQ/AAAAAAAAAAI/AAAAAAAAAKs/yR8V0re3tQg/photo.jpg?sz=128",
                "display_name": "rileyss",
                "link": "https://stackoverflow.com/users/6788869/rileyss"
            },
            "is_answered": true,
            "view_count": 34,
            "accepted_answer_id": 49909370,
            "answer_count": 2,
            "score": 0,
            "last_activity_date": 1524157921,
            "creation_date": 1524086459,
            "last_edit_date": 1524157921,
            "question_id": 49909194,
            "body_markdown": "When processing large amount of data (around 10,000 rows of data), I want to make sure that there&#39;s **no duplicates** in the data.\r\n\r\nOur work flow is to first read parquet files to spark `dataframes`, then convert `dataframes` into `scala case classes`.\r\n\r\nThere are two options to eliminate duplicates:\r\n\r\n 1. call scala `distinct()` on `Seq[caseClasses]`\r\n 2. call spark `distinct()` on `dataframes`\r\n\r\nDigging into scala source code, I found that it goes through every record and put them in a `set`. Compared with spark, which way is more efficient?\r\n\r\nThanks!\r\n\r\nEdits:\r\nOriginal post said that the data size is 10,000, which is the size for our test data. Later the data size can go up to 5 million.",
            "link": "https://stackoverflow.com/questions/49909194/scala-distinct-vs-spark-distinct-which-is-more-efficient",
            "title": "scala distinct() vs. spark distinct(), which is more efficient?",
            "body": "<p>When processing large amount of data (around 10,000 rows of data), I want to make sure that there's <strong>no duplicates</strong> in the data.</p>\n\n<p>Our work flow is to first read parquet files to spark <code>dataframes</code>, then convert <code>dataframes</code> into <code>scala case classes</code>.</p>\n\n<p>There are two options to eliminate duplicates:</p>\n\n<ol>\n<li>call scala <code>distinct()</code> on <code>Seq[caseClasses]</code></li>\n<li>call spark <code>distinct()</code> on <code>dataframes</code></li>\n</ol>\n\n<p>Digging into scala source code, I found that it goes through every record and put them in a <code>set</code>. Compared with spark, which way is more efficient?</p>\n\n<p>Thanks!</p>\n\n<p>Edits:\nOriginal post said that the data size is 10,000, which is the size for our test data. Later the data size can go up to 5 million.</p>\n"
        },
        {
            "tags": [
                "python-3.x",
                "flask",
                "celery"
            ],
            "owner": {
                "reputation": 25,
                "user_id": 7867968,
                "user_type": "registered",
                "accept_rate": 50,
                "profile_image": "https://www.gravatar.com/avatar/c6976c101b7e5d81ad398cedf6a2ab9b?s=128&d=identicon&r=PG&f=1",
                "display_name": "C.Nivs",
                "link": "https://stackoverflow.com/users/7867968/c-nivs"
            },
            "is_answered": false,
            "view_count": 12,
            "answer_count": 0,
            "score": 0,
            "last_activity_date": 1524157919,
            "creation_date": 1524157919,
            "question_id": 49926645,
            "body_markdown": "Forgive me if this is a duplicate question, but I&#39;m running a Flask app using Celery and Rabbit MQ in a Kubernetes service. The service is run as a public-facing LoadBalancer. The problem I&#39;ve seen is with ZMEU scan attacks which mess up the Flask uri structure and render the app unusable:\r\n\r\n    10.240.0.4 - - [19/Apr/2018 04:48:05] &quot;GET / HTTP/1.1&quot; 400 -\r\n    10.240.0.4 - - [19/Apr/2018 04:48:10] &quot;GET /index.action HTTP/1.1&quot; 400 -\r\n    10.244.2.1 - - [19/Apr/2018 07:32:29] &quot;GET / HTTP/1.1&quot; 400 -\r\n    10.244.2.1 - - [19/Apr/2018 08:54:38] &quot;GET / HTTP/1.1&quot; 400 -\r\n    10.244.2.1 - - [19/Apr/2018 11:13:06] &quot;GET /w00tw00t.at.blackhats.romanian.anti-sec :) HTTP/1.1&quot; 400 -\r\n    10.240.0.4 - - [19/Apr/2018 11:13:11] &quot;GET /phpMyAdmin/scripts/setup.php HTTP/1.1&quot; 400 -\r\n    10.240.0.4 - - [19/Apr/2018 11:13:16] &quot;GET /phpmyadmin/scripts/setup.php HTTP/1.1&quot; 400 -\r\n    10.244.2.1 - - [19/Apr/2018 11:13:21] &quot;GET /pma/scripts/setup.php     \r\n    ...\r\n\r\nThis occurs after successful pings to the URI. I have a healthcheck occurring because this silently renders the app unreachable, though the container itself is healthy and doesn&#39;t exit.\r\n\r\nWhile I am working on securing the endpoint itself, I feel that it&#39;s more of a band-aid, and the app code should be resilient to this type of attack. Is there a way for me to catch any unspecified URI (not defined by an `@app.route()` decorator)?\r\n\r\nEDIT: I&#39;ve made an attempt to only accept requests that have a uri header in the request by using redirects in a general uri-path `http://my.flask.app:80/` to point to the proper service, but this hasn&#39;t remedied the problem",
            "link": "https://stackoverflow.com/questions/49926645/how-to-protect-flask-from-zmeu",
            "title": "How to Protect Flask from ZMEU",
            "body": "<p>Forgive me if this is a duplicate question, but I'm running a Flask app using Celery and Rabbit MQ in a Kubernetes service. The service is run as a public-facing LoadBalancer. The problem I've seen is with ZMEU scan attacks which mess up the Flask uri structure and render the app unusable:</p>\n\n<pre><code>10.240.0.4 - - [19/Apr/2018 04:48:05] \"GET / HTTP/1.1\" 400 -\n10.240.0.4 - - [19/Apr/2018 04:48:10] \"GET /index.action HTTP/1.1\" 400 -\n10.244.2.1 - - [19/Apr/2018 07:32:29] \"GET / HTTP/1.1\" 400 -\n10.244.2.1 - - [19/Apr/2018 08:54:38] \"GET / HTTP/1.1\" 400 -\n10.244.2.1 - - [19/Apr/2018 11:13:06] \"GET /w00tw00t.at.blackhats.romanian.anti-sec :) HTTP/1.1\" 400 -\n10.240.0.4 - - [19/Apr/2018 11:13:11] \"GET /phpMyAdmin/scripts/setup.php HTTP/1.1\" 400 -\n10.240.0.4 - - [19/Apr/2018 11:13:16] \"GET /phpmyadmin/scripts/setup.php HTTP/1.1\" 400 -\n10.244.2.1 - - [19/Apr/2018 11:13:21] \"GET /pma/scripts/setup.php     \n...\n</code></pre>\n\n<p>This occurs after successful pings to the URI. I have a healthcheck occurring because this silently renders the app unreachable, though the container itself is healthy and doesn't exit.</p>\n\n<p>While I am working on securing the endpoint itself, I feel that it's more of a band-aid, and the app code should be resilient to this type of attack. Is there a way for me to catch any unspecified URI (not defined by an <code>@app.route()</code> decorator)?</p>\n\n<p>EDIT: I've made an attempt to only accept requests that have a uri header in the request by using redirects in a general uri-path <code>http://my.flask.app:80/</code> to point to the proper service, but this hasn't remedied the problem</p>\n"
        },
        {
            "tags": [
                "amazon-ec2",
                "openvpn"
            ],
            "owner": {
                "reputation": 1,
                "user_id": 4122863,
                "user_type": "registered",
                "profile_image": "https://lh3.googleusercontent.com/-kKoFnH9rfQs/AAAAAAAAAAI/AAAAAAAABBM/lWHgsdAPdOM/photo.jpg?sz=128",
                "display_name": "Julie",
                "link": "https://stackoverflow.com/users/4122863/julie"
            },
            "is_answered": false,
            "view_count": 10,
            "answer_count": 1,
            "score": 0,
            "last_activity_date": 1524157908,
            "creation_date": 1524069412,
            "question_id": 49904826,
            "body_markdown": "I am trying to configure OpenVPN to my Amazon EC2 Ubuntu instance.  I have opened up both TCP and UDP ports on both the load balancer and the VPC instance.  I can connect if I open my putty session to the server and set a SSH tunnel on port 1194, and then connect OpenVPN on localhost 1194, but I am trying to figure out how to set my DNS entry so that I can just connect through the VPN using UDP without setting a SSH tunnel.  Any advice?  I have tried so many combinations and read everything I can find... ",
            "link": "https://stackoverflow.com/questions/49904826/configuring-openvpn-to-amazon-ec2",
            "title": "Configuring OpenVPN to Amazon EC2",
            "body": "<p>I am trying to configure OpenVPN to my Amazon EC2 Ubuntu instance.  I have opened up both TCP and UDP ports on both the load balancer and the VPC instance.  I can connect if I open my putty session to the server and set a SSH tunnel on port 1194, and then connect OpenVPN on localhost 1194, but I am trying to figure out how to set my DNS entry so that I can just connect through the VPN using UDP without setting a SSH tunnel.  Any advice?  I have tried so many combinations and read everything I can find... </p>\n"
        },
        {
            "tags": [
                "ansible"
            ],
            "owner": {
                "reputation": 2523,
                "user_id": 234657,
                "user_type": "registered",
                "accept_rate": 44,
                "profile_image": "https://www.gravatar.com/avatar/24edf474c7978302df1e0589058e16f9?s=128&d=identicon&r=PG",
                "display_name": "Chris Curvey",
                "link": "https://stackoverflow.com/users/234657/chris-curvey"
            },
            "is_answered": true,
            "view_count": 1036,
            "accepted_answer_id": 41284686,
            "answer_count": 2,
            "score": 3,
            "last_activity_date": 1524157908,
            "creation_date": 1482414283,
            "last_edit_date": 1482415235,
            "question_id": 41284602,
            "body_markdown": "I&#39;d like to add a block of text to my ElasticSearch configuration using blockinfile, but every time I run my playbook, the block gets added to the file -- even when it already exists.  This is a problem because ElasticSearch doesn&#39;t just take the last value, it chokes on startup saying &quot;you have multiple entries for this value&quot; (or something similar).\r\n\r\nMy play looks like this:\r\n\r\n      - name: configure elasticsearch\r\n        blockinfile:\r\n          dest: /etc/elasticsearch/elasticsearch.yml\r\n          marker: &quot;## added by ansible configuration&quot;\r\n          block: |\r\n            network.host: 0.0.0.0\r\n            path.data: /var/lib\r\n            path.logs: /var/log/elasticsearch\r\n            path.repo: /home/chris/elastic-backups\r\n          state: present\r\n\r\nBut after running my playbook a second time, my `elasticsearch.yml` file looks like:\r\n\r\n    ## added by ansible configuration\r\n    network.host: 0.0.0.0\r\n    path.data: /var/lib\r\n    path.logs: /var/log/elasticsearch\r\n    path.repo: /home/chris/elastic-backups\r\n    ## added by ansible configuration\r\n    network.host: 0.0.0.0\r\n    path.data: /var/lib\r\n    path.logs: /var/log/elasticsearch\r\n    path.repo: /home/chris/elastic-backups\r\n    ## added by ansible configuration\r\n\r\nIs there a way to only add the block if it does not exist yet?",
            "link": "https://stackoverflow.com/questions/41284602/blockinfile-keeps-adding-the-block",
            "title": "blockinfile keeps adding the block",
            "body": "<p>I'd like to add a block of text to my ElasticSearch configuration using blockinfile, but every time I run my playbook, the block gets added to the file -- even when it already exists.  This is a problem because ElasticSearch doesn't just take the last value, it chokes on startup saying \"you have multiple entries for this value\" (or something similar).</p>\n\n<p>My play looks like this:</p>\n\n<pre><code>  - name: configure elasticsearch\n    blockinfile:\n      dest: /etc/elasticsearch/elasticsearch.yml\n      marker: \"## added by ansible configuration\"\n      block: |\n        network.host: 0.0.0.0\n        path.data: /var/lib\n        path.logs: /var/log/elasticsearch\n        path.repo: /home/chris/elastic-backups\n      state: present\n</code></pre>\n\n<p>But after running my playbook a second time, my <code>elasticsearch.yml</code> file looks like:</p>\n\n<pre><code>## added by ansible configuration\nnetwork.host: 0.0.0.0\npath.data: /var/lib\npath.logs: /var/log/elasticsearch\npath.repo: /home/chris/elastic-backups\n## added by ansible configuration\nnetwork.host: 0.0.0.0\npath.data: /var/lib\npath.logs: /var/log/elasticsearch\npath.repo: /home/chris/elastic-backups\n## added by ansible configuration\n</code></pre>\n\n<p>Is there a way to only add the block if it does not exist yet?</p>\n"
        },
        {
            "tags": [
                "css",
                "url",
                "css-selectors",
                "uri",
                "href"
            ],
            "owner": {
                "reputation": 143,
                "user_id": 669669,
                "user_type": "unregistered",
                "profile_image": "https://www.gravatar.com/avatar/bfbb2194f35abf8f770dda7da1e4ea06?s=128&d=identicon&r=PG",
                "display_name": "thom",
                "link": "https://stackoverflow.com/users/669669/thom"
            },
            "is_answered": true,
            "view_count": 10098,
            "accepted_answer_id": 5379820,
            "answer_count": 5,
            "score": 28,
            "last_activity_date": 1524157905,
            "creation_date": 1300721000,
            "last_edit_date": 1333546703,
            "question_id": 5379752,
            "body_markdown": "I want to style all external links in my website (Wordpress). I&#39;m trying with:\r\n\r\n    .post p a[href^=&quot;http://&quot;]:after\r\n\r\nBut Wordpress put the entire url in the links... So, how could I style all links that doesn&#39;t start with http://www.mywebsite.com ?\r\n\r\nThank you.",
            "link": "https://stackoverflow.com/questions/5379752/css-style-external-links",
            "title": "CSS: Style external links",
            "body": "<p>I want to style all external links in my website (Wordpress). I'm trying with:</p>\n\n<pre><code>.post p a[href^=\"http://\"]:after\n</code></pre>\n\n<p>But Wordpress put the entire url in the links... So, how could I style all links that doesn't start with <a href=\"http://www.mywebsite.com\" rel=\"noreferrer\">http://www.mywebsite.com</a> ?</p>\n\n<p>Thank you.</p>\n"
        },
        {
            "tags": [
                "kubernetes"
            ],
            "owner": {
                "reputation": 171,
                "user_id": 4547188,
                "user_type": "registered",
                "accept_rate": 45,
                "profile_image": "https://www.gravatar.com/avatar/e319d369e2fef493e84cba2aeb53e815?s=128&d=identicon&r=PG&f=1",
                "display_name": "grabbag",
                "link": "https://stackoverflow.com/users/4547188/grabbag"
            },
            "is_answered": true,
            "view_count": 22,
            "answer_count": 1,
            "score": 0,
            "last_activity_date": 1524157902,
            "creation_date": 1524146361,
            "question_id": 49923020,
            "body_markdown": "**Requirement 1 (routes):**\r\nI need to be able to route to &quot;n&quot; independent Kubernetes deployments. Such as: \r\n\r\n 1. http://building-1-building\r\n 2. http://building-2-building\r\n 3. http://building-3-building\r\n 4. ... n ...\r\n\r\nEach building is receiving traffic that is independent of the others.\r\n\r\n**Requirement 2 (independence):**\r\nIf pod for building-2-deployment dies, I would like only building-2-deployment to be restarted and the other n-1 deployments to be not affected.\r\n\r\n**Requirement 3 (kill then replace):**\r\nIf pod for building-2-deployment is unhealthy, I would like it to be killed then a new one created. Not a replacement created, then the sick is killed.\r\n\r\nWhen I update the image and issue a &quot;kubectl apply -f building.yaml&quot;, I would like each deployment to be shut down then a new one started with the new SW.  In other words, not create a second then kill the first.\r\n\r\n**Requirement 4 (yaml):** This application is created and updated with a yaml file so that it&#39;s repeatable and archivable.\r\n\r\n - kubectl create -f building.yaml \r\n - kubectl apply -f building.yaml\r\n\r\n**Partial Solution:**\r\nThe following yaml creates routes  **(requirement 1)**, operates each deployment independently **(requirement 2)**, but fails on to kill before starting a replacement **(requirement 3)**. \r\n\r\nThis partial solution is a little verbose as each deployment is replicated &quot;n&quot; time where only the &quot;n&quot; is changed.\r\n\r\nI would appreciate a suggested to solve all 3 requirements.\r\n\r\n    apiVersion: v1\r\n    kind: Service\r\n    metadata:\r\n      name:  building-1-service # http://building-1-service\r\n    spec:\r\n      ports:\r\n      - port: 80\r\n        targetPort: 80\r\n      type: NodePort \r\n      selector:\r\n        app: building-1-pod #matches name of pod being created by deployment\r\n    ---\r\n    apiVersion: v1\r\n    kind: Service\r\n    metadata:\r\n      name:  building-2-service # http://building-2-service\r\n    spec:\r\n      ports:\r\n      - port: 80\r\n        targetPort: 80\r\n      type: NodePort \r\n      selector:\r\n        app: building-2-pod #matches name of pod being created by deployment\r\n    ---\r\n    apiVersion: apps/v1beta2 \r\n    kind: Deployment\r\n    metadata:\r\n      name: building-1-deployment # name of the deployment\r\n    spec:\r\n      replicas: 1\r\n      selector:\r\n        matchLabels:\r\n          app: building-1-pod # matches name of pod being created\r\n      template:\r\n        metadata:\r\n          labels:\r\n            app: building-1-pod # name of pod, matches name in deployment and route &quot;location /building_1/&quot; in nginx.conf\r\n        spec:\r\n          containers:\r\n          - name: building-container # name of docker container\r\n            image: us.gcr.io//proj-12345/building:2018_03_19_19_45\r\n            resources:\r\n              limits:\r\n                cpu: &quot;1&quot;\r\n              requests:\r\n                cpu: &quot;10m&quot;\r\n            ports:\r\n            - containerPort: 80\r\n    ---\r\n    apiVersion: apps/v1beta2 \r\n    kind: Deployment\r\n    metadata:\r\n      name: building-2-deployment # name of the deployment\r\n    spec:\r\n      replicas: 1\r\n      selector:\r\n        matchLabels:\r\n          app: building-2-pod # matches name of pod being created\r\n      template:\r\n        metadata:\r\n          labels:\r\n            app: building-2-pod # name of pod, matches name in deployment and route &quot;location /building_2/&quot; in nginx.conf\r\n        spec:\r\n          containers:\r\n          - name: building-container # name of docker container\r\n            image: us.gcr.io//proj-12345/building:2018_03_19_19_45\r\n            resources:\r\n              limits:\r\n                cpu: &quot;1&quot;\r\n              requests:\r\n                cpu: &quot;10m&quot;\r\n            ports:\r\n            - containerPort: 80",
            "link": "https://stackoverflow.com/questions/49923020/kubernetes-n-independent-pods-with-identity-1-to-n",
            "title": "kubernetes &quot;n&quot; independent pods with identity 1 to n",
            "body": "<p><strong>Requirement 1 (routes):</strong>\nI need to be able to route to \"n\" independent Kubernetes deployments. Such as: </p>\n\n<ol>\n<li><a href=\"http://building-1-building\" rel=\"nofollow noreferrer\">http://building-1-building</a></li>\n<li><a href=\"http://building-2-building\" rel=\"nofollow noreferrer\">http://building-2-building</a></li>\n<li><a href=\"http://building-3-building\" rel=\"nofollow noreferrer\">http://building-3-building</a></li>\n<li>... n ...</li>\n</ol>\n\n<p>Each building is receiving traffic that is independent of the others.</p>\n\n<p><strong>Requirement 2 (independence):</strong>\nIf pod for building-2-deployment dies, I would like only building-2-deployment to be restarted and the other n-1 deployments to be not affected.</p>\n\n<p><strong>Requirement 3 (kill then replace):</strong>\nIf pod for building-2-deployment is unhealthy, I would like it to be killed then a new one created. Not a replacement created, then the sick is killed.</p>\n\n<p>When I update the image and issue a \"kubectl apply -f building.yaml\", I would like each deployment to be shut down then a new one started with the new SW.  In other words, not create a second then kill the first.</p>\n\n<p><strong>Requirement 4 (yaml):</strong> This application is created and updated with a yaml file so that it's repeatable and archivable.</p>\n\n<ul>\n<li>kubectl create -f building.yaml </li>\n<li>kubectl apply -f building.yaml</li>\n</ul>\n\n<p><strong>Partial Solution:</strong>\nThe following yaml creates routes  <strong>(requirement 1)</strong>, operates each deployment independently <strong>(requirement 2)</strong>, but fails on to kill before starting a replacement <strong>(requirement 3)</strong>. </p>\n\n<p>This partial solution is a little verbose as each deployment is replicated \"n\" time where only the \"n\" is changed.</p>\n\n<p>I would appreciate a suggested to solve all 3 requirements.</p>\n\n<pre><code>apiVersion: v1\nkind: Service\nmetadata:\n  name:  building-1-service # http://building-1-service\nspec:\n  ports:\n  - port: 80\n    targetPort: 80\n  type: NodePort \n  selector:\n    app: building-1-pod #matches name of pod being created by deployment\n---\napiVersion: v1\nkind: Service\nmetadata:\n  name:  building-2-service # http://building-2-service\nspec:\n  ports:\n  - port: 80\n    targetPort: 80\n  type: NodePort \n  selector:\n    app: building-2-pod #matches name of pod being created by deployment\n---\napiVersion: apps/v1beta2 \nkind: Deployment\nmetadata:\n  name: building-1-deployment # name of the deployment\nspec:\n  replicas: 1\n  selector:\n    matchLabels:\n      app: building-1-pod # matches name of pod being created\n  template:\n    metadata:\n      labels:\n        app: building-1-pod # name of pod, matches name in deployment and route \"location /building_1/\" in nginx.conf\n    spec:\n      containers:\n      - name: building-container # name of docker container\n        image: us.gcr.io//proj-12345/building:2018_03_19_19_45\n        resources:\n          limits:\n            cpu: \"1\"\n          requests:\n            cpu: \"10m\"\n        ports:\n        - containerPort: 80\n---\napiVersion: apps/v1beta2 \nkind: Deployment\nmetadata:\n  name: building-2-deployment # name of the deployment\nspec:\n  replicas: 1\n  selector:\n    matchLabels:\n      app: building-2-pod # matches name of pod being created\n  template:\n    metadata:\n      labels:\n        app: building-2-pod # name of pod, matches name in deployment and route \"location /building_2/\" in nginx.conf\n    spec:\n      containers:\n      - name: building-container # name of docker container\n        image: us.gcr.io//proj-12345/building:2018_03_19_19_45\n        resources:\n          limits:\n            cpu: \"1\"\n          requests:\n            cpu: \"10m\"\n        ports:\n        - containerPort: 80\n</code></pre>\n"
        },
        {
            "tags": [
                "html",
                "iframe",
                "frame",
                "frameset"
            ],
            "owner": {
                "reputation": 225,
                "user_id": 4021742,
                "user_type": "registered",
                "accept_rate": 74,
                "profile_image": "https://www.gravatar.com/avatar/cfccc79ddd782f8d13a88715aebcd061?s=128&d=identicon&r=PG",
                "display_name": "Tibo",
                "link": "https://stackoverflow.com/users/4021742/tibo"
            },
            "is_answered": false,
            "view_count": 14,
            "answer_count": 0,
            "score": 0,
            "last_activity_date": 1524157897,
            "creation_date": 1524134319,
            "last_edit_date": 1524157897,
            "question_id": 49919008,
            "body_markdown": "I need to add some info on multiple pages (60) of a webclient. I&#39;m able to add this on a HTML page which is called in a frameset (which I cannot modify).\r\n\r\nI&#39;d like to use an iframe so as not to have to update the 60 different pages.\r\n\r\nI&#39;m getting a blank result. Can I include an iframe inside a frameset ?\r\n\r\n(The main page (https://name_of_project.name_of_company.fr/MyWebCleint) and the info page (https://name_of_project.name_of_company.fr/) are on these server and domain).\r\n\r\nHere is the content of the html file :\r\n\r\n    &lt;!DOCTYPE HTML&gt;\r\n    &lt;html&gt;&lt;head&gt;\r\n        &lt;meta name=&quot;My project&quot; content=&quot;6.0&quot;&gt;\r\n        &lt;title&gt;My title&lt;/title&gt;\r\n    &lt;/head&gt;&lt;body&gt;\r\n    \t&lt;iframe scr=&quot;https://name_of_project.name_of_company.fr/&quot; width=&quot;100%&quot;&gt;iframe not supported if this text is visible&lt;/iframe&gt;\r\n    &lt;/body&gt;&lt;/html&gt;\r\n\r\n\r\n",
            "link": "https://stackoverflow.com/questions/49919008/can-one-include-an-iframe-inside-a-frameset",
            "title": "Can one include an iframe inside a frameset?",
            "body": "<p>I need to add some info on multiple pages (60) of a webclient. I'm able to add this on a HTML page which is called in a frameset (which I cannot modify).</p>\n\n<p>I'd like to use an iframe so as not to have to update the 60 different pages.</p>\n\n<p>I'm getting a blank result. Can I include an iframe inside a frameset ?</p>\n\n<p>(The main page (<a href=\"https://name_of_project.name_of_company.fr/MyWebCleint\" rel=\"nofollow noreferrer\">https://name_of_project.name_of_company.fr/MyWebCleint</a>) and the info page (<a href=\"https://name_of_project.name_of_company.fr/\" rel=\"nofollow noreferrer\">https://name_of_project.name_of_company.fr/</a>) are on these server and domain).</p>\n\n<p>Here is the content of the html file :</p>\n\n<pre><code>&lt;!DOCTYPE HTML&gt;\n&lt;html&gt;&lt;head&gt;\n    &lt;meta name=\"My project\" content=\"6.0\"&gt;\n    &lt;title&gt;My title&lt;/title&gt;\n&lt;/head&gt;&lt;body&gt;\n    &lt;iframe scr=\"https://name_of_project.name_of_company.fr/\" width=\"100%\"&gt;iframe not supported if this text is visible&lt;/iframe&gt;\n&lt;/body&gt;&lt;/html&gt;\n</code></pre>\n"
        },
        {
            "tags": [
                "c#",
                "int"
            ],
            "owner": {
                "reputation": 6,
                "user_id": 6094410,
                "user_type": "registered",
                "profile_image": "https://graph.facebook.com/10205941114022708/picture?type=large",
                "display_name": "Tandy",
                "link": "https://stackoverflow.com/users/6094410/tandy"
            },
            "is_answered": false,
            "view_count": 47,
            "closed_date": 1524157768,
            "answer_count": 0,
            "score": 1,
            "last_activity_date": 1524157887,
            "creation_date": 1524157666,
            "last_edit_date": 1524157887,
            "question_id": 49926583,
            "body_markdown": "i was wondering if you could help me explain one thing.\r\nI want to know why i cant save the difference between int.maxvalue and int.minvalue into a variable of type long.\r\n\r\n    static void Main(string[] args)\r\n    {\r\n        int a = int.MaxValue;\r\n        int b = int.MinValue;\r\n\r\n        long c = a - b;\r\n\r\n        Console.WriteLine(a);\r\n        Console.WriteLine(b);\r\n        Console.WriteLine(c);\r\n        Console.ReadLine();\r\n    }\r\n\r\nWhy do i get a result of -1, and in this case: \r\n\r\n    static void Main(string[] args)\r\n    {\r\n        long a = int.MaxValue - int.MinValue;\r\n        Console.WriteLine(a);\r\n        Console.ReadLine();\r\n    }\r\n\r\nWhy do I get:\r\n\r\n&gt; Error CS0220 The operation overflows at compile time in checked mode.\r\n\r\nI am puzzled because number of type long should easily store the difference between int.max and int.min?\r\n\r\n\r\n",
            "link": "https://stackoverflow.com/questions/49926583/difference-between-int-maxvalue-and-int-minvalue",
            "closed_reason": "duplicate",
            "title": "Difference between int.maxvalue and int.minvalue?",
            "body": "<p>i was wondering if you could help me explain one thing.\nI want to know why i cant save the difference between int.maxvalue and int.minvalue into a variable of type long.</p>\n\n<pre><code>static void Main(string[] args)\n{\n    int a = int.MaxValue;\n    int b = int.MinValue;\n\n    long c = a - b;\n\n    Console.WriteLine(a);\n    Console.WriteLine(b);\n    Console.WriteLine(c);\n    Console.ReadLine();\n}\n</code></pre>\n\n<p>Why do i get a result of -1, and in this case: </p>\n\n<pre><code>static void Main(string[] args)\n{\n    long a = int.MaxValue - int.MinValue;\n    Console.WriteLine(a);\n    Console.ReadLine();\n}\n</code></pre>\n\n<p>Why do I get:</p>\n\n<blockquote>\n  <p>Error CS0220 The operation overflows at compile time in checked mode.</p>\n</blockquote>\n\n<p>I am puzzled because number of type long should easily store the difference between int.max and int.min?</p>\n"
        },
        {
            "tags": [
                "java",
                "google-maps",
                "distance"
            ],
            "owner": {
                "reputation": 559,
                "user_id": 3906304,
                "user_type": "registered",
                "accept_rate": 47,
                "profile_image": "https://www.gravatar.com/avatar/cab05ccbc9f2f30b943f2e2e27c19c17?s=128&d=identicon&r=PG&f=1",
                "display_name": "Raghu",
                "link": "https://stackoverflow.com/users/3906304/raghu"
            },
            "is_answered": true,
            "view_count": 971,
            "answer_count": 3,
            "score": 1,
            "last_activity_date": 1524157885,
            "creation_date": 1413351211,
            "question_id": 26375138,
            "body_markdown": "I am working on an ITS(Intelligent Transport System). So I have to calculate the EAT(Estimated Arrival Time) at the bus stop for a bus. Now I have the two points(lat, lng) of stop and position of vehicle at present. So I have to calculate distance. next I ll get speed SO I can calculate the Arrival Time at the stop for bus. My problem is, I am using this method to calculate distance between two points,\r\n\r\n\tprivate double distance(double lat1, double lon1, double lat2, double lon2, char unit) {\r\n\t\t\r\n\t\t  double theta = lon1 - lon2;\r\n\t\t  double dist = Math.sin(deg2rad(lat1)) * Math.sin(deg2rad(lat2)) + Math.cos(deg2rad(lat1)) * Math.cos(deg2rad(lat2)) * Math.cos(deg2rad(theta));\r\n\t\t  dist = Math.acos(dist);\r\n\t\t  dist = rad2deg(dist);\r\n\t\t  dist = dist * 60 * 1.1515;\r\n\t\t  if (unit == &#39;K&#39;) {\r\n\t\t    dist = dist * 1.609344;\r\n\t\t  } else if (unit == &#39;N&#39;) {\r\n\t\t    dist = dist * 0.8684;\r\n\t\t    }\r\n\t\t  return (dist);\r\n\t\t\r\n\t\t}\r\n\r\nWhat I am thinking is, it calculates the straight line distance between two points. It wont happen in real time. because a vehicle travel by road. So is there any better solution or algorithm to find out the distance between two places. Please any one help me in this.",
            "link": "https://stackoverflow.com/questions/26375138/how-to-calculate-the-distance-between-two-gio-points-lat-and-lng",
            "title": "How to calculate the distance between two gio points( lat and lng )?",
            "body": "<p>I am working on an ITS(Intelligent Transport System). So I have to calculate the EAT(Estimated Arrival Time) at the bus stop for a bus. Now I have the two points(lat, lng) of stop and position of vehicle at present. So I have to calculate distance. next I ll get speed SO I can calculate the Arrival Time at the stop for bus. My problem is, I am using this method to calculate distance between two points,</p>\n\n<pre><code>private double distance(double lat1, double lon1, double lat2, double lon2, char unit) {\n\n      double theta = lon1 - lon2;\n      double dist = Math.sin(deg2rad(lat1)) * Math.sin(deg2rad(lat2)) + Math.cos(deg2rad(lat1)) * Math.cos(deg2rad(lat2)) * Math.cos(deg2rad(theta));\n      dist = Math.acos(dist);\n      dist = rad2deg(dist);\n      dist = dist * 60 * 1.1515;\n      if (unit == 'K') {\n        dist = dist * 1.609344;\n      } else if (unit == 'N') {\n        dist = dist * 0.8684;\n        }\n      return (dist);\n\n    }\n</code></pre>\n\n<p>What I am thinking is, it calculates the straight line distance between two points. It wont happen in real time. because a vehicle travel by road. So is there any better solution or algorithm to find out the distance between two places. Please any one help me in this.</p>\n"
        },
        {
            "tags": [
                "ios",
                "swift"
            ],
            "owner": {
                "reputation": 3,
                "user_id": 8570413,
                "user_type": "registered",
                "profile_image": "https://www.gravatar.com/avatar/36254a699e8eb0def6956c67b1496c8f?s=128&d=identicon&r=PG&f=1",
                "display_name": "Nick Miller",
                "link": "https://stackoverflow.com/users/8570413/nick-miller"
            },
            "is_answered": false,
            "view_count": 19,
            "closed_date": 1524157210,
            "answer_count": 1,
            "score": -1,
            "last_activity_date": 1524157883,
            "creation_date": 1524155809,
            "question_id": 49926087,
            "body_markdown": "I&#39;ve been having this error for quite a while now and I have no idea how to fix it.\r\n&quot;Thread 1: Fatal error: Unexpectedly found nil while unwrapping an Optional value&quot;\r\nThat&#39;s the exact error code that pops up. I know this might be a simple fix but I can&#39;t figure out how to fix this at all.\r\n\r\nHere is my code for the webView Kit.\r\n\r\n    import UIKit\r\n    import WebKit\r\n\r\n\r\n    class ViewController: UIViewController {\r\n        //webpage import\r\n    \r\n    @IBOutlet weak var ParksView: WKWebView!\r\n    \r\n    override func viewDidLoad() {\r\n        super.viewDidLoad()\r\n        let url = URL(string: &quot;https://www.google.com&quot;)\r\n        let request = URLRequest(url: url!)\r\n        \r\n        ParksView.load(request)\r\n\r\n        // Do any additional setup after loading the view, typically from a nib.\r\n    }\r\n\r\nIf someone could explain to me what I need to do to fix this problem, I would be forever grateful. Thank you!",
            "link": "https://stackoverflow.com/questions/49926087/error-with-webview-kit-fatal-error-unexpectedly-found-nil-while-unwrapping-an",
            "closed_reason": "duplicate",
            "title": "Error with WebView Kit, Fatal error: Unexpectedly found nil while unwrapping an Optional value",
            "body": "<p>I've been having this error for quite a while now and I have no idea how to fix it.\n\"Thread 1: Fatal error: Unexpectedly found nil while unwrapping an Optional value\"\nThat's the exact error code that pops up. I know this might be a simple fix but I can't figure out how to fix this at all.</p>\n\n<p>Here is my code for the webView Kit.</p>\n\n<pre><code>import UIKit\nimport WebKit\n\n\nclass ViewController: UIViewController {\n    //webpage import\n\n@IBOutlet weak var ParksView: WKWebView!\n\noverride func viewDidLoad() {\n    super.viewDidLoad()\n    let url = URL(string: \"https://www.google.com\")\n    let request = URLRequest(url: url!)\n\n    ParksView.load(request)\n\n    // Do any additional setup after loading the view, typically from a nib.\n}\n</code></pre>\n\n<p>If someone could explain to me what I need to do to fix this problem, I would be forever grateful. Thank you!</p>\n"
        },
        {
            "tags": [
                "python",
                "plot",
                "line"
            ],
            "owner": {
                "reputation": 8,
                "user_id": 3650827,
                "user_type": "registered",
                "profile_image": "https://www.gravatar.com/avatar/73b8d459d1237d86c8bf5c7c4c104e08?s=128&d=identicon&r=PG&f=1",
                "display_name": "user3650827",
                "link": "https://stackoverflow.com/users/3650827/user3650827"
            },
            "is_answered": true,
            "view_count": 27,
            "answer_count": 1,
            "score": 1,
            "last_activity_date": 1524157878,
            "creation_date": 1524156810,
            "last_edit_date": 1524156851,
            "question_id": 49926379,
            "body_markdown": "I have a simple question which I struggle solve though.\r\nHow can I extract xy values from a line?\r\nFor example in this line: \r\n\r\n\r\n    import matplotlib.pyplot as plt\r\n    fig = plt.figure()\r\n    ax = fig.add_subplot(111)\r\n    x1 = [0.1,0.12,0.13,0.18,0.2,0.25,0.27,0.29]\r\n    y1 = [1,2,3,4,5,6,7,8]\r\n    ax.plot(x1, y1, color=&#39;lightblue&#39;,linewidth=3)\r\n\r\nhow can I extract the value of y1 for a non existing x, e.g. for x=0.23?\r\nand also plot it with a dot on the line?",
            "link": "https://stackoverflow.com/questions/49926379/python-extract-specific-values-from-a-line",
            "title": "python, extract specific values from a line",
            "body": "<p>I have a simple question which I struggle solve though.\nHow can I extract xy values from a line?\nFor example in this line: </p>\n\n<pre><code>import matplotlib.pyplot as plt\nfig = plt.figure()\nax = fig.add_subplot(111)\nx1 = [0.1,0.12,0.13,0.18,0.2,0.25,0.27,0.29]\ny1 = [1,2,3,4,5,6,7,8]\nax.plot(x1, y1, color='lightblue',linewidth=3)\n</code></pre>\n\n<p>how can I extract the value of y1 for a non existing x, e.g. for x=0.23?\nand also plot it with a dot on the line?</p>\n"
        },
        {
            "tags": [
                "php",
                "html",
                "css",
                "ajax",
                "laravel"
            ],
            "owner": {
                "reputation": 6,
                "user_id": 9669093,
                "user_type": "registered",
                "profile_image": "https://lh6.googleusercontent.com/-YR1gQlPh-sw/AAAAAAAAAAI/AAAAAAAAABc/CBN02-WDb0I/photo.jpg?sz=128",
                "display_name": "Saw Buz",
                "link": "https://stackoverflow.com/users/9669093/saw-buz"
            },
            "is_answered": false,
            "view_count": 78,
            "closed_date": 1524176205,
            "answer_count": 0,
            "score": -2,
            "last_activity_date": 1524157872,
            "creation_date": 1524157342,
            "last_edit_date": 1524157872,
            "question_id": 49926517,
            "body_markdown": "i have created a website for hotel bookings. on the rooms type page i have a searchbox and i need to display the details of the searched hotel and its type. but i am getting error. this is my html\r\n\r\n&lt;!-- begin snippet: js hide: false console: true babel: false --&gt;\r\n\r\n&lt;!-- language: lang-html --&gt;\r\n\r\n    &lt;div class=&quot;banner-right wow fadeInRight animated col-md-3&quot; data-wow-delay=&quot;.5s&quot;&gt;\r\n        &lt;div class=&quot;banner-text&quot;&gt;\r\n            &lt;h3&gt;Choose rooms&lt;/h3&gt;\r\n            &lt;form action=&quot;&quot;  method=&quot;post&quot; class=&quot;getroom-form&quot;&gt;\r\n                {{ csrf_field() }}\r\n                &lt;div class=&quot;best-hot col-md-6&quot;&gt;\r\n                    &lt;input type=&quot;hidden&quot; name=&quot;id&quot; id=&quot;id&quot; value=&quot;{{ $product-&gt;id}}&quot; /&gt;\r\n                    &lt;h5&gt;Check in&lt;/h5&gt;\r\n                    &lt;div class=&quot;book_date&quot;&gt;\r\n                        &lt;span class=&quot;glyphicon glyphicon-calendar&quot; aria-hidden=&quot;true&quot;&gt;&lt;/span&gt;\r\n    \r\n                        &lt;input type=&quot;date&quot; id=&quot;checkin&quot; name=&quot;checkin&quot; value=&quot;Select date&quot; onfocus=&quot;this.value = &#39;&#39;;&quot; onblur=&quot;if (this.value == &#39;&#39;) {\r\n                                    this.value = &#39;Select date&#39;;\r\n                                }&quot;&gt;\r\n                    &lt;/div&gt;\r\n                &lt;/div&gt;\r\n                &lt;div class=&quot;best-hot col-md-6&quot;&gt;\r\n                    &lt;h5&gt;Check out&lt;/h5&gt;\r\n                    &lt;div class=&quot;book_date&quot;&gt;\r\n                        &lt;span class=&quot;glyphicon glyphicon-calendar&quot; aria-hidden=&quot;true&quot;&gt;&lt;/span&gt;\r\n                        &lt;input type=&quot;date&quot; id=&quot;check_out&quot; name=&quot;check_out&quot; value=&quot;Select date&quot; onfocus=&quot;this.value = &#39;&#39;;&quot; onblur=&quot;if (this.value == &#39;&#39;) {\r\n                                    this.value = &#39;Select date&#39;;}&quot;&gt;\r\n                    &lt;/div&gt;\r\n                &lt;/div&gt;\r\n                &lt;div class=&quot;best-hot col-md-12&quot;&gt;\r\n                    &lt;h5&gt;Rooms&lt;/h5&gt;\r\n                    &lt;input type=&quot;text&quot; id=&quot;rooms&quot; name=&quot;rooms&quot; value=&quot;Type Here&quot; onfocus=&quot;this.value = &#39;&#39;;&quot; onblur=&quot;if (this.value == &#39;&#39;) {\r\n                                this.value = &#39;Type Here&#39;;}&quot; required=&quot;&quot;&gt;\r\n                &lt;/div&gt;\r\n                &lt;div class=&quot;best-hot col-md-12&quot;&gt;\r\n                    &lt;h5&gt;children&lt;/h5&gt;\r\n                    &lt;input type=&quot;text&quot; id=&quot;children&quot; name=&quot;children&quot; value=&quot;Type Here&quot; onfocus=&quot;this.value = &#39;&#39;;&quot; onblur=&quot;if (this.value == &#39;&#39;) {\r\n                                this.value = &#39;Type Here&#39;;}&quot; required=&quot;&quot;&gt;\r\n                &lt;/div&gt;\r\n                &lt;div class=&quot;best-hot col-md-12&quot;&gt;\r\n                    &lt;h5&gt;adult&lt;/h5&gt;\r\n                    &lt;input type=&quot;text&quot; id=&quot;adults&quot; name=&quot;adults&quot; formenctype=&quot;&quot;value=&quot;Type Here&quot; onfocus=&quot;this.value = &#39;&#39;;&quot; onblur=&quot;if (this.value == &#39;&#39;) {\r\n                                this.value = &#39;Type Here&#39;;}&quot; required=&quot;&quot;&gt;\r\n                &lt;/div&gt;\r\n                &lt;button id=&quot;button&quot; type=&quot;submit&quot; value=&quot;Submit&quot;&gt;\r\n            &lt;/form&gt;\r\n        &lt;/div&gt;\r\n    &lt;/div&gt;\r\n    \r\n    \r\n    &lt;div class=&quot;container&quot;&gt;\r\n    \r\n    \r\n        @foreach($roomtypes as $addon)\r\n    \r\n        &lt;div class=&quot;product col-md-4&quot;&gt;\r\n            &lt;div class=&quot;text&quot;&gt;\r\n                &lt;form action=&quot;/booknow&quot; method=&quot;post&quot;&gt;\r\n                    &lt;div class=&quot;text-r&quot;&gt;\r\n                        &lt;div&gt;\r\n    \r\n                            &lt;h1&gt;&lt;i class=&quot;fa fa-bed&quot;&gt;&lt;/i&gt;&amp;nbsp;roomtype:\r\n                                {{$addon-&gt;type}}&lt;/h1&gt;\r\n                            &lt;br /&gt;\r\n                            &lt;i class=&quot;fa fa-users&quot;&gt;&lt;/i&gt;&amp;nbsp;Maximum occupancy:\r\n                            {{$addon-&gt;max_occupancy}}\r\n                            &lt;br /&gt;\r\n                            &lt;i class=&quot;fa fa-money&quot;&gt;&lt;/i&gt;&amp;nbsp;price:\r\n                            {{$addon-&gt;price}}\r\n                            &lt;br /&gt;\r\n                            &lt;i class=&quot;fa fa-question&quot;&gt;&lt;/i&gt;&amp;nbsp;Description:\r\n                            &lt;li&gt;\r\n                                {{$addon-&gt;description}}\r\n                            &lt;/li&gt;\r\n                        &lt;/div&gt;\r\n    \r\n    \r\n    \r\n                    &lt;/div&gt;\r\n\r\n\r\n&lt;!-- end snippet --&gt;\r\n\r\nhere is my ajax code:\r\n\r\n   \r\n\r\n     $(&quot;form.getroom-form&quot;).submit(function(e){\r\n        e.preventDefault();\r\n    \r\n        var id = $(&quot;#id&quot;).val();\r\n    \r\n    alert(id);\r\n        $.ajax({\r\n           type:&#39;POST&#39;,\r\n           url:&#39;/roomtype&#39;,\r\n           dataType: &#39;json&#39;,\r\n           data:{id:id},\r\n           success:function(data){\r\n              // alert(data.success);\r\n    \t\t\t\t//\talert(&#39;success&#39;);\r\n    \t\t\t\t$(&quot;.product&quot;).html(data);\r\n           }\r\n        });\r\n    });\r\n    \r\n    controller\r\n    public function getRoomtype(Product $product,Request $request) {\r\n        $relations = [&#39;category&#39;, &#39;variants&#39;, &#39;images&#39;];\r\n    $product-&gt;load($relations);\r\n        $data = $request-&gt;only(&#39;id&#39;);\r\n    \r\n        $roomtypes = DB::table(&#39;roomtypes&#39;)-&gt;select(&#39;*&#39;)-&gt;join(&#39;products&#39;, &#39;products.id&#39;, &#39;=&#39;, &#39;roomtypes.product_id&#39;)-&gt;where(&#39;roomtypes.product_id&#39;, &#39;=&#39;,$data)-&gt;get();\r\n       \r\n          return view(&#39;single&#39;, compact(&#39;product&#39;,&#39;roomtypes&#39;));\r\n    \r\n    \r\n    \r\n      }\r\n\r\n\r\nhere is my route: \r\n\r\n    Route::resource(&#39;/roomtype&#39;, &#39;ProductController@getRoomtype&#39;);\r\n\r\nthis is my source code. and am getting the error as seen in the image. when i click, am not getting the details i need. i have attached the error image as well\r\n\r\n[![enter image description here][1]][1]\r\n\r\n\r\n  [1]: https://i.stack.imgur.com/XnuoT.png",
            "link": "https://stackoverflow.com/questions/49926517/i-have-done-a-website-for-hotel-bookings-and-i-have-the-following-error-with-my",
            "closed_reason": "off-topic",
            "title": "I have done a website for hotel bookings and i have the following error with my code",
            "body": "<p>i have created a website for hotel bookings. on the rooms type page i have a searchbox and i need to display the details of the searched hotel and its type. but i am getting error. this is my html</p>\n\n<p><div class=\"snippet\" data-lang=\"js\" data-hide=\"false\" data-console=\"true\" data-babel=\"false\">\r\n<div class=\"snippet-code\">\r\n<pre class=\"snippet-code-html lang-html prettyprint-override\"><code>&lt;div class=\"banner-right wow fadeInRight animated col-md-3\" data-wow-delay=\".5s\"&gt;\r\n    &lt;div class=\"banner-text\"&gt;\r\n        &lt;h3&gt;Choose rooms&lt;/h3&gt;\r\n        &lt;form action=\"\"  method=\"post\" class=\"getroom-form\"&gt;\r\n            {{ csrf_field() }}\r\n            &lt;div class=\"best-hot col-md-6\"&gt;\r\n                &lt;input type=\"hidden\" name=\"id\" id=\"id\" value=\"{{ $product-&gt;id}}\" /&gt;\r\n                &lt;h5&gt;Check in&lt;/h5&gt;\r\n                &lt;div class=\"book_date\"&gt;\r\n                    &lt;span class=\"glyphicon glyphicon-calendar\" aria-hidden=\"true\"&gt;&lt;/span&gt;\r\n\r\n                    &lt;input type=\"date\" id=\"checkin\" name=\"checkin\" value=\"Select date\" onfocus=\"this.value = '';\" onblur=\"if (this.value == '') {\r\n                                this.value = 'Select date';\r\n                            }\"&gt;\r\n                &lt;/div&gt;\r\n            &lt;/div&gt;\r\n            &lt;div class=\"best-hot col-md-6\"&gt;\r\n                &lt;h5&gt;Check out&lt;/h5&gt;\r\n                &lt;div class=\"book_date\"&gt;\r\n                    &lt;span class=\"glyphicon glyphicon-calendar\" aria-hidden=\"true\"&gt;&lt;/span&gt;\r\n                    &lt;input type=\"date\" id=\"check_out\" name=\"check_out\" value=\"Select date\" onfocus=\"this.value = '';\" onblur=\"if (this.value == '') {\r\n                                this.value = 'Select date';}\"&gt;\r\n                &lt;/div&gt;\r\n            &lt;/div&gt;\r\n            &lt;div class=\"best-hot col-md-12\"&gt;\r\n                &lt;h5&gt;Rooms&lt;/h5&gt;\r\n                &lt;input type=\"text\" id=\"rooms\" name=\"rooms\" value=\"Type Here\" onfocus=\"this.value = '';\" onblur=\"if (this.value == '') {\r\n                            this.value = 'Type Here';}\" required=\"\"&gt;\r\n            &lt;/div&gt;\r\n            &lt;div class=\"best-hot col-md-12\"&gt;\r\n                &lt;h5&gt;children&lt;/h5&gt;\r\n                &lt;input type=\"text\" id=\"children\" name=\"children\" value=\"Type Here\" onfocus=\"this.value = '';\" onblur=\"if (this.value == '') {\r\n                            this.value = 'Type Here';}\" required=\"\"&gt;\r\n            &lt;/div&gt;\r\n            &lt;div class=\"best-hot col-md-12\"&gt;\r\n                &lt;h5&gt;adult&lt;/h5&gt;\r\n                &lt;input type=\"text\" id=\"adults\" name=\"adults\" formenctype=\"\"value=\"Type Here\" onfocus=\"this.value = '';\" onblur=\"if (this.value == '') {\r\n                            this.value = 'Type Here';}\" required=\"\"&gt;\r\n            &lt;/div&gt;\r\n            &lt;button id=\"button\" type=\"submit\" value=\"Submit\"&gt;\r\n        &lt;/form&gt;\r\n    &lt;/div&gt;\r\n&lt;/div&gt;\r\n\r\n\r\n&lt;div class=\"container\"&gt;\r\n\r\n\r\n    @foreach($roomtypes as $addon)\r\n\r\n    &lt;div class=\"product col-md-4\"&gt;\r\n        &lt;div class=\"text\"&gt;\r\n            &lt;form action=\"/booknow\" method=\"post\"&gt;\r\n                &lt;div class=\"text-r\"&gt;\r\n                    &lt;div&gt;\r\n\r\n                        &lt;h1&gt;&lt;i class=\"fa fa-bed\"&gt;&lt;/i&gt;&amp;nbsp;roomtype:\r\n                            {{$addon-&gt;type}}&lt;/h1&gt;\r\n                        &lt;br /&gt;\r\n                        &lt;i class=\"fa fa-users\"&gt;&lt;/i&gt;&amp;nbsp;Maximum occupancy:\r\n                        {{$addon-&gt;max_occupancy}}\r\n                        &lt;br /&gt;\r\n                        &lt;i class=\"fa fa-money\"&gt;&lt;/i&gt;&amp;nbsp;price:\r\n                        {{$addon-&gt;price}}\r\n                        &lt;br /&gt;\r\n                        &lt;i class=\"fa fa-question\"&gt;&lt;/i&gt;&amp;nbsp;Description:\r\n                        &lt;li&gt;\r\n                            {{$addon-&gt;description}}\r\n                        &lt;/li&gt;\r\n                    &lt;/div&gt;\r\n\r\n\r\n\r\n                &lt;/div&gt;</code></pre>\r\n</div>\r\n</div>\r\n</p>\n\n<p>here is my ajax code:</p>\n\n<pre><code> $(\"form.getroom-form\").submit(function(e){\n    e.preventDefault();\n\n    var id = $(\"#id\").val();\n\nalert(id);\n    $.ajax({\n       type:'POST',\n       url:'/roomtype',\n       dataType: 'json',\n       data:{id:id},\n       success:function(data){\n          // alert(data.success);\n                //  alert('success');\n                $(\".product\").html(data);\n       }\n    });\n});\n\ncontroller\npublic function getRoomtype(Product $product,Request $request) {\n    $relations = ['category', 'variants', 'images'];\n$product-&gt;load($relations);\n    $data = $request-&gt;only('id');\n\n    $roomtypes = DB::table('roomtypes')-&gt;select('*')-&gt;join('products', 'products.id', '=', 'roomtypes.product_id')-&gt;where('roomtypes.product_id', '=',$data)-&gt;get();\n\n      return view('single', compact('product','roomtypes'));\n\n\n\n  }\n</code></pre>\n\n<p>here is my route: </p>\n\n<pre><code>Route::resource('/roomtype', 'ProductController@getRoomtype');\n</code></pre>\n\n<p>this is my source code. and am getting the error as seen in the image. when i click, am not getting the details i need. i have attached the error image as well</p>\n\n<p><a href=\"https://i.stack.imgur.com/XnuoT.png\" rel=\"nofollow noreferrer\"><img src=\"https://i.stack.imgur.com/XnuoT.png\" alt=\"enter image description here\"></a></p>\n"
        },
        {
            "tags": [
                "android",
                "android-studio",
                "gradle",
                "aapt2"
            ],
            "owner": {
                "reputation": 3,
                "user_id": 9584893,
                "user_type": "registered",
                "profile_image": "https://www.gravatar.com/avatar/7a601684f1b41d67568e68af7ac0e869?s=128&d=identicon&r=PG",
                "display_name": "Libra Tang",
                "link": "https://stackoverflow.com/users/9584893/libra-tang"
            },
            "is_answered": true,
            "view_count": 99,
            "accepted_answer_id": 49926632,
            "answer_count": 1,
            "score": 0,
            "last_activity_date": 1524157862,
            "creation_date": 1523978611,
            "last_edit_date": 1524155273,
            "question_id": 49881989,
            "body_markdown": "I updated android studio from 2.2 to 3.1 and it always give me `aapt2 error` and build failed. I added `android.enableAapt2=false` in gradle.properties and my project build successfully with a warning:&lt;br&gt;\r\n`The option &#39;android.enableAapt2&#39; is deprecated and should not be used anymore.\r\nUse &#39;android.enableAapt2=true&#39; to remove this warning.\r\nIt will be removed at the end of 2018.`\r\n\r\nThe most serious thing is that I can&#39;t run the app on my mobile and virtual devices. The error `Failed to execute aapt`&lt;br&gt;\r\n\r\n**The details:**&lt;br&gt;\r\n**Run build**&lt;br&gt;\r\n\r\n    org.gradle..ReportedException: org.gradle.internal.exceptions.LocationAwareException: Execution failed for task &#39;:app:transformDexWithInstantRunDependenciesApkForDebug&#39;.\r\n    \tat org.gradle.initialization.DefaultGradleLauncher.doBuildStages(DefaultGradleLauncher.java:139)\r\n    \tat org.gradle.initialization.DefaultGradleLauncher.executeTasks(DefaultGradleLauncher.java:109)\r\n    \tat org.gradle.internal.invocation.GradleBuildController$1.call(GradleBuildController.java:78)\r\n    \tat org.gradle.internal.invocation.GradleBuildController$1.call(GradleBuildController.java:75)\r\n    \tat org.gradle.internal.work.DefaultWorkerLeaseService.withLocks(DefaultWorkerLeaseService.java:152)\r\n    \tat org.gradle.internal.invocation.GradleBuildController.doBuild(GradleBuildController.java:100)\r\n    \tat org.gradle.internal.invocation.GradleBuildController.run(GradleBuildController.java:75)\r\n    \tat org.gradle.tooling.internal.provider.runner.ClientProvidedBuildActionRunner.run(ClientProvidedBuildActionRunner.java:62)\r\n    \tat org.gradle.launcher.exec.ChainingBuildActionRunner.run(ChainingBuildActionRunner.java:35)\r\n    \tat org.gradle.launcher.exec.ChainingBuildActionRunner.run(ChainingBuildActionRunner.java:35)\r\n    \tat org.gradle.tooling.internal.provider.ValidatingBuildActionRunner.run(ValidatingBuildActionRunner.java:32)\r\n    \tat org.gradle.launcher.exec.RunAsBuildOperationBuildActionRunner$1.run(RunAsBuildOperationBuildActionRunner.java:43)\r\n    \tat org.gradle.internal.progress.DefaultBuildOperationExecutor$RunnableBuildOperationWorker.execute(DefaultBuildOperationExecutor.java:336)\r\n    \tat org.gradle.internal.progress.DefaultBuildOperationExecutor$RunnableBuildOperationWorker.execute(DefaultBuildOperationExecutor.java:328)\r\n    \tat org.gradle.internal.progress.DefaultBuildOperationExecutor.execute(DefaultBuildOperationExecutor.java:199)\r\n    \tat org.gradle.internal.progress.DefaultBuildOperationExecutor.run(DefaultBuildOperationExecutor.java:110)\r\n    \tat org.gradle.launcher.exec.RunAsBuildOperationBuildActionRunner.run(RunAsBuildOperationBuildActionRunner.java:40)\r\n    \tat org.gradle.tooling.internal.provider.SubscribableBuildActionRunner.run(SubscribableBuildActionRunner.java:51)\r\n    \tat org.gradle.launcher.exec.InProcessBuildActionExecuter.execute(InProcessBuildActionExecuter.java:47)\r\n    \tat org.gradle.launcher.exec.InProcessBuildActionExecuter.execute(InProcessBuildActionExecuter.java:30)\r\n    \tat org.gradle.launcher.exec.BuildTreeScopeBuildActionExecuter.execute(BuildTreeScopeBuildActionExecuter.java:39)\r\n    \tat org.gradle.launcher.exec.BuildTreeScopeBuildActionExecuter.execute(BuildTreeScopeBuildActionExecuter.java:25)\r\n    \tat org.gradle.tooling.internal.provider.ContinuousBuildActionExecuter.execute(ContinuousBuildActionExecuter.java:80)\r\n    \tat org.gradle.tooling.internal.provider.ContinuousBuildActionExecuter.execute(ContinuousBuildActionExecuter.java:53)\r\n    \tat org.gradle.tooling.internal.provider.ServicesSetupBuildActionExecuter.execute(ServicesSetupBuildActionExecuter.java:57)\r\n    \tat org.gradle.tooling.internal.provider.ServicesSetupBuildActionExecuter.execute(ServicesSetupBuildActionExecuter.java:32)\r\n    \tat org.gradle.tooling.internal.provider.GradleThreadBuildActionExecuter.execute(GradleThreadBuildActionExecuter.java:36)\r\n    \tat org.gradle.tooling.internal.provider.GradleThreadBuildActionExecuter.execute(GradleThreadBuildActionExecuter.java:25)\r\n    \tat org.gradle.tooling.internal.provider.ParallelismConfigurationBuildActionExecuter.execute(ParallelismConfigurationBuildActionExecuter.java:43)\r\n    \tat org.gradle.tooling.internal.provider.ParallelismConfigurationBuildActionExecuter.execute(ParallelismConfigurationBuildActionExecuter.java:29)\r\n    \tat org.gradle.tooling.internal.provider.StartParamsValidatingActionExecuter.execute(StartParamsValidatingActionExecuter.java:69)\r\n    \tat org.gradle.tooling.internal.provider.StartParamsValidatingActionExecuter.execute(StartParamsValidatingActionExecuter.java:30)\r\n    \tat org.gradle.tooling.internal.provider.SessionFailureReportingActionExecuter.execute(SessionFailureReportingActionExecuter.java:59)\r\n    \tat org.gradle.tooling.internal.provider.SessionFailureReportingActionExecuter.execute(SessionFailureReportingActionExecuter.java:44)\r\n    \tat org.gradle.tooling.internal.provider.SetupLoggingActionExecuter.execute(SetupLoggingActionExecuter.java:45)\r\n    \tat org.gradle.tooling.internal.provider.SetupLoggingActionExecuter.execute(SetupLoggingActionExecuter.java:30)\r\n    \tat org.gradle.launcher.daemon.server.exec.ExecuteBuild.doBuild(ExecuteBuild.java:67)\r\n    \tat org.gradle.launcher.daemon.server.exec.BuildCommandOnly.execute(BuildCommandOnly.java:36)\r\n    \tat org.gradle.launcher.daemon.server.api.DaemonCommandExecution.proceed(DaemonCommandExecution.java:122)\r\n    \tat org.gradle.launcher.daemon.server.exec.WatchForDisconnection.execute(WatchForDisconnection.java:37)\r\n    \tat org.gradle.launcher.daemon.server.api.DaemonCommandExecution.proceed(DaemonCommandExecution.java:122)\r\n    \tat org.gradle.launcher.daemon.server.exec.ResetDeprecationLogger.execute(ResetDeprecationLogger.java:26)\r\n    \tat org.gradle.launcher.daemon.server.api.DaemonCommandExecution.proceed(DaemonCommandExecution.java:122)\r\n    \tat org.gradle.launcher.daemon.server.exec.RequestStopIfSingleUsedDaemon.execute(RequestStopIfSingleUsedDaemon.java:34)\r\n    \tat org.gradle.launcher.daemon.server.api.DaemonCommandExecution.proceed(DaemonCommandExecution.java:122)\r\n    \tat org.gradle.launcher.daemon.server.exec.ForwardClientInput$2.call(ForwardClientInput.java:74)\r\n    \tat org.gradle.launcher.daemon.server.exec.ForwardClientInput$2.call(ForwardClientInput.java:72)\r\n    \tat org.gradle.util.Swapper.swap(Swapper.java:38)\r\n    \tat org.gradle.launcher.daemon.server.exec.ForwardClientInput.execute(ForwardClientInput.java:72)\r\n    \tat org.gradle.launcher.daemon.server.api.DaemonCommandExecution.proceed(DaemonCommandExecution.java:122)\r\n    \tat org.gradle.launcher.daemon.server.exec.LogAndCheckHealth.execute(LogAndCheckHealth.java:55)\r\n    \tat org.gradle.launcher.daemon.server.api.DaemonCommandExecution.proceed(DaemonCommandExecution.java:122)\r\n    \tat org.gradle.launcher.daemon.server.exec.LogToClient.doBuild(LogToClient.java:62)\r\n    \tat org.gradle.launcher.daemon.server.exec.BuildCommandOnly.execute(BuildCommandOnly.java:36)\r\n    \tat org.gradle.launcher.daemon.server.api.DaemonCommandExecution.proceed(DaemonCommandExecution.java:122)\r\n    \tat org.gradle.launcher.daemon.server.exec.EstablishBuildEnvironment.doBuild(EstablishBuildEnvironment.java:82)\r\n    \tat org.gradle.launcher.daemon.server.exec.BuildCommandOnly.execute(BuildCommandOnly.java:36)\r\n    \tat org.gradle.launcher.daemon.server.api.DaemonCommandExecution.proceed(DaemonCommandExecution.java:122)\r\n    \tat org.gradle.launcher.daemon.server.exec.StartBuildOrRespondWithBusy$1.run(StartBuildOrRespondWithBusy.java:50)\r\n    \tat org.gradle.launcher.daemon.server.DaemonStateCoordinator$1.run(DaemonStateCoordinator.java:295)\r\n    \tat org.gradle.internal.concurrent.ExecutorPolicy$CatchAndRecordFailures.onExecute(ExecutorPolicy.java:63)\r\n    \tat org.gradle.internal.concurrent.ManagedExecutorImpl$1.run(ManagedExecutorImpl.java:46)\r\n    \tat java.util.concurrent.ThreadPoolExecutor.runWorker(ThreadPoolExecutor.java:1142)\r\n    \tat java.util.concurrent.ThreadPoolExecutor$Worker.run(ThreadPoolExecutor.java:617)\r\n    \tat org.gradle.internal.concurrent.ThreadFactoryImpl$ManagedThreadRunnable.run(ThreadFactoryImpl.java:55)\r\n    \tat java.lang.Thread.run(Thread.java:745)\r\n    Caused by: org.gradle.internal.exceptions.LocationAwareException: Execution failed for task &#39;:app:transformDexWithInstantRunDependenciesApkForDebug&#39;.\r\n    \tat org.gradle.initialization.DefaultExceptionAnalyser.transform(DefaultExceptionAnalyser.java:74)\r\n    \tat org.gradle.initialization.MultipleBuildFailuresExceptionAnalyser.transform(MultipleBuildFailuresExceptionAnalyser.java:47)\r\n    \tat org.gradle.initialization.StackTraceSanitizingExceptionAnalyser.transform(StackTraceSanitizingExceptionAnalyser.java:30)\r\n    \tat org.gradle.initialization.DefaultGradleLauncher.doBuildStages(DefaultGradleLauncher.java:137)\r\n    \tat org.gradle.initialization.DefaultGradleLauncher.executeTasks(DefaultGradleLauncher.java:109)\r\n    \tat org.gradle.internal.invocation.GradleBuildController$1.call(GradleBuildController.java:78)\r\n    \tat org.gradle.internal.invocation.GradleBuildController$1.call(GradleBuildController.java:75)\r\n    \tat org.gradle.internal.work.DefaultWorkerLeaseService.withLocks(DefaultWorkerLeaseService.java:152)\r\n    \tat org.gradle.internal.invocation.GradleBuildController.doBuild(GradleBuildController.java:100)\r\n    \tat org.gradle.internal.invocation.GradleBuildController.run(GradleBuildController.java:75)\r\n    \tat org.gradle.tooling.internal.provider.runner.ClientProvidedBuildActionRunner.run(ClientProvidedBuildActionRunner.java:62)\r\n    \tat org.gradle.launcher.exec.ChainingBuildActionRunner.run(ChainingBuildActionRunner.java:35)\r\n    \tat org.gradle.launcher.exec.ChainingBuildActionRunner.run(ChainingBuildActionRunner.java:35)\r\n    \tat org.gradle.tooling.internal.provider.ValidatingBuildActionRunner.run(ValidatingBuildActionRunner.java:32)\r\n    \tat org.gradle.launcher.exec.RunAsBuildOperationBuildActionRunner$1.run(RunAsBuildOperationBuildActionRunner.java:43)\r\n    \tat org.gradle.internal.progress.DefaultBuildOperationExecutor$RunnableBuildOperationWorker.execute(DefaultBuildOperationExecutor.java:336)\r\n    \tat org.gradle.internal.progress.DefaultBuildOperationExecutor$RunnableBuildOperationWorker.execute(DefaultBuildOperationExecutor.java:328)\r\n    \tat org.gradle.internal.progress.DefaultBuildOperationExecutor.execute(DefaultBuildOperationExecutor.java:199)\r\n    \tat org.gradle.internal.progress.DefaultBuildOperationExecutor.run(DefaultBuildOperationExecutor.java:110)\r\n    \tat org.gradle.launcher.exec.RunAsBuildOperationBuildActionRunner.run(RunAsBuildOperationBuildActionRunner.java:40)\r\n    \tat org.gradle.tooling.internal.provider.SubscribableBuildActionRunner.run(SubscribableBuildActionRunner.java:51)\r\n    \tat org.gradle.launcher.exec.InProcessBuildActionExecuter.execute(InProcessBuildActionExecuter.java:47)\r\n    \tat org.gradle.launcher.exec.InProcessBuildActionExecuter.execute(InProcessBuildActionExecuter.java:30)\r\n    \tat org.gradle.launcher.exec.BuildTreeScopeBuildActionExecuter.execute(BuildTreeScopeBuildActionExecuter.java:39)\r\n    \tat org.gradle.launcher.exec.BuildTreeScopeBuildActionExecuter.execute(BuildTreeScopeBuildActionExecuter.java:25)\r\n    \tat org.gradle.tooling.internal.provider.ContinuousBuildActionExecuter.execute(ContinuousBuildActionExecuter.java:80)\r\n    \tat org.gradle.tooling.internal.provider.ContinuousBuildActionExecuter.execute(ContinuousBuildActionExecuter.java:53)\r\n    \tat org.gradle.tooling.internal.provider.ServicesSetupBuildActionExecuter.execute(ServicesSetupBuildActionExecuter.java:57)\r\n    \tat org.gradle.tooling.internal.provider.ServicesSetupBuildActionExecuter.execute(ServicesSetupBuildActionExecuter.java:32)\r\n    \tat org.gradle.tooling.internal.provider.GradleThreadBuildActionExecuter.execute(GradleThreadBuildActionExecuter.java:36)\r\n    \tat org.gradle.tooling.internal.provider.GradleThreadBuildActionExecuter.execute(GradleThreadBuildActionExecuter.java:25)\r\n    \tat org.gradle.tooling.internal.provider.ParallelismConfigurationBuildActionExecuter.execute(ParallelismConfigurationBuildActionExecuter.java:43)\r\n    \tat org.gradle.tooling.internal.provider.ParallelismConfigurationBuildActionExecuter.execute(ParallelismConfigurationBuildActionExecuter.java:29)\r\n    \tat org.gradle.tooling.internal.provider.StartParamsValidatingActionExecuter.execute(StartParamsValidatingActionExecuter.java:69)\r\n    \tat org.gradle.tooling.internal.provider.StartParamsValidatingActionExecuter.execute(StartParamsValidatingActionExecuter.java:30)\r\n    \tat org.gradle.tooling.internal.provider.SessionFailureReportingActionExecuter.execute(SessionFailureReportingActionExecuter.java:59)\r\n    \tat org.gradle.tooling.internal.provider.SessionFailureReportingActionExecuter.execute(SessionFailureReportingActionExecuter.java:44)\r\n    \tat org.gradle.tooling.internal.provider.SetupLoggingActionExecuter.execute(SetupLoggingActionExecuter.java:45)\r\n    \tat org.gradle.tooling.internal.provider.SetupLoggingActionExecuter.execute(SetupLoggingActionExecuter.java:30)\r\n\r\n \r\n**Java compiler**&lt;br&gt;\r\n`Caused by: java.util.NoSuchElementException`\r\n\r\n**When I enable AAPT2, the log details:**&lt;br&gt;\r\n    `Configure project :app useNewCruncher has been deprecated. It will be removed in a future version of the gradle plugin. New cruncher is now always enabled.\r\nC:\\Users\\??\\.gradle\\caches\\transforms-1\\files-1.1\\appcompat-v7-27.1.1.aar\\031c62276958579ac6449e5bad72b0ac\\res\\anim\\abc_tooltip_exit.xml: error: file not found.\r\nC:\\Users\\??\\.gradle\\caches\\transforms-1\\files-1.1\\appcompat-v7-27.1.1.aar\\031c62276958579ac6449e5bad72b0ac\\res\\drawable-hdpi-v4\\abc_ic_menu_share_mtrl_alpha.png: error: file not found.\r\nC:\\Users\\??\\.gradle\\caches\\transforms-1\\files-1.1\\appcompat-v7-27.1.1.aar\\031c62276958579ac6449e5bad72b0ac\\res\\drawable\\abc_btn_colored_material.xml: error: file not found.\r\nC:\\Users\\??\\.gradle\\caches\\transforms-1\\files-1.1\\appcompat-v7-27.1.1.aar\\031c62276958579ac6449e5bad72b0ac\\res\\drawable-hdpi-v4\\abc_textfield_search_default_mtrl_alpha.9.png: error: file not found.\r\nC:\\Users\\??\\.gradle\\caches\\transforms-1\\files-1.1\\appcompat-v7-27.1.1.aar\\031c62276958579ac6449e5bad72b0ac\\res\\layout\\abc_action_bar_up_container.xml: error: file not found.\r\nC:\\Users\\??\\.gradle\\caches\\transforms-1\\files-1.1\\appcompat-v7-27.1.1.aar\\031c62276958579ac6449e5bad72b0ac\\res\\drawable-xxhdpi-v4\\abc_text_select_handle_middle_mtrl_light.png: error: file not found.\r\nC:\\Users\\??\\.gradle\\caches\\transforms-1\\files-1.1\\appcompat-v7-27.1.1.aar\\031c62276958579ac6449e5bad72b0ac\\res\\drawable-xhdpi-v4\\abc_ab_share_pack_mtrl_alpha.9.png: error: file not found.\r\nC:\\Users\\??\\.gradle\\caches\\transforms-1\\files-1.1\\appcompat-v7-27.1.1.aar\\031c62276958579ac6449e5bad72b0ac\\res\\drawable-hdpi-v4\\abc_scrubber_control_to_pressed_mtrl_005.png: error: file not found.\r\nC:\\Users\\??\\.gradle\\caches\\transforms-1\\files-1.1\\appcompat-v7-27.1.1.aar\\031c62276958579ac6449e5bad72b0ac\\res\\layout\\abc_search_dropdown_item_icons_2line.xml: error: file not found.\r\nC:\\Users\\??\\.gradle\\caches\\transforms-1\\files-1.1\\appcompat-v7-27.1.1.aar\\031c62276958579ac6449e5bad72b0ac\\res\\drawable-hdpi-v4\\abc_scrubber_control_to_pressed_mtrl_000.png: error: file not found.\r\nC:\\Users\\??\\.gradle\\caches\\transforms-1\\files-1.1\\appcompat-v7-27.1.1.aar\\031c62276958579ac6449e5bad72b0ac\\res\\drawable-xhdpi-v4\\abc_text_select_handle_middle_mtrl_light.png: error: file not found.\r\nC:\\Users\\??\\.gradle\\caches\\transforms-1\\files-1.1\\appcompat-v7-27.1.1.aar\\031c62276958579ac6449e5bad72b0ac\\res\\drawable-xxxhdpi-v4\\abc_text_select_handle_right_mtrl_dark.png: error: file not found.\r\nC:\\Users\\??\\.gradle\\caches\\transforms-1\\files-1.1\\appcompat-v7-27.1.1.aar\\031c62276958579ac6449e5bad72b0ac\\res\\drawable-xhdpi-v4\\abc_list_selector_disabled_holo_dark.9.png: error: file not found.\r\nC:\\Users\\??\\.gradle\\caches\\transforms-1\\files-1.1\\appcompat-v7-27.1.1.aar\\031c62276958579ac6449e5bad72b0ac\\res\\drawable-xhdpi-v4\\abc_textfield_search_default_mtrl_alpha.9.png: error: file not found.\r\nC:\\Users\\??\\.gradle\\caches\\transforms-1\\files-1.1\\appcompat-v7-27.1.1.aar\\031c62276958579ac6449e5bad72b0ac\\res\\color\\abc_secondary_text_material_light.xml: error: file not found.\r\nC:\\Users\\??\\.gradle\\caches\\transforms-1\\files-1.1\\appcompat-v7-27.1.1.aar\\031c62276958579ac6449e5bad72b0ac\\res\\drawable\\abc_btn_default_mtrl_shape.xml: error: file not found.\r\nC:\\Users\\??\\.gradle\\caches\\transforms-1\\files-1.1\\appcompat-v7-27.1.1.aar\\031c62276958579ac6449e5bad72b0ac\\res\\color\\abc_primary_text_disable_only_material_light.xml: error: file not found.\r\nC:\\Users\\??\\.gradle\\caches\\transforms-1\\files-1.1\\appcompat-v7-27.1.1.aar\\031c62276958579ac6449e5bad72b0ac\\res\\drawable-ldrtl-xxhdpi-v17\\abc_ic_menu_copy_mtrl_am_alpha.png: error: file not found.\r\nC:\\Users\\??\\.gradle\\caches\\transforms-1\\files-1.1\\appcompat-v7-27.1.1.aar\\031c62276958579ac6449e5bad72b0ac\\res\\layout\\abc_screen_simple_overlay_action_mode.xml: error: file not found.\r\nC:\\Users\\??\\.gradle\\caches\\transforms-1\\files-1.1\\appcompat-v7-27.1.1.aar\\031c62276958579ac6449e5bad72b0ac\\res\\color\\abc_primary_text_material_light.xml: error: file not found.\r\nC:\\Users\\??\\.gradle\\caches\\transforms-1\\files-1.1\\appcompat-v7-27.1.1.aar\\031c62276958579ac6449e5bad72b0ac\\res\\drawable-xhdpi-v4\\abc_textfield_search_activated_mtrl_alpha.9.png: error: file not found.\r\nC:\\Users\\??\\.gradle\\caches\\transforms-1\\files-1.1\\appcompat-v7-27.1.1.aar\\031c62276958579ac6449e5bad72b0ac\\res\\layout\\abc_popup_menu_header_item_layout.xml: error: file not found.\r\nC:\\Users\\??\\.gradle\\caches\\transforms-1\\files-1.1\\appcompat-v7-27.1.1.aar\\031c62276958579ac6449e5bad72b0ac\\res\\drawable-hdpi-v4\\abc_ic_menu_cut_mtrl_alpha.png: error: file not found.\r\nC:\\Users\\??\\.gradle\\caches\\transforms-1\\files-1.1\\appcompat-v7-27.1.1.aar\\031c62276958579ac6449e5bad72b0ac\\res\\drawable-ldrtl-xhdpi-v17\\abc_spinner_mtrl_am_alpha.9.png: error: file not found.\r\nC:\\Users\\??\\.gradle\\caches\\transforms-1\\files-1.1\\appcompat-v7-27.1.1.aar\\031c62276958579ac6449e5bad72b0ac\\res\\drawable-mdpi-v4\\abc_text_select_handle_left_mtrl_dark.png: error: file not found.\r\nC:\\Users\\??\\.gradle\\caches\\transforms-1\\files-1.1\\appcompat-v7-27.1.1.aar\\031c62276958579ac6449e5bad72b0ac\\res\\drawable-xxhdpi-v4\\abc_ic_star_black_36dp.png: error: file not found.\r\nC:\\Users\\??\\.gradle\\caches\\transforms-1\\files-1.1\\appcompat-v7-27.1.1.aar\\031c62276958579ac6449e5bad72b0ac\\res\\drawable\\abc_edit_text_material.xml: error: file not found.\r\nC:\\Users\\??\\.gradle\\caches\\transforms-1\\files-1.1\\appcompat-v7-27.1.1.aar\\031c62276958579ac6449e5bad72b0ac\\res\\drawable-hdpi-v4\\abc_textfield_search_activated_mtrl_alpha.9.png: error: file not found.\r\nC:\\Users\\??\\.gradle\\caches\\transforms-1\\files-1.1\\appcompat-v7-27.1.1.aar\\031c62276958579ac6449e5bad72b0ac\\res\\layout\\select_dialog_multichoice_material.xml: error: file not found.\r\nC:\\Users\\??\\.gradle\\caches\\transforms-1\\files-1.1\\support-compat-27.1.1.aar\\89bc5b5be730920c1779275773f888ad\\res\\drawable-xhdpi-v4\\notification_bg_normal.9.png: error: file not found.\r\nC:\\Users\\??\\.gradle\\caches\\transforms-1\\files-1.1\\appcompat-v7-27.1.1.aar\\031c62276958579ac6449e5bad72b0ac\\res\\drawable-xhdpi-v4\\abc_list_focused_holo.9.png: error: file not found.\r\nC:\\Users\\??\\.gradle\\caches\\transforms-1\\files-1.1\\appcompat-v7-27.1.1.aar\\031c62276958579ac6449e5bad72b0ac\\res\\drawable-xhdpi-v4\\abc_btn_radio_to_on_mtrl_000.png: error: file not found.\r\nC:\\Users\\??\\.gradle\\caches\\transforms-1\\files-1.1\\appcompat-v7-27.1.1.aar\\031c62276958579ac6449e5bad72b0ac\\res\\drawable-mdpi-v4\\abc_textfield_search_activated_mtrl_alpha.9.png: error: file not found.\r\nC:\\Users\\??\\.gradle\\caches\\transforms-1\\files-1.1\\appcompat-v7-27.1.1.aar\\031c62276958579ac6449e5bad72b0ac\\res\\drawable-xhdpi-v4\\abc_btn_radio_to_on_mtrl_015.png: error: file not found.\r\nC:\\Users\\??\\.gradle\\caches\\transforms-1\\files-1.1\\appcompat-v7-27.1.1.aar\\031c62276958579ac6449e5bad72b0ac\\res\\drawable-mdpi-v4\\abc_ic_menu_cut_mtrl_alpha.png: error: file not found.\r\nC:\\Users\\??\\.gradle\\caches\\transforms-1\\files-1.1\\appcompat-v7-27.1.1.aar\\031c62276958579ac6449e5bad72b0ac\\res\\layout\\abc_screen_toolbar.xml: error: file not found.\r\nC:\\Users\\??\\.gradle\\caches\\transforms-1\\files-1.1\\appcompat-v7-27.1.1.aar\\031c62276958579ac6449e5bad72b0ac\\res\\color-v23\\abc_tint_btn_checkable.xml: error: file not found.\r\nC:\\Users\\??\\.gradle\\caches\\transforms-1\\files-1.1\\appcompat-v7-27.1.1.aar\\031c62276958579ac6449e5bad72b0ac\\res\\layout\\abc_tooltip.xml: error: file not found.\r\nC:\\Users\\??\\.gradle\\caches\\transforms-1\\files-1.1\\support-compat-27.1.1.aar\\89bc5b5be730920c1779275773f888ad\\res\\drawable-hdpi-v4\\notification_bg_normal_pressed.9.png: error: file not found.\r\nC:\\Users\\??\\.gradle\\caches\\transforms-1\\files-1.1\\appcompat-v7-27.1.1.aar\\031c62276958579ac6449e5bad72b0ac\\res\\drawable\\abc_list_selector_background_transition_holo_light.xml: error: file not found.\r\nC:\\Users\\??\\.gradle\\caches\\transforms-1\\files-1.1\\appcompat-v7-27.1.1.aar\\031c62276958579ac6449e5bad72b0ac\\res\\drawable\\abc_switch_thumb_material.xml: error: file not found.\r\nC:\\Users\\??\\.gradle\\caches\\transforms-1\\files-1.1\\appcompat-v7-27.1.1.aar\\031c62276958579ac6449e5bad72b0ac\\res\\drawable-hdpi-v4\\abc_list_pressed_holo_dark.9.png: error: file not found.\r\nC:\\Users\\??\\.gradle\\caches\\transforms-1\\files-1.1\\appcompat-v7-27.1.1.aar\\031c62276958579ac6449e5bad72b0ac\\res\\anim\\abc_fade_in.xml: error: file not found.\r\nC:\\Users\\??\\.gradle\\caches\\transforms-1\\files-1.1\\appcompat-v7-27.1.1.aar\\031c62276958579ac6449e5bad72b0ac\\res\\color-v23\\abc_btn_colored_borderless_text_material.xml: error: file not found.\r\nC:\\Users\\??\\.gradle\\caches\\transforms-1\\files-1.1\\appcompat-v7-27.1.1.aar\\031c62276958579ac6449e5bad72b0ac\\res\\drawable-ldrtl-xxxhdpi-v17\\abc_ic_menu_copy_mtrl_am_alpha.png: error: file not found.\r\nC:\\Users\\??\\.gradle\\caches\\transforms-1\\files-1.1\\support-compat-27.1.1.aar\\89bc5b5be730920c1779275773f888ad\\res\\layout\\notification_template_custom_big.xml: error: file not found.\r\nC:\\Users\\??\\.gradle\\caches\\transforms-1\\files-1.1\\appcompat-v7-27.1.1.aar\\031c62276958579ac6449e5bad72b0ac\\res\\drawable-ldrtl-hdpi-v17\\abc_ic_menu_cut_mtrl_alpha.png: error: file not found.\r\nC:\\Users\\??\\.gradle\\caches\\transforms-1\\files-1.1\\appcompat-v7-27.1.1.aar\\031c62276958579ac6449e5bad72b0ac\\res\\drawable-hdpi-v4\\abc_ic_menu_copy_mtrl_am_alpha.png: error: file not found.\r\nC:\\Users\\??\\.gradle\\caches\\transforms-1\\files-1.1\\appcompat-v7-27.1.1.aar\\031c62276958579ac6449e5bad72b0ac\\res\\drawable-hdpi-v4\\abc_cab_background_top_mtrl_alpha.9.png: error: file not found.\r\nC:\\Users\\??\\.gradle\\caches\\transforms-1\\files-1.1\\appcompat-v7-27.1.1.aar\\031c62276958579ac6449e5bad72b0ac\\res\\drawable-mdpi-v4\\abc_ic_commit_search_api_mtrl_alpha.png: error: file not found.\r\nC:\\Users\\??\\.gradle\\caches\\transforms-1\\files-1.1\\appcompat-v7-27.1.1.aar\\031c62276958579ac6449e5bad72b0ac\\res\\drawable-ldrtl-xxxhdpi-v17\\abc_ic_menu_cut_mtrl_alpha.png: error: file not found.\r\nC:\\Users\\??\\.gradle\\caches\\transforms-1\\files-1.1\\appcompat-v7-27.1.1.aar\\031c62276958579ac6449e5bad72b0ac\\res\\anim\\abc_tooltip_enter.xml: error: file not found.\r\nC:\\Users\\??\\.gradle\\caches\\transforms-1\\files-1.1\\appcompat-v7-27.1.1.aar\\031c62276958579ac6449e5bad72b0ac\\res\\drawable-xhdpi-v4\\abc_cab_background_top_mtrl_alpha.9.png: error: file not found.\r\nC:\\Users\\??\\.gradle\\caches\\transforms-1\\files-1.1\\appcompat-v7-27.1.1.aar\\031c62276958579ac6449e5bad72b0ac\\res\\drawable-hdpi-v4\\abc_list_selector_disabled_holo_dark.9.png: error: file not found.\r\nC:\\Users\\??\\.gradle\\caches\\transforms-1\\files-1.1\\support-compat-27.1.1.aar\\89bc5b5be730920c1779275773f888ad\\res\\drawable-v21\\notification_action_background.xml: error: file not found.\r\nC:\\Users\\??\\.gradle\\caches\\transforms-1\\files-1.1\\appcompat-v7-27.1.1.aar\\031c62276958579ac6449e5bad72b0ac\\res\\layout\\abc_dialog_title_material.xml: error: file not found.\r\nC:\\Users\\??\\.gradle\\caches\\transforms-1\\files-1.1\\appcompat-v7-27.1.1.aar\\031c62276958579ac6449e5bad72b0ac\\res\\drawable\\abc_spinner_textfield_background_material.xml: error: file not found.\r\nC:\\Users\\??\\.gradle\\caches\\transforms-1\\files-1.1\\appcompat-v7-27.1.1.aar\\031c62276958579ac6449e5bad72b0ac\\res\\color\\abc_primary_text_material_dark.xml: error: file not found.\r\nC:\\Users\\??\\.gradle\\caches\\transforms-1\\files-1.1\\appcompat-v7-27.1.1.aar\\031c62276958579ac6449e5bad72b0ac\\res\\drawable-xxhdpi-v4\\abc_spinner_mtrl_am_alpha.9.png: error: file not found.\r\nC:\\Users\\??\\.gradle\\caches\\transforms-1\\files-1.1\\appcompat-v7-27.1.1.aar\\031c62276958579ac6449e5bad72b0ac\\res\\color\\abc_secondary_text_material_dark.xml: error: file not found.\r\nC:\\Users\\??\\.gradle\\caches\\transforms-1\\files-1.1\\appcompat-v7-27.1.1.aar\\031c62276958579ac6449e5bad72b0ac\\res\\drawable-watch-v20\\abc_dialog_material_background.xml: error: file not found.\r\nC:\\Users\\??\\.gradle\\caches\\transforms-1\\files-1.1\\appcompat-v7-27.1.1.aar\\031c62276958579ac6449e5bad72b0ac\\res\\drawable-xxhdpi-v4\\abc_list_divider_mtrl_alpha.9.png: error: file not found.\r\nC:\\Users\\??\\.gradle\\caches\\transforms-1\\files-1.1\\appcompat-v7-27.1.1.aar\\031c62276958579ac6449e5bad72b0ac\\res\\anim\\abc_popup_exit.xml: error: file not found.\r\nC:\\Users\\??\\.gradle\\caches\\transforms-1\\files-1.1\\appcompat-v7-27.1.1.aar\\031c62276958579ac6449e5bad72b0ac\\res\\drawable-mdpi-v4\\abc_list_selector_disabled_holo_light.9.png: error: file not found.\r\nC:\\Users\\??\\.gradle\\caches\\transforms-1\\files-1.1\\appcompat-v7-27.1.1.aar\\031c62276958579ac6449e5bad72b0ac\\res\\drawable-ldrtl-mdpi-v17\\abc_ic_menu_cut_mtrl_alpha.png: error: file not found.\r\nC:\\Users\\??\\.gradle\\caches\\transforms-1\\files-1.1\\appcompat-v7-27.1.1.aar\\031c62276958579ac6449e5bad72b0ac\\res\\anim\\abc_fade_out.xml: error: file not found.\r\nC:\\Users\\??\\.gradle\\caches\\transforms-1\\files-1.1\\support-compat-27.1.1.aar\\89bc5b5be730920c1779275773f888ad\\res\\layout\\notification_action.xml: error: file not found.\r\nC:\\Users\\??\\.gradle\\caches\\transforms-1\\files-1.1\\appcompat-v7-27.1.1.aar\\031c62276958579ac6449e5bad72b0ac\\res\\drawable-xxxhdpi-v4\\abc_scrubber_control_to_pressed_mtrl_005.png: error: file not found.\r\nC:\\Users\\??\\.gradle\\caches\\transforms-1\\files-1.1\\appcompat-v7-27.1.1.aar\\031c62276958579ac6449e5bad72b0ac\\res\\drawable-xxxhdpi-v4\\abc_scrubber_control_to_pressed_mtrl_000.png: error: file not found.\r\nC:\\Users\\??\\.gradle\\caches\\transforms-1\\files-1.1\\appcompat-v7-27.1.1.aar\\031c62276958579ac6449e5bad72b0ac\\res\\drawable\\abc_ic_go_search_api_material.xml: error: file not found.\r\nC:\\Users\\??\\.gradle\\caches\\transforms-1\\files-1.1\\appcompat-v7-27.1.1.aar\\031c62276958579ac6449e5bad72b0ac\\res\\drawable-mdpi-v4\\abc_btn_check_to_on_mtrl_000.png: error: file not found.\r\nC:\\Users\\??\\.gradle\\caches\\transforms-1\\files-1.1\\support-compat-27.1.1.aar\\89bc5b5be730920c1779275773f888ad\\res\\drawable-xhdpi-v4\\notification_bg_low_normal.9.png: error: file not found.\r\nC:\\Users\\??\\.gradle\\caches\\transforms-1\\files-1.1\\appcompat-v7-27.1.1.aar\\031c62276958579ac6449e5bad72b0ac\\res\\color\\abc_tint_edittext.xml: error: file not found.\r\nC:\\Users\\??\\.gradle\\caches\\transforms-1\\files-1.1\\appcompat-v7-27.1.1.aar\\031c62276958579ac6449e5bad72b0ac\\res\\drawable-v21\\abc_btn_colored_material.xml: error: file not found.\r\nC:\\Users\\??\\.gradle\\caches\\transforms-1\\files-1.1\\appcompat-v7-27.1.1.aar\\031c62276958579ac6449e5bad72b0ac\\res\\drawable-xxhdpi-v4\\abc_text_select_handle_middle_mtrl_dark.png: error: file not found.\r\nC:\\Users\\??\\.gradle\\caches\\transforms-1\\files-1.1\\support-compat-27.1.1.aar\\89bc5b5be730920c1779275773f888ad\\res\\layout\\notification_action_tombstone.xml: error: file not found.\r\nC:\\Users\\??\\.gradle\\caches\\transforms-1\\files-1.1\\appcompat-v7-27.1.1.aar\\031c62276958579ac6449e5bad72b0ac\\res\\drawable-xxxhdpi-v4\\abc_ic_menu_paste_mtrl_am_alpha.png: error: file not found.\r\nC:\\Users\\??\\.gradle\\caches\\transforms-1\\files-1.1\\appcompat-v7-27.1.1.aar\\031c62276958579ac6449e5bad72b0ac\\res\\drawable-hdpi-v4\\abc_text_select_handle_left_mtrl_dark.png: error: file not found.\r\nC:\\Users\\??\\.gradle\\caches\\transforms-1\\files-1.1\\appcompat-v7-27.1.1.aar\\031c62276958579ac6449e5bad72b0ac\\res\\drawable-xxxhdpi-v4\\abc_ic_star_black_48dp.png: error: file not found.\r\nC:\\Users\\??\\.gradle\\caches\\transforms-1\\files-1.1\\appcompat-v7-27.1.1.aar\\031c62276958579ac6449e5bad72b0ac\\res\\drawable-mdpi-v4\\abc_scrubber_control_off_mtrl_alpha.png: error: file not found.\r\nTask :app:mergeDebugResources \r\nError: java.util.concurrent.ExecutionException: com.android.builder.internal.aapt.v2.Aapt2Exception: AAPT2 error: check logs for details\r\nFAILURE: Build failed with an exception.\r\n* What went wrong:\r\nExecution failed for task &#39;:app:mergeDebugResources&#39;.\r\nError: java.util.concurrent.ExecutionException: com.android.builder.internal.aapt.v2.Aapt2Exception: AAPT2 error: check logs for details\r\n* Try:\r\nRun with --stacktrace option to get the stack trace. Run with --info or --debug option to get more log output. Run with --scan to get full insights.\r\n* Get more help at https://help.gradle.org\r\nBUILD FAILED in 5s\r\n11 actionable tasks: 9 executed, 2 up-to-date`\r\n\r\n**Information of my Android Studio**&lt;br&gt;\r\nSDK Tools:26.1.1&lt;br&gt;\r\nGradle version:4.4&lt;br&gt;\r\nPlugin version:3.1&lt;br&gt;\r\nplatform version:API 27\r\n\r\nI have seen some answers in other questions but they don&#39;t work for me. Hope my details are enough for you to solve my problem. \r\n",
            "link": "https://stackoverflow.com/questions/49881989/aapt2-error-in-android-studio-3-1-1",
            "title": "Aapt2 error in Android Studio 3.1.1",
            "body": "<p>I updated android studio from 2.2 to 3.1 and it always give me <code>aapt2 error</code> and build failed. I added <code>android.enableAapt2=false</code> in gradle.properties and my project build successfully with a warning:<br>\n<code>The option 'android.enableAapt2' is deprecated and should not be used anymore.\nUse 'android.enableAapt2=true' to remove this warning.\nIt will be removed at the end of 2018.</code></p>\n\n<p>The most serious thing is that I can't run the app on my mobile and virtual devices. The error <code>Failed to execute aapt</code><br></p>\n\n<p><strong>The details:</strong><br>\n<strong>Run build</strong><br></p>\n\n<pre><code>org.gradle..ReportedException: org.gradle.internal.exceptions.LocationAwareException: Execution failed for task ':app:transformDexWithInstantRunDependenciesApkForDebug'.\n    at org.gradle.initialization.DefaultGradleLauncher.doBuildStages(DefaultGradleLauncher.java:139)\n    at org.gradle.initialization.DefaultGradleLauncher.executeTasks(DefaultGradleLauncher.java:109)\n    at org.gradle.internal.invocation.GradleBuildController$1.call(GradleBuildController.java:78)\n    at org.gradle.internal.invocation.GradleBuildController$1.call(GradleBuildController.java:75)\n    at org.gradle.internal.work.DefaultWorkerLeaseService.withLocks(DefaultWorkerLeaseService.java:152)\n    at org.gradle.internal.invocation.GradleBuildController.doBuild(GradleBuildController.java:100)\n    at org.gradle.internal.invocation.GradleBuildController.run(GradleBuildController.java:75)\n    at org.gradle.tooling.internal.provider.runner.ClientProvidedBuildActionRunner.run(ClientProvidedBuildActionRunner.java:62)\n    at org.gradle.launcher.exec.ChainingBuildActionRunner.run(ChainingBuildActionRunner.java:35)\n    at org.gradle.launcher.exec.ChainingBuildActionRunner.run(ChainingBuildActionRunner.java:35)\n    at org.gradle.tooling.internal.provider.ValidatingBuildActionRunner.run(ValidatingBuildActionRunner.java:32)\n    at org.gradle.launcher.exec.RunAsBuildOperationBuildActionRunner$1.run(RunAsBuildOperationBuildActionRunner.java:43)\n    at org.gradle.internal.progress.DefaultBuildOperationExecutor$RunnableBuildOperationWorker.execute(DefaultBuildOperationExecutor.java:336)\n    at org.gradle.internal.progress.DefaultBuildOperationExecutor$RunnableBuildOperationWorker.execute(DefaultBuildOperationExecutor.java:328)\n    at org.gradle.internal.progress.DefaultBuildOperationExecutor.execute(DefaultBuildOperationExecutor.java:199)\n    at org.gradle.internal.progress.DefaultBuildOperationExecutor.run(DefaultBuildOperationExecutor.java:110)\n    at org.gradle.launcher.exec.RunAsBuildOperationBuildActionRunner.run(RunAsBuildOperationBuildActionRunner.java:40)\n    at org.gradle.tooling.internal.provider.SubscribableBuildActionRunner.run(SubscribableBuildActionRunner.java:51)\n    at org.gradle.launcher.exec.InProcessBuildActionExecuter.execute(InProcessBuildActionExecuter.java:47)\n    at org.gradle.launcher.exec.InProcessBuildActionExecuter.execute(InProcessBuildActionExecuter.java:30)\n    at org.gradle.launcher.exec.BuildTreeScopeBuildActionExecuter.execute(BuildTreeScopeBuildActionExecuter.java:39)\n    at org.gradle.launcher.exec.BuildTreeScopeBuildActionExecuter.execute(BuildTreeScopeBuildActionExecuter.java:25)\n    at org.gradle.tooling.internal.provider.ContinuousBuildActionExecuter.execute(ContinuousBuildActionExecuter.java:80)\n    at org.gradle.tooling.internal.provider.ContinuousBuildActionExecuter.execute(ContinuousBuildActionExecuter.java:53)\n    at org.gradle.tooling.internal.provider.ServicesSetupBuildActionExecuter.execute(ServicesSetupBuildActionExecuter.java:57)\n    at org.gradle.tooling.internal.provider.ServicesSetupBuildActionExecuter.execute(ServicesSetupBuildActionExecuter.java:32)\n    at org.gradle.tooling.internal.provider.GradleThreadBuildActionExecuter.execute(GradleThreadBuildActionExecuter.java:36)\n    at org.gradle.tooling.internal.provider.GradleThreadBuildActionExecuter.execute(GradleThreadBuildActionExecuter.java:25)\n    at org.gradle.tooling.internal.provider.ParallelismConfigurationBuildActionExecuter.execute(ParallelismConfigurationBuildActionExecuter.java:43)\n    at org.gradle.tooling.internal.provider.ParallelismConfigurationBuildActionExecuter.execute(ParallelismConfigurationBuildActionExecuter.java:29)\n    at org.gradle.tooling.internal.provider.StartParamsValidatingActionExecuter.execute(StartParamsValidatingActionExecuter.java:69)\n    at org.gradle.tooling.internal.provider.StartParamsValidatingActionExecuter.execute(StartParamsValidatingActionExecuter.java:30)\n    at org.gradle.tooling.internal.provider.SessionFailureReportingActionExecuter.execute(SessionFailureReportingActionExecuter.java:59)\n    at org.gradle.tooling.internal.provider.SessionFailureReportingActionExecuter.execute(SessionFailureReportingActionExecuter.java:44)\n    at org.gradle.tooling.internal.provider.SetupLoggingActionExecuter.execute(SetupLoggingActionExecuter.java:45)\n    at org.gradle.tooling.internal.provider.SetupLoggingActionExecuter.execute(SetupLoggingActionExecuter.java:30)\n    at org.gradle.launcher.daemon.server.exec.ExecuteBuild.doBuild(ExecuteBuild.java:67)\n    at org.gradle.launcher.daemon.server.exec.BuildCommandOnly.execute(BuildCommandOnly.java:36)\n    at org.gradle.launcher.daemon.server.api.DaemonCommandExecution.proceed(DaemonCommandExecution.java:122)\n    at org.gradle.launcher.daemon.server.exec.WatchForDisconnection.execute(WatchForDisconnection.java:37)\n    at org.gradle.launcher.daemon.server.api.DaemonCommandExecution.proceed(DaemonCommandExecution.java:122)\n    at org.gradle.launcher.daemon.server.exec.ResetDeprecationLogger.execute(ResetDeprecationLogger.java:26)\n    at org.gradle.launcher.daemon.server.api.DaemonCommandExecution.proceed(DaemonCommandExecution.java:122)\n    at org.gradle.launcher.daemon.server.exec.RequestStopIfSingleUsedDaemon.execute(RequestStopIfSingleUsedDaemon.java:34)\n    at org.gradle.launcher.daemon.server.api.DaemonCommandExecution.proceed(DaemonCommandExecution.java:122)\n    at org.gradle.launcher.daemon.server.exec.ForwardClientInput$2.call(ForwardClientInput.java:74)\n    at org.gradle.launcher.daemon.server.exec.ForwardClientInput$2.call(ForwardClientInput.java:72)\n    at org.gradle.util.Swapper.swap(Swapper.java:38)\n    at org.gradle.launcher.daemon.server.exec.ForwardClientInput.execute(ForwardClientInput.java:72)\n    at org.gradle.launcher.daemon.server.api.DaemonCommandExecution.proceed(DaemonCommandExecution.java:122)\n    at org.gradle.launcher.daemon.server.exec.LogAndCheckHealth.execute(LogAndCheckHealth.java:55)\n    at org.gradle.launcher.daemon.server.api.DaemonCommandExecution.proceed(DaemonCommandExecution.java:122)\n    at org.gradle.launcher.daemon.server.exec.LogToClient.doBuild(LogToClient.java:62)\n    at org.gradle.launcher.daemon.server.exec.BuildCommandOnly.execute(BuildCommandOnly.java:36)\n    at org.gradle.launcher.daemon.server.api.DaemonCommandExecution.proceed(DaemonCommandExecution.java:122)\n    at org.gradle.launcher.daemon.server.exec.EstablishBuildEnvironment.doBuild(EstablishBuildEnvironment.java:82)\n    at org.gradle.launcher.daemon.server.exec.BuildCommandOnly.execute(BuildCommandOnly.java:36)\n    at org.gradle.launcher.daemon.server.api.DaemonCommandExecution.proceed(DaemonCommandExecution.java:122)\n    at org.gradle.launcher.daemon.server.exec.StartBuildOrRespondWithBusy$1.run(StartBuildOrRespondWithBusy.java:50)\n    at org.gradle.launcher.daemon.server.DaemonStateCoordinator$1.run(DaemonStateCoordinator.java:295)\n    at org.gradle.internal.concurrent.ExecutorPolicy$CatchAndRecordFailures.onExecute(ExecutorPolicy.java:63)\n    at org.gradle.internal.concurrent.ManagedExecutorImpl$1.run(ManagedExecutorImpl.java:46)\n    at java.util.concurrent.ThreadPoolExecutor.runWorker(ThreadPoolExecutor.java:1142)\n    at java.util.concurrent.ThreadPoolExecutor$Worker.run(ThreadPoolExecutor.java:617)\n    at org.gradle.internal.concurrent.ThreadFactoryImpl$ManagedThreadRunnable.run(ThreadFactoryImpl.java:55)\n    at java.lang.Thread.run(Thread.java:745)\nCaused by: org.gradle.internal.exceptions.LocationAwareException: Execution failed for task ':app:transformDexWithInstantRunDependenciesApkForDebug'.\n    at org.gradle.initialization.DefaultExceptionAnalyser.transform(DefaultExceptionAnalyser.java:74)\n    at org.gradle.initialization.MultipleBuildFailuresExceptionAnalyser.transform(MultipleBuildFailuresExceptionAnalyser.java:47)\n    at org.gradle.initialization.StackTraceSanitizingExceptionAnalyser.transform(StackTraceSanitizingExceptionAnalyser.java:30)\n    at org.gradle.initialization.DefaultGradleLauncher.doBuildStages(DefaultGradleLauncher.java:137)\n    at org.gradle.initialization.DefaultGradleLauncher.executeTasks(DefaultGradleLauncher.java:109)\n    at org.gradle.internal.invocation.GradleBuildController$1.call(GradleBuildController.java:78)\n    at org.gradle.internal.invocation.GradleBuildController$1.call(GradleBuildController.java:75)\n    at org.gradle.internal.work.DefaultWorkerLeaseService.withLocks(DefaultWorkerLeaseService.java:152)\n    at org.gradle.internal.invocation.GradleBuildController.doBuild(GradleBuildController.java:100)\n    at org.gradle.internal.invocation.GradleBuildController.run(GradleBuildController.java:75)\n    at org.gradle.tooling.internal.provider.runner.ClientProvidedBuildActionRunner.run(ClientProvidedBuildActionRunner.java:62)\n    at org.gradle.launcher.exec.ChainingBuildActionRunner.run(ChainingBuildActionRunner.java:35)\n    at org.gradle.launcher.exec.ChainingBuildActionRunner.run(ChainingBuildActionRunner.java:35)\n    at org.gradle.tooling.internal.provider.ValidatingBuildActionRunner.run(ValidatingBuildActionRunner.java:32)\n    at org.gradle.launcher.exec.RunAsBuildOperationBuildActionRunner$1.run(RunAsBuildOperationBuildActionRunner.java:43)\n    at org.gradle.internal.progress.DefaultBuildOperationExecutor$RunnableBuildOperationWorker.execute(DefaultBuildOperationExecutor.java:336)\n    at org.gradle.internal.progress.DefaultBuildOperationExecutor$RunnableBuildOperationWorker.execute(DefaultBuildOperationExecutor.java:328)\n    at org.gradle.internal.progress.DefaultBuildOperationExecutor.execute(DefaultBuildOperationExecutor.java:199)\n    at org.gradle.internal.progress.DefaultBuildOperationExecutor.run(DefaultBuildOperationExecutor.java:110)\n    at org.gradle.launcher.exec.RunAsBuildOperationBuildActionRunner.run(RunAsBuildOperationBuildActionRunner.java:40)\n    at org.gradle.tooling.internal.provider.SubscribableBuildActionRunner.run(SubscribableBuildActionRunner.java:51)\n    at org.gradle.launcher.exec.InProcessBuildActionExecuter.execute(InProcessBuildActionExecuter.java:47)\n    at org.gradle.launcher.exec.InProcessBuildActionExecuter.execute(InProcessBuildActionExecuter.java:30)\n    at org.gradle.launcher.exec.BuildTreeScopeBuildActionExecuter.execute(BuildTreeScopeBuildActionExecuter.java:39)\n    at org.gradle.launcher.exec.BuildTreeScopeBuildActionExecuter.execute(BuildTreeScopeBuildActionExecuter.java:25)\n    at org.gradle.tooling.internal.provider.ContinuousBuildActionExecuter.execute(ContinuousBuildActionExecuter.java:80)\n    at org.gradle.tooling.internal.provider.ContinuousBuildActionExecuter.execute(ContinuousBuildActionExecuter.java:53)\n    at org.gradle.tooling.internal.provider.ServicesSetupBuildActionExecuter.execute(ServicesSetupBuildActionExecuter.java:57)\n    at org.gradle.tooling.internal.provider.ServicesSetupBuildActionExecuter.execute(ServicesSetupBuildActionExecuter.java:32)\n    at org.gradle.tooling.internal.provider.GradleThreadBuildActionExecuter.execute(GradleThreadBuildActionExecuter.java:36)\n    at org.gradle.tooling.internal.provider.GradleThreadBuildActionExecuter.execute(GradleThreadBuildActionExecuter.java:25)\n    at org.gradle.tooling.internal.provider.ParallelismConfigurationBuildActionExecuter.execute(ParallelismConfigurationBuildActionExecuter.java:43)\n    at org.gradle.tooling.internal.provider.ParallelismConfigurationBuildActionExecuter.execute(ParallelismConfigurationBuildActionExecuter.java:29)\n    at org.gradle.tooling.internal.provider.StartParamsValidatingActionExecuter.execute(StartParamsValidatingActionExecuter.java:69)\n    at org.gradle.tooling.internal.provider.StartParamsValidatingActionExecuter.execute(StartParamsValidatingActionExecuter.java:30)\n    at org.gradle.tooling.internal.provider.SessionFailureReportingActionExecuter.execute(SessionFailureReportingActionExecuter.java:59)\n    at org.gradle.tooling.internal.provider.SessionFailureReportingActionExecuter.execute(SessionFailureReportingActionExecuter.java:44)\n    at org.gradle.tooling.internal.provider.SetupLoggingActionExecuter.execute(SetupLoggingActionExecuter.java:45)\n    at org.gradle.tooling.internal.provider.SetupLoggingActionExecuter.execute(SetupLoggingActionExecuter.java:30)\n</code></pre>\n\n<p><strong>Java compiler</strong><br>\n<code>Caused by: java.util.NoSuchElementException</code></p>\n\n<p><strong>When I enable AAPT2, the log details:</strong><br>\n    <code>Configure project :app useNewCruncher has been deprecated. It will be removed in a future version of the gradle plugin. New cruncher is now always enabled.\nC:\\Users\\??\\.gradle\\caches\\transforms-1\\files-1.1\\appcompat-v7-27.1.1.aar\\031c62276958579ac6449e5bad72b0ac\\res\\anim\\abc_tooltip_exit.xml: error: file not found.\nC:\\Users\\??\\.gradle\\caches\\transforms-1\\files-1.1\\appcompat-v7-27.1.1.aar\\031c62276958579ac6449e5bad72b0ac\\res\\drawable-hdpi-v4\\abc_ic_menu_share_mtrl_alpha.png: error: file not found.\nC:\\Users\\??\\.gradle\\caches\\transforms-1\\files-1.1\\appcompat-v7-27.1.1.aar\\031c62276958579ac6449e5bad72b0ac\\res\\drawable\\abc_btn_colored_material.xml: error: file not found.\nC:\\Users\\??\\.gradle\\caches\\transforms-1\\files-1.1\\appcompat-v7-27.1.1.aar\\031c62276958579ac6449e5bad72b0ac\\res\\drawable-hdpi-v4\\abc_textfield_search_default_mtrl_alpha.9.png: error: file not found.\nC:\\Users\\??\\.gradle\\caches\\transforms-1\\files-1.1\\appcompat-v7-27.1.1.aar\\031c62276958579ac6449e5bad72b0ac\\res\\layout\\abc_action_bar_up_container.xml: error: file not found.\nC:\\Users\\??\\.gradle\\caches\\transforms-1\\files-1.1\\appcompat-v7-27.1.1.aar\\031c62276958579ac6449e5bad72b0ac\\res\\drawable-xxhdpi-v4\\abc_text_select_handle_middle_mtrl_light.png: error: file not found.\nC:\\Users\\??\\.gradle\\caches\\transforms-1\\files-1.1\\appcompat-v7-27.1.1.aar\\031c62276958579ac6449e5bad72b0ac\\res\\drawable-xhdpi-v4\\abc_ab_share_pack_mtrl_alpha.9.png: error: file not found.\nC:\\Users\\??\\.gradle\\caches\\transforms-1\\files-1.1\\appcompat-v7-27.1.1.aar\\031c62276958579ac6449e5bad72b0ac\\res\\drawable-hdpi-v4\\abc_scrubber_control_to_pressed_mtrl_005.png: error: file not found.\nC:\\Users\\??\\.gradle\\caches\\transforms-1\\files-1.1\\appcompat-v7-27.1.1.aar\\031c62276958579ac6449e5bad72b0ac\\res\\layout\\abc_search_dropdown_item_icons_2line.xml: error: file not found.\nC:\\Users\\??\\.gradle\\caches\\transforms-1\\files-1.1\\appcompat-v7-27.1.1.aar\\031c62276958579ac6449e5bad72b0ac\\res\\drawable-hdpi-v4\\abc_scrubber_control_to_pressed_mtrl_000.png: error: file not found.\nC:\\Users\\??\\.gradle\\caches\\transforms-1\\files-1.1\\appcompat-v7-27.1.1.aar\\031c62276958579ac6449e5bad72b0ac\\res\\drawable-xhdpi-v4\\abc_text_select_handle_middle_mtrl_light.png: error: file not found.\nC:\\Users\\??\\.gradle\\caches\\transforms-1\\files-1.1\\appcompat-v7-27.1.1.aar\\031c62276958579ac6449e5bad72b0ac\\res\\drawable-xxxhdpi-v4\\abc_text_select_handle_right_mtrl_dark.png: error: file not found.\nC:\\Users\\??\\.gradle\\caches\\transforms-1\\files-1.1\\appcompat-v7-27.1.1.aar\\031c62276958579ac6449e5bad72b0ac\\res\\drawable-xhdpi-v4\\abc_list_selector_disabled_holo_dark.9.png: error: file not found.\nC:\\Users\\??\\.gradle\\caches\\transforms-1\\files-1.1\\appcompat-v7-27.1.1.aar\\031c62276958579ac6449e5bad72b0ac\\res\\drawable-xhdpi-v4\\abc_textfield_search_default_mtrl_alpha.9.png: error: file not found.\nC:\\Users\\??\\.gradle\\caches\\transforms-1\\files-1.1\\appcompat-v7-27.1.1.aar\\031c62276958579ac6449e5bad72b0ac\\res\\color\\abc_secondary_text_material_light.xml: error: file not found.\nC:\\Users\\??\\.gradle\\caches\\transforms-1\\files-1.1\\appcompat-v7-27.1.1.aar\\031c62276958579ac6449e5bad72b0ac\\res\\drawable\\abc_btn_default_mtrl_shape.xml: error: file not found.\nC:\\Users\\??\\.gradle\\caches\\transforms-1\\files-1.1\\appcompat-v7-27.1.1.aar\\031c62276958579ac6449e5bad72b0ac\\res\\color\\abc_primary_text_disable_only_material_light.xml: error: file not found.\nC:\\Users\\??\\.gradle\\caches\\transforms-1\\files-1.1\\appcompat-v7-27.1.1.aar\\031c62276958579ac6449e5bad72b0ac\\res\\drawable-ldrtl-xxhdpi-v17\\abc_ic_menu_copy_mtrl_am_alpha.png: error: file not found.\nC:\\Users\\??\\.gradle\\caches\\transforms-1\\files-1.1\\appcompat-v7-27.1.1.aar\\031c62276958579ac6449e5bad72b0ac\\res\\layout\\abc_screen_simple_overlay_action_mode.xml: error: file not found.\nC:\\Users\\??\\.gradle\\caches\\transforms-1\\files-1.1\\appcompat-v7-27.1.1.aar\\031c62276958579ac6449e5bad72b0ac\\res\\color\\abc_primary_text_material_light.xml: error: file not found.\nC:\\Users\\??\\.gradle\\caches\\transforms-1\\files-1.1\\appcompat-v7-27.1.1.aar\\031c62276958579ac6449e5bad72b0ac\\res\\drawable-xhdpi-v4\\abc_textfield_search_activated_mtrl_alpha.9.png: error: file not found.\nC:\\Users\\??\\.gradle\\caches\\transforms-1\\files-1.1\\appcompat-v7-27.1.1.aar\\031c62276958579ac6449e5bad72b0ac\\res\\layout\\abc_popup_menu_header_item_layout.xml: error: file not found.\nC:\\Users\\??\\.gradle\\caches\\transforms-1\\files-1.1\\appcompat-v7-27.1.1.aar\\031c62276958579ac6449e5bad72b0ac\\res\\drawable-hdpi-v4\\abc_ic_menu_cut_mtrl_alpha.png: error: file not found.\nC:\\Users\\??\\.gradle\\caches\\transforms-1\\files-1.1\\appcompat-v7-27.1.1.aar\\031c62276958579ac6449e5bad72b0ac\\res\\drawable-ldrtl-xhdpi-v17\\abc_spinner_mtrl_am_alpha.9.png: error: file not found.\nC:\\Users\\??\\.gradle\\caches\\transforms-1\\files-1.1\\appcompat-v7-27.1.1.aar\\031c62276958579ac6449e5bad72b0ac\\res\\drawable-mdpi-v4\\abc_text_select_handle_left_mtrl_dark.png: error: file not found.\nC:\\Users\\??\\.gradle\\caches\\transforms-1\\files-1.1\\appcompat-v7-27.1.1.aar\\031c62276958579ac6449e5bad72b0ac\\res\\drawable-xxhdpi-v4\\abc_ic_star_black_36dp.png: error: file not found.\nC:\\Users\\??\\.gradle\\caches\\transforms-1\\files-1.1\\appcompat-v7-27.1.1.aar\\031c62276958579ac6449e5bad72b0ac\\res\\drawable\\abc_edit_text_material.xml: error: file not found.\nC:\\Users\\??\\.gradle\\caches\\transforms-1\\files-1.1\\appcompat-v7-27.1.1.aar\\031c62276958579ac6449e5bad72b0ac\\res\\drawable-hdpi-v4\\abc_textfield_search_activated_mtrl_alpha.9.png: error: file not found.\nC:\\Users\\??\\.gradle\\caches\\transforms-1\\files-1.1\\appcompat-v7-27.1.1.aar\\031c62276958579ac6449e5bad72b0ac\\res\\layout\\select_dialog_multichoice_material.xml: error: file not found.\nC:\\Users\\??\\.gradle\\caches\\transforms-1\\files-1.1\\support-compat-27.1.1.aar\\89bc5b5be730920c1779275773f888ad\\res\\drawable-xhdpi-v4\\notification_bg_normal.9.png: error: file not found.\nC:\\Users\\??\\.gradle\\caches\\transforms-1\\files-1.1\\appcompat-v7-27.1.1.aar\\031c62276958579ac6449e5bad72b0ac\\res\\drawable-xhdpi-v4\\abc_list_focused_holo.9.png: error: file not found.\nC:\\Users\\??\\.gradle\\caches\\transforms-1\\files-1.1\\appcompat-v7-27.1.1.aar\\031c62276958579ac6449e5bad72b0ac\\res\\drawable-xhdpi-v4\\abc_btn_radio_to_on_mtrl_000.png: error: file not found.\nC:\\Users\\??\\.gradle\\caches\\transforms-1\\files-1.1\\appcompat-v7-27.1.1.aar\\031c62276958579ac6449e5bad72b0ac\\res\\drawable-mdpi-v4\\abc_textfield_search_activated_mtrl_alpha.9.png: error: file not found.\nC:\\Users\\??\\.gradle\\caches\\transforms-1\\files-1.1\\appcompat-v7-27.1.1.aar\\031c62276958579ac6449e5bad72b0ac\\res\\drawable-xhdpi-v4\\abc_btn_radio_to_on_mtrl_015.png: error: file not found.\nC:\\Users\\??\\.gradle\\caches\\transforms-1\\files-1.1\\appcompat-v7-27.1.1.aar\\031c62276958579ac6449e5bad72b0ac\\res\\drawable-mdpi-v4\\abc_ic_menu_cut_mtrl_alpha.png: error: file not found.\nC:\\Users\\??\\.gradle\\caches\\transforms-1\\files-1.1\\appcompat-v7-27.1.1.aar\\031c62276958579ac6449e5bad72b0ac\\res\\layout\\abc_screen_toolbar.xml: error: file not found.\nC:\\Users\\??\\.gradle\\caches\\transforms-1\\files-1.1\\appcompat-v7-27.1.1.aar\\031c62276958579ac6449e5bad72b0ac\\res\\color-v23\\abc_tint_btn_checkable.xml: error: file not found.\nC:\\Users\\??\\.gradle\\caches\\transforms-1\\files-1.1\\appcompat-v7-27.1.1.aar\\031c62276958579ac6449e5bad72b0ac\\res\\layout\\abc_tooltip.xml: error: file not found.\nC:\\Users\\??\\.gradle\\caches\\transforms-1\\files-1.1\\support-compat-27.1.1.aar\\89bc5b5be730920c1779275773f888ad\\res\\drawable-hdpi-v4\\notification_bg_normal_pressed.9.png: error: file not found.\nC:\\Users\\??\\.gradle\\caches\\transforms-1\\files-1.1\\appcompat-v7-27.1.1.aar\\031c62276958579ac6449e5bad72b0ac\\res\\drawable\\abc_list_selector_background_transition_holo_light.xml: error: file not found.\nC:\\Users\\??\\.gradle\\caches\\transforms-1\\files-1.1\\appcompat-v7-27.1.1.aar\\031c62276958579ac6449e5bad72b0ac\\res\\drawable\\abc_switch_thumb_material.xml: error: file not found.\nC:\\Users\\??\\.gradle\\caches\\transforms-1\\files-1.1\\appcompat-v7-27.1.1.aar\\031c62276958579ac6449e5bad72b0ac\\res\\drawable-hdpi-v4\\abc_list_pressed_holo_dark.9.png: error: file not found.\nC:\\Users\\??\\.gradle\\caches\\transforms-1\\files-1.1\\appcompat-v7-27.1.1.aar\\031c62276958579ac6449e5bad72b0ac\\res\\anim\\abc_fade_in.xml: error: file not found.\nC:\\Users\\??\\.gradle\\caches\\transforms-1\\files-1.1\\appcompat-v7-27.1.1.aar\\031c62276958579ac6449e5bad72b0ac\\res\\color-v23\\abc_btn_colored_borderless_text_material.xml: error: file not found.\nC:\\Users\\??\\.gradle\\caches\\transforms-1\\files-1.1\\appcompat-v7-27.1.1.aar\\031c62276958579ac6449e5bad72b0ac\\res\\drawable-ldrtl-xxxhdpi-v17\\abc_ic_menu_copy_mtrl_am_alpha.png: error: file not found.\nC:\\Users\\??\\.gradle\\caches\\transforms-1\\files-1.1\\support-compat-27.1.1.aar\\89bc5b5be730920c1779275773f888ad\\res\\layout\\notification_template_custom_big.xml: error: file not found.\nC:\\Users\\??\\.gradle\\caches\\transforms-1\\files-1.1\\appcompat-v7-27.1.1.aar\\031c62276958579ac6449e5bad72b0ac\\res\\drawable-ldrtl-hdpi-v17\\abc_ic_menu_cut_mtrl_alpha.png: error: file not found.\nC:\\Users\\??\\.gradle\\caches\\transforms-1\\files-1.1\\appcompat-v7-27.1.1.aar\\031c62276958579ac6449e5bad72b0ac\\res\\drawable-hdpi-v4\\abc_ic_menu_copy_mtrl_am_alpha.png: error: file not found.\nC:\\Users\\??\\.gradle\\caches\\transforms-1\\files-1.1\\appcompat-v7-27.1.1.aar\\031c62276958579ac6449e5bad72b0ac\\res\\drawable-hdpi-v4\\abc_cab_background_top_mtrl_alpha.9.png: error: file not found.\nC:\\Users\\??\\.gradle\\caches\\transforms-1\\files-1.1\\appcompat-v7-27.1.1.aar\\031c62276958579ac6449e5bad72b0ac\\res\\drawable-mdpi-v4\\abc_ic_commit_search_api_mtrl_alpha.png: error: file not found.\nC:\\Users\\??\\.gradle\\caches\\transforms-1\\files-1.1\\appcompat-v7-27.1.1.aar\\031c62276958579ac6449e5bad72b0ac\\res\\drawable-ldrtl-xxxhdpi-v17\\abc_ic_menu_cut_mtrl_alpha.png: error: file not found.\nC:\\Users\\??\\.gradle\\caches\\transforms-1\\files-1.1\\appcompat-v7-27.1.1.aar\\031c62276958579ac6449e5bad72b0ac\\res\\anim\\abc_tooltip_enter.xml: error: file not found.\nC:\\Users\\??\\.gradle\\caches\\transforms-1\\files-1.1\\appcompat-v7-27.1.1.aar\\031c62276958579ac6449e5bad72b0ac\\res\\drawable-xhdpi-v4\\abc_cab_background_top_mtrl_alpha.9.png: error: file not found.\nC:\\Users\\??\\.gradle\\caches\\transforms-1\\files-1.1\\appcompat-v7-27.1.1.aar\\031c62276958579ac6449e5bad72b0ac\\res\\drawable-hdpi-v4\\abc_list_selector_disabled_holo_dark.9.png: error: file not found.\nC:\\Users\\??\\.gradle\\caches\\transforms-1\\files-1.1\\support-compat-27.1.1.aar\\89bc5b5be730920c1779275773f888ad\\res\\drawable-v21\\notification_action_background.xml: error: file not found.\nC:\\Users\\??\\.gradle\\caches\\transforms-1\\files-1.1\\appcompat-v7-27.1.1.aar\\031c62276958579ac6449e5bad72b0ac\\res\\layout\\abc_dialog_title_material.xml: error: file not found.\nC:\\Users\\??\\.gradle\\caches\\transforms-1\\files-1.1\\appcompat-v7-27.1.1.aar\\031c62276958579ac6449e5bad72b0ac\\res\\drawable\\abc_spinner_textfield_background_material.xml: error: file not found.\nC:\\Users\\??\\.gradle\\caches\\transforms-1\\files-1.1\\appcompat-v7-27.1.1.aar\\031c62276958579ac6449e5bad72b0ac\\res\\color\\abc_primary_text_material_dark.xml: error: file not found.\nC:\\Users\\??\\.gradle\\caches\\transforms-1\\files-1.1\\appcompat-v7-27.1.1.aar\\031c62276958579ac6449e5bad72b0ac\\res\\drawable-xxhdpi-v4\\abc_spinner_mtrl_am_alpha.9.png: error: file not found.\nC:\\Users\\??\\.gradle\\caches\\transforms-1\\files-1.1\\appcompat-v7-27.1.1.aar\\031c62276958579ac6449e5bad72b0ac\\res\\color\\abc_secondary_text_material_dark.xml: error: file not found.\nC:\\Users\\??\\.gradle\\caches\\transforms-1\\files-1.1\\appcompat-v7-27.1.1.aar\\031c62276958579ac6449e5bad72b0ac\\res\\drawable-watch-v20\\abc_dialog_material_background.xml: error: file not found.\nC:\\Users\\??\\.gradle\\caches\\transforms-1\\files-1.1\\appcompat-v7-27.1.1.aar\\031c62276958579ac6449e5bad72b0ac\\res\\drawable-xxhdpi-v4\\abc_list_divider_mtrl_alpha.9.png: error: file not found.\nC:\\Users\\??\\.gradle\\caches\\transforms-1\\files-1.1\\appcompat-v7-27.1.1.aar\\031c62276958579ac6449e5bad72b0ac\\res\\anim\\abc_popup_exit.xml: error: file not found.\nC:\\Users\\??\\.gradle\\caches\\transforms-1\\files-1.1\\appcompat-v7-27.1.1.aar\\031c62276958579ac6449e5bad72b0ac\\res\\drawable-mdpi-v4\\abc_list_selector_disabled_holo_light.9.png: error: file not found.\nC:\\Users\\??\\.gradle\\caches\\transforms-1\\files-1.1\\appcompat-v7-27.1.1.aar\\031c62276958579ac6449e5bad72b0ac\\res\\drawable-ldrtl-mdpi-v17\\abc_ic_menu_cut_mtrl_alpha.png: error: file not found.\nC:\\Users\\??\\.gradle\\caches\\transforms-1\\files-1.1\\appcompat-v7-27.1.1.aar\\031c62276958579ac6449e5bad72b0ac\\res\\anim\\abc_fade_out.xml: error: file not found.\nC:\\Users\\??\\.gradle\\caches\\transforms-1\\files-1.1\\support-compat-27.1.1.aar\\89bc5b5be730920c1779275773f888ad\\res\\layout\\notification_action.xml: error: file not found.\nC:\\Users\\??\\.gradle\\caches\\transforms-1\\files-1.1\\appcompat-v7-27.1.1.aar\\031c62276958579ac6449e5bad72b0ac\\res\\drawable-xxxhdpi-v4\\abc_scrubber_control_to_pressed_mtrl_005.png: error: file not found.\nC:\\Users\\??\\.gradle\\caches\\transforms-1\\files-1.1\\appcompat-v7-27.1.1.aar\\031c62276958579ac6449e5bad72b0ac\\res\\drawable-xxxhdpi-v4\\abc_scrubber_control_to_pressed_mtrl_000.png: error: file not found.\nC:\\Users\\??\\.gradle\\caches\\transforms-1\\files-1.1\\appcompat-v7-27.1.1.aar\\031c62276958579ac6449e5bad72b0ac\\res\\drawable\\abc_ic_go_search_api_material.xml: error: file not found.\nC:\\Users\\??\\.gradle\\caches\\transforms-1\\files-1.1\\appcompat-v7-27.1.1.aar\\031c62276958579ac6449e5bad72b0ac\\res\\drawable-mdpi-v4\\abc_btn_check_to_on_mtrl_000.png: error: file not found.\nC:\\Users\\??\\.gradle\\caches\\transforms-1\\files-1.1\\support-compat-27.1.1.aar\\89bc5b5be730920c1779275773f888ad\\res\\drawable-xhdpi-v4\\notification_bg_low_normal.9.png: error: file not found.\nC:\\Users\\??\\.gradle\\caches\\transforms-1\\files-1.1\\appcompat-v7-27.1.1.aar\\031c62276958579ac6449e5bad72b0ac\\res\\color\\abc_tint_edittext.xml: error: file not found.\nC:\\Users\\??\\.gradle\\caches\\transforms-1\\files-1.1\\appcompat-v7-27.1.1.aar\\031c62276958579ac6449e5bad72b0ac\\res\\drawable-v21\\abc_btn_colored_material.xml: error: file not found.\nC:\\Users\\??\\.gradle\\caches\\transforms-1\\files-1.1\\appcompat-v7-27.1.1.aar\\031c62276958579ac6449e5bad72b0ac\\res\\drawable-xxhdpi-v4\\abc_text_select_handle_middle_mtrl_dark.png: error: file not found.\nC:\\Users\\??\\.gradle\\caches\\transforms-1\\files-1.1\\support-compat-27.1.1.aar\\89bc5b5be730920c1779275773f888ad\\res\\layout\\notification_action_tombstone.xml: error: file not found.\nC:\\Users\\??\\.gradle\\caches\\transforms-1\\files-1.1\\appcompat-v7-27.1.1.aar\\031c62276958579ac6449e5bad72b0ac\\res\\drawable-xxxhdpi-v4\\abc_ic_menu_paste_mtrl_am_alpha.png: error: file not found.\nC:\\Users\\??\\.gradle\\caches\\transforms-1\\files-1.1\\appcompat-v7-27.1.1.aar\\031c62276958579ac6449e5bad72b0ac\\res\\drawable-hdpi-v4\\abc_text_select_handle_left_mtrl_dark.png: error: file not found.\nC:\\Users\\??\\.gradle\\caches\\transforms-1\\files-1.1\\appcompat-v7-27.1.1.aar\\031c62276958579ac6449e5bad72b0ac\\res\\drawable-xxxhdpi-v4\\abc_ic_star_black_48dp.png: error: file not found.\nC:\\Users\\??\\.gradle\\caches\\transforms-1\\files-1.1\\appcompat-v7-27.1.1.aar\\031c62276958579ac6449e5bad72b0ac\\res\\drawable-mdpi-v4\\abc_scrubber_control_off_mtrl_alpha.png: error: file not found.\nTask :app:mergeDebugResources \nError: java.util.concurrent.ExecutionException: com.android.builder.internal.aapt.v2.Aapt2Exception: AAPT2 error: check logs for details\nFAILURE: Build failed with an exception.\n* What went wrong:\nExecution failed for task ':app:mergeDebugResources'.\nError: java.util.concurrent.ExecutionException: com.android.builder.internal.aapt.v2.Aapt2Exception: AAPT2 error: check logs for details\n* Try:\nRun with --stacktrace option to get the stack trace. Run with --info or --debug option to get more log output. Run with --scan to get full insights.\n* Get more help at https://help.gradle.org\nBUILD FAILED in 5s\n11 actionable tasks: 9 executed, 2 up-to-date</code></p>\n\n<p><strong>Information of my Android Studio</strong><br>\nSDK Tools:26.1.1<br>\nGradle version:4.4<br>\nPlugin version:3.1<br>\nplatform version:API 27</p>\n\n<p>I have seen some answers in other questions but they don't work for me. Hope my details are enough for you to solve my problem. </p>\n"
        },
        {
            "tags": [
                "java",
                "hibernate",
                "jpa"
            ],
            "owner": {
                "reputation": 25899,
                "user_id": 216431,
                "user_type": "registered",
                "accept_rate": 91,
                "profile_image": "https://www.gravatar.com/avatar/3f48a5a8edc33ac19891ce7179954353?s=128&d=identicon&r=PG&f=1",
                "display_name": "d-man",
                "link": "https://stackoverflow.com/users/216431/d-man"
            },
            "is_answered": true,
            "view_count": 13,
            "answer_count": 1,
            "score": 1,
            "last_activity_date": 1524157860,
            "creation_date": 1524153772,
            "question_id": 49925508,
            "body_markdown": "I have student and activities table.\r\n\r\ni want to have latest activity in in Student Entity, can some one help how do i do it ?\r\n\r\n        Student\r\n        -------\r\n        id\r\n        name\r\n        latest_activity_id\r\n        \r\n        student_ctivities\r\n        --------\r\n        id,\r\n        name\r\n        insertDate\r\n    \r\n        @Entity\r\n        public class Student{\r\n        \r\n        String id;\r\n        String name;\r\n    \r\n        @JoinColumn(name = &quot;latest_activity_id&quot;)\r\n        // how do map latest activity (sort by insert date) to following object\r\n        StudentActivity activity;\r\n        \r\n        \r\n        }\r\n    \r\n    @Entity\r\n    public class StudentActivity{\r\n    Integer id;\r\n    String name;\r\n    LocalDate insertDate;\r\n    }\r\n\r\n",
            "link": "https://stackoverflow.com/questions/49925508/jpa-hibernate-map-latest-object-in-joincolumn-object",
            "title": "jpa hibernate map latest object in joincolumn object",
            "body": "<p>I have student and activities table.</p>\n\n<p>i want to have latest activity in in Student Entity, can some one help how do i do it ?</p>\n\n<pre><code>    Student\n    -------\n    id\n    name\n    latest_activity_id\n\n    student_ctivities\n    --------\n    id,\n    name\n    insertDate\n\n    @Entity\n    public class Student{\n\n    String id;\n    String name;\n\n    @JoinColumn(name = \"latest_activity_id\")\n    // how do map latest activity (sort by insert date) to following object\n    StudentActivity activity;\n\n\n    }\n\n@Entity\npublic class StudentActivity{\nInteger id;\nString name;\nLocalDate insertDate;\n}\n</code></pre>\n"
        },
        {
            "tags": [
                "git"
            ],
            "owner": {
                "reputation": 2,
                "user_id": 9584947,
                "user_type": "registered",
                "profile_image": "https://lh3.googleusercontent.com/-XdUIqdMkCWA/AAAAAAAAAAI/AAAAAAAAAAA/4252rscbv5M/photo.jpg?sz=128",
                "display_name": "Durvesh Naik",
                "link": "https://stackoverflow.com/users/9584947/durvesh-naik"
            },
            "is_answered": true,
            "view_count": 28,
            "answer_count": 2,
            "score": 0,
            "last_activity_date": 1524157839,
            "creation_date": 1524134055,
            "last_edit_date": 1524134085,
            "question_id": 49918910,
            "body_markdown": "I am having one project, where I and my partner is working simultaneously. The scenario is like,\r\n\r\nI work on X feature in the same Unity3D scene.\r\nHe works on Y thing in the same Unity3D scene.\r\n\r\nI push changes to cloud via sourcetree, later he pulls that but he loses track of his local work.\r\n\r\nHow can we avoid this situation?",
            "link": "https://stackoverflow.com/questions/49918910/how-to-pull-without-losing-local-changes-in-sourcetree-git",
            "title": "How to pull without losing local changes in sourcetree/git",
            "body": "<p>I am having one project, where I and my partner is working simultaneously. The scenario is like,</p>\n\n<p>I work on X feature in the same Unity3D scene.\nHe works on Y thing in the same Unity3D scene.</p>\n\n<p>I push changes to cloud via sourcetree, later he pulls that but he loses track of his local work.</p>\n\n<p>How can we avoid this situation?</p>\n"
        },
        {
            "tags": [
                "python",
                "macos",
                "pip",
                "macos-sierra"
            ],
            "owner": {
                "reputation": 11884,
                "user_id": 425964,
                "user_type": "registered",
                "accept_rate": 51,
                "profile_image": "https://www.gravatar.com/avatar/8ef60d80068382fcd2875e5d0757600e?s=128&d=identicon&r=PG",
                "display_name": "Justin",
                "link": "https://stackoverflow.com/users/425964/justin"
            },
            "is_answered": true,
            "view_count": 12834,
            "answer_count": 6,
            "score": 8,
            "last_activity_date": 1524157834,
            "creation_date": 1482197282,
            "last_edit_date": 1482198764,
            "question_id": 41233594,
            "body_markdown": "I&#39;ve been trying to install pip on macOS sierra via brew, but every time it completes without installing the binaries in `/usr/local/Cellar/python/2.7.13/bin`.\r\n\r\nI&#39;ve tried:\r\n\r\n    MacBook-Pro  brew reinstall python\r\n\r\nthen:\r\n\r\n    MacBook-Pro   ~ which pip\r\n    pip not found\r\n\r\nI found the path to python, which is `/usr/local/Cellar/python/2.7.13/bin` but no binary for pip there.\r\n\r\nI also tried the `easy_install` approach:\r\n\r\n    MacBook-Pro  sudo easy_install pip\r\n    Traceback (most recent call last):\r\n      File &quot;/usr/bin/easy_install-2.7&quot;, line 11, in &lt;module&gt;\r\n        load_entry_point(&#39;setuptools==18.5&#39;, &#39;console_scripts&#39;, &#39;easy_install&#39;)()\r\n      File &quot;/Library/Python/2.7/site-packages/pkg_resources.py&quot;, line 352, in load_entry_point\r\n        return get_distribution(dist).load_entry_point(group, name)\r\n      File &quot;/Library/Python/2.7/site-packages/pkg_resources.py&quot;, line 2307, in load_entry_point\r\n        return ep.load()\r\n      File &quot;/Library/Python/2.7/site-packages/pkg_resources.py&quot;, line 2021, in load\r\n        entry = __import__(self.module_name, globals(),globals(), [&#39;__name__&#39;])\r\n      File &quot;/System/Library/Frameworks/Python.framework/Versions/2.7/Extras/lib/python/setuptools/__init__.py&quot;, line 12, in &lt;module&gt;\r\n        from setuptools.extension import Extension\r\n      File &quot;/System/Library/Frameworks/Python.framework/Versions/2.7/Extras/lib/python/setuptools/extension.py&quot;, line 8, in &lt;module&gt;\r\n        from .dist import _get_unpatched\r\n      File &quot;/System/Library/Frameworks/Python.framework/Versions/2.7/Extras/lib/python/setuptools/dist.py&quot;, line 21, in &lt;module&gt;\r\n        packaging = pkg_resources.packaging\r\n    AttributeError: &#39;module&#39; object has no attribute &#39;packaging&#39;\r\n\r\n**UPDATE:**\r\n\r\nWhen I run `brew postinstall python` I am getting the following error:\r\n\r\n    MacBook-Pro   ~ brew postinstall python\r\n    ==&gt; Using the sandbox\r\n    ==&gt; /usr/local/Cellar/python/2.7.13/bin/python -s setup.py --no-user-cfg install --force --verbose --single-version-externally-managed --rec\r\n    ==&gt; /usr/local/Cellar/python/2.7.13/bin/python -s setup.py --no-user-cfg install --force --verbose --single-version-externally-managed --rec\r\n    Last 15 lines from /Users/justin/Library/Logs/Homebrew/python/post_install.02.python:\r\n    \r\n    Traceback (most recent call last):\r\n      File &quot;setup.py&quot;, line 92, in &lt;module&gt;\r\n        cmdclass={&#39;test&#39;: PyTest},\r\n      File &quot;/usr/local/Cellar/python/2.7.13/Frameworks/Python.framework/Versions/2.7/lib/python2.7/distutils/core.py&quot;, line 111, in setup\r\n        _setup_distribution = dist = klass(attrs)\r\n      File &quot;/Users/justin/.venvburrito/lib/python/distribute-0.6.35-py2.7.egg/setuptools/dist.py&quot;, line 225, in __init__\r\n        _Distribution.__init__(self,attrs)\r\n      File &quot;/usr/local/Cellar/python/2.7.13/Frameworks/Python.framework/Versions/2.7/lib/python2.7/distutils/dist.py&quot;, line 287, in __init__\r\n        self.finalize_options()\r\n      File &quot;/Users/justin/.venvburrito/lib/python/distribute-0.6.35-py2.7.egg/setuptools/dist.py&quot;, line 258, in finalize_options\r\n        ep.load()(self, ep.name, value)\r\n      File &quot;/Users/justin/.venvburrito/lib/python/distribute-0.6.35-py2.7.egg/pkg_resources.py&quot;, line 2020, in load\r\n        raise ImportError(&quot;%r has no %r attribute&quot; % (entry,attr))\r\n    ImportError: &lt;module &#39;setuptools.dist&#39; from &#39;/Users/justin/.venvburrito/lib/python/distribute-0.6.35-py2.7.egg/setuptools/dist.pyc&#39;&gt; has no &#39;check_specifier&#39; attribute",
            "link": "https://stackoverflow.com/questions/41233594/installing-pip-on-macos-sierra",
            "title": "Installing pip on macOS Sierra",
            "body": "<p>I've been trying to install pip on macOS sierra via brew, but every time it completes without installing the binaries in <code>/usr/local/Cellar/python/2.7.13/bin</code>.</p>\n\n<p>I've tried:</p>\n\n<pre><code>MacBook-Pro  brew reinstall python\n</code></pre>\n\n<p>then:</p>\n\n<pre><code>MacBook-Pro   ~ which pip\npip not found\n</code></pre>\n\n<p>I found the path to python, which is <code>/usr/local/Cellar/python/2.7.13/bin</code> but no binary for pip there.</p>\n\n<p>I also tried the <code>easy_install</code> approach:</p>\n\n<pre><code>MacBook-Pro  sudo easy_install pip\nTraceback (most recent call last):\n  File \"/usr/bin/easy_install-2.7\", line 11, in &lt;module&gt;\n    load_entry_point('setuptools==18.5', 'console_scripts', 'easy_install')()\n  File \"/Library/Python/2.7/site-packages/pkg_resources.py\", line 352, in load_entry_point\n    return get_distribution(dist).load_entry_point(group, name)\n  File \"/Library/Python/2.7/site-packages/pkg_resources.py\", line 2307, in load_entry_point\n    return ep.load()\n  File \"/Library/Python/2.7/site-packages/pkg_resources.py\", line 2021, in load\n    entry = __import__(self.module_name, globals(),globals(), ['__name__'])\n  File \"/System/Library/Frameworks/Python.framework/Versions/2.7/Extras/lib/python/setuptools/__init__.py\", line 12, in &lt;module&gt;\n    from setuptools.extension import Extension\n  File \"/System/Library/Frameworks/Python.framework/Versions/2.7/Extras/lib/python/setuptools/extension.py\", line 8, in &lt;module&gt;\n    from .dist import _get_unpatched\n  File \"/System/Library/Frameworks/Python.framework/Versions/2.7/Extras/lib/python/setuptools/dist.py\", line 21, in &lt;module&gt;\n    packaging = pkg_resources.packaging\nAttributeError: 'module' object has no attribute 'packaging'\n</code></pre>\n\n<p><strong>UPDATE:</strong></p>\n\n<p>When I run <code>brew postinstall python</code> I am getting the following error:</p>\n\n<pre><code>MacBook-Pro   ~ brew postinstall python\n==&gt; Using the sandbox\n==&gt; /usr/local/Cellar/python/2.7.13/bin/python -s setup.py --no-user-cfg install --force --verbose --single-version-externally-managed --rec\n==&gt; /usr/local/Cellar/python/2.7.13/bin/python -s setup.py --no-user-cfg install --force --verbose --single-version-externally-managed --rec\nLast 15 lines from /Users/justin/Library/Logs/Homebrew/python/post_install.02.python:\n\nTraceback (most recent call last):\n  File \"setup.py\", line 92, in &lt;module&gt;\n    cmdclass={'test': PyTest},\n  File \"/usr/local/Cellar/python/2.7.13/Frameworks/Python.framework/Versions/2.7/lib/python2.7/distutils/core.py\", line 111, in setup\n    _setup_distribution = dist = klass(attrs)\n  File \"/Users/justin/.venvburrito/lib/python/distribute-0.6.35-py2.7.egg/setuptools/dist.py\", line 225, in __init__\n    _Distribution.__init__(self,attrs)\n  File \"/usr/local/Cellar/python/2.7.13/Frameworks/Python.framework/Versions/2.7/lib/python2.7/distutils/dist.py\", line 287, in __init__\n    self.finalize_options()\n  File \"/Users/justin/.venvburrito/lib/python/distribute-0.6.35-py2.7.egg/setuptools/dist.py\", line 258, in finalize_options\n    ep.load()(self, ep.name, value)\n  File \"/Users/justin/.venvburrito/lib/python/distribute-0.6.35-py2.7.egg/pkg_resources.py\", line 2020, in load\n    raise ImportError(\"%r has no %r attribute\" % (entry,attr))\nImportError: &lt;module 'setuptools.dist' from '/Users/justin/.venvburrito/lib/python/distribute-0.6.35-py2.7.egg/setuptools/dist.pyc'&gt; has no 'check_specifier' attribute\n</code></pre>\n"
        },
        {
            "tags": [
                "mongodb",
                "mongoose",
                "aggregate"
            ],
            "owner": {
                "reputation": 60,
                "user_id": 2285831,
                "user_type": "registered",
                "accept_rate": 39,
                "profile_image": "https://www.gravatar.com/avatar/d9ba9946170c458a27d1e057daf16b85?s=128&d=identicon&r=PG",
                "display_name": "user2285831",
                "link": "https://stackoverflow.com/users/2285831/user2285831"
            },
            "is_answered": false,
            "view_count": 7,
            "answer_count": 0,
            "score": 0,
            "last_activity_date": 1524157814,
            "creation_date": 1524157814,
            "question_id": 49926624,
            "body_markdown": "I have these schemas\r\n\r\n**users**\r\n\r\n     var UsersSchema = new mongoose.Schema({\r\n    \r\n                first_name: String,\r\n                last_name:String,\r\n                sex: String,\r\n                fk_hobbies: []\r\n    \r\n    \r\n            }\r\n            , {\r\n                timestamps: true\r\n            }, {collection: &#39;wt_users&#39;});\r\n\r\n**wt_key_features**\r\n\r\n    var Schema = mongoose.Schema;\r\n    \r\n    var KeyFeaturesSchema = new mongoose.Schema({\r\n    \r\n            reference: String,\r\n            fk_user_id :{type: Schema.Types.ObjectId, ref: &#39;wt_users&#39;},\r\n            fk_features:{}\r\n    \r\n    \r\n    \r\n    \r\n        }\r\n        , {\r\n            timestamps: true\r\n        }, {collection: &#39;wt_key_features&#39;});\r\n\r\n\r\n\r\ni have this data\r\n\r\n**Table users**\r\n\r\n        {\r\n        &quot;_id&quot; : ObjectId(&quot;5ac9fa075c1d8adeb4a2da99&quot;),\r\n        &quot;first_name&quot; : &quot;jean&quot;,\r\n        &quot;last_name&quot; : &quot;mark&quot;,\r\n        &quot;sex&quot; : &quot;H&quot;,\r\n        &quot;fk_hobbies&quot; : []\r\n    }\r\n\r\n\r\n------------------------------\r\n\r\n    {\r\n        &quot;_id&quot; : ObjectId(&quot;5aca0a635c1d8adeb4a2da9d&quot;),\r\n        &quot;first_name&quot; : &quot;michael&quot;,\r\n        &quot;last_name&quot; : &quot;ferrari&quot;,\r\n        &quot;sex&quot; : &quot;H&quot;,\r\n        &quot;fk_hobbies&quot; : []\r\n    }\r\n\r\n\r\n----------------------------\r\n\r\n    {\r\n        &quot;_id&quot; : ObjectId(&quot;5ac9fa074c1d8adeb4a2da99&quot;),\r\n        &quot;first_name&quot; : &quot;Philip&quot;,\r\n        &quot;last_name&quot; : &quot;roi&quot;,\r\n        &quot;sex&quot; : &quot;H&quot;,\r\n        &quot;fk_hobbies&quot; : []\r\n    }\r\n\r\n--------------------------\r\n\r\n**table key_feature**\r\n\r\n    {\r\n    &quot;_id&quot; : ObjectId(&quot;5ad898ccdeb71adc34afe539&quot;),\r\n    &quot;fk_user_id&quot; : ObjectId(&quot;5ac9fa074c1d8adeb4a2da99&quot;),\r\n    &quot;fk_features&quot; : {\r\n        &quot;mine&quot; : [ \r\n            {\r\n                &quot;mi_id&quot; : ObjectId(&quot;5ad871595eb28c282a4a96e4&quot;),\r\n                &quot;mi_name&quot; : &quot;Cuisto&quot;\r\n            }, \r\n            {\r\n                &quot;mi_id&quot; : ObjectId(&quot;5ad896ddd612df443f045020&quot;),\r\n                &quot;mi_name&quot; : &quot;Mr Propre&quot;\r\n            }, \r\n            {\r\n                &quot;mi_id&quot; : ObjectId(&quot;5ad896ddd612df443f045021&quot;),\r\n                &quot;mi_name&quot; : &quot;Sportif&quot;\r\n            }\r\n        ],\r\n        &quot;mate&quot; : [ \r\n            {\r\n                &quot;ma_id&quot; : ObjectId(&quot;5ad896ddd612df443f045022&quot;),\r\n                &quot;ma_name&quot; : &quot;Discret&quot;\r\n            }, \r\n            {\r\n                &quot;ma_id&quot; : ObjectId(&quot;5ad896ddd612df443f045023&quot;),\r\n                &quot;ma_name&quot; : &quot;Geek&quot;\r\n            }, \r\n            {\r\n                &quot;ma_id&quot; : ObjectId(&quot;5ad896ddd612df443f045024&quot;),\r\n                &quot;ma_name&quot; : &quot;Zen&quot;\r\n            }\r\n        ]\r\n    }\r\n}\r\n\r\n    /* 2 */\r\n    {\r\n        &quot;_id&quot; : ObjectId(&quot;5ad898ccdeb71adc34afe540&quot;),\r\n        &quot;fk_user_id&quot; : ObjectId(&quot;5ac9fa075c1d8adeb4a2da99&quot;),\r\n        &quot;fk_features&quot; : {\r\n            &quot;mine&quot; : [ \r\n                {\r\n                    &quot;mi_id&quot; : ObjectId(&quot;5ad896ddd612df443f045022&quot;),\r\n                    &quot;mi_name&quot; : &quot;Discret&quot;\r\n                }, \r\n                {\r\n                    &quot;mi_id&quot; : ObjectId(&quot;5ad896ddd612df443f045023&quot;),\r\n                    &quot;mi_name&quot; : &quot;Geek&quot;\r\n                }, \r\n                {\r\n                    &quot;mi_id&quot; : ObjectId(&quot;5ad896ddd612df443f045025&quot;),\r\n                    &quot;mi_name&quot; : &quot;Direct&quot;\r\n                }\r\n            ],\r\n            &quot;mate&quot; : [ \r\n                {\r\n                    &quot;ma_id&quot; : ObjectId(&quot;5ad896ddd612df443f045026&quot;),\r\n                    &quot;ma_name&quot; : &quot;Aventurier&quot;\r\n                }, \r\n                {\r\n                    &quot;ma_id&quot; : ObjectId(&quot;5ad896ddd612df443f045027&quot;),\r\n                    &quot;ma_name&quot; : &quot;Rigolo&quot;\r\n                }, \r\n                {\r\n                    &quot;ma_id&quot; : ObjectId(&quot;5ad896ddd612df443f045028&quot;),\r\n                    &quot;ma_name&quot; : &quot;D&#233;contracte&quot;\r\n                }\r\n            ]\r\n        }\r\n    }\r\n\r\n------------------------------------------\r\n\r\n/* 3 */\r\n\r\n    {\r\n        &quot;_id&quot; : ObjectId(&quot;5ad898ccdeb71adc34afe541&quot;),\r\n        &quot;fk_user_id&quot; : ObjectId(&quot;5aca0a635c1d8adeb4a2da9d&quot;),\r\n        &quot;fk_features&quot; : {\r\n            &quot;mine&quot; : [ \r\n              \r\n                {\r\n                    &quot;ma_id&quot; : ObjectId(&quot;5ad896ddd612df443f045024&quot;),\r\n                    &quot;ma_name&quot; : &quot;Zen&quot;\r\n                } ,\r\n                {\r\n                    &quot;mi_id&quot; : ObjectId(&quot;5ad896ddd612df443f04502a&quot;),\r\n                    &quot;mi_name&quot; : &quot;Speed&quot;\r\n                }, \r\n                {\r\n                    &quot;mi_id&quot; : ObjectId(&quot;5ad896ddd612df443f045028&quot;),\r\n                    &quot;mi_name&quot; : &quot;D&#233;contracte&quot;\r\n                }\r\n            ],\r\n            &quot;mate&quot; : [ \r\n                {\r\n                    &quot;ma_id&quot; : ObjectId(&quot;5ad896ddd612df443f045023&quot;),\r\n                    &quot;ma_name&quot; : &quot;Geek&quot;\r\n                }, \r\n                {\r\n                    &quot;ma_id&quot; : ObjectId(&quot;5ad896ddd612df443f045022&quot;),\r\n                    &quot;ma_name&quot; : &quot;Discret&quot;\r\n                }, \r\n                {\r\n                    &quot;ma_id&quot; : ObjectId(&quot;5ad896ddd612df443f045024&quot;),\r\n                    &quot;ma_name&quot; : &quot;Zen&quot;\r\n                }\r\n            ]\r\n        }\r\n    }\r\n\r\n\r\n\r\nI want to match the user &quot;Philip roi&quot; (5ac9fa074c1d8adeb4a2da99)\r\nwith other users that have 3 or 2 or one similar caracter in object **mate** in table **key_features**\r\n\r\nin our case \r\n\r\nPhilip roi like other to be &quot;discret&quot; / &quot;Geek&quot; / &quot;zen&quot;, \r\nSo user &quot;jean mark&quot; (5ac9fa075c1d8adeb4a2da99) is &quot;discret&quot; and &quot;geek&quot;\r\n\r\nand user michael (5aca0a635c1d8adeb4a2da9d) is &quot;zen&quot;\r\n\r\nBut other users don&#39;t have what philp like (fk_features.mate) in there (fk_features.mine) and i want to order users by number of caracter matched in other users\r\n\r\n\r\n**my script didn&#39;t return the wanted result**\r\n\r\n    //What principal user likes in other users\r\n\r\n    var user_coloc_feature = [ 5ad896ddd612df443f045022,\r\n      5ad896ddd612df443f045023,\r\n      5ad896ddd612df443f045024 ]\r\n\r\n    //The users that we will search on\r\n    var match1IdsUser = [ 5ac9fa075c1d8adeb4a2da99, 5aca0a635c1d8adeb4a2da9d ]\r\n      model.aggregate([\r\n            { &quot;$match&quot;: {\r\n                &quot;_id&quot;: { &quot;$in&quot;: match1IdsUser },\r\n\r\n            }},\r\n            {\r\n                $lookup:\r\n                {\r\n                    from: &quot;key_features&quot;,\r\n                    localField: &quot;_id&quot;,\r\n                     foreignField: &quot;fk_user_id&quot;,\r\n                     as: &quot;fk_user_id&quot;\r\n                }\r\n                },{ &quot;$unwind&quot;: &quot;$fk_user_id&quot;  },\r\n            { $match: { &#39;fk_features.mate.ma_id&#39; :{ &quot;$in&quot;: user_coloc_feature }, } },\r\n\r\n\r\n        ])\r\n\r\n**Final object result that I want to have**\r\n\r\n\r\n    {&quot;success&quot;:true,&quot;data&quot;:[{&quot;_id&quot;:&quot;5ac9fa075c1d8adeb4a2da99&quot;,&quot;u_first_name&quot;:&quot;jean&quot;,&quot;u_last_name&quot;:&quot;mark&quot;,&quot;u_sex&quot;:&quot;H&quot;,&quot;u_fk_hobbies&quot;:[],&quot;kf_fk_user_id&quot;:{&quot;_id&quot;:&quot;5ad898ccdeb71adc34afe540&quot;,&quot;kf_fk_user_id&quot;:&quot;5ac9fa075c1d8adeb4a2da99&quot;,&quot;nbrMatched&quot;:2 ,&quot;kf_fk_features&quot;:{&quot;mine&quot;:[{&quot;mi_id&quot;:&quot;5ad896ddd612df443f045022&quot;,&quot;mi_name&quot;:&quot;Discret&quot;, &quot;shared&quot;:true},{&quot;mi_id&quot;:&quot;5ad896ddd612df443f045023&quot;,&quot;mi_name&quot;:&quot;Geek&quot;, &quot;shared&quot;:true},{&quot;mi_id&quot;:&quot;5ad896ddd612df443f045025&quot;,&quot;mi_name&quot;:&quot;Direct&quot;}],&quot;mate&quot;:[{&quot;ma_id&quot;:&quot;5ad896ddd612df443f045026&quot;,&quot;ma_name&quot;:&quot;Aventurier&quot;},{&quot;ma_id&quot;:&quot;5ad896ddd612df443f045027&quot;,&quot;ma_name&quot;:&quot;Rigolo&quot;},{&quot;ma_id&quot;:&quot;5ad896ddd612df443f045028&quot;,&quot;ma_name&quot;:&quot;D&#233;contracte&quot;}]}}},{&quot;_id&quot;:&quot;5aca0a635c1d8adeb4a2da9d&quot;,&quot;u_first_name&quot;:&quot;michael&quot;,&quot;u_last_name&quot;:&quot;ferrari&quot;,&quot;u_sex&quot;:&quot;H&quot;,&quot;u_fk_hobbies&quot;:[{&quot;_id&quot;:&quot;5ac9f84d5c1d8adeb4a2ea97&quot;,&quot;name&quot;:&quot;fashion&quot;},{&quot;_id&quot;:&quot;5ac9f84d5c1e8adeb4a2da97&quot;,&quot;name&quot;:&quot;Voyage&quot;},{&quot;_id&quot;:&quot;5ac9f84c5c1d8adeb4a2da97&quot;,&quot;name&quot;:&quot;Papoter&quot;},{&quot;_id&quot;:&quot;5ac9f84d2c1d8adeb4a2da97&quot;,&quot;name&quot;:&quot;Manger&quot;},{&quot;_id&quot;:&quot;5ac9f84d5c1d8adeb4a2da97&quot;,&quot;name&quot;:&quot;Film&quot;}],&quot;kf_fk_user_id&quot;:{&quot;_id&quot;:&quot;5ad898ccdeb71adc34afe541&quot;,&quot;kf_fk_user_id&quot;:&quot;5aca0a635c1d8adeb4a2da9d&quot;,&quot;nbrMatched&quot;:1, &quot;kf_fk_features&quot;:{&quot;mine&quot;:[{&quot;mi_id&quot;:&quot;5ad896ddd612df443f045029&quot;,&quot;mi_name&quot;:&quot;Epicurien&quot;},{&quot;mi_id&quot;:&quot;5ad896ddd612df443f04502a&quot;,&quot;mi_name&quot;:&quot;Speed&quot;},{&quot;mi_id&quot;:&quot;5ad896ddd612df443f045028&quot;,&quot;mi_name&quot;:&quot;D&#233;contracte&quot;}],&quot;mate&quot;:[{&quot;ma_id&quot;:&quot;5ad896ddd612df443f045023&quot;,&quot;ma_name&quot;:&quot;Geek&quot;},{&quot;ma_id&quot;:&quot;5ad896ddd612df443f045022&quot;,&quot;ma_name&quot;:&quot;Discret&quot;},{&quot;ma_id&quot;:&quot;5ad896ddd612df443f045024&quot;,&quot;ma_name&quot;:&quot;Zen&quot;, &quot;shared&quot;:true}]}}}]}\r\n",
            "link": "https://stackoverflow.com/questions/49926624/specefic-query-wthi-aggragation-join-mongoose",
            "title": "Specefic query wthi aggragation join Mongoose",
            "body": "<p>I have these schemas</p>\n\n<p><strong>users</strong></p>\n\n<pre><code> var UsersSchema = new mongoose.Schema({\n\n            first_name: String,\n            last_name:String,\n            sex: String,\n            fk_hobbies: []\n\n\n        }\n        , {\n            timestamps: true\n        }, {collection: 'wt_users'});\n</code></pre>\n\n<p><strong>wt_key_features</strong></p>\n\n<pre><code>var Schema = mongoose.Schema;\n\nvar KeyFeaturesSchema = new mongoose.Schema({\n\n        reference: String,\n        fk_user_id :{type: Schema.Types.ObjectId, ref: 'wt_users'},\n        fk_features:{}\n\n\n\n\n    }\n    , {\n        timestamps: true\n    }, {collection: 'wt_key_features'});\n</code></pre>\n\n<p>i have this data</p>\n\n<p><strong>Table users</strong></p>\n\n<pre><code>    {\n    \"_id\" : ObjectId(\"5ac9fa075c1d8adeb4a2da99\"),\n    \"first_name\" : \"jean\",\n    \"last_name\" : \"mark\",\n    \"sex\" : \"H\",\n    \"fk_hobbies\" : []\n}\n</code></pre>\n\n<hr>\n\n<pre><code>{\n    \"_id\" : ObjectId(\"5aca0a635c1d8adeb4a2da9d\"),\n    \"first_name\" : \"michael\",\n    \"last_name\" : \"ferrari\",\n    \"sex\" : \"H\",\n    \"fk_hobbies\" : []\n}\n</code></pre>\n\n<hr>\n\n<pre><code>{\n    \"_id\" : ObjectId(\"5ac9fa074c1d8adeb4a2da99\"),\n    \"first_name\" : \"Philip\",\n    \"last_name\" : \"roi\",\n    \"sex\" : \"H\",\n    \"fk_hobbies\" : []\n}\n</code></pre>\n\n<hr>\n\n<p><strong>table key_feature</strong></p>\n\n<pre><code>{\n\"_id\" : ObjectId(\"5ad898ccdeb71adc34afe539\"),\n\"fk_user_id\" : ObjectId(\"5ac9fa074c1d8adeb4a2da99\"),\n\"fk_features\" : {\n    \"mine\" : [ \n        {\n            \"mi_id\" : ObjectId(\"5ad871595eb28c282a4a96e4\"),\n            \"mi_name\" : \"Cuisto\"\n        }, \n        {\n            \"mi_id\" : ObjectId(\"5ad896ddd612df443f045020\"),\n            \"mi_name\" : \"Mr Propre\"\n        }, \n        {\n            \"mi_id\" : ObjectId(\"5ad896ddd612df443f045021\"),\n            \"mi_name\" : \"Sportif\"\n        }\n    ],\n    \"mate\" : [ \n        {\n            \"ma_id\" : ObjectId(\"5ad896ddd612df443f045022\"),\n            \"ma_name\" : \"Discret\"\n        }, \n        {\n            \"ma_id\" : ObjectId(\"5ad896ddd612df443f045023\"),\n            \"ma_name\" : \"Geek\"\n        }, \n        {\n            \"ma_id\" : ObjectId(\"5ad896ddd612df443f045024\"),\n            \"ma_name\" : \"Zen\"\n        }\n    ]\n}\n</code></pre>\n\n<p>}</p>\n\n<pre><code>/* 2 */\n{\n    \"_id\" : ObjectId(\"5ad898ccdeb71adc34afe540\"),\n    \"fk_user_id\" : ObjectId(\"5ac9fa075c1d8adeb4a2da99\"),\n    \"fk_features\" : {\n        \"mine\" : [ \n            {\n                \"mi_id\" : ObjectId(\"5ad896ddd612df443f045022\"),\n                \"mi_name\" : \"Discret\"\n            }, \n            {\n                \"mi_id\" : ObjectId(\"5ad896ddd612df443f045023\"),\n                \"mi_name\" : \"Geek\"\n            }, \n            {\n                \"mi_id\" : ObjectId(\"5ad896ddd612df443f045025\"),\n                \"mi_name\" : \"Direct\"\n            }\n        ],\n        \"mate\" : [ \n            {\n                \"ma_id\" : ObjectId(\"5ad896ddd612df443f045026\"),\n                \"ma_name\" : \"Aventurier\"\n            }, \n            {\n                \"ma_id\" : ObjectId(\"5ad896ddd612df443f045027\"),\n                \"ma_name\" : \"Rigolo\"\n            }, \n            {\n                \"ma_id\" : ObjectId(\"5ad896ddd612df443f045028\"),\n                \"ma_name\" : \"Dcontracte\"\n            }\n        ]\n    }\n}\n</code></pre>\n\n<hr>\n\n<p>/* 3 */</p>\n\n<pre><code>{\n    \"_id\" : ObjectId(\"5ad898ccdeb71adc34afe541\"),\n    \"fk_user_id\" : ObjectId(\"5aca0a635c1d8adeb4a2da9d\"),\n    \"fk_features\" : {\n        \"mine\" : [ \n\n            {\n                \"ma_id\" : ObjectId(\"5ad896ddd612df443f045024\"),\n                \"ma_name\" : \"Zen\"\n            } ,\n            {\n                \"mi_id\" : ObjectId(\"5ad896ddd612df443f04502a\"),\n                \"mi_name\" : \"Speed\"\n            }, \n            {\n                \"mi_id\" : ObjectId(\"5ad896ddd612df443f045028\"),\n                \"mi_name\" : \"Dcontracte\"\n            }\n        ],\n        \"mate\" : [ \n            {\n                \"ma_id\" : ObjectId(\"5ad896ddd612df443f045023\"),\n                \"ma_name\" : \"Geek\"\n            }, \n            {\n                \"ma_id\" : ObjectId(\"5ad896ddd612df443f045022\"),\n                \"ma_name\" : \"Discret\"\n            }, \n            {\n                \"ma_id\" : ObjectId(\"5ad896ddd612df443f045024\"),\n                \"ma_name\" : \"Zen\"\n            }\n        ]\n    }\n}\n</code></pre>\n\n<p>I want to match the user \"Philip roi\" (5ac9fa074c1d8adeb4a2da99)\nwith other users that have 3 or 2 or one similar caracter in object <strong>mate</strong> in table <strong>key_features</strong></p>\n\n<p>in our case </p>\n\n<p>Philip roi like other to be \"discret\" / \"Geek\" / \"zen\", \nSo user \"jean mark\" (5ac9fa075c1d8adeb4a2da99) is \"discret\" and \"geek\"</p>\n\n<p>and user michael (5aca0a635c1d8adeb4a2da9d) is \"zen\"</p>\n\n<p>But other users don't have what philp like (fk_features.mate) in there (fk_features.mine) and i want to order users by number of caracter matched in other users</p>\n\n<p><strong>my script didn't return the wanted result</strong></p>\n\n<pre><code>//What principal user likes in other users\n\nvar user_coloc_feature = [ 5ad896ddd612df443f045022,\n  5ad896ddd612df443f045023,\n  5ad896ddd612df443f045024 ]\n\n//The users that we will search on\nvar match1IdsUser = [ 5ac9fa075c1d8adeb4a2da99, 5aca0a635c1d8adeb4a2da9d ]\n  model.aggregate([\n        { \"$match\": {\n            \"_id\": { \"$in\": match1IdsUser },\n\n        }},\n        {\n            $lookup:\n            {\n                from: \"key_features\",\n                localField: \"_id\",\n                 foreignField: \"fk_user_id\",\n                 as: \"fk_user_id\"\n            }\n            },{ \"$unwind\": \"$fk_user_id\"  },\n        { $match: { 'fk_features.mate.ma_id' :{ \"$in\": user_coloc_feature }, } },\n\n\n    ])\n</code></pre>\n\n<p><strong>Final object result that I want to have</strong></p>\n\n<pre><code>{\"success\":true,\"data\":[{\"_id\":\"5ac9fa075c1d8adeb4a2da99\",\"u_first_name\":\"jean\",\"u_last_name\":\"mark\",\"u_sex\":\"H\",\"u_fk_hobbies\":[],\"kf_fk_user_id\":{\"_id\":\"5ad898ccdeb71adc34afe540\",\"kf_fk_user_id\":\"5ac9fa075c1d8adeb4a2da99\",\"nbrMatched\":2 ,\"kf_fk_features\":{\"mine\":[{\"mi_id\":\"5ad896ddd612df443f045022\",\"mi_name\":\"Discret\", \"shared\":true},{\"mi_id\":\"5ad896ddd612df443f045023\",\"mi_name\":\"Geek\", \"shared\":true},{\"mi_id\":\"5ad896ddd612df443f045025\",\"mi_name\":\"Direct\"}],\"mate\":[{\"ma_id\":\"5ad896ddd612df443f045026\",\"ma_name\":\"Aventurier\"},{\"ma_id\":\"5ad896ddd612df443f045027\",\"ma_name\":\"Rigolo\"},{\"ma_id\":\"5ad896ddd612df443f045028\",\"ma_name\":\"Dcontracte\"}]}}},{\"_id\":\"5aca0a635c1d8adeb4a2da9d\",\"u_first_name\":\"michael\",\"u_last_name\":\"ferrari\",\"u_sex\":\"H\",\"u_fk_hobbies\":[{\"_id\":\"5ac9f84d5c1d8adeb4a2ea97\",\"name\":\"fashion\"},{\"_id\":\"5ac9f84d5c1e8adeb4a2da97\",\"name\":\"Voyage\"},{\"_id\":\"5ac9f84c5c1d8adeb4a2da97\",\"name\":\"Papoter\"},{\"_id\":\"5ac9f84d2c1d8adeb4a2da97\",\"name\":\"Manger\"},{\"_id\":\"5ac9f84d5c1d8adeb4a2da97\",\"name\":\"Film\"}],\"kf_fk_user_id\":{\"_id\":\"5ad898ccdeb71adc34afe541\",\"kf_fk_user_id\":\"5aca0a635c1d8adeb4a2da9d\",\"nbrMatched\":1, \"kf_fk_features\":{\"mine\":[{\"mi_id\":\"5ad896ddd612df443f045029\",\"mi_name\":\"Epicurien\"},{\"mi_id\":\"5ad896ddd612df443f04502a\",\"mi_name\":\"Speed\"},{\"mi_id\":\"5ad896ddd612df443f045028\",\"mi_name\":\"Dcontracte\"}],\"mate\":[{\"ma_id\":\"5ad896ddd612df443f045023\",\"ma_name\":\"Geek\"},{\"ma_id\":\"5ad896ddd612df443f045022\",\"ma_name\":\"Discret\"},{\"ma_id\":\"5ad896ddd612df443f045024\",\"ma_name\":\"Zen\", \"shared\":true}]}}}]}\n</code></pre>\n"
        },
        {
            "tags": [
                "java",
                "eclipse",
                "maven",
                "web",
                "pom.xml"
            ],
            "owner": {
                "reputation": 66,
                "user_id": 2272119,
                "user_type": "registered",
                "profile_image": "https://www.gravatar.com/avatar/0c6b7ec84805fc2bd300e819b644d714?s=128&d=identicon&r=PG",
                "display_name": "user2272119",
                "link": "https://stackoverflow.com/users/2272119/user2272119"
            },
            "is_answered": true,
            "view_count": 43578,
            "answer_count": 4,
            "score": 11,
            "last_activity_date": 1524157802,
            "creation_date": 1408712208,
            "question_id": 25447590,
            "body_markdown": "i wanna make web project using the Maven to import automatically all libraries that i need, so i chose `&quot;maven-archetype-webpp&quot;`\r\n\r\nafter that i got this error on pom.xml file : \r\n\r\n    Description Resource Path Location Type Failure to transfer org.apache.maven.plugins:maven-surefire-plugin:pom:2.12.4 from http://repo.maven.apache.org/maven2 was cached in the local repository, resolution will not be reattempted until the update interval of central has elapsed or updates are forced. Original error: Could not transfer artifact org.apache.maven.plugins:maven-surefire-plugin:pom:2.12.4 from/to central (http://repo.maven.apache.org/maven2): The operation was cancelled. pom.xml /SpringTuto line 1 Maven Configuration Problem\r\n\r\n**im updated my Maven project but with no results !!**\r\n\r\nPOM.XML :\r\n\r\n    &lt;project xmlns=&quot;http://maven.apache.org/POM/4.0.0&quot; xmlns:xsi=&quot;http://www.w3.org/2001/XMLSchema-instance&quot;\r\n      xsi:schemaLocation=&quot;http://maven.apache.org/POM/4.0.0 http://maven.apache.org/maven-v4_0_0.xsd&quot;&gt;\r\n      &lt;modelVersion&gt;4.0.0&lt;/modelVersion&gt;\r\n      &lt;groupId&gt;com.pre.example&lt;/groupId&gt;\r\n      &lt;artifactId&gt;SpringTuto&lt;/artifactId&gt;\r\n      &lt;packaging&gt;war&lt;/packaging&gt;\r\n      &lt;version&gt;0.0.1-SNAPSHOT&lt;/version&gt;\r\n      &lt;name&gt;SpringTuto Maven Webapp&lt;/name&gt;\r\n      &lt;url&gt;http://maven.apache.org&lt;/url&gt;\r\n      &lt;dependencies&gt;\r\n        &lt;dependency&gt;\r\n          &lt;groupId&gt;junit&lt;/groupId&gt;\r\n          &lt;artifactId&gt;junit&lt;/artifactId&gt;\r\n          &lt;version&gt;3.8.1&lt;/version&gt;\r\n          &lt;scope&gt;test&lt;/scope&gt;\r\n        &lt;/dependency&gt;\r\n      &lt;/dependencies&gt;\r\n      &lt;build&gt;\r\n        &lt;finalName&gt;SpringTuto&lt;/finalName&gt;\r\n      &lt;/build&gt;\r\n    &lt;/project&gt;\r\n\r\n\r\n",
            "link": "https://stackoverflow.com/questions/25447590/maven-error-in-eclipse-pom-xml-failure-to-transfer-org-apache-maven-plugins",
            "title": "Maven error in eclipse (pom.xml) : Failure to transfer org.apache.maven.plugins:maven-surefire-plugin:pom:2.12.4",
            "body": "<p>i wanna make web project using the Maven to import automatically all libraries that i need, so i chose <code>\"maven-archetype-webpp\"</code></p>\n\n<p>after that i got this error on pom.xml file : </p>\n\n<pre><code>Description Resource Path Location Type Failure to transfer org.apache.maven.plugins:maven-surefire-plugin:pom:2.12.4 from http://repo.maven.apache.org/maven2 was cached in the local repository, resolution will not be reattempted until the update interval of central has elapsed or updates are forced. Original error: Could not transfer artifact org.apache.maven.plugins:maven-surefire-plugin:pom:2.12.4 from/to central (http://repo.maven.apache.org/maven2): The operation was cancelled. pom.xml /SpringTuto line 1 Maven Configuration Problem\n</code></pre>\n\n<p><strong>im updated my Maven project but with no results !!</strong></p>\n\n<p>POM.XML :</p>\n\n<pre><code>&lt;project xmlns=\"http://maven.apache.org/POM/4.0.0\" xmlns:xsi=\"http://www.w3.org/2001/XMLSchema-instance\"\n  xsi:schemaLocation=\"http://maven.apache.org/POM/4.0.0 http://maven.apache.org/maven-v4_0_0.xsd\"&gt;\n  &lt;modelVersion&gt;4.0.0&lt;/modelVersion&gt;\n  &lt;groupId&gt;com.pre.example&lt;/groupId&gt;\n  &lt;artifactId&gt;SpringTuto&lt;/artifactId&gt;\n  &lt;packaging&gt;war&lt;/packaging&gt;\n  &lt;version&gt;0.0.1-SNAPSHOT&lt;/version&gt;\n  &lt;name&gt;SpringTuto Maven Webapp&lt;/name&gt;\n  &lt;url&gt;http://maven.apache.org&lt;/url&gt;\n  &lt;dependencies&gt;\n    &lt;dependency&gt;\n      &lt;groupId&gt;junit&lt;/groupId&gt;\n      &lt;artifactId&gt;junit&lt;/artifactId&gt;\n      &lt;version&gt;3.8.1&lt;/version&gt;\n      &lt;scope&gt;test&lt;/scope&gt;\n    &lt;/dependency&gt;\n  &lt;/dependencies&gt;\n  &lt;build&gt;\n    &lt;finalName&gt;SpringTuto&lt;/finalName&gt;\n  &lt;/build&gt;\n&lt;/project&gt;\n</code></pre>\n"
        },
        {
            "tags": [
                "java",
                "variables",
                "methods",
                "get",
                "set"
            ],
            "owner": {
                "reputation": 1,
                "user_id": 9523894,
                "user_type": "registered",
                "profile_image": "https://lh6.googleusercontent.com/-tptWN2E_bS4/AAAAAAAAAAI/AAAAAAAAS_w/PHGV_tvdBbU/photo.jpg?sz=128",
                "display_name": "KlaydPro",
                "link": "https://stackoverflow.com/users/9523894/klaydpro"
            },
            "is_answered": false,
            "view_count": 30,
            "closed_date": 1524158142,
            "answer_count": 0,
            "score": 0,
            "last_activity_date": 1524157801,
            "creation_date": 1524157801,
            "question_id": 49926621,
            "body_markdown": "set/get methods in class &quot;*hostel_DtRm*&quot; (Acronym for date and room). I make it very simple so you get the point.\r\n\r\n\r\n\r\n\r\n    public class hostel_DtRm {\r\n\r\n    private String guests;\r\n\r\n    // Constructor\r\n\tpublic   hostel_DtRm (){}\r\n\r\n    // Set guests method  \r\n\tpublic void setguests(String guests) {\r\n\t\tthis.guests=guests;\r\n\t\t\r\n\t}\r\n    //get guest method\r\n     public String getguests() {\r\n\t return guests;\r\n\t}\r\n\r\n\r\n\r\n\r\nAnother Class called &quot;*LogedInMain*&quot;, where the set methods from &quot;*hostel_DtRm*&quot; are populated.\r\n\r\n\r\n\r\n    public class LogedInMain {\r\n     \r\n    private hostel_DtRm dtrm;\r\n\r\n    public LogedInMain(hostel_DtRm dtrm ) {\r\n\t\tthis.dtrm=dtrm;\r\n        initialize();\r\n         ........\r\n          .....  \r\n\r\n\r\nPopulating the set and get methods from &quot;*hostel_DtRm*&quot; class from the &quot;*LogedInMain*&quot; class\r\n\r\n\r\n\r\n    hostel_DtRm dtrm= new hostel_DtRm();\r\n\t\t\t\t\t\t\t\t\r\n    dtrm.setguests(guests.getText());\r\n    dtrm.setstartdate(((JTextField)checkin.getDateEditor().getUiComponent()).getText());\r\n    dtrm.setenddate(((JTextField)checkout.getDateEditor().getUiComponent()).getText());\r\n\t\t\t\t\t\t\t\t\t\r\n\r\n\r\n&quot;*TEST*&quot; is the class where I want to manipulate the acquired data.\r\n\r\n    public class TEST {\r\n    private hostel_DtRm dtrm;\r\n\r\n    public TEST( hostel_DtRm dtrm) {\r\n\t\t\r\n\t\t \r\n\t\tthis.dtrm=dtrm;\r\n\t\t initialize();\r\n\r\n\t}\r\n\r\n    private void initialize() {\r\n\r\n    JLabel guest = new JLabel(dtrm.getguests());\r\n\tguest.setForeground(Color.DARK_GRAY);\r\n    guest.setBounds(41, 141, 86, 27);\r\n\tLogedInmain.add(guest);\r\n\t\t\t\t\t\t\t\t\t\r\n\r\n\r\nInstead of acquiring the guest number  I get a beautiful &quot;*Exception in thread &quot;AWT-EventQueue-0&quot; java.lang.NullPointerException*&quot;\r\n\r\nWhat I did wrong?\r\n",
            "link": "https://stackoverflow.com/questions/49926621/passing-variables-from-one-class-to-the-other-with-set-get-method-java",
            "closed_reason": "duplicate",
            "title": "Passing variables from one class to the other with set/get method JAVA",
            "body": "<p>set/get methods in class \"<em>hostel_DtRm</em>\" (Acronym for date and room). I make it very simple so you get the point.</p>\n\n<pre><code>public class hostel_DtRm {\n\nprivate String guests;\n\n// Constructor\npublic   hostel_DtRm (){}\n\n// Set guests method  \npublic void setguests(String guests) {\n    this.guests=guests;\n\n}\n//get guest method\n public String getguests() {\n return guests;\n}\n</code></pre>\n\n<p>Another Class called \"<em>LogedInMain</em>\", where the set methods from \"<em>hostel_DtRm</em>\" are populated.</p>\n\n<pre><code>public class LogedInMain {\n\nprivate hostel_DtRm dtrm;\n\npublic LogedInMain(hostel_DtRm dtrm ) {\n    this.dtrm=dtrm;\n    initialize();\n     ........\n      .....  \n</code></pre>\n\n<p>Populating the set and get methods from \"<em>hostel_DtRm</em>\" class from the \"<em>LogedInMain</em>\" class</p>\n\n<pre><code>hostel_DtRm dtrm= new hostel_DtRm();\n\ndtrm.setguests(guests.getText());\ndtrm.setstartdate(((JTextField)checkin.getDateEditor().getUiComponent()).getText());\ndtrm.setenddate(((JTextField)checkout.getDateEditor().getUiComponent()).getText());\n</code></pre>\n\n<p>\"<em>TEST</em>\" is the class where I want to manipulate the acquired data.</p>\n\n<pre><code>public class TEST {\nprivate hostel_DtRm dtrm;\n\npublic TEST( hostel_DtRm dtrm) {\n\n\n    this.dtrm=dtrm;\n     initialize();\n\n}\n\nprivate void initialize() {\n\nJLabel guest = new JLabel(dtrm.getguests());\nguest.setForeground(Color.DARK_GRAY);\nguest.setBounds(41, 141, 86, 27);\nLogedInmain.add(guest);\n</code></pre>\n\n<p>Instead of acquiring the guest number  I get a beautiful \"<em>Exception in thread \"AWT-EventQueue-0\" java.lang.NullPointerException</em>\"</p>\n\n<p>What I did wrong?</p>\n"
        },
        {
            "tags": [
                "node.js",
                "v8",
                "embedded-v8",
                "libv8"
            ],
            "owner": {
                "reputation": 1,
                "user_id": 9664213,
                "user_type": "registered",
                "profile_image": "https://lh3.googleusercontent.com/-XdUIqdMkCWA/AAAAAAAAAAI/AAAAAAAAAAA/4252rscbv5M/photo.jpg?sz=128",
                "display_name": "Alexey Novikov",
                "link": "https://stackoverflow.com/users/9664213/alexey-novikov"
            },
            "is_answered": false,
            "view_count": 23,
            "answer_count": 2,
            "score": 0,
            "last_activity_date": 1524157795,
            "creation_date": 1524054315,
            "question_id": 49899664,
            "body_markdown": "I&#39;m using the v8 library to run JavaScript code in C++-project. And I want to log every bytecode instruction at run time.\r\nIs it possible or not? Or can I only log the assembly instructions? And if I can, then how? \r\nThe trace log is required, not the result of disassembling bytecode.",
            "link": "https://stackoverflow.com/questions/49899664/how-can-i-trace-bytecode-instructions-in-v8-library",
            "title": "How can i trace bytecode instructions in v8 library",
            "body": "<p>I'm using the v8 library to run JavaScript code in C++-project. And I want to log every bytecode instruction at run time.\nIs it possible or not? Or can I only log the assembly instructions? And if I can, then how? \nThe trace log is required, not the result of disassembling bytecode.</p>\n"
        },
        {
            "tags": [
                "javascript",
                "node.js",
                "reactjs",
                "npm"
            ],
            "owner": {
                "reputation": 33,
                "user_id": 8521990,
                "user_type": "registered",
                "accept_rate": 0,
                "profile_image": "https://www.gravatar.com/avatar/53ed4089815069f050f8db6002603f8a?s=128&d=identicon&r=PG&f=1",
                "display_name": "bigmugcup",
                "link": "https://stackoverflow.com/users/8521990/bigmugcup"
            },
            "is_answered": false,
            "view_count": 1033,
            "answer_count": 3,
            "score": 0,
            "last_activity_date": 1524157793,
            "creation_date": 1522985573,
            "last_edit_date": 1522990055,
            "question_id": 49684857,
            "body_markdown": "I just came back to work on a React project after working in the Rails environment and found that I cannot run any NPM commands in my Mac terminal. I&#39;ve tried all the remedies that I have come across but none have worked. The bigger issue is what caused this and how can I avoid it again.\r\n\r\nHere is the error. What do I need to do? Please help.\r\n\r\n    $npm install            \r\n    \r\n    internal/modules/cjs/loader.js:550\r\n        throw err;\r\n        ^\r\n    \r\n    Error: Cannot find module &#39;../lib/utils/unsupported.js&#39;\r\n        at Function.Module._resolveFilename (internal/modules/cjs/loader.js:548:15)\r\n        at Function.Module._load (internal/modules/cjs/loader.js:475:25)\r\n        at Module.require (internal/modules/cjs/loader.js:598:17)\r\n        at require (internal/modules/cjs/helpers.js:11:18)\r\n        at /usr/local/lib/node_modules/npm/bin/npm-cli.js:19:21\r\n        at Object.&lt;anonymous&gt; (/usr/local/lib/node_modules/npm/bin/npm-cli.js:92:3)\r\n        at Module._compile (internal/modules/cjs/loader.js:654:30)\r\n        at Object.Module._extensions..js (internal/modules/cjs/loader.js:665:10)\r\n        at Module.load (internal/modules/cjs/loader.js:566:32)\r\n        at tryModuleLoad (internal/modules/cjs/loader.js:506:12)\r\n\r\nI have tried the following:\r\n\r\n    $brew update\r\n    $brew uninstall node\r\n    $brew install node\r\n\r\nAfter which the following commands come up as so when $which npm was unknown command before:\r\n\r\n    $which npm\r\n    /usr/local/bin/npm\r\n\r\n    $which node\r\n    /usr/local/bin/node\r\n\r\nI even tried running:\r\n\r\n    /usr/local/bin/npm -v\r\n\r\nbut get the same error as above while\r\n\r\n    /usr/local/bin/node -v\r\n    v9.11.1\r\n\r\nworks fine.\r\n\r\nadded the following to my .zshrc file:\r\n\r\n    export PATH=/usr/local/bin/node:$PATH\r\n    export PATH=/usr/local/bin/npm:$PATH\r\n\r\nI have also tried:\r\n\r\n    $brew uninstall --force node\r\n    $brew link --overwrite node \r\n    Warning: Already linked: /usr/local/Cellar/node/9.11.1\r\n    To relink: brew unlink node &amp;&amp; brew link node\r\n\r\n    $rm -rf /usr/local/lib/node_modules/npm    \r\n\r\nthen,\r\n\r\n    $node install\r\n\r\nbut that does not work, either.\r\n\r\n    $echo $NODE_PATH\r\n\r\ndoes come up empty, so I may need to added the following to my .bashrc.\r\n\r\n    export PATH=&quot;/usr/local/bin/npm:/usr/local/bin/node:/usr/local/bin:$PATH&quot; \r\n\r\nThat does not work either.\r\n",
            "link": "https://stackoverflow.com/questions/49684857/after-npm-install-getting-error-cannot-find-module-lib-utils-unsupported",
            "title": "After $npm install, Getting Error: Cannot find module &#39;../lib/utils/unsupported.js&#39;",
            "body": "<p>I just came back to work on a React project after working in the Rails environment and found that I cannot run any NPM commands in my Mac terminal. I've tried all the remedies that I have come across but none have worked. The bigger issue is what caused this and how can I avoid it again.</p>\n\n<p>Here is the error. What do I need to do? Please help.</p>\n\n<pre><code>$npm install            \n\ninternal/modules/cjs/loader.js:550\n    throw err;\n    ^\n\nError: Cannot find module '../lib/utils/unsupported.js'\n    at Function.Module._resolveFilename (internal/modules/cjs/loader.js:548:15)\n    at Function.Module._load (internal/modules/cjs/loader.js:475:25)\n    at Module.require (internal/modules/cjs/loader.js:598:17)\n    at require (internal/modules/cjs/helpers.js:11:18)\n    at /usr/local/lib/node_modules/npm/bin/npm-cli.js:19:21\n    at Object.&lt;anonymous&gt; (/usr/local/lib/node_modules/npm/bin/npm-cli.js:92:3)\n    at Module._compile (internal/modules/cjs/loader.js:654:30)\n    at Object.Module._extensions..js (internal/modules/cjs/loader.js:665:10)\n    at Module.load (internal/modules/cjs/loader.js:566:32)\n    at tryModuleLoad (internal/modules/cjs/loader.js:506:12)\n</code></pre>\n\n<p>I have tried the following:</p>\n\n<pre><code>$brew update\n$brew uninstall node\n$brew install node\n</code></pre>\n\n<p>After which the following commands come up as so when $which npm was unknown command before:</p>\n\n<pre><code>$which npm\n/usr/local/bin/npm\n\n$which node\n/usr/local/bin/node\n</code></pre>\n\n<p>I even tried running:</p>\n\n<pre><code>/usr/local/bin/npm -v\n</code></pre>\n\n<p>but get the same error as above while</p>\n\n<pre><code>/usr/local/bin/node -v\nv9.11.1\n</code></pre>\n\n<p>works fine.</p>\n\n<p>added the following to my .zshrc file:</p>\n\n<pre><code>export PATH=/usr/local/bin/node:$PATH\nexport PATH=/usr/local/bin/npm:$PATH\n</code></pre>\n\n<p>I have also tried:</p>\n\n<pre><code>$brew uninstall --force node\n$brew link --overwrite node \nWarning: Already linked: /usr/local/Cellar/node/9.11.1\nTo relink: brew unlink node &amp;&amp; brew link node\n\n$rm -rf /usr/local/lib/node_modules/npm    \n</code></pre>\n\n<p>then,</p>\n\n<pre><code>$node install\n</code></pre>\n\n<p>but that does not work, either.</p>\n\n<pre><code>$echo $NODE_PATH\n</code></pre>\n\n<p>does come up empty, so I may need to added the following to my .bashrc.</p>\n\n<pre><code>export PATH=\"/usr/local/bin/npm:/usr/local/bin/node:/usr/local/bin:$PATH\" \n</code></pre>\n\n<p>That does not work either.</p>\n"
        },
        {
            "tags": [
                "mysql",
                "symfony",
                "indexing",
                "doctrine",
                "php-7.1"
            ],
            "owner": {
                "reputation": 3014,
                "user_id": 407615,
                "user_type": "registered",
                "accept_rate": 69,
                "profile_image": "https://www.gravatar.com/avatar/f59bbb5527258c3fb5d82a5cb22050f1?s=128&d=identicon&r=PG",
                "display_name": "Victor S",
                "link": "https://stackoverflow.com/users/407615/victor-s"
            },
            "is_answered": false,
            "view_count": 10,
            "answer_count": 0,
            "score": 0,
            "last_activity_date": 1524157783,
            "creation_date": 1524157783,
            "question_id": 49926613,
            "body_markdown": "I have a table and I want to add indexes like this:\r\n\r\n     @Index(columns={&quot;child_id&quot;, &quot;abilities&quot;}),\r\n     @Index(columns={&quot;parent_id&quot;, &quot;abilities&quot;}),\r\n\r\n...\r\n\r\n     * @ORM\\Column(type=&quot;json_array&quot;, length=256)\r\n     */\r\n    protected $abilities;\r\n\r\nHowever, even after adding the appropriate limits in the migration:\r\n\r\n    $this-&gt;addSql(&#39;CREATE INDEX IDX_1088BF61DD62C21BB8388DA4 ON xxx (child_id, abilities(512))&#39;);\r\n    $this-&gt;addSql(&#39;CREATE INDEX IDX_1088BF61727ACA70B8388DA4 ON xxx (parent_id, abilities(512))&#39;);\r\n\r\nErrors like this occur when running tests, which recreate the database:\r\n\r\n&gt; An exception occurred while executing &#39;CREATE TABLE xxx (id INT\r\n&gt; AUTO_INCREMENT NOT NULL, parent_id INT DEFAULT NULL, child_id INT\r\n&gt; DEFAULT NULL, type VARCHAR(125) NOT NULL, abilities LONGT   EXT NOT\r\n&gt; NULL COMMENT &#39;(DC2Type:json_array)&#39;, created_at DATETIME NOT NULL,\r\n&gt; modified_at DATETIME NOT NULL, INDEX IDX_1088BF61727ACA70 (parent_id),\r\n&gt; INDEX IDX_1088BF61DD62C21B (child_id), INDEX IDX_1088BF61DD  \r\n&gt; 62C21B8CDE5729 (child_id, type), INDEX IDX_1088BF61727ACA708CDE5729\r\n&gt; (parent_id, type), INDEX IDX_1088BF618CDE5729 (type), INDEX\r\n&gt; IDX_1088BF61DD62C21BB8388DA4 (child_id, abilities), INDEX\r\n&gt; IDX_1088BF61727ACA7   0B8388DA4 (parent_id, abilities), INDEX\r\n&gt; IDX_1088BF61B8388DA4 (abilities), UNIQUE INDEX\r\n&gt; UNIQ_1088BF61727ACA70DD62C21B (parent_id, child_id), PRIMARY KEY(id))\r\n&gt; DEFAULT CHARACTER SET utf8 COLLATE utf8_unicode_   ci ENGINE =\r\n&gt; InnoDB&#39;:\r\n&gt; \r\n&gt;   SQLSTATE[42000]: Syntax error or access violation: 1170 BLOB/TEXT\r\n&gt; column &#39;abilities&#39; used in key specification without a key length\r\n\r\nWhat do I need to do to successfully create indexes on these columns?",
            "link": "https://stackoverflow.com/questions/49926613/how-do-i-add-compound-index-in-symfony-3-using-doctrine-on-column-of-type-json",
            "title": "How do I add compound index in Symfony 3 using Doctrine on column of type &quot;json_array&quot;?",
            "body": "<p>I have a table and I want to add indexes like this:</p>\n\n<pre><code> @Index(columns={\"child_id\", \"abilities\"}),\n @Index(columns={\"parent_id\", \"abilities\"}),\n</code></pre>\n\n<p>...</p>\n\n<pre><code> * @ORM\\Column(type=\"json_array\", length=256)\n */\nprotected $abilities;\n</code></pre>\n\n<p>However, even after adding the appropriate limits in the migration:</p>\n\n<pre><code>$this-&gt;addSql('CREATE INDEX IDX_1088BF61DD62C21BB8388DA4 ON xxx (child_id, abilities(512))');\n$this-&gt;addSql('CREATE INDEX IDX_1088BF61727ACA70B8388DA4 ON xxx (parent_id, abilities(512))');\n</code></pre>\n\n<p>Errors like this occur when running tests, which recreate the database:</p>\n\n<blockquote>\n  <p>An exception occurred while executing 'CREATE TABLE xxx (id INT\n  AUTO_INCREMENT NOT NULL, parent_id INT DEFAULT NULL, child_id INT\n  DEFAULT NULL, type VARCHAR(125) NOT NULL, abilities LONGT   EXT NOT\n  NULL COMMENT '(DC2Type:json_array)', created_at DATETIME NOT NULL,\n  modified_at DATETIME NOT NULL, INDEX IDX_1088BF61727ACA70 (parent_id),\n  INDEX IDX_1088BF61DD62C21B (child_id), INDEX IDX_1088BF61DD<br>\n  62C21B8CDE5729 (child_id, type), INDEX IDX_1088BF61727ACA708CDE5729\n  (parent_id, type), INDEX IDX_1088BF618CDE5729 (type), INDEX\n  IDX_1088BF61DD62C21BB8388DA4 (child_id, abilities), INDEX\n  IDX_1088BF61727ACA7   0B8388DA4 (parent_id, abilities), INDEX\n  IDX_1088BF61B8388DA4 (abilities), UNIQUE INDEX\n  UNIQ_1088BF61727ACA70DD62C21B (parent_id, child_id), PRIMARY KEY(id))\n  DEFAULT CHARACTER SET utf8 COLLATE utf8_unicode_   ci ENGINE =\n  InnoDB':</p>\n  \n  <p>SQLSTATE[42000]: Syntax error or access violation: 1170 BLOB/TEXT\n  column 'abilities' used in key specification without a key length</p>\n</blockquote>\n\n<p>What do I need to do to successfully create indexes on these columns?</p>\n"
        },
        {
            "tags": [
                "mongodb",
                "keystonejs"
            ],
            "owner": {
                "reputation": 6,
                "user_id": 8912395,
                "user_type": "registered",
                "profile_image": "https://lh4.googleusercontent.com/-zEx_3Kxd6hU/AAAAAAAAAAI/AAAAAAAABRM/J0ErzqR3sXs/photo.jpg?sz=128",
                "display_name": "UsherBrooks",
                "link": "https://stackoverflow.com/users/8912395/usherbrooks"
            },
            "is_answered": false,
            "view_count": 36,
            "answer_count": 1,
            "score": 1,
            "last_activity_date": 1524157780,
            "creation_date": 1524094214,
            "last_edit_date": 1524137108,
            "question_id": 49910504,
            "body_markdown": "I&#39;m trying to make an update in Keystone with some relation and I cannot get it working. I&#39;ve been reading the docs and it seems it is ok, also looking for issues here and in GitHub and I cannot find the right answer. \r\n\r\nCan anyone help me?\r\n\r\nThose are the files:\r\n\r\n    /**update/post.js */\r\n    exports.create = {\r\n        Post: [\r\n            { &#39;name.en&#39;: &#39;Postone&#39;, &#39;name.es&#39;: &#39;Art&#237;culo 1&#39;},\r\n            { &#39;name.en&#39;: &#39;Posttwo&#39;, &#39;name.es&#39;: &#39;Art&#237;culo 2&#39;}\r\n        ],\r\n    };\r\n\t\t\r\n\r\n    /** update/user.js */\r\n    exports.create = {\r\n        User: [\r\n            { &#39;name&#39;: &#39;First User&#39;, &#39;post&#39;: &#39;postone&#39;}\r\n        ]\r\n    }\r\n\r\nThe models files are:\r\n\r\n\r\nUser.js\r\n\r\n        var keystone = require(&#39;keystone&#39;);\r\n        var async = require(&#39;async&#39;);\r\n        var Types = keystone.Field.Types;\r\n    \r\n    var User = new keystone.List(&#39;User&#39;, {\r\n    \tmap: {\r\n    \t\tname: &#39;name&#39;\r\n    \t},\r\n    });\r\n    \r\n    User.add({\r\n    \tname: {\r\n    \t\ttype: Types.Text,\r\n    \t\tinitial: true,\r\n    \t\trequired: true\r\n    \t},\r\n    \tpost: {\r\n    \t\ttype: Types.Relationship,\r\n    \t\tref: &#39;Post&#39;,\r\n    \t\tmany: false\r\n    \t}\r\n    });\r\n    \r\n    User.defaultColumns = &#39;ID, name, post&#39;;\r\n    User.register();\r\n\r\nPost.js\r\n\r\n    var keystone = require(&#39;keystone&#39;);\r\n    var async = require(&#39;async&#39;);\r\n    var Types = keystone.Field.Types;\r\n    \r\n    var Post = new keystone.List(&#39;Post&#39;, {\r\n    \tmap: {\r\n    \t\tname: &#39;name.en&#39;\r\n    \t},\r\n    \tautokey: {\r\n    \t\tpath: &#39;slug&#39;,\r\n    \t\tfrom: &#39;name.en&#39;,\r\n    \t\tunique: true\r\n    \t},\r\n    });\r\n    \r\n    Post.add({\r\n    \tname: {\r\n    \t\ten: {\r\n    \t\t\ttype: Types.Text,\r\n    \t\t\tinitial: true,\r\n    \t\t\trequired: true\r\n    \t\t},\r\n    \t\tes: {\r\n    \t\t\ttype: Types.Text\r\n    \t\t}\r\n    \t}\r\n    });\r\n    \r\n    Post.relationship({\r\n    \tpath: &#39;users&#39;,\r\n    \tref: &#39;User&#39;,\r\n    \trefPath: &#39;post&#39;\r\n    });\r\n    \r\n    Post.defaultColumns = &#39;name.en&#39;;\r\n    Post.register();\r\n\r\nI&#39;m getting this message: \r\n\r\n&gt; Relationship User.post contains an invalid reference: &quot;postone&quot;.\r\n\r\nThanks in advance.",
            "link": "https://stackoverflow.com/questions/49910504/relationship-mapping-in-keystones-update-scripts",
            "title": "Relationship mapping in keystone&#39;s update scripts",
            "body": "<p>I'm trying to make an update in Keystone with some relation and I cannot get it working. I've been reading the docs and it seems it is ok, also looking for issues here and in GitHub and I cannot find the right answer. </p>\n\n<p>Can anyone help me?</p>\n\n<p>Those are the files:</p>\n\n<pre><code>/**update/post.js */\nexports.create = {\n    Post: [\n        { 'name.en': 'Postone', 'name.es': 'Artculo 1'},\n        { 'name.en': 'Posttwo', 'name.es': 'Artculo 2'}\n    ],\n};\n\n\n/** update/user.js */\nexports.create = {\n    User: [\n        { 'name': 'First User', 'post': 'postone'}\n    ]\n}\n</code></pre>\n\n<p>The models files are:</p>\n\n<p>User.js</p>\n\n<pre><code>    var keystone = require('keystone');\n    var async = require('async');\n    var Types = keystone.Field.Types;\n\nvar User = new keystone.List('User', {\n    map: {\n        name: 'name'\n    },\n});\n\nUser.add({\n    name: {\n        type: Types.Text,\n        initial: true,\n        required: true\n    },\n    post: {\n        type: Types.Relationship,\n        ref: 'Post',\n        many: false\n    }\n});\n\nUser.defaultColumns = 'ID, name, post';\nUser.register();\n</code></pre>\n\n<p>Post.js</p>\n\n<pre><code>var keystone = require('keystone');\nvar async = require('async');\nvar Types = keystone.Field.Types;\n\nvar Post = new keystone.List('Post', {\n    map: {\n        name: 'name.en'\n    },\n    autokey: {\n        path: 'slug',\n        from: 'name.en',\n        unique: true\n    },\n});\n\nPost.add({\n    name: {\n        en: {\n            type: Types.Text,\n            initial: true,\n            required: true\n        },\n        es: {\n            type: Types.Text\n        }\n    }\n});\n\nPost.relationship({\n    path: 'users',\n    ref: 'User',\n    refPath: 'post'\n});\n\nPost.defaultColumns = 'name.en';\nPost.register();\n</code></pre>\n\n<p>I'm getting this message: </p>\n\n<blockquote>\n  <p>Relationship User.post contains an invalid reference: \"postone\".</p>\n</blockquote>\n\n<p>Thanks in advance.</p>\n"
        },
        {
            "tags": [
                "mongodb",
                "hadoop",
                "apache-spark"
            ],
            "owner": {
                "reputation": 53,
                "user_id": 2719558,
                "user_type": "registered",
                "profile_image": "https://www.gravatar.com/avatar/6c9ff1e0356ef9c24a5a12f8b802b104?s=128&d=identicon&r=PG",
                "display_name": "Dipayan",
                "link": "https://stackoverflow.com/users/2719558/dipayan"
            },
            "is_answered": true,
            "view_count": 67,
            "accepted_answer_id": 39280364,
            "answer_count": 1,
            "score": 0,
            "last_activity_date": 1524157774,
            "creation_date": 1470880150,
            "last_edit_date": 1470906819,
            "question_id": 38886068,
            "body_markdown": "I am trying to do some aggregate operation on mongo collection using mongo hadoop (https://github.com/mongodb/mongo-hadoop) library for spark. I input my query using mongo.input.query configuration that is sent as an input to newApiHadoopRDD. \r\n\r\n    Configuration mongodbConfig = new Configuration();\r\n    mongodbConfig.set(&quot;mongo.job.input.format&quot;,&quot;com.mongodb.hadoop.MongoInputFormat&quot;;\r\n    mongodbConfig.set(&quot;mongo.input.uri&quot;,&quot;mongodb://&quot;+mongodbHost+&quot;/&quot;+database.collection);\r\n    mongodbConfig.set(&quot;mongo.input.query&quot;,query);\r\n    \r\n    JavaPairRDD audienceRDD =  sc.newAPIHadoopRDD(mongodbConfig, MongoInputFormat.class,Object.class, BSONObject.class);\r\n    audienceRDD.foreach(e -&gt; System.out.println(&quot;data: &quot;+e.toString()));\r\n    \r\n    \r\n    query={ &quot;aggregate&quot; : &quot;__collection__&quot; , &quot;pipeline&quot; : [ \r\n    { &quot;$match&quot; : { &quot;date&quot; : { &quot;$gte&quot; : { &quot;$date&quot; : &quot;2016-08-09T00:00:00.000Z&quot;} , &quot;$lte&quot; : { &quot;$date&quot; : &quot;2016-08-11T00:00:00.000Z&quot;}}}} , \r\n    { &quot;$unwind&quot; : &quot;$segments&quot;} , \r\n    { &quot;$group&quot; : { &quot;_id&quot; : &quot;$segments&quot; , &quot;audienceSize&quot; : { &quot;$sum&quot; : &quot;$count&quot;}}}]}, sort={ }, fields={ }, limit=0, notimeout=false}\r\n\r\nThe operation is successful in case I use a normal query like find. But when I try to use groupBy, I dint get any records on RDD. Can some one suggest a way to do aggregate operation on mongo collection using the mongo hadoop connector. \r\n\r\n",
            "link": "https://stackoverflow.com/questions/38886068/aggregates-supported-by-mongo-hadoop-connecter",
            "title": "Aggregates Supported by Mongo Hadoop Connecter?",
            "body": "<p>I am trying to do some aggregate operation on mongo collection using mongo hadoop (<a href=\"https://github.com/mongodb/mongo-hadoop\" rel=\"nofollow\">https://github.com/mongodb/mongo-hadoop</a>) library for spark. I input my query using mongo.input.query configuration that is sent as an input to newApiHadoopRDD. </p>\n\n<pre><code>Configuration mongodbConfig = new Configuration();\nmongodbConfig.set(\"mongo.job.input.format\",\"com.mongodb.hadoop.MongoInputFormat\";\nmongodbConfig.set(\"mongo.input.uri\",\"mongodb://\"+mongodbHost+\"/\"+database.collection);\nmongodbConfig.set(\"mongo.input.query\",query);\n\nJavaPairRDD audienceRDD =  sc.newAPIHadoopRDD(mongodbConfig, MongoInputFormat.class,Object.class, BSONObject.class);\naudienceRDD.foreach(e -&gt; System.out.println(\"data: \"+e.toString()));\n\n\nquery={ \"aggregate\" : \"__collection__\" , \"pipeline\" : [ \n{ \"$match\" : { \"date\" : { \"$gte\" : { \"$date\" : \"2016-08-09T00:00:00.000Z\"} , \"$lte\" : { \"$date\" : \"2016-08-11T00:00:00.000Z\"}}}} , \n{ \"$unwind\" : \"$segments\"} , \n{ \"$group\" : { \"_id\" : \"$segments\" , \"audienceSize\" : { \"$sum\" : \"$count\"}}}]}, sort={ }, fields={ }, limit=0, notimeout=false}\n</code></pre>\n\n<p>The operation is successful in case I use a normal query like find. But when I try to use groupBy, I dint get any records on RDD. Can some one suggest a way to do aggregate operation on mongo collection using the mongo hadoop connector. </p>\n"
        }
    ],
    "has_more": true,
    "quota_max": 300,
    "quota_remaining": 269
}