{
    "items": [
        {
            "tags": [
                "angular",
                "ionic-framework",
                "ionic2"
            ],
            "owner": {
                "reputation": 2171,
                "user_id": 725376,
                "user_type": "registered",
                "accept_rate": 87,
                "profile_image": "https://www.gravatar.com/avatar/0ad91a3cd643e8a2977f29cc8b872450?s=128&d=identicon&r=PG",
                "display_name": "Chumillas",
                "link": "https://stackoverflow.com/users/725376/chumillas"
            },
            "is_answered": false,
            "view_count": 26,
            "bounty_amount": 50,
            "bounty_closes_date": 1524680452,
            "answer_count": 0,
            "score": 0,
            "last_activity_date": 1524178907,
            "creation_date": 1523467453,
            "last_edit_date": 1524178907,
            "question_id": 49781121,
            "body_markdown": "The file input only works if I change the Xiaomi native launcher for another in the Play Store, obviously I can&#39;t force the users to do that.\r\n\r\n    &lt;input type=&quot;file&quot; name=&quot;file&quot; #fileInput (change)=&quot;fileChange($event.target.files)&quot;&gt;\r\n    \r\nNo errors neither logs prints anything.\r\n\r\nSteps to reproduce:\r\n\r\n * Click in input file\r\n * Select a file (any .pdf for example)\r\n * Nothing happens in the event of (change)",
            "link": "https://stackoverflow.com/questions/49781121/file-input-not-working-with-vanilla-xiaomi-redmi-series",
            "title": "File input not working with vanilla Xiaomi Redmi series",
            "body": "<p>The file input only works if I change the Xiaomi native launcher for another in the Play Store, obviously I can't force the users to do that.</p>\n\n<pre><code>&lt;input type=\"file\" name=\"file\" #fileInput (change)=\"fileChange($event.target.files)\"&gt;\n</code></pre>\n\n<p>No errors neither logs prints anything.</p>\n\n<p>Steps to reproduce:</p>\n\n<ul>\n<li>Click in input file</li>\n<li>Select a file (any .pdf for example)</li>\n<li>Nothing happens in the event of (change)</li>\n</ul>\n"
        },
        {
            "tags": [
                "ios",
                "xcode",
                "scrollview"
            ],
            "owner": {
                "reputation": 1,
                "user_id": 9672218,
                "user_type": "registered",
                "profile_image": "https://lh5.googleusercontent.com/-6yyjVu2FGVo/AAAAAAAAAAI/AAAAAAAAAA8/Hj2EtVNg17w/photo.jpg?sz=128",
                "display_name": "Andy Yan",
                "link": "https://stackoverflow.com/users/9672218/andy-yan"
            },
            "is_answered": false,
            "view_count": 16,
            "answer_count": 0,
            "score": 0,
            "last_activity_date": 1524178892,
            "creation_date": 1524178892,
            "question_id": 49931490,
            "body_markdown": "I&#39;m new to ios development. Trying to figure out scroll view. I&#39;ve watched several posts and video tuts and followed the settings. But one annoying thing keeps happening, which is that the content of Scroll View could not show up at all.\r\n[Constraint settings][1]\r\n\r\nFor testing, I set BG color of Parent View, Scroll View and Content View to be different. It turns out that only Parent View shows up. Scroll View never shows itself.\r\n\r\nAny hints about this?\r\n\r\nThanks.\r\n\r\n\r\n  [1]: https://i.stack.imgur.com/KUTJg.png",
            "link": "https://stackoverflow.com/questions/49931490/ios-parent-view-block-display-of-scroll-view",
            "title": "ios parent View block display of Scroll View",
            "body": "<p>I'm new to ios development. Trying to figure out scroll view. I've watched several posts and video tuts and followed the settings. But one annoying thing keeps happening, which is that the content of Scroll View could not show up at all.\n<a href=\"https://i.stack.imgur.com/KUTJg.png\" rel=\"nofollow noreferrer\">Constraint settings</a></p>\n\n<p>For testing, I set BG color of Parent View, Scroll View and Content View to be different. It turns out that only Parent View shows up. Scroll View never shows itself.</p>\n\n<p>Any hints about this?</p>\n\n<p>Thanks.</p>\n"
        },
        {
            "tags": [
                "linq-to-sql"
            ],
            "owner": {
                "reputation": 2323,
                "user_id": 1455351,
                "user_type": "registered",
                "accept_rate": 73,
                "profile_image": "https://www.gravatar.com/avatar/c7bbfe48e8e888e843836283de97b5a1?s=128&d=identicon&r=PG",
                "display_name": "Gargoyle",
                "link": "https://stackoverflow.com/users/1455351/gargoyle"
            },
            "is_answered": true,
            "view_count": 12,
            "accepted_answer_id": 49931436,
            "answer_count": 1,
            "score": 0,
            "last_activity_date": 1524178889,
            "creation_date": 1524169278,
            "question_id": 49929605,
            "body_markdown": "I&#39;m trying to convert the SQL below to Linq.  I haven&#39;t figured out the syntax for the `GROUP BY`, the `MIN()` or the extra organization join conditions.\r\n\r\n&lt;!-- language: lang-sql --&gt;\r\n\r\n    SELECT DISTINCT o.OrganizationHierarchyUnitLevelThreeNm, o.OrganizationHierarchyUnitLevelFourNm, a.LabAssetSerialNbr, MIN(a.SystemCreatedOnDtm) MinCreated\r\n    FROM vw_DimLabAsset a\r\n    INNER JOIN vw_FactWorker w ON a.LabAssetAssignedToWorkerKey = w.WorkerKey\r\n    INNER JOIN vw_DimOrganizationHierarchy o ON w.OrganizationHierarchyKey = o.OrganizationHierarchyKey\r\n        AND o.OrganizationHierarchyUnitLevelThreeNm IS NOT NULL\r\n        AND o.OrganizationHierarchyUnitLevelFourNm IS NOT NULL\r\n    GROUP BY o.OrganizationHierarchyUnitLevelThreeNm, o.OrganizationHierarchyUnitLevelFourNm, a.LabAssetSerialNbr\r\n\r\nThis is what I&#39;ve managed to get so far:\r\n\r\n&lt;!-- language: c# --&gt;\r\n\r\n    var pphw = from a in Vw_DimLabAsset\r\n\t\t   where a.LabAssetHardwareStatus != &quot;Retired&quot; &amp;&amp; (a.LabAssetHardwareSubStatus == null || a.LabAssetHardwareSubStatus != &quot;Archive&quot;) &amp;&amp; types.Contains(a.LabAssetTypeNm) // (a.LabAssetTypeNm == &quot;u_cmdb_ci_prototype_system&quot; || a.LabAssetTypeNm == &quot;u_cmdb_ci_silicon&quot;)\r\n\t\t   join w in Vw_FactWorker on a.LabAssetAssignedToWorkerKey equals w.WorkerKey\r\n\t\t   join o in Vw_DimOrganizationHierarchy on w.OrganizationHierarchyKey equals o.OrganizationHierarchyKey\r\n\t\t   select new { o.OrganizationHierarchyUnitLevelThreeNm, o.OrganizationHierarchyUnitLevelFourNm, a.LabAssetSerialNbr };\r\n",
            "link": "https://stackoverflow.com/questions/49929605/linq-to-sql-3-joins-with-group-and-min",
            "title": "Linq to Sql 3 joins with group and min()",
            "body": "<p>I'm trying to convert the SQL below to Linq.  I haven't figured out the syntax for the <code>GROUP BY</code>, the <code>MIN()</code> or the extra organization join conditions.</p>\n\n<pre class=\"lang-sql prettyprint-override\"><code>SELECT DISTINCT o.OrganizationHierarchyUnitLevelThreeNm, o.OrganizationHierarchyUnitLevelFourNm, a.LabAssetSerialNbr, MIN(a.SystemCreatedOnDtm) MinCreated\nFROM vw_DimLabAsset a\nINNER JOIN vw_FactWorker w ON a.LabAssetAssignedToWorkerKey = w.WorkerKey\nINNER JOIN vw_DimOrganizationHierarchy o ON w.OrganizationHierarchyKey = o.OrganizationHierarchyKey\n    AND o.OrganizationHierarchyUnitLevelThreeNm IS NOT NULL\n    AND o.OrganizationHierarchyUnitLevelFourNm IS NOT NULL\nGROUP BY o.OrganizationHierarchyUnitLevelThreeNm, o.OrganizationHierarchyUnitLevelFourNm, a.LabAssetSerialNbr\n</code></pre>\n\n<p>This is what I've managed to get so far:</p>\n\n<pre class=\"lang-cs prettyprint-override\"><code>var pphw = from a in Vw_DimLabAsset\n       where a.LabAssetHardwareStatus != \"Retired\" &amp;&amp; (a.LabAssetHardwareSubStatus == null || a.LabAssetHardwareSubStatus != \"Archive\") &amp;&amp; types.Contains(a.LabAssetTypeNm) // (a.LabAssetTypeNm == \"u_cmdb_ci_prototype_system\" || a.LabAssetTypeNm == \"u_cmdb_ci_silicon\")\n       join w in Vw_FactWorker on a.LabAssetAssignedToWorkerKey equals w.WorkerKey\n       join o in Vw_DimOrganizationHierarchy on w.OrganizationHierarchyKey equals o.OrganizationHierarchyKey\n       select new { o.OrganizationHierarchyUnitLevelThreeNm, o.OrganizationHierarchyUnitLevelFourNm, a.LabAssetSerialNbr };\n</code></pre>\n"
        },
        {
            "tags": [
                "python"
            ],
            "owner": {
                "reputation": 15488,
                "user_id": 234322,
                "user_type": "registered",
                "accept_rate": 79,
                "profile_image": "https://www.gravatar.com/avatar/474edaacceec677e0919b16f8cb8b67e?s=128&d=identicon&r=PG",
                "display_name": "zjm1126",
                "link": "https://stackoverflow.com/users/234322/zjm1126"
            },
            "is_answered": true,
            "view_count": 106444,
            "accepted_answer_id": 1984177,
            "answer_count": 4,
            "score": 91,
            "last_activity_date": 1524178888,
            "creation_date": 1262239599,
            "last_edit_date": 1397107318,
            "question_id": 1984162,
            "body_markdown": "    def __repr__(self):\r\n      return &#39;&lt;%s %s (%s:%s) %s&gt;&#39; % (\r\n        self.__class__.__name__, self.urlconf_name, self.app_name,\r\n        self.namespace, self.regex.pattern)\r\n\r\nWhat is the significance/purpose of this method?",
            "link": "https://stackoverflow.com/questions/1984162/purpose-of-pythons-repr",
            "title": "Purpose of Python&#39;s __repr__",
            "body": "<pre><code>def __repr__(self):\n  return '&lt;%s %s (%s:%s) %s&gt;' % (\n    self.__class__.__name__, self.urlconf_name, self.app_name,\n    self.namespace, self.regex.pattern)\n</code></pre>\n\n<p>What is the significance/purpose of this method?</p>\n"
        },
        {
            "tags": [
                "c",
                "arrays",
                "pointers",
                "struct",
                "linked-list"
            ],
            "owner": {
                "reputation": 6,
                "user_id": 9431313,
                "user_type": "registered",
                "profile_image": "https://lh6.googleusercontent.com/-DgPQnmkMcxI/AAAAAAAAAAI/AAAAAAAAAcQ/pYKf34w_OhU/photo.jpg?sz=128",
                "display_name": "Shashwat pragya",
                "link": "https://stackoverflow.com/users/9431313/shashwat-pragya"
            },
            "is_answered": false,
            "view_count": 31,
            "answer_count": 0,
            "score": 0,
            "last_activity_date": 1524178867,
            "creation_date": 1524177928,
            "last_edit_date": 1524178867,
            "question_id": 49931314,
            "body_markdown": "I have a struct consisting of an array of another struct type. Here is the code defining them\r\n\r\n    typedef struct linkedlist { // linked list of ints (for use in Node)\r\n      int index;\r\n      struct linkedlist *next;\r\n    } List;\r\n    \r\n    typedef struct { // a Node of a Graph\r\n      char *name;\r\n      List *outlist; // adjacency list\r\n      int outdegree; // length of outlist\r\n      //double pagerank_score; //not needed for this exercise\r\n    } Node;\r\n    \r\n    typedef struct {\r\n      // your code goes here\r\n      int MaxSize;\r\n      Node *table;\r\n    } Graph;\r\n     \r\nGraph has an array of nodes\r\n\r\nHere is some code that uses these structs\r\n\r\n    int initialize_graph (Graph *mygraph, int MaxSize) \r\n    {\r\n    \r\n      printf(&quot;initialise graph\\n&quot;);\r\n      // your code goes here\r\n      mygraph = (Graph*) malloc(sizeof(Graph));\r\n      mygraph-&gt;MaxSize = MaxSize;\r\n      mygraph-&gt;table = (Node*) malloc(MaxSize * sizeof(Node));\r\n      int i;\r\n      for (i = 0; i&lt;MaxSize; i++)\r\n      {  \r\n        mygraph-&gt;table[i].name = NULL;\r\n        mygraph-&gt;table[i].outlist = NULL;\r\n        mygraph-&gt;table[i].outdegree = 0;\r\n      }\r\n      for (i = 0; i&lt;MaxSize; i++)\r\n      {\r\n        if (mygraph-&gt;table[i].outlist == NULL)\r\n          printf(&quot;its null\\n&quot;);\r\n        else\r\n          printf(&quot;aint null\\n&quot;);\r\n      }\r\n      return 1;\r\n    }\r\n    int insert_graph_node (Graph *mygraph, int n, char *name) \r\n    {\r\n      printf(&quot;insert node %d\\n&quot;, n );\r\n      mygraph-&gt;table[n].name = (char*)malloc(sizeof(char)*20);\r\n      strcpy(mygraph-&gt;table[n].name, name);\r\n      return 1;\r\n    }\r\n\r\nas soon as the program enters insert_graph_node and accesses the name of the specific node using\r\n     \r\n    mygraph-&gt;table[n].name\r\n\r\nthe program stops with a segmentation fault.\r\nI don&#39;t know why that is happening as i do initialise it.",
            "link": "https://stackoverflow.com/questions/49931314/accessing-specific-struct-from-array-of-structs-gives-segmentation-fault",
            "title": "accessing specific struct from array of structs gives segmentation fault",
            "body": "<p>I have a struct consisting of an array of another struct type. Here is the code defining them</p>\n\n<pre><code>typedef struct linkedlist { // linked list of ints (for use in Node)\n  int index;\n  struct linkedlist *next;\n} List;\n\ntypedef struct { // a Node of a Graph\n  char *name;\n  List *outlist; // adjacency list\n  int outdegree; // length of outlist\n  //double pagerank_score; //not needed for this exercise\n} Node;\n\ntypedef struct {\n  // your code goes here\n  int MaxSize;\n  Node *table;\n} Graph;\n</code></pre>\n\n<p>Graph has an array of nodes</p>\n\n<p>Here is some code that uses these structs</p>\n\n<pre><code>int initialize_graph (Graph *mygraph, int MaxSize) \n{\n\n  printf(\"initialise graph\\n\");\n  // your code goes here\n  mygraph = (Graph*) malloc(sizeof(Graph));\n  mygraph-&gt;MaxSize = MaxSize;\n  mygraph-&gt;table = (Node*) malloc(MaxSize * sizeof(Node));\n  int i;\n  for (i = 0; i&lt;MaxSize; i++)\n  {  \n    mygraph-&gt;table[i].name = NULL;\n    mygraph-&gt;table[i].outlist = NULL;\n    mygraph-&gt;table[i].outdegree = 0;\n  }\n  for (i = 0; i&lt;MaxSize; i++)\n  {\n    if (mygraph-&gt;table[i].outlist == NULL)\n      printf(\"its null\\n\");\n    else\n      printf(\"aint null\\n\");\n  }\n  return 1;\n}\nint insert_graph_node (Graph *mygraph, int n, char *name) \n{\n  printf(\"insert node %d\\n\", n );\n  mygraph-&gt;table[n].name = (char*)malloc(sizeof(char)*20);\n  strcpy(mygraph-&gt;table[n].name, name);\n  return 1;\n}\n</code></pre>\n\n<p>as soon as the program enters insert_graph_node and accesses the name of the specific node using</p>\n\n<pre><code>mygraph-&gt;table[n].name\n</code></pre>\n\n<p>the program stops with a segmentation fault.\nI don't know why that is happening as i do initialise it.</p>\n"
        },
        {
            "tags": [
                "jenkins",
                "ssh"
            ],
            "owner": {
                "reputation": 864,
                "user_id": 5176364,
                "user_type": "registered",
                "accept_rate": 82,
                "profile_image": "https://www.gravatar.com/avatar/148c0f2441902e1dc518dd11678885c6?s=128&d=identicon&r=PG&f=1",
                "display_name": "Here_2_learn",
                "link": "https://stackoverflow.com/users/5176364/here-2-learn"
            },
            "is_answered": false,
            "view_count": 1427,
            "answer_count": 2,
            "score": 0,
            "last_activity_date": 1524178865,
            "creation_date": 1492163346,
            "last_edit_date": 1492188452,
            "question_id": 43409149,
            "body_markdown": "I am trying to create a build with basic configuration on the slave node. Only command the needs to be executed from **Execute shell**  option is doing ssh to the slave. While executing the build the following error is observed: \r\n\r\n\r\n    Building remotely on slave 1 in workspace /home/jenkins/workspace/slave job 1\r\n    [slave job 1] $ /bin/sh -xe /tmp/hudson4772532626468045261.sh\r\n    + ssh jenkins@172.27.170.108\r\n    Pseudo-terminal will not be allocated because stdin is not a terminal.\r\n    Host key verification failed.\r\n    Build step &#39;Execute shell&#39; marked build as failure\r\n\r\nIn order to solve the issue of **Pseduo-Termial**, added the option of **-T** while doing ssh, and still the same issue **Host Key Verification failed** :\r\n\r\n    Building remotely on slave 1 in workspace /home/jenkins/workspace/slave job 1\r\n    [slave job 1] $ /bin/sh -xe /tmp/hudson2830119741217409056.sh\r\n    + ssh -T jenkins@172.27.170.108\r\n    Host key verification failed.\r\n\r\nAfter googling out got to know that ssh keys needs to be added in localhost. **Even verified that manually and no options for password were prompted while doing ssh. Below is the output:**\r\n\r\n    jenkins@labadmin-VirtualBox:/root/RAGHU$ ssh jenkins@172.27.170.108\r\n    Welcome to Ubuntu 14.04.5 LTS (GNU/Linux 4.2.0-27-generic x86_64)\r\n\r\n    * Documentation:  https://help.ubuntu.com/\r\n\r\n    88 packages can be updated.\r\n    60 updates are security updates.\r\n    ........\r\n    ........\r\n    and reboot your system.\r\n    Last login: Fri Apr 14 14:46:50 2017 from 172.24.43.35\r\n    jenkins@RTPS-DCE-DV:~$ \r\n\r\nPlease help in resolving these issues..\r\n\r\n**EDIT : Adding the ssh debug info:**\r\n\r\n    jenkins@labadmin-VirtualBox:/root/RAGHU$ ssh -vvv jenkins@172.27.170.108\r\n    OpenSSH_6.6.1, OpenSSL 1.0.1f 6 Jan 2014\r\n    debug1: Reading configuration data /etc/ssh/ssh_config\r\n    debug1: /etc/ssh/ssh_config line 19: Applying options for *\r\n    debug2: ssh_connect: needpriv 0\r\n    debug1: Connecting to 172.27.170.108 [172.27.170.108] port 22.\r\n    debug1: Connection established.\r\n    debug3: Incorrect RSA1 identifier\r\n    debug3: Could not load &quot;/var/lib/jenkins/.ssh/id_rsa&quot; as a RSA1 public key\r\n    debug1: identity file /var/lib/jenkins/.ssh/id_rsa type 1\r\n    debug1: identity file /var/lib/jenkins/.ssh/id_rsa-cert type -1\r\n    debug1: identity file /var/lib/jenkins/.ssh/id_dsa type -1\r\n    debug1: identity file /var/lib/jenkins/.ssh/id_dsa-cert type -1\r\n    debug1: identity file /var/lib/jenkins/.ssh/id_ecdsa type -1\r\n    debug1: identity file /var/lib/jenkins/.ssh/id_ecdsa-cert type -1\r\n    debug1: identity file /var/lib/jenkins/.ssh/id_ed25519 type -1\r\n    debug1: identity file /var/lib/jenkins/.ssh/id_ed25519-cert type -1\r\n    debug1: Enabling compatibility mode for protocol 2.0\r\n    debug1: Local version string SSH-2.0-OpenSSH_6.6.1p1 Ubuntu-2ubuntu2.8\r\n    debug1: Remote protocol version 2.0, remote software version OpenSSH_6.6.1p1 Ubuntu-2ubuntu2.8\r\n    debug1: match: OpenSSH_6.6.1p1 Ubuntu-2ubuntu2.8 pat OpenSSH_6.6.1* compat 0x04000000\r\n    debug2: fd 3 setting O_NONBLOCK\r\n    debug3: load_hostkeys: loading entries for host &quot;172.27.170.108&quot; from file &quot;/var/lib/jenkins/.ssh/known_hosts&quot;\r\n    debug3: load_hostkeys: found key type ECDSA in file /var/lib/jenkins/.ssh/known_hosts:1\r\n    debug3: load_hostkeys: loaded 1 keys\r\n    debug3: order_hostkeyalgs: prefer hostkeyalgs: ecdsa-sha2-nistp256-cert-v01@openssh.com,ecdsa-sha2-nistp384-cert-v01@openssh.com,ecdsa-sha2-nistp521-cert-v01@openssh.com,ecdsa-sha2-nistp256,ecdsa-sha2-nistp384,ecdsa-sha2-nistp521\r\n    debug1: SSH2_MSG_KEXINIT sent\r\n    debug1: SSH2_MSG_KEXINIT received\r\n    debug2: kex_parse_kexinit: curve25519-sha256@libssh.org,ecdh-sha2-nistp256,ecdh-sha2-nistp384,ecdh-sha2-nistp521,diffie-hellman-group-exchange-sha256,diffie-hellman-group-exchange-sha1,diffie-hellman-group14-sha1,diffie-hellman-group1-sha1\r\n    debug2: kex_parse_kexinit: ecdsa-sha2-nistp256-cert-v01@openssh.com,ecdsa-sha2-nistp384-cert-v01@openssh.com,ecdsa-sha2-nistp521-cert-v01@openssh.com,ecdsa-sha2-nistp256,ecdsa-sha2-nistp384,ecdsa-sha2-nistp521,ssh-ed25519-cert-v01@openssh.com,ssh-rsa-cert-v01@openssh.com,ssh-dss-cert-v01@openssh.com,ssh-rsa-cert-v00@openssh.com,ssh-dss-cert-v00@openssh.com,ssh-ed25519,ssh-rsa,ssh-dss\r\n    debug2: kex_parse_kexinit: aes128-ctr,aes192-ctr,aes256-ctr,arcfour256,arcfour128,aes128-gcm@openssh.com,aes256-gcm@openssh.com,chacha20-poly1305@openssh.com,aes128-cbc,3des-cbc,blowfish-cbc,cast128-cbc,aes192-cbc,aes256-cbc,arcfour,rijndael-cbc@lysator.liu.se\r\n    debug2: kex_parse_kexinit: aes128-ctr,aes192-ctr,aes256-ctr,arcfour256,arcfour128,aes128-gcm@openssh.com,aes256-gcm@openssh.com,chacha20-poly1305@openssh.com,aes128-cbc,3des-cbc,blowfish-cbc,cast128-cbc,aes192-cbc,aes256-cbc,arcfour,rijndael-cbc@lysator.liu.se\r\n    debug2: kex_parse_kexinit: hmac-md5-etm@openssh.com,hmac-sha1-etm@openssh.com,umac-64-etm@openssh.com,umac-128-etm@openssh.com,hmac-sha2-256-etm@openssh.com,hmac-sha2-512-etm@openssh.com,hmac-ripemd160-etm@openssh.com,hmac-sha1-96-etm@openssh.com,hmac-md5-96-etm@openssh.com,hmac-md5,hmac-sha1,umac-64@openssh.com,umac-128@openssh.com,hmac-sha2-256,hmac-sha2-512,hmac-ripemd160,hmac-ripemd160@openssh.com,hmac-sha1-96,hmac-md5-96\r\n    debug2: kex_parse_kexinit: hmac-md5-etm@openssh.com,hmac-sha1-etm@openssh.com,umac-64-etm@openssh.com,umac-128-etm@openssh.com,hmac-sha2-256-etm@openssh.com,hmac-sha2-512-etm@openssh.com,hmac-ripemd160-etm@openssh.com,hmac-sha1-96-etm@openssh.com,hmac-md5-96-etm@openssh.com,hmac-md5,hmac-sha1,umac-64@openssh.com,umac-128@openssh.com,hmac-sha2-256,hmac-sha2-512,hmac-ripemd160,hmac-ripemd160@openssh.com,hmac-sha1-96,hmac-md5-96\r\n    debug2: kex_parse_kexinit: none,zlib@openssh.com,zlib\r\n    debug2: kex_parse_kexinit: none,zlib@openssh.com,zlib\r\n    debug2: kex_parse_kexinit: \r\n    debug2: kex_parse_kexinit: \r\n    debug2: kex_parse_kexinit: first_kex_follows 0 \r\n    debug2: kex_parse_kexinit: reserved 0 \r\n    debug2: kex_parse_kexinit: curve25519-sha256@libssh.org,ecdh-sha2-nistp256,ecdh-sha2-nistp384,ecdh-sha2-nistp521,diffie-hellman-group-exchange-sha256,diffie-hellman-group-exchange-sha1,diffie-hellman-group14-sha1,diffie-hellman-group1-sha1\r\n    debug2: kex_parse_kexinit: ssh-rsa,ssh-dss,ecdsa-sha2-nistp256,ssh-ed25519\r\n    debug2: kex_parse_kexinit: aes128-ctr,aes192-ctr,aes256-ctr,arcfour256,arcfour128,aes128-gcm@openssh.com,aes256-gcm@openssh.com,chacha20-poly1305@openssh.com,aes128-cbc,3des-cbc,blowfish-cbc,cast128-cbc,aes192-cbc,aes256-cbc,arcfour,rijndael-cbc@lysator.liu.se\r\n    debug2: kex_parse_kexinit: aes128-ctr,aes192-ctr,aes256-ctr,arcfour256,arcfour128,aes128-gcm@openssh.com,aes256-gcm@openssh.com,chacha20-poly1305@openssh.com,aes128-cbc,3des-cbc,blowfish-cbc,cast128-cbc,aes192-cbc,aes256-cbc,arcfour,rijndael-cbc@lysator.liu.se\r\n    debug2: kex_parse_kexinit: hmac-md5-etm@openssh.com,hmac-sha1-etm@openssh.com,umac-64-etm@openssh.com,umac-128-etm@openssh.com,hmac-sha2-256-etm@openssh.com,hmac-sha2-512-etm@openssh.com,hmac-ripemd160-etm@openssh.com,hmac-sha1-96-etm@openssh.com,hmac-md5-96-etm@openssh.com,hmac-md5,hmac-sha1,umac-64@openssh.com,umac-128@openssh.com,hmac-sha2-256,hmac-sha2-512,hmac-ripemd160,hmac-ripemd160@openssh.com,hmac-sha1-96,hmac-md5-96\r\n    debug2: kex_parse_kexinit: hmac-md5-etm@openssh.com,hmac-sha1-etm@openssh.com,umac-64-etm@openssh.com,umac-128-etm@openssh.com,hmac-sha2-256-etm@openssh.com,hmac-sha2-512-etm@openssh.com,hmac-ripemd160-etm@openssh.com,hmac-sha1-96-etm@openssh.com,hmac-md5-96-etm@openssh.com,hmac-md5,hmac-sha1,umac-64@openssh.com,umac-128@openssh.com,hmac-sha2-256,hmac-sha2-512,hmac-ripemd160,hmac-ripemd160@openssh.com,hmac-sha1-96,hmac-md5-96\r\n    debug2: kex_parse_kexinit: none,zlib@openssh.com\r\n    debug2: kex_parse_kexinit: none,zlib@openssh.com\r\n    debug2: kex_parse_kexinit: \r\n    debug2: kex_parse_kexinit: \r\n    debug2: kex_parse_kexinit: first_kex_follows 0 \r\n    debug2: kex_parse_kexinit: reserved 0 \r\n    debug2: mac_setup: setup hmac-md5-etm@openssh.com\r\n    debug1: kex: server-&gt;client aes128-ctr hmac-md5-etm@openssh.com none\r\n    debug2: mac_setup: setup hmac-md5-etm@openssh.com\r\n    debug1: kex: client-&gt;server aes128-ctr hmac-md5-etm@openssh.com none\r\n    debug1: sending SSH2_MSG_KEX_ECDH_INIT\r\n    debug1: expecting SSH2_MSG_KEX_ECDH_REPLY\r\n    debug1: Server host key: ECDSA 63:f8:4a:65:e2:44:f2:ba:aa:25:cd:01:81:ac:f3:07\r\n    debug3: load_hostkeys: loading entries for host &quot;172.27.170.108&quot; from file &quot;/var/lib/jenkins/.ssh/known_hosts&quot;\r\n    debug3: load_hostkeys: found key type ECDSA in file /var/lib/jenkins/.ssh/known_hosts:1\r\n    debug3: load_hostkeys: loaded 1 keys\r\n    debug1: Host &#39;172.27.170.108&#39; is known and matches the ECDSA host key.\r\n    debug1: Found key in /var/lib/jenkins/.ssh/known_hosts:1\r\n    debug1: ssh_ecdsa_verify: signature correct\r\n    debug2: kex_derive_keys\r\n    debug2: set_newkeys: mode 1\r\n    debug1: SSH2_MSG_NEWKEYS sent\r\n    debug1: expecting SSH2_MSG_NEWKEYS\r\n    debug2: set_newkeys: mode 0\r\n    debug1: SSH2_MSG_NEWKEYS received\r\n    debug1: SSH2_MSG_SERVICE_REQUEST sent\r\n    debug2: service_accept: ssh-userauth\r\n    debug1: SSH2_MSG_SERVICE_ACCEPT received\r\n    debug2: key: /var/lib/jenkins/.ssh/id_rsa (0x7f020b7d2f80),\r\n    debug2: key: /var/lib/jenkins/.ssh/id_dsa ((nil)),\r\n    debug2: key: /var/lib/jenkins/.ssh/id_ecdsa ((nil)),\r\n    debug2: key: /var/lib/jenkins/.ssh/id_ed25519 ((nil)),\r\n    debug1: Authentications that can continue: publickey,password\r\n    debug3: start over, passed a different list publickey,password\r\n    debug3: preferred gssapi-keyex,gssapi-with-mic,publickey,keyboard-interactive,password\r\n    debug3: authmethod_lookup publickey\r\n    debug3: remaining preferred: keyboard-interactive,password\r\n    debug3: authmethod_is_enabled publickey\r\n    debug1: Next authentication method: publickey\r\n    debug1: Offering RSA public key: /var/lib/jenkins/.ssh/id_rsa\r\n    debug3: send_pubkey_test\r\n    debug2: we sent a publickey packet, wait for reply\r\n    debug1: Server accepts key: pkalg ssh-rsa blen 279\r\n    debug2: input_userauth_pk_ok: fp b3:76:7b:34:c7:dd:f8:21:07:f6:ec:19:ea:94:da:5a\r\n    debug3: sign_and_send_pubkey: RSA b3:76:7b:34:c7:dd:f8:21:07:f6:ec:19:ea:94:da:5a\r\n    debug1: key_parse_private2: missing begin marker\r\n    debug1: read PEM private key done: type RSA\r\n    debug1: Authentication succeeded (publickey).\r\n    Authenticated to 172.27.170.108 ([172.27.170.108]:22).\r\n    debug1: channel 0: new [client-session]\r\n    debug3: ssh_session2_open: channel_new: 0\r\n    debug2: channel 0: send open\r\n    debug1: Requesting no-more-sessions@openssh.com\r\n    debug1: Entering interactive session.\r\n    debug2: callback start\r\n    debug2: fd 3 setting TCP_NODELAY\r\n    debug3: packet_set_tos: set IP_TOS 0x10\r\n    debug2: client_session2_setup: id 0\r\n    debug2: channel 0: request pty-req confirm 1\r\n    debug1: Sending environment.\r\n    debug3: Ignored env XDG_VTNR\r\n    debug3: Ignored env XDG_SESSION_ID\r\n    debug3: Ignored env TERM\r\n    debug3: Ignored env SHELL\r\n    debug3: Ignored env VAULT_ADDR\r\n    debug3: Ignored env USER\r\n    debug3: Ignored env LS_COLORS\r\n    debug3: Ignored env SUDO_USER\r\n    debug3: Ignored env SUDO_UID\r\n    debug3: Ignored env USERNAME\r\n    debug3: Ignored env PATH\r\n    debug3: Ignored env MAIL\r\n    debug3: Ignored env PWD\r\n    debug1: Sending env LANG = en_IN\r\n    debug2: channel 0: request env confirm 0\r\n    debug3: Ignored env HOME\r\n    debug3: Ignored env SUDO_COMMAND\r\n    debug3: Ignored env XDG_SEAT\r\n    debug3: Ignored env SHLVL\r\n    debug3: Ignored env LANGUAGE\r\n    debug3: Ignored env LOGNAME\r\n    debug3: Ignored env LESSOPEN\r\n    debug3: Ignored env DISPLAY\r\n    debug3: Ignored env SUDO_GID\r\n    debug3: Ignored env LESSCLOSE\r\n    debug3: Ignored env COLORTERM\r\n    debug3: Ignored env XAUTHORITY\r\n    debug3: Ignored env _\r\n    debug2: channel 0: request shell confirm 1\r\n    debug2: callback done\r\n    debug2: channel 0: open confirm rwindow 0 rmax 32768\r\n    debug2: channel_input_status_confirm: type 99 id 0\r\n    debug2: PTY allocation request accepted on channel 0\r\n    debug2: channel 0: rcvd adjust 2097152\r\n    debug2: channel_input_status_confirm: type 99 id 0\r\n    debug2: shell request accepted on channel 0\r\n    Welcome to Ubuntu 14.04.5 LTS (GNU/Linux 4.2.0-27-generic x86_64)\r\n    \r\n     * Documentation:  https://help.ubuntu.com/\r\n    \r\n    88 packages can be updated.\r\n    60 updates are security updates.\r\n    \r\n    ......\r\n    ......\r\n    \r\n    and reboot your system.\r\n    Last login: Fri Apr 14 17:19:05 2017 from 172.24.43.35\r\n    jenkins@RTPS-DCE-DV:~$\r\n\r\n\r\n**EDIT 2 : Adding the failed debug info :**\r\n\r\n    Building remotely on slave 1 in workspace /home/jenkins/workspace/slave job 1\r\n    [slave job 1] $ /bin/sh -xe /tmp/hudson8556503525790261529.sh\r\n    + ssh -vvv jenkins@172.27.170.108\r\n    OpenSSH_6.6.1, OpenSSL 1.0.1f 6 Jan 2014\r\n    debug1: Reading configuration data /etc/ssh/ssh_config\r\n    debug1: /etc/ssh/ssh_config line 19: Applying options for *\r\n    Pseudo-terminal will not be allocated because stdin is not a terminal.\r\n    debug2: ssh_connect: needpriv 0\r\n    debug1: Connecting to 172.27.170.108 [172.27.170.108] port 22.\r\n    debug1: Connection established.\r\n    debug1: identity file /var/lib/jenkins/.ssh/id_rsa type -1\r\n    debug1: identity file /var/lib/jenkins/.ssh/id_rsa-cert type -1\r\n    debug1: identity file /var/lib/jenkins/.ssh/id_dsa type -1\r\n    debug1: identity file /var/lib/jenkins/.ssh/id_dsa-cert type -1\r\n    debug1: identity file /var/lib/jenkins/.ssh/id_ecdsa type -1\r\n    debug1: identity file /var/lib/jenkins/.ssh/id_ecdsa-cert type -1\r\n    debug1: identity file /var/lib/jenkins/.ssh/id_ed25519 type -1\r\n    debug1: identity file /var/lib/jenkins/.ssh/id_ed25519-cert type -1\r\n    debug1: Enabling compatibility mode for protocol 2.0\r\n    debug1: Local version string SSH-2.0-OpenSSH_6.6.1p1 Ubuntu-2ubuntu2.8\r\n    debug1: Remote protocol version 2.0, remote software version OpenSSH_6.6.1p1 Ubuntu-2ubuntu2.8\r\n    debug1: match: OpenSSH_6.6.1p1 Ubuntu-2ubuntu2.8 pat OpenSSH_6.6.1* compat 0x04000000\r\n    debug2: fd 3 setting O_NONBLOCK\r\n    debug1: SSH2_MSG_KEXINIT sent\r\n    debug1: SSH2_MSG_KEXINIT received\r\n    debug2: kex_parse_kexinit: curve25519-sha256@libssh.org,ecdh-sha2-nistp256,ecdh-sha2-nistp384,ecdh-sha2-nistp521,diffie-hellman-group-exchange-sha256,diffie-hellman-group-exchange-sha1,diffie-hellman-group14-sha1,diffie-hellman-group1-sha1\r\n    debug2: kex_parse_kexinit: ecdsa-sha2-nistp256-cert-v01@openssh.com,ecdsa-sha2-nistp384-cert-v01@openssh.com,ecdsa-sha2-nistp521-cert-v01@openssh.com,ssh-ed25519-cert-v01@openssh.com,ssh-rsa-cert-v01@openssh.com,ssh-dss-cert-v01@openssh.com,ssh-rsa-cert-v00@openssh.com,ssh-dss-cert-v00@openssh.com,ecdsa-sha2-nistp256,ecdsa-sha2-nistp384,ecdsa-sha2-nistp521,ssh-ed25519,ssh-rsa,ssh-dss\r\n    debug2: kex_parse_kexinit: aes128-ctr,aes192-ctr,aes256-ctr,arcfour256,arcfour128,aes128-gcm@openssh.com,aes256-gcm@openssh.com,chacha20-poly1305@openssh.com,aes128-cbc,3des-cbc,blowfish-cbc,cast128-cbc,aes192-cbc,aes256-cbc,arcfour,rijndael-cbc@lysator.liu.se\r\n    debug2: kex_parse_kexinit: aes128-ctr,aes192-ctr,aes256-ctr,arcfour256,arcfour128,aes128-gcm@openssh.com,aes256-gcm@openssh.com,chacha20-poly1305@openssh.com,aes128-cbc,3des-cbc,blowfish-cbc,cast128-cbc,aes192-cbc,aes256-cbc,arcfour,rijndael-cbc@lysator.liu.se\r\n    debug2: kex_parse_kexinit: hmac-md5-etm@openssh.com,hmac-sha1-etm@openssh.com,umac-64-etm@openssh.com,umac-128-etm@openssh.com,hmac-sha2-256-etm@openssh.com,hmac-sha2-512-etm@openssh.com,hmac-ripemd160-etm@openssh.com,hmac-sha1-96-etm@openssh.com,hmac-md5-96-etm@openssh.com,hmac-md5,hmac-sha1,umac-64@openssh.com,umac-128@openssh.com,hmac-sha2-256,hmac-sha2-512,hmac-ripemd160,hmac-ripemd160@openssh.com,hmac-sha1-96,hmac-md5-96\r\n    debug2: kex_parse_kexinit: hmac-md5-etm@openssh.com,hmac-sha1-etm@openssh.com,umac-64-etm@openssh.com,umac-128-etm@openssh.com,hmac-sha2-256-etm@openssh.com,hmac-sha2-512-etm@openssh.com,hmac-ripemd160-etm@openssh.com,hmac-sha1-96-etm@openssh.com,hmac-md5-96-etm@openssh.com,hmac-md5,hmac-sha1,umac-64@openssh.com,umac-128@openssh.com,hmac-sha2-256,hmac-sha2-512,hmac-ripemd160,hmac-ripemd160@openssh.com,hmac-sha1-96,hmac-md5-96\r\n    debug2: kex_parse_kexinit: none,zlib@openssh.com,zlib\r\n    debug2: kex_parse_kexinit: none,zlib@openssh.com,zlib\r\n    debug2: kex_parse_kexinit: \r\n    debug2: kex_parse_kexinit: \r\n    debug2: kex_parse_kexinit: first_kex_follows 0 \r\n    debug2: kex_parse_kexinit: reserved 0 \r\n    debug2: kex_parse_kexinit: curve25519-sha256@libssh.org,ecdh-sha2-nistp256,ecdh-sha2-nistp384,ecdh-sha2-nistp521,diffie-hellman-group-exchange-sha256,diffie-hellman-group-exchange-sha1,diffie-hellman-group14-sha1,diffie-hellman-group1-sha1\r\n    debug2: kex_parse_kexinit: ssh-rsa,ssh-dss,ecdsa-sha2-nistp256,ssh-ed25519\r\n    debug2: kex_parse_kexinit: aes128-ctr,aes192-ctr,aes256-ctr,arcfour256,arcfour128,aes128-gcm@openssh.com,aes256-gcm@openssh.com,chacha20-poly1305@openssh.com,aes128-cbc,3des-cbc,blowfish-cbc,cast128-cbc,aes192-cbc,aes256-cbc,arcfour,rijndael-cbc@lysator.liu.se\r\n    debug2: kex_parse_kexinit: aes128-ctr,aes192-ctr,aes256-ctr,arcfour256,arcfour128,aes128-gcm@openssh.com,aes256-gcm@openssh.com,chacha20-poly1305@openssh.com,aes128-cbc,3des-cbc,blowfish-cbc,cast128-cbc,aes192-cbc,aes256-cbc,arcfour,rijndael-cbc@lysator.liu.se\r\n    debug2: kex_parse_kexinit: hmac-md5-etm@openssh.com,hmac-sha1-etm@openssh.com,umac-64-etm@openssh.com,umac-128-etm@openssh.com,hmac-sha2-256-etm@openssh.com,hmac-sha2-512-etm@openssh.com,hmac-ripemd160-etm@openssh.com,hmac-sha1-96-etm@openssh.com,hmac-md5-96-etm@openssh.com,hmac-md5,hmac-sha1,umac-64@openssh.com,umac-128@openssh.com,hmac-sha2-256,hmac-sha2-512,hmac-ripemd160,hmac-ripemd160@openssh.com,hmac-sha1-96,hmac-md5-96\r\n    debug2: kex_parse_kexinit: hmac-md5-etm@openssh.com,hmac-sha1-etm@openssh.com,umac-64-etm@openssh.com,umac-128-etm@openssh.com,hmac-sha2-256-etm@openssh.com,hmac-sha2-512-etm@openssh.com,hmac-ripemd160-etm@openssh.com,hmac-sha1-96-etm@openssh.com,hmac-md5-96-etm@openssh.com,hmac-md5,hmac-sha1,umac-64@openssh.com,umac-128@openssh.com,hmac-sha2-256,hmac-sha2-512,hmac-ripemd160,hmac-ripemd160@openssh.com,hmac-sha1-96,hmac-md5-96\r\n    debug2: kex_parse_kexinit: none,zlib@openssh.com\r\n    debug2: kex_parse_kexinit: none,zlib@openssh.com\r\n    debug2: kex_parse_kexinit: \r\n    debug2: kex_parse_kexinit: \r\n    debug2: kex_parse_kexinit: first_kex_follows 0 \r\n    debug2: kex_parse_kexinit: reserved 0 \r\n    debug2: mac_setup: setup hmac-md5-etm@openssh.com\r\n    debug1: kex: server-&gt;client aes128-ctr hmac-md5-etm@openssh.com none\r\n    debug2: mac_setup: setup hmac-md5-etm@openssh.com\r\n    debug1: kex: client-&gt;server aes128-ctr hmac-md5-etm@openssh.com none\r\n    debug1: sending SSH2_MSG_KEX_ECDH_INIT\r\n    debug1: expecting SSH2_MSG_KEX_ECDH_REPLY\r\n    debug1: Server host key: ECDSA 63:f8:4a:65:e2:44:f2:ba:aa:25:cd:01:81:ac:f3:07\r\n    debug1: read_passphrase: can&#39;t open /dev/tty: No such device or address\r\n    Host key verification failed.\r\n\r\n",
            "link": "https://stackoverflow.com/questions/43409149/jenkins-host-key-verification-failed-while-executing-ssh",
            "title": "Jenkins : Host key verification failed while executing ssh",
            "body": "<p>I am trying to create a build with basic configuration on the slave node. Only command the needs to be executed from <strong>Execute shell</strong>  option is doing ssh to the slave. While executing the build the following error is observed: </p>\n\n<pre><code>Building remotely on slave 1 in workspace /home/jenkins/workspace/slave job 1\n[slave job 1] $ /bin/sh -xe /tmp/hudson4772532626468045261.sh\n+ ssh jenkins@172.27.170.108\nPseudo-terminal will not be allocated because stdin is not a terminal.\nHost key verification failed.\nBuild step 'Execute shell' marked build as failure\n</code></pre>\n\n<p>In order to solve the issue of <strong>Pseduo-Termial</strong>, added the option of <strong>-T</strong> while doing ssh, and still the same issue <strong>Host Key Verification failed</strong> :</p>\n\n<pre><code>Building remotely on slave 1 in workspace /home/jenkins/workspace/slave job 1\n[slave job 1] $ /bin/sh -xe /tmp/hudson2830119741217409056.sh\n+ ssh -T jenkins@172.27.170.108\nHost key verification failed.\n</code></pre>\n\n<p>After googling out got to know that ssh keys needs to be added in localhost. <strong>Even verified that manually and no options for password were prompted while doing ssh. Below is the output:</strong></p>\n\n<pre><code>jenkins@labadmin-VirtualBox:/root/RAGHU$ ssh jenkins@172.27.170.108\nWelcome to Ubuntu 14.04.5 LTS (GNU/Linux 4.2.0-27-generic x86_64)\n\n* Documentation:  https://help.ubuntu.com/\n\n88 packages can be updated.\n60 updates are security updates.\n........\n........\nand reboot your system.\nLast login: Fri Apr 14 14:46:50 2017 from 172.24.43.35\njenkins@RTPS-DCE-DV:~$ \n</code></pre>\n\n<p>Please help in resolving these issues..</p>\n\n<p><strong>EDIT : Adding the ssh debug info:</strong></p>\n\n<pre><code>jenkins@labadmin-VirtualBox:/root/RAGHU$ ssh -vvv jenkins@172.27.170.108\nOpenSSH_6.6.1, OpenSSL 1.0.1f 6 Jan 2014\ndebug1: Reading configuration data /etc/ssh/ssh_config\ndebug1: /etc/ssh/ssh_config line 19: Applying options for *\ndebug2: ssh_connect: needpriv 0\ndebug1: Connecting to 172.27.170.108 [172.27.170.108] port 22.\ndebug1: Connection established.\ndebug3: Incorrect RSA1 identifier\ndebug3: Could not load \"/var/lib/jenkins/.ssh/id_rsa\" as a RSA1 public key\ndebug1: identity file /var/lib/jenkins/.ssh/id_rsa type 1\ndebug1: identity file /var/lib/jenkins/.ssh/id_rsa-cert type -1\ndebug1: identity file /var/lib/jenkins/.ssh/id_dsa type -1\ndebug1: identity file /var/lib/jenkins/.ssh/id_dsa-cert type -1\ndebug1: identity file /var/lib/jenkins/.ssh/id_ecdsa type -1\ndebug1: identity file /var/lib/jenkins/.ssh/id_ecdsa-cert type -1\ndebug1: identity file /var/lib/jenkins/.ssh/id_ed25519 type -1\ndebug1: identity file /var/lib/jenkins/.ssh/id_ed25519-cert type -1\ndebug1: Enabling compatibility mode for protocol 2.0\ndebug1: Local version string SSH-2.0-OpenSSH_6.6.1p1 Ubuntu-2ubuntu2.8\ndebug1: Remote protocol version 2.0, remote software version OpenSSH_6.6.1p1 Ubuntu-2ubuntu2.8\ndebug1: match: OpenSSH_6.6.1p1 Ubuntu-2ubuntu2.8 pat OpenSSH_6.6.1* compat 0x04000000\ndebug2: fd 3 setting O_NONBLOCK\ndebug3: load_hostkeys: loading entries for host \"172.27.170.108\" from file \"/var/lib/jenkins/.ssh/known_hosts\"\ndebug3: load_hostkeys: found key type ECDSA in file /var/lib/jenkins/.ssh/known_hosts:1\ndebug3: load_hostkeys: loaded 1 keys\ndebug3: order_hostkeyalgs: prefer hostkeyalgs: ecdsa-sha2-nistp256-cert-v01@openssh.com,ecdsa-sha2-nistp384-cert-v01@openssh.com,ecdsa-sha2-nistp521-cert-v01@openssh.com,ecdsa-sha2-nistp256,ecdsa-sha2-nistp384,ecdsa-sha2-nistp521\ndebug1: SSH2_MSG_KEXINIT sent\ndebug1: SSH2_MSG_KEXINIT received\ndebug2: kex_parse_kexinit: curve25519-sha256@libssh.org,ecdh-sha2-nistp256,ecdh-sha2-nistp384,ecdh-sha2-nistp521,diffie-hellman-group-exchange-sha256,diffie-hellman-group-exchange-sha1,diffie-hellman-group14-sha1,diffie-hellman-group1-sha1\ndebug2: kex_parse_kexinit: ecdsa-sha2-nistp256-cert-v01@openssh.com,ecdsa-sha2-nistp384-cert-v01@openssh.com,ecdsa-sha2-nistp521-cert-v01@openssh.com,ecdsa-sha2-nistp256,ecdsa-sha2-nistp384,ecdsa-sha2-nistp521,ssh-ed25519-cert-v01@openssh.com,ssh-rsa-cert-v01@openssh.com,ssh-dss-cert-v01@openssh.com,ssh-rsa-cert-v00@openssh.com,ssh-dss-cert-v00@openssh.com,ssh-ed25519,ssh-rsa,ssh-dss\ndebug2: kex_parse_kexinit: aes128-ctr,aes192-ctr,aes256-ctr,arcfour256,arcfour128,aes128-gcm@openssh.com,aes256-gcm@openssh.com,chacha20-poly1305@openssh.com,aes128-cbc,3des-cbc,blowfish-cbc,cast128-cbc,aes192-cbc,aes256-cbc,arcfour,rijndael-cbc@lysator.liu.se\ndebug2: kex_parse_kexinit: aes128-ctr,aes192-ctr,aes256-ctr,arcfour256,arcfour128,aes128-gcm@openssh.com,aes256-gcm@openssh.com,chacha20-poly1305@openssh.com,aes128-cbc,3des-cbc,blowfish-cbc,cast128-cbc,aes192-cbc,aes256-cbc,arcfour,rijndael-cbc@lysator.liu.se\ndebug2: kex_parse_kexinit: hmac-md5-etm@openssh.com,hmac-sha1-etm@openssh.com,umac-64-etm@openssh.com,umac-128-etm@openssh.com,hmac-sha2-256-etm@openssh.com,hmac-sha2-512-etm@openssh.com,hmac-ripemd160-etm@openssh.com,hmac-sha1-96-etm@openssh.com,hmac-md5-96-etm@openssh.com,hmac-md5,hmac-sha1,umac-64@openssh.com,umac-128@openssh.com,hmac-sha2-256,hmac-sha2-512,hmac-ripemd160,hmac-ripemd160@openssh.com,hmac-sha1-96,hmac-md5-96\ndebug2: kex_parse_kexinit: hmac-md5-etm@openssh.com,hmac-sha1-etm@openssh.com,umac-64-etm@openssh.com,umac-128-etm@openssh.com,hmac-sha2-256-etm@openssh.com,hmac-sha2-512-etm@openssh.com,hmac-ripemd160-etm@openssh.com,hmac-sha1-96-etm@openssh.com,hmac-md5-96-etm@openssh.com,hmac-md5,hmac-sha1,umac-64@openssh.com,umac-128@openssh.com,hmac-sha2-256,hmac-sha2-512,hmac-ripemd160,hmac-ripemd160@openssh.com,hmac-sha1-96,hmac-md5-96\ndebug2: kex_parse_kexinit: none,zlib@openssh.com,zlib\ndebug2: kex_parse_kexinit: none,zlib@openssh.com,zlib\ndebug2: kex_parse_kexinit: \ndebug2: kex_parse_kexinit: \ndebug2: kex_parse_kexinit: first_kex_follows 0 \ndebug2: kex_parse_kexinit: reserved 0 \ndebug2: kex_parse_kexinit: curve25519-sha256@libssh.org,ecdh-sha2-nistp256,ecdh-sha2-nistp384,ecdh-sha2-nistp521,diffie-hellman-group-exchange-sha256,diffie-hellman-group-exchange-sha1,diffie-hellman-group14-sha1,diffie-hellman-group1-sha1\ndebug2: kex_parse_kexinit: ssh-rsa,ssh-dss,ecdsa-sha2-nistp256,ssh-ed25519\ndebug2: kex_parse_kexinit: aes128-ctr,aes192-ctr,aes256-ctr,arcfour256,arcfour128,aes128-gcm@openssh.com,aes256-gcm@openssh.com,chacha20-poly1305@openssh.com,aes128-cbc,3des-cbc,blowfish-cbc,cast128-cbc,aes192-cbc,aes256-cbc,arcfour,rijndael-cbc@lysator.liu.se\ndebug2: kex_parse_kexinit: aes128-ctr,aes192-ctr,aes256-ctr,arcfour256,arcfour128,aes128-gcm@openssh.com,aes256-gcm@openssh.com,chacha20-poly1305@openssh.com,aes128-cbc,3des-cbc,blowfish-cbc,cast128-cbc,aes192-cbc,aes256-cbc,arcfour,rijndael-cbc@lysator.liu.se\ndebug2: kex_parse_kexinit: hmac-md5-etm@openssh.com,hmac-sha1-etm@openssh.com,umac-64-etm@openssh.com,umac-128-etm@openssh.com,hmac-sha2-256-etm@openssh.com,hmac-sha2-512-etm@openssh.com,hmac-ripemd160-etm@openssh.com,hmac-sha1-96-etm@openssh.com,hmac-md5-96-etm@openssh.com,hmac-md5,hmac-sha1,umac-64@openssh.com,umac-128@openssh.com,hmac-sha2-256,hmac-sha2-512,hmac-ripemd160,hmac-ripemd160@openssh.com,hmac-sha1-96,hmac-md5-96\ndebug2: kex_parse_kexinit: hmac-md5-etm@openssh.com,hmac-sha1-etm@openssh.com,umac-64-etm@openssh.com,umac-128-etm@openssh.com,hmac-sha2-256-etm@openssh.com,hmac-sha2-512-etm@openssh.com,hmac-ripemd160-etm@openssh.com,hmac-sha1-96-etm@openssh.com,hmac-md5-96-etm@openssh.com,hmac-md5,hmac-sha1,umac-64@openssh.com,umac-128@openssh.com,hmac-sha2-256,hmac-sha2-512,hmac-ripemd160,hmac-ripemd160@openssh.com,hmac-sha1-96,hmac-md5-96\ndebug2: kex_parse_kexinit: none,zlib@openssh.com\ndebug2: kex_parse_kexinit: none,zlib@openssh.com\ndebug2: kex_parse_kexinit: \ndebug2: kex_parse_kexinit: \ndebug2: kex_parse_kexinit: first_kex_follows 0 \ndebug2: kex_parse_kexinit: reserved 0 \ndebug2: mac_setup: setup hmac-md5-etm@openssh.com\ndebug1: kex: server-&gt;client aes128-ctr hmac-md5-etm@openssh.com none\ndebug2: mac_setup: setup hmac-md5-etm@openssh.com\ndebug1: kex: client-&gt;server aes128-ctr hmac-md5-etm@openssh.com none\ndebug1: sending SSH2_MSG_KEX_ECDH_INIT\ndebug1: expecting SSH2_MSG_KEX_ECDH_REPLY\ndebug1: Server host key: ECDSA 63:f8:4a:65:e2:44:f2:ba:aa:25:cd:01:81:ac:f3:07\ndebug3: load_hostkeys: loading entries for host \"172.27.170.108\" from file \"/var/lib/jenkins/.ssh/known_hosts\"\ndebug3: load_hostkeys: found key type ECDSA in file /var/lib/jenkins/.ssh/known_hosts:1\ndebug3: load_hostkeys: loaded 1 keys\ndebug1: Host '172.27.170.108' is known and matches the ECDSA host key.\ndebug1: Found key in /var/lib/jenkins/.ssh/known_hosts:1\ndebug1: ssh_ecdsa_verify: signature correct\ndebug2: kex_derive_keys\ndebug2: set_newkeys: mode 1\ndebug1: SSH2_MSG_NEWKEYS sent\ndebug1: expecting SSH2_MSG_NEWKEYS\ndebug2: set_newkeys: mode 0\ndebug1: SSH2_MSG_NEWKEYS received\ndebug1: SSH2_MSG_SERVICE_REQUEST sent\ndebug2: service_accept: ssh-userauth\ndebug1: SSH2_MSG_SERVICE_ACCEPT received\ndebug2: key: /var/lib/jenkins/.ssh/id_rsa (0x7f020b7d2f80),\ndebug2: key: /var/lib/jenkins/.ssh/id_dsa ((nil)),\ndebug2: key: /var/lib/jenkins/.ssh/id_ecdsa ((nil)),\ndebug2: key: /var/lib/jenkins/.ssh/id_ed25519 ((nil)),\ndebug1: Authentications that can continue: publickey,password\ndebug3: start over, passed a different list publickey,password\ndebug3: preferred gssapi-keyex,gssapi-with-mic,publickey,keyboard-interactive,password\ndebug3: authmethod_lookup publickey\ndebug3: remaining preferred: keyboard-interactive,password\ndebug3: authmethod_is_enabled publickey\ndebug1: Next authentication method: publickey\ndebug1: Offering RSA public key: /var/lib/jenkins/.ssh/id_rsa\ndebug3: send_pubkey_test\ndebug2: we sent a publickey packet, wait for reply\ndebug1: Server accepts key: pkalg ssh-rsa blen 279\ndebug2: input_userauth_pk_ok: fp b3:76:7b:34:c7:dd:f8:21:07:f6:ec:19:ea:94:da:5a\ndebug3: sign_and_send_pubkey: RSA b3:76:7b:34:c7:dd:f8:21:07:f6:ec:19:ea:94:da:5a\ndebug1: key_parse_private2: missing begin marker\ndebug1: read PEM private key done: type RSA\ndebug1: Authentication succeeded (publickey).\nAuthenticated to 172.27.170.108 ([172.27.170.108]:22).\ndebug1: channel 0: new [client-session]\ndebug3: ssh_session2_open: channel_new: 0\ndebug2: channel 0: send open\ndebug1: Requesting no-more-sessions@openssh.com\ndebug1: Entering interactive session.\ndebug2: callback start\ndebug2: fd 3 setting TCP_NODELAY\ndebug3: packet_set_tos: set IP_TOS 0x10\ndebug2: client_session2_setup: id 0\ndebug2: channel 0: request pty-req confirm 1\ndebug1: Sending environment.\ndebug3: Ignored env XDG_VTNR\ndebug3: Ignored env XDG_SESSION_ID\ndebug3: Ignored env TERM\ndebug3: Ignored env SHELL\ndebug3: Ignored env VAULT_ADDR\ndebug3: Ignored env USER\ndebug3: Ignored env LS_COLORS\ndebug3: Ignored env SUDO_USER\ndebug3: Ignored env SUDO_UID\ndebug3: Ignored env USERNAME\ndebug3: Ignored env PATH\ndebug3: Ignored env MAIL\ndebug3: Ignored env PWD\ndebug1: Sending env LANG = en_IN\ndebug2: channel 0: request env confirm 0\ndebug3: Ignored env HOME\ndebug3: Ignored env SUDO_COMMAND\ndebug3: Ignored env XDG_SEAT\ndebug3: Ignored env SHLVL\ndebug3: Ignored env LANGUAGE\ndebug3: Ignored env LOGNAME\ndebug3: Ignored env LESSOPEN\ndebug3: Ignored env DISPLAY\ndebug3: Ignored env SUDO_GID\ndebug3: Ignored env LESSCLOSE\ndebug3: Ignored env COLORTERM\ndebug3: Ignored env XAUTHORITY\ndebug3: Ignored env _\ndebug2: channel 0: request shell confirm 1\ndebug2: callback done\ndebug2: channel 0: open confirm rwindow 0 rmax 32768\ndebug2: channel_input_status_confirm: type 99 id 0\ndebug2: PTY allocation request accepted on channel 0\ndebug2: channel 0: rcvd adjust 2097152\ndebug2: channel_input_status_confirm: type 99 id 0\ndebug2: shell request accepted on channel 0\nWelcome to Ubuntu 14.04.5 LTS (GNU/Linux 4.2.0-27-generic x86_64)\n\n * Documentation:  https://help.ubuntu.com/\n\n88 packages can be updated.\n60 updates are security updates.\n\n......\n......\n\nand reboot your system.\nLast login: Fri Apr 14 17:19:05 2017 from 172.24.43.35\njenkins@RTPS-DCE-DV:~$\n</code></pre>\n\n<p><strong>EDIT 2 : Adding the failed debug info :</strong></p>\n\n<pre><code>Building remotely on slave 1 in workspace /home/jenkins/workspace/slave job 1\n[slave job 1] $ /bin/sh -xe /tmp/hudson8556503525790261529.sh\n+ ssh -vvv jenkins@172.27.170.108\nOpenSSH_6.6.1, OpenSSL 1.0.1f 6 Jan 2014\ndebug1: Reading configuration data /etc/ssh/ssh_config\ndebug1: /etc/ssh/ssh_config line 19: Applying options for *\nPseudo-terminal will not be allocated because stdin is not a terminal.\ndebug2: ssh_connect: needpriv 0\ndebug1: Connecting to 172.27.170.108 [172.27.170.108] port 22.\ndebug1: Connection established.\ndebug1: identity file /var/lib/jenkins/.ssh/id_rsa type -1\ndebug1: identity file /var/lib/jenkins/.ssh/id_rsa-cert type -1\ndebug1: identity file /var/lib/jenkins/.ssh/id_dsa type -1\ndebug1: identity file /var/lib/jenkins/.ssh/id_dsa-cert type -1\ndebug1: identity file /var/lib/jenkins/.ssh/id_ecdsa type -1\ndebug1: identity file /var/lib/jenkins/.ssh/id_ecdsa-cert type -1\ndebug1: identity file /var/lib/jenkins/.ssh/id_ed25519 type -1\ndebug1: identity file /var/lib/jenkins/.ssh/id_ed25519-cert type -1\ndebug1: Enabling compatibility mode for protocol 2.0\ndebug1: Local version string SSH-2.0-OpenSSH_6.6.1p1 Ubuntu-2ubuntu2.8\ndebug1: Remote protocol version 2.0, remote software version OpenSSH_6.6.1p1 Ubuntu-2ubuntu2.8\ndebug1: match: OpenSSH_6.6.1p1 Ubuntu-2ubuntu2.8 pat OpenSSH_6.6.1* compat 0x04000000\ndebug2: fd 3 setting O_NONBLOCK\ndebug1: SSH2_MSG_KEXINIT sent\ndebug1: SSH2_MSG_KEXINIT received\ndebug2: kex_parse_kexinit: curve25519-sha256@libssh.org,ecdh-sha2-nistp256,ecdh-sha2-nistp384,ecdh-sha2-nistp521,diffie-hellman-group-exchange-sha256,diffie-hellman-group-exchange-sha1,diffie-hellman-group14-sha1,diffie-hellman-group1-sha1\ndebug2: kex_parse_kexinit: ecdsa-sha2-nistp256-cert-v01@openssh.com,ecdsa-sha2-nistp384-cert-v01@openssh.com,ecdsa-sha2-nistp521-cert-v01@openssh.com,ssh-ed25519-cert-v01@openssh.com,ssh-rsa-cert-v01@openssh.com,ssh-dss-cert-v01@openssh.com,ssh-rsa-cert-v00@openssh.com,ssh-dss-cert-v00@openssh.com,ecdsa-sha2-nistp256,ecdsa-sha2-nistp384,ecdsa-sha2-nistp521,ssh-ed25519,ssh-rsa,ssh-dss\ndebug2: kex_parse_kexinit: aes128-ctr,aes192-ctr,aes256-ctr,arcfour256,arcfour128,aes128-gcm@openssh.com,aes256-gcm@openssh.com,chacha20-poly1305@openssh.com,aes128-cbc,3des-cbc,blowfish-cbc,cast128-cbc,aes192-cbc,aes256-cbc,arcfour,rijndael-cbc@lysator.liu.se\ndebug2: kex_parse_kexinit: aes128-ctr,aes192-ctr,aes256-ctr,arcfour256,arcfour128,aes128-gcm@openssh.com,aes256-gcm@openssh.com,chacha20-poly1305@openssh.com,aes128-cbc,3des-cbc,blowfish-cbc,cast128-cbc,aes192-cbc,aes256-cbc,arcfour,rijndael-cbc@lysator.liu.se\ndebug2: kex_parse_kexinit: hmac-md5-etm@openssh.com,hmac-sha1-etm@openssh.com,umac-64-etm@openssh.com,umac-128-etm@openssh.com,hmac-sha2-256-etm@openssh.com,hmac-sha2-512-etm@openssh.com,hmac-ripemd160-etm@openssh.com,hmac-sha1-96-etm@openssh.com,hmac-md5-96-etm@openssh.com,hmac-md5,hmac-sha1,umac-64@openssh.com,umac-128@openssh.com,hmac-sha2-256,hmac-sha2-512,hmac-ripemd160,hmac-ripemd160@openssh.com,hmac-sha1-96,hmac-md5-96\ndebug2: kex_parse_kexinit: hmac-md5-etm@openssh.com,hmac-sha1-etm@openssh.com,umac-64-etm@openssh.com,umac-128-etm@openssh.com,hmac-sha2-256-etm@openssh.com,hmac-sha2-512-etm@openssh.com,hmac-ripemd160-etm@openssh.com,hmac-sha1-96-etm@openssh.com,hmac-md5-96-etm@openssh.com,hmac-md5,hmac-sha1,umac-64@openssh.com,umac-128@openssh.com,hmac-sha2-256,hmac-sha2-512,hmac-ripemd160,hmac-ripemd160@openssh.com,hmac-sha1-96,hmac-md5-96\ndebug2: kex_parse_kexinit: none,zlib@openssh.com,zlib\ndebug2: kex_parse_kexinit: none,zlib@openssh.com,zlib\ndebug2: kex_parse_kexinit: \ndebug2: kex_parse_kexinit: \ndebug2: kex_parse_kexinit: first_kex_follows 0 \ndebug2: kex_parse_kexinit: reserved 0 \ndebug2: kex_parse_kexinit: curve25519-sha256@libssh.org,ecdh-sha2-nistp256,ecdh-sha2-nistp384,ecdh-sha2-nistp521,diffie-hellman-group-exchange-sha256,diffie-hellman-group-exchange-sha1,diffie-hellman-group14-sha1,diffie-hellman-group1-sha1\ndebug2: kex_parse_kexinit: ssh-rsa,ssh-dss,ecdsa-sha2-nistp256,ssh-ed25519\ndebug2: kex_parse_kexinit: aes128-ctr,aes192-ctr,aes256-ctr,arcfour256,arcfour128,aes128-gcm@openssh.com,aes256-gcm@openssh.com,chacha20-poly1305@openssh.com,aes128-cbc,3des-cbc,blowfish-cbc,cast128-cbc,aes192-cbc,aes256-cbc,arcfour,rijndael-cbc@lysator.liu.se\ndebug2: kex_parse_kexinit: aes128-ctr,aes192-ctr,aes256-ctr,arcfour256,arcfour128,aes128-gcm@openssh.com,aes256-gcm@openssh.com,chacha20-poly1305@openssh.com,aes128-cbc,3des-cbc,blowfish-cbc,cast128-cbc,aes192-cbc,aes256-cbc,arcfour,rijndael-cbc@lysator.liu.se\ndebug2: kex_parse_kexinit: hmac-md5-etm@openssh.com,hmac-sha1-etm@openssh.com,umac-64-etm@openssh.com,umac-128-etm@openssh.com,hmac-sha2-256-etm@openssh.com,hmac-sha2-512-etm@openssh.com,hmac-ripemd160-etm@openssh.com,hmac-sha1-96-etm@openssh.com,hmac-md5-96-etm@openssh.com,hmac-md5,hmac-sha1,umac-64@openssh.com,umac-128@openssh.com,hmac-sha2-256,hmac-sha2-512,hmac-ripemd160,hmac-ripemd160@openssh.com,hmac-sha1-96,hmac-md5-96\ndebug2: kex_parse_kexinit: hmac-md5-etm@openssh.com,hmac-sha1-etm@openssh.com,umac-64-etm@openssh.com,umac-128-etm@openssh.com,hmac-sha2-256-etm@openssh.com,hmac-sha2-512-etm@openssh.com,hmac-ripemd160-etm@openssh.com,hmac-sha1-96-etm@openssh.com,hmac-md5-96-etm@openssh.com,hmac-md5,hmac-sha1,umac-64@openssh.com,umac-128@openssh.com,hmac-sha2-256,hmac-sha2-512,hmac-ripemd160,hmac-ripemd160@openssh.com,hmac-sha1-96,hmac-md5-96\ndebug2: kex_parse_kexinit: none,zlib@openssh.com\ndebug2: kex_parse_kexinit: none,zlib@openssh.com\ndebug2: kex_parse_kexinit: \ndebug2: kex_parse_kexinit: \ndebug2: kex_parse_kexinit: first_kex_follows 0 \ndebug2: kex_parse_kexinit: reserved 0 \ndebug2: mac_setup: setup hmac-md5-etm@openssh.com\ndebug1: kex: server-&gt;client aes128-ctr hmac-md5-etm@openssh.com none\ndebug2: mac_setup: setup hmac-md5-etm@openssh.com\ndebug1: kex: client-&gt;server aes128-ctr hmac-md5-etm@openssh.com none\ndebug1: sending SSH2_MSG_KEX_ECDH_INIT\ndebug1: expecting SSH2_MSG_KEX_ECDH_REPLY\ndebug1: Server host key: ECDSA 63:f8:4a:65:e2:44:f2:ba:aa:25:cd:01:81:ac:f3:07\ndebug1: read_passphrase: can't open /dev/tty: No such device or address\nHost key verification failed.\n</code></pre>\n"
        },
        {
            "tags": [
                "c#",
                "html-email"
            ],
            "owner": {
                "reputation": 416,
                "user_id": 4539385,
                "user_type": "registered",
                "accept_rate": 15,
                "profile_image": "https://www.gravatar.com/avatar/29be607a88cff96db2b54dd68abada43?s=128&d=identicon&r=PG&f=1",
                "display_name": "Programmerzzz",
                "link": "https://stackoverflow.com/users/4539385/programmerzzz"
            },
            "is_answered": false,
            "view_count": 21,
            "answer_count": 0,
            "score": 0,
            "last_activity_date": 1524178862,
            "creation_date": 1524178862,
            "question_id": 49931485,
            "body_markdown": "I want to remove the default formatting(the blue text and underline) for shared UNC paths(`\\\\&lt;servername\\folder&gt;`) in my html mail format.\r\nBy default, they are links when we use html mail format. Here&#39;s is my sample code doing that.\r\n\r\n     private string GetReportContent()\r\n        {\r\n            string report = &quot;&quot;;\r\n\r\n            string htmlTableStart = @&quot;&lt;table&gt;&quot;;\r\n            string htmlTableEnd = &quot;&lt;/table&gt;&quot;;\r\n            string htmlHeaderRowStart = @&quot;&lt;tr style=&quot;&quot;text-align:center;&quot;&quot;&gt;&quot;;\r\n            string htmlHeaderRowEnd = &quot;&lt;/tr&gt;&quot;;\r\n            string htmlTrStart = &quot;&lt;tr&gt;&quot;;\r\n            string htmlTrEnd = &quot;&lt;/tr&gt;&quot;;\r\n            string htmlTdStart = @&quot;&lt;td style=&quot;&quot;border-style:solid; border-width:thin;&quot;&quot;&gt;&quot;;\r\n            string htmlTdEnd = &quot;&lt;/td&gt;&quot;;\r\n            string ErrorStyle = @&quot;style=&quot;&quot;background-color: #f44b42;color:white;text-decoration: none;&quot;&quot;&quot;;\r\n\r\n            report += &quot;&lt;h3&gt;Table 1&lt;/h3&gt;&lt;/br&gt;&quot;;\r\n\r\n            report += htmlTableStart;\r\n            report += htmlHeaderRowStart;\r\n            report += htmlTdStart + &quot;Location&quot; + htmlTdEnd;\r\n            report += htmlTdStart + &quot;Last Update Time&quot; + htmlTdEnd;\r\n            report += htmlTdStart + &quot;PTF Size&quot; + htmlTdEnd;\r\n            report += htmlHeaderRowEnd;\r\n\r\n            string pth = @&quot;\\\\Server1\\Docs\\model\\part_table.ptf&quot;;\r\n            DateTime dt = File.GetLastWriteTime(pth);\r\n            long len = new System.IO.FileInfo(pth).Length;\r\n\r\n            dt = DateTime.Now - new TimeSpan(365, 0, 0, 0);\r\n\r\n            if ((DateTime.Now - dt).Days &gt; 1)\r\n                report += @&quot;&lt;tr &quot; + ErrorStyle + &quot;&gt;&quot;;\r\n            else\r\n                report += htmlTrStart;\r\n            report += htmlTdStart + pth + htmlTdEnd;\r\n            report += htmlTdStart + dt.ToString() + htmlTdEnd;\r\n            report += htmlTdStart + GetStrFileSize(len) + htmlTdEnd;\r\n            report += htmlTrEnd;\r\nThis sends out the UNC path as link and my text becomes blue though I set it as white in my inline style for that `&lt;/tr&gt;` . I tried using `text-decoration:none` as well but no luck.",
            "link": "https://stackoverflow.com/questions/49931485/remove-default-hyperlink-color-and-text-decoration-in-html-mail-format-c",
            "title": "Remove default hyperlink color and text decoration in HTML mail format C#",
            "body": "<p>I want to remove the default formatting(the blue text and underline) for shared UNC paths(<code>\\\\&lt;servername\\folder&gt;</code>) in my html mail format.\nBy default, they are links when we use html mail format. Here's is my sample code doing that.</p>\n\n<pre><code> private string GetReportContent()\n    {\n        string report = \"\";\n\n        string htmlTableStart = @\"&lt;table&gt;\";\n        string htmlTableEnd = \"&lt;/table&gt;\";\n        string htmlHeaderRowStart = @\"&lt;tr style=\"\"text-align:center;\"\"&gt;\";\n        string htmlHeaderRowEnd = \"&lt;/tr&gt;\";\n        string htmlTrStart = \"&lt;tr&gt;\";\n        string htmlTrEnd = \"&lt;/tr&gt;\";\n        string htmlTdStart = @\"&lt;td style=\"\"border-style:solid; border-width:thin;\"\"&gt;\";\n        string htmlTdEnd = \"&lt;/td&gt;\";\n        string ErrorStyle = @\"style=\"\"background-color: #f44b42;color:white;text-decoration: none;\"\"\";\n\n        report += \"&lt;h3&gt;Table 1&lt;/h3&gt;&lt;/br&gt;\";\n\n        report += htmlTableStart;\n        report += htmlHeaderRowStart;\n        report += htmlTdStart + \"Location\" + htmlTdEnd;\n        report += htmlTdStart + \"Last Update Time\" + htmlTdEnd;\n        report += htmlTdStart + \"PTF Size\" + htmlTdEnd;\n        report += htmlHeaderRowEnd;\n\n        string pth = @\"\\\\Server1\\Docs\\model\\part_table.ptf\";\n        DateTime dt = File.GetLastWriteTime(pth);\n        long len = new System.IO.FileInfo(pth).Length;\n\n        dt = DateTime.Now - new TimeSpan(365, 0, 0, 0);\n\n        if ((DateTime.Now - dt).Days &gt; 1)\n            report += @\"&lt;tr \" + ErrorStyle + \"&gt;\";\n        else\n            report += htmlTrStart;\n        report += htmlTdStart + pth + htmlTdEnd;\n        report += htmlTdStart + dt.ToString() + htmlTdEnd;\n        report += htmlTdStart + GetStrFileSize(len) + htmlTdEnd;\n        report += htmlTrEnd;\n</code></pre>\n\n<p>This sends out the UNC path as link and my text becomes blue though I set it as white in my inline style for that <code>&lt;/tr&gt;</code> . I tried using <code>text-decoration:none</code> as well but no luck.</p>\n"
        },
        {
            "tags": [
                "javascript",
                "google-maps",
                "google-maps-api-3",
                "google-maps-markers",
                "marker"
            ],
            "owner": {
                "reputation": 301,
                "user_id": 2176900,
                "user_type": "registered",
                "accept_rate": 75,
                "profile_image": "https://www.gravatar.com/avatar/719468b9589d31b128e35931966c4a95?s=128&d=identicon&r=PG",
                "display_name": "Henrik",
                "link": "https://stackoverflow.com/users/2176900/henrik"
            },
            "is_answered": false,
            "view_count": 24,
            "answer_count": 0,
            "score": -1,
            "last_activity_date": 1524178827,
            "creation_date": 1524178827,
            "question_id": 49931479,
            "body_markdown": "In the documentation section for Google Maps API, [this page][1] describes how put one of googles markers in your map. It seems the icon&#39;s url is https://developers.google.com/maps/documentation/javascript/examples/full/images/beachflag.png which lead me to look higher up in that hierarchy for other markers. I am, however, only getting 404s when I do and can&#39;t seem to find any answers online as to where I can find what other markers are available.\r\n\r\nHow can I browse the API&#39;s available markers?\r\n\r\n  [1]: https://developers.google.com/maps/documentation/javascript/examples/icon-simple",
            "link": "https://stackoverflow.com/questions/49931479/where-to-find-the-list-of-markers-available-using-the-google-maps-api",
            "title": "Where to find the list of markers available using the Google Maps API",
            "body": "<p>In the documentation section for Google Maps API, <a href=\"https://developers.google.com/maps/documentation/javascript/examples/icon-simple\" rel=\"nofollow noreferrer\">this page</a> describes how put one of googles markers in your map. It seems the icon's url is <a href=\"https://developers.google.com/maps/documentation/javascript/examples/full/images/beachflag.png\" rel=\"nofollow noreferrer\">https://developers.google.com/maps/documentation/javascript/examples/full/images/beachflag.png</a> which lead me to look higher up in that hierarchy for other markers. I am, however, only getting 404s when I do and can't seem to find any answers online as to where I can find what other markers are available.</p>\n\n<p>How can I browse the API's available markers?</p>\n"
        },
        {
            "tags": [
                "python",
                "typeerror"
            ],
            "owner": {
                "reputation": 1,
                "user_id": 8457395,
                "user_type": "registered",
                "profile_image": "https://i.stack.imgur.com/zVHlk.jpg?s=128&g=1",
                "display_name": "Azad",
                "link": "https://stackoverflow.com/users/8457395/azad"
            },
            "is_answered": false,
            "view_count": 41,
            "answer_count": 2,
            "score": 0,
            "last_activity_date": 1524178813,
            "creation_date": 1524176115,
            "last_edit_date": 1524178813,
            "question_id": 49931009,
            "body_markdown": "I am trying to label my data, and I want to label all my data 1 or -1.\r\nI had this piece of code which used to work fine. \r\n\r\n    #iris-setosa\r\n    train_t = df.iloc[0:120, 4].values\r\n    validation_t = df.iloc[121: , 4].values\r\n        \r\n    train_t1 = np.where(train_t == &#39;Iris-setosa&#39;, -1, 1)\r\n    validation_t1 = np.where(validation_t == &#39;Iris-setosa&#39;, -1, 1)\r\n\r\nThen I have another set of data which their labels aren&#39;t strings,\r\nso I changed the code to this:\r\n\r\n    #iris-setosa\r\n    train_t = df.iloc[0:120, 4].values\r\n    validation_t = df.iloc[121: , 4].values\r\n    \r\n    classNum = 20\r\n    train_t1 = np.where(train_t == classNum, -1, 1)\r\n    validation_t1 = np.where(validation_t == classNum, -1, 1)\r\n\r\nand it doesn&#39;t label my data properly, instead it labels them all 0!\r\n\r\nThen I tried to write the code with an `if` instead of `np.where` like this:\r\n\r\n    #iris-setosa\r\n    train_t = df.iloc[0:120, 4].values\r\n    validation_t = df.iloc[121: , 4].values\r\n    \r\n    classNum = 20\r\n    for i in range (1000):\r\n    if (train_t[i] == classNum):\r\n        train_t[i] = 1\r\n    else:\r\n        train_t[i] = -1\r\n    if (validation_t[i] == classNum):\r\n        validation_t[i] = 1\r\n    else:\r\n        validation_t[i] = -1\r\n\r\nand I get this error `TypeError: &#39;int&#39; object is not subscriptable`  \r\nUpdate: apparently this error is gone for no reason, and instead all my data is labeled -1 instead which is not my desired result.",
            "link": "https://stackoverflow.com/questions/49931009/typeerror-int-object-is-not-subscriptable-in-if-statement",
            "title": "TypeError: &#39;int&#39; object is not subscriptable in if statement",
            "body": "<p>I am trying to label my data, and I want to label all my data 1 or -1.\nI had this piece of code which used to work fine. </p>\n\n<pre><code>#iris-setosa\ntrain_t = df.iloc[0:120, 4].values\nvalidation_t = df.iloc[121: , 4].values\n\ntrain_t1 = np.where(train_t == 'Iris-setosa', -1, 1)\nvalidation_t1 = np.where(validation_t == 'Iris-setosa', -1, 1)\n</code></pre>\n\n<p>Then I have another set of data which their labels aren't strings,\nso I changed the code to this:</p>\n\n<pre><code>#iris-setosa\ntrain_t = df.iloc[0:120, 4].values\nvalidation_t = df.iloc[121: , 4].values\n\nclassNum = 20\ntrain_t1 = np.where(train_t == classNum, -1, 1)\nvalidation_t1 = np.where(validation_t == classNum, -1, 1)\n</code></pre>\n\n<p>and it doesn't label my data properly, instead it labels them all 0!</p>\n\n<p>Then I tried to write the code with an <code>if</code> instead of <code>np.where</code> like this:</p>\n\n<pre><code>#iris-setosa\ntrain_t = df.iloc[0:120, 4].values\nvalidation_t = df.iloc[121: , 4].values\n\nclassNum = 20\nfor i in range (1000):\nif (train_t[i] == classNum):\n    train_t[i] = 1\nelse:\n    train_t[i] = -1\nif (validation_t[i] == classNum):\n    validation_t[i] = 1\nelse:\n    validation_t[i] = -1\n</code></pre>\n\n<p>and I get this error <code>TypeError: 'int' object is not subscriptable</code><br>\nUpdate: apparently this error is gone for no reason, and instead all my data is labeled -1 instead which is not my desired result.</p>\n"
        },
        {
            "tags": [
                "git",
                "jenkins",
                "bitbucket",
                "jenkins-plugins",
                "jenkins-pipeline"
            ],
            "owner": {
                "reputation": 2912,
                "user_id": 807797,
                "user_type": "registered",
                "accept_rate": 72,
                "profile_image": "https://www.gravatar.com/avatar/4072657366a6ad674347c2a216318623?s=128&d=identicon&r=PG",
                "display_name": "CodeMed",
                "link": "https://stackoverflow.com/users/807797/codemed"
            },
            "is_answered": true,
            "view_count": 31,
            "answer_count": 1,
            "score": 1,
            "last_activity_date": 1524178776,
            "creation_date": 1524178445,
            "question_id": 49931413,
            "body_markdown": "Jenkins is installed in a local server inside our local network.  It needs to connect to a Bitbucket Server instance which is also running in our local network.  \r\n  \r\nWe created a **Bitbucket Team/Project** in Jenkins and configured it to reach out to the Bitbucker server instance.  When the **Bitbucket Team/Project** runs in Jenkins, it is able to successfully connect to the correct repository in the local instance of Bitbucket Server.  It is able to list the names of each branch in the linked Bitbucket repository.  But it cannot find the Jenkinsfile.  \r\n\r\n&gt;**How can I find out what Jenkins actually sees in the directory structure when it looks for the Jenkinsfile?**  Knowing what Jenkins sees would make it a lot easier to figure out what syntax to enter for the configuration.  \r\n  \r\nThe code is downloaded from &lt;a href=&quot;https://github.com/jenkins-docs/simple-python-pyinstaller-app&quot;&gt;this GitHub repository&lt;/a&gt;.  As you can see, the Jenkinsfile is located in the `jenkins/Jenkinsfile` directory, even though Jenkins does not seem to be able to find it at that location.  We get a similar error when we configure Jenkins to look for the Jenkinsfile at `Jenkinsfile` instead of at `jenkins/Jenkinsfile`.\r\n  \r\nHere are the logs that are generated when the **Bitbucket Team/Project** runs:  \r\n  \r\n    Started\r\n    [Thu Apr 19 22:20:10 GMT 2018] Starting organization scan...\r\n    [Thu Apr 19 22:20:10 GMT 2018] Updating actions...\r\n    Looking up team details of JPE...\r\n    Connecting to http://&lt;local-bitbucket-server-ip&gt;:7990 using CredentialName/******\r\n    Team: Jenkins Pipeline Examples\r\n    [Thu Apr 19 22:20:10 GMT 2018] Consulting Bitbucket Team/Project\r\n    Connecting to http://&lt;local-bitbucket-server-ip&gt;:7990 using CredentialName/******\r\n    Looking up repositories of team JPE\r\n    Proposing simple-python-pyinstaller-app\r\n    Connecting to http://&lt;local-bitbucket-server-ip&gt;:7990 using CredentialName/******\r\n    Repository type: Git\r\n    Looking up JPE/simple-python-pyinstaller-app for branches\r\n    Checking branch py-issue-branch-example from JPE/simple-python-pyinstaller-app\r\n          jenkins/Jenkinsfile not found\r\n        Skipped\r\n    Checking branch master from JPE/simple-python-pyinstaller-app\r\n          jenkins/Jenkinsfile not found\r\n        Skipped\r\n    Checking branch feature/py-feature-branch-example from JPE/simple-python-pyinstaller-app\r\n          jenkins/Jenkinsfile not found\r\n        Skipped\r\n   \r\n      3 branches were processed\r\n    Looking up JPE/simple-python-pyinstaller-app for pull requests\r\n    \r\n      0 pull requests were processed\r\n    1 repositories were processed\r\n    [Thu Apr 19 22:20:10 GMT 2018] Finished organization scan. Scan took 0.21 sec\r\n    Finished: SUCCESS  \r\n",
            "link": "https://stackoverflow.com/questions/49931413/what-does-jenkins-see-when-it-reads-the-contents-of-a-bitbucket-repo",
            "title": "What does Jenkins see when it reads the contents of a Bitbucket repo?",
            "body": "<p>Jenkins is installed in a local server inside our local network.  It needs to connect to a Bitbucket Server instance which is also running in our local network.  </p>\n\n<p>We created a <strong>Bitbucket Team/Project</strong> in Jenkins and configured it to reach out to the Bitbucker server instance.  When the <strong>Bitbucket Team/Project</strong> runs in Jenkins, it is able to successfully connect to the correct repository in the local instance of Bitbucket Server.  It is able to list the names of each branch in the linked Bitbucket repository.  But it cannot find the Jenkinsfile.  </p>\n\n<blockquote>\n  <p><strong>How can I find out what Jenkins actually sees in the directory structure when it looks for the Jenkinsfile?</strong>  Knowing what Jenkins sees would make it a lot easier to figure out what syntax to enter for the configuration.  </p>\n</blockquote>\n\n<p>The code is downloaded from <a href=\"https://github.com/jenkins-docs/simple-python-pyinstaller-app\" rel=\"nofollow noreferrer\">this GitHub repository</a>.  As you can see, the Jenkinsfile is located in the <code>jenkins/Jenkinsfile</code> directory, even though Jenkins does not seem to be able to find it at that location.  We get a similar error when we configure Jenkins to look for the Jenkinsfile at <code>Jenkinsfile</code> instead of at <code>jenkins/Jenkinsfile</code>.</p>\n\n<p>Here are the logs that are generated when the <strong>Bitbucket Team/Project</strong> runs:  </p>\n\n<pre><code>Started\n[Thu Apr 19 22:20:10 GMT 2018] Starting organization scan...\n[Thu Apr 19 22:20:10 GMT 2018] Updating actions...\nLooking up team details of JPE...\nConnecting to http://&lt;local-bitbucket-server-ip&gt;:7990 using CredentialName/******\nTeam: Jenkins Pipeline Examples\n[Thu Apr 19 22:20:10 GMT 2018] Consulting Bitbucket Team/Project\nConnecting to http://&lt;local-bitbucket-server-ip&gt;:7990 using CredentialName/******\nLooking up repositories of team JPE\nProposing simple-python-pyinstaller-app\nConnecting to http://&lt;local-bitbucket-server-ip&gt;:7990 using CredentialName/******\nRepository type: Git\nLooking up JPE/simple-python-pyinstaller-app for branches\nChecking branch py-issue-branch-example from JPE/simple-python-pyinstaller-app\n      jenkins/Jenkinsfile not found\n    Skipped\nChecking branch master from JPE/simple-python-pyinstaller-app\n      jenkins/Jenkinsfile not found\n    Skipped\nChecking branch feature/py-feature-branch-example from JPE/simple-python-pyinstaller-app\n      jenkins/Jenkinsfile not found\n    Skipped\n\n  3 branches were processed\nLooking up JPE/simple-python-pyinstaller-app for pull requests\n\n  0 pull requests were processed\n1 repositories were processed\n[Thu Apr 19 22:20:10 GMT 2018] Finished organization scan. Scan took 0.21 sec\nFinished: SUCCESS  \n</code></pre>\n"
        },
        {
            "tags": [
                "javascript"
            ],
            "owner": {
                "reputation": 327,
                "user_id": 2648536,
                "user_type": "registered",
                "accept_rate": 84,
                "profile_image": "https://www.gravatar.com/avatar/4292f46f0de8d61e1f90c9e7bde63c7d?s=128&d=identicon&r=PG",
                "display_name": "SporeDev",
                "link": "https://stackoverflow.com/users/2648536/sporedev"
            },
            "is_answered": true,
            "view_count": 21,
            "accepted_answer_id": 49931093,
            "answer_count": 3,
            "score": 0,
            "last_activity_date": 1524178775,
            "creation_date": 1524176293,
            "question_id": 49931034,
            "body_markdown": "I have the following JS:\r\n\r\n    var links = document.getElementsByClassName(&#39;swoosh&#39;),\r\n    \t\taudio = document.getElementById(&#39;a-on-click&#39;),\r\n        clickHandler = function () {\r\n      \t\taudio.play();\r\n      \t}\r\n    ;\r\n    \r\n    for (var i in links) {\r\n    \tlinks[i].addEventListener(&#39;click&#39;, clickHandler);\r\n    }\r\n\r\nFor the following HTML:\r\n\r\n    &lt;a href=&quot;#&quot; class=&quot;swoosh&quot;&gt;Link 1&lt;/a&gt;\r\n    &lt;a href=&quot;#&quot;&gt;Link 2&lt;/a&gt;\r\n    &lt;a href=&quot;#&quot; class=&quot;swoosh&quot;&gt;Link 3&lt;/a&gt;\r\n    \r\n    &lt;audio id=&quot;a-on-click&quot;&gt;\r\n    \t\t  &lt;source src=&quot;https://sporedev.ro/pleiade/sounds/swoosh-enter.mp3&quot; type=&quot;audio/mpeg&quot;&gt;\r\n    &lt;/audio&gt;\r\n\r\nThe script works like a charm, only activating the sound if the `a` has `class=&quot;swoosh&quot;`. However, the problem appears when the link in the `href` is an actual link and not a `#`. \r\n\r\nI did some research on SO and Google. I thought that `preventDefault()` would be the solution here, however I&#39;m starting to doubt that because what I want is for the sound file to play and **then** redirect to the location specified in the `href`, not to stop the link functionality entirely. The solution should also only apply to links that have the &quot;swoosh&quot; class.\r\n\r\nHow is this achievable?\r\n\r\nYou can find a JSFiddle to play with [here][1].\r\n\r\n\r\n  [1]: https://jsfiddle.net/qkuLkqao/21/",
            "link": "https://stackoverflow.com/questions/49931034/play-sound-on-link-click-then-redirect",
            "title": "Play sound on link click then redirect",
            "body": "<p>I have the following JS:</p>\n\n<pre><code>var links = document.getElementsByClassName('swoosh'),\n        audio = document.getElementById('a-on-click'),\n    clickHandler = function () {\n        audio.play();\n    }\n;\n\nfor (var i in links) {\n    links[i].addEventListener('click', clickHandler);\n}\n</code></pre>\n\n<p>For the following HTML:</p>\n\n<pre><code>&lt;a href=\"#\" class=\"swoosh\"&gt;Link 1&lt;/a&gt;\n&lt;a href=\"#\"&gt;Link 2&lt;/a&gt;\n&lt;a href=\"#\" class=\"swoosh\"&gt;Link 3&lt;/a&gt;\n\n&lt;audio id=\"a-on-click\"&gt;\n          &lt;source src=\"https://sporedev.ro/pleiade/sounds/swoosh-enter.mp3\" type=\"audio/mpeg\"&gt;\n&lt;/audio&gt;\n</code></pre>\n\n<p>The script works like a charm, only activating the sound if the <code>a</code> has <code>class=\"swoosh\"</code>. However, the problem appears when the link in the <code>href</code> is an actual link and not a <code>#</code>. </p>\n\n<p>I did some research on SO and Google. I thought that <code>preventDefault()</code> would be the solution here, however I'm starting to doubt that because what I want is for the sound file to play and <strong>then</strong> redirect to the location specified in the <code>href</code>, not to stop the link functionality entirely. The solution should also only apply to links that have the \"swoosh\" class.</p>\n\n<p>How is this achievable?</p>\n\n<p>You can find a JSFiddle to play with <a href=\"https://jsfiddle.net/qkuLkqao/21/\" rel=\"nofollow noreferrer\">here</a>.</p>\n"
        },
        {
            "tags": [
                "android",
                "google-maps"
            ],
            "owner": {
                "reputation": 46,
                "user_id": 9296777,
                "user_type": "registered",
                "profile_image": "https://i.stack.imgur.com/9SkrM.jpg?s=128&g=1",
                "display_name": "Khash",
                "link": "https://stackoverflow.com/users/9296777/khash"
            },
            "is_answered": true,
            "view_count": 18,
            "accepted_answer_id": 49931469,
            "answer_count": 1,
            "score": 1,
            "last_activity_date": 1524178767,
            "creation_date": 1524174278,
            "question_id": 49930683,
            "body_markdown": "I have a simple app that show a lot of markers on a map (Google Map). At the moment I have over 3,000 markers and this number keeps growing as the database gets bigger. \r\n\r\nI also have a few checkboxes that dictate which markers are to be shown, vice versa. \r\n\r\nOriginally I was adding each marker like this (inside a loop going through every location)\r\n\r\n    Marker marker;\r\n    marker = mMap.addMarker (markerOptions);\r\n    mMarkerArrayList.add(marker);\r\n\r\nThen when the user interacted with the checkboxes, I simply made markers visible/invisible. This is faster removing, and re-adding the markers.\r\nThe code in the Checkbox Change Listener was something like this:\r\n\r\n    for (Marker marker : mMarkerArrayList) {\r\n        if (condition) {\r\n            marker.setVisible(false);\r\n        }\r\n    }\r\nAnd then make the visible again on another change of the checkbox. \r\n\r\nHowever, adding all these markers individually in the beginning was taking a long time (1-2 seconds) and as the markers can only be added in the UI thread, it was freezing the UI (including my progress bar) for that amount of time.\r\n\r\nAfter a lot of research, and not getting anywhere, the only thing I could do was add the markers using the ClusterManager (android-maps-utils library). This loads twice as fast, and does not block my UI.\r\nAdding code is something like this (here myLocation is the object of my MyLocation class which holds the lcoation and relevant data for each point).\r\n\r\n    for (MyLocation myLocation : mMyLocationArrayList) {\r\n        mClusterManager.addItem(myLocation)\r\n    }\r\nNow the issue is linking the checkboxes to these ClusterItem objects. I cannot find any method, or field in the library to change the visibility of these markers (ClusterItem). In the previous method (changing the visibility) was almost instantaneous (fast enough that the user would not feel any lag). However, now, I need to add and remove these markers everytime, and there is a lag, and it is very obvious to the user.\r\n\r\nDoes anyone have any suggestions?",
            "link": "https://stackoverflow.com/questions/49930683/how-to-change-the-visibility-of-markers-on-google-map-using-cluster-manager-an",
            "title": "How to change the visibility of markers on Google Map using Cluster Manager? (Android)",
            "body": "<p>I have a simple app that show a lot of markers on a map (Google Map). At the moment I have over 3,000 markers and this number keeps growing as the database gets bigger. </p>\n\n<p>I also have a few checkboxes that dictate which markers are to be shown, vice versa. </p>\n\n<p>Originally I was adding each marker like this (inside a loop going through every location)</p>\n\n<pre><code>Marker marker;\nmarker = mMap.addMarker (markerOptions);\nmMarkerArrayList.add(marker);\n</code></pre>\n\n<p>Then when the user interacted with the checkboxes, I simply made markers visible/invisible. This is faster removing, and re-adding the markers.\nThe code in the Checkbox Change Listener was something like this:</p>\n\n<pre><code>for (Marker marker : mMarkerArrayList) {\n    if (condition) {\n        marker.setVisible(false);\n    }\n}\n</code></pre>\n\n<p>And then make the visible again on another change of the checkbox. </p>\n\n<p>However, adding all these markers individually in the beginning was taking a long time (1-2 seconds) and as the markers can only be added in the UI thread, it was freezing the UI (including my progress bar) for that amount of time.</p>\n\n<p>After a lot of research, and not getting anywhere, the only thing I could do was add the markers using the ClusterManager (android-maps-utils library). This loads twice as fast, and does not block my UI.\nAdding code is something like this (here myLocation is the object of my MyLocation class which holds the lcoation and relevant data for each point).</p>\n\n<pre><code>for (MyLocation myLocation : mMyLocationArrayList) {\n    mClusterManager.addItem(myLocation)\n}\n</code></pre>\n\n<p>Now the issue is linking the checkboxes to these ClusterItem objects. I cannot find any method, or field in the library to change the visibility of these markers (ClusterItem). In the previous method (changing the visibility) was almost instantaneous (fast enough that the user would not feel any lag). However, now, I need to add and remove these markers everytime, and there is a lag, and it is very obvious to the user.</p>\n\n<p>Does anyone have any suggestions?</p>\n"
        },
        {
            "tags": [
                "scala",
                "sbt"
            ],
            "owner": {
                "reputation": 264,
                "user_id": 5687141,
                "user_type": "registered",
                "profile_image": "https://lh6.googleusercontent.com/-Rj6GbqhqWMk/AAAAAAAAAAI/AAAAAAAAAWk/HfHoSAURrB0/photo.jpg?sz=128",
                "display_name": "Kevin Doherty",
                "link": "https://stackoverflow.com/users/5687141/kevin-doherty"
            },
            "is_answered": true,
            "view_count": 4773,
            "answer_count": 2,
            "score": 21,
            "last_activity_date": 1524178730,
            "creation_date": 1450287865,
            "last_edit_date": 1519130844,
            "question_id": 34318705,
            "body_markdown": "I am working on a Scala project that has been in existence for a few years but is new to me. My task is to upgrade it from Scala 2.9.3 to 2.11.7, along with its dependencies. I have gotten past the errors and warnings, but I cannot get the project to compile successfully in SBT. I always get a StackOverflowError in pretty much the same place. The stacktrace looks like this, but details vary with the Xss setting (currently 4M, but have tried as high as 24M):\r\n\r\n    java.lang.StackOverflowError\r\n\tat scala.tools.nsc.transform.Erasure$Eraser.typed1(Erasure.scala:698)\r\n\tat scala.tools.nsc.typechecker.Typers$Typer.runTyper$1(Typers.scala:5395)\r\n\tat scala.tools.nsc.typechecker.Typers$Typer.scala$tools$nsc$typechecker$Typers$Typer$$typedInternal(Typers.scala:5422)\r\n\tat scala.tools.nsc.typechecker.Typers$Typer.body$2(Typers.scala:5369)\r\n\tat scala.tools.nsc.typechecker.Typers$Typer.typed(Typers.scala:5373)\r\n\tat scala.tools.nsc.typechecker.Typers$Typer.typedQualifier(Typers.scala:5471)\r\n\tat scala.tools.nsc.typechecker.Typers$Typer.typedQualifier(Typers.scala:5479)\r\n\tat scala.tools.nsc.transform.Erasure$Eraser.adaptMember(Erasure.scala:644)\r\n\tat scala.tools.nsc.transform.Erasure$Eraser.typed1(Erasure.scala:698)\r\n\tat scala.tools.nsc.typechecker.Typers$Typer.runTyper$1(Typers.scala:5395)\r\n\tat scala.tools.nsc.typechecker.Typers$Typer.scala$tools$nsc$typechecker$Typers$Typer$$typedInternal(Typers.scala:5422)\r\n\r\n\r\n\r\nSBT_OPTS looks like this:\r\n\r\n    -Xmx2G -Xss4M -XX:+UseConcMarkSweepGC -XX:+CMSClassUnloadingEnabled\r\n\r\n\r\n I can &#39;make&#39; the project successfully in Intellij, and others can pull my changes from GitHub and compile the project in sbt, so the issue seems to be local to my machine (a recent quad-core Macbook Pro with 16GB RAM). Other Scala/sbt projects compile successfully for me on this machine.\r\n\r\nHere are other relevant details:\r\n\r\n    Scala version: 2.11.7\r\n    Java version: java version &quot;1.8.0_66&quot; (build 1.8.0_66-b17)\r\n    sbt version: 0.13.7 (have also tried 0.13.9)\r\n\r\nI have completely rebuilt the ivy2 cache and cleared the lib_managed directory. The version of the scala-compiler.jar is the same as is used on at least one machine that can &#39;sbt compile&#39; the code successfully. I did a clean reinstall of sbt (via `brew remove sbt`, manual removal of ~/.sbt directory, then `brew install sbt`).\r\n\r\nI have not tried to isolate the line of source code being compiled when the error occurs. I have assumed it would be more productive to look for a configuration issue or dependency conflict somewhere. \r\n\r\nAny suggestions for further troubleshooting will be appreciated.\r\n\r\n[Added...] It may be helpful to add that, as an experiment, I downloaded the Scala language source code from &lt;https://github.com/scala/scala&gt; and got the following very similar error trying to `sbt compile` it:\r\n\r\n    java.lang.StackOverflowError\r\n\tat scala.tools.nsc.transform.ExplicitOuter$OuterPathTransformer.outerValue(ExplicitOuter.scala:229)\r\n\tat scala.tools.nsc.transform.ExplicitOuter$ExplicitOuterTransformer.transform(ExplicitOuter.scala:441)\r\n\tat scala.tools.nsc.transform.ExplicitOuter$ExplicitOuterTransformer.transform(ExplicitOuter.scala:352)\r\n\tat scala.reflect.internal.Trees$class.itransform(Trees.scala:1345)\r\n\tat scala.reflect.internal.SymbolTable.itransform(SymbolTable.scala:16)\r\n\tat scala.reflect.internal.SymbolTable.itransform(SymbolTable.scala:16)\r\n\tat scala.reflect.api.Trees$Transformer.transform(Trees.scala:2555)\r\n\tat scala.tools.nsc.transform.TypingTransformers$TypingTransformer.transform(TypingTransformers.scala:44)\r\n\tat scala.tools.nsc.transform.ExplicitOuter$OuterPathTransformer.scala$reflect$internal$Trees$UnderConstructionTransformer$$super$transform(ExplicitOuter.scala:219)\r\n\tat scala.reflect.internal.Trees$UnderConstructionTransformer$class.transform(Trees.scala:1693)\r\n\tat scala.tools.nsc.transform.ExplicitOuter$OuterPathTransformer.transform(ExplicitOuter.scala:291)\r\n\tat scala.tools.nsc.transform.ExplicitOuter$ExplicitOuterTransformer.transform(ExplicitOuter.scala:459)\r\n\tat scala.tools.nsc.transform.ExplicitOuter$ExplicitOuterTransformer.transform(ExplicitOuter.scala:352)\r\n\tat scala.reflect.internal.Trees$class.itransform(Trees.scala:1347)\r\n\tat scala.reflect.internal.SymbolTable.itransform(SymbolTable.scala:16)\r\n\tat scala.reflect.internal.SymbolTable.itransform(SymbolTable.scala:16)\r\n\tat scala.reflect.api.Trees$Transformer.transform(Trees.scala:2555)\r\n \r\n\r\nHere is something interesting. From [this post](https://stackoverflow.com/questions/28055322/look-at-options-in-sbtopts-within-running-sbt) I found out about launching sbt with a -d flag for debugging info. Got the following output:\r\n\r\n    Kevins-MacBook-Pro:scala kdoherty$ sbt -d\r\n    [process_args] java_version = &#39;1.8.0_66&#39;\r\n    # Executing command line:\r\n    java\r\n    -Xmx2G\r\n    -Xss4M\r\n    -XX:+UseConcMarkSweepGC\r\n    -XX:+CMSClassUnloadingEnabled\r\n    -Xmx384m\r\n    -Xss512k\r\n    -XX:+UseCompressedOops\r\n    -agentlib:jdwp=transport=dt_socket,server=y,suspend=n,address=5005\r\n    -jar\r\n    /usr/local/Cellar/sbt/0.13.9/libexec/sbt-launch.jar\r\n\r\nSo somewhere my SBT_OPTS settings are being overridden (by defaults, I guess). Now I need to find where those defaults are coming from.",
            "link": "https://stackoverflow.com/questions/34318705/why-does-sbt-compile-fail-with-stackoverflowerror",
            "title": "Why does sbt compile fail with StackOverflowError?",
            "body": "<p>I am working on a Scala project that has been in existence for a few years but is new to me. My task is to upgrade it from Scala 2.9.3 to 2.11.7, along with its dependencies. I have gotten past the errors and warnings, but I cannot get the project to compile successfully in SBT. I always get a StackOverflowError in pretty much the same place. The stacktrace looks like this, but details vary with the Xss setting (currently 4M, but have tried as high as 24M):</p>\n\n<pre><code>java.lang.StackOverflowError\nat scala.tools.nsc.transform.Erasure$Eraser.typed1(Erasure.scala:698)\nat scala.tools.nsc.typechecker.Typers$Typer.runTyper$1(Typers.scala:5395)\nat scala.tools.nsc.typechecker.Typers$Typer.scala$tools$nsc$typechecker$Typers$Typer$$typedInternal(Typers.scala:5422)\nat scala.tools.nsc.typechecker.Typers$Typer.body$2(Typers.scala:5369)\nat scala.tools.nsc.typechecker.Typers$Typer.typed(Typers.scala:5373)\nat scala.tools.nsc.typechecker.Typers$Typer.typedQualifier(Typers.scala:5471)\nat scala.tools.nsc.typechecker.Typers$Typer.typedQualifier(Typers.scala:5479)\nat scala.tools.nsc.transform.Erasure$Eraser.adaptMember(Erasure.scala:644)\nat scala.tools.nsc.transform.Erasure$Eraser.typed1(Erasure.scala:698)\nat scala.tools.nsc.typechecker.Typers$Typer.runTyper$1(Typers.scala:5395)\nat scala.tools.nsc.typechecker.Typers$Typer.scala$tools$nsc$typechecker$Typers$Typer$$typedInternal(Typers.scala:5422)\n</code></pre>\n\n<p>SBT_OPTS looks like this:</p>\n\n<pre><code>-Xmx2G -Xss4M -XX:+UseConcMarkSweepGC -XX:+CMSClassUnloadingEnabled\n</code></pre>\n\n<p>I can 'make' the project successfully in Intellij, and others can pull my changes from GitHub and compile the project in sbt, so the issue seems to be local to my machine (a recent quad-core Macbook Pro with 16GB RAM). Other Scala/sbt projects compile successfully for me on this machine.</p>\n\n<p>Here are other relevant details:</p>\n\n<pre><code>Scala version: 2.11.7\nJava version: java version \"1.8.0_66\" (build 1.8.0_66-b17)\nsbt version: 0.13.7 (have also tried 0.13.9)\n</code></pre>\n\n<p>I have completely rebuilt the ivy2 cache and cleared the lib_managed directory. The version of the scala-compiler.jar is the same as is used on at least one machine that can 'sbt compile' the code successfully. I did a clean reinstall of sbt (via <code>brew remove sbt</code>, manual removal of ~/.sbt directory, then <code>brew install sbt</code>).</p>\n\n<p>I have not tried to isolate the line of source code being compiled when the error occurs. I have assumed it would be more productive to look for a configuration issue or dependency conflict somewhere. </p>\n\n<p>Any suggestions for further troubleshooting will be appreciated.</p>\n\n<p>[Added...] It may be helpful to add that, as an experiment, I downloaded the Scala language source code from <a href=\"https://github.com/scala/scala\" rel=\"nofollow noreferrer\">https://github.com/scala/scala</a> and got the following very similar error trying to <code>sbt compile</code> it:</p>\n\n<pre><code>java.lang.StackOverflowError\nat scala.tools.nsc.transform.ExplicitOuter$OuterPathTransformer.outerValue(ExplicitOuter.scala:229)\nat scala.tools.nsc.transform.ExplicitOuter$ExplicitOuterTransformer.transform(ExplicitOuter.scala:441)\nat scala.tools.nsc.transform.ExplicitOuter$ExplicitOuterTransformer.transform(ExplicitOuter.scala:352)\nat scala.reflect.internal.Trees$class.itransform(Trees.scala:1345)\nat scala.reflect.internal.SymbolTable.itransform(SymbolTable.scala:16)\nat scala.reflect.internal.SymbolTable.itransform(SymbolTable.scala:16)\nat scala.reflect.api.Trees$Transformer.transform(Trees.scala:2555)\nat scala.tools.nsc.transform.TypingTransformers$TypingTransformer.transform(TypingTransformers.scala:44)\nat scala.tools.nsc.transform.ExplicitOuter$OuterPathTransformer.scala$reflect$internal$Trees$UnderConstructionTransformer$$super$transform(ExplicitOuter.scala:219)\nat scala.reflect.internal.Trees$UnderConstructionTransformer$class.transform(Trees.scala:1693)\nat scala.tools.nsc.transform.ExplicitOuter$OuterPathTransformer.transform(ExplicitOuter.scala:291)\nat scala.tools.nsc.transform.ExplicitOuter$ExplicitOuterTransformer.transform(ExplicitOuter.scala:459)\nat scala.tools.nsc.transform.ExplicitOuter$ExplicitOuterTransformer.transform(ExplicitOuter.scala:352)\nat scala.reflect.internal.Trees$class.itransform(Trees.scala:1347)\nat scala.reflect.internal.SymbolTable.itransform(SymbolTable.scala:16)\nat scala.reflect.internal.SymbolTable.itransform(SymbolTable.scala:16)\nat scala.reflect.api.Trees$Transformer.transform(Trees.scala:2555)\n</code></pre>\n\n<p>Here is something interesting. From <a href=\"https://stackoverflow.com/questions/28055322/look-at-options-in-sbtopts-within-running-sbt\">this post</a> I found out about launching sbt with a -d flag for debugging info. Got the following output:</p>\n\n<pre><code>Kevins-MacBook-Pro:scala kdoherty$ sbt -d\n[process_args] java_version = '1.8.0_66'\n# Executing command line:\njava\n-Xmx2G\n-Xss4M\n-XX:+UseConcMarkSweepGC\n-XX:+CMSClassUnloadingEnabled\n-Xmx384m\n-Xss512k\n-XX:+UseCompressedOops\n-agentlib:jdwp=transport=dt_socket,server=y,suspend=n,address=5005\n-jar\n/usr/local/Cellar/sbt/0.13.9/libexec/sbt-launch.jar\n</code></pre>\n\n<p>So somewhere my SBT_OPTS settings are being overridden (by defaults, I guess). Now I need to find where those defaults are coming from.</p>\n"
        },
        {
            "tags": [
                "c",
                "linux",
                "linux-kernel",
                "operating-system",
                "system-calls"
            ],
            "owner": {
                "reputation": 6,
                "user_id": 8606776,
                "user_type": "registered",
                "profile_image": "https://www.gravatar.com/avatar/5ae016aacfcc0f10fa9ebdc3553ef70c?s=128&d=identicon&r=PG&f=1",
                "display_name": "king800820",
                "link": "https://stackoverflow.com/users/8606776/king800820"
            },
            "is_answered": false,
            "view_count": 32,
            "answer_count": 1,
            "score": 1,
            "last_activity_date": 1524178729,
            "creation_date": 1524171669,
            "question_id": 49930181,
            "body_markdown": "I am trying to print an atomic_long_t value but I am unable to find the correct format to use it so that it prints actual information. I have tried\r\n\r\n    struct zone *mzone;\r\n    atomic_long_t l; \r\n    for_each_zone(mzone);\r\n    l=mzone -&gt;vm_stat[NR_ACTIVE_ANON];\r\n    printk(KERN EMERG &quot;NR_ACTIVE_ANON: %lu&quot;,l); \r\nand \r\n    \r\n    printk(KERN EMERG &quot;NR_ACTIVE_ANON: %ld&quot;,l); \r\n\r\nbut all I get is 0 no matter what. I have also tried atomic_long_read, but it expects a struct pointer atomic_long_t. ",
            "link": "https://stackoverflow.com/questions/49930181/what-is-the-print-format-for-atomic-long-t-for-printk-in-c",
            "title": "What is the print format for atomic_long_t for printk in C",
            "body": "<p>I am trying to print an atomic_long_t value but I am unable to find the correct format to use it so that it prints actual information. I have tried</p>\n\n<pre><code>struct zone *mzone;\natomic_long_t l; \nfor_each_zone(mzone);\nl=mzone -&gt;vm_stat[NR_ACTIVE_ANON];\nprintk(KERN EMERG \"NR_ACTIVE_ANON: %lu\",l); \n</code></pre>\n\n<p>and </p>\n\n<pre><code>printk(KERN EMERG \"NR_ACTIVE_ANON: %ld\",l); \n</code></pre>\n\n<p>but all I get is 0 no matter what. I have also tried atomic_long_read, but it expects a struct pointer atomic_long_t. </p>\n"
        },
        {
            "tags": [
                "xpath",
                "html-agility-pack"
            ],
            "owner": {
                "reputation": 3,
                "user_id": 9621719,
                "user_type": "registered",
                "profile_image": "https://www.gravatar.com/avatar/0ae7cc87705ace044e5bbd83af003ff1?s=128&d=identicon&r=PG&f=1",
                "display_name": "JoeDoeDoe",
                "link": "https://stackoverflow.com/users/9621719/joedoedoe"
            },
            "is_answered": false,
            "view_count": 27,
            "answer_count": 0,
            "score": 0,
            "last_activity_date": 1524178715,
            "creation_date": 1524178715,
            "question_id": 49931459,
            "body_markdown": "HTML:\r\n\r\n    &lt;div style=&quot;margin-left: 24pt; text-indent: -24pt&quot; aaBT=&quot;xx&quot; xx=&quot;a)&quot;&gt;\r\n          &lt;p class=&quot;norm&quot;&gt;a)&lt;span style=&quot;word-spacing: 15pt&quot;&gt;&#160;&lt;/span&gt;xxx&lt;/p&gt;\r\n          &lt;p class=&quot;list&quot;&gt;asdf&lt;/p&gt;\r\n       &lt;div aaBT=&quot;xx&quot;&gt;blub&lt;p class=&quot;list&quot;&gt;blabla&lt;/p&gt;&lt;/div&gt;&lt;/div&gt;\r\n\r\n\r\n\r\nTesting in console\r\n\r\n    ?T.ChildNodes.ToArray\r\n    {Length=6}\r\n        (0): Name: &quot;#text&quot;\r\n        (1): Name: &quot;p&quot;\r\n        (2): Name: &quot;#text&quot;\r\n        (3): Name: &quot;p&quot;\r\n        (4): Name: &quot;#text&quot;\r\n        (5): Name: &quot;div&quot;\r\n    ?T.SelectSingleNode(&quot;div&quot;)\r\n    Nothing\r\n\r\nHow could it be, that &quot;div&quot; is not found, while &quot;div&quot; is a child node?\r\n",
            "link": "https://stackoverflow.com/questions/49931459/htmlagility-xpath-div-not-working",
            "title": "HtmlAgility Xpath &quot;div&quot; not working",
            "body": "<p>HTML:</p>\n\n<pre><code>&lt;div style=\"margin-left: 24pt; text-indent: -24pt\" aaBT=\"xx\" xx=\"a)\"&gt;\n      &lt;p class=\"norm\"&gt;a)&lt;span style=\"word-spacing: 15pt\"&gt;&lt;/span&gt;xxx&lt;/p&gt;\n      &lt;p class=\"list\"&gt;asdf&lt;/p&gt;\n   &lt;div aaBT=\"xx\"&gt;blub&lt;p class=\"list\"&gt;blabla&lt;/p&gt;&lt;/div&gt;&lt;/div&gt;\n</code></pre>\n\n<p>Testing in console</p>\n\n<pre><code>?T.ChildNodes.ToArray\n{Length=6}\n    (0): Name: \"#text\"\n    (1): Name: \"p\"\n    (2): Name: \"#text\"\n    (3): Name: \"p\"\n    (4): Name: \"#text\"\n    (5): Name: \"div\"\n?T.SelectSingleNode(\"div\")\nNothing\n</code></pre>\n\n<p>How could it be, that \"div\" is not found, while \"div\" is a child node?</p>\n"
        },
        {
            "tags": [
                "c",
                "struct"
            ],
            "owner": {
                "reputation": 9,
                "user_id": 9650656,
                "user_type": "registered",
                "profile_image": "https://www.gravatar.com/avatar/e9f9276e297f9e082ccaf4925807ade1?s=128&d=identicon&r=PG&f=1",
                "display_name": "J.Smith",
                "link": "https://stackoverflow.com/users/9650656/j-smith"
            },
            "is_answered": false,
            "view_count": 22,
            "closed_date": 1524178911,
            "answer_count": 0,
            "score": 0,
            "last_activity_date": 1524178714,
            "creation_date": 1524178251,
            "last_edit_date": 1524178714,
            "question_id": 49931371,
            "body_markdown": "I&#39;m having trouble with struct variables, trying to write, pass and display. How do you return struct variables and pass them between functions ?\r\nThanks\r\n\r\n    #include &lt;stdio.h&gt;\r\n    struct student \r\n    {\r\n        int math;\r\n        int science;\r\n\t    int english;\r\n    };\r\n \r\n    int func(struct student record);\r\n    int printresult(struct student record); \r\n\r\n    int main(void) \r\n    {\r\n        struct student record;\r\n        func(record);\r\n        printresult(record);\r\n        return 0;\r\n    }\r\n    int func(struct student record)\r\n    {\r\n        printf(&quot;Enter marks for math, english and science:&quot;);\r\n        scanf(&quot;%d %d %d&quot;, &amp;record.math, &amp;record.science, &amp;record.english);\r\n        return record;\r\n    }\r\n    int printresult(struct student record) \r\n    {\r\n        printf(&quot; Math mark is: %d \\n&quot;, record.math);\r\n        printf(&quot; Science mark is: %d \\n&quot;, record.science);\r\n        printf(&quot; English mark is: %d \\n&quot;, record.english);\r\n        return 0 ;\r\n    }",
            "link": "https://stackoverflow.com/questions/49931371/how-to-return-struct-variables-and-pass-between-functions",
            "closed_reason": "duplicate",
            "title": "How to return struct variables and pass between functions?",
            "body": "<p>I'm having trouble with struct variables, trying to write, pass and display. How do you return struct variables and pass them between functions ?\nThanks</p>\n\n<pre><code>#include &lt;stdio.h&gt;\nstruct student \n{\n    int math;\n    int science;\n    int english;\n};\n\nint func(struct student record);\nint printresult(struct student record); \n\nint main(void) \n{\n    struct student record;\n    func(record);\n    printresult(record);\n    return 0;\n}\nint func(struct student record)\n{\n    printf(\"Enter marks for math, english and science:\");\n    scanf(\"%d %d %d\", &amp;record.math, &amp;record.science, &amp;record.english);\n    return record;\n}\nint printresult(struct student record) \n{\n    printf(\" Math mark is: %d \\n\", record.math);\n    printf(\" Science mark is: %d \\n\", record.science);\n    printf(\" English mark is: %d \\n\", record.english);\n    return 0 ;\n}\n</code></pre>\n"
        },
        {
            "tags": [
                "ios",
                "swift",
                "uicollectionview"
            ],
            "owner": {
                "reputation": 602,
                "user_id": 7835545,
                "user_type": "registered",
                "accept_rate": 72,
                "profile_image": "https://i.stack.imgur.com/iitK9.jpg?s=128&g=1",
                "display_name": "Nevin Jethmalani",
                "link": "https://stackoverflow.com/users/7835545/nevin-jethmalani"
            },
            "is_answered": false,
            "view_count": 264,
            "answer_count": 1,
            "score": 2,
            "last_activity_date": 1524178710,
            "creation_date": 1496958221,
            "last_edit_date": 1524178082,
            "question_id": 44446059,
            "body_markdown": "I am trying to create a stretchy header using a collectionview section header. There are a bunch of different ways to do this but I am just looking for the simplest and most straight forward method with clear insturctions on what to do. Has anybody seen a simple guide on doing this in Swift 3 or can you explain how this would be done here? \r\n\r\nI don&#39;t think it should be that difficult. I would like to use the `UICollectionViewDelegateFlowLayout` and the `ScrollviewDelegate` becuase I think that would be the easiest way for it to be done. \r\n\r\nCan I use the `scrollViewDidScroll` method to control height of the header as a user is scrolling. How would I change the height of the header manually? I know on the storyboard I can change it in the `UICollectionView` header size settings but how would I adjust it in code?",
            "link": "https://stackoverflow.com/questions/44446059/stretchy-header-for-uicollectionview",
            "title": "Stretchy Header for UICollectionView",
            "body": "<p>I am trying to create a stretchy header using a collectionview section header. There are a bunch of different ways to do this but I am just looking for the simplest and most straight forward method with clear insturctions on what to do. Has anybody seen a simple guide on doing this in Swift 3 or can you explain how this would be done here? </p>\n\n<p>I don't think it should be that difficult. I would like to use the <code>UICollectionViewDelegateFlowLayout</code> and the <code>ScrollviewDelegate</code> becuase I think that would be the easiest way for it to be done. </p>\n\n<p>Can I use the <code>scrollViewDidScroll</code> method to control height of the header as a user is scrolling. How would I change the height of the header manually? I know on the storyboard I can change it in the <code>UICollectionView</code> header size settings but how would I adjust it in code?</p>\n"
        },
        {
            "tags": [
                "xcode"
            ],
            "owner": {
                "reputation": 334,
                "user_id": 449643,
                "user_type": "registered",
                "profile_image": "https://www.gravatar.com/avatar/4ca884026d2d4e98c3097c5aefb1642d?s=128&d=identicon&r=PG",
                "display_name": "sergey",
                "link": "https://stackoverflow.com/users/449643/sergey"
            },
            "is_answered": false,
            "view_count": 242,
            "answer_count": 2,
            "score": 2,
            "last_activity_date": 1524178710,
            "creation_date": 1316670666,
            "question_id": 7510106,
            "body_markdown": "I have target of type &quot;External Build System&quot; in my XCode project (for packing Google Crome Plugin). How can I make XCode to show reference to built plugin in Products folder of project (like bundles, app, and others)?",
            "link": "https://stackoverflow.com/questions/7510106/xcode-4-1-how-to-add-result-of-external-build-system-in-products-folder-of-proje",
            "title": "XCode 4.1 How to add result of External Build System in Products folder of projects tree",
            "body": "<p>I have target of type \"External Build System\" in my XCode project (for packing Google Crome Plugin). How can I make XCode to show reference to built plugin in Products folder of project (like bundles, app, and others)?</p>\n"
        },
        {
            "tags": [
                "apache",
                "ant",
                "path",
                "directory",
                "copy"
            ],
            "owner": {
                "reputation": 1347,
                "user_id": 367544,
                "user_type": "registered",
                "accept_rate": 77,
                "profile_image": "https://www.gravatar.com/avatar/0b524df25b1229764e7af64f55ffddb7?s=128&d=identicon&r=PG",
                "display_name": "Dasmowenator",
                "link": "https://stackoverflow.com/users/367544/dasmowenator"
            },
            "is_answered": false,
            "view_count": 10,
            "answer_count": 0,
            "score": 0,
            "last_activity_date": 1524178704,
            "creation_date": 1524178704,
            "question_id": 49931454,
            "body_markdown": "The Ant copy task works fine with a colon-delimited set of files:\r\n\r\n    &lt;copy todir=&quot;private/lib&quot; flatten=&quot;true&quot;&gt;\r\n      &lt;path path=&quot;lib/Test1.jar:bin/Test2.jar&quot; /&gt;\r\n    &lt;/copy&gt;\r\n\r\nBut it doesn&#39;t seem to work with directories:\r\n\r\n    &lt;copy todir=&quot;private/lib&quot; flatten=&quot;true&quot;&gt;\r\n      &lt;path path=&quot;lib:bin&quot; /&gt;\r\n    &lt;/copy&gt;\r\n\r\nIt just keeps reporting that it&#39;s copying a bunch of &quot;empty&quot; directories, even though those directories are not empty.\r\n\r\nSo if I have a colon-delimited list of directories with a bunch of files under each of them, how can I get it to copy all of them to the target directory?\r\n",
            "link": "https://stackoverflow.com/questions/49931454/apache-ant-how-to-copy-a-colon-delimited-path-of-directories",
            "title": "Apache Ant: How to copy a colon-delimited path of directories?",
            "body": "<p>The Ant copy task works fine with a colon-delimited set of files:</p>\n\n<pre><code>&lt;copy todir=\"private/lib\" flatten=\"true\"&gt;\n  &lt;path path=\"lib/Test1.jar:bin/Test2.jar\" /&gt;\n&lt;/copy&gt;\n</code></pre>\n\n<p>But it doesn't seem to work with directories:</p>\n\n<pre><code>&lt;copy todir=\"private/lib\" flatten=\"true\"&gt;\n  &lt;path path=\"lib:bin\" /&gt;\n&lt;/copy&gt;\n</code></pre>\n\n<p>It just keeps reporting that it's copying a bunch of \"empty\" directories, even though those directories are not empty.</p>\n\n<p>So if I have a colon-delimited list of directories with a bunch of files under each of them, how can I get it to copy all of them to the target directory?</p>\n"
        },
        {
            "tags": [
                "mysql",
                "utf-8"
            ],
            "owner": {
                "reputation": 2324,
                "user_id": 92462,
                "user_type": "registered",
                "accept_rate": 95,
                "profile_image": "https://www.gravatar.com/avatar/a1494c6f53c6774959936726353b566f?s=128&d=identicon&r=PG",
                "display_name": "The Disintegrator",
                "link": "https://stackoverflow.com/users/92462/the-disintegrator"
            },
            "is_answered": true,
            "view_count": 48332,
            "accepted_answer_id": 1477056,
            "answer_count": 14,
            "score": 28,
            "last_activity_date": 1524178700,
            "creation_date": 1253871158,
            "question_id": 1476356,
            "body_markdown": "I&#39;ve got a database with a bunch of broken utf8 characters scattered across several tables.\r\nThe list of characters isn&#39;t very extensive AFAIK (&#225;&#233;&#237;&#250;&#243;&#193;&#201;&#205;&#211;&#218;&#209;&#241;)\r\n\r\nFixing a given table is very straightforward\r\n\r\n    update orderItem set itemName=replace(itemName,&#39;&#195;&#161;&#39;,&#39;&#225;&#39;);\r\n\r\nBut I can&#39;t get a way of detecting the broken characters. If I do something like\r\n\r\n    SELECT * FROM TABLE WHERE field LIKE &quot;%&#195;%&quot;;\r\n\r\nI get nearly all the fields because of the collation (&#195;=a). All broken characters so far start with an &quot;&#195;&quot;. The database is in spanish so this particular character isn&#39;t used\r\n\r\nThe list of broken chars I&#39;ve got so far is\r\n\r\n    &#195;&#161; = &#225;\r\n    &#195;&#169; = &#233;\r\n    &#195;&#173;- = &#237;\r\n    &#195;&#179; = &#243;\r\n    &#195;&#177; = &#241;\r\n    &#195;&#161; = &#193;\r\n\r\nAny idea of how to make this SELECT to work as intended? (a binary search or something like that)",
            "link": "https://stackoverflow.com/questions/1476356/detecting-utf8-broken-characters-in-mysql",
            "title": "Detecting utf8 broken characters in MySQL",
            "body": "<p>I've got a database with a bunch of broken utf8 characters scattered across several tables.\nThe list of characters isn't very extensive AFAIK ()</p>\n\n<p>Fixing a given table is very straightforward</p>\n\n<pre><code>update orderItem set itemName=replace(itemName,'','');\n</code></pre>\n\n<p>But I can't get a way of detecting the broken characters. If I do something like</p>\n\n<pre><code>SELECT * FROM TABLE WHERE field LIKE \"%%\";\n</code></pre>\n\n<p>I get nearly all the fields because of the collation (=a). All broken characters so far start with an \"\". The database is in spanish so this particular character isn't used</p>\n\n<p>The list of broken chars I've got so far is</p>\n\n<pre><code> = \n = \n- = \n = \n = \n = \n</code></pre>\n\n<p>Any idea of how to make this SELECT to work as intended? (a binary search or something like that)</p>\n"
        },
        {
            "tags": [
                "node.js",
                "express",
                "mocha",
                "chai"
            ],
            "owner": {
                "reputation": 82,
                "user_id": 6185236,
                "user_type": "registered",
                "accept_rate": 65,
                "profile_image": "https://www.gravatar.com/avatar/bb1ced5bc9bfd6fcb2f96e7a80ef08ca?s=128&d=identicon&r=PG&f=1",
                "display_name": "Juli&#225;n Bonilla",
                "link": "https://stackoverflow.com/users/6185236/juli%c3%a1n-bonilla"
            },
            "is_answered": true,
            "view_count": 17,
            "answer_count": 1,
            "score": 0,
            "last_activity_date": 1524178662,
            "creation_date": 1524144691,
            "question_id": 49922406,
            "body_markdown": "I&#39;m trying to setup tests for a REST API made with Express and MongoDB. I want to use `mocha`, `chai` and `chai-http` but I&#39;m getting a strange behavior, it seems that the `beforeEach` function it&#39;s exceeding the timeout like it&#39;s never being resolved. How could i fix this?\r\n\r\n    //During the test the env variable is set to test\r\n    process.env.NODE_ENV = &#39;test&#39;;\r\n    \r\n    let mongoose = require(&quot;mongoose&quot;);\r\n    let User = require(&#39;../models/User&#39;);\r\n    \r\n    //Require the dev-dependencies\r\n    let chai = require(&#39;chai&#39;);\r\n    let chaiHttp = require(&#39;chai-http&#39;);\r\n    let app = require(&#39;../app&#39;);\r\n    let should = chai.should();\r\n    \r\n    chai.use(chaiHttp);\r\n    //Our parent block\r\n    describe(&#39;Users&#39;, function () {\r\n      beforeEach(function (done) { //Before each test we empty the database\r\n        User.remove({}, function (err) { \r\n          done();         \r\n        });     \r\n      });\r\n      /*\r\n       * Test the /GET route\r\n       */\r\n      describe(&#39;/GET users&#39;, function () {\r\n        it(&#39;it should GET all the users&#39;, function (done) {\r\n          chai.request(app)\r\n            .get(&#39;/users&#39;)\r\n            .end(function (err, res) {\r\n                res.should.have.status(200);\r\n                res.body.should.be.a(&#39;array&#39;);\r\n                res.body.length.should.be.eql(0);\r\n              done();\r\n            });\r\n        });\r\n      });\r\n    \r\n    });",
            "link": "https://stackoverflow.com/questions/49922406/mocha-beforeeach-exceeds-timeout",
            "title": "Mocha beforeEach exceeds timeout",
            "body": "<p>I'm trying to setup tests for a REST API made with Express and MongoDB. I want to use <code>mocha</code>, <code>chai</code> and <code>chai-http</code> but I'm getting a strange behavior, it seems that the <code>beforeEach</code> function it's exceeding the timeout like it's never being resolved. How could i fix this?</p>\n\n<pre><code>//During the test the env variable is set to test\nprocess.env.NODE_ENV = 'test';\n\nlet mongoose = require(\"mongoose\");\nlet User = require('../models/User');\n\n//Require the dev-dependencies\nlet chai = require('chai');\nlet chaiHttp = require('chai-http');\nlet app = require('../app');\nlet should = chai.should();\n\nchai.use(chaiHttp);\n//Our parent block\ndescribe('Users', function () {\n  beforeEach(function (done) { //Before each test we empty the database\n    User.remove({}, function (err) { \n      done();         \n    });     \n  });\n  /*\n   * Test the /GET route\n   */\n  describe('/GET users', function () {\n    it('it should GET all the users', function (done) {\n      chai.request(app)\n        .get('/users')\n        .end(function (err, res) {\n            res.should.have.status(200);\n            res.body.should.be.a('array');\n            res.body.length.should.be.eql(0);\n          done();\n        });\n    });\n  });\n\n});\n</code></pre>\n"
        },
        {
            "tags": [
                "c#",
                "gzip",
                "binaryreader"
            ],
            "owner": {
                "reputation": 10,
                "user_id": 8762103,
                "user_type": "registered",
                "profile_image": "https://www.gravatar.com/avatar/d7a46e28ed3df3f5fc8e2a317ca126eb?s=128&d=identicon&r=PG&f=1",
                "display_name": "Russell Butler",
                "link": "https://stackoverflow.com/users/8762103/russell-butler"
            },
            "is_answered": true,
            "view_count": 27,
            "answer_count": 1,
            "score": 0,
            "last_activity_date": 1524178640,
            "creation_date": 1524177895,
            "question_id": 49931304,
            "body_markdown": "i&#39;m trying to read .gz files using binary reader by first unzipping with gzipstream, and then creating a new binary reader with the gzipstream. however, when i try to use the BaseStream.Position and BaseStream.Length of BinaryReader (to know when i&#39;m at the end of my file), i get a NotSupportedException, checking the doc for these fields in GZipStream Class shows:\r\n\r\nLength\t\r\nThis property is not supported and always throws a NotSupportedException.(Overrides Stream.Length.)\r\n\r\nPosition\t\r\nThis property is not supported and always throws a NotSupportedException.(Overrides Stream.Position.)\r\n\r\nso my question is how can i know when i&#39;m at the end of my file when reading a decompressed GZipStream using BinaryReader? thanks\r\n\r\nhere is my code:\r\n\r\n    Stream stream = new MemoryStream(textAsset.bytes);\r\n    GZipStream zippedStream = new GZipStream(stream, CompressionMode.Decompress);\r\n    using (BinaryReader reader = new BinaryReader(zippedStream))\r\n        while(reader.BaseStream.Position != reader.BaseStream.Length)\r\n        {\r\n            //do stuff with BinaryReader\r\n        }\r\n\r\nthe above throws:\r\nNotSupportedException: Operation is not supported. System.IO.Compression.DeflateStream.get_Position() \r\n\r\ndue to the BaseStream.Position call in the while()",
            "link": "https://stackoverflow.com/questions/49931304/how-to-get-position-and-length-of-unzipped-gzipstream-in-c",
            "title": "how to get position and length of unzipped gzipstream in c#?",
            "body": "<p>i'm trying to read .gz files using binary reader by first unzipping with gzipstream, and then creating a new binary reader with the gzipstream. however, when i try to use the BaseStream.Position and BaseStream.Length of BinaryReader (to know when i'm at the end of my file), i get a NotSupportedException, checking the doc for these fields in GZipStream Class shows:</p>\n\n<p>Length<br>\nThis property is not supported and always throws a NotSupportedException.(Overrides Stream.Length.)</p>\n\n<p>Position<br>\nThis property is not supported and always throws a NotSupportedException.(Overrides Stream.Position.)</p>\n\n<p>so my question is how can i know when i'm at the end of my file when reading a decompressed GZipStream using BinaryReader? thanks</p>\n\n<p>here is my code:</p>\n\n<pre><code>Stream stream = new MemoryStream(textAsset.bytes);\nGZipStream zippedStream = new GZipStream(stream, CompressionMode.Decompress);\nusing (BinaryReader reader = new BinaryReader(zippedStream))\n    while(reader.BaseStream.Position != reader.BaseStream.Length)\n    {\n        //do stuff with BinaryReader\n    }\n</code></pre>\n\n<p>the above throws:\nNotSupportedException: Operation is not supported. System.IO.Compression.DeflateStream.get_Position() </p>\n\n<p>due to the BaseStream.Position call in the while()</p>\n"
        },
        {
            "tags": [
                "javascript",
                "html",
                "firefox",
                "tooltip",
                "microsoft-edge"
            ],
            "owner": {
                "reputation": 73,
                "user_id": 9358141,
                "user_type": "registered",
                "profile_image": "https://lh6.googleusercontent.com/-mosxT2RLPR0/AAAAAAAAAAI/AAAAAAAAACw/xbsuDqsXllI/photo.jpg?sz=128",
                "display_name": "Shiva Sai",
                "link": "https://stackoverflow.com/users/9358141/shiva-sai"
            },
            "is_answered": false,
            "view_count": 20,
            "answer_count": 0,
            "score": 0,
            "last_activity_date": 1524178626,
            "creation_date": 1524141746,
            "last_edit_date": 1524178626,
            "question_id": 49921431,
            "body_markdown": "According to the answer provided [here][1], this is a Firefox bug that has been resolved resolved:\r\n\r\n1. https://bugzilla.mozilla.org/show_bug.cgi?id=45375\r\n1. https://bugzilla.mozilla.org/show_bug.cgi?id=218223\r\n\r\n&lt;!-- begin snippet: js hide: false console: true babel: false --&gt;\r\n\r\n&lt;!-- language: lang-html --&gt;\r\n\r\n    &lt;div title=&quot;jgjgnfmfnfjdbfkfhrbmfludgdbmfldjrnmgfkvjmrmffgkhfbrkfjgbfjhbfhfghfmjfjnrjrjntmvlgjtmg,lgk,gkejgjgnfmfnfjdbfkfhrbmfludgdbmfldjrnmgfkvjmrmffgkhfbrkfjgbfjhbfhfghfmjfjnrjrjntmvlgjtmg,lgk,gkjgjgnfmfnfjdbfkfhrbmfludgdbmfldjrnmgfkvjmrmffgkhfbrkfjgbfjhbfhfghfmjfjnrjrjntmvlgjtmg,lgk,gkjgjgnfmfnfjdbfkfhrbmfludgdbmfldjrnmgfkvjmrmffgkhfbrkfjgbfjhbfhfghfmjfjnrjrjntmvlgjtmg,lgk,gkjgjgnfmfnfjdbfkfhrbmfludgdbmfldjrnmgfkvjmrmffgkhfbrkfjgbfjhbfhfghfmjfjnrjrjntmvlgjtmg,lgk,gkjgjgnfmfnfjdbfkfhrbmfludgdbmfldjrnmgfkvjmrmffgkhfbrkfjgbfjhbfhfghfmjfjnrjrjntmvlgjtmg,lgk,gkjgjgnfmfnfjdbfkfhrbmfludgdbmfldjrnmgfkvjmrmffgkhfbrkfjgbfjhbfhfghfmjfjnrjrjntmvlgjtmg,lgk,gkjgjgnfmfnfjdbfkfhrbmfludgdbmfldjrnmgfkvjmrmffgkhfbrkfjgbfjhbfhfghfmjfjnrjrjntmvlgjtmg,lgk,gkjgjgnfmfnfjdbfkfhrbmfludgdbmfldjrnmgfkvjmrmffgkhfbrkfjgbfjhbfhfghfmjfjnrjrjntmvlgjtmg,lgk,gkjgjgnfmfnfjdbfkfhrbmfludgdbmfldjrnmgfkvjmrmffgkhfbrkfjgbfjhbfhfghfmjfjnrjrjntmvlgjtmg,lgk,gkjgjgnfmfnfjdbfkfhrbmfludgdbmfldjrnmgfkvjmrmffgkhfbrkfjgbfjhbfhfghfmjfjnrjrjntmvlgjtmg,lgk,gk&quot; class=&quot;hello&quot;&gt;\r\n    This is a test of a tooltip that could potentially go off of the edge of the screen. What it should do is wrap at the edge of the screen to the next line. It is debateable whether or not a line break in the code should put a new line into the tooltip, since that could be used to make a list. The HTML 4.01 spec says newlines should be treated as whitespace in all attributes that take CDATA, but TITLE takes text, not necessarily CDATA. This has all been in one line up to this point. Now for a newline:\r\n    This is a new line. Now for a double newline\r\n    &lt;/div&gt;\r\n\r\n&lt;!-- end snippet --&gt;\r\n\r\n(Open in Firefox)\r\n\r\nHow do I solve this?\r\n\r\n\r\n  [1]: https://stackoverflow.com/questions/28062248/firefox-35-0-cutting-off-the-title-tooltip-if-text-is-long\r\n  [2]: http://jsfiddle.net/7m58grkg/36/",
            "link": "https://stackoverflow.com/questions/49921431/firefox-tooltip-inconsistency-when-large-text-is-given",
            "title": "Firefox Tooltip inconsistency (when large text is given)",
            "body": "<p>According to the answer provided <a href=\"https://stackoverflow.com/questions/28062248/firefox-35-0-cutting-off-the-title-tooltip-if-text-is-long\">here</a>, this is a Firefox bug that has been resolved resolved:</p>\n\n<ol>\n<li><a href=\"https://bugzilla.mozilla.org/show_bug.cgi?id=45375\" rel=\"nofollow noreferrer\">https://bugzilla.mozilla.org/show_bug.cgi?id=45375</a></li>\n<li><a href=\"https://bugzilla.mozilla.org/show_bug.cgi?id=218223\" rel=\"nofollow noreferrer\">https://bugzilla.mozilla.org/show_bug.cgi?id=218223</a></li>\n</ol>\n\n<p><div class=\"snippet\" data-lang=\"js\" data-hide=\"false\" data-console=\"true\" data-babel=\"false\">\r\n<div class=\"snippet-code\">\r\n<pre class=\"snippet-code-html lang-html prettyprint-override\"><code>&lt;div title=\"jgjgnfmfnfjdbfkfhrbmfludgdbmfldjrnmgfkvjmrmffgkhfbrkfjgbfjhbfhfghfmjfjnrjrjntmvlgjtmg,lgk,gkejgjgnfmfnfjdbfkfhrbmfludgdbmfldjrnmgfkvjmrmffgkhfbrkfjgbfjhbfhfghfmjfjnrjrjntmvlgjtmg,lgk,gkjgjgnfmfnfjdbfkfhrbmfludgdbmfldjrnmgfkvjmrmffgkhfbrkfjgbfjhbfhfghfmjfjnrjrjntmvlgjtmg,lgk,gkjgjgnfmfnfjdbfkfhrbmfludgdbmfldjrnmgfkvjmrmffgkhfbrkfjgbfjhbfhfghfmjfjnrjrjntmvlgjtmg,lgk,gkjgjgnfmfnfjdbfkfhrbmfludgdbmfldjrnmgfkvjmrmffgkhfbrkfjgbfjhbfhfghfmjfjnrjrjntmvlgjtmg,lgk,gkjgjgnfmfnfjdbfkfhrbmfludgdbmfldjrnmgfkvjmrmffgkhfbrkfjgbfjhbfhfghfmjfjnrjrjntmvlgjtmg,lgk,gkjgjgnfmfnfjdbfkfhrbmfludgdbmfldjrnmgfkvjmrmffgkhfbrkfjgbfjhbfhfghfmjfjnrjrjntmvlgjtmg,lgk,gkjgjgnfmfnfjdbfkfhrbmfludgdbmfldjrnmgfkvjmrmffgkhfbrkfjgbfjhbfhfghfmjfjnrjrjntmvlgjtmg,lgk,gkjgjgnfmfnfjdbfkfhrbmfludgdbmfldjrnmgfkvjmrmffgkhfbrkfjgbfjhbfhfghfmjfjnrjrjntmvlgjtmg,lgk,gkjgjgnfmfnfjdbfkfhrbmfludgdbmfldjrnmgfkvjmrmffgkhfbrkfjgbfjhbfhfghfmjfjnrjrjntmvlgjtmg,lgk,gkjgjgnfmfnfjdbfkfhrbmfludgdbmfldjrnmgfkvjmrmffgkhfbrkfjgbfjhbfhfghfmjfjnrjrjntmvlgjtmg,lgk,gk\" class=\"hello\"&gt;\r\nThis is a test of a tooltip that could potentially go off of the edge of the screen. What it should do is wrap at the edge of the screen to the next line. It is debateable whether or not a line break in the code should put a new line into the tooltip, since that could be used to make a list. The HTML 4.01 spec says newlines should be treated as whitespace in all attributes that take CDATA, but TITLE takes text, not necessarily CDATA. This has all been in one line up to this point. Now for a newline:\r\nThis is a new line. Now for a double newline\r\n&lt;/div&gt;</code></pre>\r\n</div>\r\n</div>\r\n</p>\n\n<p>(Open in Firefox)</p>\n\n<p>How do I solve this?</p>\n"
        },
        {
            "tags": [
                "google-analytics"
            ],
            "owner": {
                "reputation": 148,
                "user_id": 5869860,
                "user_type": "registered",
                "profile_image": "https://i.stack.imgur.com/6PO2q.jpg?s=128&g=1",
                "display_name": "Brian Norman",
                "link": "https://stackoverflow.com/users/5869860/brian-norman"
            },
            "is_answered": false,
            "view_count": 8,
            "answer_count": 1,
            "score": 0,
            "last_activity_date": 1524178620,
            "creation_date": 1524086958,
            "question_id": 49909305,
            "body_markdown": "Hopefully someone is able to shed some insight here as I&#39;m running out of ideas.  When I look at a single day&#39;s transaction count in the Ecommerce Overview section vs. the Sales Performance section, I am seeing different numbers.\r\n\r\nInitially, I wanted to chalk it up to sampled data but both reports claim to be based on 100% of sessions.  The thing I find odd is that the shield next to the report name is green (unsampled) for the Ecommerce Overview and it is yellow (sampled) for the Sales Performance.\r\n\r\nPerhaps it is a bug in GA where the shield is yellow but claims to be based on 100% of sessions?  I&#39;ve attached screenshots of the two reports below.\r\n\r\n[![enter image description here][1]][1]\r\n[![enter image description here][2]][2]\r\n\r\nThanks in advance for any insight offered. \r\n\r\n  [1]: https://i.stack.imgur.com/aPdtL.png\r\n  [2]: https://i.stack.imgur.com/aLnc3.png",
            "link": "https://stackoverflow.com/questions/49909305/transaction-count-discrepancy-between-ecommerce-overview-and-sales-performance",
            "title": "Transaction Count Discrepancy Between Ecommerce Overview and Sales Performance",
            "body": "<p>Hopefully someone is able to shed some insight here as I'm running out of ideas.  When I look at a single day's transaction count in the Ecommerce Overview section vs. the Sales Performance section, I am seeing different numbers.</p>\n\n<p>Initially, I wanted to chalk it up to sampled data but both reports claim to be based on 100% of sessions.  The thing I find odd is that the shield next to the report name is green (unsampled) for the Ecommerce Overview and it is yellow (sampled) for the Sales Performance.</p>\n\n<p>Perhaps it is a bug in GA where the shield is yellow but claims to be based on 100% of sessions?  I've attached screenshots of the two reports below.</p>\n\n<p><a href=\"https://i.stack.imgur.com/aPdtL.png\" rel=\"nofollow noreferrer\"><img src=\"https://i.stack.imgur.com/aPdtL.png\" alt=\"enter image description here\"></a>\n<a href=\"https://i.stack.imgur.com/aLnc3.png\" rel=\"nofollow noreferrer\"><img src=\"https://i.stack.imgur.com/aLnc3.png\" alt=\"enter image description here\"></a></p>\n\n<p>Thanks in advance for any insight offered. </p>\n"
        },
        {
            "tags": [
                "r",
                "apache-spark",
                "statistics",
                "dplyr",
                "sparklyr"
            ],
            "owner": {
                "reputation": 1,
                "user_id": 9671824,
                "user_type": "registered",
                "profile_image": "https://www.gravatar.com/avatar/67e8d2f57de6802f49473cc3241e7d1b?s=128&d=identicon&r=PG&f=1",
                "display_name": "StatsBoy",
                "link": "https://stackoverflow.com/users/9671824/statsboy"
            },
            "is_answered": true,
            "view_count": 37,
            "answer_count": 2,
            "score": 0,
            "last_activity_date": 1524178611,
            "creation_date": 1524170831,
            "question_id": 49930004,
            "body_markdown": "---\r\nI&#39;m trying to count the number of unique elements in each column in the spark dataset s.\r\n\r\nHowever It seems that spark doesn&#39;t recognize tally()\r\n```\r\nk&lt;-collect(s%&gt;%group_by(grouping_type)%&gt;%summarise_each(funs(tally(distinct(.)))))\r\nError: org.apache.spark.sql.AnalysisException: undefined function TALLY\r\n```\r\n\r\nIt seems that spark doesn&#39;t recognize simple r functions either, like &quot;unique&quot; or &quot;length&quot;. I can run the code on local data, but when I try to run the exact same code on spark table it doesn&#39;t work.\r\n\r\n```\r\n\r\n    d&lt;-data.frame(cbind(seq(1,10,1),rep(1,10)))\r\n    d$group&lt;-rep(c(&quot;a&quot;,&quot;b&quot;),each=5)\r\n    d%&gt;%group_by(group)%&gt;%summarise_each(funs(length(unique(.))))\r\n    A tibble: 2 &#215; 3\r\n      group    X1    X2\r\n      &lt;chr&gt; &lt;int&gt; &lt;int&gt;\r\n    1     a     5     1\r\n    2     b     5     1\r\n    k&lt;-collect(s%&gt;%group_by(grouping_type)%&gt;%summarise_each(funs(length(unique(.)))))\r\n    Error: org.apache.spark.sql.AnalysisException: undefined function UNIQUE;\r\n\r\n```",
            "link": "https://stackoverflow.com/questions/49930004/count-number-of-unique-elements-in-each-columns-with-dplyr-in-sparklyr",
            "title": "count number of unique elements in each columns with dplyr in sparklyr",
            "body": "<hr>\n\n<p>I'm trying to count the number of unique elements in each column in the spark dataset s.</p>\n\n<p>However It seems that spark doesn't recognize tally()\n<code>\nk&lt;-collect(s%&gt;%group_by(grouping_type)%&gt;%summarise_each(funs(tally(distinct(.)))))\nError: org.apache.spark.sql.AnalysisException: undefined function TALLY\n</code></p>\n\n<p>It seems that spark doesn't recognize simple r functions either, like \"unique\" or \"length\". I can run the code on local data, but when I try to run the exact same code on spark table it doesn't work.</p>\n\n<p>```</p>\n\n<pre><code>d&lt;-data.frame(cbind(seq(1,10,1),rep(1,10)))\nd$group&lt;-rep(c(\"a\",\"b\"),each=5)\nd%&gt;%group_by(group)%&gt;%summarise_each(funs(length(unique(.))))\nA tibble: 2  3\n  group    X1    X2\n  &lt;chr&gt; &lt;int&gt; &lt;int&gt;\n1     a     5     1\n2     b     5     1\nk&lt;-collect(s%&gt;%group_by(grouping_type)%&gt;%summarise_each(funs(length(unique(.)))))\nError: org.apache.spark.sql.AnalysisException: undefined function UNIQUE;\n</code></pre>\n\n<p>```</p>\n"
        },
        {
            "tags": [
                "spring-security",
                "xss",
                "csrf",
                "jhipster",
                "csrf-protection"
            ],
            "owner": {
                "reputation": 1,
                "user_id": 9241912,
                "user_type": "registered",
                "profile_image": "https://www.gravatar.com/avatar/b615fcdc9231a293b449fcb7b6c4e2f9?s=128&d=identicon&r=PG",
                "display_name": "user9241912",
                "link": "https://stackoverflow.com/users/9241912/user9241912"
            },
            "is_answered": false,
            "view_count": 14,
            "answer_count": 0,
            "score": 0,
            "last_activity_date": 1524178604,
            "creation_date": 1524178604,
            "question_id": 49931438,
            "body_markdown": "jHipsters - Can anyone describe more details (more than website/mini-book) of JWT stateless authentication in case of microservices option? Here is the list of vulnerabilities I am looking into and how those are handled.\r\n\r\n 1. CSRF (Is xsrf-token inserted in each jwt?) \r\n 2. XSS (This is tougher. For this, JWT should be in http only cookie as okta suggests, but at the same time roles/privileges should be readable by angular js)\r\n 3. Any CORS limitation ?\r\n\r\nI tried to read the code, but it will take very long time. \r\nAlso, Gateway/Microservices created, are those APIs &quot;Public worthy&quot;. What are the mechanisms included to make it Public(over the internet) APIs.\r\n\r\nThanks\r\n",
            "link": "https://stackoverflow.com/questions/49931438/jhipster-details-of-security-model-in-case-of-jwt-stateless-authentication",
            "title": "jHipster - Details of Security model in case of JWT stateless authentication",
            "body": "<p>jHipsters - Can anyone describe more details (more than website/mini-book) of JWT stateless authentication in case of microservices option? Here is the list of vulnerabilities I am looking into and how those are handled.</p>\n\n<ol>\n<li>CSRF (Is xsrf-token inserted in each jwt?) </li>\n<li>XSS (This is tougher. For this, JWT should be in http only cookie as okta suggests, but at the same time roles/privileges should be readable by angular js)</li>\n<li>Any CORS limitation ?</li>\n</ol>\n\n<p>I tried to read the code, but it will take very long time. \nAlso, Gateway/Microservices created, are those APIs \"Public worthy\". What are the mechanisms included to make it Public(over the internet) APIs.</p>\n\n<p>Thanks</p>\n"
        },
        {
            "tags": [
                "javascript",
                "java",
                "servlets"
            ],
            "owner": {
                "reputation": 22,
                "user_id": 6926159,
                "user_type": "registered",
                "profile_image": "https://www.gravatar.com/avatar/ee96d4d134bfcd55b0c512960bf4f959?s=128&d=identicon&r=PG&f=1",
                "display_name": "James Fernandez",
                "link": "https://stackoverflow.com/users/6926159/james-fernandez"
            },
            "is_answered": true,
            "view_count": 12,
            "answer_count": 1,
            "score": 0,
            "last_activity_date": 1524178583,
            "creation_date": 1524178054,
            "question_id": 49931333,
            "body_markdown": "I am looking for a way to send an array from my jsp file to java servlet.\r\n\r\nCurrently I have this\r\n\r\n                  var members = [];\r\n                  var table = document.getElementById(&quot;my_table&quot;);\r\n                        for(var i = 1; i &lt; table.rows.length; i++) {\r\n                                if(table.rows[i].getAttribute(&quot;checked&quot;)===&quot;true&quot;) {\r\n                                    members.push(table.rows[i].id.substring(2));\r\n                                }\r\n                        }\r\n                        console.log(members);\r\n              }\r\n\r\nI want to send my `members` array to my servlet. The problem is that I think servlet only lets me get strings `request.getParameter(&quot;my_value&quot;);` \r\n\r\nSo how can I do this?",
            "link": "https://stackoverflow.com/questions/49931333/receive-javascript-array-in-java-servlet",
            "title": "Receive javascript array in java servlet",
            "body": "<p>I am looking for a way to send an array from my jsp file to java servlet.</p>\n\n<p>Currently I have this</p>\n\n<pre><code>              var members = [];\n              var table = document.getElementById(\"my_table\");\n                    for(var i = 1; i &lt; table.rows.length; i++) {\n                            if(table.rows[i].getAttribute(\"checked\")===\"true\") {\n                                members.push(table.rows[i].id.substring(2));\n                            }\n                    }\n                    console.log(members);\n          }\n</code></pre>\n\n<p>I want to send my <code>members</code> array to my servlet. The problem is that I think servlet only lets me get strings <code>request.getParameter(\"my_value\");</code> </p>\n\n<p>So how can I do this?</p>\n"
        },
        {
            "tags": [
                "javascript",
                "reactjs",
                "warnings",
                "render"
            ],
            "owner": {
                "reputation": 29,
                "user_id": 8255865,
                "user_type": "registered",
                "profile_image": "https://www.gravatar.com/avatar/b9a85cb966bfff15d0efdc945340d328?s=128&d=identicon&r=PG&f=1",
                "display_name": "Marwa A.",
                "link": "https://stackoverflow.com/users/8255865/marwa-a"
            },
            "is_answered": true,
            "view_count": 29,
            "answer_count": 1,
            "score": 0,
            "last_activity_date": 1524178553,
            "creation_date": 1524174908,
            "question_id": 49930816,
            "body_markdown": "I am trying to create a list and make it clickable so that once i click on an item i get redirect to another page \r\n\r\nhere is the render method \r\n\r\n     render() {\r\n    const quesItems = this.state.questions.map((question, i) =&gt; {\r\n      return (\r\n        &lt;li key={this.props.account.id === question.expID}&gt;\r\n          &lt;a href={`/ans/${question.id}`}&gt; {question.description}&lt;/a&gt;\r\n        &lt;/li&gt;\r\n      );\r\n    });\r\n    return (\r\n      &lt;div&gt;\r\n        &lt;h1&gt; Answer the questions here!&lt;/h1&gt;\r\n        &lt;ul&gt;\r\n          {quesItems}\r\n        &lt;/ul&gt;\r\n      &lt;/div&gt;\r\n    );\r\n  }\r\n\r\nHowever i am getting the following warning when i click on any item on the list. How can i fix it?\r\n\r\n    index.js:2177 Warning: flattenChildren(...): Encountered two children with the same key, `false`. Child keys must be unique; when two children share a key, only the first child will be used.",
            "link": "https://stackoverflow.com/questions/49930816/warning-flattenchildren-encountered-two-children-with-the-same-key-fals",
            "title": "Warning: flattenChildren(...): Encountered two children with the same key, `false` in REACTJS",
            "body": "<p>I am trying to create a list and make it clickable so that once i click on an item i get redirect to another page </p>\n\n<p>here is the render method </p>\n\n<pre><code> render() {\nconst quesItems = this.state.questions.map((question, i) =&gt; {\n  return (\n    &lt;li key={this.props.account.id === question.expID}&gt;\n      &lt;a href={`/ans/${question.id}`}&gt; {question.description}&lt;/a&gt;\n    &lt;/li&gt;\n  );\n});\nreturn (\n  &lt;div&gt;\n    &lt;h1&gt; Answer the questions here!&lt;/h1&gt;\n    &lt;ul&gt;\n      {quesItems}\n    &lt;/ul&gt;\n  &lt;/div&gt;\n);\n</code></pre>\n\n<p>}</p>\n\n<p>However i am getting the following warning when i click on any item on the list. How can i fix it?</p>\n\n<pre><code>index.js:2177 Warning: flattenChildren(...): Encountered two children with the same key, `false`. Child keys must be unique; when two children share a key, only the first child will be used.\n</code></pre>\n"
        },
        {
            "tags": [
                "cryptography",
                "nonce"
            ],
            "owner": {
                "reputation": 1,
                "user_id": 9309960,
                "user_type": "registered",
                "profile_image": "https://www.gravatar.com/avatar/d2dc7ceae2b760774013ef7f87872db8?s=128&d=identicon&r=PG&f=1",
                "display_name": "Yun Brad",
                "link": "https://stackoverflow.com/users/9309960/yun-brad"
            },
            "is_answered": false,
            "view_count": 17,
            "answer_count": 0,
            "score": -1,
            "last_activity_date": 1524178541,
            "creation_date": 1524153617,
            "last_edit_date": 1524178541,
            "question_id": 49925452,
            "body_markdown": "Let (E,D) be a nonce-based symmetric encryption system (i.e. algorithm E takes as input a key, a message, and a nonce, and similarly the decryption algorithm takes a nonce as one of its inputs). The system provides chosen plaintext security (CPA-security) as long as the nonce never repeats. Suppose a single encryption key is used to encrypt 2&lt;sup&gt;32&lt;/sup&gt; messages and the nonces are generated independently at random for each encryption, how long should the nonce be to ensure that it never repeats with high probability?\r\n\r\n1. 16 bits\t\r\n2. 64 bits\t\r\n3. 48 bits\t\r\n4. 128 bits\r\n\r\nAnswer is 128 bits. I think it&#39;s because the longer nonce ensures the high probability of non-repeating nonce with random generating. Right?\r\n\r\nWhat I really want to know is this :(\r\n\r\nLet (E,D) be a nonce-based symmetric encryption system (i.e. algorithm E takes as input a key, a message, and a nonce, and similarly the decryption algorithm takes a nonce as one of its inputs). The system provides chosen plaintext security (CPA-security) as long as the nonce never repeats. Suppose a single encryption key is used to encrypt 2&lt;sup&gt;32&lt;/sup&gt; messages and the nonces are generated independently at random for each encryption, how long should the nonce be to ensure that it never repeats with high probability?\r\n\r\n1. the nonce must be chosen at random, otherwise the system cannot be CPA secure.\t\r\n2. 16 bits\r\n3. 32 bits\t\r\n4. 64 bits\r\n\r\nAnswer is 32 bits. Solution says &quot;with 32 bits there are 2&lt;sup&gt;32&lt;/sup&gt; nonces and each message will use a different nonce.&quot;\r\n\r\nI can&#39;t understand why with 32 bits, there are 2&lt;sup&gt;32&lt;/sup&gt; nonces... \r\nnonce is only used once I know. So what I think was\r\nwith 32 bit, it can generate 2&lt;sup&gt;32&lt;/sup&gt; number of nonces....\r\nPlease help me :( ",
            "link": "https://stackoverflow.com/questions/49925452/how-to-find-shortest-nonce-length",
            "title": "How to find shortest nonce length?",
            "body": "<p>Let (E,D) be a nonce-based symmetric encryption system (i.e. algorithm E takes as input a key, a message, and a nonce, and similarly the decryption algorithm takes a nonce as one of its inputs). The system provides chosen plaintext security (CPA-security) as long as the nonce never repeats. Suppose a single encryption key is used to encrypt 2<sup>32</sup> messages and the nonces are generated independently at random for each encryption, how long should the nonce be to ensure that it never repeats with high probability?</p>\n\n<ol>\n<li>16 bits  </li>\n<li>64 bits  </li>\n<li>48 bits  </li>\n<li>128 bits</li>\n</ol>\n\n<p>Answer is 128 bits. I think it's because the longer nonce ensures the high probability of non-repeating nonce with random generating. Right?</p>\n\n<p>What I really want to know is this :(</p>\n\n<p>Let (E,D) be a nonce-based symmetric encryption system (i.e. algorithm E takes as input a key, a message, and a nonce, and similarly the decryption algorithm takes a nonce as one of its inputs). The system provides chosen plaintext security (CPA-security) as long as the nonce never repeats. Suppose a single encryption key is used to encrypt 2<sup>32</sup> messages and the nonces are generated independently at random for each encryption, how long should the nonce be to ensure that it never repeats with high probability?</p>\n\n<ol>\n<li>the nonce must be chosen at random, otherwise the system cannot be CPA secure.   </li>\n<li>16 bits</li>\n<li>32 bits  </li>\n<li>64 bits</li>\n</ol>\n\n<p>Answer is 32 bits. Solution says \"with 32 bits there are 2<sup>32</sup> nonces and each message will use a different nonce.\"</p>\n\n<p>I can't understand why with 32 bits, there are 2<sup>32</sup> nonces... \nnonce is only used once I know. So what I think was\nwith 32 bit, it can generate 2<sup>32</sup> number of nonces....\nPlease help me :( </p>\n"
        },
        {
            "tags": [
                "exception",
                "interface",
                "nullpointerexception",
                "semaphore",
                "jtextarea"
            ],
            "owner": {
                "reputation": 1,
                "user_id": 9557028,
                "user_type": "registered",
                "profile_image": "https://lh3.googleusercontent.com/-X6jlxrEsaiQ/AAAAAAAAAAI/AAAAAAAAKBg/nlSeliaaq2A/photo.jpg?sz=128",
                "display_name": "Ajwad Majid",
                "link": "https://stackoverflow.com/users/9557028/ajwad-majid"
            },
            "is_answered": false,
            "view_count": 6,
            "answer_count": 0,
            "score": -1,
            "last_activity_date": 1524178533,
            "creation_date": 1524178533,
            "question_id": 49931427,
            "body_markdown": "this is my first time implementing an interface. And i have a java semaphore project for my os assignment and im trying to implement an interface for it.\r\n\r\n**so, what i&#39;ve been trying to do is to display the output in the mutual exclusion class in a JTextArea in my interface.\r\nbut all i get is a NullPointerException.\r\nanyone one know how to fix this problem to display the print statement in the JTextArea in the interface?**\r\n\r\n\r\n\r\nmutual exclusion class \r\n    \r\n    /**\r\n     * MutualExclusionUtilities.java\r\n     *\r\n     * Utilities for simulating critical and non-critical sections.\r\n     */\r\n    //import newpackage.newF;\r\n    import java.awt.Color;\r\n    import javax.swing.JTextArea;\r\n    public class MutualExclusionUtilities\r\n    {\r\n       /**\r\n        * critical and non-critical sections are simulated by sleeping\r\n        * for a random amount of time between 0 and 3 seconds.\r\n        */\r\n       public static void criticalSection(String name,JTextArea out,newff obj) {\r\n          out.append(name + &quot; in critical section&quot;);\r\n          SleepUtilities.nap(3);\r\n       }\r\n    \r\n       public static void nonCriticalSection(String name,JTextArea out,newff obj) {\r\n          out.append(name + &quot; out of critical section&quot;);\r\n          SleepUtilities.nap(3);\r\n       }\r\n    }\r\n    \r\n    /**\r\n     * utilities for causing a thread to sleep.\r\n     * Note, we should be handling interrupted exceptions\r\n     * but choose not to do so for code clarity.\r\n     */\r\n\r\nsemaphore class\r\n    \r\n    /**\r\n     * Semaphore.java\r\n     *\r\n     * A basic counting semaphore using Java synchronization.\r\n     */\r\n    \r\n    public class Semaphore\r\n    {\r\n       private int value;\r\n    \r\n       public Semaphore(int value) {\r\n          this.value = value;\r\n       }\r\n    \r\n       public synchronized void acquire() {\r\n          while (value &lt;= 0) {\r\n             try {\r\n                wait();\r\n             }\r\n             catch (InterruptedException e) { }\r\n          }\r\n    \r\n          value--;\r\n       }\r\n    \r\n       public synchronized void release() {\r\n          ++value;\r\n    \r\n          notify();\r\n       }\r\n    }\r\n\r\nthe main class\r\n\r\n    public class SemaphoreFactory {\r\n    \r\n    //     public static void main(String args[]) {\r\n    //      Semaphore sem = new Semaphore(1);\r\n    //\r\n    //      Thread[] bees = new Thread[5];\r\n    //\r\n    //      for (int i = 0; i &lt; 5; i++)\r\n    //         bees[i] = new Thread(new Worker(sem, &quot;Worker &quot; + (new Integer(i)).toString() ));\r\n    //\r\n    //      for (int i = 0; i &lt; 5; i++)\r\n    //         bees[i].start();\r\n    //   }\r\n    \r\n        \r\n    }\r\n\r\n\r\nsleep utilities class\r\n\r\n    public class SleepUtilities\r\n    {\r\n    \t/**\r\n    \t * Nap between zero and NAP_TIME seconds.\r\n    \t */\r\n    \tpublic static void nap() {\r\n    \t\tnap(NAP_TIME);\r\n    \t}\r\n    \r\n    \t/**\r\n    \t * Nap between zero and duration seconds.\r\n    \t */\r\n    \tpublic static void nap(int duration) {\r\n            \tint sleeptime = (int) (NAP_TIME * Math.random() );\r\n            \ttry { Thread.sleep(sleeptime*1000); }\r\n            \tcatch (InterruptedException e) {}\r\n    \t}\r\n    \r\n    \tprivate static final int NAP_TIME = 5;\r\n    }\r\n\r\n\r\n\r\nworker class\r\n    \r\n    \r\n    /**\r\n     * Worker.java\r\n     * \r\n     * This thread is used to demonstrate the operation of a semaphore.\r\n     * \r\n     */\r\n    //\r\n    \r\n    //import newpackage.newF;\r\n    import java.util.*;\r\n    import javax.swing.JTextArea;\r\n    public class Worker implements Runnable {\r\n    \r\n    \tprivate Semaphore sem;\r\n    \r\n    \tprivate String name;\r\n            newff obj;\r\n            JTextArea out;\r\n    \tpublic Worker(Semaphore sem, String name, JTextArea out,newff obj) {\r\n    \t\tthis.name = name;\r\n    \t\tthis.sem = sem;\r\n                    this.obj=obj;\r\n                    this.out=out;\r\n    \t}    \r\n    \r\n    \tpublic void run() {\r\n    \t\twhile (true) {\r\n    \t\t\tsem.acquire();\r\n    \t\t\tMutualExclusionUtilities.criticalSection(name,out ,obj);\r\n    \t\t\tsem.release();\r\n    \t\t\tMutualExclusionUtilities.nonCriticalSection(name,out ,obj);\r\n    \t\t}\r\n    \t}\r\n    \r\n    }\r\n\r\n\r\n    /*\r\n     * To change this license header, choose License Headers in Project Properties.\r\n     * To change this template file, choose Tools | Templates\r\n     * and open the template in the editor.\r\n     */\r\n  \r\nmy interface \r\n    \r\n    \r\n    import src.src.Semaphore;\r\n    import src.src.Semaphore;\r\n    import src.src.Worker;\r\n    import src.src.Worker;\r\n    /**\r\n     *\r\n   \r\n     */\r\n    public class newff extends javax.swing.JFrame {\r\n    \r\n        /**\r\n         * Creates new form newff\r\n         */\r\n        public newff() {\r\n            initComponents();\r\n        }\r\n    \r\n        /**\r\n         * This method is called from within the constructor to initialize the form.\r\n         * WARNING: Do NOT modify this code. The content of this method is always\r\n         * regenerated by the Form Editor.\r\n         */\r\n        @SuppressWarnings(&quot;unchecked&quot;)\r\n        // &lt;editor-fold defaultstate=&quot;collapsed&quot; desc=&quot;Generated Code&quot;&gt;                          \r\n        private void initComponents() {\r\n    \r\n            jScrollPane1 = new javax.swing.JScrollPane();\r\n            jTextArea1 = new javax.swing.JTextArea();\r\n            jButton1 = new javax.swing.JButton();\r\n    \r\n            setDefaultCloseOperation(javax.swing.WindowConstants.EXIT_ON_CLOSE);\r\n    \r\n            jTextArea1.setColumns(20);\r\n            jTextArea1.setRows(5);\r\n            jScrollPane1.setViewportView(jTextArea1);\r\n    \r\n            jButton1.setText(&quot;jButton1&quot;);\r\n            jButton1.addActionListener(new java.awt.event.ActionListener() {\r\n                public void actionPerformed(java.awt.event.ActionEvent evt) {\r\n                    jButton1ActionPerformed(evt);\r\n                }\r\n            });\r\n    \r\n            javax.swing.GroupLayout layout = new javax.swing.GroupLayout(getContentPane());\r\n            getContentPane().setLayout(layout);\r\n            layout.setHorizontalGroup(\r\n                layout.createParallelGroup(javax.swing.GroupLayout.Alignment.LEADING)\r\n                .addGroup(javax.swing.GroupLayout.Alignment.TRAILING, layout.createSequentialGroup()\r\n                    .addContainerGap(111, Short.MAX_VALUE)\r\n                    .addComponent(jScrollPane1, javax.swing.GroupLayout.PREFERRED_SIZE, javax.swing.GroupLayout.DEFAULT_SIZE, javax.swing.GroupLayout.PREFERRED_SIZE)\r\n                    .addGap(45, 45, 45))\r\n                .addGroup(layout.createSequentialGroup()\r\n                    .addContainerGap()\r\n                    .addComponent(jButton1)\r\n                    .addContainerGap(javax.swing.GroupLayout.DEFAULT_SIZE, Short.MAX_VALUE))\r\n            );\r\n            layout.setVerticalGroup(\r\n                layout.createParallelGroup(javax.swing.GroupLayout.Alignment.LEADING)\r\n                .addGroup(layout.createSequentialGroup()\r\n                    .addGap(102, 102, 102)\r\n                    .addComponent(jScrollPane1, javax.swing.GroupLayout.PREFERRED_SIZE, javax.swing.GroupLayout.DEFAULT_SIZE, javax.swing.GroupLayout.PREFERRED_SIZE)\r\n                    .addGap(18, 18, 18)\r\n                    .addComponent(jButton1)\r\n                    .addContainerGap(67, Short.MAX_VALUE))\r\n            );\r\n    \r\n            pack();\r\n        }// &lt;/editor-fold&gt;                        \r\n    \r\n        private void jButton1ActionPerformed(java.awt.event.ActionEvent evt) {                                         \r\n            // TODO add your handling code here:\r\n             Semaphore sem = new Semaphore(1);\r\n    \r\n          Thread[] bees = new Thread[5];\r\n    \r\n          for (int i = 0; i &lt; 5; i++)\r\n             bees[i] = new Thread(new Worker(sem, &quot;Worker &quot; + (new Integer(i)).toString() ,jTextArea1,this));\r\n    \r\n          for (int i = 0; i &lt; 5; i++)\r\n             bees[i].start();\r\n        }                                        \r\n    \r\n        /**\r\n         * @param args the command line arguments\r\n         */\r\n        public static void main(String args[]) {\r\n            /* Set the Nimbus look and feel */\r\n            //&lt;editor-fold defaultstate=&quot;collapsed&quot; desc=&quot; Look and feel setting code (optional) &quot;&gt;\r\n            /* If Nimbus (introduced in Java SE 6) is not available, stay with the default look and feel.\r\n             * For details see http://download.oracle.com/javase/tutorial/uiswing/lookandfeel/plaf.html \r\n             */\r\n            try {\r\n                for (javax.swing.UIManager.LookAndFeelInfo info : javax.swing.UIManager.getInstalledLookAndFeels()) {\r\n                    if (&quot;Nimbus&quot;.equals(info.getName())) {\r\n                        javax.swing.UIManager.setLookAndFeel(info.getClassName());\r\n                        break;\r\n                    }\r\n                }\r\n            } catch (ClassNotFoundException ex) {\r\n                java.util.logging.Logger.getLogger(newff.class.getName()).log(java.util.logging.Level.SEVERE, null, ex);\r\n            } catch (InstantiationException ex) {\r\n                java.util.logging.Logger.getLogger(newff.class.getName()).log(java.util.logging.Level.SEVERE, null, ex);\r\n            } catch (IllegalAccessException ex) {\r\n                java.util.logging.Logger.getLogger(newff.class.getName()).log(java.util.logging.Level.SEVERE, null, ex);\r\n            } catch (javax.swing.UnsupportedLookAndFeelException ex) {\r\n                java.util.logging.Logger.getLogger(newff.class.getName()).log(java.util.logging.Level.SEVERE, null, ex);\r\n            }\r\n            //&lt;/editor-fold&gt;\r\n    \r\n            /* Create and display the form */\r\n            java.awt.EventQueue.invokeLater(new Runnable() {\r\n                public void run() {\r\n                    new newff().setVisible(true);\r\n                }\r\n            });\r\n        }\r\n    \r\n        // Variables declaration - do not modify                     \r\n        private javax.swing.JButton jButton1;\r\n        private javax.swing.JScrollPane jScrollPane1;\r\n        private javax.swing.JTextArea jTextArea1;\r\n        // End of variables declaration                   \r\n    }\r\n\r\n\r\n",
            "link": "https://stackoverflow.com/questions/49931427/java-semaphore-interface-exception-in-thread-thread-0-java-lang-nullpointerexc",
            "title": "java semaphore interface Exception in thread &quot;Thread-0&quot; java.lang.NullPointerException",
            "body": "<p>this is my first time implementing an interface. And i have a java semaphore project for my os assignment and im trying to implement an interface for it.</p>\n\n<p><strong>so, what i've been trying to do is to display the output in the mutual exclusion class in a JTextArea in my interface.\nbut all i get is a NullPointerException.\nanyone one know how to fix this problem to display the print statement in the JTextArea in the interface?</strong></p>\n\n<p>mutual exclusion class </p>\n\n<pre><code>/**\n * MutualExclusionUtilities.java\n *\n * Utilities for simulating critical and non-critical sections.\n */\n//import newpackage.newF;\nimport java.awt.Color;\nimport javax.swing.JTextArea;\npublic class MutualExclusionUtilities\n{\n   /**\n    * critical and non-critical sections are simulated by sleeping\n    * for a random amount of time between 0 and 3 seconds.\n    */\n   public static void criticalSection(String name,JTextArea out,newff obj) {\n      out.append(name + \" in critical section\");\n      SleepUtilities.nap(3);\n   }\n\n   public static void nonCriticalSection(String name,JTextArea out,newff obj) {\n      out.append(name + \" out of critical section\");\n      SleepUtilities.nap(3);\n   }\n}\n\n/**\n * utilities for causing a thread to sleep.\n * Note, we should be handling interrupted exceptions\n * but choose not to do so for code clarity.\n */\n</code></pre>\n\n<p>semaphore class</p>\n\n<pre><code>/**\n * Semaphore.java\n *\n * A basic counting semaphore using Java synchronization.\n */\n\npublic class Semaphore\n{\n   private int value;\n\n   public Semaphore(int value) {\n      this.value = value;\n   }\n\n   public synchronized void acquire() {\n      while (value &lt;= 0) {\n         try {\n            wait();\n         }\n         catch (InterruptedException e) { }\n      }\n\n      value--;\n   }\n\n   public synchronized void release() {\n      ++value;\n\n      notify();\n   }\n}\n</code></pre>\n\n<p>the main class</p>\n\n<pre><code>public class SemaphoreFactory {\n\n//     public static void main(String args[]) {\n//      Semaphore sem = new Semaphore(1);\n//\n//      Thread[] bees = new Thread[5];\n//\n//      for (int i = 0; i &lt; 5; i++)\n//         bees[i] = new Thread(new Worker(sem, \"Worker \" + (new Integer(i)).toString() ));\n//\n//      for (int i = 0; i &lt; 5; i++)\n//         bees[i].start();\n//   }\n\n\n}\n</code></pre>\n\n<p>sleep utilities class</p>\n\n<pre><code>public class SleepUtilities\n{\n    /**\n     * Nap between zero and NAP_TIME seconds.\n     */\n    public static void nap() {\n        nap(NAP_TIME);\n    }\n\n    /**\n     * Nap between zero and duration seconds.\n     */\n    public static void nap(int duration) {\n            int sleeptime = (int) (NAP_TIME * Math.random() );\n            try { Thread.sleep(sleeptime*1000); }\n            catch (InterruptedException e) {}\n    }\n\n    private static final int NAP_TIME = 5;\n}\n</code></pre>\n\n<p>worker class</p>\n\n<pre><code>/**\n * Worker.java\n * \n * This thread is used to demonstrate the operation of a semaphore.\n * \n */\n//\n\n//import newpackage.newF;\nimport java.util.*;\nimport javax.swing.JTextArea;\npublic class Worker implements Runnable {\n\n    private Semaphore sem;\n\n    private String name;\n        newff obj;\n        JTextArea out;\n    public Worker(Semaphore sem, String name, JTextArea out,newff obj) {\n        this.name = name;\n        this.sem = sem;\n                this.obj=obj;\n                this.out=out;\n    }    \n\n    public void run() {\n        while (true) {\n            sem.acquire();\n            MutualExclusionUtilities.criticalSection(name,out ,obj);\n            sem.release();\n            MutualExclusionUtilities.nonCriticalSection(name,out ,obj);\n        }\n    }\n\n}\n\n\n/*\n * To change this license header, choose License Headers in Project Properties.\n * To change this template file, choose Tools | Templates\n * and open the template in the editor.\n */\n</code></pre>\n\n<p>my interface </p>\n\n<pre><code>import src.src.Semaphore;\nimport src.src.Semaphore;\nimport src.src.Worker;\nimport src.src.Worker;\n/**\n *\n\n */\npublic class newff extends javax.swing.JFrame {\n\n    /**\n     * Creates new form newff\n     */\n    public newff() {\n        initComponents();\n    }\n\n    /**\n     * This method is called from within the constructor to initialize the form.\n     * WARNING: Do NOT modify this code. The content of this method is always\n     * regenerated by the Form Editor.\n     */\n    @SuppressWarnings(\"unchecked\")\n    // &lt;editor-fold defaultstate=\"collapsed\" desc=\"Generated Code\"&gt;                          \n    private void initComponents() {\n\n        jScrollPane1 = new javax.swing.JScrollPane();\n        jTextArea1 = new javax.swing.JTextArea();\n        jButton1 = new javax.swing.JButton();\n\n        setDefaultCloseOperation(javax.swing.WindowConstants.EXIT_ON_CLOSE);\n\n        jTextArea1.setColumns(20);\n        jTextArea1.setRows(5);\n        jScrollPane1.setViewportView(jTextArea1);\n\n        jButton1.setText(\"jButton1\");\n        jButton1.addActionListener(new java.awt.event.ActionListener() {\n            public void actionPerformed(java.awt.event.ActionEvent evt) {\n                jButton1ActionPerformed(evt);\n            }\n        });\n\n        javax.swing.GroupLayout layout = new javax.swing.GroupLayout(getContentPane());\n        getContentPane().setLayout(layout);\n        layout.setHorizontalGroup(\n            layout.createParallelGroup(javax.swing.GroupLayout.Alignment.LEADING)\n            .addGroup(javax.swing.GroupLayout.Alignment.TRAILING, layout.createSequentialGroup()\n                .addContainerGap(111, Short.MAX_VALUE)\n                .addComponent(jScrollPane1, javax.swing.GroupLayout.PREFERRED_SIZE, javax.swing.GroupLayout.DEFAULT_SIZE, javax.swing.GroupLayout.PREFERRED_SIZE)\n                .addGap(45, 45, 45))\n            .addGroup(layout.createSequentialGroup()\n                .addContainerGap()\n                .addComponent(jButton1)\n                .addContainerGap(javax.swing.GroupLayout.DEFAULT_SIZE, Short.MAX_VALUE))\n        );\n        layout.setVerticalGroup(\n            layout.createParallelGroup(javax.swing.GroupLayout.Alignment.LEADING)\n            .addGroup(layout.createSequentialGroup()\n                .addGap(102, 102, 102)\n                .addComponent(jScrollPane1, javax.swing.GroupLayout.PREFERRED_SIZE, javax.swing.GroupLayout.DEFAULT_SIZE, javax.swing.GroupLayout.PREFERRED_SIZE)\n                .addGap(18, 18, 18)\n                .addComponent(jButton1)\n                .addContainerGap(67, Short.MAX_VALUE))\n        );\n\n        pack();\n    }// &lt;/editor-fold&gt;                        \n\n    private void jButton1ActionPerformed(java.awt.event.ActionEvent evt) {                                         \n        // TODO add your handling code here:\n         Semaphore sem = new Semaphore(1);\n\n      Thread[] bees = new Thread[5];\n\n      for (int i = 0; i &lt; 5; i++)\n         bees[i] = new Thread(new Worker(sem, \"Worker \" + (new Integer(i)).toString() ,jTextArea1,this));\n\n      for (int i = 0; i &lt; 5; i++)\n         bees[i].start();\n    }                                        \n\n    /**\n     * @param args the command line arguments\n     */\n    public static void main(String args[]) {\n        /* Set the Nimbus look and feel */\n        //&lt;editor-fold defaultstate=\"collapsed\" desc=\" Look and feel setting code (optional) \"&gt;\n        /* If Nimbus (introduced in Java SE 6) is not available, stay with the default look and feel.\n         * For details see http://download.oracle.com/javase/tutorial/uiswing/lookandfeel/plaf.html \n         */\n        try {\n            for (javax.swing.UIManager.LookAndFeelInfo info : javax.swing.UIManager.getInstalledLookAndFeels()) {\n                if (\"Nimbus\".equals(info.getName())) {\n                    javax.swing.UIManager.setLookAndFeel(info.getClassName());\n                    break;\n                }\n            }\n        } catch (ClassNotFoundException ex) {\n            java.util.logging.Logger.getLogger(newff.class.getName()).log(java.util.logging.Level.SEVERE, null, ex);\n        } catch (InstantiationException ex) {\n            java.util.logging.Logger.getLogger(newff.class.getName()).log(java.util.logging.Level.SEVERE, null, ex);\n        } catch (IllegalAccessException ex) {\n            java.util.logging.Logger.getLogger(newff.class.getName()).log(java.util.logging.Level.SEVERE, null, ex);\n        } catch (javax.swing.UnsupportedLookAndFeelException ex) {\n            java.util.logging.Logger.getLogger(newff.class.getName()).log(java.util.logging.Level.SEVERE, null, ex);\n        }\n        //&lt;/editor-fold&gt;\n\n        /* Create and display the form */\n        java.awt.EventQueue.invokeLater(new Runnable() {\n            public void run() {\n                new newff().setVisible(true);\n            }\n        });\n    }\n\n    // Variables declaration - do not modify                     \n    private javax.swing.JButton jButton1;\n    private javax.swing.JScrollPane jScrollPane1;\n    private javax.swing.JTextArea jTextArea1;\n    // End of variables declaration                   \n}\n</code></pre>\n"
        }
    ],
    "has_more": true,
    "quota_max": 300,
    "quota_remaining": 189
}